[2021-09-29 14:20:01,840] {taskinstance.py:903} INFO - Dependencies all met for <TaskInstance: my_dag.echo_hello 2021-09-29T14:10:00+00:00 [queued]>
[2021-09-29 14:20:01,859] {taskinstance.py:903} INFO - Dependencies all met for <TaskInstance: my_dag.echo_hello 2021-09-29T14:10:00+00:00 [queued]>
[2021-09-29 14:20:01,860] {taskinstance.py:1095} INFO - 
--------------------------------------------------------------------------------
[2021-09-29 14:20:01,860] {taskinstance.py:1096} INFO - Starting attempt 1 of 1
[2021-09-29 14:20:01,861] {taskinstance.py:1097} INFO - 
--------------------------------------------------------------------------------
[2021-09-29 14:20:01,868] {taskinstance.py:1115} INFO - Executing <Task(BashOperator): echo_hello> on 2021-09-29T14:10:00+00:00
[2021-09-29 14:20:01,871] {standard_task_runner.py:52} INFO - Started process 7530 to run task
[2021-09-29 14:20:01,875] {standard_task_runner.py:76} INFO - Running: ['***', 'tasks', 'run', 'my_dag', 'echo_hello', '2021-09-29T14:10:00+00:00', '--job-id', '75', '--pool', 'default_pool', '--raw', '--subdir', 'DAGS_FOLDER/my_dag.py', '--cfg-path', '/tmp/tmpzztazme8', '--error-file', '/tmp/tmp2ywdt6jz']
[2021-09-29 14:20:01,879] {standard_task_runner.py:77} INFO - Job 75: Subtask echo_hello
[2021-09-29 14:20:01,934] {logging_mixin.py:109} INFO - Running <TaskInstance: my_dag.echo_hello 2021-09-29T14:10:00+00:00 [running]> on host 44a42753a06b
[2021-09-29 14:20:01,992] {taskinstance.py:1254} INFO - Exporting the following env vars:
AIRFLOW_CTX_DAG_OWNER=Napak Paweechainapa
AIRFLOW_CTX_DAG_ID=my_dag
AIRFLOW_CTX_TASK_ID=echo_hello
AIRFLOW_CTX_EXECUTION_DATE=2021-09-29T14:10:00+00:00
AIRFLOW_CTX_DAG_RUN_ID=scheduled__2021-09-29T14:10:00+00:00
[2021-09-29 14:20:01,995] {subprocess.py:52} INFO - Tmp dir root location: 
 /tmp
[2021-09-29 14:20:01,997] {subprocess.py:63} INFO - Running command: ['bash', '-c', "echo 'hello'"]
[2021-09-29 14:20:02,008] {subprocess.py:74} INFO - Output:
[2021-09-29 14:20:02,009] {subprocess.py:78} INFO - hello
[2021-09-29 14:20:02,010] {subprocess.py:82} INFO - Command exited with return code 0
[2021-09-29 14:20:02,041] {taskinstance.py:1219} INFO - Marking task as SUCCESS. dag_id=my_dag, task_id=echo_hello, execution_date=20210929T141000, start_date=20210929T142001, end_date=20210929T142002
[2021-09-29 14:20:02,089] {local_task_job.py:151} INFO - Task exited with return code 0
[2021-09-29 14:20:02,117] {local_task_job.py:261} INFO - 0 downstream tasks scheduled from follow-on schedule check
