[2021-09-27 14:10:27,460] {taskinstance.py:903} INFO - Dependencies all met for <TaskInstance: example_bash_operator.runme_0 2021-09-25T00:00:00+00:00 [queued]>
[2021-09-27 14:10:27,471] {taskinstance.py:903} INFO - Dependencies all met for <TaskInstance: example_bash_operator.runme_0 2021-09-25T00:00:00+00:00 [queued]>
[2021-09-27 14:10:27,472] {taskinstance.py:1095} INFO - 
--------------------------------------------------------------------------------
[2021-09-27 14:10:27,473] {taskinstance.py:1096} INFO - Starting attempt 1 of 1
[2021-09-27 14:10:27,474] {taskinstance.py:1097} INFO - 
--------------------------------------------------------------------------------
[2021-09-27 14:10:27,488] {taskinstance.py:1115} INFO - Executing <Task(BashOperator): runme_0> on 2021-09-25T00:00:00+00:00
[2021-09-27 14:10:27,492] {standard_task_runner.py:52} INFO - Started process 2713 to run task
[2021-09-27 14:10:27,497] {standard_task_runner.py:76} INFO - Running: ['***', 'tasks', 'run', 'example_bash_operator', 'runme_0', '2021-09-25T00:00:00+00:00', '--job-id', '39', '--pool', 'default_pool', '--raw', '--subdir', '/home/***/.local/lib/python3.6/site-packages/***/example_dags/example_bash_operator.py', '--cfg-path', '/tmp/tmp3vf_qg1q', '--error-file', '/tmp/tmpzjhi5qgz']
[2021-09-27 14:10:27,499] {standard_task_runner.py:77} INFO - Job 39: Subtask runme_0
[2021-09-27 14:10:27,556] {logging_mixin.py:109} INFO - Running <TaskInstance: example_bash_operator.runme_0 2021-09-25T00:00:00+00:00 [running]> on host 6c9f6f41e1ed
[2021-09-27 14:10:27,617] {taskinstance.py:1254} INFO - Exporting the following env vars:
AIRFLOW_CTX_DAG_OWNER=***
AIRFLOW_CTX_DAG_ID=example_bash_operator
AIRFLOW_CTX_TASK_ID=runme_0
AIRFLOW_CTX_EXECUTION_DATE=2021-09-25T00:00:00+00:00
AIRFLOW_CTX_DAG_RUN_ID=scheduled__2021-09-25T00:00:00+00:00
[2021-09-27 14:10:27,620] {subprocess.py:52} INFO - Tmp dir root location: 
 /tmp
[2021-09-27 14:10:27,622] {subprocess.py:63} INFO - Running command: ['bash', '-c', 'echo "example_bash_operator__runme_0__20210925" && sleep 1']
[2021-09-27 14:10:27,630] {subprocess.py:74} INFO - Output:
[2021-09-27 14:10:27,631] {subprocess.py:78} INFO - example_bash_operator__runme_0__20210925
[2021-09-27 14:10:28,601] {subprocess.py:82} INFO - Command exited with return code 0
[2021-09-27 14:10:28,644] {taskinstance.py:1219} INFO - Marking task as SUCCESS. dag_id=example_bash_operator, task_id=runme_0, execution_date=20210925T000000, start_date=20210927T141027, end_date=20210927T141028
[2021-09-27 14:10:28,712] {local_task_job.py:151} INFO - Task exited with return code 0
[2021-09-27 14:10:28,754] {local_task_job.py:261} INFO - 0 downstream tasks scheduled from follow-on schedule check
