[2021-09-29 14:01:57,119] {processor.py:162} INFO - Started process (PID=365) to work on /home/airflow/.local/lib/python3.6/site-packages/airflow/example_dags/example_trigger_target_dag.py
[2021-09-29 14:01:57,121] {processor.py:613} INFO - Processing file /home/airflow/.local/lib/python3.6/site-packages/airflow/example_dags/example_trigger_target_dag.py for tasks to queue
[2021-09-29 14:01:57,123] {logging_mixin.py:109} INFO - [2021-09-29 14:01:57,123] {dagbag.py:496} INFO - Filling up the DagBag from /home/airflow/.local/lib/python3.6/site-packages/airflow/example_dags/example_trigger_target_dag.py
[2021-09-29 14:01:57,143] {processor.py:623} INFO - DAG(s) dict_keys(['example_trigger_target_dag']) retrieved from /home/airflow/.local/lib/python3.6/site-packages/airflow/example_dags/example_trigger_target_dag.py
[2021-09-29 14:01:57,415] {logging_mixin.py:109} INFO - [2021-09-29 14:01:57,415] {dag.py:1834} INFO - Sync 1 DAGs
[2021-09-29 14:01:57,444] {logging_mixin.py:109} INFO - [2021-09-29 14:01:57,444] {dag.py:2287} INFO - Setting next_dagrun for example_trigger_target_dag to None
[2021-09-29 14:01:57,465] {processor.py:170} INFO - Processing /home/airflow/.local/lib/python3.6/site-packages/airflow/example_dags/example_trigger_target_dag.py took 0.350 seconds
[2021-09-29 14:02:28,366] {processor.py:162} INFO - Started process (PID=550) to work on /home/airflow/.local/lib/python3.6/site-packages/airflow/example_dags/example_trigger_target_dag.py
[2021-09-29 14:02:28,368] {processor.py:613} INFO - Processing file /home/airflow/.local/lib/python3.6/site-packages/airflow/example_dags/example_trigger_target_dag.py for tasks to queue
[2021-09-29 14:02:28,369] {logging_mixin.py:109} INFO - [2021-09-29 14:02:28,369] {dagbag.py:496} INFO - Filling up the DagBag from /home/airflow/.local/lib/python3.6/site-packages/airflow/example_dags/example_trigger_target_dag.py
[2021-09-29 14:02:28,388] {processor.py:623} INFO - DAG(s) dict_keys(['example_trigger_target_dag']) retrieved from /home/airflow/.local/lib/python3.6/site-packages/airflow/example_dags/example_trigger_target_dag.py
[2021-09-29 14:02:28,416] {logging_mixin.py:109} INFO - [2021-09-29 14:02:28,416] {dag.py:1834} INFO - Sync 1 DAGs
[2021-09-29 14:02:28,432] {logging_mixin.py:109} INFO - [2021-09-29 14:02:28,432] {dag.py:2287} INFO - Setting next_dagrun for example_trigger_target_dag to None
[2021-09-29 14:02:28,443] {processor.py:170} INFO - Processing /home/airflow/.local/lib/python3.6/site-packages/airflow/example_dags/example_trigger_target_dag.py took 0.081 seconds
[2021-09-29 14:02:58,587] {processor.py:162} INFO - Started process (PID=755) to work on /home/airflow/.local/lib/python3.6/site-packages/airflow/example_dags/example_trigger_target_dag.py
[2021-09-29 14:02:58,589] {processor.py:613} INFO - Processing file /home/airflow/.local/lib/python3.6/site-packages/airflow/example_dags/example_trigger_target_dag.py for tasks to queue
[2021-09-29 14:02:58,591] {logging_mixin.py:109} INFO - [2021-09-29 14:02:58,591] {dagbag.py:496} INFO - Filling up the DagBag from /home/airflow/.local/lib/python3.6/site-packages/airflow/example_dags/example_trigger_target_dag.py
[2021-09-29 14:02:58,607] {processor.py:623} INFO - DAG(s) dict_keys(['example_trigger_target_dag']) retrieved from /home/airflow/.local/lib/python3.6/site-packages/airflow/example_dags/example_trigger_target_dag.py
[2021-09-29 14:02:58,631] {logging_mixin.py:109} INFO - [2021-09-29 14:02:58,631] {dag.py:1834} INFO - Sync 1 DAGs
[2021-09-29 14:02:58,645] {logging_mixin.py:109} INFO - [2021-09-29 14:02:58,644] {dag.py:2287} INFO - Setting next_dagrun for example_trigger_target_dag to None
[2021-09-29 14:02:58,654] {processor.py:170} INFO - Processing /home/airflow/.local/lib/python3.6/site-packages/airflow/example_dags/example_trigger_target_dag.py took 0.071 seconds
[2021-09-29 14:03:29,254] {processor.py:162} INFO - Started process (PID=977) to work on /home/airflow/.local/lib/python3.6/site-packages/airflow/example_dags/example_trigger_target_dag.py
[2021-09-29 14:03:29,257] {processor.py:613} INFO - Processing file /home/airflow/.local/lib/python3.6/site-packages/airflow/example_dags/example_trigger_target_dag.py for tasks to queue
[2021-09-29 14:03:29,258] {logging_mixin.py:109} INFO - [2021-09-29 14:03:29,258] {dagbag.py:496} INFO - Filling up the DagBag from /home/airflow/.local/lib/python3.6/site-packages/airflow/example_dags/example_trigger_target_dag.py
[2021-09-29 14:03:29,275] {processor.py:623} INFO - DAG(s) dict_keys(['example_trigger_target_dag']) retrieved from /home/airflow/.local/lib/python3.6/site-packages/airflow/example_dags/example_trigger_target_dag.py
[2021-09-29 14:03:29,300] {logging_mixin.py:109} INFO - [2021-09-29 14:03:29,300] {dag.py:1834} INFO - Sync 1 DAGs
[2021-09-29 14:03:29,317] {logging_mixin.py:109} INFO - [2021-09-29 14:03:29,317] {dag.py:2287} INFO - Setting next_dagrun for example_trigger_target_dag to None
[2021-09-29 14:03:29,342] {processor.py:170} INFO - Processing /home/airflow/.local/lib/python3.6/site-packages/airflow/example_dags/example_trigger_target_dag.py took 0.092 seconds
[2021-09-29 14:03:59,579] {processor.py:162} INFO - Started process (PID=1203) to work on /home/airflow/.local/lib/python3.6/site-packages/airflow/example_dags/example_trigger_target_dag.py
[2021-09-29 14:03:59,588] {processor.py:613} INFO - Processing file /home/airflow/.local/lib/python3.6/site-packages/airflow/example_dags/example_trigger_target_dag.py for tasks to queue
[2021-09-29 14:03:59,591] {logging_mixin.py:109} INFO - [2021-09-29 14:03:59,591] {dagbag.py:496} INFO - Filling up the DagBag from /home/airflow/.local/lib/python3.6/site-packages/airflow/example_dags/example_trigger_target_dag.py
[2021-09-29 14:03:59,619] {processor.py:623} INFO - DAG(s) dict_keys(['example_trigger_target_dag']) retrieved from /home/airflow/.local/lib/python3.6/site-packages/airflow/example_dags/example_trigger_target_dag.py
[2021-09-29 14:03:59,645] {logging_mixin.py:109} INFO - [2021-09-29 14:03:59,645] {dag.py:1834} INFO - Sync 1 DAGs
[2021-09-29 14:03:59,663] {logging_mixin.py:109} INFO - [2021-09-29 14:03:59,663] {dag.py:2287} INFO - Setting next_dagrun for example_trigger_target_dag to None
[2021-09-29 14:03:59,683] {processor.py:170} INFO - Processing /home/airflow/.local/lib/python3.6/site-packages/airflow/example_dags/example_trigger_target_dag.py took 0.109 seconds
[2021-09-29 14:04:30,569] {processor.py:162} INFO - Started process (PID=1426) to work on /home/airflow/.local/lib/python3.6/site-packages/airflow/example_dags/example_trigger_target_dag.py
[2021-09-29 14:04:30,574] {processor.py:613} INFO - Processing file /home/airflow/.local/lib/python3.6/site-packages/airflow/example_dags/example_trigger_target_dag.py for tasks to queue
[2021-09-29 14:04:30,577] {logging_mixin.py:109} INFO - [2021-09-29 14:04:30,577] {dagbag.py:496} INFO - Filling up the DagBag from /home/airflow/.local/lib/python3.6/site-packages/airflow/example_dags/example_trigger_target_dag.py
[2021-09-29 14:04:30,604] {processor.py:623} INFO - DAG(s) dict_keys(['example_trigger_target_dag']) retrieved from /home/airflow/.local/lib/python3.6/site-packages/airflow/example_dags/example_trigger_target_dag.py
[2021-09-29 14:04:30,639] {logging_mixin.py:109} INFO - [2021-09-29 14:04:30,639] {dag.py:1834} INFO - Sync 1 DAGs
[2021-09-29 14:04:30,657] {logging_mixin.py:109} INFO - [2021-09-29 14:04:30,656] {dag.py:2287} INFO - Setting next_dagrun for example_trigger_target_dag to None
[2021-09-29 14:04:30,669] {processor.py:170} INFO - Processing /home/airflow/.local/lib/python3.6/site-packages/airflow/example_dags/example_trigger_target_dag.py took 0.110 seconds
[2021-09-29 14:05:01,133] {processor.py:162} INFO - Started process (PID=1635) to work on /home/airflow/.local/lib/python3.6/site-packages/airflow/example_dags/example_trigger_target_dag.py
[2021-09-29 14:05:01,135] {processor.py:613} INFO - Processing file /home/airflow/.local/lib/python3.6/site-packages/airflow/example_dags/example_trigger_target_dag.py for tasks to queue
[2021-09-29 14:05:01,137] {logging_mixin.py:109} INFO - [2021-09-29 14:05:01,137] {dagbag.py:496} INFO - Filling up the DagBag from /home/airflow/.local/lib/python3.6/site-packages/airflow/example_dags/example_trigger_target_dag.py
[2021-09-29 14:05:01,156] {processor.py:623} INFO - DAG(s) dict_keys(['example_trigger_target_dag']) retrieved from /home/airflow/.local/lib/python3.6/site-packages/airflow/example_dags/example_trigger_target_dag.py
[2021-09-29 14:05:01,185] {logging_mixin.py:109} INFO - [2021-09-29 14:05:01,185] {dag.py:1834} INFO - Sync 1 DAGs
[2021-09-29 14:05:01,204] {logging_mixin.py:109} INFO - [2021-09-29 14:05:01,204] {dag.py:2287} INFO - Setting next_dagrun for example_trigger_target_dag to None
[2021-09-29 14:05:01,220] {processor.py:170} INFO - Processing /home/airflow/.local/lib/python3.6/site-packages/airflow/example_dags/example_trigger_target_dag.py took 0.092 seconds
[2021-09-29 14:05:31,440] {processor.py:162} INFO - Started process (PID=1836) to work on /home/airflow/.local/lib/python3.6/site-packages/airflow/example_dags/example_trigger_target_dag.py
[2021-09-29 14:05:31,442] {processor.py:613} INFO - Processing file /home/airflow/.local/lib/python3.6/site-packages/airflow/example_dags/example_trigger_target_dag.py for tasks to queue
[2021-09-29 14:05:31,444] {logging_mixin.py:109} INFO - [2021-09-29 14:05:31,443] {dagbag.py:496} INFO - Filling up the DagBag from /home/airflow/.local/lib/python3.6/site-packages/airflow/example_dags/example_trigger_target_dag.py
[2021-09-29 14:05:31,465] {processor.py:623} INFO - DAG(s) dict_keys(['example_trigger_target_dag']) retrieved from /home/airflow/.local/lib/python3.6/site-packages/airflow/example_dags/example_trigger_target_dag.py
[2021-09-29 14:05:31,495] {logging_mixin.py:109} INFO - [2021-09-29 14:05:31,495] {dag.py:1834} INFO - Sync 1 DAGs
[2021-09-29 14:05:31,510] {logging_mixin.py:109} INFO - [2021-09-29 14:05:31,510] {dag.py:2287} INFO - Setting next_dagrun for example_trigger_target_dag to None
[2021-09-29 14:05:31,522] {processor.py:170} INFO - Processing /home/airflow/.local/lib/python3.6/site-packages/airflow/example_dags/example_trigger_target_dag.py took 0.086 seconds
[2021-09-29 14:06:02,248] {processor.py:162} INFO - Started process (PID=2070) to work on /home/airflow/.local/lib/python3.6/site-packages/airflow/example_dags/example_trigger_target_dag.py
[2021-09-29 14:06:02,250] {processor.py:613} INFO - Processing file /home/airflow/.local/lib/python3.6/site-packages/airflow/example_dags/example_trigger_target_dag.py for tasks to queue
[2021-09-29 14:06:02,252] {logging_mixin.py:109} INFO - [2021-09-29 14:06:02,252] {dagbag.py:496} INFO - Filling up the DagBag from /home/airflow/.local/lib/python3.6/site-packages/airflow/example_dags/example_trigger_target_dag.py
[2021-09-29 14:06:02,270] {processor.py:623} INFO - DAG(s) dict_keys(['example_trigger_target_dag']) retrieved from /home/airflow/.local/lib/python3.6/site-packages/airflow/example_dags/example_trigger_target_dag.py
[2021-09-29 14:06:02,298] {logging_mixin.py:109} INFO - [2021-09-29 14:06:02,297] {dag.py:1834} INFO - Sync 1 DAGs
[2021-09-29 14:06:02,313] {logging_mixin.py:109} INFO - [2021-09-29 14:06:02,313] {dag.py:2287} INFO - Setting next_dagrun for example_trigger_target_dag to None
[2021-09-29 14:06:02,325] {processor.py:170} INFO - Processing /home/airflow/.local/lib/python3.6/site-packages/airflow/example_dags/example_trigger_target_dag.py took 0.080 seconds
[2021-09-29 14:06:32,671] {processor.py:162} INFO - Started process (PID=2264) to work on /home/airflow/.local/lib/python3.6/site-packages/airflow/example_dags/example_trigger_target_dag.py
[2021-09-29 14:06:32,674] {processor.py:613} INFO - Processing file /home/airflow/.local/lib/python3.6/site-packages/airflow/example_dags/example_trigger_target_dag.py for tasks to queue
[2021-09-29 14:06:32,676] {logging_mixin.py:109} INFO - [2021-09-29 14:06:32,676] {dagbag.py:496} INFO - Filling up the DagBag from /home/airflow/.local/lib/python3.6/site-packages/airflow/example_dags/example_trigger_target_dag.py
[2021-09-29 14:06:32,693] {processor.py:623} INFO - DAG(s) dict_keys(['example_trigger_target_dag']) retrieved from /home/airflow/.local/lib/python3.6/site-packages/airflow/example_dags/example_trigger_target_dag.py
[2021-09-29 14:06:32,721] {logging_mixin.py:109} INFO - [2021-09-29 14:06:32,720] {dag.py:1834} INFO - Sync 1 DAGs
[2021-09-29 14:06:32,737] {logging_mixin.py:109} INFO - [2021-09-29 14:06:32,737] {dag.py:2287} INFO - Setting next_dagrun for example_trigger_target_dag to None
[2021-09-29 14:06:32,751] {processor.py:170} INFO - Processing /home/airflow/.local/lib/python3.6/site-packages/airflow/example_dags/example_trigger_target_dag.py took 0.084 seconds
[2021-09-29 14:07:03,282] {processor.py:162} INFO - Started process (PID=2460) to work on /home/airflow/.local/lib/python3.6/site-packages/airflow/example_dags/example_trigger_target_dag.py
[2021-09-29 14:07:03,285] {processor.py:613} INFO - Processing file /home/airflow/.local/lib/python3.6/site-packages/airflow/example_dags/example_trigger_target_dag.py for tasks to queue
[2021-09-29 14:07:03,286] {logging_mixin.py:109} INFO - [2021-09-29 14:07:03,286] {dagbag.py:496} INFO - Filling up the DagBag from /home/airflow/.local/lib/python3.6/site-packages/airflow/example_dags/example_trigger_target_dag.py
[2021-09-29 14:07:03,305] {processor.py:623} INFO - DAG(s) dict_keys(['example_trigger_target_dag']) retrieved from /home/airflow/.local/lib/python3.6/site-packages/airflow/example_dags/example_trigger_target_dag.py
[2021-09-29 14:07:03,334] {logging_mixin.py:109} INFO - [2021-09-29 14:07:03,333] {dag.py:1834} INFO - Sync 1 DAGs
[2021-09-29 14:07:03,350] {logging_mixin.py:109} INFO - [2021-09-29 14:07:03,350] {dag.py:2287} INFO - Setting next_dagrun for example_trigger_target_dag to None
[2021-09-29 14:07:03,363] {processor.py:170} INFO - Processing /home/airflow/.local/lib/python3.6/site-packages/airflow/example_dags/example_trigger_target_dag.py took 0.085 seconds
[2021-09-29 14:07:33,528] {processor.py:162} INFO - Started process (PID=2658) to work on /home/airflow/.local/lib/python3.6/site-packages/airflow/example_dags/example_trigger_target_dag.py
[2021-09-29 14:07:33,531] {processor.py:613} INFO - Processing file /home/airflow/.local/lib/python3.6/site-packages/airflow/example_dags/example_trigger_target_dag.py for tasks to queue
[2021-09-29 14:07:33,533] {logging_mixin.py:109} INFO - [2021-09-29 14:07:33,533] {dagbag.py:496} INFO - Filling up the DagBag from /home/airflow/.local/lib/python3.6/site-packages/airflow/example_dags/example_trigger_target_dag.py
[2021-09-29 14:07:33,550] {processor.py:623} INFO - DAG(s) dict_keys(['example_trigger_target_dag']) retrieved from /home/airflow/.local/lib/python3.6/site-packages/airflow/example_dags/example_trigger_target_dag.py
[2021-09-29 14:07:33,577] {logging_mixin.py:109} INFO - [2021-09-29 14:07:33,577] {dag.py:1834} INFO - Sync 1 DAGs
[2021-09-29 14:07:33,592] {logging_mixin.py:109} INFO - [2021-09-29 14:07:33,592] {dag.py:2287} INFO - Setting next_dagrun for example_trigger_target_dag to None
[2021-09-29 14:07:33,603] {processor.py:170} INFO - Processing /home/airflow/.local/lib/python3.6/site-packages/airflow/example_dags/example_trigger_target_dag.py took 0.079 seconds
[2021-09-29 14:08:04,047] {processor.py:162} INFO - Started process (PID=2851) to work on /home/airflow/.local/lib/python3.6/site-packages/airflow/example_dags/example_trigger_target_dag.py
[2021-09-29 14:08:04,049] {processor.py:613} INFO - Processing file /home/airflow/.local/lib/python3.6/site-packages/airflow/example_dags/example_trigger_target_dag.py for tasks to queue
[2021-09-29 14:08:04,051] {logging_mixin.py:109} INFO - [2021-09-29 14:08:04,051] {dagbag.py:496} INFO - Filling up the DagBag from /home/airflow/.local/lib/python3.6/site-packages/airflow/example_dags/example_trigger_target_dag.py
[2021-09-29 14:08:04,070] {processor.py:623} INFO - DAG(s) dict_keys(['example_trigger_target_dag']) retrieved from /home/airflow/.local/lib/python3.6/site-packages/airflow/example_dags/example_trigger_target_dag.py
[2021-09-29 14:08:04,100] {logging_mixin.py:109} INFO - [2021-09-29 14:08:04,100] {dag.py:1834} INFO - Sync 1 DAGs
[2021-09-29 14:08:04,116] {logging_mixin.py:109} INFO - [2021-09-29 14:08:04,116] {dag.py:2287} INFO - Setting next_dagrun for example_trigger_target_dag to None
[2021-09-29 14:08:04,129] {processor.py:170} INFO - Processing /home/airflow/.local/lib/python3.6/site-packages/airflow/example_dags/example_trigger_target_dag.py took 0.086 seconds
[2021-09-29 14:08:34,289] {processor.py:162} INFO - Started process (PID=3055) to work on /home/airflow/.local/lib/python3.6/site-packages/airflow/example_dags/example_trigger_target_dag.py
[2021-09-29 14:08:34,291] {processor.py:613} INFO - Processing file /home/airflow/.local/lib/python3.6/site-packages/airflow/example_dags/example_trigger_target_dag.py for tasks to queue
[2021-09-29 14:08:34,293] {logging_mixin.py:109} INFO - [2021-09-29 14:08:34,292] {dagbag.py:496} INFO - Filling up the DagBag from /home/airflow/.local/lib/python3.6/site-packages/airflow/example_dags/example_trigger_target_dag.py
[2021-09-29 14:08:34,312] {processor.py:623} INFO - DAG(s) dict_keys(['example_trigger_target_dag']) retrieved from /home/airflow/.local/lib/python3.6/site-packages/airflow/example_dags/example_trigger_target_dag.py
[2021-09-29 14:08:34,341] {logging_mixin.py:109} INFO - [2021-09-29 14:08:34,341] {dag.py:1834} INFO - Sync 1 DAGs
[2021-09-29 14:08:34,359] {logging_mixin.py:109} INFO - [2021-09-29 14:08:34,359] {dag.py:2287} INFO - Setting next_dagrun for example_trigger_target_dag to None
[2021-09-29 14:08:34,375] {processor.py:170} INFO - Processing /home/airflow/.local/lib/python3.6/site-packages/airflow/example_dags/example_trigger_target_dag.py took 0.091 seconds
[2021-09-29 14:09:05,279] {processor.py:162} INFO - Started process (PID=3252) to work on /home/airflow/.local/lib/python3.6/site-packages/airflow/example_dags/example_trigger_target_dag.py
[2021-09-29 14:09:05,282] {processor.py:613} INFO - Processing file /home/airflow/.local/lib/python3.6/site-packages/airflow/example_dags/example_trigger_target_dag.py for tasks to queue
[2021-09-29 14:09:05,283] {logging_mixin.py:109} INFO - [2021-09-29 14:09:05,283] {dagbag.py:496} INFO - Filling up the DagBag from /home/airflow/.local/lib/python3.6/site-packages/airflow/example_dags/example_trigger_target_dag.py
[2021-09-29 14:09:05,299] {processor.py:623} INFO - DAG(s) dict_keys(['example_trigger_target_dag']) retrieved from /home/airflow/.local/lib/python3.6/site-packages/airflow/example_dags/example_trigger_target_dag.py
[2021-09-29 14:09:05,329] {logging_mixin.py:109} INFO - [2021-09-29 14:09:05,329] {dag.py:1834} INFO - Sync 1 DAGs
[2021-09-29 14:09:05,346] {logging_mixin.py:109} INFO - [2021-09-29 14:09:05,346] {dag.py:2287} INFO - Setting next_dagrun for example_trigger_target_dag to None
[2021-09-29 14:09:05,383] {processor.py:170} INFO - Processing /home/airflow/.local/lib/python3.6/site-packages/airflow/example_dags/example_trigger_target_dag.py took 0.108 seconds
[2021-09-29 14:09:36,141] {processor.py:162} INFO - Started process (PID=3449) to work on /home/airflow/.local/lib/python3.6/site-packages/airflow/example_dags/example_trigger_target_dag.py
[2021-09-29 14:09:36,143] {processor.py:613} INFO - Processing file /home/airflow/.local/lib/python3.6/site-packages/airflow/example_dags/example_trigger_target_dag.py for tasks to queue
[2021-09-29 14:09:36,145] {logging_mixin.py:109} INFO - [2021-09-29 14:09:36,145] {dagbag.py:496} INFO - Filling up the DagBag from /home/airflow/.local/lib/python3.6/site-packages/airflow/example_dags/example_trigger_target_dag.py
[2021-09-29 14:09:36,163] {processor.py:623} INFO - DAG(s) dict_keys(['example_trigger_target_dag']) retrieved from /home/airflow/.local/lib/python3.6/site-packages/airflow/example_dags/example_trigger_target_dag.py
[2021-09-29 14:09:36,192] {logging_mixin.py:109} INFO - [2021-09-29 14:09:36,192] {dag.py:1834} INFO - Sync 1 DAGs
[2021-09-29 14:09:36,209] {logging_mixin.py:109} INFO - [2021-09-29 14:09:36,209] {dag.py:2287} INFO - Setting next_dagrun for example_trigger_target_dag to None
[2021-09-29 14:09:36,223] {processor.py:170} INFO - Processing /home/airflow/.local/lib/python3.6/site-packages/airflow/example_dags/example_trigger_target_dag.py took 0.086 seconds
[2021-09-29 14:10:06,260] {processor.py:162} INFO - Started process (PID=3652) to work on /home/airflow/.local/lib/python3.6/site-packages/airflow/example_dags/example_trigger_target_dag.py
[2021-09-29 14:10:06,262] {processor.py:613} INFO - Processing file /home/airflow/.local/lib/python3.6/site-packages/airflow/example_dags/example_trigger_target_dag.py for tasks to queue
[2021-09-29 14:10:06,263] {logging_mixin.py:109} INFO - [2021-09-29 14:10:06,263] {dagbag.py:496} INFO - Filling up the DagBag from /home/airflow/.local/lib/python3.6/site-packages/airflow/example_dags/example_trigger_target_dag.py
[2021-09-29 14:10:06,279] {processor.py:623} INFO - DAG(s) dict_keys(['example_trigger_target_dag']) retrieved from /home/airflow/.local/lib/python3.6/site-packages/airflow/example_dags/example_trigger_target_dag.py
[2021-09-29 14:10:06,304] {logging_mixin.py:109} INFO - [2021-09-29 14:10:06,304] {dag.py:1834} INFO - Sync 1 DAGs
[2021-09-29 14:10:06,320] {logging_mixin.py:109} INFO - [2021-09-29 14:10:06,320] {dag.py:2287} INFO - Setting next_dagrun for example_trigger_target_dag to None
[2021-09-29 14:10:06,331] {processor.py:170} INFO - Processing /home/airflow/.local/lib/python3.6/site-packages/airflow/example_dags/example_trigger_target_dag.py took 0.075 seconds
[2021-09-29 14:10:36,562] {processor.py:162} INFO - Started process (PID=3837) to work on /home/airflow/.local/lib/python3.6/site-packages/airflow/example_dags/example_trigger_target_dag.py
[2021-09-29 14:10:36,564] {processor.py:613} INFO - Processing file /home/airflow/.local/lib/python3.6/site-packages/airflow/example_dags/example_trigger_target_dag.py for tasks to queue
[2021-09-29 14:10:36,566] {logging_mixin.py:109} INFO - [2021-09-29 14:10:36,566] {dagbag.py:496} INFO - Filling up the DagBag from /home/airflow/.local/lib/python3.6/site-packages/airflow/example_dags/example_trigger_target_dag.py
[2021-09-29 14:10:36,581] {processor.py:623} INFO - DAG(s) dict_keys(['example_trigger_target_dag']) retrieved from /home/airflow/.local/lib/python3.6/site-packages/airflow/example_dags/example_trigger_target_dag.py
[2021-09-29 14:10:36,608] {logging_mixin.py:109} INFO - [2021-09-29 14:10:36,608] {dag.py:1834} INFO - Sync 1 DAGs
[2021-09-29 14:10:36,624] {logging_mixin.py:109} INFO - [2021-09-29 14:10:36,624] {dag.py:2287} INFO - Setting next_dagrun for example_trigger_target_dag to None
[2021-09-29 14:10:36,638] {processor.py:170} INFO - Processing /home/airflow/.local/lib/python3.6/site-packages/airflow/example_dags/example_trigger_target_dag.py took 0.080 seconds
[2021-09-29 14:11:07,001] {processor.py:162} INFO - Started process (PID=4033) to work on /home/airflow/.local/lib/python3.6/site-packages/airflow/example_dags/example_trigger_target_dag.py
[2021-09-29 14:11:07,003] {processor.py:613} INFO - Processing file /home/airflow/.local/lib/python3.6/site-packages/airflow/example_dags/example_trigger_target_dag.py for tasks to queue
[2021-09-29 14:11:07,005] {logging_mixin.py:109} INFO - [2021-09-29 14:11:07,005] {dagbag.py:496} INFO - Filling up the DagBag from /home/airflow/.local/lib/python3.6/site-packages/airflow/example_dags/example_trigger_target_dag.py
[2021-09-29 14:11:07,022] {processor.py:623} INFO - DAG(s) dict_keys(['example_trigger_target_dag']) retrieved from /home/airflow/.local/lib/python3.6/site-packages/airflow/example_dags/example_trigger_target_dag.py
[2021-09-29 14:11:07,051] {logging_mixin.py:109} INFO - [2021-09-29 14:11:07,051] {dag.py:1834} INFO - Sync 1 DAGs
[2021-09-29 14:11:07,068] {logging_mixin.py:109} INFO - [2021-09-29 14:11:07,067] {dag.py:2287} INFO - Setting next_dagrun for example_trigger_target_dag to None
[2021-09-29 14:11:07,080] {processor.py:170} INFO - Processing /home/airflow/.local/lib/python3.6/site-packages/airflow/example_dags/example_trigger_target_dag.py took 0.082 seconds
[2021-09-29 14:11:37,651] {processor.py:162} INFO - Started process (PID=4229) to work on /home/airflow/.local/lib/python3.6/site-packages/airflow/example_dags/example_trigger_target_dag.py
[2021-09-29 14:11:37,653] {processor.py:613} INFO - Processing file /home/airflow/.local/lib/python3.6/site-packages/airflow/example_dags/example_trigger_target_dag.py for tasks to queue
[2021-09-29 14:11:37,655] {logging_mixin.py:109} INFO - [2021-09-29 14:11:37,655] {dagbag.py:496} INFO - Filling up the DagBag from /home/airflow/.local/lib/python3.6/site-packages/airflow/example_dags/example_trigger_target_dag.py
[2021-09-29 14:11:37,681] {processor.py:623} INFO - DAG(s) dict_keys(['example_trigger_target_dag']) retrieved from /home/airflow/.local/lib/python3.6/site-packages/airflow/example_dags/example_trigger_target_dag.py
[2021-09-29 14:11:37,711] {logging_mixin.py:109} INFO - [2021-09-29 14:11:37,711] {dag.py:1834} INFO - Sync 1 DAGs
[2021-09-29 14:11:37,730] {logging_mixin.py:109} INFO - [2021-09-29 14:11:37,729] {dag.py:2287} INFO - Setting next_dagrun for example_trigger_target_dag to None
[2021-09-29 14:11:37,743] {processor.py:170} INFO - Processing /home/airflow/.local/lib/python3.6/site-packages/airflow/example_dags/example_trigger_target_dag.py took 0.097 seconds
[2021-09-29 14:12:08,188] {processor.py:162} INFO - Started process (PID=4425) to work on /home/airflow/.local/lib/python3.6/site-packages/airflow/example_dags/example_trigger_target_dag.py
[2021-09-29 14:12:08,190] {processor.py:613} INFO - Processing file /home/airflow/.local/lib/python3.6/site-packages/airflow/example_dags/example_trigger_target_dag.py for tasks to queue
[2021-09-29 14:12:08,192] {logging_mixin.py:109} INFO - [2021-09-29 14:12:08,192] {dagbag.py:496} INFO - Filling up the DagBag from /home/airflow/.local/lib/python3.6/site-packages/airflow/example_dags/example_trigger_target_dag.py
[2021-09-29 14:12:08,209] {processor.py:623} INFO - DAG(s) dict_keys(['example_trigger_target_dag']) retrieved from /home/airflow/.local/lib/python3.6/site-packages/airflow/example_dags/example_trigger_target_dag.py
[2021-09-29 14:12:08,236] {logging_mixin.py:109} INFO - [2021-09-29 14:12:08,235] {dag.py:1834} INFO - Sync 1 DAGs
[2021-09-29 14:12:08,251] {logging_mixin.py:109} INFO - [2021-09-29 14:12:08,251] {dag.py:2287} INFO - Setting next_dagrun for example_trigger_target_dag to None
[2021-09-29 14:12:08,263] {processor.py:170} INFO - Processing /home/airflow/.local/lib/python3.6/site-packages/airflow/example_dags/example_trigger_target_dag.py took 0.080 seconds
[2021-09-29 14:12:38,879] {processor.py:162} INFO - Started process (PID=4637) to work on /home/airflow/.local/lib/python3.6/site-packages/airflow/example_dags/example_trigger_target_dag.py
[2021-09-29 14:12:38,881] {processor.py:613} INFO - Processing file /home/airflow/.local/lib/python3.6/site-packages/airflow/example_dags/example_trigger_target_dag.py for tasks to queue
[2021-09-29 14:12:38,883] {logging_mixin.py:109} INFO - [2021-09-29 14:12:38,883] {dagbag.py:496} INFO - Filling up the DagBag from /home/airflow/.local/lib/python3.6/site-packages/airflow/example_dags/example_trigger_target_dag.py
[2021-09-29 14:12:38,899] {processor.py:623} INFO - DAG(s) dict_keys(['example_trigger_target_dag']) retrieved from /home/airflow/.local/lib/python3.6/site-packages/airflow/example_dags/example_trigger_target_dag.py
[2021-09-29 14:12:38,925] {logging_mixin.py:109} INFO - [2021-09-29 14:12:38,924] {dag.py:1834} INFO - Sync 1 DAGs
[2021-09-29 14:12:38,941] {logging_mixin.py:109} INFO - [2021-09-29 14:12:38,941] {dag.py:2287} INFO - Setting next_dagrun for example_trigger_target_dag to None
[2021-09-29 14:12:38,951] {processor.py:170} INFO - Processing /home/airflow/.local/lib/python3.6/site-packages/airflow/example_dags/example_trigger_target_dag.py took 0.077 seconds
[2021-09-29 14:13:09,023] {processor.py:162} INFO - Started process (PID=4840) to work on /home/airflow/.local/lib/python3.6/site-packages/airflow/example_dags/example_trigger_target_dag.py
[2021-09-29 14:13:09,025] {processor.py:613} INFO - Processing file /home/airflow/.local/lib/python3.6/site-packages/airflow/example_dags/example_trigger_target_dag.py for tasks to queue
[2021-09-29 14:13:09,027] {logging_mixin.py:109} INFO - [2021-09-29 14:13:09,027] {dagbag.py:496} INFO - Filling up the DagBag from /home/airflow/.local/lib/python3.6/site-packages/airflow/example_dags/example_trigger_target_dag.py
[2021-09-29 14:13:09,053] {processor.py:623} INFO - DAG(s) dict_keys(['example_trigger_target_dag']) retrieved from /home/airflow/.local/lib/python3.6/site-packages/airflow/example_dags/example_trigger_target_dag.py
[2021-09-29 14:13:09,084] {logging_mixin.py:109} INFO - [2021-09-29 14:13:09,084] {dag.py:1834} INFO - Sync 1 DAGs
[2021-09-29 14:13:09,103] {logging_mixin.py:109} INFO - [2021-09-29 14:13:09,103] {dag.py:2287} INFO - Setting next_dagrun for example_trigger_target_dag to None
[2021-09-29 14:13:09,118] {processor.py:170} INFO - Processing /home/airflow/.local/lib/python3.6/site-packages/airflow/example_dags/example_trigger_target_dag.py took 0.100 seconds
[2021-09-29 14:13:39,608] {processor.py:162} INFO - Started process (PID=5036) to work on /home/airflow/.local/lib/python3.6/site-packages/airflow/example_dags/example_trigger_target_dag.py
[2021-09-29 14:13:39,611] {processor.py:613} INFO - Processing file /home/airflow/.local/lib/python3.6/site-packages/airflow/example_dags/example_trigger_target_dag.py for tasks to queue
[2021-09-29 14:13:39,613] {logging_mixin.py:109} INFO - [2021-09-29 14:13:39,613] {dagbag.py:496} INFO - Filling up the DagBag from /home/airflow/.local/lib/python3.6/site-packages/airflow/example_dags/example_trigger_target_dag.py
[2021-09-29 14:13:39,631] {processor.py:623} INFO - DAG(s) dict_keys(['example_trigger_target_dag']) retrieved from /home/airflow/.local/lib/python3.6/site-packages/airflow/example_dags/example_trigger_target_dag.py
[2021-09-29 14:13:39,663] {logging_mixin.py:109} INFO - [2021-09-29 14:13:39,663] {dag.py:1834} INFO - Sync 1 DAGs
[2021-09-29 14:13:39,684] {logging_mixin.py:109} INFO - [2021-09-29 14:13:39,684] {dag.py:2287} INFO - Setting next_dagrun for example_trigger_target_dag to None
[2021-09-29 14:13:39,701] {processor.py:170} INFO - Processing /home/airflow/.local/lib/python3.6/site-packages/airflow/example_dags/example_trigger_target_dag.py took 0.099 seconds
[2021-09-29 14:14:10,178] {processor.py:162} INFO - Started process (PID=5255) to work on /home/airflow/.local/lib/python3.6/site-packages/airflow/example_dags/example_trigger_target_dag.py
[2021-09-29 14:14:10,180] {processor.py:613} INFO - Processing file /home/airflow/.local/lib/python3.6/site-packages/airflow/example_dags/example_trigger_target_dag.py for tasks to queue
[2021-09-29 14:14:10,183] {logging_mixin.py:109} INFO - [2021-09-29 14:14:10,183] {dagbag.py:496} INFO - Filling up the DagBag from /home/airflow/.local/lib/python3.6/site-packages/airflow/example_dags/example_trigger_target_dag.py
[2021-09-29 14:14:10,203] {processor.py:623} INFO - DAG(s) dict_keys(['example_trigger_target_dag']) retrieved from /home/airflow/.local/lib/python3.6/site-packages/airflow/example_dags/example_trigger_target_dag.py
[2021-09-29 14:14:10,232] {logging_mixin.py:109} INFO - [2021-09-29 14:14:10,232] {dag.py:1834} INFO - Sync 1 DAGs
[2021-09-29 14:14:10,251] {logging_mixin.py:109} INFO - [2021-09-29 14:14:10,251] {dag.py:2287} INFO - Setting next_dagrun for example_trigger_target_dag to None
[2021-09-29 14:14:10,265] {processor.py:170} INFO - Processing /home/airflow/.local/lib/python3.6/site-packages/airflow/example_dags/example_trigger_target_dag.py took 0.091 seconds
[2021-09-29 14:14:40,459] {processor.py:162} INFO - Started process (PID=5445) to work on /home/airflow/.local/lib/python3.6/site-packages/airflow/example_dags/example_trigger_target_dag.py
[2021-09-29 14:14:40,461] {processor.py:613} INFO - Processing file /home/airflow/.local/lib/python3.6/site-packages/airflow/example_dags/example_trigger_target_dag.py for tasks to queue
[2021-09-29 14:14:40,462] {logging_mixin.py:109} INFO - [2021-09-29 14:14:40,462] {dagbag.py:496} INFO - Filling up the DagBag from /home/airflow/.local/lib/python3.6/site-packages/airflow/example_dags/example_trigger_target_dag.py
[2021-09-29 14:14:40,476] {processor.py:623} INFO - DAG(s) dict_keys(['example_trigger_target_dag']) retrieved from /home/airflow/.local/lib/python3.6/site-packages/airflow/example_dags/example_trigger_target_dag.py
[2021-09-29 14:14:40,503] {logging_mixin.py:109} INFO - [2021-09-29 14:14:40,502] {dag.py:1834} INFO - Sync 1 DAGs
[2021-09-29 14:14:40,524] {logging_mixin.py:109} INFO - [2021-09-29 14:14:40,524] {dag.py:2287} INFO - Setting next_dagrun for example_trigger_target_dag to None
[2021-09-29 14:14:40,537] {processor.py:170} INFO - Processing /home/airflow/.local/lib/python3.6/site-packages/airflow/example_dags/example_trigger_target_dag.py took 0.082 seconds
[2021-09-29 14:15:10,863] {processor.py:162} INFO - Started process (PID=5650) to work on /home/airflow/.local/lib/python3.6/site-packages/airflow/example_dags/example_trigger_target_dag.py
[2021-09-29 14:15:10,866] {processor.py:613} INFO - Processing file /home/airflow/.local/lib/python3.6/site-packages/airflow/example_dags/example_trigger_target_dag.py for tasks to queue
[2021-09-29 14:15:10,867] {logging_mixin.py:109} INFO - [2021-09-29 14:15:10,867] {dagbag.py:496} INFO - Filling up the DagBag from /home/airflow/.local/lib/python3.6/site-packages/airflow/example_dags/example_trigger_target_dag.py
[2021-09-29 14:15:10,886] {processor.py:623} INFO - DAG(s) dict_keys(['example_trigger_target_dag']) retrieved from /home/airflow/.local/lib/python3.6/site-packages/airflow/example_dags/example_trigger_target_dag.py
[2021-09-29 14:15:10,914] {logging_mixin.py:109} INFO - [2021-09-29 14:15:10,914] {dag.py:1834} INFO - Sync 1 DAGs
[2021-09-29 14:15:10,930] {logging_mixin.py:109} INFO - [2021-09-29 14:15:10,930] {dag.py:2287} INFO - Setting next_dagrun for example_trigger_target_dag to None
[2021-09-29 14:15:10,942] {processor.py:170} INFO - Processing /home/airflow/.local/lib/python3.6/site-packages/airflow/example_dags/example_trigger_target_dag.py took 0.083 seconds
[2021-09-29 14:15:41,400] {processor.py:162} INFO - Started process (PID=5866) to work on /home/airflow/.local/lib/python3.6/site-packages/airflow/example_dags/example_trigger_target_dag.py
[2021-09-29 14:15:41,403] {processor.py:613} INFO - Processing file /home/airflow/.local/lib/python3.6/site-packages/airflow/example_dags/example_trigger_target_dag.py for tasks to queue
[2021-09-29 14:15:41,404] {logging_mixin.py:109} INFO - [2021-09-29 14:15:41,404] {dagbag.py:496} INFO - Filling up the DagBag from /home/airflow/.local/lib/python3.6/site-packages/airflow/example_dags/example_trigger_target_dag.py
[2021-09-29 14:15:41,424] {processor.py:623} INFO - DAG(s) dict_keys(['example_trigger_target_dag']) retrieved from /home/airflow/.local/lib/python3.6/site-packages/airflow/example_dags/example_trigger_target_dag.py
[2021-09-29 14:15:41,453] {logging_mixin.py:109} INFO - [2021-09-29 14:15:41,452] {dag.py:1834} INFO - Sync 1 DAGs
[2021-09-29 14:15:41,471] {logging_mixin.py:109} INFO - [2021-09-29 14:15:41,471] {dag.py:2287} INFO - Setting next_dagrun for example_trigger_target_dag to None
[2021-09-29 14:15:41,487] {processor.py:170} INFO - Processing /home/airflow/.local/lib/python3.6/site-packages/airflow/example_dags/example_trigger_target_dag.py took 0.090 seconds
[2021-09-29 14:16:12,426] {processor.py:162} INFO - Started process (PID=6059) to work on /home/airflow/.local/lib/python3.6/site-packages/airflow/example_dags/example_trigger_target_dag.py
[2021-09-29 14:16:12,432] {processor.py:613} INFO - Processing file /home/airflow/.local/lib/python3.6/site-packages/airflow/example_dags/example_trigger_target_dag.py for tasks to queue
[2021-09-29 14:16:12,434] {logging_mixin.py:109} INFO - [2021-09-29 14:16:12,434] {dagbag.py:496} INFO - Filling up the DagBag from /home/airflow/.local/lib/python3.6/site-packages/airflow/example_dags/example_trigger_target_dag.py
[2021-09-29 14:16:12,458] {processor.py:623} INFO - DAG(s) dict_keys(['example_trigger_target_dag']) retrieved from /home/airflow/.local/lib/python3.6/site-packages/airflow/example_dags/example_trigger_target_dag.py
[2021-09-29 14:16:12,489] {logging_mixin.py:109} INFO - [2021-09-29 14:16:12,489] {dag.py:1834} INFO - Sync 1 DAGs
[2021-09-29 14:16:12,507] {logging_mixin.py:109} INFO - [2021-09-29 14:16:12,507] {dag.py:2287} INFO - Setting next_dagrun for example_trigger_target_dag to None
[2021-09-29 14:16:12,521] {processor.py:170} INFO - Processing /home/airflow/.local/lib/python3.6/site-packages/airflow/example_dags/example_trigger_target_dag.py took 0.099 seconds
[2021-09-29 14:16:42,894] {processor.py:162} INFO - Started process (PID=6262) to work on /home/airflow/.local/lib/python3.6/site-packages/airflow/example_dags/example_trigger_target_dag.py
[2021-09-29 14:16:42,897] {processor.py:613} INFO - Processing file /home/airflow/.local/lib/python3.6/site-packages/airflow/example_dags/example_trigger_target_dag.py for tasks to queue
[2021-09-29 14:16:42,899] {logging_mixin.py:109} INFO - [2021-09-29 14:16:42,898] {dagbag.py:496} INFO - Filling up the DagBag from /home/airflow/.local/lib/python3.6/site-packages/airflow/example_dags/example_trigger_target_dag.py
[2021-09-29 14:16:42,917] {processor.py:623} INFO - DAG(s) dict_keys(['example_trigger_target_dag']) retrieved from /home/airflow/.local/lib/python3.6/site-packages/airflow/example_dags/example_trigger_target_dag.py
[2021-09-29 14:16:42,946] {logging_mixin.py:109} INFO - [2021-09-29 14:16:42,946] {dag.py:1834} INFO - Sync 1 DAGs
[2021-09-29 14:16:42,966] {logging_mixin.py:109} INFO - [2021-09-29 14:16:42,965] {dag.py:2287} INFO - Setting next_dagrun for example_trigger_target_dag to None
[2021-09-29 14:16:42,980] {processor.py:170} INFO - Processing /home/airflow/.local/lib/python3.6/site-packages/airflow/example_dags/example_trigger_target_dag.py took 0.091 seconds
[2021-09-29 14:17:14,232] {processor.py:162} INFO - Started process (PID=6467) to work on /home/airflow/.local/lib/python3.6/site-packages/airflow/example_dags/example_trigger_target_dag.py
[2021-09-29 14:17:14,234] {processor.py:613} INFO - Processing file /home/airflow/.local/lib/python3.6/site-packages/airflow/example_dags/example_trigger_target_dag.py for tasks to queue
[2021-09-29 14:17:14,236] {logging_mixin.py:109} INFO - [2021-09-29 14:17:14,236] {dagbag.py:496} INFO - Filling up the DagBag from /home/airflow/.local/lib/python3.6/site-packages/airflow/example_dags/example_trigger_target_dag.py
[2021-09-29 14:17:14,260] {processor.py:623} INFO - DAG(s) dict_keys(['example_trigger_target_dag']) retrieved from /home/airflow/.local/lib/python3.6/site-packages/airflow/example_dags/example_trigger_target_dag.py
[2021-09-29 14:17:14,293] {logging_mixin.py:109} INFO - [2021-09-29 14:17:14,293] {dag.py:1834} INFO - Sync 1 DAGs
[2021-09-29 14:17:14,319] {logging_mixin.py:109} INFO - [2021-09-29 14:17:14,319] {dag.py:2287} INFO - Setting next_dagrun for example_trigger_target_dag to None
[2021-09-29 14:17:14,335] {processor.py:170} INFO - Processing /home/airflow/.local/lib/python3.6/site-packages/airflow/example_dags/example_trigger_target_dag.py took 0.108 seconds
[2021-09-29 14:17:45,210] {processor.py:162} INFO - Started process (PID=6672) to work on /home/airflow/.local/lib/python3.6/site-packages/airflow/example_dags/example_trigger_target_dag.py
[2021-09-29 14:17:45,212] {processor.py:613} INFO - Processing file /home/airflow/.local/lib/python3.6/site-packages/airflow/example_dags/example_trigger_target_dag.py for tasks to queue
[2021-09-29 14:17:45,214] {logging_mixin.py:109} INFO - [2021-09-29 14:17:45,213] {dagbag.py:496} INFO - Filling up the DagBag from /home/airflow/.local/lib/python3.6/site-packages/airflow/example_dags/example_trigger_target_dag.py
[2021-09-29 14:17:45,232] {processor.py:623} INFO - DAG(s) dict_keys(['example_trigger_target_dag']) retrieved from /home/airflow/.local/lib/python3.6/site-packages/airflow/example_dags/example_trigger_target_dag.py
[2021-09-29 14:17:45,268] {logging_mixin.py:109} INFO - [2021-09-29 14:17:45,268] {dag.py:1834} INFO - Sync 1 DAGs
[2021-09-29 14:17:45,284] {logging_mixin.py:109} INFO - [2021-09-29 14:17:45,284] {dag.py:2287} INFO - Setting next_dagrun for example_trigger_target_dag to None
[2021-09-29 14:17:45,295] {processor.py:170} INFO - Processing /home/airflow/.local/lib/python3.6/site-packages/airflow/example_dags/example_trigger_target_dag.py took 0.090 seconds
[2021-09-29 14:18:15,678] {processor.py:162} INFO - Started process (PID=6875) to work on /home/airflow/.local/lib/python3.6/site-packages/airflow/example_dags/example_trigger_target_dag.py
[2021-09-29 14:18:15,680] {processor.py:613} INFO - Processing file /home/airflow/.local/lib/python3.6/site-packages/airflow/example_dags/example_trigger_target_dag.py for tasks to queue
[2021-09-29 14:18:15,681] {logging_mixin.py:109} INFO - [2021-09-29 14:18:15,681] {dagbag.py:496} INFO - Filling up the DagBag from /home/airflow/.local/lib/python3.6/site-packages/airflow/example_dags/example_trigger_target_dag.py
[2021-09-29 14:18:15,701] {processor.py:623} INFO - DAG(s) dict_keys(['example_trigger_target_dag']) retrieved from /home/airflow/.local/lib/python3.6/site-packages/airflow/example_dags/example_trigger_target_dag.py
[2021-09-29 14:18:15,733] {logging_mixin.py:109} INFO - [2021-09-29 14:18:15,733] {dag.py:1834} INFO - Sync 1 DAGs
[2021-09-29 14:18:15,752] {logging_mixin.py:109} INFO - [2021-09-29 14:18:15,752] {dag.py:2287} INFO - Setting next_dagrun for example_trigger_target_dag to None
[2021-09-29 14:18:15,765] {processor.py:170} INFO - Processing /home/airflow/.local/lib/python3.6/site-packages/airflow/example_dags/example_trigger_target_dag.py took 0.092 seconds
[2021-09-29 14:18:45,819] {processor.py:162} INFO - Started process (PID=7072) to work on /home/airflow/.local/lib/python3.6/site-packages/airflow/example_dags/example_trigger_target_dag.py
[2021-09-29 14:18:45,822] {processor.py:613} INFO - Processing file /home/airflow/.local/lib/python3.6/site-packages/airflow/example_dags/example_trigger_target_dag.py for tasks to queue
[2021-09-29 14:18:45,823] {logging_mixin.py:109} INFO - [2021-09-29 14:18:45,823] {dagbag.py:496} INFO - Filling up the DagBag from /home/airflow/.local/lib/python3.6/site-packages/airflow/example_dags/example_trigger_target_dag.py
[2021-09-29 14:18:45,841] {processor.py:623} INFO - DAG(s) dict_keys(['example_trigger_target_dag']) retrieved from /home/airflow/.local/lib/python3.6/site-packages/airflow/example_dags/example_trigger_target_dag.py
[2021-09-29 14:18:45,873] {logging_mixin.py:109} INFO - [2021-09-29 14:18:45,872] {dag.py:1834} INFO - Sync 1 DAGs
[2021-09-29 14:18:45,888] {logging_mixin.py:109} INFO - [2021-09-29 14:18:45,888] {dag.py:2287} INFO - Setting next_dagrun for example_trigger_target_dag to None
[2021-09-29 14:18:45,906] {processor.py:170} INFO - Processing /home/airflow/.local/lib/python3.6/site-packages/airflow/example_dags/example_trigger_target_dag.py took 0.091 seconds
[2021-09-29 14:19:16,288] {processor.py:162} INFO - Started process (PID=7276) to work on /home/airflow/.local/lib/python3.6/site-packages/airflow/example_dags/example_trigger_target_dag.py
[2021-09-29 14:19:16,290] {processor.py:613} INFO - Processing file /home/airflow/.local/lib/python3.6/site-packages/airflow/example_dags/example_trigger_target_dag.py for tasks to queue
[2021-09-29 14:19:16,292] {logging_mixin.py:109} INFO - [2021-09-29 14:19:16,292] {dagbag.py:496} INFO - Filling up the DagBag from /home/airflow/.local/lib/python3.6/site-packages/airflow/example_dags/example_trigger_target_dag.py
[2021-09-29 14:19:16,309] {processor.py:623} INFO - DAG(s) dict_keys(['example_trigger_target_dag']) retrieved from /home/airflow/.local/lib/python3.6/site-packages/airflow/example_dags/example_trigger_target_dag.py
[2021-09-29 14:19:16,339] {logging_mixin.py:109} INFO - [2021-09-29 14:19:16,339] {dag.py:1834} INFO - Sync 1 DAGs
[2021-09-29 14:19:16,357] {logging_mixin.py:109} INFO - [2021-09-29 14:19:16,357] {dag.py:2287} INFO - Setting next_dagrun for example_trigger_target_dag to None
[2021-09-29 14:19:16,370] {processor.py:170} INFO - Processing /home/airflow/.local/lib/python3.6/site-packages/airflow/example_dags/example_trigger_target_dag.py took 0.086 seconds
