[2021-09-29 14:01:55,374] {processor.py:162} INFO - Started process (PID=325) to work on /home/airflow/.local/lib/python3.6/site-packages/airflow/example_dags/example_trigger_controller_dag.py
[2021-09-29 14:01:55,378] {processor.py:613} INFO - Processing file /home/airflow/.local/lib/python3.6/site-packages/airflow/example_dags/example_trigger_controller_dag.py for tasks to queue
[2021-09-29 14:01:55,381] {logging_mixin.py:109} INFO - [2021-09-29 14:01:55,381] {dagbag.py:496} INFO - Filling up the DagBag from /home/airflow/.local/lib/python3.6/site-packages/airflow/example_dags/example_trigger_controller_dag.py
[2021-09-29 14:01:55,401] {processor.py:623} INFO - DAG(s) dict_keys(['example_trigger_controller_dag']) retrieved from /home/airflow/.local/lib/python3.6/site-packages/airflow/example_dags/example_trigger_controller_dag.py
[2021-09-29 14:01:55,666] {logging_mixin.py:109} INFO - [2021-09-29 14:01:55,665] {dag.py:1834} INFO - Sync 1 DAGs
[2021-09-29 14:01:55,686] {logging_mixin.py:109} INFO - [2021-09-29 14:01:55,686] {dag.py:2287} INFO - Setting next_dagrun for example_trigger_controller_dag to 2021-09-27 00:00:00+00:00
[2021-09-29 14:01:55,721] {processor.py:170} INFO - Processing /home/airflow/.local/lib/python3.6/site-packages/airflow/example_dags/example_trigger_controller_dag.py took 0.351 seconds
[2021-09-29 14:02:25,903] {processor.py:162} INFO - Started process (PID=513) to work on /home/airflow/.local/lib/python3.6/site-packages/airflow/example_dags/example_trigger_controller_dag.py
[2021-09-29 14:02:25,904] {processor.py:613} INFO - Processing file /home/airflow/.local/lib/python3.6/site-packages/airflow/example_dags/example_trigger_controller_dag.py for tasks to queue
[2021-09-29 14:02:25,906] {logging_mixin.py:109} INFO - [2021-09-29 14:02:25,906] {dagbag.py:496} INFO - Filling up the DagBag from /home/airflow/.local/lib/python3.6/site-packages/airflow/example_dags/example_trigger_controller_dag.py
[2021-09-29 14:02:25,921] {processor.py:623} INFO - DAG(s) dict_keys(['example_trigger_controller_dag']) retrieved from /home/airflow/.local/lib/python3.6/site-packages/airflow/example_dags/example_trigger_controller_dag.py
[2021-09-29 14:02:25,952] {logging_mixin.py:109} INFO - [2021-09-29 14:02:25,952] {dag.py:1834} INFO - Sync 1 DAGs
[2021-09-29 14:02:25,967] {logging_mixin.py:109} INFO - [2021-09-29 14:02:25,967] {dag.py:2287} INFO - Setting next_dagrun for example_trigger_controller_dag to 2021-09-27 00:00:00+00:00
[2021-09-29 14:02:25,976] {processor.py:170} INFO - Processing /home/airflow/.local/lib/python3.6/site-packages/airflow/example_dags/example_trigger_controller_dag.py took 0.077 seconds
[2021-09-29 14:02:56,910] {processor.py:162} INFO - Started process (PID=710) to work on /home/airflow/.local/lib/python3.6/site-packages/airflow/example_dags/example_trigger_controller_dag.py
[2021-09-29 14:02:56,913] {processor.py:613} INFO - Processing file /home/airflow/.local/lib/python3.6/site-packages/airflow/example_dags/example_trigger_controller_dag.py for tasks to queue
[2021-09-29 14:02:56,914] {logging_mixin.py:109} INFO - [2021-09-29 14:02:56,914] {dagbag.py:496} INFO - Filling up the DagBag from /home/airflow/.local/lib/python3.6/site-packages/airflow/example_dags/example_trigger_controller_dag.py
[2021-09-29 14:02:56,928] {processor.py:623} INFO - DAG(s) dict_keys(['example_trigger_controller_dag']) retrieved from /home/airflow/.local/lib/python3.6/site-packages/airflow/example_dags/example_trigger_controller_dag.py
[2021-09-29 14:02:56,955] {logging_mixin.py:109} INFO - [2021-09-29 14:02:56,955] {dag.py:1834} INFO - Sync 1 DAGs
[2021-09-29 14:02:56,973] {logging_mixin.py:109} INFO - [2021-09-29 14:02:56,973] {dag.py:2287} INFO - Setting next_dagrun for example_trigger_controller_dag to 2021-09-27 00:00:00+00:00
[2021-09-29 14:02:56,987] {processor.py:170} INFO - Processing /home/airflow/.local/lib/python3.6/site-packages/airflow/example_dags/example_trigger_controller_dag.py took 0.081 seconds
[2021-09-29 14:03:27,499] {processor.py:162} INFO - Started process (PID=934) to work on /home/airflow/.local/lib/python3.6/site-packages/airflow/example_dags/example_trigger_controller_dag.py
[2021-09-29 14:03:27,501] {processor.py:613} INFO - Processing file /home/airflow/.local/lib/python3.6/site-packages/airflow/example_dags/example_trigger_controller_dag.py for tasks to queue
[2021-09-29 14:03:27,503] {logging_mixin.py:109} INFO - [2021-09-29 14:03:27,503] {dagbag.py:496} INFO - Filling up the DagBag from /home/airflow/.local/lib/python3.6/site-packages/airflow/example_dags/example_trigger_controller_dag.py
[2021-09-29 14:03:27,516] {processor.py:623} INFO - DAG(s) dict_keys(['example_trigger_controller_dag']) retrieved from /home/airflow/.local/lib/python3.6/site-packages/airflow/example_dags/example_trigger_controller_dag.py
[2021-09-29 14:03:27,543] {logging_mixin.py:109} INFO - [2021-09-29 14:03:27,543] {dag.py:1834} INFO - Sync 1 DAGs
[2021-09-29 14:03:27,560] {logging_mixin.py:109} INFO - [2021-09-29 14:03:27,560] {dag.py:2287} INFO - Setting next_dagrun for example_trigger_controller_dag to 2021-09-27 00:00:00+00:00
[2021-09-29 14:03:27,572] {processor.py:170} INFO - Processing /home/airflow/.local/lib/python3.6/site-packages/airflow/example_dags/example_trigger_controller_dag.py took 0.077 seconds
[2021-09-29 14:03:57,960] {processor.py:162} INFO - Started process (PID=1160) to work on /home/airflow/.local/lib/python3.6/site-packages/airflow/example_dags/example_trigger_controller_dag.py
[2021-09-29 14:03:57,962] {processor.py:613} INFO - Processing file /home/airflow/.local/lib/python3.6/site-packages/airflow/example_dags/example_trigger_controller_dag.py for tasks to queue
[2021-09-29 14:03:57,963] {logging_mixin.py:109} INFO - [2021-09-29 14:03:57,963] {dagbag.py:496} INFO - Filling up the DagBag from /home/airflow/.local/lib/python3.6/site-packages/airflow/example_dags/example_trigger_controller_dag.py
[2021-09-29 14:03:57,975] {processor.py:623} INFO - DAG(s) dict_keys(['example_trigger_controller_dag']) retrieved from /home/airflow/.local/lib/python3.6/site-packages/airflow/example_dags/example_trigger_controller_dag.py
[2021-09-29 14:03:57,996] {logging_mixin.py:109} INFO - [2021-09-29 14:03:57,996] {dag.py:1834} INFO - Sync 1 DAGs
[2021-09-29 14:03:58,011] {logging_mixin.py:109} INFO - [2021-09-29 14:03:58,011] {dag.py:2287} INFO - Setting next_dagrun for example_trigger_controller_dag to 2021-09-27 00:00:00+00:00
[2021-09-29 14:03:58,026] {processor.py:170} INFO - Processing /home/airflow/.local/lib/python3.6/site-packages/airflow/example_dags/example_trigger_controller_dag.py took 0.070 seconds
[2021-09-29 14:04:28,863] {processor.py:162} INFO - Started process (PID=1388) to work on /home/airflow/.local/lib/python3.6/site-packages/airflow/example_dags/example_trigger_controller_dag.py
[2021-09-29 14:04:28,865] {processor.py:613} INFO - Processing file /home/airflow/.local/lib/python3.6/site-packages/airflow/example_dags/example_trigger_controller_dag.py for tasks to queue
[2021-09-29 14:04:28,867] {logging_mixin.py:109} INFO - [2021-09-29 14:04:28,867] {dagbag.py:496} INFO - Filling up the DagBag from /home/airflow/.local/lib/python3.6/site-packages/airflow/example_dags/example_trigger_controller_dag.py
[2021-09-29 14:04:28,880] {processor.py:623} INFO - DAG(s) dict_keys(['example_trigger_controller_dag']) retrieved from /home/airflow/.local/lib/python3.6/site-packages/airflow/example_dags/example_trigger_controller_dag.py
[2021-09-29 14:04:28,908] {logging_mixin.py:109} INFO - [2021-09-29 14:04:28,908] {dag.py:1834} INFO - Sync 1 DAGs
[2021-09-29 14:04:28,924] {logging_mixin.py:109} INFO - [2021-09-29 14:04:28,924] {dag.py:2287} INFO - Setting next_dagrun for example_trigger_controller_dag to 2021-09-27 00:00:00+00:00
[2021-09-29 14:04:28,937] {processor.py:170} INFO - Processing /home/airflow/.local/lib/python3.6/site-packages/airflow/example_dags/example_trigger_controller_dag.py took 0.079 seconds
[2021-09-29 14:04:59,302] {processor.py:162} INFO - Started process (PID=1589) to work on /home/airflow/.local/lib/python3.6/site-packages/airflow/example_dags/example_trigger_controller_dag.py
[2021-09-29 14:04:59,305] {processor.py:613} INFO - Processing file /home/airflow/.local/lib/python3.6/site-packages/airflow/example_dags/example_trigger_controller_dag.py for tasks to queue
[2021-09-29 14:04:59,307] {logging_mixin.py:109} INFO - [2021-09-29 14:04:59,307] {dagbag.py:496} INFO - Filling up the DagBag from /home/airflow/.local/lib/python3.6/site-packages/airflow/example_dags/example_trigger_controller_dag.py
[2021-09-29 14:04:59,322] {processor.py:623} INFO - DAG(s) dict_keys(['example_trigger_controller_dag']) retrieved from /home/airflow/.local/lib/python3.6/site-packages/airflow/example_dags/example_trigger_controller_dag.py
[2021-09-29 14:04:59,350] {logging_mixin.py:109} INFO - [2021-09-29 14:04:59,349] {dag.py:1834} INFO - Sync 1 DAGs
[2021-09-29 14:04:59,367] {logging_mixin.py:109} INFO - [2021-09-29 14:04:59,367] {dag.py:2287} INFO - Setting next_dagrun for example_trigger_controller_dag to 2021-09-27 00:00:00+00:00
[2021-09-29 14:04:59,380] {processor.py:170} INFO - Processing /home/airflow/.local/lib/python3.6/site-packages/airflow/example_dags/example_trigger_controller_dag.py took 0.082 seconds
[2021-09-29 14:05:29,703] {processor.py:162} INFO - Started process (PID=1796) to work on /home/airflow/.local/lib/python3.6/site-packages/airflow/example_dags/example_trigger_controller_dag.py
[2021-09-29 14:05:29,705] {processor.py:613} INFO - Processing file /home/airflow/.local/lib/python3.6/site-packages/airflow/example_dags/example_trigger_controller_dag.py for tasks to queue
[2021-09-29 14:05:29,707] {logging_mixin.py:109} INFO - [2021-09-29 14:05:29,707] {dagbag.py:496} INFO - Filling up the DagBag from /home/airflow/.local/lib/python3.6/site-packages/airflow/example_dags/example_trigger_controller_dag.py
[2021-09-29 14:05:29,721] {processor.py:623} INFO - DAG(s) dict_keys(['example_trigger_controller_dag']) retrieved from /home/airflow/.local/lib/python3.6/site-packages/airflow/example_dags/example_trigger_controller_dag.py
[2021-09-29 14:05:29,749] {logging_mixin.py:109} INFO - [2021-09-29 14:05:29,749] {dag.py:1834} INFO - Sync 1 DAGs
[2021-09-29 14:05:29,772] {logging_mixin.py:109} INFO - [2021-09-29 14:05:29,771] {dag.py:2287} INFO - Setting next_dagrun for example_trigger_controller_dag to 2021-09-27 00:00:00+00:00
[2021-09-29 14:05:29,786] {processor.py:170} INFO - Processing /home/airflow/.local/lib/python3.6/site-packages/airflow/example_dags/example_trigger_controller_dag.py took 0.087 seconds
[2021-09-29 14:06:00,601] {processor.py:162} INFO - Started process (PID=2031) to work on /home/airflow/.local/lib/python3.6/site-packages/airflow/example_dags/example_trigger_controller_dag.py
[2021-09-29 14:06:00,603] {processor.py:613} INFO - Processing file /home/airflow/.local/lib/python3.6/site-packages/airflow/example_dags/example_trigger_controller_dag.py for tasks to queue
[2021-09-29 14:06:00,605] {logging_mixin.py:109} INFO - [2021-09-29 14:06:00,605] {dagbag.py:496} INFO - Filling up the DagBag from /home/airflow/.local/lib/python3.6/site-packages/airflow/example_dags/example_trigger_controller_dag.py
[2021-09-29 14:06:00,619] {processor.py:623} INFO - DAG(s) dict_keys(['example_trigger_controller_dag']) retrieved from /home/airflow/.local/lib/python3.6/site-packages/airflow/example_dags/example_trigger_controller_dag.py
[2021-09-29 14:06:00,647] {logging_mixin.py:109} INFO - [2021-09-29 14:06:00,647] {dag.py:1834} INFO - Sync 1 DAGs
[2021-09-29 14:06:00,665] {logging_mixin.py:109} INFO - [2021-09-29 14:06:00,665] {dag.py:2287} INFO - Setting next_dagrun for example_trigger_controller_dag to 2021-09-27 00:00:00+00:00
[2021-09-29 14:06:00,679] {processor.py:170} INFO - Processing /home/airflow/.local/lib/python3.6/site-packages/airflow/example_dags/example_trigger_controller_dag.py took 0.082 seconds
[2021-09-29 14:06:31,122] {processor.py:162} INFO - Started process (PID=2214) to work on /home/airflow/.local/lib/python3.6/site-packages/airflow/example_dags/example_trigger_controller_dag.py
[2021-09-29 14:06:31,123] {processor.py:613} INFO - Processing file /home/airflow/.local/lib/python3.6/site-packages/airflow/example_dags/example_trigger_controller_dag.py for tasks to queue
[2021-09-29 14:06:31,125] {logging_mixin.py:109} INFO - [2021-09-29 14:06:31,125] {dagbag.py:496} INFO - Filling up the DagBag from /home/airflow/.local/lib/python3.6/site-packages/airflow/example_dags/example_trigger_controller_dag.py
[2021-09-29 14:06:31,135] {processor.py:623} INFO - DAG(s) dict_keys(['example_trigger_controller_dag']) retrieved from /home/airflow/.local/lib/python3.6/site-packages/airflow/example_dags/example_trigger_controller_dag.py
[2021-09-29 14:06:31,156] {logging_mixin.py:109} INFO - [2021-09-29 14:06:31,156] {dag.py:1834} INFO - Sync 1 DAGs
[2021-09-29 14:06:31,168] {logging_mixin.py:109} INFO - [2021-09-29 14:06:31,168] {dag.py:2287} INFO - Setting next_dagrun for example_trigger_controller_dag to 2021-09-27 00:00:00+00:00
[2021-09-29 14:06:31,178] {processor.py:170} INFO - Processing /home/airflow/.local/lib/python3.6/site-packages/airflow/example_dags/example_trigger_controller_dag.py took 0.060 seconds
[2021-09-29 14:07:01,498] {processor.py:162} INFO - Started process (PID=2415) to work on /home/airflow/.local/lib/python3.6/site-packages/airflow/example_dags/example_trigger_controller_dag.py
[2021-09-29 14:07:01,500] {processor.py:613} INFO - Processing file /home/airflow/.local/lib/python3.6/site-packages/airflow/example_dags/example_trigger_controller_dag.py for tasks to queue
[2021-09-29 14:07:01,502] {logging_mixin.py:109} INFO - [2021-09-29 14:07:01,501] {dagbag.py:496} INFO - Filling up the DagBag from /home/airflow/.local/lib/python3.6/site-packages/airflow/example_dags/example_trigger_controller_dag.py
[2021-09-29 14:07:01,515] {processor.py:623} INFO - DAG(s) dict_keys(['example_trigger_controller_dag']) retrieved from /home/airflow/.local/lib/python3.6/site-packages/airflow/example_dags/example_trigger_controller_dag.py
[2021-09-29 14:07:01,545] {logging_mixin.py:109} INFO - [2021-09-29 14:07:01,545] {dag.py:1834} INFO - Sync 1 DAGs
[2021-09-29 14:07:01,562] {logging_mixin.py:109} INFO - [2021-09-29 14:07:01,562] {dag.py:2287} INFO - Setting next_dagrun for example_trigger_controller_dag to 2021-09-27 00:00:00+00:00
[2021-09-29 14:07:01,574] {processor.py:170} INFO - Processing /home/airflow/.local/lib/python3.6/site-packages/airflow/example_dags/example_trigger_controller_dag.py took 0.080 seconds
[2021-09-29 14:07:32,004] {processor.py:162} INFO - Started process (PID=2620) to work on /home/airflow/.local/lib/python3.6/site-packages/airflow/example_dags/example_trigger_controller_dag.py
[2021-09-29 14:07:32,006] {processor.py:613} INFO - Processing file /home/airflow/.local/lib/python3.6/site-packages/airflow/example_dags/example_trigger_controller_dag.py for tasks to queue
[2021-09-29 14:07:32,008] {logging_mixin.py:109} INFO - [2021-09-29 14:07:32,008] {dagbag.py:496} INFO - Filling up the DagBag from /home/airflow/.local/lib/python3.6/site-packages/airflow/example_dags/example_trigger_controller_dag.py
[2021-09-29 14:07:32,022] {processor.py:623} INFO - DAG(s) dict_keys(['example_trigger_controller_dag']) retrieved from /home/airflow/.local/lib/python3.6/site-packages/airflow/example_dags/example_trigger_controller_dag.py
[2021-09-29 14:07:32,053] {logging_mixin.py:109} INFO - [2021-09-29 14:07:32,053] {dag.py:1834} INFO - Sync 1 DAGs
[2021-09-29 14:07:32,069] {logging_mixin.py:109} INFO - [2021-09-29 14:07:32,069] {dag.py:2287} INFO - Setting next_dagrun for example_trigger_controller_dag to 2021-09-27 00:00:00+00:00
[2021-09-29 14:07:32,081] {processor.py:170} INFO - Processing /home/airflow/.local/lib/python3.6/site-packages/airflow/example_dags/example_trigger_controller_dag.py took 0.084 seconds
[2021-09-29 14:08:02,376] {processor.py:162} INFO - Started process (PID=2808) to work on /home/airflow/.local/lib/python3.6/site-packages/airflow/example_dags/example_trigger_controller_dag.py
[2021-09-29 14:08:02,378] {processor.py:613} INFO - Processing file /home/airflow/.local/lib/python3.6/site-packages/airflow/example_dags/example_trigger_controller_dag.py for tasks to queue
[2021-09-29 14:08:02,379] {logging_mixin.py:109} INFO - [2021-09-29 14:08:02,379] {dagbag.py:496} INFO - Filling up the DagBag from /home/airflow/.local/lib/python3.6/site-packages/airflow/example_dags/example_trigger_controller_dag.py
[2021-09-29 14:08:02,391] {processor.py:623} INFO - DAG(s) dict_keys(['example_trigger_controller_dag']) retrieved from /home/airflow/.local/lib/python3.6/site-packages/airflow/example_dags/example_trigger_controller_dag.py
[2021-09-29 14:08:02,413] {logging_mixin.py:109} INFO - [2021-09-29 14:08:02,413] {dag.py:1834} INFO - Sync 1 DAGs
[2021-09-29 14:08:02,426] {logging_mixin.py:109} INFO - [2021-09-29 14:08:02,426] {dag.py:2287} INFO - Setting next_dagrun for example_trigger_controller_dag to 2021-09-27 00:00:00+00:00
[2021-09-29 14:08:02,434] {processor.py:170} INFO - Processing /home/airflow/.local/lib/python3.6/site-packages/airflow/example_dags/example_trigger_controller_dag.py took 0.062 seconds
[2021-09-29 14:08:32,797] {processor.py:162} INFO - Started process (PID=3017) to work on /home/airflow/.local/lib/python3.6/site-packages/airflow/example_dags/example_trigger_controller_dag.py
[2021-09-29 14:08:32,798] {processor.py:613} INFO - Processing file /home/airflow/.local/lib/python3.6/site-packages/airflow/example_dags/example_trigger_controller_dag.py for tasks to queue
[2021-09-29 14:08:32,800] {logging_mixin.py:109} INFO - [2021-09-29 14:08:32,799] {dagbag.py:496} INFO - Filling up the DagBag from /home/airflow/.local/lib/python3.6/site-packages/airflow/example_dags/example_trigger_controller_dag.py
[2021-09-29 14:08:32,810] {processor.py:623} INFO - DAG(s) dict_keys(['example_trigger_controller_dag']) retrieved from /home/airflow/.local/lib/python3.6/site-packages/airflow/example_dags/example_trigger_controller_dag.py
[2021-09-29 14:08:32,835] {logging_mixin.py:109} INFO - [2021-09-29 14:08:32,835] {dag.py:1834} INFO - Sync 1 DAGs
[2021-09-29 14:08:32,850] {logging_mixin.py:109} INFO - [2021-09-29 14:08:32,850] {dag.py:2287} INFO - Setting next_dagrun for example_trigger_controller_dag to 2021-09-27 00:00:00+00:00
[2021-09-29 14:08:32,861] {processor.py:170} INFO - Processing /home/airflow/.local/lib/python3.6/site-packages/airflow/example_dags/example_trigger_controller_dag.py took 0.067 seconds
[2021-09-29 14:09:03,686] {processor.py:162} INFO - Started process (PID=3204) to work on /home/airflow/.local/lib/python3.6/site-packages/airflow/example_dags/example_trigger_controller_dag.py
[2021-09-29 14:09:03,689] {processor.py:613} INFO - Processing file /home/airflow/.local/lib/python3.6/site-packages/airflow/example_dags/example_trigger_controller_dag.py for tasks to queue
[2021-09-29 14:09:03,690] {logging_mixin.py:109} INFO - [2021-09-29 14:09:03,690] {dagbag.py:496} INFO - Filling up the DagBag from /home/airflow/.local/lib/python3.6/site-packages/airflow/example_dags/example_trigger_controller_dag.py
[2021-09-29 14:09:03,703] {processor.py:623} INFO - DAG(s) dict_keys(['example_trigger_controller_dag']) retrieved from /home/airflow/.local/lib/python3.6/site-packages/airflow/example_dags/example_trigger_controller_dag.py
[2021-09-29 14:09:03,728] {logging_mixin.py:109} INFO - [2021-09-29 14:09:03,728] {dag.py:1834} INFO - Sync 1 DAGs
[2021-09-29 14:09:03,742] {logging_mixin.py:109} INFO - [2021-09-29 14:09:03,742] {dag.py:2287} INFO - Setting next_dagrun for example_trigger_controller_dag to 2021-09-27 00:00:00+00:00
[2021-09-29 14:09:03,751] {processor.py:170} INFO - Processing /home/airflow/.local/lib/python3.6/site-packages/airflow/example_dags/example_trigger_controller_dag.py took 0.069 seconds
[2021-09-29 14:09:34,407] {processor.py:162} INFO - Started process (PID=3409) to work on /home/airflow/.local/lib/python3.6/site-packages/airflow/example_dags/example_trigger_controller_dag.py
[2021-09-29 14:09:34,409] {processor.py:613} INFO - Processing file /home/airflow/.local/lib/python3.6/site-packages/airflow/example_dags/example_trigger_controller_dag.py for tasks to queue
[2021-09-29 14:09:34,410] {logging_mixin.py:109} INFO - [2021-09-29 14:09:34,410] {dagbag.py:496} INFO - Filling up the DagBag from /home/airflow/.local/lib/python3.6/site-packages/airflow/example_dags/example_trigger_controller_dag.py
[2021-09-29 14:09:34,424] {processor.py:623} INFO - DAG(s) dict_keys(['example_trigger_controller_dag']) retrieved from /home/airflow/.local/lib/python3.6/site-packages/airflow/example_dags/example_trigger_controller_dag.py
[2021-09-29 14:09:34,454] {logging_mixin.py:109} INFO - [2021-09-29 14:09:34,454] {dag.py:1834} INFO - Sync 1 DAGs
[2021-09-29 14:09:34,471] {logging_mixin.py:109} INFO - [2021-09-29 14:09:34,471] {dag.py:2287} INFO - Setting next_dagrun for example_trigger_controller_dag to 2021-09-27 00:00:00+00:00
[2021-09-29 14:09:34,486] {processor.py:170} INFO - Processing /home/airflow/.local/lib/python3.6/site-packages/airflow/example_dags/example_trigger_controller_dag.py took 0.083 seconds
[2021-09-29 14:10:04,820] {processor.py:162} INFO - Started process (PID=3612) to work on /home/airflow/.local/lib/python3.6/site-packages/airflow/example_dags/example_trigger_controller_dag.py
[2021-09-29 14:10:04,822] {processor.py:613} INFO - Processing file /home/airflow/.local/lib/python3.6/site-packages/airflow/example_dags/example_trigger_controller_dag.py for tasks to queue
[2021-09-29 14:10:04,823] {logging_mixin.py:109} INFO - [2021-09-29 14:10:04,823] {dagbag.py:496} INFO - Filling up the DagBag from /home/airflow/.local/lib/python3.6/site-packages/airflow/example_dags/example_trigger_controller_dag.py
[2021-09-29 14:10:04,837] {processor.py:623} INFO - DAG(s) dict_keys(['example_trigger_controller_dag']) retrieved from /home/airflow/.local/lib/python3.6/site-packages/airflow/example_dags/example_trigger_controller_dag.py
[2021-09-29 14:10:04,863] {logging_mixin.py:109} INFO - [2021-09-29 14:10:04,862] {dag.py:1834} INFO - Sync 1 DAGs
[2021-09-29 14:10:04,877] {logging_mixin.py:109} INFO - [2021-09-29 14:10:04,877] {dag.py:2287} INFO - Setting next_dagrun for example_trigger_controller_dag to 2021-09-27 00:00:00+00:00
[2021-09-29 14:10:04,889] {processor.py:170} INFO - Processing /home/airflow/.local/lib/python3.6/site-packages/airflow/example_dags/example_trigger_controller_dag.py took 0.073 seconds
[2021-09-29 14:10:35,027] {processor.py:162} INFO - Started process (PID=3799) to work on /home/airflow/.local/lib/python3.6/site-packages/airflow/example_dags/example_trigger_controller_dag.py
[2021-09-29 14:10:35,029] {processor.py:613} INFO - Processing file /home/airflow/.local/lib/python3.6/site-packages/airflow/example_dags/example_trigger_controller_dag.py for tasks to queue
[2021-09-29 14:10:35,030] {logging_mixin.py:109} INFO - [2021-09-29 14:10:35,030] {dagbag.py:496} INFO - Filling up the DagBag from /home/airflow/.local/lib/python3.6/site-packages/airflow/example_dags/example_trigger_controller_dag.py
[2021-09-29 14:10:35,043] {processor.py:623} INFO - DAG(s) dict_keys(['example_trigger_controller_dag']) retrieved from /home/airflow/.local/lib/python3.6/site-packages/airflow/example_dags/example_trigger_controller_dag.py
[2021-09-29 14:10:35,068] {logging_mixin.py:109} INFO - [2021-09-29 14:10:35,068] {dag.py:1834} INFO - Sync 1 DAGs
[2021-09-29 14:10:35,083] {logging_mixin.py:109} INFO - [2021-09-29 14:10:35,083] {dag.py:2287} INFO - Setting next_dagrun for example_trigger_controller_dag to 2021-09-27 00:00:00+00:00
[2021-09-29 14:10:35,092] {processor.py:170} INFO - Processing /home/airflow/.local/lib/python3.6/site-packages/airflow/example_dags/example_trigger_controller_dag.py took 0.069 seconds
[2021-09-29 14:11:05,443] {processor.py:162} INFO - Started process (PID=3995) to work on /home/airflow/.local/lib/python3.6/site-packages/airflow/example_dags/example_trigger_controller_dag.py
[2021-09-29 14:11:05,445] {processor.py:613} INFO - Processing file /home/airflow/.local/lib/python3.6/site-packages/airflow/example_dags/example_trigger_controller_dag.py for tasks to queue
[2021-09-29 14:11:05,446] {logging_mixin.py:109} INFO - [2021-09-29 14:11:05,446] {dagbag.py:496} INFO - Filling up the DagBag from /home/airflow/.local/lib/python3.6/site-packages/airflow/example_dags/example_trigger_controller_dag.py
[2021-09-29 14:11:05,459] {processor.py:623} INFO - DAG(s) dict_keys(['example_trigger_controller_dag']) retrieved from /home/airflow/.local/lib/python3.6/site-packages/airflow/example_dags/example_trigger_controller_dag.py
[2021-09-29 14:11:05,485] {logging_mixin.py:109} INFO - [2021-09-29 14:11:05,485] {dag.py:1834} INFO - Sync 1 DAGs
[2021-09-29 14:11:05,500] {logging_mixin.py:109} INFO - [2021-09-29 14:11:05,500] {dag.py:2287} INFO - Setting next_dagrun for example_trigger_controller_dag to 2021-09-27 00:00:00+00:00
[2021-09-29 14:11:05,511] {processor.py:170} INFO - Processing /home/airflow/.local/lib/python3.6/site-packages/airflow/example_dags/example_trigger_controller_dag.py took 0.074 seconds
[2021-09-29 14:11:36,135] {processor.py:162} INFO - Started process (PID=4191) to work on /home/airflow/.local/lib/python3.6/site-packages/airflow/example_dags/example_trigger_controller_dag.py
[2021-09-29 14:11:36,137] {processor.py:613} INFO - Processing file /home/airflow/.local/lib/python3.6/site-packages/airflow/example_dags/example_trigger_controller_dag.py for tasks to queue
[2021-09-29 14:11:36,139] {logging_mixin.py:109} INFO - [2021-09-29 14:11:36,138] {dagbag.py:496} INFO - Filling up the DagBag from /home/airflow/.local/lib/python3.6/site-packages/airflow/example_dags/example_trigger_controller_dag.py
[2021-09-29 14:11:36,152] {processor.py:623} INFO - DAG(s) dict_keys(['example_trigger_controller_dag']) retrieved from /home/airflow/.local/lib/python3.6/site-packages/airflow/example_dags/example_trigger_controller_dag.py
[2021-09-29 14:11:36,177] {logging_mixin.py:109} INFO - [2021-09-29 14:11:36,177] {dag.py:1834} INFO - Sync 1 DAGs
[2021-09-29 14:11:36,194] {logging_mixin.py:109} INFO - [2021-09-29 14:11:36,193] {dag.py:2287} INFO - Setting next_dagrun for example_trigger_controller_dag to 2021-09-27 00:00:00+00:00
[2021-09-29 14:11:36,204] {processor.py:170} INFO - Processing /home/airflow/.local/lib/python3.6/site-packages/airflow/example_dags/example_trigger_controller_dag.py took 0.073 seconds
[2021-09-29 14:12:06,545] {processor.py:162} INFO - Started process (PID=4386) to work on /home/airflow/.local/lib/python3.6/site-packages/airflow/example_dags/example_trigger_controller_dag.py
[2021-09-29 14:12:06,547] {processor.py:613} INFO - Processing file /home/airflow/.local/lib/python3.6/site-packages/airflow/example_dags/example_trigger_controller_dag.py for tasks to queue
[2021-09-29 14:12:06,549] {logging_mixin.py:109} INFO - [2021-09-29 14:12:06,549] {dagbag.py:496} INFO - Filling up the DagBag from /home/airflow/.local/lib/python3.6/site-packages/airflow/example_dags/example_trigger_controller_dag.py
[2021-09-29 14:12:06,563] {processor.py:623} INFO - DAG(s) dict_keys(['example_trigger_controller_dag']) retrieved from /home/airflow/.local/lib/python3.6/site-packages/airflow/example_dags/example_trigger_controller_dag.py
[2021-09-29 14:12:06,592] {logging_mixin.py:109} INFO - [2021-09-29 14:12:06,592] {dag.py:1834} INFO - Sync 1 DAGs
[2021-09-29 14:12:06,609] {logging_mixin.py:109} INFO - [2021-09-29 14:12:06,609] {dag.py:2287} INFO - Setting next_dagrun for example_trigger_controller_dag to 2021-09-27 00:00:00+00:00
[2021-09-29 14:12:06,622] {processor.py:170} INFO - Processing /home/airflow/.local/lib/python3.6/site-packages/airflow/example_dags/example_trigger_controller_dag.py took 0.081 seconds
[2021-09-29 14:12:37,147] {processor.py:162} INFO - Started process (PID=4598) to work on /home/airflow/.local/lib/python3.6/site-packages/airflow/example_dags/example_trigger_controller_dag.py
[2021-09-29 14:12:37,150] {processor.py:613} INFO - Processing file /home/airflow/.local/lib/python3.6/site-packages/airflow/example_dags/example_trigger_controller_dag.py for tasks to queue
[2021-09-29 14:12:37,152] {logging_mixin.py:109} INFO - [2021-09-29 14:12:37,152] {dagbag.py:496} INFO - Filling up the DagBag from /home/airflow/.local/lib/python3.6/site-packages/airflow/example_dags/example_trigger_controller_dag.py
[2021-09-29 14:12:37,168] {processor.py:623} INFO - DAG(s) dict_keys(['example_trigger_controller_dag']) retrieved from /home/airflow/.local/lib/python3.6/site-packages/airflow/example_dags/example_trigger_controller_dag.py
[2021-09-29 14:12:37,198] {logging_mixin.py:109} INFO - [2021-09-29 14:12:37,198] {dag.py:1834} INFO - Sync 1 DAGs
[2021-09-29 14:12:37,217] {logging_mixin.py:109} INFO - [2021-09-29 14:12:37,217] {dag.py:2287} INFO - Setting next_dagrun for example_trigger_controller_dag to 2021-09-27 00:00:00+00:00
[2021-09-29 14:12:37,228] {processor.py:170} INFO - Processing /home/airflow/.local/lib/python3.6/site-packages/airflow/example_dags/example_trigger_controller_dag.py took 0.085 seconds
[2021-09-29 14:13:07,436] {processor.py:162} INFO - Started process (PID=4790) to work on /home/airflow/.local/lib/python3.6/site-packages/airflow/example_dags/example_trigger_controller_dag.py
[2021-09-29 14:13:07,438] {processor.py:613} INFO - Processing file /home/airflow/.local/lib/python3.6/site-packages/airflow/example_dags/example_trigger_controller_dag.py for tasks to queue
[2021-09-29 14:13:07,440] {logging_mixin.py:109} INFO - [2021-09-29 14:13:07,440] {dagbag.py:496} INFO - Filling up the DagBag from /home/airflow/.local/lib/python3.6/site-packages/airflow/example_dags/example_trigger_controller_dag.py
[2021-09-29 14:13:07,454] {processor.py:623} INFO - DAG(s) dict_keys(['example_trigger_controller_dag']) retrieved from /home/airflow/.local/lib/python3.6/site-packages/airflow/example_dags/example_trigger_controller_dag.py
[2021-09-29 14:13:07,500] {logging_mixin.py:109} INFO - [2021-09-29 14:13:07,499] {dag.py:1834} INFO - Sync 1 DAGs
[2021-09-29 14:13:07,522] {logging_mixin.py:109} INFO - [2021-09-29 14:13:07,522] {dag.py:2287} INFO - Setting next_dagrun for example_trigger_controller_dag to 2021-09-27 00:00:00+00:00
[2021-09-29 14:13:07,539] {processor.py:170} INFO - Processing /home/airflow/.local/lib/python3.6/site-packages/airflow/example_dags/example_trigger_controller_dag.py took 0.107 seconds
[2021-09-29 14:13:37,885] {processor.py:162} INFO - Started process (PID=4991) to work on /home/airflow/.local/lib/python3.6/site-packages/airflow/example_dags/example_trigger_controller_dag.py
[2021-09-29 14:13:37,888] {processor.py:613} INFO - Processing file /home/airflow/.local/lib/python3.6/site-packages/airflow/example_dags/example_trigger_controller_dag.py for tasks to queue
[2021-09-29 14:13:37,889] {logging_mixin.py:109} INFO - [2021-09-29 14:13:37,889] {dagbag.py:496} INFO - Filling up the DagBag from /home/airflow/.local/lib/python3.6/site-packages/airflow/example_dags/example_trigger_controller_dag.py
[2021-09-29 14:13:37,901] {processor.py:623} INFO - DAG(s) dict_keys(['example_trigger_controller_dag']) retrieved from /home/airflow/.local/lib/python3.6/site-packages/airflow/example_dags/example_trigger_controller_dag.py
[2021-09-29 14:13:37,927] {logging_mixin.py:109} INFO - [2021-09-29 14:13:37,927] {dag.py:1834} INFO - Sync 1 DAGs
[2021-09-29 14:13:37,944] {logging_mixin.py:109} INFO - [2021-09-29 14:13:37,944] {dag.py:2287} INFO - Setting next_dagrun for example_trigger_controller_dag to 2021-09-27 00:00:00+00:00
[2021-09-29 14:13:37,955] {processor.py:170} INFO - Processing /home/airflow/.local/lib/python3.6/site-packages/airflow/example_dags/example_trigger_controller_dag.py took 0.074 seconds
[2021-09-29 14:14:08,513] {processor.py:162} INFO - Started process (PID=5213) to work on /home/airflow/.local/lib/python3.6/site-packages/airflow/example_dags/example_trigger_controller_dag.py
[2021-09-29 14:14:08,515] {processor.py:613} INFO - Processing file /home/airflow/.local/lib/python3.6/site-packages/airflow/example_dags/example_trigger_controller_dag.py for tasks to queue
[2021-09-29 14:14:08,516] {logging_mixin.py:109} INFO - [2021-09-29 14:14:08,516] {dagbag.py:496} INFO - Filling up the DagBag from /home/airflow/.local/lib/python3.6/site-packages/airflow/example_dags/example_trigger_controller_dag.py
[2021-09-29 14:14:08,528] {processor.py:623} INFO - DAG(s) dict_keys(['example_trigger_controller_dag']) retrieved from /home/airflow/.local/lib/python3.6/site-packages/airflow/example_dags/example_trigger_controller_dag.py
[2021-09-29 14:14:08,553] {logging_mixin.py:109} INFO - [2021-09-29 14:14:08,553] {dag.py:1834} INFO - Sync 1 DAGs
[2021-09-29 14:14:08,567] {logging_mixin.py:109} INFO - [2021-09-29 14:14:08,567] {dag.py:2287} INFO - Setting next_dagrun for example_trigger_controller_dag to 2021-09-27 00:00:00+00:00
[2021-09-29 14:14:08,576] {processor.py:170} INFO - Processing /home/airflow/.local/lib/python3.6/site-packages/airflow/example_dags/example_trigger_controller_dag.py took 0.066 seconds
[2021-09-29 14:14:38,801] {processor.py:162} INFO - Started process (PID=5408) to work on /home/airflow/.local/lib/python3.6/site-packages/airflow/example_dags/example_trigger_controller_dag.py
[2021-09-29 14:14:38,803] {processor.py:613} INFO - Processing file /home/airflow/.local/lib/python3.6/site-packages/airflow/example_dags/example_trigger_controller_dag.py for tasks to queue
[2021-09-29 14:14:38,805] {logging_mixin.py:109} INFO - [2021-09-29 14:14:38,805] {dagbag.py:496} INFO - Filling up the DagBag from /home/airflow/.local/lib/python3.6/site-packages/airflow/example_dags/example_trigger_controller_dag.py
[2021-09-29 14:14:38,819] {processor.py:623} INFO - DAG(s) dict_keys(['example_trigger_controller_dag']) retrieved from /home/airflow/.local/lib/python3.6/site-packages/airflow/example_dags/example_trigger_controller_dag.py
[2021-09-29 14:14:38,848] {logging_mixin.py:109} INFO - [2021-09-29 14:14:38,848] {dag.py:1834} INFO - Sync 1 DAGs
[2021-09-29 14:14:38,865] {logging_mixin.py:109} INFO - [2021-09-29 14:14:38,865] {dag.py:2287} INFO - Setting next_dagrun for example_trigger_controller_dag to 2021-09-27 00:00:00+00:00
[2021-09-29 14:14:38,879] {processor.py:170} INFO - Processing /home/airflow/.local/lib/python3.6/site-packages/airflow/example_dags/example_trigger_controller_dag.py took 0.082 seconds
[2021-09-29 14:15:09,295] {processor.py:162} INFO - Started process (PID=5612) to work on /home/airflow/.local/lib/python3.6/site-packages/airflow/example_dags/example_trigger_controller_dag.py
[2021-09-29 14:15:09,298] {processor.py:613} INFO - Processing file /home/airflow/.local/lib/python3.6/site-packages/airflow/example_dags/example_trigger_controller_dag.py for tasks to queue
[2021-09-29 14:15:09,300] {logging_mixin.py:109} INFO - [2021-09-29 14:15:09,299] {dagbag.py:496} INFO - Filling up the DagBag from /home/airflow/.local/lib/python3.6/site-packages/airflow/example_dags/example_trigger_controller_dag.py
[2021-09-29 14:15:09,313] {processor.py:623} INFO - DAG(s) dict_keys(['example_trigger_controller_dag']) retrieved from /home/airflow/.local/lib/python3.6/site-packages/airflow/example_dags/example_trigger_controller_dag.py
[2021-09-29 14:15:09,343] {logging_mixin.py:109} INFO - [2021-09-29 14:15:09,343] {dag.py:1834} INFO - Sync 1 DAGs
[2021-09-29 14:15:09,358] {logging_mixin.py:109} INFO - [2021-09-29 14:15:09,358] {dag.py:2287} INFO - Setting next_dagrun for example_trigger_controller_dag to 2021-09-27 00:00:00+00:00
[2021-09-29 14:15:09,369] {processor.py:170} INFO - Processing /home/airflow/.local/lib/python3.6/site-packages/airflow/example_dags/example_trigger_controller_dag.py took 0.078 seconds
[2021-09-29 14:15:39,654] {processor.py:162} INFO - Started process (PID=5825) to work on /home/airflow/.local/lib/python3.6/site-packages/airflow/example_dags/example_trigger_controller_dag.py
[2021-09-29 14:15:39,656] {processor.py:613} INFO - Processing file /home/airflow/.local/lib/python3.6/site-packages/airflow/example_dags/example_trigger_controller_dag.py for tasks to queue
[2021-09-29 14:15:39,658] {logging_mixin.py:109} INFO - [2021-09-29 14:15:39,658] {dagbag.py:496} INFO - Filling up the DagBag from /home/airflow/.local/lib/python3.6/site-packages/airflow/example_dags/example_trigger_controller_dag.py
[2021-09-29 14:15:39,673] {processor.py:623} INFO - DAG(s) dict_keys(['example_trigger_controller_dag']) retrieved from /home/airflow/.local/lib/python3.6/site-packages/airflow/example_dags/example_trigger_controller_dag.py
[2021-09-29 14:15:39,705] {logging_mixin.py:109} INFO - [2021-09-29 14:15:39,705] {dag.py:1834} INFO - Sync 1 DAGs
[2021-09-29 14:15:39,724] {logging_mixin.py:109} INFO - [2021-09-29 14:15:39,724] {dag.py:2287} INFO - Setting next_dagrun for example_trigger_controller_dag to 2021-09-27 00:00:00+00:00
[2021-09-29 14:15:39,739] {processor.py:170} INFO - Processing /home/airflow/.local/lib/python3.6/site-packages/airflow/example_dags/example_trigger_controller_dag.py took 0.090 seconds
[2021-09-29 14:16:09,970] {processor.py:162} INFO - Started process (PID=6021) to work on /home/airflow/.local/lib/python3.6/site-packages/airflow/example_dags/example_trigger_controller_dag.py
[2021-09-29 14:16:09,972] {processor.py:613} INFO - Processing file /home/airflow/.local/lib/python3.6/site-packages/airflow/example_dags/example_trigger_controller_dag.py for tasks to queue
[2021-09-29 14:16:09,974] {logging_mixin.py:109} INFO - [2021-09-29 14:16:09,974] {dagbag.py:496} INFO - Filling up the DagBag from /home/airflow/.local/lib/python3.6/site-packages/airflow/example_dags/example_trigger_controller_dag.py
[2021-09-29 14:16:09,988] {processor.py:623} INFO - DAG(s) dict_keys(['example_trigger_controller_dag']) retrieved from /home/airflow/.local/lib/python3.6/site-packages/airflow/example_dags/example_trigger_controller_dag.py
[2021-09-29 14:16:10,015] {logging_mixin.py:109} INFO - [2021-09-29 14:16:10,015] {dag.py:1834} INFO - Sync 1 DAGs
[2021-09-29 14:16:10,031] {logging_mixin.py:109} INFO - [2021-09-29 14:16:10,031] {dag.py:2287} INFO - Setting next_dagrun for example_trigger_controller_dag to 2021-09-27 00:00:00+00:00
[2021-09-29 14:16:10,044] {processor.py:170} INFO - Processing /home/airflow/.local/lib/python3.6/site-packages/airflow/example_dags/example_trigger_controller_dag.py took 0.077 seconds
[2021-09-29 14:16:40,337] {processor.py:162} INFO - Started process (PID=6224) to work on /home/airflow/.local/lib/python3.6/site-packages/airflow/example_dags/example_trigger_controller_dag.py
[2021-09-29 14:16:40,339] {processor.py:613} INFO - Processing file /home/airflow/.local/lib/python3.6/site-packages/airflow/example_dags/example_trigger_controller_dag.py for tasks to queue
[2021-09-29 14:16:40,341] {logging_mixin.py:109} INFO - [2021-09-29 14:16:40,341] {dagbag.py:496} INFO - Filling up the DagBag from /home/airflow/.local/lib/python3.6/site-packages/airflow/example_dags/example_trigger_controller_dag.py
[2021-09-29 14:16:40,352] {processor.py:623} INFO - DAG(s) dict_keys(['example_trigger_controller_dag']) retrieved from /home/airflow/.local/lib/python3.6/site-packages/airflow/example_dags/example_trigger_controller_dag.py
[2021-09-29 14:16:40,377] {logging_mixin.py:109} INFO - [2021-09-29 14:16:40,377] {dag.py:1834} INFO - Sync 1 DAGs
[2021-09-29 14:16:40,391] {logging_mixin.py:109} INFO - [2021-09-29 14:16:40,391] {dag.py:2287} INFO - Setting next_dagrun for example_trigger_controller_dag to 2021-09-27 00:00:00+00:00
[2021-09-29 14:16:40,400] {processor.py:170} INFO - Processing /home/airflow/.local/lib/python3.6/site-packages/airflow/example_dags/example_trigger_controller_dag.py took 0.067 seconds
[2021-09-29 14:17:10,944] {processor.py:162} INFO - Started process (PID=6415) to work on /home/airflow/.local/lib/python3.6/site-packages/airflow/example_dags/example_trigger_controller_dag.py
[2021-09-29 14:17:10,947] {processor.py:613} INFO - Processing file /home/airflow/.local/lib/python3.6/site-packages/airflow/example_dags/example_trigger_controller_dag.py for tasks to queue
[2021-09-29 14:17:10,950] {logging_mixin.py:109} INFO - [2021-09-29 14:17:10,949] {dagbag.py:496} INFO - Filling up the DagBag from /home/airflow/.local/lib/python3.6/site-packages/airflow/example_dags/example_trigger_controller_dag.py
[2021-09-29 14:17:10,969] {processor.py:623} INFO - DAG(s) dict_keys(['example_trigger_controller_dag']) retrieved from /home/airflow/.local/lib/python3.6/site-packages/airflow/example_dags/example_trigger_controller_dag.py
[2021-09-29 14:17:10,998] {logging_mixin.py:109} INFO - [2021-09-29 14:17:10,998] {dag.py:1834} INFO - Sync 1 DAGs
[2021-09-29 14:17:11,016] {logging_mixin.py:109} INFO - [2021-09-29 14:17:11,016] {dag.py:2287} INFO - Setting next_dagrun for example_trigger_controller_dag to 2021-09-27 00:00:00+00:00
[2021-09-29 14:17:11,030] {processor.py:170} INFO - Processing /home/airflow/.local/lib/python3.6/site-packages/airflow/example_dags/example_trigger_controller_dag.py took 0.091 seconds
[2021-09-29 14:17:41,448] {processor.py:162} INFO - Started process (PID=6624) to work on /home/airflow/.local/lib/python3.6/site-packages/airflow/example_dags/example_trigger_controller_dag.py
[2021-09-29 14:17:41,450] {processor.py:613} INFO - Processing file /home/airflow/.local/lib/python3.6/site-packages/airflow/example_dags/example_trigger_controller_dag.py for tasks to queue
[2021-09-29 14:17:41,452] {logging_mixin.py:109} INFO - [2021-09-29 14:17:41,452] {dagbag.py:496} INFO - Filling up the DagBag from /home/airflow/.local/lib/python3.6/site-packages/airflow/example_dags/example_trigger_controller_dag.py
[2021-09-29 14:17:41,467] {processor.py:623} INFO - DAG(s) dict_keys(['example_trigger_controller_dag']) retrieved from /home/airflow/.local/lib/python3.6/site-packages/airflow/example_dags/example_trigger_controller_dag.py
[2021-09-29 14:17:41,496] {logging_mixin.py:109} INFO - [2021-09-29 14:17:41,496] {dag.py:1834} INFO - Sync 1 DAGs
[2021-09-29 14:17:41,514] {logging_mixin.py:109} INFO - [2021-09-29 14:17:41,514] {dag.py:2287} INFO - Setting next_dagrun for example_trigger_controller_dag to 2021-09-27 00:00:00+00:00
[2021-09-29 14:17:41,534] {processor.py:170} INFO - Processing /home/airflow/.local/lib/python3.6/site-packages/airflow/example_dags/example_trigger_controller_dag.py took 0.090 seconds
[2021-09-29 14:18:11,650] {processor.py:162} INFO - Started process (PID=6836) to work on /home/airflow/.local/lib/python3.6/site-packages/airflow/example_dags/example_trigger_controller_dag.py
[2021-09-29 14:18:11,652] {processor.py:613} INFO - Processing file /home/airflow/.local/lib/python3.6/site-packages/airflow/example_dags/example_trigger_controller_dag.py for tasks to queue
[2021-09-29 14:18:11,654] {logging_mixin.py:109} INFO - [2021-09-29 14:18:11,654] {dagbag.py:496} INFO - Filling up the DagBag from /home/airflow/.local/lib/python3.6/site-packages/airflow/example_dags/example_trigger_controller_dag.py
[2021-09-29 14:18:11,668] {processor.py:623} INFO - DAG(s) dict_keys(['example_trigger_controller_dag']) retrieved from /home/airflow/.local/lib/python3.6/site-packages/airflow/example_dags/example_trigger_controller_dag.py
[2021-09-29 14:18:11,697] {logging_mixin.py:109} INFO - [2021-09-29 14:18:11,697] {dag.py:1834} INFO - Sync 1 DAGs
[2021-09-29 14:18:11,715] {logging_mixin.py:109} INFO - [2021-09-29 14:18:11,715] {dag.py:2287} INFO - Setting next_dagrun for example_trigger_controller_dag to 2021-09-27 00:00:00+00:00
[2021-09-29 14:18:11,729] {processor.py:170} INFO - Processing /home/airflow/.local/lib/python3.6/site-packages/airflow/example_dags/example_trigger_controller_dag.py took 0.083 seconds
[2021-09-29 14:18:42,330] {processor.py:162} INFO - Started process (PID=7034) to work on /home/airflow/.local/lib/python3.6/site-packages/airflow/example_dags/example_trigger_controller_dag.py
[2021-09-29 14:18:42,333] {processor.py:613} INFO - Processing file /home/airflow/.local/lib/python3.6/site-packages/airflow/example_dags/example_trigger_controller_dag.py for tasks to queue
[2021-09-29 14:18:42,335] {logging_mixin.py:109} INFO - [2021-09-29 14:18:42,335] {dagbag.py:496} INFO - Filling up the DagBag from /home/airflow/.local/lib/python3.6/site-packages/airflow/example_dags/example_trigger_controller_dag.py
[2021-09-29 14:18:42,348] {processor.py:623} INFO - DAG(s) dict_keys(['example_trigger_controller_dag']) retrieved from /home/airflow/.local/lib/python3.6/site-packages/airflow/example_dags/example_trigger_controller_dag.py
[2021-09-29 14:18:42,374] {logging_mixin.py:109} INFO - [2021-09-29 14:18:42,374] {dag.py:1834} INFO - Sync 1 DAGs
[2021-09-29 14:18:42,392] {logging_mixin.py:109} INFO - [2021-09-29 14:18:42,391] {dag.py:2287} INFO - Setting next_dagrun for example_trigger_controller_dag to 2021-09-27 00:00:00+00:00
[2021-09-29 14:18:42,404] {processor.py:170} INFO - Processing /home/airflow/.local/lib/python3.6/site-packages/airflow/example_dags/example_trigger_controller_dag.py took 0.078 seconds
[2021-09-29 14:19:12,631] {processor.py:162} INFO - Started process (PID=7235) to work on /home/airflow/.local/lib/python3.6/site-packages/airflow/example_dags/example_trigger_controller_dag.py
[2021-09-29 14:19:12,633] {processor.py:613} INFO - Processing file /home/airflow/.local/lib/python3.6/site-packages/airflow/example_dags/example_trigger_controller_dag.py for tasks to queue
[2021-09-29 14:19:12,634] {logging_mixin.py:109} INFO - [2021-09-29 14:19:12,634] {dagbag.py:496} INFO - Filling up the DagBag from /home/airflow/.local/lib/python3.6/site-packages/airflow/example_dags/example_trigger_controller_dag.py
[2021-09-29 14:19:12,645] {processor.py:623} INFO - DAG(s) dict_keys(['example_trigger_controller_dag']) retrieved from /home/airflow/.local/lib/python3.6/site-packages/airflow/example_dags/example_trigger_controller_dag.py
[2021-09-29 14:19:12,666] {logging_mixin.py:109} INFO - [2021-09-29 14:19:12,666] {dag.py:1834} INFO - Sync 1 DAGs
[2021-09-29 14:19:12,679] {logging_mixin.py:109} INFO - [2021-09-29 14:19:12,679] {dag.py:2287} INFO - Setting next_dagrun for example_trigger_controller_dag to 2021-09-27 00:00:00+00:00
[2021-09-29 14:19:12,690] {processor.py:170} INFO - Processing /home/airflow/.local/lib/python3.6/site-packages/airflow/example_dags/example_trigger_controller_dag.py took 0.067 seconds
