[2021-09-29 14:01:50,647] {processor.py:162} INFO - Started process (PID=242) to work on /home/airflow/.local/lib/python3.6/site-packages/airflow/example_dags/example_branch_python_dop_operator_3.py
[2021-09-29 14:01:50,649] {processor.py:613} INFO - Processing file /home/airflow/.local/lib/python3.6/site-packages/airflow/example_dags/example_branch_python_dop_operator_3.py for tasks to queue
[2021-09-29 14:01:50,651] {logging_mixin.py:109} INFO - [2021-09-29 14:01:50,651] {dagbag.py:496} INFO - Filling up the DagBag from /home/airflow/.local/lib/python3.6/site-packages/airflow/example_dags/example_branch_python_dop_operator_3.py
[2021-09-29 14:01:50,670] {processor.py:623} INFO - DAG(s) dict_keys(['example_branch_dop_operator_v3']) retrieved from /home/airflow/.local/lib/python3.6/site-packages/airflow/example_dags/example_branch_python_dop_operator_3.py
[2021-09-29 14:01:50,954] {logging_mixin.py:109} INFO - [2021-09-29 14:01:50,954] {dag.py:1834} INFO - Sync 1 DAGs
[2021-09-29 14:01:50,985] {logging_mixin.py:109} INFO - [2021-09-29 14:01:50,984] {dag.py:2287} INFO - Setting next_dagrun for example_branch_dop_operator_v3 to 2021-09-27 00:00:00+00:00
[2021-09-29 14:01:51,003] {processor.py:170} INFO - Processing /home/airflow/.local/lib/python3.6/site-packages/airflow/example_dags/example_branch_python_dop_operator_3.py took 0.361 seconds
[2021-09-29 14:02:21,684] {processor.py:162} INFO - Started process (PID=433) to work on /home/airflow/.local/lib/python3.6/site-packages/airflow/example_dags/example_branch_python_dop_operator_3.py
[2021-09-29 14:02:21,686] {processor.py:613} INFO - Processing file /home/airflow/.local/lib/python3.6/site-packages/airflow/example_dags/example_branch_python_dop_operator_3.py for tasks to queue
[2021-09-29 14:02:21,688] {logging_mixin.py:109} INFO - [2021-09-29 14:02:21,688] {dagbag.py:496} INFO - Filling up the DagBag from /home/airflow/.local/lib/python3.6/site-packages/airflow/example_dags/example_branch_python_dop_operator_3.py
[2021-09-29 14:02:21,707] {processor.py:623} INFO - DAG(s) dict_keys(['example_branch_dop_operator_v3']) retrieved from /home/airflow/.local/lib/python3.6/site-packages/airflow/example_dags/example_branch_python_dop_operator_3.py
[2021-09-29 14:02:21,736] {logging_mixin.py:109} INFO - [2021-09-29 14:02:21,736] {dag.py:1834} INFO - Sync 1 DAGs
[2021-09-29 14:02:21,767] {logging_mixin.py:109} INFO - [2021-09-29 14:02:21,767] {dag.py:2287} INFO - Setting next_dagrun for example_branch_dop_operator_v3 to 2021-09-27 00:00:00+00:00
[2021-09-29 14:02:21,780] {processor.py:170} INFO - Processing /home/airflow/.local/lib/python3.6/site-packages/airflow/example_dags/example_branch_python_dop_operator_3.py took 0.102 seconds
[2021-09-29 14:02:51,957] {processor.py:162} INFO - Started process (PID=619) to work on /home/airflow/.local/lib/python3.6/site-packages/airflow/example_dags/example_branch_python_dop_operator_3.py
[2021-09-29 14:02:51,960] {processor.py:613} INFO - Processing file /home/airflow/.local/lib/python3.6/site-packages/airflow/example_dags/example_branch_python_dop_operator_3.py for tasks to queue
[2021-09-29 14:02:51,961] {logging_mixin.py:109} INFO - [2021-09-29 14:02:51,961] {dagbag.py:496} INFO - Filling up the DagBag from /home/airflow/.local/lib/python3.6/site-packages/airflow/example_dags/example_branch_python_dop_operator_3.py
[2021-09-29 14:02:51,981] {processor.py:623} INFO - DAG(s) dict_keys(['example_branch_dop_operator_v3']) retrieved from /home/airflow/.local/lib/python3.6/site-packages/airflow/example_dags/example_branch_python_dop_operator_3.py
[2021-09-29 14:02:52,011] {logging_mixin.py:109} INFO - [2021-09-29 14:02:52,011] {dag.py:1834} INFO - Sync 1 DAGs
[2021-09-29 14:02:52,037] {logging_mixin.py:109} INFO - [2021-09-29 14:02:52,037] {dag.py:2287} INFO - Setting next_dagrun for example_branch_dop_operator_v3 to 2021-09-27 00:00:00+00:00
[2021-09-29 14:02:52,048] {processor.py:170} INFO - Processing /home/airflow/.local/lib/python3.6/site-packages/airflow/example_dags/example_branch_python_dop_operator_3.py took 0.096 seconds
[2021-09-29 14:03:22,416] {processor.py:162} INFO - Started process (PID=837) to work on /home/airflow/.local/lib/python3.6/site-packages/airflow/example_dags/example_branch_python_dop_operator_3.py
[2021-09-29 14:03:22,419] {processor.py:613} INFO - Processing file /home/airflow/.local/lib/python3.6/site-packages/airflow/example_dags/example_branch_python_dop_operator_3.py for tasks to queue
[2021-09-29 14:03:22,420] {logging_mixin.py:109} INFO - [2021-09-29 14:03:22,420] {dagbag.py:496} INFO - Filling up the DagBag from /home/airflow/.local/lib/python3.6/site-packages/airflow/example_dags/example_branch_python_dop_operator_3.py
[2021-09-29 14:03:22,438] {processor.py:623} INFO - DAG(s) dict_keys(['example_branch_dop_operator_v3']) retrieved from /home/airflow/.local/lib/python3.6/site-packages/airflow/example_dags/example_branch_python_dop_operator_3.py
[2021-09-29 14:03:22,466] {logging_mixin.py:109} INFO - [2021-09-29 14:03:22,466] {dag.py:1834} INFO - Sync 1 DAGs
[2021-09-29 14:03:22,494] {logging_mixin.py:109} INFO - [2021-09-29 14:03:22,493] {dag.py:2287} INFO - Setting next_dagrun for example_branch_dop_operator_v3 to 2021-09-27 00:00:00+00:00
[2021-09-29 14:03:22,505] {processor.py:170} INFO - Processing /home/airflow/.local/lib/python3.6/site-packages/airflow/example_dags/example_branch_python_dop_operator_3.py took 0.093 seconds
[2021-09-29 14:03:53,064] {processor.py:162} INFO - Started process (PID=1075) to work on /home/airflow/.local/lib/python3.6/site-packages/airflow/example_dags/example_branch_python_dop_operator_3.py
[2021-09-29 14:03:53,068] {processor.py:613} INFO - Processing file /home/airflow/.local/lib/python3.6/site-packages/airflow/example_dags/example_branch_python_dop_operator_3.py for tasks to queue
[2021-09-29 14:03:53,069] {logging_mixin.py:109} INFO - [2021-09-29 14:03:53,069] {dagbag.py:496} INFO - Filling up the DagBag from /home/airflow/.local/lib/python3.6/site-packages/airflow/example_dags/example_branch_python_dop_operator_3.py
[2021-09-29 14:03:53,089] {processor.py:623} INFO - DAG(s) dict_keys(['example_branch_dop_operator_v3']) retrieved from /home/airflow/.local/lib/python3.6/site-packages/airflow/example_dags/example_branch_python_dop_operator_3.py
[2021-09-29 14:03:53,119] {logging_mixin.py:109} INFO - [2021-09-29 14:03:53,119] {dag.py:1834} INFO - Sync 1 DAGs
[2021-09-29 14:03:53,148] {logging_mixin.py:109} INFO - [2021-09-29 14:03:53,147] {dag.py:2287} INFO - Setting next_dagrun for example_branch_dop_operator_v3 to 2021-09-27 00:00:00+00:00
[2021-09-29 14:03:53,160] {processor.py:170} INFO - Processing /home/airflow/.local/lib/python3.6/site-packages/airflow/example_dags/example_branch_python_dop_operator_3.py took 0.109 seconds
[2021-09-29 14:04:23,856] {processor.py:162} INFO - Started process (PID=1299) to work on /home/airflow/.local/lib/python3.6/site-packages/airflow/example_dags/example_branch_python_dop_operator_3.py
[2021-09-29 14:04:23,859] {processor.py:613} INFO - Processing file /home/airflow/.local/lib/python3.6/site-packages/airflow/example_dags/example_branch_python_dop_operator_3.py for tasks to queue
[2021-09-29 14:04:23,861] {logging_mixin.py:109} INFO - [2021-09-29 14:04:23,860] {dagbag.py:496} INFO - Filling up the DagBag from /home/airflow/.local/lib/python3.6/site-packages/airflow/example_dags/example_branch_python_dop_operator_3.py
[2021-09-29 14:04:23,879] {processor.py:623} INFO - DAG(s) dict_keys(['example_branch_dop_operator_v3']) retrieved from /home/airflow/.local/lib/python3.6/site-packages/airflow/example_dags/example_branch_python_dop_operator_3.py
[2021-09-29 14:04:23,907] {logging_mixin.py:109} INFO - [2021-09-29 14:04:23,907] {dag.py:1834} INFO - Sync 1 DAGs
[2021-09-29 14:04:23,933] {logging_mixin.py:109} INFO - [2021-09-29 14:04:23,933] {dag.py:2287} INFO - Setting next_dagrun for example_branch_dop_operator_v3 to 2021-09-27 00:00:00+00:00
[2021-09-29 14:04:23,946] {processor.py:170} INFO - Processing /home/airflow/.local/lib/python3.6/site-packages/airflow/example_dags/example_branch_python_dop_operator_3.py took 0.094 seconds
[2021-09-29 14:04:54,074] {processor.py:162} INFO - Started process (PID=1497) to work on /home/airflow/.local/lib/python3.6/site-packages/airflow/example_dags/example_branch_python_dop_operator_3.py
[2021-09-29 14:04:54,076] {processor.py:613} INFO - Processing file /home/airflow/.local/lib/python3.6/site-packages/airflow/example_dags/example_branch_python_dop_operator_3.py for tasks to queue
[2021-09-29 14:04:54,078] {logging_mixin.py:109} INFO - [2021-09-29 14:04:54,078] {dagbag.py:496} INFO - Filling up the DagBag from /home/airflow/.local/lib/python3.6/site-packages/airflow/example_dags/example_branch_python_dop_operator_3.py
[2021-09-29 14:04:54,095] {processor.py:623} INFO - DAG(s) dict_keys(['example_branch_dop_operator_v3']) retrieved from /home/airflow/.local/lib/python3.6/site-packages/airflow/example_dags/example_branch_python_dop_operator_3.py
[2021-09-29 14:04:54,122] {logging_mixin.py:109} INFO - [2021-09-29 14:04:54,122] {dag.py:1834} INFO - Sync 1 DAGs
[2021-09-29 14:04:54,148] {logging_mixin.py:109} INFO - [2021-09-29 14:04:54,148] {dag.py:2287} INFO - Setting next_dagrun for example_branch_dop_operator_v3 to 2021-09-27 00:00:00+00:00
[2021-09-29 14:04:54,160] {processor.py:170} INFO - Processing /home/airflow/.local/lib/python3.6/site-packages/airflow/example_dags/example_branch_python_dop_operator_3.py took 0.090 seconds
[2021-09-29 14:05:24,833] {processor.py:162} INFO - Started process (PID=1713) to work on /home/airflow/.local/lib/python3.6/site-packages/airflow/example_dags/example_branch_python_dop_operator_3.py
[2021-09-29 14:05:24,835] {processor.py:613} INFO - Processing file /home/airflow/.local/lib/python3.6/site-packages/airflow/example_dags/example_branch_python_dop_operator_3.py for tasks to queue
[2021-09-29 14:05:24,837] {logging_mixin.py:109} INFO - [2021-09-29 14:05:24,836] {dagbag.py:496} INFO - Filling up the DagBag from /home/airflow/.local/lib/python3.6/site-packages/airflow/example_dags/example_branch_python_dop_operator_3.py
[2021-09-29 14:05:24,854] {processor.py:623} INFO - DAG(s) dict_keys(['example_branch_dop_operator_v3']) retrieved from /home/airflow/.local/lib/python3.6/site-packages/airflow/example_dags/example_branch_python_dop_operator_3.py
[2021-09-29 14:05:24,881] {logging_mixin.py:109} INFO - [2021-09-29 14:05:24,880] {dag.py:1834} INFO - Sync 1 DAGs
[2021-09-29 14:05:24,906] {logging_mixin.py:109} INFO - [2021-09-29 14:05:24,906] {dag.py:2287} INFO - Setting next_dagrun for example_branch_dop_operator_v3 to 2021-09-27 00:00:00+00:00
[2021-09-29 14:05:24,919] {processor.py:170} INFO - Processing /home/airflow/.local/lib/python3.6/site-packages/airflow/example_dags/example_branch_python_dop_operator_3.py took 0.090 seconds
[2021-09-29 14:05:55,279] {processor.py:162} INFO - Started process (PID=1936) to work on /home/airflow/.local/lib/python3.6/site-packages/airflow/example_dags/example_branch_python_dop_operator_3.py
[2021-09-29 14:05:55,281] {processor.py:613} INFO - Processing file /home/airflow/.local/lib/python3.6/site-packages/airflow/example_dags/example_branch_python_dop_operator_3.py for tasks to queue
[2021-09-29 14:05:55,282] {logging_mixin.py:109} INFO - [2021-09-29 14:05:55,282] {dagbag.py:496} INFO - Filling up the DagBag from /home/airflow/.local/lib/python3.6/site-packages/airflow/example_dags/example_branch_python_dop_operator_3.py
[2021-09-29 14:05:55,300] {processor.py:623} INFO - DAG(s) dict_keys(['example_branch_dop_operator_v3']) retrieved from /home/airflow/.local/lib/python3.6/site-packages/airflow/example_dags/example_branch_python_dop_operator_3.py
[2021-09-29 14:05:55,329] {logging_mixin.py:109} INFO - [2021-09-29 14:05:55,329] {dag.py:1834} INFO - Sync 1 DAGs
[2021-09-29 14:05:55,363] {logging_mixin.py:109} INFO - [2021-09-29 14:05:55,363] {dag.py:2287} INFO - Setting next_dagrun for example_branch_dop_operator_v3 to 2021-09-27 00:00:00+00:00
[2021-09-29 14:05:55,374] {processor.py:170} INFO - Processing /home/airflow/.local/lib/python3.6/site-packages/airflow/example_dags/example_branch_python_dop_operator_3.py took 0.099 seconds
[2021-09-29 14:06:25,748] {processor.py:162} INFO - Started process (PID=2137) to work on /home/airflow/.local/lib/python3.6/site-packages/airflow/example_dags/example_branch_python_dop_operator_3.py
[2021-09-29 14:06:25,750] {processor.py:613} INFO - Processing file /home/airflow/.local/lib/python3.6/site-packages/airflow/example_dags/example_branch_python_dop_operator_3.py for tasks to queue
[2021-09-29 14:06:25,751] {logging_mixin.py:109} INFO - [2021-09-29 14:06:25,751] {dagbag.py:496} INFO - Filling up the DagBag from /home/airflow/.local/lib/python3.6/site-packages/airflow/example_dags/example_branch_python_dop_operator_3.py
[2021-09-29 14:06:25,769] {processor.py:623} INFO - DAG(s) dict_keys(['example_branch_dop_operator_v3']) retrieved from /home/airflow/.local/lib/python3.6/site-packages/airflow/example_dags/example_branch_python_dop_operator_3.py
[2021-09-29 14:06:25,797] {logging_mixin.py:109} INFO - [2021-09-29 14:06:25,796] {dag.py:1834} INFO - Sync 1 DAGs
[2021-09-29 14:06:25,822] {logging_mixin.py:109} INFO - [2021-09-29 14:06:25,822] {dag.py:2287} INFO - Setting next_dagrun for example_branch_dop_operator_v3 to 2021-09-27 00:00:00+00:00
[2021-09-29 14:06:25,834] {processor.py:170} INFO - Processing /home/airflow/.local/lib/python3.6/site-packages/airflow/example_dags/example_branch_python_dop_operator_3.py took 0.090 seconds
[2021-09-29 14:06:56,313] {processor.py:162} INFO - Started process (PID=2336) to work on /home/airflow/.local/lib/python3.6/site-packages/airflow/example_dags/example_branch_python_dop_operator_3.py
[2021-09-29 14:06:56,315] {processor.py:613} INFO - Processing file /home/airflow/.local/lib/python3.6/site-packages/airflow/example_dags/example_branch_python_dop_operator_3.py for tasks to queue
[2021-09-29 14:06:56,317] {logging_mixin.py:109} INFO - [2021-09-29 14:06:56,317] {dagbag.py:496} INFO - Filling up the DagBag from /home/airflow/.local/lib/python3.6/site-packages/airflow/example_dags/example_branch_python_dop_operator_3.py
[2021-09-29 14:06:56,334] {processor.py:623} INFO - DAG(s) dict_keys(['example_branch_dop_operator_v3']) retrieved from /home/airflow/.local/lib/python3.6/site-packages/airflow/example_dags/example_branch_python_dop_operator_3.py
[2021-09-29 14:06:56,363] {logging_mixin.py:109} INFO - [2021-09-29 14:06:56,363] {dag.py:1834} INFO - Sync 1 DAGs
[2021-09-29 14:06:56,390] {logging_mixin.py:109} INFO - [2021-09-29 14:06:56,390] {dag.py:2287} INFO - Setting next_dagrun for example_branch_dop_operator_v3 to 2021-09-27 00:00:00+00:00
[2021-09-29 14:06:56,404] {processor.py:170} INFO - Processing /home/airflow/.local/lib/python3.6/site-packages/airflow/example_dags/example_branch_python_dop_operator_3.py took 0.095 seconds
[2021-09-29 14:07:26,906] {processor.py:162} INFO - Started process (PID=2533) to work on /home/airflow/.local/lib/python3.6/site-packages/airflow/example_dags/example_branch_python_dop_operator_3.py
[2021-09-29 14:07:26,908] {processor.py:613} INFO - Processing file /home/airflow/.local/lib/python3.6/site-packages/airflow/example_dags/example_branch_python_dop_operator_3.py for tasks to queue
[2021-09-29 14:07:26,909] {logging_mixin.py:109} INFO - [2021-09-29 14:07:26,909] {dagbag.py:496} INFO - Filling up the DagBag from /home/airflow/.local/lib/python3.6/site-packages/airflow/example_dags/example_branch_python_dop_operator_3.py
[2021-09-29 14:07:26,927] {processor.py:623} INFO - DAG(s) dict_keys(['example_branch_dop_operator_v3']) retrieved from /home/airflow/.local/lib/python3.6/site-packages/airflow/example_dags/example_branch_python_dop_operator_3.py
[2021-09-29 14:07:26,953] {logging_mixin.py:109} INFO - [2021-09-29 14:07:26,953] {dag.py:1834} INFO - Sync 1 DAGs
[2021-09-29 14:07:26,977] {logging_mixin.py:109} INFO - [2021-09-29 14:07:26,977] {dag.py:2287} INFO - Setting next_dagrun for example_branch_dop_operator_v3 to 2021-09-27 00:00:00+00:00
[2021-09-29 14:07:26,987] {processor.py:170} INFO - Processing /home/airflow/.local/lib/python3.6/site-packages/airflow/example_dags/example_branch_python_dop_operator_3.py took 0.086 seconds
[2021-09-29 14:07:57,333] {processor.py:162} INFO - Started process (PID=2733) to work on /home/airflow/.local/lib/python3.6/site-packages/airflow/example_dags/example_branch_python_dop_operator_3.py
[2021-09-29 14:07:57,337] {processor.py:613} INFO - Processing file /home/airflow/.local/lib/python3.6/site-packages/airflow/example_dags/example_branch_python_dop_operator_3.py for tasks to queue
[2021-09-29 14:07:57,340] {logging_mixin.py:109} INFO - [2021-09-29 14:07:57,340] {dagbag.py:496} INFO - Filling up the DagBag from /home/airflow/.local/lib/python3.6/site-packages/airflow/example_dags/example_branch_python_dop_operator_3.py
[2021-09-29 14:07:57,363] {processor.py:623} INFO - DAG(s) dict_keys(['example_branch_dop_operator_v3']) retrieved from /home/airflow/.local/lib/python3.6/site-packages/airflow/example_dags/example_branch_python_dop_operator_3.py
[2021-09-29 14:07:57,388] {logging_mixin.py:109} INFO - [2021-09-29 14:07:57,388] {dag.py:1834} INFO - Sync 1 DAGs
[2021-09-29 14:07:57,420] {logging_mixin.py:109} INFO - [2021-09-29 14:07:57,419] {dag.py:2287} INFO - Setting next_dagrun for example_branch_dop_operator_v3 to 2021-09-27 00:00:00+00:00
[2021-09-29 14:07:57,431] {processor.py:170} INFO - Processing /home/airflow/.local/lib/python3.6/site-packages/airflow/example_dags/example_branch_python_dop_operator_3.py took 0.102 seconds
[2021-09-29 14:08:27,653] {processor.py:162} INFO - Started process (PID=2931) to work on /home/airflow/.local/lib/python3.6/site-packages/airflow/example_dags/example_branch_python_dop_operator_3.py
[2021-09-29 14:08:27,655] {processor.py:613} INFO - Processing file /home/airflow/.local/lib/python3.6/site-packages/airflow/example_dags/example_branch_python_dop_operator_3.py for tasks to queue
[2021-09-29 14:08:27,657] {logging_mixin.py:109} INFO - [2021-09-29 14:08:27,656] {dagbag.py:496} INFO - Filling up the DagBag from /home/airflow/.local/lib/python3.6/site-packages/airflow/example_dags/example_branch_python_dop_operator_3.py
[2021-09-29 14:08:27,675] {processor.py:623} INFO - DAG(s) dict_keys(['example_branch_dop_operator_v3']) retrieved from /home/airflow/.local/lib/python3.6/site-packages/airflow/example_dags/example_branch_python_dop_operator_3.py
[2021-09-29 14:08:27,705] {logging_mixin.py:109} INFO - [2021-09-29 14:08:27,704] {dag.py:1834} INFO - Sync 1 DAGs
[2021-09-29 14:08:27,732] {logging_mixin.py:109} INFO - [2021-09-29 14:08:27,732] {dag.py:2287} INFO - Setting next_dagrun for example_branch_dop_operator_v3 to 2021-09-27 00:00:00+00:00
[2021-09-29 14:08:27,745] {processor.py:170} INFO - Processing /home/airflow/.local/lib/python3.6/site-packages/airflow/example_dags/example_branch_python_dop_operator_3.py took 0.098 seconds
[2021-09-29 14:08:57,867] {processor.py:162} INFO - Started process (PID=3132) to work on /home/airflow/.local/lib/python3.6/site-packages/airflow/example_dags/example_branch_python_dop_operator_3.py
[2021-09-29 14:08:57,869] {processor.py:613} INFO - Processing file /home/airflow/.local/lib/python3.6/site-packages/airflow/example_dags/example_branch_python_dop_operator_3.py for tasks to queue
[2021-09-29 14:08:57,870] {logging_mixin.py:109} INFO - [2021-09-29 14:08:57,870] {dagbag.py:496} INFO - Filling up the DagBag from /home/airflow/.local/lib/python3.6/site-packages/airflow/example_dags/example_branch_python_dop_operator_3.py
[2021-09-29 14:08:57,883] {processor.py:623} INFO - DAG(s) dict_keys(['example_branch_dop_operator_v3']) retrieved from /home/airflow/.local/lib/python3.6/site-packages/airflow/example_dags/example_branch_python_dop_operator_3.py
[2021-09-29 14:08:57,906] {logging_mixin.py:109} INFO - [2021-09-29 14:08:57,906] {dag.py:1834} INFO - Sync 1 DAGs
[2021-09-29 14:08:57,927] {logging_mixin.py:109} INFO - [2021-09-29 14:08:57,927] {dag.py:2287} INFO - Setting next_dagrun for example_branch_dop_operator_v3 to 2021-09-27 00:00:00+00:00
[2021-09-29 14:08:57,937] {processor.py:170} INFO - Processing /home/airflow/.local/lib/python3.6/site-packages/airflow/example_dags/example_branch_python_dop_operator_3.py took 0.074 seconds
[2021-09-29 14:09:28,292] {processor.py:162} INFO - Started process (PID=3323) to work on /home/airflow/.local/lib/python3.6/site-packages/airflow/example_dags/example_branch_python_dop_operator_3.py
[2021-09-29 14:09:28,294] {processor.py:613} INFO - Processing file /home/airflow/.local/lib/python3.6/site-packages/airflow/example_dags/example_branch_python_dop_operator_3.py for tasks to queue
[2021-09-29 14:09:28,295] {logging_mixin.py:109} INFO - [2021-09-29 14:09:28,295] {dagbag.py:496} INFO - Filling up the DagBag from /home/airflow/.local/lib/python3.6/site-packages/airflow/example_dags/example_branch_python_dop_operator_3.py
[2021-09-29 14:09:28,317] {processor.py:623} INFO - DAG(s) dict_keys(['example_branch_dop_operator_v3']) retrieved from /home/airflow/.local/lib/python3.6/site-packages/airflow/example_dags/example_branch_python_dop_operator_3.py
[2021-09-29 14:09:28,348] {logging_mixin.py:109} INFO - [2021-09-29 14:09:28,348] {dag.py:1834} INFO - Sync 1 DAGs
[2021-09-29 14:09:28,376] {logging_mixin.py:109} INFO - [2021-09-29 14:09:28,376] {dag.py:2287} INFO - Setting next_dagrun for example_branch_dop_operator_v3 to 2021-09-27 00:00:00+00:00
[2021-09-29 14:09:28,387] {processor.py:170} INFO - Processing /home/airflow/.local/lib/python3.6/site-packages/airflow/example_dags/example_branch_python_dop_operator_3.py took 0.100 seconds
[2021-09-29 14:09:58,632] {processor.py:162} INFO - Started process (PID=3513) to work on /home/airflow/.local/lib/python3.6/site-packages/airflow/example_dags/example_branch_python_dop_operator_3.py
[2021-09-29 14:09:58,634] {processor.py:613} INFO - Processing file /home/airflow/.local/lib/python3.6/site-packages/airflow/example_dags/example_branch_python_dop_operator_3.py for tasks to queue
[2021-09-29 14:09:58,635] {logging_mixin.py:109} INFO - [2021-09-29 14:09:58,635] {dagbag.py:496} INFO - Filling up the DagBag from /home/airflow/.local/lib/python3.6/site-packages/airflow/example_dags/example_branch_python_dop_operator_3.py
[2021-09-29 14:09:58,652] {processor.py:623} INFO - DAG(s) dict_keys(['example_branch_dop_operator_v3']) retrieved from /home/airflow/.local/lib/python3.6/site-packages/airflow/example_dags/example_branch_python_dop_operator_3.py
[2021-09-29 14:09:58,679] {logging_mixin.py:109} INFO - [2021-09-29 14:09:58,679] {dag.py:1834} INFO - Sync 1 DAGs
[2021-09-29 14:09:58,705] {logging_mixin.py:109} INFO - [2021-09-29 14:09:58,705] {dag.py:2287} INFO - Setting next_dagrun for example_branch_dop_operator_v3 to 2021-09-27 00:00:00+00:00
[2021-09-29 14:09:58,718] {processor.py:170} INFO - Processing /home/airflow/.local/lib/python3.6/site-packages/airflow/example_dags/example_branch_python_dop_operator_3.py took 0.090 seconds
[2021-09-29 14:10:28,817] {processor.py:162} INFO - Started process (PID=3714) to work on /home/airflow/.local/lib/python3.6/site-packages/airflow/example_dags/example_branch_python_dop_operator_3.py
[2021-09-29 14:10:28,819] {processor.py:613} INFO - Processing file /home/airflow/.local/lib/python3.6/site-packages/airflow/example_dags/example_branch_python_dop_operator_3.py for tasks to queue
[2021-09-29 14:10:28,820] {logging_mixin.py:109} INFO - [2021-09-29 14:10:28,820] {dagbag.py:496} INFO - Filling up the DagBag from /home/airflow/.local/lib/python3.6/site-packages/airflow/example_dags/example_branch_python_dop_operator_3.py
[2021-09-29 14:10:28,840] {processor.py:623} INFO - DAG(s) dict_keys(['example_branch_dop_operator_v3']) retrieved from /home/airflow/.local/lib/python3.6/site-packages/airflow/example_dags/example_branch_python_dop_operator_3.py
[2021-09-29 14:10:28,867] {logging_mixin.py:109} INFO - [2021-09-29 14:10:28,866] {dag.py:1834} INFO - Sync 1 DAGs
[2021-09-29 14:10:28,896] {logging_mixin.py:109} INFO - [2021-09-29 14:10:28,896] {dag.py:2287} INFO - Setting next_dagrun for example_branch_dop_operator_v3 to 2021-09-27 00:00:00+00:00
[2021-09-29 14:10:28,910] {processor.py:170} INFO - Processing /home/airflow/.local/lib/python3.6/site-packages/airflow/example_dags/example_branch_python_dop_operator_3.py took 0.099 seconds
[2021-09-29 14:10:59,053] {processor.py:162} INFO - Started process (PID=3900) to work on /home/airflow/.local/lib/python3.6/site-packages/airflow/example_dags/example_branch_python_dop_operator_3.py
[2021-09-29 14:10:59,055] {processor.py:613} INFO - Processing file /home/airflow/.local/lib/python3.6/site-packages/airflow/example_dags/example_branch_python_dop_operator_3.py for tasks to queue
[2021-09-29 14:10:59,057] {logging_mixin.py:109} INFO - [2021-09-29 14:10:59,057] {dagbag.py:496} INFO - Filling up the DagBag from /home/airflow/.local/lib/python3.6/site-packages/airflow/example_dags/example_branch_python_dop_operator_3.py
[2021-09-29 14:10:59,074] {processor.py:623} INFO - DAG(s) dict_keys(['example_branch_dop_operator_v3']) retrieved from /home/airflow/.local/lib/python3.6/site-packages/airflow/example_dags/example_branch_python_dop_operator_3.py
[2021-09-29 14:10:59,103] {logging_mixin.py:109} INFO - [2021-09-29 14:10:59,103] {dag.py:1834} INFO - Sync 1 DAGs
[2021-09-29 14:10:59,130] {logging_mixin.py:109} INFO - [2021-09-29 14:10:59,130] {dag.py:2287} INFO - Setting next_dagrun for example_branch_dop_operator_v3 to 2021-09-27 00:00:00+00:00
[2021-09-29 14:10:59,143] {processor.py:170} INFO - Processing /home/airflow/.local/lib/python3.6/site-packages/airflow/example_dags/example_branch_python_dop_operator_3.py took 0.093 seconds
[2021-09-29 14:11:29,527] {processor.py:162} INFO - Started process (PID=4095) to work on /home/airflow/.local/lib/python3.6/site-packages/airflow/example_dags/example_branch_python_dop_operator_3.py
[2021-09-29 14:11:29,529] {processor.py:613} INFO - Processing file /home/airflow/.local/lib/python3.6/site-packages/airflow/example_dags/example_branch_python_dop_operator_3.py for tasks to queue
[2021-09-29 14:11:29,531] {logging_mixin.py:109} INFO - [2021-09-29 14:11:29,531] {dagbag.py:496} INFO - Filling up the DagBag from /home/airflow/.local/lib/python3.6/site-packages/airflow/example_dags/example_branch_python_dop_operator_3.py
[2021-09-29 14:11:29,548] {processor.py:623} INFO - DAG(s) dict_keys(['example_branch_dop_operator_v3']) retrieved from /home/airflow/.local/lib/python3.6/site-packages/airflow/example_dags/example_branch_python_dop_operator_3.py
[2021-09-29 14:11:29,577] {logging_mixin.py:109} INFO - [2021-09-29 14:11:29,577] {dag.py:1834} INFO - Sync 1 DAGs
[2021-09-29 14:11:29,605] {logging_mixin.py:109} INFO - [2021-09-29 14:11:29,605] {dag.py:2287} INFO - Setting next_dagrun for example_branch_dop_operator_v3 to 2021-09-27 00:00:00+00:00
[2021-09-29 14:11:29,616] {processor.py:170} INFO - Processing /home/airflow/.local/lib/python3.6/site-packages/airflow/example_dags/example_branch_python_dop_operator_3.py took 0.093 seconds
[2021-09-29 14:12:00,324] {processor.py:162} INFO - Started process (PID=4303) to work on /home/airflow/.local/lib/python3.6/site-packages/airflow/example_dags/example_branch_python_dop_operator_3.py
[2021-09-29 14:12:00,326] {processor.py:613} INFO - Processing file /home/airflow/.local/lib/python3.6/site-packages/airflow/example_dags/example_branch_python_dop_operator_3.py for tasks to queue
[2021-09-29 14:12:00,328] {logging_mixin.py:109} INFO - [2021-09-29 14:12:00,327] {dagbag.py:496} INFO - Filling up the DagBag from /home/airflow/.local/lib/python3.6/site-packages/airflow/example_dags/example_branch_python_dop_operator_3.py
[2021-09-29 14:12:00,345] {processor.py:623} INFO - DAG(s) dict_keys(['example_branch_dop_operator_v3']) retrieved from /home/airflow/.local/lib/python3.6/site-packages/airflow/example_dags/example_branch_python_dop_operator_3.py
[2021-09-29 14:12:00,372] {logging_mixin.py:109} INFO - [2021-09-29 14:12:00,372] {dag.py:1834} INFO - Sync 1 DAGs
[2021-09-29 14:12:00,400] {logging_mixin.py:109} INFO - [2021-09-29 14:12:00,400] {dag.py:2287} INFO - Setting next_dagrun for example_branch_dop_operator_v3 to 2021-09-27 00:00:00+00:00
[2021-09-29 14:12:00,413] {processor.py:170} INFO - Processing /home/airflow/.local/lib/python3.6/site-packages/airflow/example_dags/example_branch_python_dop_operator_3.py took 0.093 seconds
[2021-09-29 14:12:30,800] {processor.py:162} INFO - Started process (PID=4496) to work on /home/airflow/.local/lib/python3.6/site-packages/airflow/example_dags/example_branch_python_dop_operator_3.py
[2021-09-29 14:12:30,802] {processor.py:613} INFO - Processing file /home/airflow/.local/lib/python3.6/site-packages/airflow/example_dags/example_branch_python_dop_operator_3.py for tasks to queue
[2021-09-29 14:12:30,804] {logging_mixin.py:109} INFO - [2021-09-29 14:12:30,804] {dagbag.py:496} INFO - Filling up the DagBag from /home/airflow/.local/lib/python3.6/site-packages/airflow/example_dags/example_branch_python_dop_operator_3.py
[2021-09-29 14:12:30,823] {processor.py:623} INFO - DAG(s) dict_keys(['example_branch_dop_operator_v3']) retrieved from /home/airflow/.local/lib/python3.6/site-packages/airflow/example_dags/example_branch_python_dop_operator_3.py
[2021-09-29 14:12:30,851] {logging_mixin.py:109} INFO - [2021-09-29 14:12:30,851] {dag.py:1834} INFO - Sync 1 DAGs
[2021-09-29 14:12:30,889] {logging_mixin.py:109} INFO - [2021-09-29 14:12:30,889] {dag.py:2287} INFO - Setting next_dagrun for example_branch_dop_operator_v3 to 2021-09-27 00:00:00+00:00
[2021-09-29 14:12:30,907] {processor.py:170} INFO - Processing /home/airflow/.local/lib/python3.6/site-packages/airflow/example_dags/example_branch_python_dop_operator_3.py took 0.111 seconds
[2021-09-29 14:13:01,446] {processor.py:162} INFO - Started process (PID=4702) to work on /home/airflow/.local/lib/python3.6/site-packages/airflow/example_dags/example_branch_python_dop_operator_3.py
[2021-09-29 14:13:01,448] {processor.py:613} INFO - Processing file /home/airflow/.local/lib/python3.6/site-packages/airflow/example_dags/example_branch_python_dop_operator_3.py for tasks to queue
[2021-09-29 14:13:01,450] {logging_mixin.py:109} INFO - [2021-09-29 14:13:01,450] {dagbag.py:496} INFO - Filling up the DagBag from /home/airflow/.local/lib/python3.6/site-packages/airflow/example_dags/example_branch_python_dop_operator_3.py
[2021-09-29 14:13:01,468] {processor.py:623} INFO - DAG(s) dict_keys(['example_branch_dop_operator_v3']) retrieved from /home/airflow/.local/lib/python3.6/site-packages/airflow/example_dags/example_branch_python_dop_operator_3.py
[2021-09-29 14:13:01,505] {logging_mixin.py:109} INFO - [2021-09-29 14:13:01,504] {dag.py:1834} INFO - Sync 1 DAGs
[2021-09-29 14:13:01,531] {logging_mixin.py:109} INFO - [2021-09-29 14:13:01,531] {dag.py:2287} INFO - Setting next_dagrun for example_branch_dop_operator_v3 to 2021-09-27 00:00:00+00:00
[2021-09-29 14:13:01,542] {processor.py:170} INFO - Processing /home/airflow/.local/lib/python3.6/site-packages/airflow/example_dags/example_branch_python_dop_operator_3.py took 0.101 seconds
[2021-09-29 14:13:31,673] {processor.py:162} INFO - Started process (PID=4903) to work on /home/airflow/.local/lib/python3.6/site-packages/airflow/example_dags/example_branch_python_dop_operator_3.py
[2021-09-29 14:13:31,675] {processor.py:613} INFO - Processing file /home/airflow/.local/lib/python3.6/site-packages/airflow/example_dags/example_branch_python_dop_operator_3.py for tasks to queue
[2021-09-29 14:13:31,677] {logging_mixin.py:109} INFO - [2021-09-29 14:13:31,677] {dagbag.py:496} INFO - Filling up the DagBag from /home/airflow/.local/lib/python3.6/site-packages/airflow/example_dags/example_branch_python_dop_operator_3.py
[2021-09-29 14:13:31,695] {processor.py:623} INFO - DAG(s) dict_keys(['example_branch_dop_operator_v3']) retrieved from /home/airflow/.local/lib/python3.6/site-packages/airflow/example_dags/example_branch_python_dop_operator_3.py
[2021-09-29 14:13:31,725] {logging_mixin.py:109} INFO - [2021-09-29 14:13:31,725] {dag.py:1834} INFO - Sync 1 DAGs
[2021-09-29 14:13:31,756] {logging_mixin.py:109} INFO - [2021-09-29 14:13:31,756] {dag.py:2287} INFO - Setting next_dagrun for example_branch_dop_operator_v3 to 2021-09-27 00:00:00+00:00
[2021-09-29 14:13:31,771] {processor.py:170} INFO - Processing /home/airflow/.local/lib/python3.6/site-packages/airflow/example_dags/example_branch_python_dop_operator_3.py took 0.102 seconds
[2021-09-29 14:14:02,349] {processor.py:162} INFO - Started process (PID=5119) to work on /home/airflow/.local/lib/python3.6/site-packages/airflow/example_dags/example_branch_python_dop_operator_3.py
[2021-09-29 14:14:02,351] {processor.py:613} INFO - Processing file /home/airflow/.local/lib/python3.6/site-packages/airflow/example_dags/example_branch_python_dop_operator_3.py for tasks to queue
[2021-09-29 14:14:02,353] {logging_mixin.py:109} INFO - [2021-09-29 14:14:02,353] {dagbag.py:496} INFO - Filling up the DagBag from /home/airflow/.local/lib/python3.6/site-packages/airflow/example_dags/example_branch_python_dop_operator_3.py
[2021-09-29 14:14:02,368] {processor.py:623} INFO - DAG(s) dict_keys(['example_branch_dop_operator_v3']) retrieved from /home/airflow/.local/lib/python3.6/site-packages/airflow/example_dags/example_branch_python_dop_operator_3.py
[2021-09-29 14:14:02,389] {logging_mixin.py:109} INFO - [2021-09-29 14:14:02,389] {dag.py:1834} INFO - Sync 1 DAGs
[2021-09-29 14:14:02,414] {logging_mixin.py:109} INFO - [2021-09-29 14:14:02,414] {dag.py:2287} INFO - Setting next_dagrun for example_branch_dop_operator_v3 to 2021-09-27 00:00:00+00:00
[2021-09-29 14:14:02,427] {processor.py:170} INFO - Processing /home/airflow/.local/lib/python3.6/site-packages/airflow/example_dags/example_branch_python_dop_operator_3.py took 0.082 seconds
[2021-09-29 14:14:32,645] {processor.py:162} INFO - Started process (PID=5323) to work on /home/airflow/.local/lib/python3.6/site-packages/airflow/example_dags/example_branch_python_dop_operator_3.py
[2021-09-29 14:14:32,647] {processor.py:613} INFO - Processing file /home/airflow/.local/lib/python3.6/site-packages/airflow/example_dags/example_branch_python_dop_operator_3.py for tasks to queue
[2021-09-29 14:14:32,649] {logging_mixin.py:109} INFO - [2021-09-29 14:14:32,649] {dagbag.py:496} INFO - Filling up the DagBag from /home/airflow/.local/lib/python3.6/site-packages/airflow/example_dags/example_branch_python_dop_operator_3.py
[2021-09-29 14:14:32,671] {processor.py:623} INFO - DAG(s) dict_keys(['example_branch_dop_operator_v3']) retrieved from /home/airflow/.local/lib/python3.6/site-packages/airflow/example_dags/example_branch_python_dop_operator_3.py
[2021-09-29 14:14:32,700] {logging_mixin.py:109} INFO - [2021-09-29 14:14:32,699] {dag.py:1834} INFO - Sync 1 DAGs
[2021-09-29 14:14:32,730] {logging_mixin.py:109} INFO - [2021-09-29 14:14:32,730] {dag.py:2287} INFO - Setting next_dagrun for example_branch_dop_operator_v3 to 2021-09-27 00:00:00+00:00
[2021-09-29 14:14:32,748] {processor.py:170} INFO - Processing /home/airflow/.local/lib/python3.6/site-packages/airflow/example_dags/example_branch_python_dop_operator_3.py took 0.108 seconds
[2021-09-29 14:15:03,036] {processor.py:162} INFO - Started process (PID=5516) to work on /home/airflow/.local/lib/python3.6/site-packages/airflow/example_dags/example_branch_python_dop_operator_3.py
[2021-09-29 14:15:03,045] {processor.py:613} INFO - Processing file /home/airflow/.local/lib/python3.6/site-packages/airflow/example_dags/example_branch_python_dop_operator_3.py for tasks to queue
[2021-09-29 14:15:03,047] {logging_mixin.py:109} INFO - [2021-09-29 14:15:03,047] {dagbag.py:496} INFO - Filling up the DagBag from /home/airflow/.local/lib/python3.6/site-packages/airflow/example_dags/example_branch_python_dop_operator_3.py
[2021-09-29 14:15:03,065] {processor.py:623} INFO - DAG(s) dict_keys(['example_branch_dop_operator_v3']) retrieved from /home/airflow/.local/lib/python3.6/site-packages/airflow/example_dags/example_branch_python_dop_operator_3.py
[2021-09-29 14:15:03,094] {logging_mixin.py:109} INFO - [2021-09-29 14:15:03,094] {dag.py:1834} INFO - Sync 1 DAGs
[2021-09-29 14:15:03,121] {logging_mixin.py:109} INFO - [2021-09-29 14:15:03,121] {dag.py:2287} INFO - Setting next_dagrun for example_branch_dop_operator_v3 to 2021-09-27 00:00:00+00:00
[2021-09-29 14:15:03,138] {processor.py:170} INFO - Processing /home/airflow/.local/lib/python3.6/site-packages/airflow/example_dags/example_branch_python_dop_operator_3.py took 0.111 seconds
[2021-09-29 14:15:33,402] {processor.py:162} INFO - Started process (PID=5732) to work on /home/airflow/.local/lib/python3.6/site-packages/airflow/example_dags/example_branch_python_dop_operator_3.py
[2021-09-29 14:15:33,404] {processor.py:613} INFO - Processing file /home/airflow/.local/lib/python3.6/site-packages/airflow/example_dags/example_branch_python_dop_operator_3.py for tasks to queue
[2021-09-29 14:15:33,406] {logging_mixin.py:109} INFO - [2021-09-29 14:15:33,406] {dagbag.py:496} INFO - Filling up the DagBag from /home/airflow/.local/lib/python3.6/site-packages/airflow/example_dags/example_branch_python_dop_operator_3.py
[2021-09-29 14:15:33,427] {processor.py:623} INFO - DAG(s) dict_keys(['example_branch_dop_operator_v3']) retrieved from /home/airflow/.local/lib/python3.6/site-packages/airflow/example_dags/example_branch_python_dop_operator_3.py
[2021-09-29 14:15:33,461] {logging_mixin.py:109} INFO - [2021-09-29 14:15:33,460] {dag.py:1834} INFO - Sync 1 DAGs
[2021-09-29 14:15:33,494] {logging_mixin.py:109} INFO - [2021-09-29 14:15:33,494] {dag.py:2287} INFO - Setting next_dagrun for example_branch_dop_operator_v3 to 2021-09-27 00:00:00+00:00
[2021-09-29 14:15:33,508] {processor.py:170} INFO - Processing /home/airflow/.local/lib/python3.6/site-packages/airflow/example_dags/example_branch_python_dop_operator_3.py took 0.111 seconds
[2021-09-29 14:16:03,987] {processor.py:162} INFO - Started process (PID=5936) to work on /home/airflow/.local/lib/python3.6/site-packages/airflow/example_dags/example_branch_python_dop_operator_3.py
[2021-09-29 14:16:03,989] {processor.py:613} INFO - Processing file /home/airflow/.local/lib/python3.6/site-packages/airflow/example_dags/example_branch_python_dop_operator_3.py for tasks to queue
[2021-09-29 14:16:03,991] {logging_mixin.py:109} INFO - [2021-09-29 14:16:03,991] {dagbag.py:496} INFO - Filling up the DagBag from /home/airflow/.local/lib/python3.6/site-packages/airflow/example_dags/example_branch_python_dop_operator_3.py
[2021-09-29 14:16:04,010] {processor.py:623} INFO - DAG(s) dict_keys(['example_branch_dop_operator_v3']) retrieved from /home/airflow/.local/lib/python3.6/site-packages/airflow/example_dags/example_branch_python_dop_operator_3.py
[2021-09-29 14:16:04,047] {logging_mixin.py:109} INFO - [2021-09-29 14:16:04,047] {dag.py:1834} INFO - Sync 1 DAGs
[2021-09-29 14:16:04,076] {logging_mixin.py:109} INFO - [2021-09-29 14:16:04,076] {dag.py:2287} INFO - Setting next_dagrun for example_branch_dop_operator_v3 to 2021-09-27 00:00:00+00:00
[2021-09-29 14:16:04,089] {processor.py:170} INFO - Processing /home/airflow/.local/lib/python3.6/site-packages/airflow/example_dags/example_branch_python_dop_operator_3.py took 0.108 seconds
[2021-09-29 14:16:35,042] {processor.py:162} INFO - Started process (PID=6128) to work on /home/airflow/.local/lib/python3.6/site-packages/airflow/example_dags/example_branch_python_dop_operator_3.py
[2021-09-29 14:16:35,045] {processor.py:613} INFO - Processing file /home/airflow/.local/lib/python3.6/site-packages/airflow/example_dags/example_branch_python_dop_operator_3.py for tasks to queue
[2021-09-29 14:16:35,047] {logging_mixin.py:109} INFO - [2021-09-29 14:16:35,047] {dagbag.py:496} INFO - Filling up the DagBag from /home/airflow/.local/lib/python3.6/site-packages/airflow/example_dags/example_branch_python_dop_operator_3.py
[2021-09-29 14:16:35,064] {processor.py:623} INFO - DAG(s) dict_keys(['example_branch_dop_operator_v3']) retrieved from /home/airflow/.local/lib/python3.6/site-packages/airflow/example_dags/example_branch_python_dop_operator_3.py
[2021-09-29 14:16:35,090] {logging_mixin.py:109} INFO - [2021-09-29 14:16:35,089] {dag.py:1834} INFO - Sync 1 DAGs
[2021-09-29 14:16:35,114] {logging_mixin.py:109} INFO - [2021-09-29 14:16:35,114] {dag.py:2287} INFO - Setting next_dagrun for example_branch_dop_operator_v3 to 2021-09-27 00:00:00+00:00
[2021-09-29 14:16:35,124] {processor.py:170} INFO - Processing /home/airflow/.local/lib/python3.6/site-packages/airflow/example_dags/example_branch_python_dop_operator_3.py took 0.086 seconds
[2021-09-29 14:17:05,433] {processor.py:162} INFO - Started process (PID=6332) to work on /home/airflow/.local/lib/python3.6/site-packages/airflow/example_dags/example_branch_python_dop_operator_3.py
[2021-09-29 14:17:05,437] {processor.py:613} INFO - Processing file /home/airflow/.local/lib/python3.6/site-packages/airflow/example_dags/example_branch_python_dop_operator_3.py for tasks to queue
[2021-09-29 14:17:05,438] {logging_mixin.py:109} INFO - [2021-09-29 14:17:05,438] {dagbag.py:496} INFO - Filling up the DagBag from /home/airflow/.local/lib/python3.6/site-packages/airflow/example_dags/example_branch_python_dop_operator_3.py
[2021-09-29 14:17:05,458] {processor.py:623} INFO - DAG(s) dict_keys(['example_branch_dop_operator_v3']) retrieved from /home/airflow/.local/lib/python3.6/site-packages/airflow/example_dags/example_branch_python_dop_operator_3.py
[2021-09-29 14:17:05,501] {logging_mixin.py:109} INFO - [2021-09-29 14:17:05,501] {dag.py:1834} INFO - Sync 1 DAGs
[2021-09-29 14:17:05,564] {logging_mixin.py:109} INFO - [2021-09-29 14:17:05,564] {dag.py:2287} INFO - Setting next_dagrun for example_branch_dop_operator_v3 to 2021-09-27 00:00:00+00:00
[2021-09-29 14:17:05,577] {processor.py:170} INFO - Processing /home/airflow/.local/lib/python3.6/site-packages/airflow/example_dags/example_branch_python_dop_operator_3.py took 0.154 seconds
[2021-09-29 14:17:35,913] {processor.py:162} INFO - Started process (PID=6533) to work on /home/airflow/.local/lib/python3.6/site-packages/airflow/example_dags/example_branch_python_dop_operator_3.py
[2021-09-29 14:17:35,916] {processor.py:613} INFO - Processing file /home/airflow/.local/lib/python3.6/site-packages/airflow/example_dags/example_branch_python_dop_operator_3.py for tasks to queue
[2021-09-29 14:17:35,918] {logging_mixin.py:109} INFO - [2021-09-29 14:17:35,918] {dagbag.py:496} INFO - Filling up the DagBag from /home/airflow/.local/lib/python3.6/site-packages/airflow/example_dags/example_branch_python_dop_operator_3.py
[2021-09-29 14:17:35,939] {processor.py:623} INFO - DAG(s) dict_keys(['example_branch_dop_operator_v3']) retrieved from /home/airflow/.local/lib/python3.6/site-packages/airflow/example_dags/example_branch_python_dop_operator_3.py
[2021-09-29 14:17:35,969] {logging_mixin.py:109} INFO - [2021-09-29 14:17:35,969] {dag.py:1834} INFO - Sync 1 DAGs
[2021-09-29 14:17:36,001] {logging_mixin.py:109} INFO - [2021-09-29 14:17:36,001] {dag.py:2287} INFO - Setting next_dagrun for example_branch_dop_operator_v3 to 2021-09-27 00:00:00+00:00
[2021-09-29 14:17:36,015] {processor.py:170} INFO - Processing /home/airflow/.local/lib/python3.6/site-packages/airflow/example_dags/example_branch_python_dop_operator_3.py took 0.108 seconds
[2021-09-29 14:18:06,066] {processor.py:162} INFO - Started process (PID=6740) to work on /home/airflow/.local/lib/python3.6/site-packages/airflow/example_dags/example_branch_python_dop_operator_3.py
[2021-09-29 14:18:06,068] {processor.py:613} INFO - Processing file /home/airflow/.local/lib/python3.6/site-packages/airflow/example_dags/example_branch_python_dop_operator_3.py for tasks to queue
[2021-09-29 14:18:06,070] {logging_mixin.py:109} INFO - [2021-09-29 14:18:06,070] {dagbag.py:496} INFO - Filling up the DagBag from /home/airflow/.local/lib/python3.6/site-packages/airflow/example_dags/example_branch_python_dop_operator_3.py
[2021-09-29 14:18:06,087] {processor.py:623} INFO - DAG(s) dict_keys(['example_branch_dop_operator_v3']) retrieved from /home/airflow/.local/lib/python3.6/site-packages/airflow/example_dags/example_branch_python_dop_operator_3.py
[2021-09-29 14:18:06,113] {logging_mixin.py:109} INFO - [2021-09-29 14:18:06,113] {dag.py:1834} INFO - Sync 1 DAGs
[2021-09-29 14:18:06,135] {logging_mixin.py:109} INFO - [2021-09-29 14:18:06,135] {dag.py:2287} INFO - Setting next_dagrun for example_branch_dop_operator_v3 to 2021-09-27 00:00:00+00:00
[2021-09-29 14:18:06,144] {processor.py:170} INFO - Processing /home/airflow/.local/lib/python3.6/site-packages/airflow/example_dags/example_branch_python_dop_operator_3.py took 0.082 seconds
[2021-09-29 14:18:36,221] {processor.py:162} INFO - Started process (PID=6949) to work on /home/airflow/.local/lib/python3.6/site-packages/airflow/example_dags/example_branch_python_dop_operator_3.py
[2021-09-29 14:18:36,223] {processor.py:613} INFO - Processing file /home/airflow/.local/lib/python3.6/site-packages/airflow/example_dags/example_branch_python_dop_operator_3.py for tasks to queue
[2021-09-29 14:18:36,225] {logging_mixin.py:109} INFO - [2021-09-29 14:18:36,225] {dagbag.py:496} INFO - Filling up the DagBag from /home/airflow/.local/lib/python3.6/site-packages/airflow/example_dags/example_branch_python_dop_operator_3.py
[2021-09-29 14:18:36,243] {processor.py:623} INFO - DAG(s) dict_keys(['example_branch_dop_operator_v3']) retrieved from /home/airflow/.local/lib/python3.6/site-packages/airflow/example_dags/example_branch_python_dop_operator_3.py
[2021-09-29 14:18:36,272] {logging_mixin.py:109} INFO - [2021-09-29 14:18:36,272] {dag.py:1834} INFO - Sync 1 DAGs
[2021-09-29 14:18:36,301] {logging_mixin.py:109} INFO - [2021-09-29 14:18:36,300] {dag.py:2287} INFO - Setting next_dagrun for example_branch_dop_operator_v3 to 2021-09-27 00:00:00+00:00
[2021-09-29 14:18:36,315] {processor.py:170} INFO - Processing /home/airflow/.local/lib/python3.6/site-packages/airflow/example_dags/example_branch_python_dop_operator_3.py took 0.098 seconds
[2021-09-29 14:19:06,455] {processor.py:162} INFO - Started process (PID=7142) to work on /home/airflow/.local/lib/python3.6/site-packages/airflow/example_dags/example_branch_python_dop_operator_3.py
[2021-09-29 14:19:06,457] {processor.py:613} INFO - Processing file /home/airflow/.local/lib/python3.6/site-packages/airflow/example_dags/example_branch_python_dop_operator_3.py for tasks to queue
[2021-09-29 14:19:06,459] {logging_mixin.py:109} INFO - [2021-09-29 14:19:06,459] {dagbag.py:496} INFO - Filling up the DagBag from /home/airflow/.local/lib/python3.6/site-packages/airflow/example_dags/example_branch_python_dop_operator_3.py
[2021-09-29 14:19:06,475] {processor.py:623} INFO - DAG(s) dict_keys(['example_branch_dop_operator_v3']) retrieved from /home/airflow/.local/lib/python3.6/site-packages/airflow/example_dags/example_branch_python_dop_operator_3.py
[2021-09-29 14:19:06,508] {logging_mixin.py:109} INFO - [2021-09-29 14:19:06,508] {dag.py:1834} INFO - Sync 1 DAGs
[2021-09-29 14:19:06,537] {logging_mixin.py:109} INFO - [2021-09-29 14:19:06,537] {dag.py:2287} INFO - Setting next_dagrun for example_branch_dop_operator_v3 to 2021-09-27 00:00:00+00:00
[2021-09-29 14:19:06,552] {processor.py:170} INFO - Processing /home/airflow/.local/lib/python3.6/site-packages/airflow/example_dags/example_branch_python_dop_operator_3.py took 0.101 seconds
