[2021-09-29 14:01:55,620] {processor.py:162} INFO - Started process (PID=330) to work on /home/airflow/.local/lib/python3.6/site-packages/airflow/example_dags/example_dag_decorator.py
[2021-09-29 14:01:55,626] {processor.py:613} INFO - Processing file /home/airflow/.local/lib/python3.6/site-packages/airflow/example_dags/example_dag_decorator.py for tasks to queue
[2021-09-29 14:01:55,633] {logging_mixin.py:109} INFO - [2021-09-29 14:01:55,633] {dagbag.py:496} INFO - Filling up the DagBag from /home/airflow/.local/lib/python3.6/site-packages/airflow/example_dags/example_dag_decorator.py
[2021-09-29 14:01:55,661] {processor.py:623} INFO - DAG(s) dict_keys(['example_dag_decorator']) retrieved from /home/airflow/.local/lib/python3.6/site-packages/airflow/example_dags/example_dag_decorator.py
[2021-09-29 14:01:56,033] {logging_mixin.py:109} INFO - [2021-09-29 14:01:56,032] {dag.py:1834} INFO - Sync 1 DAGs
[2021-09-29 14:01:56,046] {logging_mixin.py:109} INFO - [2021-09-29 14:01:56,046] {dag.py:2287} INFO - Setting next_dagrun for example_dag_decorator to None
[2021-09-29 14:01:56,059] {processor.py:170} INFO - Processing /home/airflow/.local/lib/python3.6/site-packages/airflow/example_dags/example_dag_decorator.py took 0.444 seconds
[2021-09-29 14:02:26,915] {processor.py:162} INFO - Started process (PID=518) to work on /home/airflow/.local/lib/python3.6/site-packages/airflow/example_dags/example_dag_decorator.py
[2021-09-29 14:02:26,917] {processor.py:613} INFO - Processing file /home/airflow/.local/lib/python3.6/site-packages/airflow/example_dags/example_dag_decorator.py for tasks to queue
[2021-09-29 14:02:26,919] {logging_mixin.py:109} INFO - [2021-09-29 14:02:26,919] {dagbag.py:496} INFO - Filling up the DagBag from /home/airflow/.local/lib/python3.6/site-packages/airflow/example_dags/example_dag_decorator.py
[2021-09-29 14:02:26,954] {processor.py:623} INFO - DAG(s) dict_keys(['example_dag_decorator']) retrieved from /home/airflow/.local/lib/python3.6/site-packages/airflow/example_dags/example_dag_decorator.py
[2021-09-29 14:02:27,165] {logging_mixin.py:109} INFO - [2021-09-29 14:02:27,165] {dag.py:1834} INFO - Sync 1 DAGs
[2021-09-29 14:02:27,176] {logging_mixin.py:109} INFO - [2021-09-29 14:02:27,176] {dag.py:2287} INFO - Setting next_dagrun for example_dag_decorator to None
[2021-09-29 14:02:27,191] {processor.py:170} INFO - Processing /home/airflow/.local/lib/python3.6/site-packages/airflow/example_dags/example_dag_decorator.py took 0.279 seconds
[2021-09-29 14:02:57,939] {processor.py:162} INFO - Started process (PID=715) to work on /home/airflow/.local/lib/python3.6/site-packages/airflow/example_dags/example_dag_decorator.py
[2021-09-29 14:02:57,943] {processor.py:613} INFO - Processing file /home/airflow/.local/lib/python3.6/site-packages/airflow/example_dags/example_dag_decorator.py for tasks to queue
[2021-09-29 14:02:57,945] {logging_mixin.py:109} INFO - [2021-09-29 14:02:57,945] {dagbag.py:496} INFO - Filling up the DagBag from /home/airflow/.local/lib/python3.6/site-packages/airflow/example_dags/example_dag_decorator.py
[2021-09-29 14:02:57,969] {processor.py:623} INFO - DAG(s) dict_keys(['example_dag_decorator']) retrieved from /home/airflow/.local/lib/python3.6/site-packages/airflow/example_dags/example_dag_decorator.py
[2021-09-29 14:02:58,180] {logging_mixin.py:109} INFO - [2021-09-29 14:02:58,180] {dag.py:1834} INFO - Sync 1 DAGs
[2021-09-29 14:02:58,200] {logging_mixin.py:109} INFO - [2021-09-29 14:02:58,199] {dag.py:2287} INFO - Setting next_dagrun for example_dag_decorator to None
[2021-09-29 14:02:58,215] {processor.py:170} INFO - Processing /home/airflow/.local/lib/python3.6/site-packages/airflow/example_dags/example_dag_decorator.py took 0.290 seconds
[2021-09-29 14:03:28,520] {processor.py:162} INFO - Started process (PID=941) to work on /home/airflow/.local/lib/python3.6/site-packages/airflow/example_dags/example_dag_decorator.py
[2021-09-29 14:03:28,522] {processor.py:613} INFO - Processing file /home/airflow/.local/lib/python3.6/site-packages/airflow/example_dags/example_dag_decorator.py for tasks to queue
[2021-09-29 14:03:28,524] {logging_mixin.py:109} INFO - [2021-09-29 14:03:28,524] {dagbag.py:496} INFO - Filling up the DagBag from /home/airflow/.local/lib/python3.6/site-packages/airflow/example_dags/example_dag_decorator.py
[2021-09-29 14:03:28,551] {processor.py:623} INFO - DAG(s) dict_keys(['example_dag_decorator']) retrieved from /home/airflow/.local/lib/python3.6/site-packages/airflow/example_dags/example_dag_decorator.py
[2021-09-29 14:03:28,735] {logging_mixin.py:109} INFO - [2021-09-29 14:03:28,735] {dag.py:1834} INFO - Sync 1 DAGs
[2021-09-29 14:03:28,749] {logging_mixin.py:109} INFO - [2021-09-29 14:03:28,748] {dag.py:2287} INFO - Setting next_dagrun for example_dag_decorator to None
[2021-09-29 14:03:28,759] {processor.py:170} INFO - Processing /home/airflow/.local/lib/python3.6/site-packages/airflow/example_dags/example_dag_decorator.py took 0.244 seconds
[2021-09-29 14:03:59,069] {processor.py:162} INFO - Started process (PID=1170) to work on /home/airflow/.local/lib/python3.6/site-packages/airflow/example_dags/example_dag_decorator.py
[2021-09-29 14:03:59,072] {processor.py:613} INFO - Processing file /home/airflow/.local/lib/python3.6/site-packages/airflow/example_dags/example_dag_decorator.py for tasks to queue
[2021-09-29 14:03:59,074] {logging_mixin.py:109} INFO - [2021-09-29 14:03:59,074] {dagbag.py:496} INFO - Filling up the DagBag from /home/airflow/.local/lib/python3.6/site-packages/airflow/example_dags/example_dag_decorator.py
[2021-09-29 14:03:59,097] {processor.py:623} INFO - DAG(s) dict_keys(['example_dag_decorator']) retrieved from /home/airflow/.local/lib/python3.6/site-packages/airflow/example_dags/example_dag_decorator.py
[2021-09-29 14:03:59,305] {logging_mixin.py:109} INFO - [2021-09-29 14:03:59,304] {dag.py:1834} INFO - Sync 1 DAGs
[2021-09-29 14:03:59,316] {logging_mixin.py:109} INFO - [2021-09-29 14:03:59,316] {dag.py:2287} INFO - Setting next_dagrun for example_dag_decorator to None
[2021-09-29 14:03:59,327] {processor.py:170} INFO - Processing /home/airflow/.local/lib/python3.6/site-packages/airflow/example_dags/example_dag_decorator.py took 0.262 seconds
[2021-09-29 14:04:29,879] {processor.py:162} INFO - Started process (PID=1393) to work on /home/airflow/.local/lib/python3.6/site-packages/airflow/example_dags/example_dag_decorator.py
[2021-09-29 14:04:29,882] {processor.py:613} INFO - Processing file /home/airflow/.local/lib/python3.6/site-packages/airflow/example_dags/example_dag_decorator.py for tasks to queue
[2021-09-29 14:04:29,884] {logging_mixin.py:109} INFO - [2021-09-29 14:04:29,884] {dagbag.py:496} INFO - Filling up the DagBag from /home/airflow/.local/lib/python3.6/site-packages/airflow/example_dags/example_dag_decorator.py
[2021-09-29 14:04:29,908] {processor.py:623} INFO - DAG(s) dict_keys(['example_dag_decorator']) retrieved from /home/airflow/.local/lib/python3.6/site-packages/airflow/example_dags/example_dag_decorator.py
[2021-09-29 14:04:30,117] {logging_mixin.py:109} INFO - [2021-09-29 14:04:30,117] {dag.py:1834} INFO - Sync 1 DAGs
[2021-09-29 14:04:30,150] {logging_mixin.py:109} INFO - [2021-09-29 14:04:30,149] {dag.py:2287} INFO - Setting next_dagrun for example_dag_decorator to None
[2021-09-29 14:04:30,166] {processor.py:170} INFO - Processing /home/airflow/.local/lib/python3.6/site-packages/airflow/example_dags/example_dag_decorator.py took 0.292 seconds
[2021-09-29 14:05:00,355] {processor.py:162} INFO - Started process (PID=1598) to work on /home/airflow/.local/lib/python3.6/site-packages/airflow/example_dags/example_dag_decorator.py
[2021-09-29 14:05:00,357] {processor.py:613} INFO - Processing file /home/airflow/.local/lib/python3.6/site-packages/airflow/example_dags/example_dag_decorator.py for tasks to queue
[2021-09-29 14:05:00,360] {logging_mixin.py:109} INFO - [2021-09-29 14:05:00,360] {dagbag.py:496} INFO - Filling up the DagBag from /home/airflow/.local/lib/python3.6/site-packages/airflow/example_dags/example_dag_decorator.py
[2021-09-29 14:05:00,396] {processor.py:623} INFO - DAG(s) dict_keys(['example_dag_decorator']) retrieved from /home/airflow/.local/lib/python3.6/site-packages/airflow/example_dags/example_dag_decorator.py
[2021-09-29 14:05:00,682] {logging_mixin.py:109} INFO - [2021-09-29 14:05:00,681] {dag.py:1834} INFO - Sync 1 DAGs
[2021-09-29 14:05:00,705] {logging_mixin.py:109} INFO - [2021-09-29 14:05:00,705] {dag.py:2287} INFO - Setting next_dagrun for example_dag_decorator to None
[2021-09-29 14:05:00,724] {processor.py:170} INFO - Processing /home/airflow/.local/lib/python3.6/site-packages/airflow/example_dags/example_dag_decorator.py took 0.375 seconds
[2021-09-29 14:05:30,801] {processor.py:162} INFO - Started process (PID=1803) to work on /home/airflow/.local/lib/python3.6/site-packages/airflow/example_dags/example_dag_decorator.py
[2021-09-29 14:05:30,803] {processor.py:613} INFO - Processing file /home/airflow/.local/lib/python3.6/site-packages/airflow/example_dags/example_dag_decorator.py for tasks to queue
[2021-09-29 14:05:30,805] {logging_mixin.py:109} INFO - [2021-09-29 14:05:30,804] {dagbag.py:496} INFO - Filling up the DagBag from /home/airflow/.local/lib/python3.6/site-packages/airflow/example_dags/example_dag_decorator.py
[2021-09-29 14:05:30,827] {processor.py:623} INFO - DAG(s) dict_keys(['example_dag_decorator']) retrieved from /home/airflow/.local/lib/python3.6/site-packages/airflow/example_dags/example_dag_decorator.py
[2021-09-29 14:05:30,997] {logging_mixin.py:109} INFO - [2021-09-29 14:05:30,996] {dag.py:1834} INFO - Sync 1 DAGs
[2021-09-29 14:05:31,013] {logging_mixin.py:109} INFO - [2021-09-29 14:05:31,013] {dag.py:2287} INFO - Setting next_dagrun for example_dag_decorator to None
[2021-09-29 14:05:31,031] {processor.py:170} INFO - Processing /home/airflow/.local/lib/python3.6/site-packages/airflow/example_dags/example_dag_decorator.py took 0.234 seconds
[2021-09-29 14:06:01,613] {processor.py:162} INFO - Started process (PID=2036) to work on /home/airflow/.local/lib/python3.6/site-packages/airflow/example_dags/example_dag_decorator.py
[2021-09-29 14:06:01,616] {processor.py:613} INFO - Processing file /home/airflow/.local/lib/python3.6/site-packages/airflow/example_dags/example_dag_decorator.py for tasks to queue
[2021-09-29 14:06:01,618] {logging_mixin.py:109} INFO - [2021-09-29 14:06:01,618] {dagbag.py:496} INFO - Filling up the DagBag from /home/airflow/.local/lib/python3.6/site-packages/airflow/example_dags/example_dag_decorator.py
[2021-09-29 14:06:01,643] {processor.py:623} INFO - DAG(s) dict_keys(['example_dag_decorator']) retrieved from /home/airflow/.local/lib/python3.6/site-packages/airflow/example_dags/example_dag_decorator.py
[2021-09-29 14:06:01,850] {logging_mixin.py:109} INFO - [2021-09-29 14:06:01,850] {dag.py:1834} INFO - Sync 1 DAGs
[2021-09-29 14:06:01,861] {logging_mixin.py:109} INFO - [2021-09-29 14:06:01,861] {dag.py:2287} INFO - Setting next_dagrun for example_dag_decorator to None
[2021-09-29 14:06:01,872] {processor.py:170} INFO - Processing /home/airflow/.local/lib/python3.6/site-packages/airflow/example_dags/example_dag_decorator.py took 0.264 seconds
[2021-09-29 14:06:32,135] {processor.py:162} INFO - Started process (PID=2222) to work on /home/airflow/.local/lib/python3.6/site-packages/airflow/example_dags/example_dag_decorator.py
[2021-09-29 14:06:32,137] {processor.py:613} INFO - Processing file /home/airflow/.local/lib/python3.6/site-packages/airflow/example_dags/example_dag_decorator.py for tasks to queue
[2021-09-29 14:06:32,138] {logging_mixin.py:109} INFO - [2021-09-29 14:06:32,138] {dagbag.py:496} INFO - Filling up the DagBag from /home/airflow/.local/lib/python3.6/site-packages/airflow/example_dags/example_dag_decorator.py
[2021-09-29 14:06:32,161] {processor.py:623} INFO - DAG(s) dict_keys(['example_dag_decorator']) retrieved from /home/airflow/.local/lib/python3.6/site-packages/airflow/example_dags/example_dag_decorator.py
[2021-09-29 14:06:32,342] {logging_mixin.py:109} INFO - [2021-09-29 14:06:32,342] {dag.py:1834} INFO - Sync 1 DAGs
[2021-09-29 14:06:32,354] {logging_mixin.py:109} INFO - [2021-09-29 14:06:32,354] {dag.py:2287} INFO - Setting next_dagrun for example_dag_decorator to None
[2021-09-29 14:06:32,368] {processor.py:170} INFO - Processing /home/airflow/.local/lib/python3.6/site-packages/airflow/example_dags/example_dag_decorator.py took 0.237 seconds
[2021-09-29 14:07:02,525] {processor.py:162} INFO - Started process (PID=2423) to work on /home/airflow/.local/lib/python3.6/site-packages/airflow/example_dags/example_dag_decorator.py
[2021-09-29 14:07:02,528] {processor.py:613} INFO - Processing file /home/airflow/.local/lib/python3.6/site-packages/airflow/example_dags/example_dag_decorator.py for tasks to queue
[2021-09-29 14:07:02,530] {logging_mixin.py:109} INFO - [2021-09-29 14:07:02,530] {dagbag.py:496} INFO - Filling up the DagBag from /home/airflow/.local/lib/python3.6/site-packages/airflow/example_dags/example_dag_decorator.py
[2021-09-29 14:07:02,562] {processor.py:623} INFO - DAG(s) dict_keys(['example_dag_decorator']) retrieved from /home/airflow/.local/lib/python3.6/site-packages/airflow/example_dags/example_dag_decorator.py
[2021-09-29 14:07:02,784] {logging_mixin.py:109} INFO - [2021-09-29 14:07:02,784] {dag.py:1834} INFO - Sync 1 DAGs
[2021-09-29 14:07:02,801] {logging_mixin.py:109} INFO - [2021-09-29 14:07:02,801] {dag.py:2287} INFO - Setting next_dagrun for example_dag_decorator to None
[2021-09-29 14:07:02,815] {processor.py:170} INFO - Processing /home/airflow/.local/lib/python3.6/site-packages/airflow/example_dags/example_dag_decorator.py took 0.296 seconds
[2021-09-29 14:07:33,015] {processor.py:162} INFO - Started process (PID=2625) to work on /home/airflow/.local/lib/python3.6/site-packages/airflow/example_dags/example_dag_decorator.py
[2021-09-29 14:07:33,017] {processor.py:613} INFO - Processing file /home/airflow/.local/lib/python3.6/site-packages/airflow/example_dags/example_dag_decorator.py for tasks to queue
[2021-09-29 14:07:33,019] {logging_mixin.py:109} INFO - [2021-09-29 14:07:33,018] {dagbag.py:496} INFO - Filling up the DagBag from /home/airflow/.local/lib/python3.6/site-packages/airflow/example_dags/example_dag_decorator.py
[2021-09-29 14:07:33,043] {processor.py:623} INFO - DAG(s) dict_keys(['example_dag_decorator']) retrieved from /home/airflow/.local/lib/python3.6/site-packages/airflow/example_dags/example_dag_decorator.py
[2021-09-29 14:07:33,267] {logging_mixin.py:109} INFO - [2021-09-29 14:07:33,267] {dag.py:1834} INFO - Sync 1 DAGs
[2021-09-29 14:07:33,282] {logging_mixin.py:109} INFO - [2021-09-29 14:07:33,282] {dag.py:2287} INFO - Setting next_dagrun for example_dag_decorator to None
[2021-09-29 14:07:33,295] {processor.py:170} INFO - Processing /home/airflow/.local/lib/python3.6/site-packages/airflow/example_dags/example_dag_decorator.py took 0.284 seconds
[2021-09-29 14:08:03,399] {processor.py:162} INFO - Started process (PID=2815) to work on /home/airflow/.local/lib/python3.6/site-packages/airflow/example_dags/example_dag_decorator.py
[2021-09-29 14:08:03,402] {processor.py:613} INFO - Processing file /home/airflow/.local/lib/python3.6/site-packages/airflow/example_dags/example_dag_decorator.py for tasks to queue
[2021-09-29 14:08:03,404] {logging_mixin.py:109} INFO - [2021-09-29 14:08:03,404] {dagbag.py:496} INFO - Filling up the DagBag from /home/airflow/.local/lib/python3.6/site-packages/airflow/example_dags/example_dag_decorator.py
[2021-09-29 14:08:03,442] {processor.py:623} INFO - DAG(s) dict_keys(['example_dag_decorator']) retrieved from /home/airflow/.local/lib/python3.6/site-packages/airflow/example_dags/example_dag_decorator.py
[2021-09-29 14:08:03,688] {logging_mixin.py:109} INFO - [2021-09-29 14:08:03,687] {dag.py:1834} INFO - Sync 1 DAGs
[2021-09-29 14:08:03,703] {logging_mixin.py:109} INFO - [2021-09-29 14:08:03,703] {dag.py:2287} INFO - Setting next_dagrun for example_dag_decorator to None
[2021-09-29 14:08:03,717] {processor.py:170} INFO - Processing /home/airflow/.local/lib/python3.6/site-packages/airflow/example_dags/example_dag_decorator.py took 0.322 seconds
[2021-09-29 14:08:33,811] {processor.py:162} INFO - Started process (PID=3022) to work on /home/airflow/.local/lib/python3.6/site-packages/airflow/example_dags/example_dag_decorator.py
[2021-09-29 14:08:33,813] {processor.py:613} INFO - Processing file /home/airflow/.local/lib/python3.6/site-packages/airflow/example_dags/example_dag_decorator.py for tasks to queue
[2021-09-29 14:08:33,814] {logging_mixin.py:109} INFO - [2021-09-29 14:08:33,814] {dagbag.py:496} INFO - Filling up the DagBag from /home/airflow/.local/lib/python3.6/site-packages/airflow/example_dags/example_dag_decorator.py
[2021-09-29 14:08:33,839] {processor.py:623} INFO - DAG(s) dict_keys(['example_dag_decorator']) retrieved from /home/airflow/.local/lib/python3.6/site-packages/airflow/example_dags/example_dag_decorator.py
[2021-09-29 14:08:34,061] {logging_mixin.py:109} INFO - [2021-09-29 14:08:34,061] {dag.py:1834} INFO - Sync 1 DAGs
[2021-09-29 14:08:34,084] {logging_mixin.py:109} INFO - [2021-09-29 14:08:34,083] {dag.py:2287} INFO - Setting next_dagrun for example_dag_decorator to None
[2021-09-29 14:08:34,098] {processor.py:170} INFO - Processing /home/airflow/.local/lib/python3.6/site-packages/airflow/example_dags/example_dag_decorator.py took 0.292 seconds
[2021-09-29 14:09:04,710] {processor.py:162} INFO - Started process (PID=3219) to work on /home/airflow/.local/lib/python3.6/site-packages/airflow/example_dags/example_dag_decorator.py
[2021-09-29 14:09:04,714] {processor.py:613} INFO - Processing file /home/airflow/.local/lib/python3.6/site-packages/airflow/example_dags/example_dag_decorator.py for tasks to queue
[2021-09-29 14:09:04,720] {logging_mixin.py:109} INFO - [2021-09-29 14:09:04,720] {dagbag.py:496} INFO - Filling up the DagBag from /home/airflow/.local/lib/python3.6/site-packages/airflow/example_dags/example_dag_decorator.py
[2021-09-29 14:09:04,762] {processor.py:623} INFO - DAG(s) dict_keys(['example_dag_decorator']) retrieved from /home/airflow/.local/lib/python3.6/site-packages/airflow/example_dags/example_dag_decorator.py
[2021-09-29 14:09:05,008] {logging_mixin.py:109} INFO - [2021-09-29 14:09:05,008] {dag.py:1834} INFO - Sync 1 DAGs
[2021-09-29 14:09:05,027] {logging_mixin.py:109} INFO - [2021-09-29 14:09:05,026] {dag.py:2287} INFO - Setting next_dagrun for example_dag_decorator to None
[2021-09-29 14:09:05,039] {processor.py:170} INFO - Processing /home/airflow/.local/lib/python3.6/site-packages/airflow/example_dags/example_dag_decorator.py took 0.338 seconds
[2021-09-29 14:09:35,516] {processor.py:162} INFO - Started process (PID=3416) to work on /home/airflow/.local/lib/python3.6/site-packages/airflow/example_dags/example_dag_decorator.py
[2021-09-29 14:09:35,518] {processor.py:613} INFO - Processing file /home/airflow/.local/lib/python3.6/site-packages/airflow/example_dags/example_dag_decorator.py for tasks to queue
[2021-09-29 14:09:35,520] {logging_mixin.py:109} INFO - [2021-09-29 14:09:35,520] {dagbag.py:496} INFO - Filling up the DagBag from /home/airflow/.local/lib/python3.6/site-packages/airflow/example_dags/example_dag_decorator.py
[2021-09-29 14:09:35,544] {processor.py:623} INFO - DAG(s) dict_keys(['example_dag_decorator']) retrieved from /home/airflow/.local/lib/python3.6/site-packages/airflow/example_dags/example_dag_decorator.py
[2021-09-29 14:09:35,746] {logging_mixin.py:109} INFO - [2021-09-29 14:09:35,745] {dag.py:1834} INFO - Sync 1 DAGs
[2021-09-29 14:09:35,762] {logging_mixin.py:109} INFO - [2021-09-29 14:09:35,761] {dag.py:2287} INFO - Setting next_dagrun for example_dag_decorator to None
[2021-09-29 14:09:35,778] {processor.py:170} INFO - Processing /home/airflow/.local/lib/python3.6/site-packages/airflow/example_dags/example_dag_decorator.py took 0.267 seconds
[2021-09-29 14:10:05,859] {processor.py:162} INFO - Started process (PID=3619) to work on /home/airflow/.local/lib/python3.6/site-packages/airflow/example_dags/example_dag_decorator.py
[2021-09-29 14:10:05,861] {processor.py:613} INFO - Processing file /home/airflow/.local/lib/python3.6/site-packages/airflow/example_dags/example_dag_decorator.py for tasks to queue
[2021-09-29 14:10:05,863] {logging_mixin.py:109} INFO - [2021-09-29 14:10:05,863] {dagbag.py:496} INFO - Filling up the DagBag from /home/airflow/.local/lib/python3.6/site-packages/airflow/example_dags/example_dag_decorator.py
[2021-09-29 14:10:05,898] {processor.py:623} INFO - DAG(s) dict_keys(['example_dag_decorator']) retrieved from /home/airflow/.local/lib/python3.6/site-packages/airflow/example_dags/example_dag_decorator.py
[2021-09-29 14:10:05,925] {logging_mixin.py:109} INFO - [2021-09-29 14:10:05,925] {dag.py:1834} INFO - Sync 1 DAGs
[2021-09-29 14:10:05,941] {logging_mixin.py:109} INFO - [2021-09-29 14:10:05,940] {dag.py:2287} INFO - Setting next_dagrun for example_dag_decorator to None
[2021-09-29 14:10:05,953] {processor.py:170} INFO - Processing /home/airflow/.local/lib/python3.6/site-packages/airflow/example_dags/example_dag_decorator.py took 0.102 seconds
[2021-09-29 14:10:36,040] {processor.py:162} INFO - Started process (PID=3804) to work on /home/airflow/.local/lib/python3.6/site-packages/airflow/example_dags/example_dag_decorator.py
[2021-09-29 14:10:36,042] {processor.py:613} INFO - Processing file /home/airflow/.local/lib/python3.6/site-packages/airflow/example_dags/example_dag_decorator.py for tasks to queue
[2021-09-29 14:10:36,044] {logging_mixin.py:109} INFO - [2021-09-29 14:10:36,044] {dagbag.py:496} INFO - Filling up the DagBag from /home/airflow/.local/lib/python3.6/site-packages/airflow/example_dags/example_dag_decorator.py
[2021-09-29 14:10:36,069] {processor.py:623} INFO - DAG(s) dict_keys(['example_dag_decorator']) retrieved from /home/airflow/.local/lib/python3.6/site-packages/airflow/example_dags/example_dag_decorator.py
[2021-09-29 14:10:36,256] {logging_mixin.py:109} INFO - [2021-09-29 14:10:36,256] {dag.py:1834} INFO - Sync 1 DAGs
[2021-09-29 14:10:36,267] {logging_mixin.py:109} INFO - [2021-09-29 14:10:36,267] {dag.py:2287} INFO - Setting next_dagrun for example_dag_decorator to None
[2021-09-29 14:10:36,277] {processor.py:170} INFO - Processing /home/airflow/.local/lib/python3.6/site-packages/airflow/example_dags/example_dag_decorator.py took 0.241 seconds
[2021-09-29 14:11:06,459] {processor.py:162} INFO - Started process (PID=4000) to work on /home/airflow/.local/lib/python3.6/site-packages/airflow/example_dags/example_dag_decorator.py
[2021-09-29 14:11:06,461] {processor.py:613} INFO - Processing file /home/airflow/.local/lib/python3.6/site-packages/airflow/example_dags/example_dag_decorator.py for tasks to queue
[2021-09-29 14:11:06,463] {logging_mixin.py:109} INFO - [2021-09-29 14:11:06,463] {dagbag.py:496} INFO - Filling up the DagBag from /home/airflow/.local/lib/python3.6/site-packages/airflow/example_dags/example_dag_decorator.py
[2021-09-29 14:11:06,489] {processor.py:623} INFO - DAG(s) dict_keys(['example_dag_decorator']) retrieved from /home/airflow/.local/lib/python3.6/site-packages/airflow/example_dags/example_dag_decorator.py
[2021-09-29 14:11:06,681] {logging_mixin.py:109} INFO - [2021-09-29 14:11:06,681] {dag.py:1834} INFO - Sync 1 DAGs
[2021-09-29 14:11:06,695] {logging_mixin.py:109} INFO - [2021-09-29 14:11:06,695] {dag.py:2287} INFO - Setting next_dagrun for example_dag_decorator to None
[2021-09-29 14:11:06,711] {processor.py:170} INFO - Processing /home/airflow/.local/lib/python3.6/site-packages/airflow/example_dags/example_dag_decorator.py took 0.257 seconds
[2021-09-29 14:11:37,143] {processor.py:162} INFO - Started process (PID=4196) to work on /home/airflow/.local/lib/python3.6/site-packages/airflow/example_dags/example_dag_decorator.py
[2021-09-29 14:11:37,145] {processor.py:613} INFO - Processing file /home/airflow/.local/lib/python3.6/site-packages/airflow/example_dags/example_dag_decorator.py for tasks to queue
[2021-09-29 14:11:37,146] {logging_mixin.py:109} INFO - [2021-09-29 14:11:37,146] {dagbag.py:496} INFO - Filling up the DagBag from /home/airflow/.local/lib/python3.6/site-packages/airflow/example_dags/example_dag_decorator.py
[2021-09-29 14:11:37,178] {processor.py:623} INFO - DAG(s) dict_keys(['example_dag_decorator']) retrieved from /home/airflow/.local/lib/python3.6/site-packages/airflow/example_dags/example_dag_decorator.py
[2021-09-29 14:11:37,415] {logging_mixin.py:109} INFO - [2021-09-29 14:11:37,415] {dag.py:1834} INFO - Sync 1 DAGs
[2021-09-29 14:11:37,435] {logging_mixin.py:109} INFO - [2021-09-29 14:11:37,435] {dag.py:2287} INFO - Setting next_dagrun for example_dag_decorator to None
[2021-09-29 14:11:37,450] {processor.py:170} INFO - Processing /home/airflow/.local/lib/python3.6/site-packages/airflow/example_dags/example_dag_decorator.py took 0.311 seconds
[2021-09-29 14:12:07,570] {processor.py:162} INFO - Started process (PID=4393) to work on /home/airflow/.local/lib/python3.6/site-packages/airflow/example_dags/example_dag_decorator.py
[2021-09-29 14:12:07,572] {processor.py:613} INFO - Processing file /home/airflow/.local/lib/python3.6/site-packages/airflow/example_dags/example_dag_decorator.py for tasks to queue
[2021-09-29 14:12:07,574] {logging_mixin.py:109} INFO - [2021-09-29 14:12:07,574] {dagbag.py:496} INFO - Filling up the DagBag from /home/airflow/.local/lib/python3.6/site-packages/airflow/example_dags/example_dag_decorator.py
[2021-09-29 14:12:07,599] {processor.py:623} INFO - DAG(s) dict_keys(['example_dag_decorator']) retrieved from /home/airflow/.local/lib/python3.6/site-packages/airflow/example_dags/example_dag_decorator.py
[2021-09-29 14:12:07,789] {logging_mixin.py:109} INFO - [2021-09-29 14:12:07,788] {dag.py:1834} INFO - Sync 1 DAGs
[2021-09-29 14:12:07,808] {logging_mixin.py:109} INFO - [2021-09-29 14:12:07,808] {dag.py:2287} INFO - Setting next_dagrun for example_dag_decorator to None
[2021-09-29 14:12:07,822] {processor.py:170} INFO - Processing /home/airflow/.local/lib/python3.6/site-packages/airflow/example_dags/example_dag_decorator.py took 0.256 seconds
[2021-09-29 14:12:38,243] {processor.py:162} INFO - Started process (PID=4605) to work on /home/airflow/.local/lib/python3.6/site-packages/airflow/example_dags/example_dag_decorator.py
[2021-09-29 14:12:38,245] {processor.py:613} INFO - Processing file /home/airflow/.local/lib/python3.6/site-packages/airflow/example_dags/example_dag_decorator.py for tasks to queue
[2021-09-29 14:12:38,247] {logging_mixin.py:109} INFO - [2021-09-29 14:12:38,246] {dagbag.py:496} INFO - Filling up the DagBag from /home/airflow/.local/lib/python3.6/site-packages/airflow/example_dags/example_dag_decorator.py
[2021-09-29 14:12:38,271] {processor.py:623} INFO - DAG(s) dict_keys(['example_dag_decorator']) retrieved from /home/airflow/.local/lib/python3.6/site-packages/airflow/example_dags/example_dag_decorator.py
[2021-09-29 14:12:38,448] {logging_mixin.py:109} INFO - [2021-09-29 14:12:38,448] {dag.py:1834} INFO - Sync 1 DAGs
[2021-09-29 14:12:38,459] {logging_mixin.py:109} INFO - [2021-09-29 14:12:38,459] {dag.py:2287} INFO - Setting next_dagrun for example_dag_decorator to None
[2021-09-29 14:12:38,472] {processor.py:170} INFO - Processing /home/airflow/.local/lib/python3.6/site-packages/airflow/example_dags/example_dag_decorator.py took 0.234 seconds
[2021-09-29 14:13:08,532] {processor.py:162} INFO - Started process (PID=4808) to work on /home/airflow/.local/lib/python3.6/site-packages/airflow/example_dags/example_dag_decorator.py
[2021-09-29 14:13:08,534] {processor.py:613} INFO - Processing file /home/airflow/.local/lib/python3.6/site-packages/airflow/example_dags/example_dag_decorator.py for tasks to queue
[2021-09-29 14:13:08,536] {logging_mixin.py:109} INFO - [2021-09-29 14:13:08,535] {dagbag.py:496} INFO - Filling up the DagBag from /home/airflow/.local/lib/python3.6/site-packages/airflow/example_dags/example_dag_decorator.py
[2021-09-29 14:13:08,559] {processor.py:623} INFO - DAG(s) dict_keys(['example_dag_decorator']) retrieved from /home/airflow/.local/lib/python3.6/site-packages/airflow/example_dags/example_dag_decorator.py
[2021-09-29 14:13:08,588] {logging_mixin.py:109} INFO - [2021-09-29 14:13:08,588] {dag.py:1834} INFO - Sync 1 DAGs
[2021-09-29 14:13:08,606] {logging_mixin.py:109} INFO - [2021-09-29 14:13:08,606] {dag.py:2287} INFO - Setting next_dagrun for example_dag_decorator to None
[2021-09-29 14:13:08,621] {processor.py:170} INFO - Processing /home/airflow/.local/lib/python3.6/site-packages/airflow/example_dags/example_dag_decorator.py took 0.094 seconds
[2021-09-29 14:13:38,963] {processor.py:162} INFO - Started process (PID=4998) to work on /home/airflow/.local/lib/python3.6/site-packages/airflow/example_dags/example_dag_decorator.py
[2021-09-29 14:13:38,967] {processor.py:613} INFO - Processing file /home/airflow/.local/lib/python3.6/site-packages/airflow/example_dags/example_dag_decorator.py for tasks to queue
[2021-09-29 14:13:38,968] {logging_mixin.py:109} INFO - [2021-09-29 14:13:38,968] {dagbag.py:496} INFO - Filling up the DagBag from /home/airflow/.local/lib/python3.6/site-packages/airflow/example_dags/example_dag_decorator.py
[2021-09-29 14:13:38,994] {processor.py:623} INFO - DAG(s) dict_keys(['example_dag_decorator']) retrieved from /home/airflow/.local/lib/python3.6/site-packages/airflow/example_dags/example_dag_decorator.py
[2021-09-29 14:13:39,259] {logging_mixin.py:109} INFO - [2021-09-29 14:13:39,259] {dag.py:1834} INFO - Sync 1 DAGs
[2021-09-29 14:13:39,276] {logging_mixin.py:109} INFO - [2021-09-29 14:13:39,276] {dag.py:2287} INFO - Setting next_dagrun for example_dag_decorator to None
[2021-09-29 14:13:39,293] {processor.py:170} INFO - Processing /home/airflow/.local/lib/python3.6/site-packages/airflow/example_dags/example_dag_decorator.py took 0.334 seconds
[2021-09-29 14:14:09,536] {processor.py:162} INFO - Started process (PID=5220) to work on /home/airflow/.local/lib/python3.6/site-packages/airflow/example_dags/example_dag_decorator.py
[2021-09-29 14:14:09,538] {processor.py:613} INFO - Processing file /home/airflow/.local/lib/python3.6/site-packages/airflow/example_dags/example_dag_decorator.py for tasks to queue
[2021-09-29 14:14:09,539] {logging_mixin.py:109} INFO - [2021-09-29 14:14:09,539] {dagbag.py:496} INFO - Filling up the DagBag from /home/airflow/.local/lib/python3.6/site-packages/airflow/example_dags/example_dag_decorator.py
[2021-09-29 14:14:09,563] {processor.py:623} INFO - DAG(s) dict_keys(['example_dag_decorator']) retrieved from /home/airflow/.local/lib/python3.6/site-packages/airflow/example_dags/example_dag_decorator.py
[2021-09-29 14:14:09,774] {logging_mixin.py:109} INFO - [2021-09-29 14:14:09,774] {dag.py:1834} INFO - Sync 1 DAGs
[2021-09-29 14:14:09,790] {logging_mixin.py:109} INFO - [2021-09-29 14:14:09,790] {dag.py:2287} INFO - Setting next_dagrun for example_dag_decorator to None
[2021-09-29 14:14:09,807] {processor.py:170} INFO - Processing /home/airflow/.local/lib/python3.6/site-packages/airflow/example_dags/example_dag_decorator.py took 0.276 seconds
[2021-09-29 14:14:39,916] {processor.py:162} INFO - Started process (PID=5413) to work on /home/airflow/.local/lib/python3.6/site-packages/airflow/example_dags/example_dag_decorator.py
[2021-09-29 14:14:39,918] {processor.py:613} INFO - Processing file /home/airflow/.local/lib/python3.6/site-packages/airflow/example_dags/example_dag_decorator.py for tasks to queue
[2021-09-29 14:14:39,920] {logging_mixin.py:109} INFO - [2021-09-29 14:14:39,919] {dagbag.py:496} INFO - Filling up the DagBag from /home/airflow/.local/lib/python3.6/site-packages/airflow/example_dags/example_dag_decorator.py
[2021-09-29 14:14:39,947] {processor.py:623} INFO - DAG(s) dict_keys(['example_dag_decorator']) retrieved from /home/airflow/.local/lib/python3.6/site-packages/airflow/example_dags/example_dag_decorator.py
[2021-09-29 14:14:40,119] {logging_mixin.py:109} INFO - [2021-09-29 14:14:40,119] {dag.py:1834} INFO - Sync 1 DAGs
[2021-09-29 14:14:40,131] {logging_mixin.py:109} INFO - [2021-09-29 14:14:40,131] {dag.py:2287} INFO - Setting next_dagrun for example_dag_decorator to None
[2021-09-29 14:14:40,141] {processor.py:170} INFO - Processing /home/airflow/.local/lib/python3.6/site-packages/airflow/example_dags/example_dag_decorator.py took 0.229 seconds
[2021-09-29 14:15:10,303] {processor.py:162} INFO - Started process (PID=5617) to work on /home/airflow/.local/lib/python3.6/site-packages/airflow/example_dags/example_dag_decorator.py
[2021-09-29 14:15:10,306] {processor.py:613} INFO - Processing file /home/airflow/.local/lib/python3.6/site-packages/airflow/example_dags/example_dag_decorator.py for tasks to queue
[2021-09-29 14:15:10,308] {logging_mixin.py:109} INFO - [2021-09-29 14:15:10,307] {dagbag.py:496} INFO - Filling up the DagBag from /home/airflow/.local/lib/python3.6/site-packages/airflow/example_dags/example_dag_decorator.py
[2021-09-29 14:15:10,332] {processor.py:623} INFO - DAG(s) dict_keys(['example_dag_decorator']) retrieved from /home/airflow/.local/lib/python3.6/site-packages/airflow/example_dags/example_dag_decorator.py
[2021-09-29 14:15:10,512] {logging_mixin.py:109} INFO - [2021-09-29 14:15:10,512] {dag.py:1834} INFO - Sync 1 DAGs
[2021-09-29 14:15:10,524] {logging_mixin.py:109} INFO - [2021-09-29 14:15:10,524] {dag.py:2287} INFO - Setting next_dagrun for example_dag_decorator to None
[2021-09-29 14:15:10,536] {processor.py:170} INFO - Processing /home/airflow/.local/lib/python3.6/site-packages/airflow/example_dags/example_dag_decorator.py took 0.238 seconds
[2021-09-29 14:15:40,763] {processor.py:162} INFO - Started process (PID=5833) to work on /home/airflow/.local/lib/python3.6/site-packages/airflow/example_dags/example_dag_decorator.py
[2021-09-29 14:15:40,766] {processor.py:613} INFO - Processing file /home/airflow/.local/lib/python3.6/site-packages/airflow/example_dags/example_dag_decorator.py for tasks to queue
[2021-09-29 14:15:40,769] {logging_mixin.py:109} INFO - [2021-09-29 14:15:40,768] {dagbag.py:496} INFO - Filling up the DagBag from /home/airflow/.local/lib/python3.6/site-packages/airflow/example_dags/example_dag_decorator.py
[2021-09-29 14:15:40,797] {processor.py:623} INFO - DAG(s) dict_keys(['example_dag_decorator']) retrieved from /home/airflow/.local/lib/python3.6/site-packages/airflow/example_dags/example_dag_decorator.py
[2021-09-29 14:15:41,069] {logging_mixin.py:109} INFO - [2021-09-29 14:15:41,069] {dag.py:1834} INFO - Sync 1 DAGs
[2021-09-29 14:15:41,087] {logging_mixin.py:109} INFO - [2021-09-29 14:15:41,087] {dag.py:2287} INFO - Setting next_dagrun for example_dag_decorator to None
[2021-09-29 14:15:41,106] {processor.py:170} INFO - Processing /home/airflow/.local/lib/python3.6/site-packages/airflow/example_dags/example_dag_decorator.py took 0.348 seconds
[2021-09-29 14:16:11,998] {processor.py:162} INFO - Started process (PID=6026) to work on /home/airflow/.local/lib/python3.6/site-packages/airflow/example_dags/example_dag_decorator.py
[2021-09-29 14:16:12,000] {processor.py:613} INFO - Processing file /home/airflow/.local/lib/python3.6/site-packages/airflow/example_dags/example_dag_decorator.py for tasks to queue
[2021-09-29 14:16:12,002] {logging_mixin.py:109} INFO - [2021-09-29 14:16:12,002] {dagbag.py:496} INFO - Filling up the DagBag from /home/airflow/.local/lib/python3.6/site-packages/airflow/example_dags/example_dag_decorator.py
[2021-09-29 14:16:12,028] {processor.py:623} INFO - DAG(s) dict_keys(['example_dag_decorator']) retrieved from /home/airflow/.local/lib/python3.6/site-packages/airflow/example_dags/example_dag_decorator.py
[2021-09-29 14:16:12,057] {logging_mixin.py:109} INFO - [2021-09-29 14:16:12,057] {dag.py:1834} INFO - Sync 1 DAGs
[2021-09-29 14:16:12,075] {logging_mixin.py:109} INFO - [2021-09-29 14:16:12,074] {dag.py:2287} INFO - Setting next_dagrun for example_dag_decorator to None
[2021-09-29 14:16:12,087] {processor.py:170} INFO - Processing /home/airflow/.local/lib/python3.6/site-packages/airflow/example_dags/example_dag_decorator.py took 0.095 seconds
[2021-09-29 14:16:42,368] {processor.py:162} INFO - Started process (PID=6229) to work on /home/airflow/.local/lib/python3.6/site-packages/airflow/example_dags/example_dag_decorator.py
[2021-09-29 14:16:42,371] {processor.py:613} INFO - Processing file /home/airflow/.local/lib/python3.6/site-packages/airflow/example_dags/example_dag_decorator.py for tasks to queue
[2021-09-29 14:16:42,373] {logging_mixin.py:109} INFO - [2021-09-29 14:16:42,373] {dagbag.py:496} INFO - Filling up the DagBag from /home/airflow/.local/lib/python3.6/site-packages/airflow/example_dags/example_dag_decorator.py
[2021-09-29 14:16:42,396] {processor.py:623} INFO - DAG(s) dict_keys(['example_dag_decorator']) retrieved from /home/airflow/.local/lib/python3.6/site-packages/airflow/example_dags/example_dag_decorator.py
[2021-09-29 14:16:42,569] {logging_mixin.py:109} INFO - [2021-09-29 14:16:42,569] {dag.py:1834} INFO - Sync 1 DAGs
[2021-09-29 14:16:42,589] {logging_mixin.py:109} INFO - [2021-09-29 14:16:42,589] {dag.py:2287} INFO - Setting next_dagrun for example_dag_decorator to None
[2021-09-29 14:16:42,602] {processor.py:170} INFO - Processing /home/airflow/.local/lib/python3.6/site-packages/airflow/example_dags/example_dag_decorator.py took 0.239 seconds
[2021-09-29 14:17:13,079] {processor.py:162} INFO - Started process (PID=6432) to work on /home/airflow/.local/lib/python3.6/site-packages/airflow/example_dags/example_dag_decorator.py
[2021-09-29 14:17:13,081] {processor.py:613} INFO - Processing file /home/airflow/.local/lib/python3.6/site-packages/airflow/example_dags/example_dag_decorator.py for tasks to queue
[2021-09-29 14:17:13,083] {logging_mixin.py:109} INFO - [2021-09-29 14:17:13,083] {dagbag.py:496} INFO - Filling up the DagBag from /home/airflow/.local/lib/python3.6/site-packages/airflow/example_dags/example_dag_decorator.py
[2021-09-29 14:17:13,116] {processor.py:623} INFO - DAG(s) dict_keys(['example_dag_decorator']) retrieved from /home/airflow/.local/lib/python3.6/site-packages/airflow/example_dags/example_dag_decorator.py
[2021-09-29 14:17:13,455] {logging_mixin.py:109} INFO - [2021-09-29 14:17:13,455] {dag.py:1834} INFO - Sync 1 DAGs
[2021-09-29 14:17:13,474] {logging_mixin.py:109} INFO - [2021-09-29 14:17:13,474] {dag.py:2287} INFO - Setting next_dagrun for example_dag_decorator to None
[2021-09-29 14:17:13,529] {processor.py:170} INFO - Processing /home/airflow/.local/lib/python3.6/site-packages/airflow/example_dags/example_dag_decorator.py took 0.454 seconds
[2021-09-29 14:17:44,479] {processor.py:162} INFO - Started process (PID=6636) to work on /home/airflow/.local/lib/python3.6/site-packages/airflow/example_dags/example_dag_decorator.py
[2021-09-29 14:17:44,481] {processor.py:613} INFO - Processing file /home/airflow/.local/lib/python3.6/site-packages/airflow/example_dags/example_dag_decorator.py for tasks to queue
[2021-09-29 14:17:44,483] {logging_mixin.py:109} INFO - [2021-09-29 14:17:44,483] {dagbag.py:496} INFO - Filling up the DagBag from /home/airflow/.local/lib/python3.6/site-packages/airflow/example_dags/example_dag_decorator.py
[2021-09-29 14:17:44,503] {processor.py:623} INFO - DAG(s) dict_keys(['example_dag_decorator']) retrieved from /home/airflow/.local/lib/python3.6/site-packages/airflow/example_dags/example_dag_decorator.py
[2021-09-29 14:17:44,692] {logging_mixin.py:109} INFO - [2021-09-29 14:17:44,691] {dag.py:1834} INFO - Sync 1 DAGs
[2021-09-29 14:17:44,705] {logging_mixin.py:109} INFO - [2021-09-29 14:17:44,705] {dag.py:2287} INFO - Setting next_dagrun for example_dag_decorator to None
[2021-09-29 14:17:44,718] {processor.py:170} INFO - Processing /home/airflow/.local/lib/python3.6/site-packages/airflow/example_dags/example_dag_decorator.py took 0.244 seconds
[2021-09-29 14:18:14,766] {processor.py:162} INFO - Started process (PID=6842) to work on /home/airflow/.local/lib/python3.6/site-packages/airflow/example_dags/example_dag_decorator.py
[2021-09-29 14:18:14,768] {processor.py:613} INFO - Processing file /home/airflow/.local/lib/python3.6/site-packages/airflow/example_dags/example_dag_decorator.py for tasks to queue
[2021-09-29 14:18:14,769] {logging_mixin.py:109} INFO - [2021-09-29 14:18:14,769] {dagbag.py:496} INFO - Filling up the DagBag from /home/airflow/.local/lib/python3.6/site-packages/airflow/example_dags/example_dag_decorator.py
[2021-09-29 14:18:14,788] {processor.py:623} INFO - DAG(s) dict_keys(['example_dag_decorator']) retrieved from /home/airflow/.local/lib/python3.6/site-packages/airflow/example_dags/example_dag_decorator.py
[2021-09-29 14:18:14,976] {logging_mixin.py:109} INFO - [2021-09-29 14:18:14,976] {dag.py:1834} INFO - Sync 1 DAGs
[2021-09-29 14:18:14,991] {logging_mixin.py:109} INFO - [2021-09-29 14:18:14,991] {dag.py:2287} INFO - Setting next_dagrun for example_dag_decorator to None
[2021-09-29 14:18:15,011] {processor.py:170} INFO - Processing /home/airflow/.local/lib/python3.6/site-packages/airflow/example_dags/example_dag_decorator.py took 0.248 seconds
[2021-09-29 14:18:45,357] {processor.py:162} INFO - Started process (PID=7039) to work on /home/airflow/.local/lib/python3.6/site-packages/airflow/example_dags/example_dag_decorator.py
[2021-09-29 14:18:45,360] {processor.py:613} INFO - Processing file /home/airflow/.local/lib/python3.6/site-packages/airflow/example_dags/example_dag_decorator.py for tasks to queue
[2021-09-29 14:18:45,362] {logging_mixin.py:109} INFO - [2021-09-29 14:18:45,361] {dagbag.py:496} INFO - Filling up the DagBag from /home/airflow/.local/lib/python3.6/site-packages/airflow/example_dags/example_dag_decorator.py
[2021-09-29 14:18:45,385] {processor.py:623} INFO - DAG(s) dict_keys(['example_dag_decorator']) retrieved from /home/airflow/.local/lib/python3.6/site-packages/airflow/example_dags/example_dag_decorator.py
[2021-09-29 14:18:45,576] {logging_mixin.py:109} INFO - [2021-09-29 14:18:45,576] {dag.py:1834} INFO - Sync 1 DAGs
[2021-09-29 14:18:45,589] {logging_mixin.py:109} INFO - [2021-09-29 14:18:45,589] {dag.py:2287} INFO - Setting next_dagrun for example_dag_decorator to None
[2021-09-29 14:18:45,602] {processor.py:170} INFO - Processing /home/airflow/.local/lib/python3.6/site-packages/airflow/example_dags/example_dag_decorator.py took 0.249 seconds
[2021-09-29 14:19:15,744] {processor.py:162} INFO - Started process (PID=7243) to work on /home/airflow/.local/lib/python3.6/site-packages/airflow/example_dags/example_dag_decorator.py
[2021-09-29 14:19:15,746] {processor.py:613} INFO - Processing file /home/airflow/.local/lib/python3.6/site-packages/airflow/example_dags/example_dag_decorator.py for tasks to queue
[2021-09-29 14:19:15,747] {logging_mixin.py:109} INFO - [2021-09-29 14:19:15,747] {dagbag.py:496} INFO - Filling up the DagBag from /home/airflow/.local/lib/python3.6/site-packages/airflow/example_dags/example_dag_decorator.py
[2021-09-29 14:19:15,768] {processor.py:623} INFO - DAG(s) dict_keys(['example_dag_decorator']) retrieved from /home/airflow/.local/lib/python3.6/site-packages/airflow/example_dags/example_dag_decorator.py
[2021-09-29 14:19:15,981] {logging_mixin.py:109} INFO - [2021-09-29 14:19:15,980] {dag.py:1834} INFO - Sync 1 DAGs
[2021-09-29 14:19:15,991] {logging_mixin.py:109} INFO - [2021-09-29 14:19:15,991] {dag.py:2287} INFO - Setting next_dagrun for example_dag_decorator to None
[2021-09-29 14:19:16,003] {processor.py:170} INFO - Processing /home/airflow/.local/lib/python3.6/site-packages/airflow/example_dags/example_dag_decorator.py took 0.263 seconds
