[2021-09-29 14:01:57,505] {processor.py:162} INFO - Started process (PID=375) to work on /home/airflow/.local/lib/python3.6/site-packages/airflow/example_dags/example_external_task_marker_dag.py
[2021-09-29 14:01:57,508] {processor.py:613} INFO - Processing file /home/airflow/.local/lib/python3.6/site-packages/airflow/example_dags/example_external_task_marker_dag.py for tasks to queue
[2021-09-29 14:01:57,510] {logging_mixin.py:109} INFO - [2021-09-29 14:01:57,509] {dagbag.py:496} INFO - Filling up the DagBag from /home/airflow/.local/lib/python3.6/site-packages/airflow/example_dags/example_external_task_marker_dag.py
[2021-09-29 14:01:57,533] {processor.py:623} INFO - DAG(s) dict_keys(['example_external_task_marker_parent', 'example_external_task_marker_child']) retrieved from /home/airflow/.local/lib/python3.6/site-packages/airflow/example_dags/example_external_task_marker_dag.py
[2021-09-29 14:01:57,570] {logging_mixin.py:109} INFO - [2021-09-29 14:01:57,570] {dag.py:1834} INFO - Sync 2 DAGs
[2021-09-29 14:01:57,591] {logging_mixin.py:109} INFO - [2021-09-29 14:01:57,591] {dag.py:2287} INFO - Setting next_dagrun for example_external_task_marker_child to None
[2021-09-29 14:01:57,593] {logging_mixin.py:109} INFO - [2021-09-29 14:01:57,593] {dag.py:2287} INFO - Setting next_dagrun for example_external_task_marker_parent to None
[2021-09-29 14:01:57,603] {processor.py:170} INFO - Processing /home/airflow/.local/lib/python3.6/site-packages/airflow/example_dags/example_external_task_marker_dag.py took 0.102 seconds
[2021-09-29 14:02:28,632] {processor.py:162} INFO - Started process (PID=563) to work on /home/airflow/.local/lib/python3.6/site-packages/airflow/example_dags/example_external_task_marker_dag.py
[2021-09-29 14:02:28,634] {processor.py:613} INFO - Processing file /home/airflow/.local/lib/python3.6/site-packages/airflow/example_dags/example_external_task_marker_dag.py for tasks to queue
[2021-09-29 14:02:28,635] {logging_mixin.py:109} INFO - [2021-09-29 14:02:28,635] {dagbag.py:496} INFO - Filling up the DagBag from /home/airflow/.local/lib/python3.6/site-packages/airflow/example_dags/example_external_task_marker_dag.py
[2021-09-29 14:02:28,649] {processor.py:623} INFO - DAG(s) dict_keys(['example_external_task_marker_parent', 'example_external_task_marker_child']) retrieved from /home/airflow/.local/lib/python3.6/site-packages/airflow/example_dags/example_external_task_marker_dag.py
[2021-09-29 14:02:28,672] {logging_mixin.py:109} INFO - [2021-09-29 14:02:28,672] {dag.py:1834} INFO - Sync 2 DAGs
[2021-09-29 14:02:28,688] {logging_mixin.py:109} INFO - [2021-09-29 14:02:28,688] {dag.py:2287} INFO - Setting next_dagrun for example_external_task_marker_child to None
[2021-09-29 14:02:28,690] {logging_mixin.py:109} INFO - [2021-09-29 14:02:28,690] {dag.py:2287} INFO - Setting next_dagrun for example_external_task_marker_parent to None
[2021-09-29 14:02:28,699] {processor.py:170} INFO - Processing /home/airflow/.local/lib/python3.6/site-packages/airflow/example_dags/example_external_task_marker_dag.py took 0.070 seconds
[2021-09-29 14:02:58,767] {processor.py:162} INFO - Started process (PID=765) to work on /home/airflow/.local/lib/python3.6/site-packages/airflow/example_dags/example_external_task_marker_dag.py
[2021-09-29 14:02:58,770] {processor.py:613} INFO - Processing file /home/airflow/.local/lib/python3.6/site-packages/airflow/example_dags/example_external_task_marker_dag.py for tasks to queue
[2021-09-29 14:02:58,772] {logging_mixin.py:109} INFO - [2021-09-29 14:02:58,772] {dagbag.py:496} INFO - Filling up the DagBag from /home/airflow/.local/lib/python3.6/site-packages/airflow/example_dags/example_external_task_marker_dag.py
[2021-09-29 14:02:58,787] {processor.py:623} INFO - DAG(s) dict_keys(['example_external_task_marker_parent', 'example_external_task_marker_child']) retrieved from /home/airflow/.local/lib/python3.6/site-packages/airflow/example_dags/example_external_task_marker_dag.py
[2021-09-29 14:02:58,816] {logging_mixin.py:109} INFO - [2021-09-29 14:02:58,815] {dag.py:1834} INFO - Sync 2 DAGs
[2021-09-29 14:02:58,831] {logging_mixin.py:109} INFO - [2021-09-29 14:02:58,830] {dag.py:2287} INFO - Setting next_dagrun for example_external_task_marker_child to None
[2021-09-29 14:02:58,832] {logging_mixin.py:109} INFO - [2021-09-29 14:02:58,832] {dag.py:2287} INFO - Setting next_dagrun for example_external_task_marker_parent to None
[2021-09-29 14:02:58,843] {processor.py:170} INFO - Processing /home/airflow/.local/lib/python3.6/site-packages/airflow/example_dags/example_external_task_marker_dag.py took 0.080 seconds
[2021-09-29 14:03:29,374] {processor.py:162} INFO - Started process (PID=987) to work on /home/airflow/.local/lib/python3.6/site-packages/airflow/example_dags/example_external_task_marker_dag.py
[2021-09-29 14:03:29,376] {processor.py:613} INFO - Processing file /home/airflow/.local/lib/python3.6/site-packages/airflow/example_dags/example_external_task_marker_dag.py for tasks to queue
[2021-09-29 14:03:29,378] {logging_mixin.py:109} INFO - [2021-09-29 14:03:29,378] {dagbag.py:496} INFO - Filling up the DagBag from /home/airflow/.local/lib/python3.6/site-packages/airflow/example_dags/example_external_task_marker_dag.py
[2021-09-29 14:03:29,394] {processor.py:623} INFO - DAG(s) dict_keys(['example_external_task_marker_parent', 'example_external_task_marker_child']) retrieved from /home/airflow/.local/lib/python3.6/site-packages/airflow/example_dags/example_external_task_marker_dag.py
[2021-09-29 14:03:29,430] {logging_mixin.py:109} INFO - [2021-09-29 14:03:29,430] {dag.py:1834} INFO - Sync 2 DAGs
[2021-09-29 14:03:29,452] {logging_mixin.py:109} INFO - [2021-09-29 14:03:29,452] {dag.py:2287} INFO - Setting next_dagrun for example_external_task_marker_child to None
[2021-09-29 14:03:29,455] {logging_mixin.py:109} INFO - [2021-09-29 14:03:29,454] {dag.py:2287} INFO - Setting next_dagrun for example_external_task_marker_parent to None
[2021-09-29 14:03:29,471] {processor.py:170} INFO - Processing /home/airflow/.local/lib/python3.6/site-packages/airflow/example_dags/example_external_task_marker_dag.py took 0.101 seconds
[2021-09-29 14:03:59,749] {processor.py:162} INFO - Started process (PID=1213) to work on /home/airflow/.local/lib/python3.6/site-packages/airflow/example_dags/example_external_task_marker_dag.py
[2021-09-29 14:03:59,752] {processor.py:613} INFO - Processing file /home/airflow/.local/lib/python3.6/site-packages/airflow/example_dags/example_external_task_marker_dag.py for tasks to queue
[2021-09-29 14:03:59,755] {logging_mixin.py:109} INFO - [2021-09-29 14:03:59,755] {dagbag.py:496} INFO - Filling up the DagBag from /home/airflow/.local/lib/python3.6/site-packages/airflow/example_dags/example_external_task_marker_dag.py
[2021-09-29 14:03:59,773] {processor.py:623} INFO - DAG(s) dict_keys(['example_external_task_marker_parent', 'example_external_task_marker_child']) retrieved from /home/airflow/.local/lib/python3.6/site-packages/airflow/example_dags/example_external_task_marker_dag.py
[2021-09-29 14:03:59,826] {logging_mixin.py:109} INFO - [2021-09-29 14:03:59,826] {dag.py:1834} INFO - Sync 2 DAGs
[2021-09-29 14:03:59,844] {logging_mixin.py:109} INFO - [2021-09-29 14:03:59,844] {dag.py:2287} INFO - Setting next_dagrun for example_external_task_marker_child to None
[2021-09-29 14:03:59,846] {logging_mixin.py:109} INFO - [2021-09-29 14:03:59,846] {dag.py:2287} INFO - Setting next_dagrun for example_external_task_marker_parent to None
[2021-09-29 14:03:59,869] {processor.py:170} INFO - Processing /home/airflow/.local/lib/python3.6/site-packages/airflow/example_dags/example_external_task_marker_dag.py took 0.129 seconds
[2021-09-29 14:04:30,707] {processor.py:162} INFO - Started process (PID=1436) to work on /home/airflow/.local/lib/python3.6/site-packages/airflow/example_dags/example_external_task_marker_dag.py
[2021-09-29 14:04:30,710] {processor.py:613} INFO - Processing file /home/airflow/.local/lib/python3.6/site-packages/airflow/example_dags/example_external_task_marker_dag.py for tasks to queue
[2021-09-29 14:04:30,712] {logging_mixin.py:109} INFO - [2021-09-29 14:04:30,712] {dagbag.py:496} INFO - Filling up the DagBag from /home/airflow/.local/lib/python3.6/site-packages/airflow/example_dags/example_external_task_marker_dag.py
[2021-09-29 14:04:30,731] {processor.py:623} INFO - DAG(s) dict_keys(['example_external_task_marker_parent', 'example_external_task_marker_child']) retrieved from /home/airflow/.local/lib/python3.6/site-packages/airflow/example_dags/example_external_task_marker_dag.py
[2021-09-29 14:04:30,769] {logging_mixin.py:109} INFO - [2021-09-29 14:04:30,768] {dag.py:1834} INFO - Sync 2 DAGs
[2021-09-29 14:04:30,786] {logging_mixin.py:109} INFO - [2021-09-29 14:04:30,786] {dag.py:2287} INFO - Setting next_dagrun for example_external_task_marker_child to None
[2021-09-29 14:04:30,788] {logging_mixin.py:109} INFO - [2021-09-29 14:04:30,788] {dag.py:2287} INFO - Setting next_dagrun for example_external_task_marker_parent to None
[2021-09-29 14:04:30,801] {processor.py:170} INFO - Processing /home/airflow/.local/lib/python3.6/site-packages/airflow/example_dags/example_external_task_marker_dag.py took 0.098 seconds
[2021-09-29 14:05:01,259] {processor.py:162} INFO - Started process (PID=1645) to work on /home/airflow/.local/lib/python3.6/site-packages/airflow/example_dags/example_external_task_marker_dag.py
[2021-09-29 14:05:01,262] {processor.py:613} INFO - Processing file /home/airflow/.local/lib/python3.6/site-packages/airflow/example_dags/example_external_task_marker_dag.py for tasks to queue
[2021-09-29 14:05:01,264] {logging_mixin.py:109} INFO - [2021-09-29 14:05:01,263] {dagbag.py:496} INFO - Filling up the DagBag from /home/airflow/.local/lib/python3.6/site-packages/airflow/example_dags/example_external_task_marker_dag.py
[2021-09-29 14:05:01,280] {processor.py:623} INFO - DAG(s) dict_keys(['example_external_task_marker_parent', 'example_external_task_marker_child']) retrieved from /home/airflow/.local/lib/python3.6/site-packages/airflow/example_dags/example_external_task_marker_dag.py
[2021-09-29 14:05:01,312] {logging_mixin.py:109} INFO - [2021-09-29 14:05:01,312] {dag.py:1834} INFO - Sync 2 DAGs
[2021-09-29 14:05:01,332] {logging_mixin.py:109} INFO - [2021-09-29 14:05:01,332] {dag.py:2287} INFO - Setting next_dagrun for example_external_task_marker_child to None
[2021-09-29 14:05:01,334] {logging_mixin.py:109} INFO - [2021-09-29 14:05:01,334] {dag.py:2287} INFO - Setting next_dagrun for example_external_task_marker_parent to None
[2021-09-29 14:05:01,347] {processor.py:170} INFO - Processing /home/airflow/.local/lib/python3.6/site-packages/airflow/example_dags/example_external_task_marker_dag.py took 0.092 seconds
[2021-09-29 14:05:31,550] {processor.py:162} INFO - Started process (PID=1846) to work on /home/airflow/.local/lib/python3.6/site-packages/airflow/example_dags/example_external_task_marker_dag.py
[2021-09-29 14:05:31,552] {processor.py:613} INFO - Processing file /home/airflow/.local/lib/python3.6/site-packages/airflow/example_dags/example_external_task_marker_dag.py for tasks to queue
[2021-09-29 14:05:31,554] {logging_mixin.py:109} INFO - [2021-09-29 14:05:31,554] {dagbag.py:496} INFO - Filling up the DagBag from /home/airflow/.local/lib/python3.6/site-packages/airflow/example_dags/example_external_task_marker_dag.py
[2021-09-29 14:05:31,571] {processor.py:623} INFO - DAG(s) dict_keys(['example_external_task_marker_parent', 'example_external_task_marker_child']) retrieved from /home/airflow/.local/lib/python3.6/site-packages/airflow/example_dags/example_external_task_marker_dag.py
[2021-09-29 14:05:31,626] {logging_mixin.py:109} INFO - [2021-09-29 14:05:31,626] {dag.py:1834} INFO - Sync 2 DAGs
[2021-09-29 14:05:31,642] {logging_mixin.py:109} INFO - [2021-09-29 14:05:31,642] {dag.py:2287} INFO - Setting next_dagrun for example_external_task_marker_child to None
[2021-09-29 14:05:31,644] {logging_mixin.py:109} INFO - [2021-09-29 14:05:31,644] {dag.py:2287} INFO - Setting next_dagrun for example_external_task_marker_parent to None
[2021-09-29 14:05:31,659] {processor.py:170} INFO - Processing /home/airflow/.local/lib/python3.6/site-packages/airflow/example_dags/example_external_task_marker_dag.py took 0.113 seconds
[2021-09-29 14:06:02,360] {processor.py:162} INFO - Started process (PID=2079) to work on /home/airflow/.local/lib/python3.6/site-packages/airflow/example_dags/example_external_task_marker_dag.py
[2021-09-29 14:06:02,362] {processor.py:613} INFO - Processing file /home/airflow/.local/lib/python3.6/site-packages/airflow/example_dags/example_external_task_marker_dag.py for tasks to queue
[2021-09-29 14:06:02,363] {logging_mixin.py:109} INFO - [2021-09-29 14:06:02,363] {dagbag.py:496} INFO - Filling up the DagBag from /home/airflow/.local/lib/python3.6/site-packages/airflow/example_dags/example_external_task_marker_dag.py
[2021-09-29 14:06:02,380] {processor.py:623} INFO - DAG(s) dict_keys(['example_external_task_marker_parent', 'example_external_task_marker_child']) retrieved from /home/airflow/.local/lib/python3.6/site-packages/airflow/example_dags/example_external_task_marker_dag.py
[2021-09-29 14:06:02,411] {logging_mixin.py:109} INFO - [2021-09-29 14:06:02,411] {dag.py:1834} INFO - Sync 2 DAGs
[2021-09-29 14:06:02,433] {logging_mixin.py:109} INFO - [2021-09-29 14:06:02,433] {dag.py:2287} INFO - Setting next_dagrun for example_external_task_marker_child to None
[2021-09-29 14:06:02,435] {logging_mixin.py:109} INFO - [2021-09-29 14:06:02,435] {dag.py:2287} INFO - Setting next_dagrun for example_external_task_marker_parent to None
[2021-09-29 14:06:02,447] {processor.py:170} INFO - Processing /home/airflow/.local/lib/python3.6/site-packages/airflow/example_dags/example_external_task_marker_dag.py took 0.091 seconds
[2021-09-29 14:06:32,785] {processor.py:162} INFO - Started process (PID=2274) to work on /home/airflow/.local/lib/python3.6/site-packages/airflow/example_dags/example_external_task_marker_dag.py
[2021-09-29 14:06:32,788] {processor.py:613} INFO - Processing file /home/airflow/.local/lib/python3.6/site-packages/airflow/example_dags/example_external_task_marker_dag.py for tasks to queue
[2021-09-29 14:06:32,789] {logging_mixin.py:109} INFO - [2021-09-29 14:06:32,789] {dagbag.py:496} INFO - Filling up the DagBag from /home/airflow/.local/lib/python3.6/site-packages/airflow/example_dags/example_external_task_marker_dag.py
[2021-09-29 14:06:32,805] {processor.py:623} INFO - DAG(s) dict_keys(['example_external_task_marker_parent', 'example_external_task_marker_child']) retrieved from /home/airflow/.local/lib/python3.6/site-packages/airflow/example_dags/example_external_task_marker_dag.py
[2021-09-29 14:06:32,836] {logging_mixin.py:109} INFO - [2021-09-29 14:06:32,836] {dag.py:1834} INFO - Sync 2 DAGs
[2021-09-29 14:06:32,854] {logging_mixin.py:109} INFO - [2021-09-29 14:06:32,854] {dag.py:2287} INFO - Setting next_dagrun for example_external_task_marker_child to None
[2021-09-29 14:06:32,858] {logging_mixin.py:109} INFO - [2021-09-29 14:06:32,858] {dag.py:2287} INFO - Setting next_dagrun for example_external_task_marker_parent to None
[2021-09-29 14:06:32,873] {processor.py:170} INFO - Processing /home/airflow/.local/lib/python3.6/site-packages/airflow/example_dags/example_external_task_marker_dag.py took 0.092 seconds
[2021-09-29 14:07:03,402] {processor.py:162} INFO - Started process (PID=2469) to work on /home/airflow/.local/lib/python3.6/site-packages/airflow/example_dags/example_external_task_marker_dag.py
[2021-09-29 14:07:03,404] {processor.py:613} INFO - Processing file /home/airflow/.local/lib/python3.6/site-packages/airflow/example_dags/example_external_task_marker_dag.py for tasks to queue
[2021-09-29 14:07:03,406] {logging_mixin.py:109} INFO - [2021-09-29 14:07:03,405] {dagbag.py:496} INFO - Filling up the DagBag from /home/airflow/.local/lib/python3.6/site-packages/airflow/example_dags/example_external_task_marker_dag.py
[2021-09-29 14:07:03,424] {processor.py:623} INFO - DAG(s) dict_keys(['example_external_task_marker_parent', 'example_external_task_marker_child']) retrieved from /home/airflow/.local/lib/python3.6/site-packages/airflow/example_dags/example_external_task_marker_dag.py
[2021-09-29 14:07:03,456] {logging_mixin.py:109} INFO - [2021-09-29 14:07:03,456] {dag.py:1834} INFO - Sync 2 DAGs
[2021-09-29 14:07:03,474] {logging_mixin.py:109} INFO - [2021-09-29 14:07:03,473] {dag.py:2287} INFO - Setting next_dagrun for example_external_task_marker_child to None
[2021-09-29 14:07:03,475] {logging_mixin.py:109} INFO - [2021-09-29 14:07:03,475] {dag.py:2287} INFO - Setting next_dagrun for example_external_task_marker_parent to None
[2021-09-29 14:07:03,487] {processor.py:170} INFO - Processing /home/airflow/.local/lib/python3.6/site-packages/airflow/example_dags/example_external_task_marker_dag.py took 0.089 seconds
[2021-09-29 14:07:33,743] {processor.py:162} INFO - Started process (PID=2670) to work on /home/airflow/.local/lib/python3.6/site-packages/airflow/example_dags/example_external_task_marker_dag.py
[2021-09-29 14:07:33,745] {processor.py:613} INFO - Processing file /home/airflow/.local/lib/python3.6/site-packages/airflow/example_dags/example_external_task_marker_dag.py for tasks to queue
[2021-09-29 14:07:33,747] {logging_mixin.py:109} INFO - [2021-09-29 14:07:33,747] {dagbag.py:496} INFO - Filling up the DagBag from /home/airflow/.local/lib/python3.6/site-packages/airflow/example_dags/example_external_task_marker_dag.py
[2021-09-29 14:07:33,762] {processor.py:623} INFO - DAG(s) dict_keys(['example_external_task_marker_parent', 'example_external_task_marker_child']) retrieved from /home/airflow/.local/lib/python3.6/site-packages/airflow/example_dags/example_external_task_marker_dag.py
[2021-09-29 14:07:33,796] {logging_mixin.py:109} INFO - [2021-09-29 14:07:33,796] {dag.py:1834} INFO - Sync 2 DAGs
[2021-09-29 14:07:33,815] {logging_mixin.py:109} INFO - [2021-09-29 14:07:33,814] {dag.py:2287} INFO - Setting next_dagrun for example_external_task_marker_child to None
[2021-09-29 14:07:33,817] {logging_mixin.py:109} INFO - [2021-09-29 14:07:33,816] {dag.py:2287} INFO - Setting next_dagrun for example_external_task_marker_parent to None
[2021-09-29 14:07:33,830] {processor.py:170} INFO - Processing /home/airflow/.local/lib/python3.6/site-packages/airflow/example_dags/example_external_task_marker_dag.py took 0.091 seconds
[2021-09-29 14:08:04,161] {processor.py:162} INFO - Started process (PID=2861) to work on /home/airflow/.local/lib/python3.6/site-packages/airflow/example_dags/example_external_task_marker_dag.py
[2021-09-29 14:08:04,163] {processor.py:613} INFO - Processing file /home/airflow/.local/lib/python3.6/site-packages/airflow/example_dags/example_external_task_marker_dag.py for tasks to queue
[2021-09-29 14:08:04,165] {logging_mixin.py:109} INFO - [2021-09-29 14:08:04,165] {dagbag.py:496} INFO - Filling up the DagBag from /home/airflow/.local/lib/python3.6/site-packages/airflow/example_dags/example_external_task_marker_dag.py
[2021-09-29 14:08:04,181] {processor.py:623} INFO - DAG(s) dict_keys(['example_external_task_marker_parent', 'example_external_task_marker_child']) retrieved from /home/airflow/.local/lib/python3.6/site-packages/airflow/example_dags/example_external_task_marker_dag.py
[2021-09-29 14:08:04,210] {logging_mixin.py:109} INFO - [2021-09-29 14:08:04,210] {dag.py:1834} INFO - Sync 2 DAGs
[2021-09-29 14:08:04,226] {logging_mixin.py:109} INFO - [2021-09-29 14:08:04,226] {dag.py:2287} INFO - Setting next_dagrun for example_external_task_marker_child to None
[2021-09-29 14:08:04,228] {logging_mixin.py:109} INFO - [2021-09-29 14:08:04,228] {dag.py:2287} INFO - Setting next_dagrun for example_external_task_marker_parent to None
[2021-09-29 14:08:04,238] {processor.py:170} INFO - Processing /home/airflow/.local/lib/python3.6/site-packages/airflow/example_dags/example_external_task_marker_dag.py took 0.081 seconds
[2021-09-29 14:08:34,500] {processor.py:162} INFO - Started process (PID=3067) to work on /home/airflow/.local/lib/python3.6/site-packages/airflow/example_dags/example_external_task_marker_dag.py
[2021-09-29 14:08:34,502] {processor.py:613} INFO - Processing file /home/airflow/.local/lib/python3.6/site-packages/airflow/example_dags/example_external_task_marker_dag.py for tasks to queue
[2021-09-29 14:08:34,504] {logging_mixin.py:109} INFO - [2021-09-29 14:08:34,504] {dagbag.py:496} INFO - Filling up the DagBag from /home/airflow/.local/lib/python3.6/site-packages/airflow/example_dags/example_external_task_marker_dag.py
[2021-09-29 14:08:34,518] {processor.py:623} INFO - DAG(s) dict_keys(['example_external_task_marker_parent', 'example_external_task_marker_child']) retrieved from /home/airflow/.local/lib/python3.6/site-packages/airflow/example_dags/example_external_task_marker_dag.py
[2021-09-29 14:08:34,548] {logging_mixin.py:109} INFO - [2021-09-29 14:08:34,548] {dag.py:1834} INFO - Sync 2 DAGs
[2021-09-29 14:08:34,563] {logging_mixin.py:109} INFO - [2021-09-29 14:08:34,563] {dag.py:2287} INFO - Setting next_dagrun for example_external_task_marker_child to None
[2021-09-29 14:08:34,565] {logging_mixin.py:109} INFO - [2021-09-29 14:08:34,565] {dag.py:2287} INFO - Setting next_dagrun for example_external_task_marker_parent to None
[2021-09-29 14:08:34,574] {processor.py:170} INFO - Processing /home/airflow/.local/lib/python3.6/site-packages/airflow/example_dags/example_external_task_marker_dag.py took 0.078 seconds
[2021-09-29 14:09:05,433] {processor.py:162} INFO - Started process (PID=3262) to work on /home/airflow/.local/lib/python3.6/site-packages/airflow/example_dags/example_external_task_marker_dag.py
[2021-09-29 14:09:05,436] {processor.py:613} INFO - Processing file /home/airflow/.local/lib/python3.6/site-packages/airflow/example_dags/example_external_task_marker_dag.py for tasks to queue
[2021-09-29 14:09:05,438] {logging_mixin.py:109} INFO - [2021-09-29 14:09:05,438] {dagbag.py:496} INFO - Filling up the DagBag from /home/airflow/.local/lib/python3.6/site-packages/airflow/example_dags/example_external_task_marker_dag.py
[2021-09-29 14:09:05,453] {processor.py:623} INFO - DAG(s) dict_keys(['example_external_task_marker_parent', 'example_external_task_marker_child']) retrieved from /home/airflow/.local/lib/python3.6/site-packages/airflow/example_dags/example_external_task_marker_dag.py
[2021-09-29 14:09:05,495] {logging_mixin.py:109} INFO - [2021-09-29 14:09:05,495] {dag.py:1834} INFO - Sync 2 DAGs
[2021-09-29 14:09:05,515] {logging_mixin.py:109} INFO - [2021-09-29 14:09:05,515] {dag.py:2287} INFO - Setting next_dagrun for example_external_task_marker_child to None
[2021-09-29 14:09:05,517] {logging_mixin.py:109} INFO - [2021-09-29 14:09:05,517] {dag.py:2287} INFO - Setting next_dagrun for example_external_task_marker_parent to None
[2021-09-29 14:09:05,532] {processor.py:170} INFO - Processing /home/airflow/.local/lib/python3.6/site-packages/airflow/example_dags/example_external_task_marker_dag.py took 0.103 seconds
[2021-09-29 14:09:36,258] {processor.py:162} INFO - Started process (PID=3459) to work on /home/airflow/.local/lib/python3.6/site-packages/airflow/example_dags/example_external_task_marker_dag.py
[2021-09-29 14:09:36,260] {processor.py:613} INFO - Processing file /home/airflow/.local/lib/python3.6/site-packages/airflow/example_dags/example_external_task_marker_dag.py for tasks to queue
[2021-09-29 14:09:36,262] {logging_mixin.py:109} INFO - [2021-09-29 14:09:36,262] {dagbag.py:496} INFO - Filling up the DagBag from /home/airflow/.local/lib/python3.6/site-packages/airflow/example_dags/example_external_task_marker_dag.py
[2021-09-29 14:09:36,284] {processor.py:623} INFO - DAG(s) dict_keys(['example_external_task_marker_parent', 'example_external_task_marker_child']) retrieved from /home/airflow/.local/lib/python3.6/site-packages/airflow/example_dags/example_external_task_marker_dag.py
[2021-09-29 14:09:36,316] {logging_mixin.py:109} INFO - [2021-09-29 14:09:36,316] {dag.py:1834} INFO - Sync 2 DAGs
[2021-09-29 14:09:36,336] {logging_mixin.py:109} INFO - [2021-09-29 14:09:36,335] {dag.py:2287} INFO - Setting next_dagrun for example_external_task_marker_child to None
[2021-09-29 14:09:36,337] {logging_mixin.py:109} INFO - [2021-09-29 14:09:36,337] {dag.py:2287} INFO - Setting next_dagrun for example_external_task_marker_parent to None
[2021-09-29 14:09:36,350] {processor.py:170} INFO - Processing /home/airflow/.local/lib/python3.6/site-packages/airflow/example_dags/example_external_task_marker_dag.py took 0.097 seconds
[2021-09-29 14:10:06,454] {processor.py:162} INFO - Started process (PID=3664) to work on /home/airflow/.local/lib/python3.6/site-packages/airflow/example_dags/example_external_task_marker_dag.py
[2021-09-29 14:10:06,456] {processor.py:613} INFO - Processing file /home/airflow/.local/lib/python3.6/site-packages/airflow/example_dags/example_external_task_marker_dag.py for tasks to queue
[2021-09-29 14:10:06,458] {logging_mixin.py:109} INFO - [2021-09-29 14:10:06,457] {dagbag.py:496} INFO - Filling up the DagBag from /home/airflow/.local/lib/python3.6/site-packages/airflow/example_dags/example_external_task_marker_dag.py
[2021-09-29 14:10:06,472] {processor.py:623} INFO - DAG(s) dict_keys(['example_external_task_marker_parent', 'example_external_task_marker_child']) retrieved from /home/airflow/.local/lib/python3.6/site-packages/airflow/example_dags/example_external_task_marker_dag.py
[2021-09-29 14:10:06,504] {logging_mixin.py:109} INFO - [2021-09-29 14:10:06,504] {dag.py:1834} INFO - Sync 2 DAGs
[2021-09-29 14:10:06,523] {logging_mixin.py:109} INFO - [2021-09-29 14:10:06,522] {dag.py:2287} INFO - Setting next_dagrun for example_external_task_marker_child to None
[2021-09-29 14:10:06,525] {logging_mixin.py:109} INFO - [2021-09-29 14:10:06,524] {dag.py:2287} INFO - Setting next_dagrun for example_external_task_marker_parent to None
[2021-09-29 14:10:06,537] {processor.py:170} INFO - Processing /home/airflow/.local/lib/python3.6/site-packages/airflow/example_dags/example_external_task_marker_dag.py took 0.087 seconds
[2021-09-29 14:10:36,668] {processor.py:162} INFO - Started process (PID=3847) to work on /home/airflow/.local/lib/python3.6/site-packages/airflow/example_dags/example_external_task_marker_dag.py
[2021-09-29 14:10:36,670] {processor.py:613} INFO - Processing file /home/airflow/.local/lib/python3.6/site-packages/airflow/example_dags/example_external_task_marker_dag.py for tasks to queue
[2021-09-29 14:10:36,672] {logging_mixin.py:109} INFO - [2021-09-29 14:10:36,672] {dagbag.py:496} INFO - Filling up the DagBag from /home/airflow/.local/lib/python3.6/site-packages/airflow/example_dags/example_external_task_marker_dag.py
[2021-09-29 14:10:36,688] {processor.py:623} INFO - DAG(s) dict_keys(['example_external_task_marker_parent', 'example_external_task_marker_child']) retrieved from /home/airflow/.local/lib/python3.6/site-packages/airflow/example_dags/example_external_task_marker_dag.py
[2021-09-29 14:10:36,718] {logging_mixin.py:109} INFO - [2021-09-29 14:10:36,718] {dag.py:1834} INFO - Sync 2 DAGs
[2021-09-29 14:10:36,734] {logging_mixin.py:109} INFO - [2021-09-29 14:10:36,734] {dag.py:2287} INFO - Setting next_dagrun for example_external_task_marker_child to None
[2021-09-29 14:10:36,736] {logging_mixin.py:109} INFO - [2021-09-29 14:10:36,736] {dag.py:2287} INFO - Setting next_dagrun for example_external_task_marker_parent to None
[2021-09-29 14:10:36,751] {processor.py:170} INFO - Processing /home/airflow/.local/lib/python3.6/site-packages/airflow/example_dags/example_external_task_marker_dag.py took 0.087 seconds
[2021-09-29 14:11:07,109] {processor.py:162} INFO - Started process (PID=4043) to work on /home/airflow/.local/lib/python3.6/site-packages/airflow/example_dags/example_external_task_marker_dag.py
[2021-09-29 14:11:07,111] {processor.py:613} INFO - Processing file /home/airflow/.local/lib/python3.6/site-packages/airflow/example_dags/example_external_task_marker_dag.py for tasks to queue
[2021-09-29 14:11:07,113] {logging_mixin.py:109} INFO - [2021-09-29 14:11:07,113] {dagbag.py:496} INFO - Filling up the DagBag from /home/airflow/.local/lib/python3.6/site-packages/airflow/example_dags/example_external_task_marker_dag.py
[2021-09-29 14:11:07,128] {processor.py:623} INFO - DAG(s) dict_keys(['example_external_task_marker_parent', 'example_external_task_marker_child']) retrieved from /home/airflow/.local/lib/python3.6/site-packages/airflow/example_dags/example_external_task_marker_dag.py
[2021-09-29 14:11:07,164] {logging_mixin.py:109} INFO - [2021-09-29 14:11:07,164] {dag.py:1834} INFO - Sync 2 DAGs
[2021-09-29 14:11:07,182] {logging_mixin.py:109} INFO - [2021-09-29 14:11:07,182] {dag.py:2287} INFO - Setting next_dagrun for example_external_task_marker_child to None
[2021-09-29 14:11:07,184] {logging_mixin.py:109} INFO - [2021-09-29 14:11:07,184] {dag.py:2287} INFO - Setting next_dagrun for example_external_task_marker_parent to None
[2021-09-29 14:11:07,207] {processor.py:170} INFO - Processing /home/airflow/.local/lib/python3.6/site-packages/airflow/example_dags/example_external_task_marker_dag.py took 0.102 seconds
[2021-09-29 14:11:37,778] {processor.py:162} INFO - Started process (PID=4239) to work on /home/airflow/.local/lib/python3.6/site-packages/airflow/example_dags/example_external_task_marker_dag.py
[2021-09-29 14:11:37,781] {processor.py:613} INFO - Processing file /home/airflow/.local/lib/python3.6/site-packages/airflow/example_dags/example_external_task_marker_dag.py for tasks to queue
[2021-09-29 14:11:37,800] {logging_mixin.py:109} INFO - [2021-09-29 14:11:37,800] {dagbag.py:496} INFO - Filling up the DagBag from /home/airflow/.local/lib/python3.6/site-packages/airflow/example_dags/example_external_task_marker_dag.py
[2021-09-29 14:11:37,817] {processor.py:623} INFO - DAG(s) dict_keys(['example_external_task_marker_parent', 'example_external_task_marker_child']) retrieved from /home/airflow/.local/lib/python3.6/site-packages/airflow/example_dags/example_external_task_marker_dag.py
[2021-09-29 14:11:37,850] {logging_mixin.py:109} INFO - [2021-09-29 14:11:37,850] {dag.py:1834} INFO - Sync 2 DAGs
[2021-09-29 14:11:37,870] {logging_mixin.py:109} INFO - [2021-09-29 14:11:37,870] {dag.py:2287} INFO - Setting next_dagrun for example_external_task_marker_child to None
[2021-09-29 14:11:37,873] {logging_mixin.py:109} INFO - [2021-09-29 14:11:37,872] {dag.py:2287} INFO - Setting next_dagrun for example_external_task_marker_parent to None
[2021-09-29 14:11:37,887] {processor.py:170} INFO - Processing /home/airflow/.local/lib/python3.6/site-packages/airflow/example_dags/example_external_task_marker_dag.py took 0.112 seconds
[2021-09-29 14:12:08,300] {processor.py:162} INFO - Started process (PID=4435) to work on /home/airflow/.local/lib/python3.6/site-packages/airflow/example_dags/example_external_task_marker_dag.py
[2021-09-29 14:12:08,302] {processor.py:613} INFO - Processing file /home/airflow/.local/lib/python3.6/site-packages/airflow/example_dags/example_external_task_marker_dag.py for tasks to queue
[2021-09-29 14:12:08,304] {logging_mixin.py:109} INFO - [2021-09-29 14:12:08,304] {dagbag.py:496} INFO - Filling up the DagBag from /home/airflow/.local/lib/python3.6/site-packages/airflow/example_dags/example_external_task_marker_dag.py
[2021-09-29 14:12:08,318] {processor.py:623} INFO - DAG(s) dict_keys(['example_external_task_marker_parent', 'example_external_task_marker_child']) retrieved from /home/airflow/.local/lib/python3.6/site-packages/airflow/example_dags/example_external_task_marker_dag.py
[2021-09-29 14:12:08,351] {logging_mixin.py:109} INFO - [2021-09-29 14:12:08,351] {dag.py:1834} INFO - Sync 2 DAGs
[2021-09-29 14:12:08,380] {logging_mixin.py:109} INFO - [2021-09-29 14:12:08,380] {dag.py:2287} INFO - Setting next_dagrun for example_external_task_marker_child to None
[2021-09-29 14:12:08,382] {logging_mixin.py:109} INFO - [2021-09-29 14:12:08,382] {dag.py:2287} INFO - Setting next_dagrun for example_external_task_marker_parent to None
[2021-09-29 14:12:08,402] {processor.py:170} INFO - Processing /home/airflow/.local/lib/python3.6/site-packages/airflow/example_dags/example_external_task_marker_dag.py took 0.106 seconds
[2021-09-29 14:12:39,110] {processor.py:162} INFO - Started process (PID=4650) to work on /home/airflow/.local/lib/python3.6/site-packages/airflow/example_dags/example_external_task_marker_dag.py
[2021-09-29 14:12:39,111] {processor.py:613} INFO - Processing file /home/airflow/.local/lib/python3.6/site-packages/airflow/example_dags/example_external_task_marker_dag.py for tasks to queue
[2021-09-29 14:12:39,113] {logging_mixin.py:109} INFO - [2021-09-29 14:12:39,113] {dagbag.py:496} INFO - Filling up the DagBag from /home/airflow/.local/lib/python3.6/site-packages/airflow/example_dags/example_external_task_marker_dag.py
[2021-09-29 14:12:39,126] {processor.py:623} INFO - DAG(s) dict_keys(['example_external_task_marker_parent', 'example_external_task_marker_child']) retrieved from /home/airflow/.local/lib/python3.6/site-packages/airflow/example_dags/example_external_task_marker_dag.py
[2021-09-29 14:12:39,157] {logging_mixin.py:109} INFO - [2021-09-29 14:12:39,157] {dag.py:1834} INFO - Sync 2 DAGs
[2021-09-29 14:12:39,184] {logging_mixin.py:109} INFO - [2021-09-29 14:12:39,184] {dag.py:2287} INFO - Setting next_dagrun for example_external_task_marker_child to None
[2021-09-29 14:12:39,188] {logging_mixin.py:109} INFO - [2021-09-29 14:12:39,188] {dag.py:2287} INFO - Setting next_dagrun for example_external_task_marker_parent to None
[2021-09-29 14:12:39,205] {processor.py:170} INFO - Processing /home/airflow/.local/lib/python3.6/site-packages/airflow/example_dags/example_external_task_marker_dag.py took 0.099 seconds
[2021-09-29 14:13:09,304] {processor.py:162} INFO - Started process (PID=4853) to work on /home/airflow/.local/lib/python3.6/site-packages/airflow/example_dags/example_external_task_marker_dag.py
[2021-09-29 14:13:09,307] {processor.py:613} INFO - Processing file /home/airflow/.local/lib/python3.6/site-packages/airflow/example_dags/example_external_task_marker_dag.py for tasks to queue
[2021-09-29 14:13:09,309] {logging_mixin.py:109} INFO - [2021-09-29 14:13:09,309] {dagbag.py:496} INFO - Filling up the DagBag from /home/airflow/.local/lib/python3.6/site-packages/airflow/example_dags/example_external_task_marker_dag.py
[2021-09-29 14:13:09,330] {processor.py:623} INFO - DAG(s) dict_keys(['example_external_task_marker_parent', 'example_external_task_marker_child']) retrieved from /home/airflow/.local/lib/python3.6/site-packages/airflow/example_dags/example_external_task_marker_dag.py
[2021-09-29 14:13:09,377] {logging_mixin.py:109} INFO - [2021-09-29 14:13:09,377] {dag.py:1834} INFO - Sync 2 DAGs
[2021-09-29 14:13:09,399] {logging_mixin.py:109} INFO - [2021-09-29 14:13:09,399] {dag.py:2287} INFO - Setting next_dagrun for example_external_task_marker_child to None
[2021-09-29 14:13:09,402] {logging_mixin.py:109} INFO - [2021-09-29 14:13:09,402] {dag.py:2287} INFO - Setting next_dagrun for example_external_task_marker_parent to None
[2021-09-29 14:13:09,423] {processor.py:170} INFO - Processing /home/airflow/.local/lib/python3.6/site-packages/airflow/example_dags/example_external_task_marker_dag.py took 0.124 seconds
[2021-09-29 14:13:39,742] {processor.py:162} INFO - Started process (PID=5046) to work on /home/airflow/.local/lib/python3.6/site-packages/airflow/example_dags/example_external_task_marker_dag.py
[2021-09-29 14:13:39,746] {processor.py:613} INFO - Processing file /home/airflow/.local/lib/python3.6/site-packages/airflow/example_dags/example_external_task_marker_dag.py for tasks to queue
[2021-09-29 14:13:39,749] {logging_mixin.py:109} INFO - [2021-09-29 14:13:39,749] {dagbag.py:496} INFO - Filling up the DagBag from /home/airflow/.local/lib/python3.6/site-packages/airflow/example_dags/example_external_task_marker_dag.py
[2021-09-29 14:13:39,769] {processor.py:623} INFO - DAG(s) dict_keys(['example_external_task_marker_parent', 'example_external_task_marker_child']) retrieved from /home/airflow/.local/lib/python3.6/site-packages/airflow/example_dags/example_external_task_marker_dag.py
[2021-09-29 14:13:39,810] {logging_mixin.py:109} INFO - [2021-09-29 14:13:39,810] {dag.py:1834} INFO - Sync 2 DAGs
[2021-09-29 14:13:39,831] {logging_mixin.py:109} INFO - [2021-09-29 14:13:39,831] {dag.py:2287} INFO - Setting next_dagrun for example_external_task_marker_child to None
[2021-09-29 14:13:39,833] {logging_mixin.py:109} INFO - [2021-09-29 14:13:39,833] {dag.py:2287} INFO - Setting next_dagrun for example_external_task_marker_parent to None
[2021-09-29 14:13:39,853] {processor.py:170} INFO - Processing /home/airflow/.local/lib/python3.6/site-packages/airflow/example_dags/example_external_task_marker_dag.py took 0.118 seconds
[2021-09-29 14:14:10,300] {processor.py:162} INFO - Started process (PID=5263) to work on /home/airflow/.local/lib/python3.6/site-packages/airflow/example_dags/example_external_task_marker_dag.py
[2021-09-29 14:14:10,303] {processor.py:613} INFO - Processing file /home/airflow/.local/lib/python3.6/site-packages/airflow/example_dags/example_external_task_marker_dag.py for tasks to queue
[2021-09-29 14:14:10,305] {logging_mixin.py:109} INFO - [2021-09-29 14:14:10,305] {dagbag.py:496} INFO - Filling up the DagBag from /home/airflow/.local/lib/python3.6/site-packages/airflow/example_dags/example_external_task_marker_dag.py
[2021-09-29 14:14:10,322] {processor.py:623} INFO - DAG(s) dict_keys(['example_external_task_marker_parent', 'example_external_task_marker_child']) retrieved from /home/airflow/.local/lib/python3.6/site-packages/airflow/example_dags/example_external_task_marker_dag.py
[2021-09-29 14:14:10,354] {logging_mixin.py:109} INFO - [2021-09-29 14:14:10,354] {dag.py:1834} INFO - Sync 2 DAGs
[2021-09-29 14:14:10,371] {logging_mixin.py:109} INFO - [2021-09-29 14:14:10,371] {dag.py:2287} INFO - Setting next_dagrun for example_external_task_marker_child to None
[2021-09-29 14:14:10,373] {logging_mixin.py:109} INFO - [2021-09-29 14:14:10,373] {dag.py:2287} INFO - Setting next_dagrun for example_external_task_marker_parent to None
[2021-09-29 14:14:10,386] {processor.py:170} INFO - Processing /home/airflow/.local/lib/python3.6/site-packages/airflow/example_dags/example_external_task_marker_dag.py took 0.091 seconds
[2021-09-29 14:14:40,571] {processor.py:162} INFO - Started process (PID=5456) to work on /home/airflow/.local/lib/python3.6/site-packages/airflow/example_dags/example_external_task_marker_dag.py
[2021-09-29 14:14:40,573] {processor.py:613} INFO - Processing file /home/airflow/.local/lib/python3.6/site-packages/airflow/example_dags/example_external_task_marker_dag.py for tasks to queue
[2021-09-29 14:14:40,574] {logging_mixin.py:109} INFO - [2021-09-29 14:14:40,574] {dagbag.py:496} INFO - Filling up the DagBag from /home/airflow/.local/lib/python3.6/site-packages/airflow/example_dags/example_external_task_marker_dag.py
[2021-09-29 14:14:40,589] {processor.py:623} INFO - DAG(s) dict_keys(['example_external_task_marker_parent', 'example_external_task_marker_child']) retrieved from /home/airflow/.local/lib/python3.6/site-packages/airflow/example_dags/example_external_task_marker_dag.py
[2021-09-29 14:14:40,620] {logging_mixin.py:109} INFO - [2021-09-29 14:14:40,619] {dag.py:1834} INFO - Sync 2 DAGs
[2021-09-29 14:14:40,636] {logging_mixin.py:109} INFO - [2021-09-29 14:14:40,636] {dag.py:2287} INFO - Setting next_dagrun for example_external_task_marker_child to None
[2021-09-29 14:14:40,638] {logging_mixin.py:109} INFO - [2021-09-29 14:14:40,638] {dag.py:2287} INFO - Setting next_dagrun for example_external_task_marker_parent to None
[2021-09-29 14:14:40,650] {processor.py:170} INFO - Processing /home/airflow/.local/lib/python3.6/site-packages/airflow/example_dags/example_external_task_marker_dag.py took 0.083 seconds
[2021-09-29 14:15:10,975] {processor.py:162} INFO - Started process (PID=5660) to work on /home/airflow/.local/lib/python3.6/site-packages/airflow/example_dags/example_external_task_marker_dag.py
[2021-09-29 14:15:10,977] {processor.py:613} INFO - Processing file /home/airflow/.local/lib/python3.6/site-packages/airflow/example_dags/example_external_task_marker_dag.py for tasks to queue
[2021-09-29 14:15:10,979] {logging_mixin.py:109} INFO - [2021-09-29 14:15:10,979] {dagbag.py:496} INFO - Filling up the DagBag from /home/airflow/.local/lib/python3.6/site-packages/airflow/example_dags/example_external_task_marker_dag.py
[2021-09-29 14:15:10,996] {processor.py:623} INFO - DAG(s) dict_keys(['example_external_task_marker_parent', 'example_external_task_marker_child']) retrieved from /home/airflow/.local/lib/python3.6/site-packages/airflow/example_dags/example_external_task_marker_dag.py
[2021-09-29 14:15:11,029] {logging_mixin.py:109} INFO - [2021-09-29 14:15:11,028] {dag.py:1834} INFO - Sync 2 DAGs
[2021-09-29 14:15:11,045] {logging_mixin.py:109} INFO - [2021-09-29 14:15:11,045] {dag.py:2287} INFO - Setting next_dagrun for example_external_task_marker_child to None
[2021-09-29 14:15:11,047] {logging_mixin.py:109} INFO - [2021-09-29 14:15:11,047] {dag.py:2287} INFO - Setting next_dagrun for example_external_task_marker_parent to None
[2021-09-29 14:15:11,059] {processor.py:170} INFO - Processing /home/airflow/.local/lib/python3.6/site-packages/airflow/example_dags/example_external_task_marker_dag.py took 0.089 seconds
[2021-09-29 14:15:41,519] {processor.py:162} INFO - Started process (PID=5876) to work on /home/airflow/.local/lib/python3.6/site-packages/airflow/example_dags/example_external_task_marker_dag.py
[2021-09-29 14:15:41,522] {processor.py:613} INFO - Processing file /home/airflow/.local/lib/python3.6/site-packages/airflow/example_dags/example_external_task_marker_dag.py for tasks to queue
[2021-09-29 14:15:41,524] {logging_mixin.py:109} INFO - [2021-09-29 14:15:41,524] {dagbag.py:496} INFO - Filling up the DagBag from /home/airflow/.local/lib/python3.6/site-packages/airflow/example_dags/example_external_task_marker_dag.py
[2021-09-29 14:15:41,540] {processor.py:623} INFO - DAG(s) dict_keys(['example_external_task_marker_parent', 'example_external_task_marker_child']) retrieved from /home/airflow/.local/lib/python3.6/site-packages/airflow/example_dags/example_external_task_marker_dag.py
[2021-09-29 14:15:41,573] {logging_mixin.py:109} INFO - [2021-09-29 14:15:41,573] {dag.py:1834} INFO - Sync 2 DAGs
[2021-09-29 14:15:41,591] {logging_mixin.py:109} INFO - [2021-09-29 14:15:41,591] {dag.py:2287} INFO - Setting next_dagrun for example_external_task_marker_child to None
[2021-09-29 14:15:41,594] {logging_mixin.py:109} INFO - [2021-09-29 14:15:41,593] {dag.py:2287} INFO - Setting next_dagrun for example_external_task_marker_parent to None
[2021-09-29 14:15:41,608] {processor.py:170} INFO - Processing /home/airflow/.local/lib/python3.6/site-packages/airflow/example_dags/example_external_task_marker_dag.py took 0.093 seconds
[2021-09-29 14:16:12,555] {processor.py:162} INFO - Started process (PID=6069) to work on /home/airflow/.local/lib/python3.6/site-packages/airflow/example_dags/example_external_task_marker_dag.py
[2021-09-29 14:16:12,557] {processor.py:613} INFO - Processing file /home/airflow/.local/lib/python3.6/site-packages/airflow/example_dags/example_external_task_marker_dag.py for tasks to queue
[2021-09-29 14:16:12,559] {logging_mixin.py:109} INFO - [2021-09-29 14:16:12,559] {dagbag.py:496} INFO - Filling up the DagBag from /home/airflow/.local/lib/python3.6/site-packages/airflow/example_dags/example_external_task_marker_dag.py
[2021-09-29 14:16:12,579] {processor.py:623} INFO - DAG(s) dict_keys(['example_external_task_marker_parent', 'example_external_task_marker_child']) retrieved from /home/airflow/.local/lib/python3.6/site-packages/airflow/example_dags/example_external_task_marker_dag.py
[2021-09-29 14:16:12,614] {logging_mixin.py:109} INFO - [2021-09-29 14:16:12,614] {dag.py:1834} INFO - Sync 2 DAGs
[2021-09-29 14:16:12,632] {logging_mixin.py:109} INFO - [2021-09-29 14:16:12,632] {dag.py:2287} INFO - Setting next_dagrun for example_external_task_marker_child to None
[2021-09-29 14:16:12,635] {logging_mixin.py:109} INFO - [2021-09-29 14:16:12,635] {dag.py:2287} INFO - Setting next_dagrun for example_external_task_marker_parent to None
[2021-09-29 14:16:12,648] {processor.py:170} INFO - Processing /home/airflow/.local/lib/python3.6/site-packages/airflow/example_dags/example_external_task_marker_dag.py took 0.098 seconds
[2021-09-29 14:16:43,010] {processor.py:162} INFO - Started process (PID=6272) to work on /home/airflow/.local/lib/python3.6/site-packages/airflow/example_dags/example_external_task_marker_dag.py
[2021-09-29 14:16:43,013] {processor.py:613} INFO - Processing file /home/airflow/.local/lib/python3.6/site-packages/airflow/example_dags/example_external_task_marker_dag.py for tasks to queue
[2021-09-29 14:16:43,015] {logging_mixin.py:109} INFO - [2021-09-29 14:16:43,015] {dagbag.py:496} INFO - Filling up the DagBag from /home/airflow/.local/lib/python3.6/site-packages/airflow/example_dags/example_external_task_marker_dag.py
[2021-09-29 14:16:43,030] {processor.py:623} INFO - DAG(s) dict_keys(['example_external_task_marker_parent', 'example_external_task_marker_child']) retrieved from /home/airflow/.local/lib/python3.6/site-packages/airflow/example_dags/example_external_task_marker_dag.py
[2021-09-29 14:16:43,083] {logging_mixin.py:109} INFO - [2021-09-29 14:16:43,082] {dag.py:1834} INFO - Sync 2 DAGs
[2021-09-29 14:16:43,105] {logging_mixin.py:109} INFO - [2021-09-29 14:16:43,105] {dag.py:2287} INFO - Setting next_dagrun for example_external_task_marker_child to None
[2021-09-29 14:16:43,107] {logging_mixin.py:109} INFO - [2021-09-29 14:16:43,107] {dag.py:2287} INFO - Setting next_dagrun for example_external_task_marker_parent to None
[2021-09-29 14:16:43,121] {processor.py:170} INFO - Processing /home/airflow/.local/lib/python3.6/site-packages/airflow/example_dags/example_external_task_marker_dag.py took 0.115 seconds
[2021-09-29 14:17:14,381] {processor.py:162} INFO - Started process (PID=6475) to work on /home/airflow/.local/lib/python3.6/site-packages/airflow/example_dags/example_external_task_marker_dag.py
[2021-09-29 14:17:14,384] {processor.py:613} INFO - Processing file /home/airflow/.local/lib/python3.6/site-packages/airflow/example_dags/example_external_task_marker_dag.py for tasks to queue
[2021-09-29 14:17:14,386] {logging_mixin.py:109} INFO - [2021-09-29 14:17:14,385] {dagbag.py:496} INFO - Filling up the DagBag from /home/airflow/.local/lib/python3.6/site-packages/airflow/example_dags/example_external_task_marker_dag.py
[2021-09-29 14:17:14,406] {processor.py:623} INFO - DAG(s) dict_keys(['example_external_task_marker_parent', 'example_external_task_marker_child']) retrieved from /home/airflow/.local/lib/python3.6/site-packages/airflow/example_dags/example_external_task_marker_dag.py
[2021-09-29 14:17:14,447] {logging_mixin.py:109} INFO - [2021-09-29 14:17:14,447] {dag.py:1834} INFO - Sync 2 DAGs
[2021-09-29 14:17:14,470] {logging_mixin.py:109} INFO - [2021-09-29 14:17:14,470] {dag.py:2287} INFO - Setting next_dagrun for example_external_task_marker_child to None
[2021-09-29 14:17:14,473] {logging_mixin.py:109} INFO - [2021-09-29 14:17:14,472] {dag.py:2287} INFO - Setting next_dagrun for example_external_task_marker_parent to None
[2021-09-29 14:17:14,486] {processor.py:170} INFO - Processing /home/airflow/.local/lib/python3.6/site-packages/airflow/example_dags/example_external_task_marker_dag.py took 0.110 seconds
[2021-09-29 14:17:45,326] {processor.py:162} INFO - Started process (PID=6682) to work on /home/airflow/.local/lib/python3.6/site-packages/airflow/example_dags/example_external_task_marker_dag.py
[2021-09-29 14:17:45,328] {processor.py:613} INFO - Processing file /home/airflow/.local/lib/python3.6/site-packages/airflow/example_dags/example_external_task_marker_dag.py for tasks to queue
[2021-09-29 14:17:45,330] {logging_mixin.py:109} INFO - [2021-09-29 14:17:45,329] {dagbag.py:496} INFO - Filling up the DagBag from /home/airflow/.local/lib/python3.6/site-packages/airflow/example_dags/example_external_task_marker_dag.py
[2021-09-29 14:17:45,347] {processor.py:623} INFO - DAG(s) dict_keys(['example_external_task_marker_parent', 'example_external_task_marker_child']) retrieved from /home/airflow/.local/lib/python3.6/site-packages/airflow/example_dags/example_external_task_marker_dag.py
[2021-09-29 14:17:45,384] {logging_mixin.py:109} INFO - [2021-09-29 14:17:45,384] {dag.py:1834} INFO - Sync 2 DAGs
[2021-09-29 14:17:45,402] {logging_mixin.py:109} INFO - [2021-09-29 14:17:45,402] {dag.py:2287} INFO - Setting next_dagrun for example_external_task_marker_child to None
[2021-09-29 14:17:45,405] {logging_mixin.py:109} INFO - [2021-09-29 14:17:45,405] {dag.py:2287} INFO - Setting next_dagrun for example_external_task_marker_parent to None
[2021-09-29 14:17:45,418] {processor.py:170} INFO - Processing /home/airflow/.local/lib/python3.6/site-packages/airflow/example_dags/example_external_task_marker_dag.py took 0.097 seconds
[2021-09-29 14:18:15,799] {processor.py:162} INFO - Started process (PID=6885) to work on /home/airflow/.local/lib/python3.6/site-packages/airflow/example_dags/example_external_task_marker_dag.py
[2021-09-29 14:18:15,801] {processor.py:613} INFO - Processing file /home/airflow/.local/lib/python3.6/site-packages/airflow/example_dags/example_external_task_marker_dag.py for tasks to queue
[2021-09-29 14:18:15,803] {logging_mixin.py:109} INFO - [2021-09-29 14:18:15,803] {dagbag.py:496} INFO - Filling up the DagBag from /home/airflow/.local/lib/python3.6/site-packages/airflow/example_dags/example_external_task_marker_dag.py
[2021-09-29 14:18:15,819] {processor.py:623} INFO - DAG(s) dict_keys(['example_external_task_marker_parent', 'example_external_task_marker_child']) retrieved from /home/airflow/.local/lib/python3.6/site-packages/airflow/example_dags/example_external_task_marker_dag.py
[2021-09-29 14:18:15,852] {logging_mixin.py:109} INFO - [2021-09-29 14:18:15,852] {dag.py:1834} INFO - Sync 2 DAGs
[2021-09-29 14:18:15,871] {logging_mixin.py:109} INFO - [2021-09-29 14:18:15,871] {dag.py:2287} INFO - Setting next_dagrun for example_external_task_marker_child to None
[2021-09-29 14:18:15,873] {logging_mixin.py:109} INFO - [2021-09-29 14:18:15,873] {dag.py:2287} INFO - Setting next_dagrun for example_external_task_marker_parent to None
[2021-09-29 14:18:15,885] {processor.py:170} INFO - Processing /home/airflow/.local/lib/python3.6/site-packages/airflow/example_dags/example_external_task_marker_dag.py took 0.090 seconds
[2021-09-29 14:18:45,945] {processor.py:162} INFO - Started process (PID=7082) to work on /home/airflow/.local/lib/python3.6/site-packages/airflow/example_dags/example_external_task_marker_dag.py
[2021-09-29 14:18:45,948] {processor.py:613} INFO - Processing file /home/airflow/.local/lib/python3.6/site-packages/airflow/example_dags/example_external_task_marker_dag.py for tasks to queue
[2021-09-29 14:18:45,950] {logging_mixin.py:109} INFO - [2021-09-29 14:18:45,949] {dagbag.py:496} INFO - Filling up the DagBag from /home/airflow/.local/lib/python3.6/site-packages/airflow/example_dags/example_external_task_marker_dag.py
[2021-09-29 14:18:45,967] {processor.py:623} INFO - DAG(s) dict_keys(['example_external_task_marker_parent', 'example_external_task_marker_child']) retrieved from /home/airflow/.local/lib/python3.6/site-packages/airflow/example_dags/example_external_task_marker_dag.py
[2021-09-29 14:18:46,003] {logging_mixin.py:109} INFO - [2021-09-29 14:18:46,003] {dag.py:1834} INFO - Sync 2 DAGs
[2021-09-29 14:18:46,026] {logging_mixin.py:109} INFO - [2021-09-29 14:18:46,026] {dag.py:2287} INFO - Setting next_dagrun for example_external_task_marker_child to None
[2021-09-29 14:18:46,028] {logging_mixin.py:109} INFO - [2021-09-29 14:18:46,028] {dag.py:2287} INFO - Setting next_dagrun for example_external_task_marker_parent to None
[2021-09-29 14:18:46,040] {processor.py:170} INFO - Processing /home/airflow/.local/lib/python3.6/site-packages/airflow/example_dags/example_external_task_marker_dag.py took 0.100 seconds
[2021-09-29 14:19:16,402] {processor.py:162} INFO - Started process (PID=7286) to work on /home/airflow/.local/lib/python3.6/site-packages/airflow/example_dags/example_external_task_marker_dag.py
[2021-09-29 14:19:16,404] {processor.py:613} INFO - Processing file /home/airflow/.local/lib/python3.6/site-packages/airflow/example_dags/example_external_task_marker_dag.py for tasks to queue
[2021-09-29 14:19:16,406] {logging_mixin.py:109} INFO - [2021-09-29 14:19:16,406] {dagbag.py:496} INFO - Filling up the DagBag from /home/airflow/.local/lib/python3.6/site-packages/airflow/example_dags/example_external_task_marker_dag.py
[2021-09-29 14:19:16,421] {processor.py:623} INFO - DAG(s) dict_keys(['example_external_task_marker_parent', 'example_external_task_marker_child']) retrieved from /home/airflow/.local/lib/python3.6/site-packages/airflow/example_dags/example_external_task_marker_dag.py
[2021-09-29 14:19:16,454] {logging_mixin.py:109} INFO - [2021-09-29 14:19:16,454] {dag.py:1834} INFO - Sync 2 DAGs
[2021-09-29 14:19:16,472] {logging_mixin.py:109} INFO - [2021-09-29 14:19:16,471] {dag.py:2287} INFO - Setting next_dagrun for example_external_task_marker_child to None
[2021-09-29 14:19:16,473] {logging_mixin.py:109} INFO - [2021-09-29 14:19:16,473] {dag.py:2287} INFO - Setting next_dagrun for example_external_task_marker_parent to None
[2021-09-29 14:19:16,486] {processor.py:170} INFO - Processing /home/airflow/.local/lib/python3.6/site-packages/airflow/example_dags/example_external_task_marker_dag.py took 0.089 seconds
