[2021-09-29 14:01:54,299] {processor.py:162} INFO - Started process (PID=295) to work on /home/airflow/.local/lib/python3.6/site-packages/airflow/example_dags/example_branch_labels.py
[2021-09-29 14:01:54,302] {processor.py:613} INFO - Processing file /home/airflow/.local/lib/python3.6/site-packages/airflow/example_dags/example_branch_labels.py for tasks to queue
[2021-09-29 14:01:54,305] {logging_mixin.py:109} INFO - [2021-09-29 14:01:54,305] {dagbag.py:496} INFO - Filling up the DagBag from /home/airflow/.local/lib/python3.6/site-packages/airflow/example_dags/example_branch_labels.py
[2021-09-29 14:01:54,326] {processor.py:623} INFO - DAG(s) dict_keys(['example_branch_labels']) retrieved from /home/airflow/.local/lib/python3.6/site-packages/airflow/example_dags/example_branch_labels.py
[2021-09-29 14:01:54,598] {logging_mixin.py:109} INFO - [2021-09-29 14:01:54,597] {dag.py:1834} INFO - Sync 1 DAGs
[2021-09-29 14:01:54,617] {logging_mixin.py:109} INFO - [2021-09-29 14:01:54,617] {dag.py:2287} INFO - Setting next_dagrun for example_branch_labels to 2021-09-27 00:00:00+00:00
[2021-09-29 14:01:54,632] {processor.py:170} INFO - Processing /home/airflow/.local/lib/python3.6/site-packages/airflow/example_dags/example_branch_labels.py took 0.340 seconds
[2021-09-29 14:02:25,523] {processor.py:162} INFO - Started process (PID=483) to work on /home/airflow/.local/lib/python3.6/site-packages/airflow/example_dags/example_branch_labels.py
[2021-09-29 14:02:25,526] {processor.py:613} INFO - Processing file /home/airflow/.local/lib/python3.6/site-packages/airflow/example_dags/example_branch_labels.py for tasks to queue
[2021-09-29 14:02:25,528] {logging_mixin.py:109} INFO - [2021-09-29 14:02:25,527] {dagbag.py:496} INFO - Filling up the DagBag from /home/airflow/.local/lib/python3.6/site-packages/airflow/example_dags/example_branch_labels.py
[2021-09-29 14:02:25,546] {processor.py:623} INFO - DAG(s) dict_keys(['example_branch_labels']) retrieved from /home/airflow/.local/lib/python3.6/site-packages/airflow/example_dags/example_branch_labels.py
[2021-09-29 14:02:25,577] {logging_mixin.py:109} INFO - [2021-09-29 14:02:25,577] {dag.py:1834} INFO - Sync 1 DAGs
[2021-09-29 14:02:25,597] {logging_mixin.py:109} INFO - [2021-09-29 14:02:25,597] {dag.py:2287} INFO - Setting next_dagrun for example_branch_labels to 2021-09-27 00:00:00+00:00
[2021-09-29 14:02:25,608] {processor.py:170} INFO - Processing /home/airflow/.local/lib/python3.6/site-packages/airflow/example_dags/example_branch_labels.py took 0.089 seconds
[2021-09-29 14:02:56,567] {processor.py:162} INFO - Started process (PID=680) to work on /home/airflow/.local/lib/python3.6/site-packages/airflow/example_dags/example_branch_labels.py
[2021-09-29 14:02:56,569] {processor.py:613} INFO - Processing file /home/airflow/.local/lib/python3.6/site-packages/airflow/example_dags/example_branch_labels.py for tasks to queue
[2021-09-29 14:02:56,571] {logging_mixin.py:109} INFO - [2021-09-29 14:02:56,571] {dagbag.py:496} INFO - Filling up the DagBag from /home/airflow/.local/lib/python3.6/site-packages/airflow/example_dags/example_branch_labels.py
[2021-09-29 14:02:56,586] {processor.py:623} INFO - DAG(s) dict_keys(['example_branch_labels']) retrieved from /home/airflow/.local/lib/python3.6/site-packages/airflow/example_dags/example_branch_labels.py
[2021-09-29 14:02:56,614] {logging_mixin.py:109} INFO - [2021-09-29 14:02:56,613] {dag.py:1834} INFO - Sync 1 DAGs
[2021-09-29 14:02:56,633] {logging_mixin.py:109} INFO - [2021-09-29 14:02:56,633] {dag.py:2287} INFO - Setting next_dagrun for example_branch_labels to 2021-09-27 00:00:00+00:00
[2021-09-29 14:02:56,644] {processor.py:170} INFO - Processing /home/airflow/.local/lib/python3.6/site-packages/airflow/example_dags/example_branch_labels.py took 0.081 seconds
[2021-09-29 14:03:27,131] {processor.py:162} INFO - Started process (PID=904) to work on /home/airflow/.local/lib/python3.6/site-packages/airflow/example_dags/example_branch_labels.py
[2021-09-29 14:03:27,133] {processor.py:613} INFO - Processing file /home/airflow/.local/lib/python3.6/site-packages/airflow/example_dags/example_branch_labels.py for tasks to queue
[2021-09-29 14:03:27,134] {logging_mixin.py:109} INFO - [2021-09-29 14:03:27,134] {dagbag.py:496} INFO - Filling up the DagBag from /home/airflow/.local/lib/python3.6/site-packages/airflow/example_dags/example_branch_labels.py
[2021-09-29 14:03:27,147] {processor.py:623} INFO - DAG(s) dict_keys(['example_branch_labels']) retrieved from /home/airflow/.local/lib/python3.6/site-packages/airflow/example_dags/example_branch_labels.py
[2021-09-29 14:03:27,172] {logging_mixin.py:109} INFO - [2021-09-29 14:03:27,172] {dag.py:1834} INFO - Sync 1 DAGs
[2021-09-29 14:03:27,197] {logging_mixin.py:109} INFO - [2021-09-29 14:03:27,197] {dag.py:2287} INFO - Setting next_dagrun for example_branch_labels to 2021-09-27 00:00:00+00:00
[2021-09-29 14:03:27,209] {processor.py:170} INFO - Processing /home/airflow/.local/lib/python3.6/site-packages/airflow/example_dags/example_branch_labels.py took 0.083 seconds
[2021-09-29 14:03:57,630] {processor.py:162} INFO - Started process (PID=1130) to work on /home/airflow/.local/lib/python3.6/site-packages/airflow/example_dags/example_branch_labels.py
[2021-09-29 14:03:57,633] {processor.py:613} INFO - Processing file /home/airflow/.local/lib/python3.6/site-packages/airflow/example_dags/example_branch_labels.py for tasks to queue
[2021-09-29 14:03:57,635] {logging_mixin.py:109} INFO - [2021-09-29 14:03:57,634] {dagbag.py:496} INFO - Filling up the DagBag from /home/airflow/.local/lib/python3.6/site-packages/airflow/example_dags/example_branch_labels.py
[2021-09-29 14:03:57,651] {processor.py:623} INFO - DAG(s) dict_keys(['example_branch_labels']) retrieved from /home/airflow/.local/lib/python3.6/site-packages/airflow/example_dags/example_branch_labels.py
[2021-09-29 14:03:57,678] {logging_mixin.py:109} INFO - [2021-09-29 14:03:57,678] {dag.py:1834} INFO - Sync 1 DAGs
[2021-09-29 14:03:57,697] {logging_mixin.py:109} INFO - [2021-09-29 14:03:57,697] {dag.py:2287} INFO - Setting next_dagrun for example_branch_labels to 2021-09-27 00:00:00+00:00
[2021-09-29 14:03:57,708] {processor.py:170} INFO - Processing /home/airflow/.local/lib/python3.6/site-packages/airflow/example_dags/example_branch_labels.py took 0.082 seconds
[2021-09-29 14:04:28,511] {processor.py:162} INFO - Started process (PID=1358) to work on /home/airflow/.local/lib/python3.6/site-packages/airflow/example_dags/example_branch_labels.py
[2021-09-29 14:04:28,513] {processor.py:613} INFO - Processing file /home/airflow/.local/lib/python3.6/site-packages/airflow/example_dags/example_branch_labels.py for tasks to queue
[2021-09-29 14:04:28,515] {logging_mixin.py:109} INFO - [2021-09-29 14:04:28,515] {dagbag.py:496} INFO - Filling up the DagBag from /home/airflow/.local/lib/python3.6/site-packages/airflow/example_dags/example_branch_labels.py
[2021-09-29 14:04:28,530] {processor.py:623} INFO - DAG(s) dict_keys(['example_branch_labels']) retrieved from /home/airflow/.local/lib/python3.6/site-packages/airflow/example_dags/example_branch_labels.py
[2021-09-29 14:04:28,559] {logging_mixin.py:109} INFO - [2021-09-29 14:04:28,559] {dag.py:1834} INFO - Sync 1 DAGs
[2021-09-29 14:04:28,584] {logging_mixin.py:109} INFO - [2021-09-29 14:04:28,584] {dag.py:2287} INFO - Setting next_dagrun for example_branch_labels to 2021-09-27 00:00:00+00:00
[2021-09-29 14:04:28,596] {processor.py:170} INFO - Processing /home/airflow/.local/lib/python3.6/site-packages/airflow/example_dags/example_branch_labels.py took 0.090 seconds
[2021-09-29 14:04:58,821] {processor.py:162} INFO - Started process (PID=1547) to work on /home/airflow/.local/lib/python3.6/site-packages/airflow/example_dags/example_branch_labels.py
[2021-09-29 14:04:58,825] {processor.py:613} INFO - Processing file /home/airflow/.local/lib/python3.6/site-packages/airflow/example_dags/example_branch_labels.py for tasks to queue
[2021-09-29 14:04:58,828] {logging_mixin.py:109} INFO - [2021-09-29 14:04:58,827] {dagbag.py:496} INFO - Filling up the DagBag from /home/airflow/.local/lib/python3.6/site-packages/airflow/example_dags/example_branch_labels.py
[2021-09-29 14:04:58,848] {processor.py:623} INFO - DAG(s) dict_keys(['example_branch_labels']) retrieved from /home/airflow/.local/lib/python3.6/site-packages/airflow/example_dags/example_branch_labels.py
[2021-09-29 14:04:58,892] {logging_mixin.py:109} INFO - [2021-09-29 14:04:58,891] {dag.py:1834} INFO - Sync 1 DAGs
[2021-09-29 14:04:58,915] {logging_mixin.py:109} INFO - [2021-09-29 14:04:58,915] {dag.py:2287} INFO - Setting next_dagrun for example_branch_labels to 2021-09-27 00:00:00+00:00
[2021-09-29 14:04:58,963] {processor.py:170} INFO - Processing /home/airflow/.local/lib/python3.6/site-packages/airflow/example_dags/example_branch_labels.py took 0.148 seconds
[2021-09-29 14:05:29,339] {processor.py:162} INFO - Started process (PID=1765) to work on /home/airflow/.local/lib/python3.6/site-packages/airflow/example_dags/example_branch_labels.py
[2021-09-29 14:05:29,341] {processor.py:613} INFO - Processing file /home/airflow/.local/lib/python3.6/site-packages/airflow/example_dags/example_branch_labels.py for tasks to queue
[2021-09-29 14:05:29,343] {logging_mixin.py:109} INFO - [2021-09-29 14:05:29,343] {dagbag.py:496} INFO - Filling up the DagBag from /home/airflow/.local/lib/python3.6/site-packages/airflow/example_dags/example_branch_labels.py
[2021-09-29 14:05:29,359] {processor.py:623} INFO - DAG(s) dict_keys(['example_branch_labels']) retrieved from /home/airflow/.local/lib/python3.6/site-packages/airflow/example_dags/example_branch_labels.py
[2021-09-29 14:05:29,386] {logging_mixin.py:109} INFO - [2021-09-29 14:05:29,386] {dag.py:1834} INFO - Sync 1 DAGs
[2021-09-29 14:05:29,407] {logging_mixin.py:109} INFO - [2021-09-29 14:05:29,407] {dag.py:2287} INFO - Setting next_dagrun for example_branch_labels to 2021-09-27 00:00:00+00:00
[2021-09-29 14:05:29,418] {processor.py:170} INFO - Processing /home/airflow/.local/lib/python3.6/site-packages/airflow/example_dags/example_branch_labels.py took 0.082 seconds
[2021-09-29 14:06:00,228] {processor.py:162} INFO - Started process (PID=2001) to work on /home/airflow/.local/lib/python3.6/site-packages/airflow/example_dags/example_branch_labels.py
[2021-09-29 14:06:00,231] {processor.py:613} INFO - Processing file /home/airflow/.local/lib/python3.6/site-packages/airflow/example_dags/example_branch_labels.py for tasks to queue
[2021-09-29 14:06:00,232] {logging_mixin.py:109} INFO - [2021-09-29 14:06:00,232] {dagbag.py:496} INFO - Filling up the DagBag from /home/airflow/.local/lib/python3.6/site-packages/airflow/example_dags/example_branch_labels.py
[2021-09-29 14:06:00,250] {processor.py:623} INFO - DAG(s) dict_keys(['example_branch_labels']) retrieved from /home/airflow/.local/lib/python3.6/site-packages/airflow/example_dags/example_branch_labels.py
[2021-09-29 14:06:00,280] {logging_mixin.py:109} INFO - [2021-09-29 14:06:00,280] {dag.py:1834} INFO - Sync 1 DAGs
[2021-09-29 14:06:00,305] {logging_mixin.py:109} INFO - [2021-09-29 14:06:00,305] {dag.py:2287} INFO - Setting next_dagrun for example_branch_labels to 2021-09-27 00:00:00+00:00
[2021-09-29 14:06:00,316] {processor.py:170} INFO - Processing /home/airflow/.local/lib/python3.6/site-packages/airflow/example_dags/example_branch_labels.py took 0.093 seconds
[2021-09-29 14:06:30,796] {processor.py:162} INFO - Started process (PID=2187) to work on /home/airflow/.local/lib/python3.6/site-packages/airflow/example_dags/example_branch_labels.py
[2021-09-29 14:06:30,798] {processor.py:613} INFO - Processing file /home/airflow/.local/lib/python3.6/site-packages/airflow/example_dags/example_branch_labels.py for tasks to queue
[2021-09-29 14:06:30,801] {logging_mixin.py:109} INFO - [2021-09-29 14:06:30,800] {dagbag.py:496} INFO - Filling up the DagBag from /home/airflow/.local/lib/python3.6/site-packages/airflow/example_dags/example_branch_labels.py
[2021-09-29 14:06:30,816] {processor.py:623} INFO - DAG(s) dict_keys(['example_branch_labels']) retrieved from /home/airflow/.local/lib/python3.6/site-packages/airflow/example_dags/example_branch_labels.py
[2021-09-29 14:06:30,843] {logging_mixin.py:109} INFO - [2021-09-29 14:06:30,843] {dag.py:1834} INFO - Sync 1 DAGs
[2021-09-29 14:06:30,861] {logging_mixin.py:109} INFO - [2021-09-29 14:06:30,861] {dag.py:2287} INFO - Setting next_dagrun for example_branch_labels to 2021-09-27 00:00:00+00:00
[2021-09-29 14:06:30,873] {processor.py:170} INFO - Processing /home/airflow/.local/lib/python3.6/site-packages/airflow/example_dags/example_branch_labels.py took 0.081 seconds
[2021-09-29 14:07:01,160] {processor.py:162} INFO - Started process (PID=2386) to work on /home/airflow/.local/lib/python3.6/site-packages/airflow/example_dags/example_branch_labels.py
[2021-09-29 14:07:01,162] {processor.py:613} INFO - Processing file /home/airflow/.local/lib/python3.6/site-packages/airflow/example_dags/example_branch_labels.py for tasks to queue
[2021-09-29 14:07:01,164] {logging_mixin.py:109} INFO - [2021-09-29 14:07:01,164] {dagbag.py:496} INFO - Filling up the DagBag from /home/airflow/.local/lib/python3.6/site-packages/airflow/example_dags/example_branch_labels.py
[2021-09-29 14:07:01,179] {processor.py:623} INFO - DAG(s) dict_keys(['example_branch_labels']) retrieved from /home/airflow/.local/lib/python3.6/site-packages/airflow/example_dags/example_branch_labels.py
[2021-09-29 14:07:01,203] {logging_mixin.py:109} INFO - [2021-09-29 14:07:01,203] {dag.py:1834} INFO - Sync 1 DAGs
[2021-09-29 14:07:01,223] {logging_mixin.py:109} INFO - [2021-09-29 14:07:01,222] {dag.py:2287} INFO - Setting next_dagrun for example_branch_labels to 2021-09-27 00:00:00+00:00
[2021-09-29 14:07:01,233] {processor.py:170} INFO - Processing /home/airflow/.local/lib/python3.6/site-packages/airflow/example_dags/example_branch_labels.py took 0.077 seconds
[2021-09-29 14:07:31,586] {processor.py:162} INFO - Started process (PID=2590) to work on /home/airflow/.local/lib/python3.6/site-packages/airflow/example_dags/example_branch_labels.py
[2021-09-29 14:07:31,590] {processor.py:613} INFO - Processing file /home/airflow/.local/lib/python3.6/site-packages/airflow/example_dags/example_branch_labels.py for tasks to queue
[2021-09-29 14:07:31,593] {logging_mixin.py:109} INFO - [2021-09-29 14:07:31,593] {dagbag.py:496} INFO - Filling up the DagBag from /home/airflow/.local/lib/python3.6/site-packages/airflow/example_dags/example_branch_labels.py
[2021-09-29 14:07:31,619] {processor.py:623} INFO - DAG(s) dict_keys(['example_branch_labels']) retrieved from /home/airflow/.local/lib/python3.6/site-packages/airflow/example_dags/example_branch_labels.py
[2021-09-29 14:07:31,663] {logging_mixin.py:109} INFO - [2021-09-29 14:07:31,663] {dag.py:1834} INFO - Sync 1 DAGs
[2021-09-29 14:07:31,702] {logging_mixin.py:109} INFO - [2021-09-29 14:07:31,702] {dag.py:2287} INFO - Setting next_dagrun for example_branch_labels to 2021-09-27 00:00:00+00:00
[2021-09-29 14:07:31,714] {processor.py:170} INFO - Processing /home/airflow/.local/lib/python3.6/site-packages/airflow/example_dags/example_branch_labels.py took 0.138 seconds
[2021-09-29 14:08:01,967] {processor.py:162} INFO - Started process (PID=2778) to work on /home/airflow/.local/lib/python3.6/site-packages/airflow/example_dags/example_branch_labels.py
[2021-09-29 14:08:01,969] {processor.py:613} INFO - Processing file /home/airflow/.local/lib/python3.6/site-packages/airflow/example_dags/example_branch_labels.py for tasks to queue
[2021-09-29 14:08:01,971] {logging_mixin.py:109} INFO - [2021-09-29 14:08:01,971] {dagbag.py:496} INFO - Filling up the DagBag from /home/airflow/.local/lib/python3.6/site-packages/airflow/example_dags/example_branch_labels.py
[2021-09-29 14:08:01,988] {processor.py:623} INFO - DAG(s) dict_keys(['example_branch_labels']) retrieved from /home/airflow/.local/lib/python3.6/site-packages/airflow/example_dags/example_branch_labels.py
[2021-09-29 14:08:02,028] {logging_mixin.py:109} INFO - [2021-09-29 14:08:02,026] {dag.py:1834} INFO - Sync 1 DAGs
[2021-09-29 14:08:02,049] {logging_mixin.py:109} INFO - [2021-09-29 14:08:02,049] {dag.py:2287} INFO - Setting next_dagrun for example_branch_labels to 2021-09-27 00:00:00+00:00
[2021-09-29 14:08:02,061] {processor.py:170} INFO - Processing /home/airflow/.local/lib/python3.6/site-packages/airflow/example_dags/example_branch_labels.py took 0.099 seconds
[2021-09-29 14:08:32,400] {processor.py:162} INFO - Started process (PID=2987) to work on /home/airflow/.local/lib/python3.6/site-packages/airflow/example_dags/example_branch_labels.py
[2021-09-29 14:08:32,402] {processor.py:613} INFO - Processing file /home/airflow/.local/lib/python3.6/site-packages/airflow/example_dags/example_branch_labels.py for tasks to queue
[2021-09-29 14:08:32,403] {logging_mixin.py:109} INFO - [2021-09-29 14:08:32,403] {dagbag.py:496} INFO - Filling up the DagBag from /home/airflow/.local/lib/python3.6/site-packages/airflow/example_dags/example_branch_labels.py
[2021-09-29 14:08:32,415] {processor.py:623} INFO - DAG(s) dict_keys(['example_branch_labels']) retrieved from /home/airflow/.local/lib/python3.6/site-packages/airflow/example_dags/example_branch_labels.py
[2021-09-29 14:08:32,437] {logging_mixin.py:109} INFO - [2021-09-29 14:08:32,437] {dag.py:1834} INFO - Sync 1 DAGs
[2021-09-29 14:08:32,452] {logging_mixin.py:109} INFO - [2021-09-29 14:08:32,452] {dag.py:2287} INFO - Setting next_dagrun for example_branch_labels to 2021-09-27 00:00:00+00:00
[2021-09-29 14:08:32,460] {processor.py:170} INFO - Processing /home/airflow/.local/lib/python3.6/site-packages/airflow/example_dags/example_branch_labels.py took 0.065 seconds
[2021-09-29 14:09:03,350] {processor.py:162} INFO - Started process (PID=3174) to work on /home/airflow/.local/lib/python3.6/site-packages/airflow/example_dags/example_branch_labels.py
[2021-09-29 14:09:03,352] {processor.py:613} INFO - Processing file /home/airflow/.local/lib/python3.6/site-packages/airflow/example_dags/example_branch_labels.py for tasks to queue
[2021-09-29 14:09:03,354] {logging_mixin.py:109} INFO - [2021-09-29 14:09:03,354] {dagbag.py:496} INFO - Filling up the DagBag from /home/airflow/.local/lib/python3.6/site-packages/airflow/example_dags/example_branch_labels.py
[2021-09-29 14:09:03,366] {processor.py:623} INFO - DAG(s) dict_keys(['example_branch_labels']) retrieved from /home/airflow/.local/lib/python3.6/site-packages/airflow/example_dags/example_branch_labels.py
[2021-09-29 14:09:03,386] {logging_mixin.py:109} INFO - [2021-09-29 14:09:03,386] {dag.py:1834} INFO - Sync 1 DAGs
[2021-09-29 14:09:03,402] {logging_mixin.py:109} INFO - [2021-09-29 14:09:03,402] {dag.py:2287} INFO - Setting next_dagrun for example_branch_labels to 2021-09-27 00:00:00+00:00
[2021-09-29 14:09:03,412] {processor.py:170} INFO - Processing /home/airflow/.local/lib/python3.6/site-packages/airflow/example_dags/example_branch_labels.py took 0.065 seconds
[2021-09-29 14:09:34,080] {processor.py:162} INFO - Started process (PID=3381) to work on /home/airflow/.local/lib/python3.6/site-packages/airflow/example_dags/example_branch_labels.py
[2021-09-29 14:09:34,082] {processor.py:613} INFO - Processing file /home/airflow/.local/lib/python3.6/site-packages/airflow/example_dags/example_branch_labels.py for tasks to queue
[2021-09-29 14:09:34,084] {logging_mixin.py:109} INFO - [2021-09-29 14:09:34,084] {dagbag.py:496} INFO - Filling up the DagBag from /home/airflow/.local/lib/python3.6/site-packages/airflow/example_dags/example_branch_labels.py
[2021-09-29 14:09:34,102] {processor.py:623} INFO - DAG(s) dict_keys(['example_branch_labels']) retrieved from /home/airflow/.local/lib/python3.6/site-packages/airflow/example_dags/example_branch_labels.py
[2021-09-29 14:09:34,130] {logging_mixin.py:109} INFO - [2021-09-29 14:09:34,130] {dag.py:1834} INFO - Sync 1 DAGs
[2021-09-29 14:09:34,148] {logging_mixin.py:109} INFO - [2021-09-29 14:09:34,148] {dag.py:2287} INFO - Setting next_dagrun for example_branch_labels to 2021-09-27 00:00:00+00:00
[2021-09-29 14:09:34,157] {processor.py:170} INFO - Processing /home/airflow/.local/lib/python3.6/site-packages/airflow/example_dags/example_branch_labels.py took 0.081 seconds
[2021-09-29 14:10:04,479] {processor.py:162} INFO - Started process (PID=3584) to work on /home/airflow/.local/lib/python3.6/site-packages/airflow/example_dags/example_branch_labels.py
[2021-09-29 14:10:04,480] {processor.py:613} INFO - Processing file /home/airflow/.local/lib/python3.6/site-packages/airflow/example_dags/example_branch_labels.py for tasks to queue
[2021-09-29 14:10:04,482] {logging_mixin.py:109} INFO - [2021-09-29 14:10:04,482] {dagbag.py:496} INFO - Filling up the DagBag from /home/airflow/.local/lib/python3.6/site-packages/airflow/example_dags/example_branch_labels.py
[2021-09-29 14:10:04,498] {processor.py:623} INFO - DAG(s) dict_keys(['example_branch_labels']) retrieved from /home/airflow/.local/lib/python3.6/site-packages/airflow/example_dags/example_branch_labels.py
[2021-09-29 14:10:04,533] {logging_mixin.py:109} INFO - [2021-09-29 14:10:04,533] {dag.py:1834} INFO - Sync 1 DAGs
[2021-09-29 14:10:04,560] {logging_mixin.py:109} INFO - [2021-09-29 14:10:04,560] {dag.py:2287} INFO - Setting next_dagrun for example_branch_labels to 2021-09-27 00:00:00+00:00
[2021-09-29 14:10:04,571] {processor.py:170} INFO - Processing /home/airflow/.local/lib/python3.6/site-packages/airflow/example_dags/example_branch_labels.py took 0.095 seconds
[2021-09-29 14:10:34,686] {processor.py:162} INFO - Started process (PID=3769) to work on /home/airflow/.local/lib/python3.6/site-packages/airflow/example_dags/example_branch_labels.py
[2021-09-29 14:10:34,688] {processor.py:613} INFO - Processing file /home/airflow/.local/lib/python3.6/site-packages/airflow/example_dags/example_branch_labels.py for tasks to queue
[2021-09-29 14:10:34,690] {logging_mixin.py:109} INFO - [2021-09-29 14:10:34,689] {dagbag.py:496} INFO - Filling up the DagBag from /home/airflow/.local/lib/python3.6/site-packages/airflow/example_dags/example_branch_labels.py
[2021-09-29 14:10:34,705] {processor.py:623} INFO - DAG(s) dict_keys(['example_branch_labels']) retrieved from /home/airflow/.local/lib/python3.6/site-packages/airflow/example_dags/example_branch_labels.py
[2021-09-29 14:10:34,733] {logging_mixin.py:109} INFO - [2021-09-29 14:10:34,733] {dag.py:1834} INFO - Sync 1 DAGs
[2021-09-29 14:10:34,752] {logging_mixin.py:109} INFO - [2021-09-29 14:10:34,752] {dag.py:2287} INFO - Setting next_dagrun for example_branch_labels to 2021-09-27 00:00:00+00:00
[2021-09-29 14:10:34,762] {processor.py:170} INFO - Processing /home/airflow/.local/lib/python3.6/site-packages/airflow/example_dags/example_branch_labels.py took 0.080 seconds
[2021-09-29 14:11:05,101] {processor.py:162} INFO - Started process (PID=3965) to work on /home/airflow/.local/lib/python3.6/site-packages/airflow/example_dags/example_branch_labels.py
[2021-09-29 14:11:05,103] {processor.py:613} INFO - Processing file /home/airflow/.local/lib/python3.6/site-packages/airflow/example_dags/example_branch_labels.py for tasks to queue
[2021-09-29 14:11:05,105] {logging_mixin.py:109} INFO - [2021-09-29 14:11:05,105] {dagbag.py:496} INFO - Filling up the DagBag from /home/airflow/.local/lib/python3.6/site-packages/airflow/example_dags/example_branch_labels.py
[2021-09-29 14:11:05,120] {processor.py:623} INFO - DAG(s) dict_keys(['example_branch_labels']) retrieved from /home/airflow/.local/lib/python3.6/site-packages/airflow/example_dags/example_branch_labels.py
[2021-09-29 14:11:05,148] {logging_mixin.py:109} INFO - [2021-09-29 14:11:05,148] {dag.py:1834} INFO - Sync 1 DAGs
[2021-09-29 14:11:05,168] {logging_mixin.py:109} INFO - [2021-09-29 14:11:05,168] {dag.py:2287} INFO - Setting next_dagrun for example_branch_labels to 2021-09-27 00:00:00+00:00
[2021-09-29 14:11:05,182] {processor.py:170} INFO - Processing /home/airflow/.local/lib/python3.6/site-packages/airflow/example_dags/example_branch_labels.py took 0.085 seconds
[2021-09-29 14:11:35,767] {processor.py:162} INFO - Started process (PID=4161) to work on /home/airflow/.local/lib/python3.6/site-packages/airflow/example_dags/example_branch_labels.py
[2021-09-29 14:11:35,769] {processor.py:613} INFO - Processing file /home/airflow/.local/lib/python3.6/site-packages/airflow/example_dags/example_branch_labels.py for tasks to queue
[2021-09-29 14:11:35,770] {logging_mixin.py:109} INFO - [2021-09-29 14:11:35,770] {dagbag.py:496} INFO - Filling up the DagBag from /home/airflow/.local/lib/python3.6/site-packages/airflow/example_dags/example_branch_labels.py
[2021-09-29 14:11:35,786] {processor.py:623} INFO - DAG(s) dict_keys(['example_branch_labels']) retrieved from /home/airflow/.local/lib/python3.6/site-packages/airflow/example_dags/example_branch_labels.py
[2021-09-29 14:11:35,813] {logging_mixin.py:109} INFO - [2021-09-29 14:11:35,813] {dag.py:1834} INFO - Sync 1 DAGs
[2021-09-29 14:11:35,834] {logging_mixin.py:109} INFO - [2021-09-29 14:11:35,834] {dag.py:2287} INFO - Setting next_dagrun for example_branch_labels to 2021-09-27 00:00:00+00:00
[2021-09-29 14:11:35,845] {processor.py:170} INFO - Processing /home/airflow/.local/lib/python3.6/site-packages/airflow/example_dags/example_branch_labels.py took 0.082 seconds
[2021-09-29 14:12:06,104] {processor.py:162} INFO - Started process (PID=4358) to work on /home/airflow/.local/lib/python3.6/site-packages/airflow/example_dags/example_branch_labels.py
[2021-09-29 14:12:06,107] {processor.py:613} INFO - Processing file /home/airflow/.local/lib/python3.6/site-packages/airflow/example_dags/example_branch_labels.py for tasks to queue
[2021-09-29 14:12:06,108] {logging_mixin.py:109} INFO - [2021-09-29 14:12:06,108] {dagbag.py:496} INFO - Filling up the DagBag from /home/airflow/.local/lib/python3.6/site-packages/airflow/example_dags/example_branch_labels.py
[2021-09-29 14:12:06,127] {processor.py:623} INFO - DAG(s) dict_keys(['example_branch_labels']) retrieved from /home/airflow/.local/lib/python3.6/site-packages/airflow/example_dags/example_branch_labels.py
[2021-09-29 14:12:06,157] {logging_mixin.py:109} INFO - [2021-09-29 14:12:06,156] {dag.py:1834} INFO - Sync 1 DAGs
[2021-09-29 14:12:06,182] {logging_mixin.py:109} INFO - [2021-09-29 14:12:06,182] {dag.py:2287} INFO - Setting next_dagrun for example_branch_labels to 2021-09-27 00:00:00+00:00
[2021-09-29 14:12:06,195] {processor.py:170} INFO - Processing /home/airflow/.local/lib/python3.6/site-packages/airflow/example_dags/example_branch_labels.py took 0.096 seconds
[2021-09-29 14:12:36,765] {processor.py:162} INFO - Started process (PID=4568) to work on /home/airflow/.local/lib/python3.6/site-packages/airflow/example_dags/example_branch_labels.py
[2021-09-29 14:12:36,767] {processor.py:613} INFO - Processing file /home/airflow/.local/lib/python3.6/site-packages/airflow/example_dags/example_branch_labels.py for tasks to queue
[2021-09-29 14:12:36,769] {logging_mixin.py:109} INFO - [2021-09-29 14:12:36,769] {dagbag.py:496} INFO - Filling up the DagBag from /home/airflow/.local/lib/python3.6/site-packages/airflow/example_dags/example_branch_labels.py
[2021-09-29 14:12:36,787] {processor.py:623} INFO - DAG(s) dict_keys(['example_branch_labels']) retrieved from /home/airflow/.local/lib/python3.6/site-packages/airflow/example_dags/example_branch_labels.py
[2021-09-29 14:12:36,814] {logging_mixin.py:109} INFO - [2021-09-29 14:12:36,814] {dag.py:1834} INFO - Sync 1 DAGs
[2021-09-29 14:12:36,835] {logging_mixin.py:109} INFO - [2021-09-29 14:12:36,835] {dag.py:2287} INFO - Setting next_dagrun for example_branch_labels to 2021-09-27 00:00:00+00:00
[2021-09-29 14:12:36,847] {processor.py:170} INFO - Processing /home/airflow/.local/lib/python3.6/site-packages/airflow/example_dags/example_branch_labels.py took 0.086 seconds
[2021-09-29 14:13:07,072] {processor.py:162} INFO - Started process (PID=4759) to work on /home/airflow/.local/lib/python3.6/site-packages/airflow/example_dags/example_branch_labels.py
[2021-09-29 14:13:07,075] {processor.py:613} INFO - Processing file /home/airflow/.local/lib/python3.6/site-packages/airflow/example_dags/example_branch_labels.py for tasks to queue
[2021-09-29 14:13:07,076] {logging_mixin.py:109} INFO - [2021-09-29 14:13:07,076] {dagbag.py:496} INFO - Filling up the DagBag from /home/airflow/.local/lib/python3.6/site-packages/airflow/example_dags/example_branch_labels.py
[2021-09-29 14:13:07,092] {processor.py:623} INFO - DAG(s) dict_keys(['example_branch_labels']) retrieved from /home/airflow/.local/lib/python3.6/site-packages/airflow/example_dags/example_branch_labels.py
[2021-09-29 14:13:07,119] {logging_mixin.py:109} INFO - [2021-09-29 14:13:07,119] {dag.py:1834} INFO - Sync 1 DAGs
[2021-09-29 14:13:07,142] {logging_mixin.py:109} INFO - [2021-09-29 14:13:07,142] {dag.py:2287} INFO - Setting next_dagrun for example_branch_labels to 2021-09-27 00:00:00+00:00
[2021-09-29 14:13:07,155] {processor.py:170} INFO - Processing /home/airflow/.local/lib/python3.6/site-packages/airflow/example_dags/example_branch_labels.py took 0.087 seconds
[2021-09-29 14:13:37,540] {processor.py:162} INFO - Started process (PID=4960) to work on /home/airflow/.local/lib/python3.6/site-packages/airflow/example_dags/example_branch_labels.py
[2021-09-29 14:13:37,542] {processor.py:613} INFO - Processing file /home/airflow/.local/lib/python3.6/site-packages/airflow/example_dags/example_branch_labels.py for tasks to queue
[2021-09-29 14:13:37,544] {logging_mixin.py:109} INFO - [2021-09-29 14:13:37,543] {dagbag.py:496} INFO - Filling up the DagBag from /home/airflow/.local/lib/python3.6/site-packages/airflow/example_dags/example_branch_labels.py
[2021-09-29 14:13:37,559] {processor.py:623} INFO - DAG(s) dict_keys(['example_branch_labels']) retrieved from /home/airflow/.local/lib/python3.6/site-packages/airflow/example_dags/example_branch_labels.py
[2021-09-29 14:13:37,585] {logging_mixin.py:109} INFO - [2021-09-29 14:13:37,585] {dag.py:1834} INFO - Sync 1 DAGs
[2021-09-29 14:13:37,606] {logging_mixin.py:109} INFO - [2021-09-29 14:13:37,606] {dag.py:2287} INFO - Setting next_dagrun for example_branch_labels to 2021-09-27 00:00:00+00:00
[2021-09-29 14:13:37,617] {processor.py:170} INFO - Processing /home/airflow/.local/lib/python3.6/site-packages/airflow/example_dags/example_branch_labels.py took 0.082 seconds
[2021-09-29 14:14:08,172] {processor.py:162} INFO - Started process (PID=5185) to work on /home/airflow/.local/lib/python3.6/site-packages/airflow/example_dags/example_branch_labels.py
[2021-09-29 14:14:08,174] {processor.py:613} INFO - Processing file /home/airflow/.local/lib/python3.6/site-packages/airflow/example_dags/example_branch_labels.py for tasks to queue
[2021-09-29 14:14:08,175] {logging_mixin.py:109} INFO - [2021-09-29 14:14:08,175] {dagbag.py:496} INFO - Filling up the DagBag from /home/airflow/.local/lib/python3.6/site-packages/airflow/example_dags/example_branch_labels.py
[2021-09-29 14:14:08,188] {processor.py:623} INFO - DAG(s) dict_keys(['example_branch_labels']) retrieved from /home/airflow/.local/lib/python3.6/site-packages/airflow/example_dags/example_branch_labels.py
[2021-09-29 14:14:08,217] {logging_mixin.py:109} INFO - [2021-09-29 14:14:08,217] {dag.py:1834} INFO - Sync 1 DAGs
[2021-09-29 14:14:08,237] {logging_mixin.py:109} INFO - [2021-09-29 14:14:08,237] {dag.py:2287} INFO - Setting next_dagrun for example_branch_labels to 2021-09-27 00:00:00+00:00
[2021-09-29 14:14:08,249] {processor.py:170} INFO - Processing /home/airflow/.local/lib/python3.6/site-packages/airflow/example_dags/example_branch_labels.py took 0.081 seconds
[2021-09-29 14:14:38,309] {processor.py:162} INFO - Started process (PID=5378) to work on /home/airflow/.local/lib/python3.6/site-packages/airflow/example_dags/example_branch_labels.py
[2021-09-29 14:14:38,311] {processor.py:613} INFO - Processing file /home/airflow/.local/lib/python3.6/site-packages/airflow/example_dags/example_branch_labels.py for tasks to queue
[2021-09-29 14:14:38,313] {logging_mixin.py:109} INFO - [2021-09-29 14:14:38,313] {dagbag.py:496} INFO - Filling up the DagBag from /home/airflow/.local/lib/python3.6/site-packages/airflow/example_dags/example_branch_labels.py
[2021-09-29 14:14:38,341] {processor.py:623} INFO - DAG(s) dict_keys(['example_branch_labels']) retrieved from /home/airflow/.local/lib/python3.6/site-packages/airflow/example_dags/example_branch_labels.py
[2021-09-29 14:14:38,369] {logging_mixin.py:109} INFO - [2021-09-29 14:14:38,369] {dag.py:1834} INFO - Sync 1 DAGs
[2021-09-29 14:14:38,395] {logging_mixin.py:109} INFO - [2021-09-29 14:14:38,394] {dag.py:2287} INFO - Setting next_dagrun for example_branch_labels to 2021-09-27 00:00:00+00:00
[2021-09-29 14:14:38,406] {processor.py:170} INFO - Processing /home/airflow/.local/lib/python3.6/site-packages/airflow/example_dags/example_branch_labels.py took 0.102 seconds
[2021-09-29 14:15:08,870] {processor.py:162} INFO - Started process (PID=5582) to work on /home/airflow/.local/lib/python3.6/site-packages/airflow/example_dags/example_branch_labels.py
[2021-09-29 14:15:08,872] {processor.py:613} INFO - Processing file /home/airflow/.local/lib/python3.6/site-packages/airflow/example_dags/example_branch_labels.py for tasks to queue
[2021-09-29 14:15:08,874] {logging_mixin.py:109} INFO - [2021-09-29 14:15:08,874] {dagbag.py:496} INFO - Filling up the DagBag from /home/airflow/.local/lib/python3.6/site-packages/airflow/example_dags/example_branch_labels.py
[2021-09-29 14:15:08,890] {processor.py:623} INFO - DAG(s) dict_keys(['example_branch_labels']) retrieved from /home/airflow/.local/lib/python3.6/site-packages/airflow/example_dags/example_branch_labels.py
[2021-09-29 14:15:08,917] {logging_mixin.py:109} INFO - [2021-09-29 14:15:08,916] {dag.py:1834} INFO - Sync 1 DAGs
[2021-09-29 14:15:08,937] {logging_mixin.py:109} INFO - [2021-09-29 14:15:08,937] {dag.py:2287} INFO - Setting next_dagrun for example_branch_labels to 2021-09-27 00:00:00+00:00
[2021-09-29 14:15:08,949] {processor.py:170} INFO - Processing /home/airflow/.local/lib/python3.6/site-packages/airflow/example_dags/example_branch_labels.py took 0.083 seconds
[2021-09-29 14:15:39,215] {processor.py:162} INFO - Started process (PID=5787) to work on /home/airflow/.local/lib/python3.6/site-packages/airflow/example_dags/example_branch_labels.py
[2021-09-29 14:15:39,217] {processor.py:613} INFO - Processing file /home/airflow/.local/lib/python3.6/site-packages/airflow/example_dags/example_branch_labels.py for tasks to queue
[2021-09-29 14:15:39,219] {logging_mixin.py:109} INFO - [2021-09-29 14:15:39,219] {dagbag.py:496} INFO - Filling up the DagBag from /home/airflow/.local/lib/python3.6/site-packages/airflow/example_dags/example_branch_labels.py
[2021-09-29 14:15:39,234] {processor.py:623} INFO - DAG(s) dict_keys(['example_branch_labels']) retrieved from /home/airflow/.local/lib/python3.6/site-packages/airflow/example_dags/example_branch_labels.py
[2021-09-29 14:15:39,264] {logging_mixin.py:109} INFO - [2021-09-29 14:15:39,263] {dag.py:1834} INFO - Sync 1 DAGs
[2021-09-29 14:15:39,288] {logging_mixin.py:109} INFO - [2021-09-29 14:15:39,288] {dag.py:2287} INFO - Setting next_dagrun for example_branch_labels to 2021-09-27 00:00:00+00:00
[2021-09-29 14:15:39,303] {processor.py:170} INFO - Processing /home/airflow/.local/lib/python3.6/site-packages/airflow/example_dags/example_branch_labels.py took 0.092 seconds
[2021-09-29 14:16:09,626] {processor.py:162} INFO - Started process (PID=5991) to work on /home/airflow/.local/lib/python3.6/site-packages/airflow/example_dags/example_branch_labels.py
[2021-09-29 14:16:09,628] {processor.py:613} INFO - Processing file /home/airflow/.local/lib/python3.6/site-packages/airflow/example_dags/example_branch_labels.py for tasks to queue
[2021-09-29 14:16:09,629] {logging_mixin.py:109} INFO - [2021-09-29 14:16:09,629] {dagbag.py:496} INFO - Filling up the DagBag from /home/airflow/.local/lib/python3.6/site-packages/airflow/example_dags/example_branch_labels.py
[2021-09-29 14:16:09,652] {processor.py:623} INFO - DAG(s) dict_keys(['example_branch_labels']) retrieved from /home/airflow/.local/lib/python3.6/site-packages/airflow/example_dags/example_branch_labels.py
[2021-09-29 14:16:09,680] {logging_mixin.py:109} INFO - [2021-09-29 14:16:09,680] {dag.py:1834} INFO - Sync 1 DAGs
[2021-09-29 14:16:09,701] {logging_mixin.py:109} INFO - [2021-09-29 14:16:09,701] {dag.py:2287} INFO - Setting next_dagrun for example_branch_labels to 2021-09-27 00:00:00+00:00
[2021-09-29 14:16:09,712] {processor.py:170} INFO - Processing /home/airflow/.local/lib/python3.6/site-packages/airflow/example_dags/example_branch_labels.py took 0.097 seconds
[2021-09-29 14:16:40,033] {processor.py:162} INFO - Started process (PID=6194) to work on /home/airflow/.local/lib/python3.6/site-packages/airflow/example_dags/example_branch_labels.py
[2021-09-29 14:16:40,036] {processor.py:613} INFO - Processing file /home/airflow/.local/lib/python3.6/site-packages/airflow/example_dags/example_branch_labels.py for tasks to queue
[2021-09-29 14:16:40,037] {logging_mixin.py:109} INFO - [2021-09-29 14:16:40,037] {dagbag.py:496} INFO - Filling up the DagBag from /home/airflow/.local/lib/python3.6/site-packages/airflow/example_dags/example_branch_labels.py
[2021-09-29 14:16:40,048] {processor.py:623} INFO - DAG(s) dict_keys(['example_branch_labels']) retrieved from /home/airflow/.local/lib/python3.6/site-packages/airflow/example_dags/example_branch_labels.py
[2021-09-29 14:16:40,068] {logging_mixin.py:109} INFO - [2021-09-29 14:16:40,068] {dag.py:1834} INFO - Sync 1 DAGs
[2021-09-29 14:16:40,083] {logging_mixin.py:109} INFO - [2021-09-29 14:16:40,083] {dag.py:2287} INFO - Setting next_dagrun for example_branch_labels to 2021-09-27 00:00:00+00:00
[2021-09-29 14:16:40,092] {processor.py:170} INFO - Processing /home/airflow/.local/lib/python3.6/site-packages/airflow/example_dags/example_branch_labels.py took 0.063 seconds
[2021-09-29 14:17:10,512] {processor.py:162} INFO - Started process (PID=6387) to work on /home/airflow/.local/lib/python3.6/site-packages/airflow/example_dags/example_branch_labels.py
[2021-09-29 14:17:10,514] {processor.py:613} INFO - Processing file /home/airflow/.local/lib/python3.6/site-packages/airflow/example_dags/example_branch_labels.py for tasks to queue
[2021-09-29 14:17:10,516] {logging_mixin.py:109} INFO - [2021-09-29 14:17:10,516] {dagbag.py:496} INFO - Filling up the DagBag from /home/airflow/.local/lib/python3.6/site-packages/airflow/example_dags/example_branch_labels.py
[2021-09-29 14:17:10,534] {processor.py:623} INFO - DAG(s) dict_keys(['example_branch_labels']) retrieved from /home/airflow/.local/lib/python3.6/site-packages/airflow/example_dags/example_branch_labels.py
[2021-09-29 14:17:10,562] {logging_mixin.py:109} INFO - [2021-09-29 14:17:10,561] {dag.py:1834} INFO - Sync 1 DAGs
[2021-09-29 14:17:10,581] {logging_mixin.py:109} INFO - [2021-09-29 14:17:10,581] {dag.py:2287} INFO - Setting next_dagrun for example_branch_labels to 2021-09-27 00:00:00+00:00
[2021-09-29 14:17:10,591] {processor.py:170} INFO - Processing /home/airflow/.local/lib/python3.6/site-packages/airflow/example_dags/example_branch_labels.py took 0.084 seconds
[2021-09-29 14:17:41,085] {processor.py:162} INFO - Started process (PID=6594) to work on /home/airflow/.local/lib/python3.6/site-packages/airflow/example_dags/example_branch_labels.py
[2021-09-29 14:17:41,087] {processor.py:613} INFO - Processing file /home/airflow/.local/lib/python3.6/site-packages/airflow/example_dags/example_branch_labels.py for tasks to queue
[2021-09-29 14:17:41,088] {logging_mixin.py:109} INFO - [2021-09-29 14:17:41,088] {dagbag.py:496} INFO - Filling up the DagBag from /home/airflow/.local/lib/python3.6/site-packages/airflow/example_dags/example_branch_labels.py
[2021-09-29 14:17:41,104] {processor.py:623} INFO - DAG(s) dict_keys(['example_branch_labels']) retrieved from /home/airflow/.local/lib/python3.6/site-packages/airflow/example_dags/example_branch_labels.py
[2021-09-29 14:17:41,132] {logging_mixin.py:109} INFO - [2021-09-29 14:17:41,131] {dag.py:1834} INFO - Sync 1 DAGs
[2021-09-29 14:17:41,155] {logging_mixin.py:109} INFO - [2021-09-29 14:17:41,155] {dag.py:2287} INFO - Setting next_dagrun for example_branch_labels to 2021-09-27 00:00:00+00:00
[2021-09-29 14:17:41,166] {processor.py:170} INFO - Processing /home/airflow/.local/lib/python3.6/site-packages/airflow/example_dags/example_branch_labels.py took 0.086 seconds
[2021-09-29 14:18:11,217] {processor.py:162} INFO - Started process (PID=6795) to work on /home/airflow/.local/lib/python3.6/site-packages/airflow/example_dags/example_branch_labels.py
[2021-09-29 14:18:11,220] {processor.py:613} INFO - Processing file /home/airflow/.local/lib/python3.6/site-packages/airflow/example_dags/example_branch_labels.py for tasks to queue
[2021-09-29 14:18:11,222] {logging_mixin.py:109} INFO - [2021-09-29 14:18:11,222] {dagbag.py:496} INFO - Filling up the DagBag from /home/airflow/.local/lib/python3.6/site-packages/airflow/example_dags/example_branch_labels.py
[2021-09-29 14:18:11,239] {processor.py:623} INFO - DAG(s) dict_keys(['example_branch_labels']) retrieved from /home/airflow/.local/lib/python3.6/site-packages/airflow/example_dags/example_branch_labels.py
[2021-09-29 14:18:11,278] {logging_mixin.py:109} INFO - [2021-09-29 14:18:11,278] {dag.py:1834} INFO - Sync 1 DAGs
[2021-09-29 14:18:11,301] {logging_mixin.py:109} INFO - [2021-09-29 14:18:11,301] {dag.py:2287} INFO - Setting next_dagrun for example_branch_labels to 2021-09-27 00:00:00+00:00
[2021-09-29 14:18:11,313] {processor.py:170} INFO - Processing /home/airflow/.local/lib/python3.6/site-packages/airflow/example_dags/example_branch_labels.py took 0.101 seconds
[2021-09-29 14:18:41,972] {processor.py:162} INFO - Started process (PID=7004) to work on /home/airflow/.local/lib/python3.6/site-packages/airflow/example_dags/example_branch_labels.py
[2021-09-29 14:18:41,974] {processor.py:613} INFO - Processing file /home/airflow/.local/lib/python3.6/site-packages/airflow/example_dags/example_branch_labels.py for tasks to queue
[2021-09-29 14:18:41,976] {logging_mixin.py:109} INFO - [2021-09-29 14:18:41,976] {dagbag.py:496} INFO - Filling up the DagBag from /home/airflow/.local/lib/python3.6/site-packages/airflow/example_dags/example_branch_labels.py
[2021-09-29 14:18:41,992] {processor.py:623} INFO - DAG(s) dict_keys(['example_branch_labels']) retrieved from /home/airflow/.local/lib/python3.6/site-packages/airflow/example_dags/example_branch_labels.py
[2021-09-29 14:18:42,017] {logging_mixin.py:109} INFO - [2021-09-29 14:18:42,017] {dag.py:1834} INFO - Sync 1 DAGs
[2021-09-29 14:18:42,036] {logging_mixin.py:109} INFO - [2021-09-29 14:18:42,036] {dag.py:2287} INFO - Setting next_dagrun for example_branch_labels to 2021-09-27 00:00:00+00:00
[2021-09-29 14:18:42,045] {processor.py:170} INFO - Processing /home/airflow/.local/lib/python3.6/site-packages/airflow/example_dags/example_branch_labels.py took 0.077 seconds
[2021-09-29 14:19:12,316] {processor.py:162} INFO - Started process (PID=7208) to work on /home/airflow/.local/lib/python3.6/site-packages/airflow/example_dags/example_branch_labels.py
[2021-09-29 14:19:12,318] {processor.py:613} INFO - Processing file /home/airflow/.local/lib/python3.6/site-packages/airflow/example_dags/example_branch_labels.py for tasks to queue
[2021-09-29 14:19:12,320] {logging_mixin.py:109} INFO - [2021-09-29 14:19:12,320] {dagbag.py:496} INFO - Filling up the DagBag from /home/airflow/.local/lib/python3.6/site-packages/airflow/example_dags/example_branch_labels.py
[2021-09-29 14:19:12,336] {processor.py:623} INFO - DAG(s) dict_keys(['example_branch_labels']) retrieved from /home/airflow/.local/lib/python3.6/site-packages/airflow/example_dags/example_branch_labels.py
[2021-09-29 14:19:12,364] {logging_mixin.py:109} INFO - [2021-09-29 14:19:12,364] {dag.py:1834} INFO - Sync 1 DAGs
[2021-09-29 14:19:12,383] {logging_mixin.py:109} INFO - [2021-09-29 14:19:12,383] {dag.py:2287} INFO - Setting next_dagrun for example_branch_labels to 2021-09-27 00:00:00+00:00
[2021-09-29 14:19:12,393] {processor.py:170} INFO - Processing /home/airflow/.local/lib/python3.6/site-packages/airflow/example_dags/example_branch_labels.py took 0.081 seconds
