[2021-09-29 14:01:54,677] {processor.py:162} INFO - Started process (PID=305) to work on /home/airflow/.local/lib/python3.6/site-packages/airflow/example_dags/example_branch_datetime_operator.py
[2021-09-29 14:01:54,679] {processor.py:613} INFO - Processing file /home/airflow/.local/lib/python3.6/site-packages/airflow/example_dags/example_branch_datetime_operator.py for tasks to queue
[2021-09-29 14:01:54,681] {logging_mixin.py:109} INFO - [2021-09-29 14:01:54,681] {dagbag.py:496} INFO - Filling up the DagBag from /home/airflow/.local/lib/python3.6/site-packages/airflow/example_dags/example_branch_datetime_operator.py
[2021-09-29 14:01:54,698] {processor.py:623} INFO - DAG(s) dict_keys(['example_branch_datetime_operator_2']) retrieved from /home/airflow/.local/lib/python3.6/site-packages/airflow/example_dags/example_branch_datetime_operator.py
[2021-09-29 14:01:54,940] {logging_mixin.py:109} INFO - [2021-09-29 14:01:54,940] {dag.py:1834} INFO - Sync 1 DAGs
[2021-09-29 14:01:54,957] {logging_mixin.py:109} INFO - [2021-09-29 14:01:54,957] {dag.py:2287} INFO - Setting next_dagrun for example_branch_datetime_operator_2 to 2021-09-27 00:00:00+00:00
[2021-09-29 14:01:54,971] {processor.py:170} INFO - Processing /home/airflow/.local/lib/python3.6/site-packages/airflow/example_dags/example_branch_datetime_operator.py took 0.299 seconds
[2021-09-29 14:02:25,640] {processor.py:162} INFO - Started process (PID=491) to work on /home/airflow/.local/lib/python3.6/site-packages/airflow/example_dags/example_branch_datetime_operator.py
[2021-09-29 14:02:25,642] {processor.py:613} INFO - Processing file /home/airflow/.local/lib/python3.6/site-packages/airflow/example_dags/example_branch_datetime_operator.py for tasks to queue
[2021-09-29 14:02:25,644] {logging_mixin.py:109} INFO - [2021-09-29 14:02:25,644] {dagbag.py:496} INFO - Filling up the DagBag from /home/airflow/.local/lib/python3.6/site-packages/airflow/example_dags/example_branch_datetime_operator.py
[2021-09-29 14:02:25,664] {processor.py:623} INFO - DAG(s) dict_keys(['example_branch_datetime_operator_2']) retrieved from /home/airflow/.local/lib/python3.6/site-packages/airflow/example_dags/example_branch_datetime_operator.py
[2021-09-29 14:02:25,692] {logging_mixin.py:109} INFO - [2021-09-29 14:02:25,692] {dag.py:1834} INFO - Sync 1 DAGs
[2021-09-29 14:02:25,711] {logging_mixin.py:109} INFO - [2021-09-29 14:02:25,711] {dag.py:2287} INFO - Setting next_dagrun for example_branch_datetime_operator_2 to 2021-09-27 00:00:00+00:00
[2021-09-29 14:02:25,724] {processor.py:170} INFO - Processing /home/airflow/.local/lib/python3.6/site-packages/airflow/example_dags/example_branch_datetime_operator.py took 0.088 seconds
[2021-09-29 14:02:56,674] {processor.py:162} INFO - Started process (PID=690) to work on /home/airflow/.local/lib/python3.6/site-packages/airflow/example_dags/example_branch_datetime_operator.py
[2021-09-29 14:02:56,676] {processor.py:613} INFO - Processing file /home/airflow/.local/lib/python3.6/site-packages/airflow/example_dags/example_branch_datetime_operator.py for tasks to queue
[2021-09-29 14:02:56,678] {logging_mixin.py:109} INFO - [2021-09-29 14:02:56,678] {dagbag.py:496} INFO - Filling up the DagBag from /home/airflow/.local/lib/python3.6/site-packages/airflow/example_dags/example_branch_datetime_operator.py
[2021-09-29 14:02:56,694] {processor.py:623} INFO - DAG(s) dict_keys(['example_branch_datetime_operator_2']) retrieved from /home/airflow/.local/lib/python3.6/site-packages/airflow/example_dags/example_branch_datetime_operator.py
[2021-09-29 14:02:56,720] {logging_mixin.py:109} INFO - [2021-09-29 14:02:56,720] {dag.py:1834} INFO - Sync 1 DAGs
[2021-09-29 14:02:56,739] {logging_mixin.py:109} INFO - [2021-09-29 14:02:56,739] {dag.py:2287} INFO - Setting next_dagrun for example_branch_datetime_operator_2 to 2021-09-27 00:00:00+00:00
[2021-09-29 14:02:56,751] {processor.py:170} INFO - Processing /home/airflow/.local/lib/python3.6/site-packages/airflow/example_dags/example_branch_datetime_operator.py took 0.082 seconds
[2021-09-29 14:03:27,252] {processor.py:162} INFO - Started process (PID=914) to work on /home/airflow/.local/lib/python3.6/site-packages/airflow/example_dags/example_branch_datetime_operator.py
[2021-09-29 14:03:27,255] {processor.py:613} INFO - Processing file /home/airflow/.local/lib/python3.6/site-packages/airflow/example_dags/example_branch_datetime_operator.py for tasks to queue
[2021-09-29 14:03:27,257] {logging_mixin.py:109} INFO - [2021-09-29 14:03:27,257] {dagbag.py:496} INFO - Filling up the DagBag from /home/airflow/.local/lib/python3.6/site-packages/airflow/example_dags/example_branch_datetime_operator.py
[2021-09-29 14:03:27,274] {processor.py:623} INFO - DAG(s) dict_keys(['example_branch_datetime_operator_2']) retrieved from /home/airflow/.local/lib/python3.6/site-packages/airflow/example_dags/example_branch_datetime_operator.py
[2021-09-29 14:03:27,306] {logging_mixin.py:109} INFO - [2021-09-29 14:03:27,306] {dag.py:1834} INFO - Sync 1 DAGs
[2021-09-29 14:03:27,327] {logging_mixin.py:109} INFO - [2021-09-29 14:03:27,326] {dag.py:2287} INFO - Setting next_dagrun for example_branch_datetime_operator_2 to 2021-09-27 00:00:00+00:00
[2021-09-29 14:03:27,341] {processor.py:170} INFO - Processing /home/airflow/.local/lib/python3.6/site-packages/airflow/example_dags/example_branch_datetime_operator.py took 0.096 seconds
[2021-09-29 14:03:57,739] {processor.py:162} INFO - Started process (PID=1138) to work on /home/airflow/.local/lib/python3.6/site-packages/airflow/example_dags/example_branch_datetime_operator.py
[2021-09-29 14:03:57,752] {processor.py:613} INFO - Processing file /home/airflow/.local/lib/python3.6/site-packages/airflow/example_dags/example_branch_datetime_operator.py for tasks to queue
[2021-09-29 14:03:57,753] {logging_mixin.py:109} INFO - [2021-09-29 14:03:57,753] {dagbag.py:496} INFO - Filling up the DagBag from /home/airflow/.local/lib/python3.6/site-packages/airflow/example_dags/example_branch_datetime_operator.py
[2021-09-29 14:03:57,770] {processor.py:623} INFO - DAG(s) dict_keys(['example_branch_datetime_operator_2']) retrieved from /home/airflow/.local/lib/python3.6/site-packages/airflow/example_dags/example_branch_datetime_operator.py
[2021-09-29 14:03:57,796] {logging_mixin.py:109} INFO - [2021-09-29 14:03:57,796] {dag.py:1834} INFO - Sync 1 DAGs
[2021-09-29 14:03:57,816] {logging_mixin.py:109} INFO - [2021-09-29 14:03:57,816] {dag.py:2287} INFO - Setting next_dagrun for example_branch_datetime_operator_2 to 2021-09-27 00:00:00+00:00
[2021-09-29 14:03:57,828] {processor.py:170} INFO - Processing /home/airflow/.local/lib/python3.6/site-packages/airflow/example_dags/example_branch_datetime_operator.py took 0.093 seconds
[2021-09-29 14:04:28,628] {processor.py:162} INFO - Started process (PID=1366) to work on /home/airflow/.local/lib/python3.6/site-packages/airflow/example_dags/example_branch_datetime_operator.py
[2021-09-29 14:04:28,631] {processor.py:613} INFO - Processing file /home/airflow/.local/lib/python3.6/site-packages/airflow/example_dags/example_branch_datetime_operator.py for tasks to queue
[2021-09-29 14:04:28,633] {logging_mixin.py:109} INFO - [2021-09-29 14:04:28,632] {dagbag.py:496} INFO - Filling up the DagBag from /home/airflow/.local/lib/python3.6/site-packages/airflow/example_dags/example_branch_datetime_operator.py
[2021-09-29 14:04:28,650] {processor.py:623} INFO - DAG(s) dict_keys(['example_branch_datetime_operator_2']) retrieved from /home/airflow/.local/lib/python3.6/site-packages/airflow/example_dags/example_branch_datetime_operator.py
[2021-09-29 14:04:28,677] {logging_mixin.py:109} INFO - [2021-09-29 14:04:28,677] {dag.py:1834} INFO - Sync 1 DAGs
[2021-09-29 14:04:28,699] {logging_mixin.py:109} INFO - [2021-09-29 14:04:28,699] {dag.py:2287} INFO - Setting next_dagrun for example_branch_datetime_operator_2 to 2021-09-27 00:00:00+00:00
[2021-09-29 14:04:28,712] {processor.py:170} INFO - Processing /home/airflow/.local/lib/python3.6/site-packages/airflow/example_dags/example_branch_datetime_operator.py took 0.089 seconds
[2021-09-29 14:04:59,021] {processor.py:162} INFO - Started process (PID=1558) to work on /home/airflow/.local/lib/python3.6/site-packages/airflow/example_dags/example_branch_datetime_operator.py
[2021-09-29 14:04:59,023] {processor.py:613} INFO - Processing file /home/airflow/.local/lib/python3.6/site-packages/airflow/example_dags/example_branch_datetime_operator.py for tasks to queue
[2021-09-29 14:04:59,026] {logging_mixin.py:109} INFO - [2021-09-29 14:04:59,026] {dagbag.py:496} INFO - Filling up the DagBag from /home/airflow/.local/lib/python3.6/site-packages/airflow/example_dags/example_branch_datetime_operator.py
[2021-09-29 14:04:59,043] {processor.py:623} INFO - DAG(s) dict_keys(['example_branch_datetime_operator_2']) retrieved from /home/airflow/.local/lib/python3.6/site-packages/airflow/example_dags/example_branch_datetime_operator.py
[2021-09-29 14:04:59,082] {logging_mixin.py:109} INFO - [2021-09-29 14:04:59,081] {dag.py:1834} INFO - Sync 1 DAGs
[2021-09-29 14:04:59,111] {logging_mixin.py:109} INFO - [2021-09-29 14:04:59,111] {dag.py:2287} INFO - Setting next_dagrun for example_branch_datetime_operator_2 to 2021-09-27 00:00:00+00:00
[2021-09-29 14:04:59,130] {processor.py:170} INFO - Processing /home/airflow/.local/lib/python3.6/site-packages/airflow/example_dags/example_branch_datetime_operator.py took 0.114 seconds
[2021-09-29 14:05:29,468] {processor.py:162} INFO - Started process (PID=1776) to work on /home/airflow/.local/lib/python3.6/site-packages/airflow/example_dags/example_branch_datetime_operator.py
[2021-09-29 14:05:29,470] {processor.py:613} INFO - Processing file /home/airflow/.local/lib/python3.6/site-packages/airflow/example_dags/example_branch_datetime_operator.py for tasks to queue
[2021-09-29 14:05:29,472] {logging_mixin.py:109} INFO - [2021-09-29 14:05:29,471] {dagbag.py:496} INFO - Filling up the DagBag from /home/airflow/.local/lib/python3.6/site-packages/airflow/example_dags/example_branch_datetime_operator.py
[2021-09-29 14:05:29,486] {processor.py:623} INFO - DAG(s) dict_keys(['example_branch_datetime_operator_2']) retrieved from /home/airflow/.local/lib/python3.6/site-packages/airflow/example_dags/example_branch_datetime_operator.py
[2021-09-29 14:05:29,512] {logging_mixin.py:109} INFO - [2021-09-29 14:05:29,512] {dag.py:1834} INFO - Sync 1 DAGs
[2021-09-29 14:05:29,534] {logging_mixin.py:109} INFO - [2021-09-29 14:05:29,534] {dag.py:2287} INFO - Setting next_dagrun for example_branch_datetime_operator_2 to 2021-09-27 00:00:00+00:00
[2021-09-29 14:05:29,546] {processor.py:170} INFO - Processing /home/airflow/.local/lib/python3.6/site-packages/airflow/example_dags/example_branch_datetime_operator.py took 0.082 seconds
[2021-09-29 14:06:00,348] {processor.py:162} INFO - Started process (PID=2011) to work on /home/airflow/.local/lib/python3.6/site-packages/airflow/example_dags/example_branch_datetime_operator.py
[2021-09-29 14:06:00,350] {processor.py:613} INFO - Processing file /home/airflow/.local/lib/python3.6/site-packages/airflow/example_dags/example_branch_datetime_operator.py for tasks to queue
[2021-09-29 14:06:00,352] {logging_mixin.py:109} INFO - [2021-09-29 14:06:00,351] {dagbag.py:496} INFO - Filling up the DagBag from /home/airflow/.local/lib/python3.6/site-packages/airflow/example_dags/example_branch_datetime_operator.py
[2021-09-29 14:06:00,368] {processor.py:623} INFO - DAG(s) dict_keys(['example_branch_datetime_operator_2']) retrieved from /home/airflow/.local/lib/python3.6/site-packages/airflow/example_dags/example_branch_datetime_operator.py
[2021-09-29 14:06:00,398] {logging_mixin.py:109} INFO - [2021-09-29 14:06:00,398] {dag.py:1834} INFO - Sync 1 DAGs
[2021-09-29 14:06:00,427] {logging_mixin.py:109} INFO - [2021-09-29 14:06:00,427] {dag.py:2287} INFO - Setting next_dagrun for example_branch_datetime_operator_2 to 2021-09-27 00:00:00+00:00
[2021-09-29 14:06:00,441] {processor.py:170} INFO - Processing /home/airflow/.local/lib/python3.6/site-packages/airflow/example_dags/example_branch_datetime_operator.py took 0.097 seconds
[2021-09-29 14:06:30,901] {processor.py:162} INFO - Started process (PID=2197) to work on /home/airflow/.local/lib/python3.6/site-packages/airflow/example_dags/example_branch_datetime_operator.py
[2021-09-29 14:06:30,903] {processor.py:613} INFO - Processing file /home/airflow/.local/lib/python3.6/site-packages/airflow/example_dags/example_branch_datetime_operator.py for tasks to queue
[2021-09-29 14:06:30,905] {logging_mixin.py:109} INFO - [2021-09-29 14:06:30,905] {dagbag.py:496} INFO - Filling up the DagBag from /home/airflow/.local/lib/python3.6/site-packages/airflow/example_dags/example_branch_datetime_operator.py
[2021-09-29 14:06:30,924] {processor.py:623} INFO - DAG(s) dict_keys(['example_branch_datetime_operator_2']) retrieved from /home/airflow/.local/lib/python3.6/site-packages/airflow/example_dags/example_branch_datetime_operator.py
[2021-09-29 14:06:30,952] {logging_mixin.py:109} INFO - [2021-09-29 14:06:30,952] {dag.py:1834} INFO - Sync 1 DAGs
[2021-09-29 14:06:30,971] {logging_mixin.py:109} INFO - [2021-09-29 14:06:30,971] {dag.py:2287} INFO - Setting next_dagrun for example_branch_datetime_operator_2 to 2021-09-27 00:00:00+00:00
[2021-09-29 14:06:30,982] {processor.py:170} INFO - Processing /home/airflow/.local/lib/python3.6/site-packages/airflow/example_dags/example_branch_datetime_operator.py took 0.085 seconds
[2021-09-29 14:07:01,267] {processor.py:162} INFO - Started process (PID=2394) to work on /home/airflow/.local/lib/python3.6/site-packages/airflow/example_dags/example_branch_datetime_operator.py
[2021-09-29 14:07:01,269] {processor.py:613} INFO - Processing file /home/airflow/.local/lib/python3.6/site-packages/airflow/example_dags/example_branch_datetime_operator.py for tasks to queue
[2021-09-29 14:07:01,271] {logging_mixin.py:109} INFO - [2021-09-29 14:07:01,271] {dagbag.py:496} INFO - Filling up the DagBag from /home/airflow/.local/lib/python3.6/site-packages/airflow/example_dags/example_branch_datetime_operator.py
[2021-09-29 14:07:01,288] {processor.py:623} INFO - DAG(s) dict_keys(['example_branch_datetime_operator_2']) retrieved from /home/airflow/.local/lib/python3.6/site-packages/airflow/example_dags/example_branch_datetime_operator.py
[2021-09-29 14:07:01,315] {logging_mixin.py:109} INFO - [2021-09-29 14:07:01,315] {dag.py:1834} INFO - Sync 1 DAGs
[2021-09-29 14:07:01,336] {logging_mixin.py:109} INFO - [2021-09-29 14:07:01,336] {dag.py:2287} INFO - Setting next_dagrun for example_branch_datetime_operator_2 to 2021-09-27 00:00:00+00:00
[2021-09-29 14:07:01,349] {processor.py:170} INFO - Processing /home/airflow/.local/lib/python3.6/site-packages/airflow/example_dags/example_branch_datetime_operator.py took 0.085 seconds
[2021-09-29 14:07:31,737] {processor.py:162} INFO - Started process (PID=2599) to work on /home/airflow/.local/lib/python3.6/site-packages/airflow/example_dags/example_branch_datetime_operator.py
[2021-09-29 14:07:31,739] {processor.py:613} INFO - Processing file /home/airflow/.local/lib/python3.6/site-packages/airflow/example_dags/example_branch_datetime_operator.py for tasks to queue
[2021-09-29 14:07:31,741] {logging_mixin.py:109} INFO - [2021-09-29 14:07:31,741] {dagbag.py:496} INFO - Filling up the DagBag from /home/airflow/.local/lib/python3.6/site-packages/airflow/example_dags/example_branch_datetime_operator.py
[2021-09-29 14:07:31,758] {processor.py:623} INFO - DAG(s) dict_keys(['example_branch_datetime_operator_2']) retrieved from /home/airflow/.local/lib/python3.6/site-packages/airflow/example_dags/example_branch_datetime_operator.py
[2021-09-29 14:07:31,788] {logging_mixin.py:109} INFO - [2021-09-29 14:07:31,788] {dag.py:1834} INFO - Sync 1 DAGs
[2021-09-29 14:07:31,811] {logging_mixin.py:109} INFO - [2021-09-29 14:07:31,811] {dag.py:2287} INFO - Setting next_dagrun for example_branch_datetime_operator_2 to 2021-09-27 00:00:00+00:00
[2021-09-29 14:07:31,826] {processor.py:170} INFO - Processing /home/airflow/.local/lib/python3.6/site-packages/airflow/example_dags/example_branch_datetime_operator.py took 0.094 seconds
[2021-09-29 14:08:02,095] {processor.py:162} INFO - Started process (PID=2788) to work on /home/airflow/.local/lib/python3.6/site-packages/airflow/example_dags/example_branch_datetime_operator.py
[2021-09-29 14:08:02,097] {processor.py:613} INFO - Processing file /home/airflow/.local/lib/python3.6/site-packages/airflow/example_dags/example_branch_datetime_operator.py for tasks to queue
[2021-09-29 14:08:02,098] {logging_mixin.py:109} INFO - [2021-09-29 14:08:02,098] {dagbag.py:496} INFO - Filling up the DagBag from /home/airflow/.local/lib/python3.6/site-packages/airflow/example_dags/example_branch_datetime_operator.py
[2021-09-29 14:08:02,111] {processor.py:623} INFO - DAG(s) dict_keys(['example_branch_datetime_operator_2']) retrieved from /home/airflow/.local/lib/python3.6/site-packages/airflow/example_dags/example_branch_datetime_operator.py
[2021-09-29 14:08:02,132] {logging_mixin.py:109} INFO - [2021-09-29 14:08:02,132] {dag.py:1834} INFO - Sync 1 DAGs
[2021-09-29 14:08:02,147] {logging_mixin.py:109} INFO - [2021-09-29 14:08:02,147] {dag.py:2287} INFO - Setting next_dagrun for example_branch_datetime_operator_2 to 2021-09-27 00:00:00+00:00
[2021-09-29 14:08:02,157] {processor.py:170} INFO - Processing /home/airflow/.local/lib/python3.6/site-packages/airflow/example_dags/example_branch_datetime_operator.py took 0.066 seconds
[2021-09-29 14:08:32,486] {processor.py:162} INFO - Started process (PID=2997) to work on /home/airflow/.local/lib/python3.6/site-packages/airflow/example_dags/example_branch_datetime_operator.py
[2021-09-29 14:08:32,488] {processor.py:613} INFO - Processing file /home/airflow/.local/lib/python3.6/site-packages/airflow/example_dags/example_branch_datetime_operator.py for tasks to queue
[2021-09-29 14:08:32,490] {logging_mixin.py:109} INFO - [2021-09-29 14:08:32,489] {dagbag.py:496} INFO - Filling up the DagBag from /home/airflow/.local/lib/python3.6/site-packages/airflow/example_dags/example_branch_datetime_operator.py
[2021-09-29 14:08:32,505] {processor.py:623} INFO - DAG(s) dict_keys(['example_branch_datetime_operator_2']) retrieved from /home/airflow/.local/lib/python3.6/site-packages/airflow/example_dags/example_branch_datetime_operator.py
[2021-09-29 14:08:32,538] {logging_mixin.py:109} INFO - [2021-09-29 14:08:32,537] {dag.py:1834} INFO - Sync 1 DAGs
[2021-09-29 14:08:32,556] {logging_mixin.py:109} INFO - [2021-09-29 14:08:32,556] {dag.py:2287} INFO - Setting next_dagrun for example_branch_datetime_operator_2 to 2021-09-27 00:00:00+00:00
[2021-09-29 14:08:32,575] {processor.py:170} INFO - Processing /home/airflow/.local/lib/python3.6/site-packages/airflow/example_dags/example_branch_datetime_operator.py took 0.093 seconds
[2021-09-29 14:09:03,446] {processor.py:162} INFO - Started process (PID=3182) to work on /home/airflow/.local/lib/python3.6/site-packages/airflow/example_dags/example_branch_datetime_operator.py
[2021-09-29 14:09:03,449] {processor.py:613} INFO - Processing file /home/airflow/.local/lib/python3.6/site-packages/airflow/example_dags/example_branch_datetime_operator.py for tasks to queue
[2021-09-29 14:09:03,451] {logging_mixin.py:109} INFO - [2021-09-29 14:09:03,450] {dagbag.py:496} INFO - Filling up the DagBag from /home/airflow/.local/lib/python3.6/site-packages/airflow/example_dags/example_branch_datetime_operator.py
[2021-09-29 14:09:03,468] {processor.py:623} INFO - DAG(s) dict_keys(['example_branch_datetime_operator_2']) retrieved from /home/airflow/.local/lib/python3.6/site-packages/airflow/example_dags/example_branch_datetime_operator.py
[2021-09-29 14:09:03,499] {logging_mixin.py:109} INFO - [2021-09-29 14:09:03,499] {dag.py:1834} INFO - Sync 1 DAGs
[2021-09-29 14:09:03,526] {logging_mixin.py:109} INFO - [2021-09-29 14:09:03,526] {dag.py:2287} INFO - Setting next_dagrun for example_branch_datetime_operator_2 to 2021-09-27 00:00:00+00:00
[2021-09-29 14:09:03,540] {processor.py:170} INFO - Processing /home/airflow/.local/lib/python3.6/site-packages/airflow/example_dags/example_branch_datetime_operator.py took 0.098 seconds
[2021-09-29 14:09:34,199] {processor.py:162} INFO - Started process (PID=3391) to work on /home/airflow/.local/lib/python3.6/site-packages/airflow/example_dags/example_branch_datetime_operator.py
[2021-09-29 14:09:34,200] {processor.py:613} INFO - Processing file /home/airflow/.local/lib/python3.6/site-packages/airflow/example_dags/example_branch_datetime_operator.py for tasks to queue
[2021-09-29 14:09:34,202] {logging_mixin.py:109} INFO - [2021-09-29 14:09:34,202] {dagbag.py:496} INFO - Filling up the DagBag from /home/airflow/.local/lib/python3.6/site-packages/airflow/example_dags/example_branch_datetime_operator.py
[2021-09-29 14:09:34,218] {processor.py:623} INFO - DAG(s) dict_keys(['example_branch_datetime_operator_2']) retrieved from /home/airflow/.local/lib/python3.6/site-packages/airflow/example_dags/example_branch_datetime_operator.py
[2021-09-29 14:09:34,249] {logging_mixin.py:109} INFO - [2021-09-29 14:09:34,249] {dag.py:1834} INFO - Sync 1 DAGs
[2021-09-29 14:09:34,266] {logging_mixin.py:109} INFO - [2021-09-29 14:09:34,266] {dag.py:2287} INFO - Setting next_dagrun for example_branch_datetime_operator_2 to 2021-09-27 00:00:00+00:00
[2021-09-29 14:09:34,277] {processor.py:170} INFO - Processing /home/airflow/.local/lib/python3.6/site-packages/airflow/example_dags/example_branch_datetime_operator.py took 0.083 seconds
[2021-09-29 14:10:04,601] {processor.py:162} INFO - Started process (PID=3594) to work on /home/airflow/.local/lib/python3.6/site-packages/airflow/example_dags/example_branch_datetime_operator.py
[2021-09-29 14:10:04,603] {processor.py:613} INFO - Processing file /home/airflow/.local/lib/python3.6/site-packages/airflow/example_dags/example_branch_datetime_operator.py for tasks to queue
[2021-09-29 14:10:04,605] {logging_mixin.py:109} INFO - [2021-09-29 14:10:04,604] {dagbag.py:496} INFO - Filling up the DagBag from /home/airflow/.local/lib/python3.6/site-packages/airflow/example_dags/example_branch_datetime_operator.py
[2021-09-29 14:10:04,623] {processor.py:623} INFO - DAG(s) dict_keys(['example_branch_datetime_operator_2']) retrieved from /home/airflow/.local/lib/python3.6/site-packages/airflow/example_dags/example_branch_datetime_operator.py
[2021-09-29 14:10:04,650] {logging_mixin.py:109} INFO - [2021-09-29 14:10:04,650] {dag.py:1834} INFO - Sync 1 DAGs
[2021-09-29 14:10:04,670] {logging_mixin.py:109} INFO - [2021-09-29 14:10:04,670] {dag.py:2287} INFO - Setting next_dagrun for example_branch_datetime_operator_2 to 2021-09-27 00:00:00+00:00
[2021-09-29 14:10:04,684] {processor.py:170} INFO - Processing /home/airflow/.local/lib/python3.6/site-packages/airflow/example_dags/example_branch_datetime_operator.py took 0.087 seconds
[2021-09-29 14:10:34,796] {processor.py:162} INFO - Started process (PID=3777) to work on /home/airflow/.local/lib/python3.6/site-packages/airflow/example_dags/example_branch_datetime_operator.py
[2021-09-29 14:10:34,798] {processor.py:613} INFO - Processing file /home/airflow/.local/lib/python3.6/site-packages/airflow/example_dags/example_branch_datetime_operator.py for tasks to queue
[2021-09-29 14:10:34,799] {logging_mixin.py:109} INFO - [2021-09-29 14:10:34,799] {dagbag.py:496} INFO - Filling up the DagBag from /home/airflow/.local/lib/python3.6/site-packages/airflow/example_dags/example_branch_datetime_operator.py
[2021-09-29 14:10:34,814] {processor.py:623} INFO - DAG(s) dict_keys(['example_branch_datetime_operator_2']) retrieved from /home/airflow/.local/lib/python3.6/site-packages/airflow/example_dags/example_branch_datetime_operator.py
[2021-09-29 14:10:34,843] {logging_mixin.py:109} INFO - [2021-09-29 14:10:34,843] {dag.py:1834} INFO - Sync 1 DAGs
[2021-09-29 14:10:34,862] {logging_mixin.py:109} INFO - [2021-09-29 14:10:34,862] {dag.py:2287} INFO - Setting next_dagrun for example_branch_datetime_operator_2 to 2021-09-27 00:00:00+00:00
[2021-09-29 14:10:34,873] {processor.py:170} INFO - Processing /home/airflow/.local/lib/python3.6/site-packages/airflow/example_dags/example_branch_datetime_operator.py took 0.081 seconds
[2021-09-29 14:11:05,215] {processor.py:162} INFO - Started process (PID=3973) to work on /home/airflow/.local/lib/python3.6/site-packages/airflow/example_dags/example_branch_datetime_operator.py
[2021-09-29 14:11:05,218] {processor.py:613} INFO - Processing file /home/airflow/.local/lib/python3.6/site-packages/airflow/example_dags/example_branch_datetime_operator.py for tasks to queue
[2021-09-29 14:11:05,220] {logging_mixin.py:109} INFO - [2021-09-29 14:11:05,219] {dagbag.py:496} INFO - Filling up the DagBag from /home/airflow/.local/lib/python3.6/site-packages/airflow/example_dags/example_branch_datetime_operator.py
[2021-09-29 14:11:05,239] {processor.py:623} INFO - DAG(s) dict_keys(['example_branch_datetime_operator_2']) retrieved from /home/airflow/.local/lib/python3.6/site-packages/airflow/example_dags/example_branch_datetime_operator.py
[2021-09-29 14:11:05,265] {logging_mixin.py:109} INFO - [2021-09-29 14:11:05,265] {dag.py:1834} INFO - Sync 1 DAGs
[2021-09-29 14:11:05,285] {logging_mixin.py:109} INFO - [2021-09-29 14:11:05,285] {dag.py:2287} INFO - Setting next_dagrun for example_branch_datetime_operator_2 to 2021-09-27 00:00:00+00:00
[2021-09-29 14:11:05,297] {processor.py:170} INFO - Processing /home/airflow/.local/lib/python3.6/site-packages/airflow/example_dags/example_branch_datetime_operator.py took 0.086 seconds
[2021-09-29 14:11:35,875] {processor.py:162} INFO - Started process (PID=4169) to work on /home/airflow/.local/lib/python3.6/site-packages/airflow/example_dags/example_branch_datetime_operator.py
[2021-09-29 14:11:35,878] {processor.py:613} INFO - Processing file /home/airflow/.local/lib/python3.6/site-packages/airflow/example_dags/example_branch_datetime_operator.py for tasks to queue
[2021-09-29 14:11:35,879] {logging_mixin.py:109} INFO - [2021-09-29 14:11:35,879] {dagbag.py:496} INFO - Filling up the DagBag from /home/airflow/.local/lib/python3.6/site-packages/airflow/example_dags/example_branch_datetime_operator.py
[2021-09-29 14:11:35,897] {processor.py:623} INFO - DAG(s) dict_keys(['example_branch_datetime_operator_2']) retrieved from /home/airflow/.local/lib/python3.6/site-packages/airflow/example_dags/example_branch_datetime_operator.py
[2021-09-29 14:11:35,926] {logging_mixin.py:109} INFO - [2021-09-29 14:11:35,925] {dag.py:1834} INFO - Sync 1 DAGs
[2021-09-29 14:11:35,949] {logging_mixin.py:109} INFO - [2021-09-29 14:11:35,948] {dag.py:2287} INFO - Setting next_dagrun for example_branch_datetime_operator_2 to 2021-09-27 00:00:00+00:00
[2021-09-29 14:11:35,962] {processor.py:170} INFO - Processing /home/airflow/.local/lib/python3.6/site-packages/airflow/example_dags/example_branch_datetime_operator.py took 0.091 seconds
[2021-09-29 14:12:06,234] {processor.py:162} INFO - Started process (PID=4368) to work on /home/airflow/.local/lib/python3.6/site-packages/airflow/example_dags/example_branch_datetime_operator.py
[2021-09-29 14:12:06,236] {processor.py:613} INFO - Processing file /home/airflow/.local/lib/python3.6/site-packages/airflow/example_dags/example_branch_datetime_operator.py for tasks to queue
[2021-09-29 14:12:06,238] {logging_mixin.py:109} INFO - [2021-09-29 14:12:06,237] {dagbag.py:496} INFO - Filling up the DagBag from /home/airflow/.local/lib/python3.6/site-packages/airflow/example_dags/example_branch_datetime_operator.py
[2021-09-29 14:12:06,252] {processor.py:623} INFO - DAG(s) dict_keys(['example_branch_datetime_operator_2']) retrieved from /home/airflow/.local/lib/python3.6/site-packages/airflow/example_dags/example_branch_datetime_operator.py
[2021-09-29 14:12:06,277] {logging_mixin.py:109} INFO - [2021-09-29 14:12:06,277] {dag.py:1834} INFO - Sync 1 DAGs
[2021-09-29 14:12:06,296] {logging_mixin.py:109} INFO - [2021-09-29 14:12:06,296] {dag.py:2287} INFO - Setting next_dagrun for example_branch_datetime_operator_2 to 2021-09-27 00:00:00+00:00
[2021-09-29 14:12:06,307] {processor.py:170} INFO - Processing /home/airflow/.local/lib/python3.6/site-packages/airflow/example_dags/example_branch_datetime_operator.py took 0.077 seconds
[2021-09-29 14:12:36,881] {processor.py:162} INFO - Started process (PID=4578) to work on /home/airflow/.local/lib/python3.6/site-packages/airflow/example_dags/example_branch_datetime_operator.py
[2021-09-29 14:12:36,884] {processor.py:613} INFO - Processing file /home/airflow/.local/lib/python3.6/site-packages/airflow/example_dags/example_branch_datetime_operator.py for tasks to queue
[2021-09-29 14:12:36,885] {logging_mixin.py:109} INFO - [2021-09-29 14:12:36,885] {dagbag.py:496} INFO - Filling up the DagBag from /home/airflow/.local/lib/python3.6/site-packages/airflow/example_dags/example_branch_datetime_operator.py
[2021-09-29 14:12:36,903] {processor.py:623} INFO - DAG(s) dict_keys(['example_branch_datetime_operator_2']) retrieved from /home/airflow/.local/lib/python3.6/site-packages/airflow/example_dags/example_branch_datetime_operator.py
[2021-09-29 14:12:36,935] {logging_mixin.py:109} INFO - [2021-09-29 14:12:36,935] {dag.py:1834} INFO - Sync 1 DAGs
[2021-09-29 14:12:36,957] {logging_mixin.py:109} INFO - [2021-09-29 14:12:36,957] {dag.py:2287} INFO - Setting next_dagrun for example_branch_datetime_operator_2 to 2021-09-27 00:00:00+00:00
[2021-09-29 14:12:36,971] {processor.py:170} INFO - Processing /home/airflow/.local/lib/python3.6/site-packages/airflow/example_dags/example_branch_datetime_operator.py took 0.095 seconds
[2021-09-29 14:13:07,187] {processor.py:162} INFO - Started process (PID=4770) to work on /home/airflow/.local/lib/python3.6/site-packages/airflow/example_dags/example_branch_datetime_operator.py
[2021-09-29 14:13:07,189] {processor.py:613} INFO - Processing file /home/airflow/.local/lib/python3.6/site-packages/airflow/example_dags/example_branch_datetime_operator.py for tasks to queue
[2021-09-29 14:13:07,190] {logging_mixin.py:109} INFO - [2021-09-29 14:13:07,190] {dagbag.py:496} INFO - Filling up the DagBag from /home/airflow/.local/lib/python3.6/site-packages/airflow/example_dags/example_branch_datetime_operator.py
[2021-09-29 14:13:07,207] {processor.py:623} INFO - DAG(s) dict_keys(['example_branch_datetime_operator_2']) retrieved from /home/airflow/.local/lib/python3.6/site-packages/airflow/example_dags/example_branch_datetime_operator.py
[2021-09-29 14:13:07,235] {logging_mixin.py:109} INFO - [2021-09-29 14:13:07,235] {dag.py:1834} INFO - Sync 1 DAGs
[2021-09-29 14:13:07,257] {logging_mixin.py:109} INFO - [2021-09-29 14:13:07,257] {dag.py:2287} INFO - Setting next_dagrun for example_branch_datetime_operator_2 to 2021-09-27 00:00:00+00:00
[2021-09-29 14:13:07,271] {processor.py:170} INFO - Processing /home/airflow/.local/lib/python3.6/site-packages/airflow/example_dags/example_branch_datetime_operator.py took 0.089 seconds
[2021-09-29 14:13:37,654] {processor.py:162} INFO - Started process (PID=4971) to work on /home/airflow/.local/lib/python3.6/site-packages/airflow/example_dags/example_branch_datetime_operator.py
[2021-09-29 14:13:37,657] {processor.py:613} INFO - Processing file /home/airflow/.local/lib/python3.6/site-packages/airflow/example_dags/example_branch_datetime_operator.py for tasks to queue
[2021-09-29 14:13:37,659] {logging_mixin.py:109} INFO - [2021-09-29 14:13:37,659] {dagbag.py:496} INFO - Filling up the DagBag from /home/airflow/.local/lib/python3.6/site-packages/airflow/example_dags/example_branch_datetime_operator.py
[2021-09-29 14:13:37,675] {processor.py:623} INFO - DAG(s) dict_keys(['example_branch_datetime_operator_2']) retrieved from /home/airflow/.local/lib/python3.6/site-packages/airflow/example_dags/example_branch_datetime_operator.py
[2021-09-29 14:13:37,703] {logging_mixin.py:109} INFO - [2021-09-29 14:13:37,703] {dag.py:1834} INFO - Sync 1 DAGs
[2021-09-29 14:13:37,723] {logging_mixin.py:109} INFO - [2021-09-29 14:13:37,723] {dag.py:2287} INFO - Setting next_dagrun for example_branch_datetime_operator_2 to 2021-09-27 00:00:00+00:00
[2021-09-29 14:13:37,734] {processor.py:170} INFO - Processing /home/airflow/.local/lib/python3.6/site-packages/airflow/example_dags/example_branch_datetime_operator.py took 0.085 seconds
[2021-09-29 14:14:08,284] {processor.py:162} INFO - Started process (PID=5193) to work on /home/airflow/.local/lib/python3.6/site-packages/airflow/example_dags/example_branch_datetime_operator.py
[2021-09-29 14:14:08,285] {processor.py:613} INFO - Processing file /home/airflow/.local/lib/python3.6/site-packages/airflow/example_dags/example_branch_datetime_operator.py for tasks to queue
[2021-09-29 14:14:08,287] {logging_mixin.py:109} INFO - [2021-09-29 14:14:08,287] {dagbag.py:496} INFO - Filling up the DagBag from /home/airflow/.local/lib/python3.6/site-packages/airflow/example_dags/example_branch_datetime_operator.py
[2021-09-29 14:14:08,308] {processor.py:623} INFO - DAG(s) dict_keys(['example_branch_datetime_operator_2']) retrieved from /home/airflow/.local/lib/python3.6/site-packages/airflow/example_dags/example_branch_datetime_operator.py
[2021-09-29 14:14:08,340] {logging_mixin.py:109} INFO - [2021-09-29 14:14:08,340] {dag.py:1834} INFO - Sync 1 DAGs
[2021-09-29 14:14:08,369] {logging_mixin.py:109} INFO - [2021-09-29 14:14:08,369] {dag.py:2287} INFO - Setting next_dagrun for example_branch_datetime_operator_2 to 2021-09-27 00:00:00+00:00
[2021-09-29 14:14:08,382] {processor.py:170} INFO - Processing /home/airflow/.local/lib/python3.6/site-packages/airflow/example_dags/example_branch_datetime_operator.py took 0.102 seconds
[2021-09-29 14:14:38,437] {processor.py:162} INFO - Started process (PID=5388) to work on /home/airflow/.local/lib/python3.6/site-packages/airflow/example_dags/example_branch_datetime_operator.py
[2021-09-29 14:14:38,440] {processor.py:613} INFO - Processing file /home/airflow/.local/lib/python3.6/site-packages/airflow/example_dags/example_branch_datetime_operator.py for tasks to queue
[2021-09-29 14:14:38,442] {logging_mixin.py:109} INFO - [2021-09-29 14:14:38,441] {dagbag.py:496} INFO - Filling up the DagBag from /home/airflow/.local/lib/python3.6/site-packages/airflow/example_dags/example_branch_datetime_operator.py
[2021-09-29 14:14:38,460] {processor.py:623} INFO - DAG(s) dict_keys(['example_branch_datetime_operator_2']) retrieved from /home/airflow/.local/lib/python3.6/site-packages/airflow/example_dags/example_branch_datetime_operator.py
[2021-09-29 14:14:38,488] {logging_mixin.py:109} INFO - [2021-09-29 14:14:38,488] {dag.py:1834} INFO - Sync 1 DAGs
[2021-09-29 14:14:38,508] {logging_mixin.py:109} INFO - [2021-09-29 14:14:38,508] {dag.py:2287} INFO - Setting next_dagrun for example_branch_datetime_operator_2 to 2021-09-27 00:00:00+00:00
[2021-09-29 14:14:38,522] {processor.py:170} INFO - Processing /home/airflow/.local/lib/python3.6/site-packages/airflow/example_dags/example_branch_datetime_operator.py took 0.088 seconds
[2021-09-29 14:15:08,980] {processor.py:162} INFO - Started process (PID=5592) to work on /home/airflow/.local/lib/python3.6/site-packages/airflow/example_dags/example_branch_datetime_operator.py
[2021-09-29 14:15:08,983] {processor.py:613} INFO - Processing file /home/airflow/.local/lib/python3.6/site-packages/airflow/example_dags/example_branch_datetime_operator.py for tasks to queue
[2021-09-29 14:15:08,985] {logging_mixin.py:109} INFO - [2021-09-29 14:15:08,985] {dagbag.py:496} INFO - Filling up the DagBag from /home/airflow/.local/lib/python3.6/site-packages/airflow/example_dags/example_branch_datetime_operator.py
[2021-09-29 14:15:09,004] {processor.py:623} INFO - DAG(s) dict_keys(['example_branch_datetime_operator_2']) retrieved from /home/airflow/.local/lib/python3.6/site-packages/airflow/example_dags/example_branch_datetime_operator.py
[2021-09-29 14:15:09,032] {logging_mixin.py:109} INFO - [2021-09-29 14:15:09,032] {dag.py:1834} INFO - Sync 1 DAGs
[2021-09-29 14:15:09,056] {logging_mixin.py:109} INFO - [2021-09-29 14:15:09,056] {dag.py:2287} INFO - Setting next_dagrun for example_branch_datetime_operator_2 to 2021-09-27 00:00:00+00:00
[2021-09-29 14:15:09,069] {processor.py:170} INFO - Processing /home/airflow/.local/lib/python3.6/site-packages/airflow/example_dags/example_branch_datetime_operator.py took 0.093 seconds
[2021-09-29 14:15:39,368] {processor.py:162} INFO - Started process (PID=5797) to work on /home/airflow/.local/lib/python3.6/site-packages/airflow/example_dags/example_branch_datetime_operator.py
[2021-09-29 14:15:39,370] {processor.py:613} INFO - Processing file /home/airflow/.local/lib/python3.6/site-packages/airflow/example_dags/example_branch_datetime_operator.py for tasks to queue
[2021-09-29 14:15:39,371] {logging_mixin.py:109} INFO - [2021-09-29 14:15:39,371] {dagbag.py:496} INFO - Filling up the DagBag from /home/airflow/.local/lib/python3.6/site-packages/airflow/example_dags/example_branch_datetime_operator.py
[2021-09-29 14:15:39,389] {processor.py:623} INFO - DAG(s) dict_keys(['example_branch_datetime_operator_2']) retrieved from /home/airflow/.local/lib/python3.6/site-packages/airflow/example_dags/example_branch_datetime_operator.py
[2021-09-29 14:15:39,436] {logging_mixin.py:109} INFO - [2021-09-29 14:15:39,436] {dag.py:1834} INFO - Sync 1 DAGs
[2021-09-29 14:15:39,457] {logging_mixin.py:109} INFO - [2021-09-29 14:15:39,457] {dag.py:2287} INFO - Setting next_dagrun for example_branch_datetime_operator_2 to 2021-09-27 00:00:00+00:00
[2021-09-29 14:15:39,473] {processor.py:170} INFO - Processing /home/airflow/.local/lib/python3.6/site-packages/airflow/example_dags/example_branch_datetime_operator.py took 0.109 seconds
[2021-09-29 14:16:09,738] {processor.py:162} INFO - Started process (PID=6001) to work on /home/airflow/.local/lib/python3.6/site-packages/airflow/example_dags/example_branch_datetime_operator.py
[2021-09-29 14:16:09,740] {processor.py:613} INFO - Processing file /home/airflow/.local/lib/python3.6/site-packages/airflow/example_dags/example_branch_datetime_operator.py for tasks to queue
[2021-09-29 14:16:09,742] {logging_mixin.py:109} INFO - [2021-09-29 14:16:09,741] {dagbag.py:496} INFO - Filling up the DagBag from /home/airflow/.local/lib/python3.6/site-packages/airflow/example_dags/example_branch_datetime_operator.py
[2021-09-29 14:16:09,757] {processor.py:623} INFO - DAG(s) dict_keys(['example_branch_datetime_operator_2']) retrieved from /home/airflow/.local/lib/python3.6/site-packages/airflow/example_dags/example_branch_datetime_operator.py
[2021-09-29 14:16:09,785] {logging_mixin.py:109} INFO - [2021-09-29 14:16:09,785] {dag.py:1834} INFO - Sync 1 DAGs
[2021-09-29 14:16:09,806] {logging_mixin.py:109} INFO - [2021-09-29 14:16:09,806] {dag.py:2287} INFO - Setting next_dagrun for example_branch_datetime_operator_2 to 2021-09-27 00:00:00+00:00
[2021-09-29 14:16:09,818] {processor.py:170} INFO - Processing /home/airflow/.local/lib/python3.6/site-packages/airflow/example_dags/example_branch_datetime_operator.py took 0.085 seconds
[2021-09-29 14:16:40,117] {processor.py:162} INFO - Started process (PID=6204) to work on /home/airflow/.local/lib/python3.6/site-packages/airflow/example_dags/example_branch_datetime_operator.py
[2021-09-29 14:16:40,120] {processor.py:613} INFO - Processing file /home/airflow/.local/lib/python3.6/site-packages/airflow/example_dags/example_branch_datetime_operator.py for tasks to queue
[2021-09-29 14:16:40,122] {logging_mixin.py:109} INFO - [2021-09-29 14:16:40,122] {dagbag.py:496} INFO - Filling up the DagBag from /home/airflow/.local/lib/python3.6/site-packages/airflow/example_dags/example_branch_datetime_operator.py
[2021-09-29 14:16:40,137] {processor.py:623} INFO - DAG(s) dict_keys(['example_branch_datetime_operator_2']) retrieved from /home/airflow/.local/lib/python3.6/site-packages/airflow/example_dags/example_branch_datetime_operator.py
[2021-09-29 14:16:40,169] {logging_mixin.py:109} INFO - [2021-09-29 14:16:40,169] {dag.py:1834} INFO - Sync 1 DAGs
[2021-09-29 14:16:40,189] {logging_mixin.py:109} INFO - [2021-09-29 14:16:40,189] {dag.py:2287} INFO - Setting next_dagrun for example_branch_datetime_operator_2 to 2021-09-27 00:00:00+00:00
[2021-09-29 14:16:40,203] {processor.py:170} INFO - Processing /home/airflow/.local/lib/python3.6/site-packages/airflow/example_dags/example_branch_datetime_operator.py took 0.090 seconds
[2021-09-29 14:17:10,620] {processor.py:162} INFO - Started process (PID=6397) to work on /home/airflow/.local/lib/python3.6/site-packages/airflow/example_dags/example_branch_datetime_operator.py
[2021-09-29 14:17:10,622] {processor.py:613} INFO - Processing file /home/airflow/.local/lib/python3.6/site-packages/airflow/example_dags/example_branch_datetime_operator.py for tasks to queue
[2021-09-29 14:17:10,624] {logging_mixin.py:109} INFO - [2021-09-29 14:17:10,624] {dagbag.py:496} INFO - Filling up the DagBag from /home/airflow/.local/lib/python3.6/site-packages/airflow/example_dags/example_branch_datetime_operator.py
[2021-09-29 14:17:10,638] {processor.py:623} INFO - DAG(s) dict_keys(['example_branch_datetime_operator_2']) retrieved from /home/airflow/.local/lib/python3.6/site-packages/airflow/example_dags/example_branch_datetime_operator.py
[2021-09-29 14:17:10,666] {logging_mixin.py:109} INFO - [2021-09-29 14:17:10,666] {dag.py:1834} INFO - Sync 1 DAGs
[2021-09-29 14:17:10,694] {logging_mixin.py:109} INFO - [2021-09-29 14:17:10,694] {dag.py:2287} INFO - Setting next_dagrun for example_branch_datetime_operator_2 to 2021-09-27 00:00:00+00:00
[2021-09-29 14:17:10,714] {processor.py:170} INFO - Processing /home/airflow/.local/lib/python3.6/site-packages/airflow/example_dags/example_branch_datetime_operator.py took 0.097 seconds
[2021-09-29 14:17:41,196] {processor.py:162} INFO - Started process (PID=6604) to work on /home/airflow/.local/lib/python3.6/site-packages/airflow/example_dags/example_branch_datetime_operator.py
[2021-09-29 14:17:41,198] {processor.py:613} INFO - Processing file /home/airflow/.local/lib/python3.6/site-packages/airflow/example_dags/example_branch_datetime_operator.py for tasks to queue
[2021-09-29 14:17:41,200] {logging_mixin.py:109} INFO - [2021-09-29 14:17:41,199] {dagbag.py:496} INFO - Filling up the DagBag from /home/airflow/.local/lib/python3.6/site-packages/airflow/example_dags/example_branch_datetime_operator.py
[2021-09-29 14:17:41,216] {processor.py:623} INFO - DAG(s) dict_keys(['example_branch_datetime_operator_2']) retrieved from /home/airflow/.local/lib/python3.6/site-packages/airflow/example_dags/example_branch_datetime_operator.py
[2021-09-29 14:17:41,246] {logging_mixin.py:109} INFO - [2021-09-29 14:17:41,245] {dag.py:1834} INFO - Sync 1 DAGs
[2021-09-29 14:17:41,268] {logging_mixin.py:109} INFO - [2021-09-29 14:17:41,268] {dag.py:2287} INFO - Setting next_dagrun for example_branch_datetime_operator_2 to 2021-09-27 00:00:00+00:00
[2021-09-29 14:17:41,281] {processor.py:170} INFO - Processing /home/airflow/.local/lib/python3.6/site-packages/airflow/example_dags/example_branch_datetime_operator.py took 0.089 seconds
[2021-09-29 14:18:11,352] {processor.py:162} INFO - Started process (PID=6811) to work on /home/airflow/.local/lib/python3.6/site-packages/airflow/example_dags/example_branch_datetime_operator.py
[2021-09-29 14:18:11,355] {processor.py:613} INFO - Processing file /home/airflow/.local/lib/python3.6/site-packages/airflow/example_dags/example_branch_datetime_operator.py for tasks to queue
[2021-09-29 14:18:11,357] {logging_mixin.py:109} INFO - [2021-09-29 14:18:11,356] {dagbag.py:496} INFO - Filling up the DagBag from /home/airflow/.local/lib/python3.6/site-packages/airflow/example_dags/example_branch_datetime_operator.py
[2021-09-29 14:18:11,383] {processor.py:623} INFO - DAG(s) dict_keys(['example_branch_datetime_operator_2']) retrieved from /home/airflow/.local/lib/python3.6/site-packages/airflow/example_dags/example_branch_datetime_operator.py
[2021-09-29 14:18:11,436] {logging_mixin.py:109} INFO - [2021-09-29 14:18:11,436] {dag.py:1834} INFO - Sync 1 DAGs
[2021-09-29 14:18:11,458] {logging_mixin.py:109} INFO - [2021-09-29 14:18:11,458] {dag.py:2287} INFO - Setting next_dagrun for example_branch_datetime_operator_2 to 2021-09-27 00:00:00+00:00
[2021-09-29 14:18:11,485] {processor.py:170} INFO - Processing /home/airflow/.local/lib/python3.6/site-packages/airflow/example_dags/example_branch_datetime_operator.py took 0.139 seconds
[2021-09-29 14:18:42,076] {processor.py:162} INFO - Started process (PID=7014) to work on /home/airflow/.local/lib/python3.6/site-packages/airflow/example_dags/example_branch_datetime_operator.py
[2021-09-29 14:18:42,078] {processor.py:613} INFO - Processing file /home/airflow/.local/lib/python3.6/site-packages/airflow/example_dags/example_branch_datetime_operator.py for tasks to queue
[2021-09-29 14:18:42,080] {logging_mixin.py:109} INFO - [2021-09-29 14:18:42,079] {dagbag.py:496} INFO - Filling up the DagBag from /home/airflow/.local/lib/python3.6/site-packages/airflow/example_dags/example_branch_datetime_operator.py
[2021-09-29 14:18:42,095] {processor.py:623} INFO - DAG(s) dict_keys(['example_branch_datetime_operator_2']) retrieved from /home/airflow/.local/lib/python3.6/site-packages/airflow/example_dags/example_branch_datetime_operator.py
[2021-09-29 14:18:42,122] {logging_mixin.py:109} INFO - [2021-09-29 14:18:42,121] {dag.py:1834} INFO - Sync 1 DAGs
[2021-09-29 14:18:42,140] {logging_mixin.py:109} INFO - [2021-09-29 14:18:42,140] {dag.py:2287} INFO - Setting next_dagrun for example_branch_datetime_operator_2 to 2021-09-27 00:00:00+00:00
[2021-09-29 14:18:42,152] {processor.py:170} INFO - Processing /home/airflow/.local/lib/python3.6/site-packages/airflow/example_dags/example_branch_datetime_operator.py took 0.081 seconds
[2021-09-29 14:19:12,422] {processor.py:162} INFO - Started process (PID=7218) to work on /home/airflow/.local/lib/python3.6/site-packages/airflow/example_dags/example_branch_datetime_operator.py
[2021-09-29 14:19:12,424] {processor.py:613} INFO - Processing file /home/airflow/.local/lib/python3.6/site-packages/airflow/example_dags/example_branch_datetime_operator.py for tasks to queue
[2021-09-29 14:19:12,426] {logging_mixin.py:109} INFO - [2021-09-29 14:19:12,425] {dagbag.py:496} INFO - Filling up the DagBag from /home/airflow/.local/lib/python3.6/site-packages/airflow/example_dags/example_branch_datetime_operator.py
[2021-09-29 14:19:12,440] {processor.py:623} INFO - DAG(s) dict_keys(['example_branch_datetime_operator_2']) retrieved from /home/airflow/.local/lib/python3.6/site-packages/airflow/example_dags/example_branch_datetime_operator.py
[2021-09-29 14:19:12,466] {logging_mixin.py:109} INFO - [2021-09-29 14:19:12,466] {dag.py:1834} INFO - Sync 1 DAGs
[2021-09-29 14:19:12,484] {logging_mixin.py:109} INFO - [2021-09-29 14:19:12,484] {dag.py:2287} INFO - Setting next_dagrun for example_branch_datetime_operator_2 to 2021-09-27 00:00:00+00:00
[2021-09-29 14:19:12,496] {processor.py:170} INFO - Processing /home/airflow/.local/lib/python3.6/site-packages/airflow/example_dags/example_branch_datetime_operator.py took 0.078 seconds
