[2021-09-29 14:01:55,227] {processor.py:162} INFO - Started process (PID=320) to work on /home/airflow/.local/lib/python3.6/site-packages/airflow/example_dags/example_xcom.py
[2021-09-29 14:01:55,230] {processor.py:613} INFO - Processing file /home/airflow/.local/lib/python3.6/site-packages/airflow/example_dags/example_xcom.py for tasks to queue
[2021-09-29 14:01:55,234] {logging_mixin.py:109} INFO - [2021-09-29 14:01:55,234] {dagbag.py:496} INFO - Filling up the DagBag from /home/airflow/.local/lib/python3.6/site-packages/airflow/example_dags/example_xcom.py
[2021-09-29 14:01:55,248] {processor.py:623} INFO - DAG(s) dict_keys(['example_xcom']) retrieved from /home/airflow/.local/lib/python3.6/site-packages/airflow/example_dags/example_xcom.py
[2021-09-29 14:01:55,523] {logging_mixin.py:109} INFO - [2021-09-29 14:01:55,523] {dag.py:1834} INFO - Sync 1 DAGs
[2021-09-29 14:01:55,537] {logging_mixin.py:109} INFO - [2021-09-29 14:01:55,537] {dag.py:2287} INFO - Setting next_dagrun for example_xcom to 2021-09-27 00:00:00+00:00
[2021-09-29 14:01:55,553] {processor.py:170} INFO - Processing /home/airflow/.local/lib/python3.6/site-packages/airflow/example_dags/example_xcom.py took 0.330 seconds
[2021-09-29 14:02:25,769] {processor.py:162} INFO - Started process (PID=506) to work on /home/airflow/.local/lib/python3.6/site-packages/airflow/example_dags/example_xcom.py
[2021-09-29 14:02:25,771] {processor.py:613} INFO - Processing file /home/airflow/.local/lib/python3.6/site-packages/airflow/example_dags/example_xcom.py for tasks to queue
[2021-09-29 14:02:25,773] {logging_mixin.py:109} INFO - [2021-09-29 14:02:25,773] {dagbag.py:496} INFO - Filling up the DagBag from /home/airflow/.local/lib/python3.6/site-packages/airflow/example_dags/example_xcom.py
[2021-09-29 14:02:25,790] {processor.py:623} INFO - DAG(s) dict_keys(['example_xcom']) retrieved from /home/airflow/.local/lib/python3.6/site-packages/airflow/example_dags/example_xcom.py
[2021-09-29 14:02:25,821] {logging_mixin.py:109} INFO - [2021-09-29 14:02:25,821] {dag.py:1834} INFO - Sync 1 DAGs
[2021-09-29 14:02:25,841] {logging_mixin.py:109} INFO - [2021-09-29 14:02:25,840] {dag.py:2287} INFO - Setting next_dagrun for example_xcom to 2021-09-27 00:00:00+00:00
[2021-09-29 14:02:25,867] {processor.py:170} INFO - Processing /home/airflow/.local/lib/python3.6/site-packages/airflow/example_dags/example_xcom.py took 0.102 seconds
[2021-09-29 14:02:56,794] {processor.py:162} INFO - Started process (PID=703) to work on /home/airflow/.local/lib/python3.6/site-packages/airflow/example_dags/example_xcom.py
[2021-09-29 14:02:56,796] {processor.py:613} INFO - Processing file /home/airflow/.local/lib/python3.6/site-packages/airflow/example_dags/example_xcom.py for tasks to queue
[2021-09-29 14:02:56,798] {logging_mixin.py:109} INFO - [2021-09-29 14:02:56,798] {dagbag.py:496} INFO - Filling up the DagBag from /home/airflow/.local/lib/python3.6/site-packages/airflow/example_dags/example_xcom.py
[2021-09-29 14:02:56,811] {processor.py:623} INFO - DAG(s) dict_keys(['example_xcom']) retrieved from /home/airflow/.local/lib/python3.6/site-packages/airflow/example_dags/example_xcom.py
[2021-09-29 14:02:56,843] {logging_mixin.py:109} INFO - [2021-09-29 14:02:56,843] {dag.py:1834} INFO - Sync 1 DAGs
[2021-09-29 14:02:56,861] {logging_mixin.py:109} INFO - [2021-09-29 14:02:56,861] {dag.py:2287} INFO - Setting next_dagrun for example_xcom to 2021-09-27 00:00:00+00:00
[2021-09-29 14:02:56,873] {processor.py:170} INFO - Processing /home/airflow/.local/lib/python3.6/site-packages/airflow/example_dags/example_xcom.py took 0.082 seconds
[2021-09-29 14:03:27,383] {processor.py:162} INFO - Started process (PID=927) to work on /home/airflow/.local/lib/python3.6/site-packages/airflow/example_dags/example_xcom.py
[2021-09-29 14:03:27,385] {processor.py:613} INFO - Processing file /home/airflow/.local/lib/python3.6/site-packages/airflow/example_dags/example_xcom.py for tasks to queue
[2021-09-29 14:03:27,387] {logging_mixin.py:109} INFO - [2021-09-29 14:03:27,387] {dagbag.py:496} INFO - Filling up the DagBag from /home/airflow/.local/lib/python3.6/site-packages/airflow/example_dags/example_xcom.py
[2021-09-29 14:03:27,405] {processor.py:623} INFO - DAG(s) dict_keys(['example_xcom']) retrieved from /home/airflow/.local/lib/python3.6/site-packages/airflow/example_dags/example_xcom.py
[2021-09-29 14:03:27,439] {logging_mixin.py:109} INFO - [2021-09-29 14:03:27,439] {dag.py:1834} INFO - Sync 1 DAGs
[2021-09-29 14:03:27,457] {logging_mixin.py:109} INFO - [2021-09-29 14:03:27,457] {dag.py:2287} INFO - Setting next_dagrun for example_xcom to 2021-09-27 00:00:00+00:00
[2021-09-29 14:03:27,469] {processor.py:170} INFO - Processing /home/airflow/.local/lib/python3.6/site-packages/airflow/example_dags/example_xcom.py took 0.090 seconds
[2021-09-29 14:03:57,865] {processor.py:162} INFO - Started process (PID=1153) to work on /home/airflow/.local/lib/python3.6/site-packages/airflow/example_dags/example_xcom.py
[2021-09-29 14:03:57,867] {processor.py:613} INFO - Processing file /home/airflow/.local/lib/python3.6/site-packages/airflow/example_dags/example_xcom.py for tasks to queue
[2021-09-29 14:03:57,869] {logging_mixin.py:109} INFO - [2021-09-29 14:03:57,868] {dagbag.py:496} INFO - Filling up the DagBag from /home/airflow/.local/lib/python3.6/site-packages/airflow/example_dags/example_xcom.py
[2021-09-29 14:03:57,882] {processor.py:623} INFO - DAG(s) dict_keys(['example_xcom']) retrieved from /home/airflow/.local/lib/python3.6/site-packages/airflow/example_dags/example_xcom.py
[2021-09-29 14:03:57,908] {logging_mixin.py:109} INFO - [2021-09-29 14:03:57,908] {dag.py:1834} INFO - Sync 1 DAGs
[2021-09-29 14:03:57,922] {logging_mixin.py:109} INFO - [2021-09-29 14:03:57,921] {dag.py:2287} INFO - Setting next_dagrun for example_xcom to 2021-09-27 00:00:00+00:00
[2021-09-29 14:03:57,933] {processor.py:170} INFO - Processing /home/airflow/.local/lib/python3.6/site-packages/airflow/example_dags/example_xcom.py took 0.071 seconds
[2021-09-29 14:04:28,755] {processor.py:162} INFO - Started process (PID=1381) to work on /home/airflow/.local/lib/python3.6/site-packages/airflow/example_dags/example_xcom.py
[2021-09-29 14:04:28,758] {processor.py:613} INFO - Processing file /home/airflow/.local/lib/python3.6/site-packages/airflow/example_dags/example_xcom.py for tasks to queue
[2021-09-29 14:04:28,760] {logging_mixin.py:109} INFO - [2021-09-29 14:04:28,760] {dagbag.py:496} INFO - Filling up the DagBag from /home/airflow/.local/lib/python3.6/site-packages/airflow/example_dags/example_xcom.py
[2021-09-29 14:04:28,775] {processor.py:623} INFO - DAG(s) dict_keys(['example_xcom']) retrieved from /home/airflow/.local/lib/python3.6/site-packages/airflow/example_dags/example_xcom.py
[2021-09-29 14:04:28,802] {logging_mixin.py:109} INFO - [2021-09-29 14:04:28,802] {dag.py:1834} INFO - Sync 1 DAGs
[2021-09-29 14:04:28,819] {logging_mixin.py:109} INFO - [2021-09-29 14:04:28,819] {dag.py:2287} INFO - Setting next_dagrun for example_xcom to 2021-09-27 00:00:00+00:00
[2021-09-29 14:04:28,832] {processor.py:170} INFO - Processing /home/airflow/.local/lib/python3.6/site-packages/airflow/example_dags/example_xcom.py took 0.081 seconds
[2021-09-29 14:04:59,217] {processor.py:162} INFO - Started process (PID=1582) to work on /home/airflow/.local/lib/python3.6/site-packages/airflow/example_dags/example_xcom.py
[2021-09-29 14:04:59,219] {processor.py:613} INFO - Processing file /home/airflow/.local/lib/python3.6/site-packages/airflow/example_dags/example_xcom.py for tasks to queue
[2021-09-29 14:04:59,221] {logging_mixin.py:109} INFO - [2021-09-29 14:04:59,221] {dagbag.py:496} INFO - Filling up the DagBag from /home/airflow/.local/lib/python3.6/site-packages/airflow/example_dags/example_xcom.py
[2021-09-29 14:04:59,242] {processor.py:623} INFO - DAG(s) dict_keys(['example_xcom']) retrieved from /home/airflow/.local/lib/python3.6/site-packages/airflow/example_dags/example_xcom.py
[2021-09-29 14:04:59,269] {logging_mixin.py:109} INFO - [2021-09-29 14:04:59,269] {dag.py:1834} INFO - Sync 1 DAGs
[2021-09-29 14:04:59,289] {logging_mixin.py:109} INFO - [2021-09-29 14:04:59,289] {dag.py:2287} INFO - Setting next_dagrun for example_xcom to 2021-09-27 00:00:00+00:00
[2021-09-29 14:04:59,305] {processor.py:170} INFO - Processing /home/airflow/.local/lib/python3.6/site-packages/airflow/example_dags/example_xcom.py took 0.092 seconds
[2021-09-29 14:05:29,679] {processor.py:162} INFO - Started process (PID=1791) to work on /home/airflow/.local/lib/python3.6/site-packages/airflow/example_dags/example_xcom.py
[2021-09-29 14:05:29,682] {processor.py:613} INFO - Processing file /home/airflow/.local/lib/python3.6/site-packages/airflow/example_dags/example_xcom.py for tasks to queue
[2021-09-29 14:05:29,684] {logging_mixin.py:109} INFO - [2021-09-29 14:05:29,684] {dagbag.py:496} INFO - Filling up the DagBag from /home/airflow/.local/lib/python3.6/site-packages/airflow/example_dags/example_xcom.py
[2021-09-29 14:05:29,700] {processor.py:623} INFO - DAG(s) dict_keys(['example_xcom']) retrieved from /home/airflow/.local/lib/python3.6/site-packages/airflow/example_dags/example_xcom.py
[2021-09-29 14:05:29,729] {logging_mixin.py:109} INFO - [2021-09-29 14:05:29,729] {dag.py:1834} INFO - Sync 1 DAGs
[2021-09-29 14:05:29,745] {logging_mixin.py:109} INFO - [2021-09-29 14:05:29,745] {dag.py:2287} INFO - Setting next_dagrun for example_xcom to 2021-09-27 00:00:00+00:00
[2021-09-29 14:05:29,757] {processor.py:170} INFO - Processing /home/airflow/.local/lib/python3.6/site-packages/airflow/example_dags/example_xcom.py took 0.082 seconds
[2021-09-29 14:06:00,491] {processor.py:162} INFO - Started process (PID=2024) to work on /home/airflow/.local/lib/python3.6/site-packages/airflow/example_dags/example_xcom.py
[2021-09-29 14:06:00,494] {processor.py:613} INFO - Processing file /home/airflow/.local/lib/python3.6/site-packages/airflow/example_dags/example_xcom.py for tasks to queue
[2021-09-29 14:06:00,495] {logging_mixin.py:109} INFO - [2021-09-29 14:06:00,495] {dagbag.py:496} INFO - Filling up the DagBag from /home/airflow/.local/lib/python3.6/site-packages/airflow/example_dags/example_xcom.py
[2021-09-29 14:06:00,511] {processor.py:623} INFO - DAG(s) dict_keys(['example_xcom']) retrieved from /home/airflow/.local/lib/python3.6/site-packages/airflow/example_dags/example_xcom.py
[2021-09-29 14:06:00,539] {logging_mixin.py:109} INFO - [2021-09-29 14:06:00,539] {dag.py:1834} INFO - Sync 1 DAGs
[2021-09-29 14:06:00,556] {logging_mixin.py:109} INFO - [2021-09-29 14:06:00,556] {dag.py:2287} INFO - Setting next_dagrun for example_xcom to 2021-09-27 00:00:00+00:00
[2021-09-29 14:06:00,570] {processor.py:170} INFO - Processing /home/airflow/.local/lib/python3.6/site-packages/airflow/example_dags/example_xcom.py took 0.083 seconds
[2021-09-29 14:06:31,117] {processor.py:162} INFO - Started process (PID=2212) to work on /home/airflow/.local/lib/python3.6/site-packages/airflow/example_dags/example_xcom.py
[2021-09-29 14:06:31,118] {processor.py:613} INFO - Processing file /home/airflow/.local/lib/python3.6/site-packages/airflow/example_dags/example_xcom.py for tasks to queue
[2021-09-29 14:06:31,120] {logging_mixin.py:109} INFO - [2021-09-29 14:06:31,119] {dagbag.py:496} INFO - Filling up the DagBag from /home/airflow/.local/lib/python3.6/site-packages/airflow/example_dags/example_xcom.py
[2021-09-29 14:06:31,131] {processor.py:623} INFO - DAG(s) dict_keys(['example_xcom']) retrieved from /home/airflow/.local/lib/python3.6/site-packages/airflow/example_dags/example_xcom.py
[2021-09-29 14:06:31,153] {logging_mixin.py:109} INFO - [2021-09-29 14:06:31,153] {dag.py:1834} INFO - Sync 1 DAGs
[2021-09-29 14:06:31,166] {logging_mixin.py:109} INFO - [2021-09-29 14:06:31,166] {dag.py:2287} INFO - Setting next_dagrun for example_xcom to 2021-09-27 00:00:00+00:00
[2021-09-29 14:06:31,177] {processor.py:170} INFO - Processing /home/airflow/.local/lib/python3.6/site-packages/airflow/example_dags/example_xcom.py took 0.063 seconds
[2021-09-29 14:07:01,393] {processor.py:162} INFO - Started process (PID=2409) to work on /home/airflow/.local/lib/python3.6/site-packages/airflow/example_dags/example_xcom.py
[2021-09-29 14:07:01,395] {processor.py:613} INFO - Processing file /home/airflow/.local/lib/python3.6/site-packages/airflow/example_dags/example_xcom.py for tasks to queue
[2021-09-29 14:07:01,397] {logging_mixin.py:109} INFO - [2021-09-29 14:07:01,397] {dagbag.py:496} INFO - Filling up the DagBag from /home/airflow/.local/lib/python3.6/site-packages/airflow/example_dags/example_xcom.py
[2021-09-29 14:07:01,412] {processor.py:623} INFO - DAG(s) dict_keys(['example_xcom']) retrieved from /home/airflow/.local/lib/python3.6/site-packages/airflow/example_dags/example_xcom.py
[2021-09-29 14:07:01,437] {logging_mixin.py:109} INFO - [2021-09-29 14:07:01,437] {dag.py:1834} INFO - Sync 1 DAGs
[2021-09-29 14:07:01,452] {logging_mixin.py:109} INFO - [2021-09-29 14:07:01,452] {dag.py:2287} INFO - Setting next_dagrun for example_xcom to 2021-09-27 00:00:00+00:00
[2021-09-29 14:07:01,468] {processor.py:170} INFO - Processing /home/airflow/.local/lib/python3.6/site-packages/airflow/example_dags/example_xcom.py took 0.079 seconds
[2021-09-29 14:07:31,884] {processor.py:162} INFO - Started process (PID=2613) to work on /home/airflow/.local/lib/python3.6/site-packages/airflow/example_dags/example_xcom.py
[2021-09-29 14:07:31,886] {processor.py:613} INFO - Processing file /home/airflow/.local/lib/python3.6/site-packages/airflow/example_dags/example_xcom.py for tasks to queue
[2021-09-29 14:07:31,888] {logging_mixin.py:109} INFO - [2021-09-29 14:07:31,888] {dagbag.py:496} INFO - Filling up the DagBag from /home/airflow/.local/lib/python3.6/site-packages/airflow/example_dags/example_xcom.py
[2021-09-29 14:07:31,905] {processor.py:623} INFO - DAG(s) dict_keys(['example_xcom']) retrieved from /home/airflow/.local/lib/python3.6/site-packages/airflow/example_dags/example_xcom.py
[2021-09-29 14:07:31,935] {logging_mixin.py:109} INFO - [2021-09-29 14:07:31,935] {dag.py:1834} INFO - Sync 1 DAGs
[2021-09-29 14:07:31,954] {logging_mixin.py:109} INFO - [2021-09-29 14:07:31,954] {dag.py:2287} INFO - Setting next_dagrun for example_xcom to 2021-09-27 00:00:00+00:00
[2021-09-29 14:07:31,968] {processor.py:170} INFO - Processing /home/airflow/.local/lib/python3.6/site-packages/airflow/example_dags/example_xcom.py took 0.089 seconds
[2021-09-29 14:08:02,289] {processor.py:162} INFO - Started process (PID=2800) to work on /home/airflow/.local/lib/python3.6/site-packages/airflow/example_dags/example_xcom.py
[2021-09-29 14:08:02,291] {processor.py:613} INFO - Processing file /home/airflow/.local/lib/python3.6/site-packages/airflow/example_dags/example_xcom.py for tasks to queue
[2021-09-29 14:08:02,293] {logging_mixin.py:109} INFO - [2021-09-29 14:08:02,293] {dagbag.py:496} INFO - Filling up the DagBag from /home/airflow/.local/lib/python3.6/site-packages/airflow/example_dags/example_xcom.py
[2021-09-29 14:08:02,306] {processor.py:623} INFO - DAG(s) dict_keys(['example_xcom']) retrieved from /home/airflow/.local/lib/python3.6/site-packages/airflow/example_dags/example_xcom.py
[2021-09-29 14:08:02,327] {logging_mixin.py:109} INFO - [2021-09-29 14:08:02,327] {dag.py:1834} INFO - Sync 1 DAGs
[2021-09-29 14:08:02,340] {logging_mixin.py:109} INFO - [2021-09-29 14:08:02,340] {dag.py:2287} INFO - Setting next_dagrun for example_xcom to 2021-09-27 00:00:00+00:00
[2021-09-29 14:08:02,351] {processor.py:170} INFO - Processing /home/airflow/.local/lib/python3.6/site-packages/airflow/example_dags/example_xcom.py took 0.066 seconds
[2021-09-29 14:08:32,714] {processor.py:162} INFO - Started process (PID=3012) to work on /home/airflow/.local/lib/python3.6/site-packages/airflow/example_dags/example_xcom.py
[2021-09-29 14:08:32,716] {processor.py:613} INFO - Processing file /home/airflow/.local/lib/python3.6/site-packages/airflow/example_dags/example_xcom.py for tasks to queue
[2021-09-29 14:08:32,717] {logging_mixin.py:109} INFO - [2021-09-29 14:08:32,717] {dagbag.py:496} INFO - Filling up the DagBag from /home/airflow/.local/lib/python3.6/site-packages/airflow/example_dags/example_xcom.py
[2021-09-29 14:08:32,729] {processor.py:623} INFO - DAG(s) dict_keys(['example_xcom']) retrieved from /home/airflow/.local/lib/python3.6/site-packages/airflow/example_dags/example_xcom.py
[2021-09-29 14:08:32,749] {logging_mixin.py:109} INFO - [2021-09-29 14:08:32,749] {dag.py:1834} INFO - Sync 1 DAGs
[2021-09-29 14:08:32,761] {logging_mixin.py:109} INFO - [2021-09-29 14:08:32,761] {dag.py:2287} INFO - Setting next_dagrun for example_xcom to 2021-09-27 00:00:00+00:00
[2021-09-29 14:08:32,771] {processor.py:170} INFO - Processing /home/airflow/.local/lib/python3.6/site-packages/airflow/example_dags/example_xcom.py took 0.060 seconds
[2021-09-29 14:09:03,582] {processor.py:162} INFO - Started process (PID=3197) to work on /home/airflow/.local/lib/python3.6/site-packages/airflow/example_dags/example_xcom.py
[2021-09-29 14:09:03,585] {processor.py:613} INFO - Processing file /home/airflow/.local/lib/python3.6/site-packages/airflow/example_dags/example_xcom.py for tasks to queue
[2021-09-29 14:09:03,586] {logging_mixin.py:109} INFO - [2021-09-29 14:09:03,586] {dagbag.py:496} INFO - Filling up the DagBag from /home/airflow/.local/lib/python3.6/site-packages/airflow/example_dags/example_xcom.py
[2021-09-29 14:09:03,601] {processor.py:623} INFO - DAG(s) dict_keys(['example_xcom']) retrieved from /home/airflow/.local/lib/python3.6/site-packages/airflow/example_dags/example_xcom.py
[2021-09-29 14:09:03,629] {logging_mixin.py:109} INFO - [2021-09-29 14:09:03,629] {dag.py:1834} INFO - Sync 1 DAGs
[2021-09-29 14:09:03,645] {logging_mixin.py:109} INFO - [2021-09-29 14:09:03,644] {dag.py:2287} INFO - Setting next_dagrun for example_xcom to 2021-09-27 00:00:00+00:00
[2021-09-29 14:09:03,655] {processor.py:170} INFO - Processing /home/airflow/.local/lib/python3.6/site-packages/airflow/example_dags/example_xcom.py took 0.077 seconds
[2021-09-29 14:09:34,395] {processor.py:162} INFO - Started process (PID=3405) to work on /home/airflow/.local/lib/python3.6/site-packages/airflow/example_dags/example_xcom.py
[2021-09-29 14:09:34,397] {processor.py:613} INFO - Processing file /home/airflow/.local/lib/python3.6/site-packages/airflow/example_dags/example_xcom.py for tasks to queue
[2021-09-29 14:09:34,399] {logging_mixin.py:109} INFO - [2021-09-29 14:09:34,399] {dagbag.py:496} INFO - Filling up the DagBag from /home/airflow/.local/lib/python3.6/site-packages/airflow/example_dags/example_xcom.py
[2021-09-29 14:09:34,415] {processor.py:623} INFO - DAG(s) dict_keys(['example_xcom']) retrieved from /home/airflow/.local/lib/python3.6/site-packages/airflow/example_dags/example_xcom.py
[2021-09-29 14:09:34,443] {logging_mixin.py:109} INFO - [2021-09-29 14:09:34,443] {dag.py:1834} INFO - Sync 1 DAGs
[2021-09-29 14:09:34,461] {logging_mixin.py:109} INFO - [2021-09-29 14:09:34,460] {dag.py:2287} INFO - Setting next_dagrun for example_xcom to 2021-09-27 00:00:00+00:00
[2021-09-29 14:09:34,474] {processor.py:170} INFO - Processing /home/airflow/.local/lib/python3.6/site-packages/airflow/example_dags/example_xcom.py took 0.083 seconds
[2021-09-29 14:10:04,725] {processor.py:162} INFO - Started process (PID=3607) to work on /home/airflow/.local/lib/python3.6/site-packages/airflow/example_dags/example_xcom.py
[2021-09-29 14:10:04,727] {processor.py:613} INFO - Processing file /home/airflow/.local/lib/python3.6/site-packages/airflow/example_dags/example_xcom.py for tasks to queue
[2021-09-29 14:10:04,729] {logging_mixin.py:109} INFO - [2021-09-29 14:10:04,728] {dagbag.py:496} INFO - Filling up the DagBag from /home/airflow/.local/lib/python3.6/site-packages/airflow/example_dags/example_xcom.py
[2021-09-29 14:10:04,743] {processor.py:623} INFO - DAG(s) dict_keys(['example_xcom']) retrieved from /home/airflow/.local/lib/python3.6/site-packages/airflow/example_dags/example_xcom.py
[2021-09-29 14:10:04,768] {logging_mixin.py:109} INFO - [2021-09-29 14:10:04,768] {dag.py:1834} INFO - Sync 1 DAGs
[2021-09-29 14:10:04,784] {logging_mixin.py:109} INFO - [2021-09-29 14:10:04,784] {dag.py:2287} INFO - Setting next_dagrun for example_xcom to 2021-09-27 00:00:00+00:00
[2021-09-29 14:10:04,794] {processor.py:170} INFO - Processing /home/airflow/.local/lib/python3.6/site-packages/airflow/example_dags/example_xcom.py took 0.074 seconds
[2021-09-29 14:10:34,922] {processor.py:162} INFO - Started process (PID=3792) to work on /home/airflow/.local/lib/python3.6/site-packages/airflow/example_dags/example_xcom.py
[2021-09-29 14:10:34,924] {processor.py:613} INFO - Processing file /home/airflow/.local/lib/python3.6/site-packages/airflow/example_dags/example_xcom.py for tasks to queue
[2021-09-29 14:10:34,926] {logging_mixin.py:109} INFO - [2021-09-29 14:10:34,926] {dagbag.py:496} INFO - Filling up the DagBag from /home/airflow/.local/lib/python3.6/site-packages/airflow/example_dags/example_xcom.py
[2021-09-29 14:10:34,941] {processor.py:623} INFO - DAG(s) dict_keys(['example_xcom']) retrieved from /home/airflow/.local/lib/python3.6/site-packages/airflow/example_dags/example_xcom.py
[2021-09-29 14:10:34,968] {logging_mixin.py:109} INFO - [2021-09-29 14:10:34,968] {dag.py:1834} INFO - Sync 1 DAGs
[2021-09-29 14:10:34,984] {logging_mixin.py:109} INFO - [2021-09-29 14:10:34,984] {dag.py:2287} INFO - Setting next_dagrun for example_xcom to 2021-09-27 00:00:00+00:00
[2021-09-29 14:10:34,997] {processor.py:170} INFO - Processing /home/airflow/.local/lib/python3.6/site-packages/airflow/example_dags/example_xcom.py took 0.078 seconds
[2021-09-29 14:11:05,338] {processor.py:162} INFO - Started process (PID=3988) to work on /home/airflow/.local/lib/python3.6/site-packages/airflow/example_dags/example_xcom.py
[2021-09-29 14:11:05,340] {processor.py:613} INFO - Processing file /home/airflow/.local/lib/python3.6/site-packages/airflow/example_dags/example_xcom.py for tasks to queue
[2021-09-29 14:11:05,341] {logging_mixin.py:109} INFO - [2021-09-29 14:11:05,341] {dagbag.py:496} INFO - Filling up the DagBag from /home/airflow/.local/lib/python3.6/site-packages/airflow/example_dags/example_xcom.py
[2021-09-29 14:11:05,356] {processor.py:623} INFO - DAG(s) dict_keys(['example_xcom']) retrieved from /home/airflow/.local/lib/python3.6/site-packages/airflow/example_dags/example_xcom.py
[2021-09-29 14:11:05,382] {logging_mixin.py:109} INFO - [2021-09-29 14:11:05,381] {dag.py:1834} INFO - Sync 1 DAGs
[2021-09-29 14:11:05,399] {logging_mixin.py:109} INFO - [2021-09-29 14:11:05,399] {dag.py:2287} INFO - Setting next_dagrun for example_xcom to 2021-09-27 00:00:00+00:00
[2021-09-29 14:11:05,411] {processor.py:170} INFO - Processing /home/airflow/.local/lib/python3.6/site-packages/airflow/example_dags/example_xcom.py took 0.077 seconds
[2021-09-29 14:11:36,010] {processor.py:162} INFO - Started process (PID=4184) to work on /home/airflow/.local/lib/python3.6/site-packages/airflow/example_dags/example_xcom.py
[2021-09-29 14:11:36,012] {processor.py:613} INFO - Processing file /home/airflow/.local/lib/python3.6/site-packages/airflow/example_dags/example_xcom.py for tasks to queue
[2021-09-29 14:11:36,014] {logging_mixin.py:109} INFO - [2021-09-29 14:11:36,013] {dagbag.py:496} INFO - Filling up the DagBag from /home/airflow/.local/lib/python3.6/site-packages/airflow/example_dags/example_xcom.py
[2021-09-29 14:11:36,031] {processor.py:623} INFO - DAG(s) dict_keys(['example_xcom']) retrieved from /home/airflow/.local/lib/python3.6/site-packages/airflow/example_dags/example_xcom.py
[2021-09-29 14:11:36,059] {logging_mixin.py:109} INFO - [2021-09-29 14:11:36,058] {dag.py:1834} INFO - Sync 1 DAGs
[2021-09-29 14:11:36,076] {logging_mixin.py:109} INFO - [2021-09-29 14:11:36,075] {dag.py:2287} INFO - Setting next_dagrun for example_xcom to 2021-09-27 00:00:00+00:00
[2021-09-29 14:11:36,089] {processor.py:170} INFO - Processing /home/airflow/.local/lib/python3.6/site-packages/airflow/example_dags/example_xcom.py took 0.084 seconds
[2021-09-29 14:12:06,437] {processor.py:162} INFO - Started process (PID=4380) to work on /home/airflow/.local/lib/python3.6/site-packages/airflow/example_dags/example_xcom.py
[2021-09-29 14:12:06,439] {processor.py:613} INFO - Processing file /home/airflow/.local/lib/python3.6/site-packages/airflow/example_dags/example_xcom.py for tasks to queue
[2021-09-29 14:12:06,441] {logging_mixin.py:109} INFO - [2021-09-29 14:12:06,441] {dagbag.py:496} INFO - Filling up the DagBag from /home/airflow/.local/lib/python3.6/site-packages/airflow/example_dags/example_xcom.py
[2021-09-29 14:12:06,454] {processor.py:623} INFO - DAG(s) dict_keys(['example_xcom']) retrieved from /home/airflow/.local/lib/python3.6/site-packages/airflow/example_dags/example_xcom.py
[2021-09-29 14:12:06,483] {logging_mixin.py:109} INFO - [2021-09-29 14:12:06,483] {dag.py:1834} INFO - Sync 1 DAGs
[2021-09-29 14:12:06,500] {logging_mixin.py:109} INFO - [2021-09-29 14:12:06,499] {dag.py:2287} INFO - Setting next_dagrun for example_xcom to 2021-09-27 00:00:00+00:00
[2021-09-29 14:12:06,511] {processor.py:170} INFO - Processing /home/airflow/.local/lib/python3.6/site-packages/airflow/example_dags/example_xcom.py took 0.078 seconds
[2021-09-29 14:12:37,104] {processor.py:162} INFO - Started process (PID=4593) to work on /home/airflow/.local/lib/python3.6/site-packages/airflow/example_dags/example_xcom.py
[2021-09-29 14:12:37,107] {processor.py:613} INFO - Processing file /home/airflow/.local/lib/python3.6/site-packages/airflow/example_dags/example_xcom.py for tasks to queue
[2021-09-29 14:12:37,108] {logging_mixin.py:109} INFO - [2021-09-29 14:12:37,108] {dagbag.py:496} INFO - Filling up the DagBag from /home/airflow/.local/lib/python3.6/site-packages/airflow/example_dags/example_xcom.py
[2021-09-29 14:12:37,126] {processor.py:623} INFO - DAG(s) dict_keys(['example_xcom']) retrieved from /home/airflow/.local/lib/python3.6/site-packages/airflow/example_dags/example_xcom.py
[2021-09-29 14:12:37,159] {logging_mixin.py:109} INFO - [2021-09-29 14:12:37,159] {dag.py:1834} INFO - Sync 1 DAGs
[2021-09-29 14:12:37,183] {logging_mixin.py:109} INFO - [2021-09-29 14:12:37,182] {dag.py:2287} INFO - Setting next_dagrun for example_xcom to 2021-09-27 00:00:00+00:00
[2021-09-29 14:12:37,197] {processor.py:170} INFO - Processing /home/airflow/.local/lib/python3.6/site-packages/airflow/example_dags/example_xcom.py took 0.097 seconds
[2021-09-29 14:13:07,400] {processor.py:162} INFO - Started process (PID=4785) to work on /home/airflow/.local/lib/python3.6/site-packages/airflow/example_dags/example_xcom.py
[2021-09-29 14:13:07,402] {processor.py:613} INFO - Processing file /home/airflow/.local/lib/python3.6/site-packages/airflow/example_dags/example_xcom.py for tasks to queue
[2021-09-29 14:13:07,404] {logging_mixin.py:109} INFO - [2021-09-29 14:13:07,404] {dagbag.py:496} INFO - Filling up the DagBag from /home/airflow/.local/lib/python3.6/site-packages/airflow/example_dags/example_xcom.py
[2021-09-29 14:13:07,424] {processor.py:623} INFO - DAG(s) dict_keys(['example_xcom']) retrieved from /home/airflow/.local/lib/python3.6/site-packages/airflow/example_dags/example_xcom.py
[2021-09-29 14:13:07,453] {logging_mixin.py:109} INFO - [2021-09-29 14:13:07,453] {dag.py:1834} INFO - Sync 1 DAGs
[2021-09-29 14:13:07,481] {logging_mixin.py:109} INFO - [2021-09-29 14:13:07,481] {dag.py:2287} INFO - Setting next_dagrun for example_xcom to 2021-09-27 00:00:00+00:00
[2021-09-29 14:13:07,498] {processor.py:170} INFO - Processing /home/airflow/.local/lib/python3.6/site-packages/airflow/example_dags/example_xcom.py took 0.103 seconds
[2021-09-29 14:13:37,846] {processor.py:162} INFO - Started process (PID=4986) to work on /home/airflow/.local/lib/python3.6/site-packages/airflow/example_dags/example_xcom.py
[2021-09-29 14:13:37,848] {processor.py:613} INFO - Processing file /home/airflow/.local/lib/python3.6/site-packages/airflow/example_dags/example_xcom.py for tasks to queue
[2021-09-29 14:13:37,850] {logging_mixin.py:109} INFO - [2021-09-29 14:13:37,850] {dagbag.py:496} INFO - Filling up the DagBag from /home/airflow/.local/lib/python3.6/site-packages/airflow/example_dags/example_xcom.py
[2021-09-29 14:13:37,867] {processor.py:623} INFO - DAG(s) dict_keys(['example_xcom']) retrieved from /home/airflow/.local/lib/python3.6/site-packages/airflow/example_dags/example_xcom.py
[2021-09-29 14:13:37,895] {logging_mixin.py:109} INFO - [2021-09-29 14:13:37,895] {dag.py:1834} INFO - Sync 1 DAGs
[2021-09-29 14:13:37,912] {logging_mixin.py:109} INFO - [2021-09-29 14:13:37,911] {dag.py:2287} INFO - Setting next_dagrun for example_xcom to 2021-09-27 00:00:00+00:00
[2021-09-29 14:13:37,924] {processor.py:170} INFO - Processing /home/airflow/.local/lib/python3.6/site-packages/airflow/example_dags/example_xcom.py took 0.082 seconds
[2021-09-29 14:14:08,414] {processor.py:162} INFO - Started process (PID=5208) to work on /home/airflow/.local/lib/python3.6/site-packages/airflow/example_dags/example_xcom.py
[2021-09-29 14:14:08,416] {processor.py:613} INFO - Processing file /home/airflow/.local/lib/python3.6/site-packages/airflow/example_dags/example_xcom.py for tasks to queue
[2021-09-29 14:14:08,417] {logging_mixin.py:109} INFO - [2021-09-29 14:14:08,417] {dagbag.py:496} INFO - Filling up the DagBag from /home/airflow/.local/lib/python3.6/site-packages/airflow/example_dags/example_xcom.py
[2021-09-29 14:14:08,431] {processor.py:623} INFO - DAG(s) dict_keys(['example_xcom']) retrieved from /home/airflow/.local/lib/python3.6/site-packages/airflow/example_dags/example_xcom.py
[2021-09-29 14:14:08,455] {logging_mixin.py:109} INFO - [2021-09-29 14:14:08,455] {dag.py:1834} INFO - Sync 1 DAGs
[2021-09-29 14:14:08,471] {logging_mixin.py:109} INFO - [2021-09-29 14:14:08,471] {dag.py:2287} INFO - Setting next_dagrun for example_xcom to 2021-09-27 00:00:00+00:00
[2021-09-29 14:14:08,482] {processor.py:170} INFO - Processing /home/airflow/.local/lib/python3.6/site-packages/airflow/example_dags/example_xcom.py took 0.072 seconds
[2021-09-29 14:14:38,690] {processor.py:162} INFO - Started process (PID=5403) to work on /home/airflow/.local/lib/python3.6/site-packages/airflow/example_dags/example_xcom.py
[2021-09-29 14:14:38,693] {processor.py:613} INFO - Processing file /home/airflow/.local/lib/python3.6/site-packages/airflow/example_dags/example_xcom.py for tasks to queue
[2021-09-29 14:14:38,694] {logging_mixin.py:109} INFO - [2021-09-29 14:14:38,694] {dagbag.py:496} INFO - Filling up the DagBag from /home/airflow/.local/lib/python3.6/site-packages/airflow/example_dags/example_xcom.py
[2021-09-29 14:14:38,710] {processor.py:623} INFO - DAG(s) dict_keys(['example_xcom']) retrieved from /home/airflow/.local/lib/python3.6/site-packages/airflow/example_dags/example_xcom.py
[2021-09-29 14:14:38,738] {logging_mixin.py:109} INFO - [2021-09-29 14:14:38,738] {dag.py:1834} INFO - Sync 1 DAGs
[2021-09-29 14:14:38,756] {logging_mixin.py:109} INFO - [2021-09-29 14:14:38,756] {dag.py:2287} INFO - Setting next_dagrun for example_xcom to 2021-09-27 00:00:00+00:00
[2021-09-29 14:14:38,770] {processor.py:170} INFO - Processing /home/airflow/.local/lib/python3.6/site-packages/airflow/example_dags/example_xcom.py took 0.084 seconds
[2021-09-29 14:15:09,202] {processor.py:162} INFO - Started process (PID=5607) to work on /home/airflow/.local/lib/python3.6/site-packages/airflow/example_dags/example_xcom.py
[2021-09-29 14:15:09,204] {processor.py:613} INFO - Processing file /home/airflow/.local/lib/python3.6/site-packages/airflow/example_dags/example_xcom.py for tasks to queue
[2021-09-29 14:15:09,206] {logging_mixin.py:109} INFO - [2021-09-29 14:15:09,206] {dagbag.py:496} INFO - Filling up the DagBag from /home/airflow/.local/lib/python3.6/site-packages/airflow/example_dags/example_xcom.py
[2021-09-29 14:15:09,218] {processor.py:623} INFO - DAG(s) dict_keys(['example_xcom']) retrieved from /home/airflow/.local/lib/python3.6/site-packages/airflow/example_dags/example_xcom.py
[2021-09-29 14:15:09,242] {logging_mixin.py:109} INFO - [2021-09-29 14:15:09,242] {dag.py:1834} INFO - Sync 1 DAGs
[2021-09-29 14:15:09,257] {logging_mixin.py:109} INFO - [2021-09-29 14:15:09,257] {dag.py:2287} INFO - Setting next_dagrun for example_xcom to 2021-09-27 00:00:00+00:00
[2021-09-29 14:15:09,268] {processor.py:170} INFO - Processing /home/airflow/.local/lib/python3.6/site-packages/airflow/example_dags/example_xcom.py took 0.069 seconds
[2021-09-29 14:15:39,636] {processor.py:162} INFO - Started process (PID=5820) to work on /home/airflow/.local/lib/python3.6/site-packages/airflow/example_dags/example_xcom.py
[2021-09-29 14:15:39,638] {processor.py:613} INFO - Processing file /home/airflow/.local/lib/python3.6/site-packages/airflow/example_dags/example_xcom.py for tasks to queue
[2021-09-29 14:15:39,640] {logging_mixin.py:109} INFO - [2021-09-29 14:15:39,640] {dagbag.py:496} INFO - Filling up the DagBag from /home/airflow/.local/lib/python3.6/site-packages/airflow/example_dags/example_xcom.py
[2021-09-29 14:15:39,659] {processor.py:623} INFO - DAG(s) dict_keys(['example_xcom']) retrieved from /home/airflow/.local/lib/python3.6/site-packages/airflow/example_dags/example_xcom.py
[2021-09-29 14:15:39,689] {logging_mixin.py:109} INFO - [2021-09-29 14:15:39,689] {dag.py:1834} INFO - Sync 1 DAGs
[2021-09-29 14:15:39,708] {logging_mixin.py:109} INFO - [2021-09-29 14:15:39,708] {dag.py:2287} INFO - Setting next_dagrun for example_xcom to 2021-09-27 00:00:00+00:00
[2021-09-29 14:15:39,721] {processor.py:170} INFO - Processing /home/airflow/.local/lib/python3.6/site-packages/airflow/example_dags/example_xcom.py took 0.090 seconds
[2021-09-29 14:16:09,867] {processor.py:162} INFO - Started process (PID=6014) to work on /home/airflow/.local/lib/python3.6/site-packages/airflow/example_dags/example_xcom.py
[2021-09-29 14:16:09,869] {processor.py:613} INFO - Processing file /home/airflow/.local/lib/python3.6/site-packages/airflow/example_dags/example_xcom.py for tasks to queue
[2021-09-29 14:16:09,870] {logging_mixin.py:109} INFO - [2021-09-29 14:16:09,870] {dagbag.py:496} INFO - Filling up the DagBag from /home/airflow/.local/lib/python3.6/site-packages/airflow/example_dags/example_xcom.py
[2021-09-29 14:16:09,885] {processor.py:623} INFO - DAG(s) dict_keys(['example_xcom']) retrieved from /home/airflow/.local/lib/python3.6/site-packages/airflow/example_dags/example_xcom.py
[2021-09-29 14:16:09,911] {logging_mixin.py:109} INFO - [2021-09-29 14:16:09,911] {dag.py:1834} INFO - Sync 1 DAGs
[2021-09-29 14:16:09,928] {logging_mixin.py:109} INFO - [2021-09-29 14:16:09,928] {dag.py:2287} INFO - Setting next_dagrun for example_xcom to 2021-09-27 00:00:00+00:00
[2021-09-29 14:16:09,940] {processor.py:170} INFO - Processing /home/airflow/.local/lib/python3.6/site-packages/airflow/example_dags/example_xcom.py took 0.078 seconds
[2021-09-29 14:16:40,244] {processor.py:162} INFO - Started process (PID=6217) to work on /home/airflow/.local/lib/python3.6/site-packages/airflow/example_dags/example_xcom.py
[2021-09-29 14:16:40,247] {processor.py:613} INFO - Processing file /home/airflow/.local/lib/python3.6/site-packages/airflow/example_dags/example_xcom.py for tasks to queue
[2021-09-29 14:16:40,249] {logging_mixin.py:109} INFO - [2021-09-29 14:16:40,249] {dagbag.py:496} INFO - Filling up the DagBag from /home/airflow/.local/lib/python3.6/site-packages/airflow/example_dags/example_xcom.py
[2021-09-29 14:16:40,262] {processor.py:623} INFO - DAG(s) dict_keys(['example_xcom']) retrieved from /home/airflow/.local/lib/python3.6/site-packages/airflow/example_dags/example_xcom.py
[2021-09-29 14:16:40,287] {logging_mixin.py:109} INFO - [2021-09-29 14:16:40,287] {dag.py:1834} INFO - Sync 1 DAGs
[2021-09-29 14:16:40,300] {logging_mixin.py:109} INFO - [2021-09-29 14:16:40,300] {dag.py:2287} INFO - Setting next_dagrun for example_xcom to 2021-09-27 00:00:00+00:00
[2021-09-29 14:16:40,310] {processor.py:170} INFO - Processing /home/airflow/.local/lib/python3.6/site-packages/airflow/example_dags/example_xcom.py took 0.070 seconds
[2021-09-29 14:17:10,928] {processor.py:162} INFO - Started process (PID=6412) to work on /home/airflow/.local/lib/python3.6/site-packages/airflow/example_dags/example_xcom.py
[2021-09-29 14:17:10,930] {processor.py:613} INFO - Processing file /home/airflow/.local/lib/python3.6/site-packages/airflow/example_dags/example_xcom.py for tasks to queue
[2021-09-29 14:17:10,932] {logging_mixin.py:109} INFO - [2021-09-29 14:17:10,932] {dagbag.py:496} INFO - Filling up the DagBag from /home/airflow/.local/lib/python3.6/site-packages/airflow/example_dags/example_xcom.py
[2021-09-29 14:17:10,958] {processor.py:623} INFO - DAG(s) dict_keys(['example_xcom']) retrieved from /home/airflow/.local/lib/python3.6/site-packages/airflow/example_dags/example_xcom.py
[2021-09-29 14:17:10,989] {logging_mixin.py:109} INFO - [2021-09-29 14:17:10,989] {dag.py:1834} INFO - Sync 1 DAGs
[2021-09-29 14:17:11,008] {logging_mixin.py:109} INFO - [2021-09-29 14:17:11,008] {dag.py:2287} INFO - Setting next_dagrun for example_xcom to 2021-09-27 00:00:00+00:00
[2021-09-29 14:17:11,023] {processor.py:170} INFO - Processing /home/airflow/.local/lib/python3.6/site-packages/airflow/example_dags/example_xcom.py took 0.099 seconds
[2021-09-29 14:17:41,333] {processor.py:162} INFO - Started process (PID=6617) to work on /home/airflow/.local/lib/python3.6/site-packages/airflow/example_dags/example_xcom.py
[2021-09-29 14:17:41,336] {processor.py:613} INFO - Processing file /home/airflow/.local/lib/python3.6/site-packages/airflow/example_dags/example_xcom.py for tasks to queue
[2021-09-29 14:17:41,337] {logging_mixin.py:109} INFO - [2021-09-29 14:17:41,337] {dagbag.py:496} INFO - Filling up the DagBag from /home/airflow/.local/lib/python3.6/site-packages/airflow/example_dags/example_xcom.py
[2021-09-29 14:17:41,353] {processor.py:623} INFO - DAG(s) dict_keys(['example_xcom']) retrieved from /home/airflow/.local/lib/python3.6/site-packages/airflow/example_dags/example_xcom.py
[2021-09-29 14:17:41,381] {logging_mixin.py:109} INFO - [2021-09-29 14:17:41,381] {dag.py:1834} INFO - Sync 1 DAGs
[2021-09-29 14:17:41,400] {logging_mixin.py:109} INFO - [2021-09-29 14:17:41,400] {dag.py:2287} INFO - Setting next_dagrun for example_xcom to 2021-09-27 00:00:00+00:00
[2021-09-29 14:17:41,415] {processor.py:170} INFO - Processing /home/airflow/.local/lib/python3.6/site-packages/airflow/example_dags/example_xcom.py took 0.086 seconds
[2021-09-29 14:18:11,530] {processor.py:162} INFO - Started process (PID=6826) to work on /home/airflow/.local/lib/python3.6/site-packages/airflow/example_dags/example_xcom.py
[2021-09-29 14:18:11,532] {processor.py:613} INFO - Processing file /home/airflow/.local/lib/python3.6/site-packages/airflow/example_dags/example_xcom.py for tasks to queue
[2021-09-29 14:18:11,534] {logging_mixin.py:109} INFO - [2021-09-29 14:18:11,533] {dagbag.py:496} INFO - Filling up the DagBag from /home/airflow/.local/lib/python3.6/site-packages/airflow/example_dags/example_xcom.py
[2021-09-29 14:18:11,549] {processor.py:623} INFO - DAG(s) dict_keys(['example_xcom']) retrieved from /home/airflow/.local/lib/python3.6/site-packages/airflow/example_dags/example_xcom.py
[2021-09-29 14:18:11,583] {logging_mixin.py:109} INFO - [2021-09-29 14:18:11,583] {dag.py:1834} INFO - Sync 1 DAGs
[2021-09-29 14:18:11,602] {logging_mixin.py:109} INFO - [2021-09-29 14:18:11,602] {dag.py:2287} INFO - Setting next_dagrun for example_xcom to 2021-09-27 00:00:00+00:00
[2021-09-29 14:18:11,616] {processor.py:170} INFO - Processing /home/airflow/.local/lib/python3.6/site-packages/airflow/example_dags/example_xcom.py took 0.093 seconds
[2021-09-29 14:18:42,197] {processor.py:162} INFO - Started process (PID=7027) to work on /home/airflow/.local/lib/python3.6/site-packages/airflow/example_dags/example_xcom.py
[2021-09-29 14:18:42,200] {processor.py:613} INFO - Processing file /home/airflow/.local/lib/python3.6/site-packages/airflow/example_dags/example_xcom.py for tasks to queue
[2021-09-29 14:18:42,204] {logging_mixin.py:109} INFO - [2021-09-29 14:18:42,204] {dagbag.py:496} INFO - Filling up the DagBag from /home/airflow/.local/lib/python3.6/site-packages/airflow/example_dags/example_xcom.py
[2021-09-29 14:18:42,222] {processor.py:623} INFO - DAG(s) dict_keys(['example_xcom']) retrieved from /home/airflow/.local/lib/python3.6/site-packages/airflow/example_dags/example_xcom.py
[2021-09-29 14:18:42,252] {logging_mixin.py:109} INFO - [2021-09-29 14:18:42,251] {dag.py:1834} INFO - Sync 1 DAGs
[2021-09-29 14:18:42,270] {logging_mixin.py:109} INFO - [2021-09-29 14:18:42,269] {dag.py:2287} INFO - Setting next_dagrun for example_xcom to 2021-09-27 00:00:00+00:00
[2021-09-29 14:18:42,297] {processor.py:170} INFO - Processing /home/airflow/.local/lib/python3.6/site-packages/airflow/example_dags/example_xcom.py took 0.105 seconds
[2021-09-29 14:19:12,621] {processor.py:162} INFO - Started process (PID=7233) to work on /home/airflow/.local/lib/python3.6/site-packages/airflow/example_dags/example_xcom.py
[2021-09-29 14:19:12,623] {processor.py:613} INFO - Processing file /home/airflow/.local/lib/python3.6/site-packages/airflow/example_dags/example_xcom.py for tasks to queue
[2021-09-29 14:19:12,625] {logging_mixin.py:109} INFO - [2021-09-29 14:19:12,625] {dagbag.py:496} INFO - Filling up the DagBag from /home/airflow/.local/lib/python3.6/site-packages/airflow/example_dags/example_xcom.py
[2021-09-29 14:19:12,636] {processor.py:623} INFO - DAG(s) dict_keys(['example_xcom']) retrieved from /home/airflow/.local/lib/python3.6/site-packages/airflow/example_dags/example_xcom.py
[2021-09-29 14:19:12,657] {logging_mixin.py:109} INFO - [2021-09-29 14:19:12,657] {dag.py:1834} INFO - Sync 1 DAGs
[2021-09-29 14:19:12,670] {logging_mixin.py:109} INFO - [2021-09-29 14:19:12,670] {dag.py:2287} INFO - Setting next_dagrun for example_xcom to 2021-09-27 00:00:00+00:00
[2021-09-29 14:19:12,683] {processor.py:170} INFO - Processing /home/airflow/.local/lib/python3.6/site-packages/airflow/example_dags/example_xcom.py took 0.066 seconds
