[2021-09-29 14:01:56,594] {processor.py:162} INFO - Started process (PID=350) to work on /home/airflow/.local/lib/python3.6/site-packages/airflow/example_dags/example_task_group.py
[2021-09-29 14:01:56,596] {processor.py:613} INFO - Processing file /home/airflow/.local/lib/python3.6/site-packages/airflow/example_dags/example_task_group.py for tasks to queue
[2021-09-29 14:01:56,600] {logging_mixin.py:109} INFO - [2021-09-29 14:01:56,600] {dagbag.py:496} INFO - Filling up the DagBag from /home/airflow/.local/lib/python3.6/site-packages/airflow/example_dags/example_task_group.py
[2021-09-29 14:01:56,644] {processor.py:623} INFO - DAG(s) dict_keys(['example_task_group']) retrieved from /home/airflow/.local/lib/python3.6/site-packages/airflow/example_dags/example_task_group.py
[2021-09-29 14:01:56,890] {logging_mixin.py:109} INFO - [2021-09-29 14:01:56,890] {dag.py:1834} INFO - Sync 1 DAGs
[2021-09-29 14:01:56,905] {logging_mixin.py:109} INFO - [2021-09-29 14:01:56,905] {dag.py:2287} INFO - Setting next_dagrun for example_task_group to 2021-09-27 00:00:00+00:00
[2021-09-29 14:01:56,918] {processor.py:170} INFO - Processing /home/airflow/.local/lib/python3.6/site-packages/airflow/example_dags/example_task_group.py took 0.328 seconds
[2021-09-29 14:02:27,227] {processor.py:162} INFO - Started process (PID=538) to work on /home/airflow/.local/lib/python3.6/site-packages/airflow/example_dags/example_task_group.py
[2021-09-29 14:02:27,230] {processor.py:613} INFO - Processing file /home/airflow/.local/lib/python3.6/site-packages/airflow/example_dags/example_task_group.py for tasks to queue
[2021-09-29 14:02:27,232] {logging_mixin.py:109} INFO - [2021-09-29 14:02:27,232] {dagbag.py:496} INFO - Filling up the DagBag from /home/airflow/.local/lib/python3.6/site-packages/airflow/example_dags/example_task_group.py
[2021-09-29 14:02:27,253] {processor.py:623} INFO - DAG(s) dict_keys(['example_task_group']) retrieved from /home/airflow/.local/lib/python3.6/site-packages/airflow/example_dags/example_task_group.py
[2021-09-29 14:02:27,285] {logging_mixin.py:109} INFO - [2021-09-29 14:02:27,284] {dag.py:1834} INFO - Sync 1 DAGs
[2021-09-29 14:02:27,306] {logging_mixin.py:109} INFO - [2021-09-29 14:02:27,306] {dag.py:2287} INFO - Setting next_dagrun for example_task_group to 2021-09-27 00:00:00+00:00
[2021-09-29 14:02:27,322] {processor.py:170} INFO - Processing /home/airflow/.local/lib/python3.6/site-packages/airflow/example_dags/example_task_group.py took 0.099 seconds
[2021-09-29 14:02:58,353] {processor.py:162} INFO - Started process (PID=733) to work on /home/airflow/.local/lib/python3.6/site-packages/airflow/example_dags/example_task_group.py
[2021-09-29 14:02:58,355] {processor.py:613} INFO - Processing file /home/airflow/.local/lib/python3.6/site-packages/airflow/example_dags/example_task_group.py for tasks to queue
[2021-09-29 14:02:58,356] {logging_mixin.py:109} INFO - [2021-09-29 14:02:58,356] {dagbag.py:496} INFO - Filling up the DagBag from /home/airflow/.local/lib/python3.6/site-packages/airflow/example_dags/example_task_group.py
[2021-09-29 14:02:58,375] {processor.py:623} INFO - DAG(s) dict_keys(['example_task_group']) retrieved from /home/airflow/.local/lib/python3.6/site-packages/airflow/example_dags/example_task_group.py
[2021-09-29 14:02:58,404] {logging_mixin.py:109} INFO - [2021-09-29 14:02:58,404] {dag.py:1834} INFO - Sync 1 DAGs
[2021-09-29 14:02:58,421] {logging_mixin.py:109} INFO - [2021-09-29 14:02:58,421] {dag.py:2287} INFO - Setting next_dagrun for example_task_group to 2021-09-27 00:00:00+00:00
[2021-09-29 14:02:58,434] {processor.py:170} INFO - Processing /home/airflow/.local/lib/python3.6/site-packages/airflow/example_dags/example_task_group.py took 0.085 seconds
[2021-09-29 14:03:29,073] {processor.py:162} INFO - Started process (PID=962) to work on /home/airflow/.local/lib/python3.6/site-packages/airflow/example_dags/example_task_group.py
[2021-09-29 14:03:29,075] {processor.py:613} INFO - Processing file /home/airflow/.local/lib/python3.6/site-packages/airflow/example_dags/example_task_group.py for tasks to queue
[2021-09-29 14:03:29,077] {logging_mixin.py:109} INFO - [2021-09-29 14:03:29,077] {dagbag.py:496} INFO - Filling up the DagBag from /home/airflow/.local/lib/python3.6/site-packages/airflow/example_dags/example_task_group.py
[2021-09-29 14:03:29,131] {processor.py:623} INFO - DAG(s) dict_keys(['example_task_group']) retrieved from /home/airflow/.local/lib/python3.6/site-packages/airflow/example_dags/example_task_group.py
[2021-09-29 14:03:29,171] {logging_mixin.py:109} INFO - [2021-09-29 14:03:29,171] {dag.py:1834} INFO - Sync 1 DAGs
[2021-09-29 14:03:29,184] {logging_mixin.py:109} INFO - [2021-09-29 14:03:29,184] {dag.py:2287} INFO - Setting next_dagrun for example_task_group to 2021-09-27 00:00:00+00:00
[2021-09-29 14:03:29,194] {processor.py:170} INFO - Processing /home/airflow/.local/lib/python3.6/site-packages/airflow/example_dags/example_task_group.py took 0.125 seconds
[2021-09-29 14:03:59,450] {processor.py:162} INFO - Started process (PID=1190) to work on /home/airflow/.local/lib/python3.6/site-packages/airflow/example_dags/example_task_group.py
[2021-09-29 14:03:59,453] {processor.py:613} INFO - Processing file /home/airflow/.local/lib/python3.6/site-packages/airflow/example_dags/example_task_group.py for tasks to queue
[2021-09-29 14:03:59,456] {logging_mixin.py:109} INFO - [2021-09-29 14:03:59,456] {dagbag.py:496} INFO - Filling up the DagBag from /home/airflow/.local/lib/python3.6/site-packages/airflow/example_dags/example_task_group.py
[2021-09-29 14:03:59,476] {processor.py:623} INFO - DAG(s) dict_keys(['example_task_group']) retrieved from /home/airflow/.local/lib/python3.6/site-packages/airflow/example_dags/example_task_group.py
[2021-09-29 14:03:59,507] {logging_mixin.py:109} INFO - [2021-09-29 14:03:59,507] {dag.py:1834} INFO - Sync 1 DAGs
[2021-09-29 14:03:59,525] {logging_mixin.py:109} INFO - [2021-09-29 14:03:59,524] {dag.py:2287} INFO - Setting next_dagrun for example_task_group to 2021-09-27 00:00:00+00:00
[2021-09-29 14:03:59,537] {processor.py:170} INFO - Processing /home/airflow/.local/lib/python3.6/site-packages/airflow/example_dags/example_task_group.py took 0.092 seconds
[2021-09-29 14:04:30,317] {processor.py:162} INFO - Started process (PID=1410) to work on /home/airflow/.local/lib/python3.6/site-packages/airflow/example_dags/example_task_group.py
[2021-09-29 14:04:30,319] {processor.py:613} INFO - Processing file /home/airflow/.local/lib/python3.6/site-packages/airflow/example_dags/example_task_group.py for tasks to queue
[2021-09-29 14:04:30,321] {logging_mixin.py:109} INFO - [2021-09-29 14:04:30,321] {dagbag.py:496} INFO - Filling up the DagBag from /home/airflow/.local/lib/python3.6/site-packages/airflow/example_dags/example_task_group.py
[2021-09-29 14:04:30,340] {processor.py:623} INFO - DAG(s) dict_keys(['example_task_group']) retrieved from /home/airflow/.local/lib/python3.6/site-packages/airflow/example_dags/example_task_group.py
[2021-09-29 14:04:30,369] {logging_mixin.py:109} INFO - [2021-09-29 14:04:30,368] {dag.py:1834} INFO - Sync 1 DAGs
[2021-09-29 14:04:30,387] {logging_mixin.py:109} INFO - [2021-09-29 14:04:30,386] {dag.py:2287} INFO - Setting next_dagrun for example_task_group to 2021-09-27 00:00:00+00:00
[2021-09-29 14:04:30,400] {processor.py:170} INFO - Processing /home/airflow/.local/lib/python3.6/site-packages/airflow/example_dags/example_task_group.py took 0.088 seconds
[2021-09-29 14:05:00,943] {processor.py:162} INFO - Started process (PID=1620) to work on /home/airflow/.local/lib/python3.6/site-packages/airflow/example_dags/example_task_group.py
[2021-09-29 14:05:00,946] {processor.py:613} INFO - Processing file /home/airflow/.local/lib/python3.6/site-packages/airflow/example_dags/example_task_group.py for tasks to queue
[2021-09-29 14:05:00,948] {logging_mixin.py:109} INFO - [2021-09-29 14:05:00,948] {dagbag.py:496} INFO - Filling up the DagBag from /home/airflow/.local/lib/python3.6/site-packages/airflow/example_dags/example_task_group.py
[2021-09-29 14:05:00,971] {processor.py:623} INFO - DAG(s) dict_keys(['example_task_group']) retrieved from /home/airflow/.local/lib/python3.6/site-packages/airflow/example_dags/example_task_group.py
[2021-09-29 14:05:01,015] {logging_mixin.py:109} INFO - [2021-09-29 14:05:01,015] {dag.py:1834} INFO - Sync 1 DAGs
[2021-09-29 14:05:01,044] {logging_mixin.py:109} INFO - [2021-09-29 14:05:01,044] {dag.py:2287} INFO - Setting next_dagrun for example_task_group to 2021-09-27 00:00:00+00:00
[2021-09-29 14:05:01,058] {processor.py:170} INFO - Processing /home/airflow/.local/lib/python3.6/site-packages/airflow/example_dags/example_task_group.py took 0.119 seconds
[2021-09-29 14:05:31,244] {processor.py:162} INFO - Started process (PID=1821) to work on /home/airflow/.local/lib/python3.6/site-packages/airflow/example_dags/example_task_group.py
[2021-09-29 14:05:31,246] {processor.py:613} INFO - Processing file /home/airflow/.local/lib/python3.6/site-packages/airflow/example_dags/example_task_group.py for tasks to queue
[2021-09-29 14:05:31,247] {logging_mixin.py:109} INFO - [2021-09-29 14:05:31,247] {dagbag.py:496} INFO - Filling up the DagBag from /home/airflow/.local/lib/python3.6/site-packages/airflow/example_dags/example_task_group.py
[2021-09-29 14:05:31,260] {processor.py:623} INFO - DAG(s) dict_keys(['example_task_group']) retrieved from /home/airflow/.local/lib/python3.6/site-packages/airflow/example_dags/example_task_group.py
[2021-09-29 14:05:31,281] {logging_mixin.py:109} INFO - [2021-09-29 14:05:31,281] {dag.py:1834} INFO - Sync 1 DAGs
[2021-09-29 14:05:31,293] {logging_mixin.py:109} INFO - [2021-09-29 14:05:31,293] {dag.py:2287} INFO - Setting next_dagrun for example_task_group to 2021-09-27 00:00:00+00:00
[2021-09-29 14:05:31,303] {processor.py:170} INFO - Processing /home/airflow/.local/lib/python3.6/site-packages/airflow/example_dags/example_task_group.py took 0.062 seconds
[2021-09-29 14:06:02,021] {processor.py:162} INFO - Started process (PID=2056) to work on /home/airflow/.local/lib/python3.6/site-packages/airflow/example_dags/example_task_group.py
[2021-09-29 14:06:02,023] {processor.py:613} INFO - Processing file /home/airflow/.local/lib/python3.6/site-packages/airflow/example_dags/example_task_group.py for tasks to queue
[2021-09-29 14:06:02,025] {logging_mixin.py:109} INFO - [2021-09-29 14:06:02,025] {dagbag.py:496} INFO - Filling up the DagBag from /home/airflow/.local/lib/python3.6/site-packages/airflow/example_dags/example_task_group.py
[2021-09-29 14:06:02,042] {processor.py:623} INFO - DAG(s) dict_keys(['example_task_group']) retrieved from /home/airflow/.local/lib/python3.6/site-packages/airflow/example_dags/example_task_group.py
[2021-09-29 14:06:02,070] {logging_mixin.py:109} INFO - [2021-09-29 14:06:02,070] {dag.py:1834} INFO - Sync 1 DAGs
[2021-09-29 14:06:02,087] {logging_mixin.py:109} INFO - [2021-09-29 14:06:02,087] {dag.py:2287} INFO - Setting next_dagrun for example_task_group to 2021-09-27 00:00:00+00:00
[2021-09-29 14:06:02,100] {processor.py:170} INFO - Processing /home/airflow/.local/lib/python3.6/site-packages/airflow/example_dags/example_task_group.py took 0.083 seconds
[2021-09-29 14:06:32,533] {processor.py:162} INFO - Started process (PID=2249) to work on /home/airflow/.local/lib/python3.6/site-packages/airflow/example_dags/example_task_group.py
[2021-09-29 14:06:32,537] {processor.py:613} INFO - Processing file /home/airflow/.local/lib/python3.6/site-packages/airflow/example_dags/example_task_group.py for tasks to queue
[2021-09-29 14:06:32,539] {logging_mixin.py:109} INFO - [2021-09-29 14:06:32,539] {dagbag.py:496} INFO - Filling up the DagBag from /home/airflow/.local/lib/python3.6/site-packages/airflow/example_dags/example_task_group.py
[2021-09-29 14:06:32,559] {processor.py:623} INFO - DAG(s) dict_keys(['example_task_group']) retrieved from /home/airflow/.local/lib/python3.6/site-packages/airflow/example_dags/example_task_group.py
[2021-09-29 14:06:32,587] {logging_mixin.py:109} INFO - [2021-09-29 14:06:32,586] {dag.py:1834} INFO - Sync 1 DAGs
[2021-09-29 14:06:32,603] {logging_mixin.py:109} INFO - [2021-09-29 14:06:32,602] {dag.py:2287} INFO - Setting next_dagrun for example_task_group to 2021-09-27 00:00:00+00:00
[2021-09-29 14:06:32,615] {processor.py:170} INFO - Processing /home/airflow/.local/lib/python3.6/site-packages/airflow/example_dags/example_task_group.py took 0.087 seconds
[2021-09-29 14:07:03,080] {processor.py:162} INFO - Started process (PID=2444) to work on /home/airflow/.local/lib/python3.6/site-packages/airflow/example_dags/example_task_group.py
[2021-09-29 14:07:03,082] {processor.py:613} INFO - Processing file /home/airflow/.local/lib/python3.6/site-packages/airflow/example_dags/example_task_group.py for tasks to queue
[2021-09-29 14:07:03,083] {logging_mixin.py:109} INFO - [2021-09-29 14:07:03,083] {dagbag.py:496} INFO - Filling up the DagBag from /home/airflow/.local/lib/python3.6/site-packages/airflow/example_dags/example_task_group.py
[2021-09-29 14:07:03,100] {processor.py:623} INFO - DAG(s) dict_keys(['example_task_group']) retrieved from /home/airflow/.local/lib/python3.6/site-packages/airflow/example_dags/example_task_group.py
[2021-09-29 14:07:03,125] {logging_mixin.py:109} INFO - [2021-09-29 14:07:03,125] {dag.py:1834} INFO - Sync 1 DAGs
[2021-09-29 14:07:03,141] {logging_mixin.py:109} INFO - [2021-09-29 14:07:03,141] {dag.py:2287} INFO - Setting next_dagrun for example_task_group to 2021-09-27 00:00:00+00:00
[2021-09-29 14:07:03,154] {processor.py:170} INFO - Processing /home/airflow/.local/lib/python3.6/site-packages/airflow/example_dags/example_task_group.py took 0.078 seconds
[2021-09-29 14:07:33,326] {processor.py:162} INFO - Started process (PID=2643) to work on /home/airflow/.local/lib/python3.6/site-packages/airflow/example_dags/example_task_group.py
[2021-09-29 14:07:33,328] {processor.py:613} INFO - Processing file /home/airflow/.local/lib/python3.6/site-packages/airflow/example_dags/example_task_group.py for tasks to queue
[2021-09-29 14:07:33,329] {logging_mixin.py:109} INFO - [2021-09-29 14:07:33,329] {dagbag.py:496} INFO - Filling up the DagBag from /home/airflow/.local/lib/python3.6/site-packages/airflow/example_dags/example_task_group.py
[2021-09-29 14:07:33,345] {processor.py:623} INFO - DAG(s) dict_keys(['example_task_group']) retrieved from /home/airflow/.local/lib/python3.6/site-packages/airflow/example_dags/example_task_group.py
[2021-09-29 14:07:33,371] {logging_mixin.py:109} INFO - [2021-09-29 14:07:33,370] {dag.py:1834} INFO - Sync 1 DAGs
[2021-09-29 14:07:33,386] {logging_mixin.py:109} INFO - [2021-09-29 14:07:33,386] {dag.py:2287} INFO - Setting next_dagrun for example_task_group to 2021-09-27 00:00:00+00:00
[2021-09-29 14:07:33,398] {processor.py:170} INFO - Processing /home/airflow/.local/lib/python3.6/site-packages/airflow/example_dags/example_task_group.py took 0.076 seconds
[2021-09-29 14:08:03,779] {processor.py:162} INFO - Started process (PID=2836) to work on /home/airflow/.local/lib/python3.6/site-packages/airflow/example_dags/example_task_group.py
[2021-09-29 14:08:03,781] {processor.py:613} INFO - Processing file /home/airflow/.local/lib/python3.6/site-packages/airflow/example_dags/example_task_group.py for tasks to queue
[2021-09-29 14:08:03,783] {logging_mixin.py:109} INFO - [2021-09-29 14:08:03,783] {dagbag.py:496} INFO - Filling up the DagBag from /home/airflow/.local/lib/python3.6/site-packages/airflow/example_dags/example_task_group.py
[2021-09-29 14:08:03,803] {processor.py:623} INFO - DAG(s) dict_keys(['example_task_group']) retrieved from /home/airflow/.local/lib/python3.6/site-packages/airflow/example_dags/example_task_group.py
[2021-09-29 14:08:03,829] {logging_mixin.py:109} INFO - [2021-09-29 14:08:03,829] {dag.py:1834} INFO - Sync 1 DAGs
[2021-09-29 14:08:03,841] {logging_mixin.py:109} INFO - [2021-09-29 14:08:03,841] {dag.py:2287} INFO - Setting next_dagrun for example_task_group to 2021-09-27 00:00:00+00:00
[2021-09-29 14:08:03,852] {processor.py:170} INFO - Processing /home/airflow/.local/lib/python3.6/site-packages/airflow/example_dags/example_task_group.py took 0.076 seconds
[2021-09-29 14:08:34,034] {processor.py:162} INFO - Started process (PID=3035) to work on /home/airflow/.local/lib/python3.6/site-packages/airflow/example_dags/example_task_group.py
[2021-09-29 14:08:34,036] {processor.py:613} INFO - Processing file /home/airflow/.local/lib/python3.6/site-packages/airflow/example_dags/example_task_group.py for tasks to queue
[2021-09-29 14:08:34,038] {logging_mixin.py:109} INFO - [2021-09-29 14:08:34,037] {dagbag.py:496} INFO - Filling up the DagBag from /home/airflow/.local/lib/python3.6/site-packages/airflow/example_dags/example_task_group.py
[2021-09-29 14:08:34,055] {processor.py:623} INFO - DAG(s) dict_keys(['example_task_group']) retrieved from /home/airflow/.local/lib/python3.6/site-packages/airflow/example_dags/example_task_group.py
[2021-09-29 14:08:34,087] {logging_mixin.py:109} INFO - [2021-09-29 14:08:34,087] {dag.py:1834} INFO - Sync 1 DAGs
[2021-09-29 14:08:34,104] {logging_mixin.py:109} INFO - [2021-09-29 14:08:34,104] {dag.py:2287} INFO - Setting next_dagrun for example_task_group to 2021-09-27 00:00:00+00:00
[2021-09-29 14:08:34,123] {processor.py:170} INFO - Processing /home/airflow/.local/lib/python3.6/site-packages/airflow/example_dags/example_task_group.py took 0.093 seconds
[2021-09-29 14:09:05,124] {processor.py:162} INFO - Started process (PID=3237) to work on /home/airflow/.local/lib/python3.6/site-packages/airflow/example_dags/example_task_group.py
[2021-09-29 14:09:05,127] {processor.py:613} INFO - Processing file /home/airflow/.local/lib/python3.6/site-packages/airflow/example_dags/example_task_group.py for tasks to queue
[2021-09-29 14:09:05,128] {logging_mixin.py:109} INFO - [2021-09-29 14:09:05,128] {dagbag.py:496} INFO - Filling up the DagBag from /home/airflow/.local/lib/python3.6/site-packages/airflow/example_dags/example_task_group.py
[2021-09-29 14:09:05,142] {processor.py:623} INFO - DAG(s) dict_keys(['example_task_group']) retrieved from /home/airflow/.local/lib/python3.6/site-packages/airflow/example_dags/example_task_group.py
[2021-09-29 14:09:05,166] {logging_mixin.py:109} INFO - [2021-09-29 14:09:05,166] {dag.py:1834} INFO - Sync 1 DAGs
[2021-09-29 14:09:05,181] {logging_mixin.py:109} INFO - [2021-09-29 14:09:05,181] {dag.py:2287} INFO - Setting next_dagrun for example_task_group to 2021-09-27 00:00:00+00:00
[2021-09-29 14:09:05,192] {processor.py:170} INFO - Processing /home/airflow/.local/lib/python3.6/site-packages/airflow/example_dags/example_task_group.py took 0.071 seconds
[2021-09-29 14:09:35,926] {processor.py:162} INFO - Started process (PID=3433) to work on /home/airflow/.local/lib/python3.6/site-packages/airflow/example_dags/example_task_group.py
[2021-09-29 14:09:35,928] {processor.py:613} INFO - Processing file /home/airflow/.local/lib/python3.6/site-packages/airflow/example_dags/example_task_group.py for tasks to queue
[2021-09-29 14:09:35,930] {logging_mixin.py:109} INFO - [2021-09-29 14:09:35,929] {dagbag.py:496} INFO - Filling up the DagBag from /home/airflow/.local/lib/python3.6/site-packages/airflow/example_dags/example_task_group.py
[2021-09-29 14:09:35,948] {processor.py:623} INFO - DAG(s) dict_keys(['example_task_group']) retrieved from /home/airflow/.local/lib/python3.6/site-packages/airflow/example_dags/example_task_group.py
[2021-09-29 14:09:35,977] {logging_mixin.py:109} INFO - [2021-09-29 14:09:35,977] {dag.py:1834} INFO - Sync 1 DAGs
[2021-09-29 14:09:35,997] {logging_mixin.py:109} INFO - [2021-09-29 14:09:35,996] {dag.py:2287} INFO - Setting next_dagrun for example_task_group to 2021-09-27 00:00:00+00:00
[2021-09-29 14:09:36,011] {processor.py:170} INFO - Processing /home/airflow/.local/lib/python3.6/site-packages/airflow/example_dags/example_task_group.py took 0.090 seconds
[2021-09-29 14:10:06,068] {processor.py:162} INFO - Started process (PID=3636) to work on /home/airflow/.local/lib/python3.6/site-packages/airflow/example_dags/example_task_group.py
[2021-09-29 14:10:06,069] {processor.py:613} INFO - Processing file /home/airflow/.local/lib/python3.6/site-packages/airflow/example_dags/example_task_group.py for tasks to queue
[2021-09-29 14:10:06,070] {logging_mixin.py:109} INFO - [2021-09-29 14:10:06,070] {dagbag.py:496} INFO - Filling up the DagBag from /home/airflow/.local/lib/python3.6/site-packages/airflow/example_dags/example_task_group.py
[2021-09-29 14:10:06,084] {processor.py:623} INFO - DAG(s) dict_keys(['example_task_group']) retrieved from /home/airflow/.local/lib/python3.6/site-packages/airflow/example_dags/example_task_group.py
[2021-09-29 14:10:06,105] {logging_mixin.py:109} INFO - [2021-09-29 14:10:06,105] {dag.py:1834} INFO - Sync 1 DAGs
[2021-09-29 14:10:06,121] {logging_mixin.py:109} INFO - [2021-09-29 14:10:06,121] {dag.py:2287} INFO - Setting next_dagrun for example_task_group to 2021-09-27 00:00:00+00:00
[2021-09-29 14:10:06,134] {processor.py:170} INFO - Processing /home/airflow/.local/lib/python3.6/site-packages/airflow/example_dags/example_task_group.py took 0.070 seconds
[2021-09-29 14:10:36,420] {processor.py:162} INFO - Started process (PID=3822) to work on /home/airflow/.local/lib/python3.6/site-packages/airflow/example_dags/example_task_group.py
[2021-09-29 14:10:36,424] {processor.py:613} INFO - Processing file /home/airflow/.local/lib/python3.6/site-packages/airflow/example_dags/example_task_group.py for tasks to queue
[2021-09-29 14:10:36,426] {logging_mixin.py:109} INFO - [2021-09-29 14:10:36,426] {dagbag.py:496} INFO - Filling up the DagBag from /home/airflow/.local/lib/python3.6/site-packages/airflow/example_dags/example_task_group.py
[2021-09-29 14:10:36,445] {processor.py:623} INFO - DAG(s) dict_keys(['example_task_group']) retrieved from /home/airflow/.local/lib/python3.6/site-packages/airflow/example_dags/example_task_group.py
[2021-09-29 14:10:36,472] {logging_mixin.py:109} INFO - [2021-09-29 14:10:36,472] {dag.py:1834} INFO - Sync 1 DAGs
[2021-09-29 14:10:36,487] {logging_mixin.py:109} INFO - [2021-09-29 14:10:36,487] {dag.py:2287} INFO - Setting next_dagrun for example_task_group to 2021-09-27 00:00:00+00:00
[2021-09-29 14:10:36,499] {processor.py:170} INFO - Processing /home/airflow/.local/lib/python3.6/site-packages/airflow/example_dags/example_task_group.py took 0.087 seconds
[2021-09-29 14:11:06,866] {processor.py:162} INFO - Started process (PID=4019) to work on /home/airflow/.local/lib/python3.6/site-packages/airflow/example_dags/example_task_group.py
[2021-09-29 14:11:06,868] {processor.py:613} INFO - Processing file /home/airflow/.local/lib/python3.6/site-packages/airflow/example_dags/example_task_group.py for tasks to queue
[2021-09-29 14:11:06,869] {logging_mixin.py:109} INFO - [2021-09-29 14:11:06,869] {dagbag.py:496} INFO - Filling up the DagBag from /home/airflow/.local/lib/python3.6/site-packages/airflow/example_dags/example_task_group.py
[2021-09-29 14:11:06,887] {processor.py:623} INFO - DAG(s) dict_keys(['example_task_group']) retrieved from /home/airflow/.local/lib/python3.6/site-packages/airflow/example_dags/example_task_group.py
[2021-09-29 14:11:06,916] {logging_mixin.py:109} INFO - [2021-09-29 14:11:06,915] {dag.py:1834} INFO - Sync 1 DAGs
[2021-09-29 14:11:06,933] {logging_mixin.py:109} INFO - [2021-09-29 14:11:06,932] {dag.py:2287} INFO - Setting next_dagrun for example_task_group to 2021-09-27 00:00:00+00:00
[2021-09-29 14:11:06,945] {processor.py:170} INFO - Processing /home/airflow/.local/lib/python3.6/site-packages/airflow/example_dags/example_task_group.py took 0.083 seconds
[2021-09-29 14:11:37,491] {processor.py:162} INFO - Started process (PID=4214) to work on /home/airflow/.local/lib/python3.6/site-packages/airflow/example_dags/example_task_group.py
[2021-09-29 14:11:37,493] {processor.py:613} INFO - Processing file /home/airflow/.local/lib/python3.6/site-packages/airflow/example_dags/example_task_group.py for tasks to queue
[2021-09-29 14:11:37,494] {logging_mixin.py:109} INFO - [2021-09-29 14:11:37,494] {dagbag.py:496} INFO - Filling up the DagBag from /home/airflow/.local/lib/python3.6/site-packages/airflow/example_dags/example_task_group.py
[2021-09-29 14:11:37,515] {processor.py:623} INFO - DAG(s) dict_keys(['example_task_group']) retrieved from /home/airflow/.local/lib/python3.6/site-packages/airflow/example_dags/example_task_group.py
[2021-09-29 14:11:37,549] {logging_mixin.py:109} INFO - [2021-09-29 14:11:37,548] {dag.py:1834} INFO - Sync 1 DAGs
[2021-09-29 14:11:37,568] {logging_mixin.py:109} INFO - [2021-09-29 14:11:37,568] {dag.py:2287} INFO - Setting next_dagrun for example_task_group to 2021-09-27 00:00:00+00:00
[2021-09-29 14:11:37,581] {processor.py:170} INFO - Processing /home/airflow/.local/lib/python3.6/site-packages/airflow/example_dags/example_task_group.py took 0.094 seconds
[2021-09-29 14:12:08,077] {processor.py:162} INFO - Started process (PID=4413) to work on /home/airflow/.local/lib/python3.6/site-packages/airflow/example_dags/example_task_group.py
[2021-09-29 14:12:08,079] {processor.py:613} INFO - Processing file /home/airflow/.local/lib/python3.6/site-packages/airflow/example_dags/example_task_group.py for tasks to queue
[2021-09-29 14:12:08,080] {logging_mixin.py:109} INFO - [2021-09-29 14:12:08,080] {dagbag.py:496} INFO - Filling up the DagBag from /home/airflow/.local/lib/python3.6/site-packages/airflow/example_dags/example_task_group.py
[2021-09-29 14:12:08,096] {processor.py:623} INFO - DAG(s) dict_keys(['example_task_group']) retrieved from /home/airflow/.local/lib/python3.6/site-packages/airflow/example_dags/example_task_group.py
[2021-09-29 14:12:08,120] {logging_mixin.py:109} INFO - [2021-09-29 14:12:08,120] {dag.py:1834} INFO - Sync 1 DAGs
[2021-09-29 14:12:08,135] {logging_mixin.py:109} INFO - [2021-09-29 14:12:08,135] {dag.py:2287} INFO - Setting next_dagrun for example_task_group to 2021-09-27 00:00:00+00:00
[2021-09-29 14:12:08,147] {processor.py:170} INFO - Processing /home/airflow/.local/lib/python3.6/site-packages/airflow/example_dags/example_task_group.py took 0.075 seconds
[2021-09-29 14:12:38,652] {processor.py:162} INFO - Started process (PID=4625) to work on /home/airflow/.local/lib/python3.6/site-packages/airflow/example_dags/example_task_group.py
[2021-09-29 14:12:38,654] {processor.py:613} INFO - Processing file /home/airflow/.local/lib/python3.6/site-packages/airflow/example_dags/example_task_group.py for tasks to queue
[2021-09-29 14:12:38,656] {logging_mixin.py:109} INFO - [2021-09-29 14:12:38,656] {dagbag.py:496} INFO - Filling up the DagBag from /home/airflow/.local/lib/python3.6/site-packages/airflow/example_dags/example_task_group.py
[2021-09-29 14:12:38,680] {processor.py:623} INFO - DAG(s) dict_keys(['example_task_group']) retrieved from /home/airflow/.local/lib/python3.6/site-packages/airflow/example_dags/example_task_group.py
[2021-09-29 14:12:38,708] {logging_mixin.py:109} INFO - [2021-09-29 14:12:38,708] {dag.py:1834} INFO - Sync 1 DAGs
[2021-09-29 14:12:38,725] {logging_mixin.py:109} INFO - [2021-09-29 14:12:38,725] {dag.py:2287} INFO - Setting next_dagrun for example_task_group to 2021-09-27 00:00:00+00:00
[2021-09-29 14:12:38,738] {processor.py:170} INFO - Processing /home/airflow/.local/lib/python3.6/site-packages/airflow/example_dags/example_task_group.py took 0.091 seconds
[2021-09-29 14:13:08,792] {processor.py:162} INFO - Started process (PID=4826) to work on /home/airflow/.local/lib/python3.6/site-packages/airflow/example_dags/example_task_group.py
[2021-09-29 14:13:08,794] {processor.py:613} INFO - Processing file /home/airflow/.local/lib/python3.6/site-packages/airflow/example_dags/example_task_group.py for tasks to queue
[2021-09-29 14:13:08,796] {logging_mixin.py:109} INFO - [2021-09-29 14:13:08,796] {dagbag.py:496} INFO - Filling up the DagBag from /home/airflow/.local/lib/python3.6/site-packages/airflow/example_dags/example_task_group.py
[2021-09-29 14:13:08,815] {processor.py:623} INFO - DAG(s) dict_keys(['example_task_group']) retrieved from /home/airflow/.local/lib/python3.6/site-packages/airflow/example_dags/example_task_group.py
[2021-09-29 14:13:08,845] {logging_mixin.py:109} INFO - [2021-09-29 14:13:08,845] {dag.py:1834} INFO - Sync 1 DAGs
[2021-09-29 14:13:08,862] {logging_mixin.py:109} INFO - [2021-09-29 14:13:08,862] {dag.py:2287} INFO - Setting next_dagrun for example_task_group to 2021-09-27 00:00:00+00:00
[2021-09-29 14:13:08,876] {processor.py:170} INFO - Processing /home/airflow/.local/lib/python3.6/site-packages/airflow/example_dags/example_task_group.py took 0.089 seconds
[2021-09-29 14:13:39,339] {processor.py:162} INFO - Started process (PID=5018) to work on /home/airflow/.local/lib/python3.6/site-packages/airflow/example_dags/example_task_group.py
[2021-09-29 14:13:39,342] {processor.py:613} INFO - Processing file /home/airflow/.local/lib/python3.6/site-packages/airflow/example_dags/example_task_group.py for tasks to queue
[2021-09-29 14:13:39,344] {logging_mixin.py:109} INFO - [2021-09-29 14:13:39,343] {dagbag.py:496} INFO - Filling up the DagBag from /home/airflow/.local/lib/python3.6/site-packages/airflow/example_dags/example_task_group.py
[2021-09-29 14:13:39,361] {processor.py:623} INFO - DAG(s) dict_keys(['example_task_group']) retrieved from /home/airflow/.local/lib/python3.6/site-packages/airflow/example_dags/example_task_group.py
[2021-09-29 14:13:39,390] {logging_mixin.py:109} INFO - [2021-09-29 14:13:39,390] {dag.py:1834} INFO - Sync 1 DAGs
[2021-09-29 14:13:39,428] {logging_mixin.py:109} INFO - [2021-09-29 14:13:39,428] {dag.py:2287} INFO - Setting next_dagrun for example_task_group to 2021-09-27 00:00:00+00:00
[2021-09-29 14:13:39,443] {processor.py:170} INFO - Processing /home/airflow/.local/lib/python3.6/site-packages/airflow/example_dags/example_task_group.py took 0.109 seconds
[2021-09-29 14:14:09,956] {processor.py:162} INFO - Started process (PID=5240) to work on /home/airflow/.local/lib/python3.6/site-packages/airflow/example_dags/example_task_group.py
[2021-09-29 14:14:09,958] {processor.py:613} INFO - Processing file /home/airflow/.local/lib/python3.6/site-packages/airflow/example_dags/example_task_group.py for tasks to queue
[2021-09-29 14:14:09,960] {logging_mixin.py:109} INFO - [2021-09-29 14:14:09,960] {dagbag.py:496} INFO - Filling up the DagBag from /home/airflow/.local/lib/python3.6/site-packages/airflow/example_dags/example_task_group.py
[2021-09-29 14:14:09,978] {processor.py:623} INFO - DAG(s) dict_keys(['example_task_group']) retrieved from /home/airflow/.local/lib/python3.6/site-packages/airflow/example_dags/example_task_group.py
[2021-09-29 14:14:10,007] {logging_mixin.py:109} INFO - [2021-09-29 14:14:10,007] {dag.py:1834} INFO - Sync 1 DAGs
[2021-09-29 14:14:10,024] {logging_mixin.py:109} INFO - [2021-09-29 14:14:10,024] {dag.py:2287} INFO - Setting next_dagrun for example_task_group to 2021-09-27 00:00:00+00:00
[2021-09-29 14:14:10,036] {processor.py:170} INFO - Processing /home/airflow/.local/lib/python3.6/site-packages/airflow/example_dags/example_task_group.py took 0.085 seconds
[2021-09-29 14:14:40,261] {processor.py:162} INFO - Started process (PID=5430) to work on /home/airflow/.local/lib/python3.6/site-packages/airflow/example_dags/example_task_group.py
[2021-09-29 14:14:40,263] {processor.py:613} INFO - Processing file /home/airflow/.local/lib/python3.6/site-packages/airflow/example_dags/example_task_group.py for tasks to queue
[2021-09-29 14:14:40,265] {logging_mixin.py:109} INFO - [2021-09-29 14:14:40,265] {dagbag.py:496} INFO - Filling up the DagBag from /home/airflow/.local/lib/python3.6/site-packages/airflow/example_dags/example_task_group.py
[2021-09-29 14:14:40,282] {processor.py:623} INFO - DAG(s) dict_keys(['example_task_group']) retrieved from /home/airflow/.local/lib/python3.6/site-packages/airflow/example_dags/example_task_group.py
[2021-09-29 14:14:40,305] {logging_mixin.py:109} INFO - [2021-09-29 14:14:40,305] {dag.py:1834} INFO - Sync 1 DAGs
[2021-09-29 14:14:40,321] {logging_mixin.py:109} INFO - [2021-09-29 14:14:40,321] {dag.py:2287} INFO - Setting next_dagrun for example_task_group to 2021-09-27 00:00:00+00:00
[2021-09-29 14:14:40,333] {processor.py:170} INFO - Processing /home/airflow/.local/lib/python3.6/site-packages/airflow/example_dags/example_task_group.py took 0.075 seconds
[2021-09-29 14:15:10,663] {processor.py:162} INFO - Started process (PID=5634) to work on /home/airflow/.local/lib/python3.6/site-packages/airflow/example_dags/example_task_group.py
[2021-09-29 14:15:10,665] {processor.py:613} INFO - Processing file /home/airflow/.local/lib/python3.6/site-packages/airflow/example_dags/example_task_group.py for tasks to queue
[2021-09-29 14:15:10,666] {logging_mixin.py:109} INFO - [2021-09-29 14:15:10,666] {dagbag.py:496} INFO - Filling up the DagBag from /home/airflow/.local/lib/python3.6/site-packages/airflow/example_dags/example_task_group.py
[2021-09-29 14:15:10,685] {processor.py:623} INFO - DAG(s) dict_keys(['example_task_group']) retrieved from /home/airflow/.local/lib/python3.6/site-packages/airflow/example_dags/example_task_group.py
[2021-09-29 14:15:10,712] {logging_mixin.py:109} INFO - [2021-09-29 14:15:10,712] {dag.py:1834} INFO - Sync 1 DAGs
[2021-09-29 14:15:10,728] {logging_mixin.py:109} INFO - [2021-09-29 14:15:10,728] {dag.py:2287} INFO - Setting next_dagrun for example_task_group to 2021-09-27 00:00:00+00:00
[2021-09-29 14:15:10,742] {processor.py:170} INFO - Processing /home/airflow/.local/lib/python3.6/site-packages/airflow/example_dags/example_task_group.py took 0.084 seconds
[2021-09-29 14:15:41,269] {processor.py:162} INFO - Started process (PID=5851) to work on /home/airflow/.local/lib/python3.6/site-packages/airflow/example_dags/example_task_group.py
[2021-09-29 14:15:41,272] {processor.py:613} INFO - Processing file /home/airflow/.local/lib/python3.6/site-packages/airflow/example_dags/example_task_group.py for tasks to queue
[2021-09-29 14:15:41,273] {logging_mixin.py:109} INFO - [2021-09-29 14:15:41,273] {dagbag.py:496} INFO - Filling up the DagBag from /home/airflow/.local/lib/python3.6/site-packages/airflow/example_dags/example_task_group.py
[2021-09-29 14:15:41,294] {processor.py:623} INFO - DAG(s) dict_keys(['example_task_group']) retrieved from /home/airflow/.local/lib/python3.6/site-packages/airflow/example_dags/example_task_group.py
[2021-09-29 14:15:41,322] {logging_mixin.py:109} INFO - [2021-09-29 14:15:41,322] {dag.py:1834} INFO - Sync 1 DAGs
[2021-09-29 14:15:41,339] {logging_mixin.py:109} INFO - [2021-09-29 14:15:41,339] {dag.py:2287} INFO - Setting next_dagrun for example_task_group to 2021-09-27 00:00:00+00:00
[2021-09-29 14:15:41,352] {processor.py:170} INFO - Processing /home/airflow/.local/lib/python3.6/site-packages/airflow/example_dags/example_task_group.py took 0.087 seconds
[2021-09-29 14:16:12,209] {processor.py:162} INFO - Started process (PID=6043) to work on /home/airflow/.local/lib/python3.6/site-packages/airflow/example_dags/example_task_group.py
[2021-09-29 14:16:12,211] {processor.py:613} INFO - Processing file /home/airflow/.local/lib/python3.6/site-packages/airflow/example_dags/example_task_group.py for tasks to queue
[2021-09-29 14:16:12,213] {logging_mixin.py:109} INFO - [2021-09-29 14:16:12,213] {dagbag.py:496} INFO - Filling up the DagBag from /home/airflow/.local/lib/python3.6/site-packages/airflow/example_dags/example_task_group.py
[2021-09-29 14:16:12,231] {processor.py:623} INFO - DAG(s) dict_keys(['example_task_group']) retrieved from /home/airflow/.local/lib/python3.6/site-packages/airflow/example_dags/example_task_group.py
[2021-09-29 14:16:12,262] {logging_mixin.py:109} INFO - [2021-09-29 14:16:12,261] {dag.py:1834} INFO - Sync 1 DAGs
[2021-09-29 14:16:12,279] {logging_mixin.py:109} INFO - [2021-09-29 14:16:12,279] {dag.py:2287} INFO - Setting next_dagrun for example_task_group to 2021-09-27 00:00:00+00:00
[2021-09-29 14:16:12,292] {processor.py:170} INFO - Processing /home/airflow/.local/lib/python3.6/site-packages/airflow/example_dags/example_task_group.py took 0.087 seconds
[2021-09-29 14:16:42,736] {processor.py:162} INFO - Started process (PID=6249) to work on /home/airflow/.local/lib/python3.6/site-packages/airflow/example_dags/example_task_group.py
[2021-09-29 14:16:42,740] {processor.py:613} INFO - Processing file /home/airflow/.local/lib/python3.6/site-packages/airflow/example_dags/example_task_group.py for tasks to queue
[2021-09-29 14:16:42,742] {logging_mixin.py:109} INFO - [2021-09-29 14:16:42,742] {dagbag.py:496} INFO - Filling up the DagBag from /home/airflow/.local/lib/python3.6/site-packages/airflow/example_dags/example_task_group.py
[2021-09-29 14:16:42,769] {processor.py:623} INFO - DAG(s) dict_keys(['example_task_group']) retrieved from /home/airflow/.local/lib/python3.6/site-packages/airflow/example_dags/example_task_group.py
[2021-09-29 14:16:42,810] {logging_mixin.py:109} INFO - [2021-09-29 14:16:42,810] {dag.py:1834} INFO - Sync 1 DAGs
[2021-09-29 14:16:42,848] {logging_mixin.py:109} INFO - [2021-09-29 14:16:42,848] {dag.py:2287} INFO - Setting next_dagrun for example_task_group to 2021-09-27 00:00:00+00:00
[2021-09-29 14:16:42,862] {processor.py:170} INFO - Processing /home/airflow/.local/lib/python3.6/site-packages/airflow/example_dags/example_task_group.py took 0.129 seconds
[2021-09-29 14:17:13,906] {processor.py:162} INFO - Started process (PID=6452) to work on /home/airflow/.local/lib/python3.6/site-packages/airflow/example_dags/example_task_group.py
[2021-09-29 14:17:13,911] {processor.py:613} INFO - Processing file /home/airflow/.local/lib/python3.6/site-packages/airflow/example_dags/example_task_group.py for tasks to queue
[2021-09-29 14:17:13,913] {logging_mixin.py:109} INFO - [2021-09-29 14:17:13,913] {dagbag.py:496} INFO - Filling up the DagBag from /home/airflow/.local/lib/python3.6/site-packages/airflow/example_dags/example_task_group.py
[2021-09-29 14:17:13,939] {processor.py:623} INFO - DAG(s) dict_keys(['example_task_group']) retrieved from /home/airflow/.local/lib/python3.6/site-packages/airflow/example_dags/example_task_group.py
[2021-09-29 14:17:13,991] {logging_mixin.py:109} INFO - [2021-09-29 14:17:13,991] {dag.py:1834} INFO - Sync 1 DAGs
[2021-09-29 14:17:14,024] {logging_mixin.py:109} INFO - [2021-09-29 14:17:14,024] {dag.py:2287} INFO - Setting next_dagrun for example_task_group to 2021-09-27 00:00:00+00:00
[2021-09-29 14:17:14,050] {processor.py:170} INFO - Processing /home/airflow/.local/lib/python3.6/site-packages/airflow/example_dags/example_task_group.py took 0.156 seconds
[2021-09-29 14:17:45,010] {processor.py:162} INFO - Started process (PID=6657) to work on /home/airflow/.local/lib/python3.6/site-packages/airflow/example_dags/example_task_group.py
[2021-09-29 14:17:45,017] {processor.py:613} INFO - Processing file /home/airflow/.local/lib/python3.6/site-packages/airflow/example_dags/example_task_group.py for tasks to queue
[2021-09-29 14:17:45,018] {logging_mixin.py:109} INFO - [2021-09-29 14:17:45,018] {dagbag.py:496} INFO - Filling up the DagBag from /home/airflow/.local/lib/python3.6/site-packages/airflow/example_dags/example_task_group.py
[2021-09-29 14:17:45,036] {processor.py:623} INFO - DAG(s) dict_keys(['example_task_group']) retrieved from /home/airflow/.local/lib/python3.6/site-packages/airflow/example_dags/example_task_group.py
[2021-09-29 14:17:45,066] {logging_mixin.py:109} INFO - [2021-09-29 14:17:45,066] {dag.py:1834} INFO - Sync 1 DAGs
[2021-09-29 14:17:45,083] {logging_mixin.py:109} INFO - [2021-09-29 14:17:45,083] {dag.py:2287} INFO - Setting next_dagrun for example_task_group to 2021-09-27 00:00:00+00:00
[2021-09-29 14:17:45,096] {processor.py:170} INFO - Processing /home/airflow/.local/lib/python3.6/site-packages/airflow/example_dags/example_task_group.py took 0.091 seconds
[2021-09-29 14:18:15,436] {processor.py:162} INFO - Started process (PID=6862) to work on /home/airflow/.local/lib/python3.6/site-packages/airflow/example_dags/example_task_group.py
[2021-09-29 14:18:15,438] {processor.py:613} INFO - Processing file /home/airflow/.local/lib/python3.6/site-packages/airflow/example_dags/example_task_group.py for tasks to queue
[2021-09-29 14:18:15,439] {logging_mixin.py:109} INFO - [2021-09-29 14:18:15,439] {dagbag.py:496} INFO - Filling up the DagBag from /home/airflow/.local/lib/python3.6/site-packages/airflow/example_dags/example_task_group.py
[2021-09-29 14:18:15,457] {processor.py:623} INFO - DAG(s) dict_keys(['example_task_group']) retrieved from /home/airflow/.local/lib/python3.6/site-packages/airflow/example_dags/example_task_group.py
[2021-09-29 14:18:15,491] {logging_mixin.py:109} INFO - [2021-09-29 14:18:15,491] {dag.py:1834} INFO - Sync 1 DAGs
[2021-09-29 14:18:15,510] {logging_mixin.py:109} INFO - [2021-09-29 14:18:15,510] {dag.py:2287} INFO - Setting next_dagrun for example_task_group to 2021-09-27 00:00:00+00:00
[2021-09-29 14:18:15,523] {processor.py:170} INFO - Processing /home/airflow/.local/lib/python3.6/site-packages/airflow/example_dags/example_task_group.py took 0.091 seconds
[2021-09-29 14:18:45,634] {processor.py:162} INFO - Started process (PID=7057) to work on /home/airflow/.local/lib/python3.6/site-packages/airflow/example_dags/example_task_group.py
[2021-09-29 14:18:45,636] {processor.py:613} INFO - Processing file /home/airflow/.local/lib/python3.6/site-packages/airflow/example_dags/example_task_group.py for tasks to queue
[2021-09-29 14:18:45,638] {logging_mixin.py:109} INFO - [2021-09-29 14:18:45,638] {dagbag.py:496} INFO - Filling up the DagBag from /home/airflow/.local/lib/python3.6/site-packages/airflow/example_dags/example_task_group.py
[2021-09-29 14:18:45,652] {processor.py:623} INFO - DAG(s) dict_keys(['example_task_group']) retrieved from /home/airflow/.local/lib/python3.6/site-packages/airflow/example_dags/example_task_group.py
[2021-09-29 14:18:45,674] {logging_mixin.py:109} INFO - [2021-09-29 14:18:45,673] {dag.py:1834} INFO - Sync 1 DAGs
[2021-09-29 14:18:45,686] {logging_mixin.py:109} INFO - [2021-09-29 14:18:45,686] {dag.py:2287} INFO - Setting next_dagrun for example_task_group to 2021-09-27 00:00:00+00:00
[2021-09-29 14:18:45,695] {processor.py:170} INFO - Processing /home/airflow/.local/lib/python3.6/site-packages/airflow/example_dags/example_task_group.py took 0.065 seconds
[2021-09-29 14:19:15,944] {processor.py:162} INFO - Started process (PID=7256) to work on /home/airflow/.local/lib/python3.6/site-packages/airflow/example_dags/example_task_group.py
[2021-09-29 14:19:15,946] {processor.py:613} INFO - Processing file /home/airflow/.local/lib/python3.6/site-packages/airflow/example_dags/example_task_group.py for tasks to queue
[2021-09-29 14:19:15,948] {logging_mixin.py:109} INFO - [2021-09-29 14:19:15,948] {dagbag.py:496} INFO - Filling up the DagBag from /home/airflow/.local/lib/python3.6/site-packages/airflow/example_dags/example_task_group.py
[2021-09-29 14:19:15,971] {processor.py:623} INFO - DAG(s) dict_keys(['example_task_group']) retrieved from /home/airflow/.local/lib/python3.6/site-packages/airflow/example_dags/example_task_group.py
[2021-09-29 14:19:15,994] {logging_mixin.py:109} INFO - [2021-09-29 14:19:15,994] {dag.py:1834} INFO - Sync 1 DAGs
[2021-09-29 14:19:16,010] {logging_mixin.py:109} INFO - [2021-09-29 14:19:16,010] {dag.py:2287} INFO - Setting next_dagrun for example_task_group to 2021-09-27 00:00:00+00:00
[2021-09-29 14:19:16,026] {processor.py:170} INFO - Processing /home/airflow/.local/lib/python3.6/site-packages/airflow/example_dags/example_task_group.py took 0.086 seconds
