[2021-09-29 14:01:53,166] {processor.py:162} INFO - Started process (PID=275) to work on /home/airflow/.local/lib/python3.6/site-packages/airflow/example_dags/example_branch_day_of_week_operator.py
[2021-09-29 14:01:53,169] {processor.py:613} INFO - Processing file /home/airflow/.local/lib/python3.6/site-packages/airflow/example_dags/example_branch_day_of_week_operator.py for tasks to queue
[2021-09-29 14:01:53,171] {logging_mixin.py:109} INFO - [2021-09-29 14:01:53,171] {dagbag.py:496} INFO - Filling up the DagBag from /home/airflow/.local/lib/python3.6/site-packages/airflow/example_dags/example_branch_day_of_week_operator.py
[2021-09-29 14:01:53,188] {processor.py:623} INFO - DAG(s) dict_keys(['example_weekday_branch_operator']) retrieved from /home/airflow/.local/lib/python3.6/site-packages/airflow/example_dags/example_branch_day_of_week_operator.py
[2021-09-29 14:01:53,445] {logging_mixin.py:109} INFO - [2021-09-29 14:01:53,444] {dag.py:1834} INFO - Sync 1 DAGs
[2021-09-29 14:01:53,466] {logging_mixin.py:109} INFO - [2021-09-29 14:01:53,466] {dag.py:2287} INFO - Setting next_dagrun for example_weekday_branch_operator to 2021-09-27 00:00:00+00:00
[2021-09-29 14:01:53,486] {processor.py:170} INFO - Processing /home/airflow/.local/lib/python3.6/site-packages/airflow/example_dags/example_branch_day_of_week_operator.py took 0.324 seconds
[2021-09-29 14:02:24,274] {processor.py:162} INFO - Started process (PID=461) to work on /home/airflow/.local/lib/python3.6/site-packages/airflow/example_dags/example_branch_day_of_week_operator.py
[2021-09-29 14:02:24,278] {processor.py:613} INFO - Processing file /home/airflow/.local/lib/python3.6/site-packages/airflow/example_dags/example_branch_day_of_week_operator.py for tasks to queue
[2021-09-29 14:02:24,280] {logging_mixin.py:109} INFO - [2021-09-29 14:02:24,280] {dagbag.py:496} INFO - Filling up the DagBag from /home/airflow/.local/lib/python3.6/site-packages/airflow/example_dags/example_branch_day_of_week_operator.py
[2021-09-29 14:02:24,301] {processor.py:623} INFO - DAG(s) dict_keys(['example_weekday_branch_operator']) retrieved from /home/airflow/.local/lib/python3.6/site-packages/airflow/example_dags/example_branch_day_of_week_operator.py
[2021-09-29 14:02:24,328] {logging_mixin.py:109} INFO - [2021-09-29 14:02:24,328] {dag.py:1834} INFO - Sync 1 DAGs
[2021-09-29 14:02:24,349] {logging_mixin.py:109} INFO - [2021-09-29 14:02:24,348] {dag.py:2287} INFO - Setting next_dagrun for example_weekday_branch_operator to 2021-09-27 00:00:00+00:00
[2021-09-29 14:02:24,361] {processor.py:170} INFO - Processing /home/airflow/.local/lib/python3.6/site-packages/airflow/example_dags/example_branch_day_of_week_operator.py took 0.092 seconds
[2021-09-29 14:02:55,363] {processor.py:162} INFO - Started process (PID=658) to work on /home/airflow/.local/lib/python3.6/site-packages/airflow/example_dags/example_branch_day_of_week_operator.py
[2021-09-29 14:02:55,366] {processor.py:613} INFO - Processing file /home/airflow/.local/lib/python3.6/site-packages/airflow/example_dags/example_branch_day_of_week_operator.py for tasks to queue
[2021-09-29 14:02:55,368] {logging_mixin.py:109} INFO - [2021-09-29 14:02:55,368] {dagbag.py:496} INFO - Filling up the DagBag from /home/airflow/.local/lib/python3.6/site-packages/airflow/example_dags/example_branch_day_of_week_operator.py
[2021-09-29 14:02:55,384] {processor.py:623} INFO - DAG(s) dict_keys(['example_weekday_branch_operator']) retrieved from /home/airflow/.local/lib/python3.6/site-packages/airflow/example_dags/example_branch_day_of_week_operator.py
[2021-09-29 14:02:55,410] {logging_mixin.py:109} INFO - [2021-09-29 14:02:55,410] {dag.py:1834} INFO - Sync 1 DAGs
[2021-09-29 14:02:55,428] {logging_mixin.py:109} INFO - [2021-09-29 14:02:55,428] {dag.py:2287} INFO - Setting next_dagrun for example_weekday_branch_operator to 2021-09-27 00:00:00+00:00
[2021-09-29 14:02:55,440] {processor.py:170} INFO - Processing /home/airflow/.local/lib/python3.6/site-packages/airflow/example_dags/example_branch_day_of_week_operator.py took 0.081 seconds
[2021-09-29 14:03:25,897] {processor.py:162} INFO - Started process (PID=870) to work on /home/airflow/.local/lib/python3.6/site-packages/airflow/example_dags/example_branch_day_of_week_operator.py
[2021-09-29 14:03:25,899] {processor.py:613} INFO - Processing file /home/airflow/.local/lib/python3.6/site-packages/airflow/example_dags/example_branch_day_of_week_operator.py for tasks to queue
[2021-09-29 14:03:25,900] {logging_mixin.py:109} INFO - [2021-09-29 14:03:25,900] {dagbag.py:496} INFO - Filling up the DagBag from /home/airflow/.local/lib/python3.6/site-packages/airflow/example_dags/example_branch_day_of_week_operator.py
[2021-09-29 14:03:25,915] {processor.py:623} INFO - DAG(s) dict_keys(['example_weekday_branch_operator']) retrieved from /home/airflow/.local/lib/python3.6/site-packages/airflow/example_dags/example_branch_day_of_week_operator.py
[2021-09-29 14:03:25,942] {logging_mixin.py:109} INFO - [2021-09-29 14:03:25,942] {dag.py:1834} INFO - Sync 1 DAGs
[2021-09-29 14:03:25,962] {logging_mixin.py:109} INFO - [2021-09-29 14:03:25,962] {dag.py:2287} INFO - Setting next_dagrun for example_weekday_branch_operator to 2021-09-27 00:00:00+00:00
[2021-09-29 14:03:25,976] {processor.py:170} INFO - Processing /home/airflow/.local/lib/python3.6/site-packages/airflow/example_dags/example_branch_day_of_week_operator.py took 0.083 seconds
[2021-09-29 14:03:56,395] {processor.py:162} INFO - Started process (PID=1108) to work on /home/airflow/.local/lib/python3.6/site-packages/airflow/example_dags/example_branch_day_of_week_operator.py
[2021-09-29 14:03:56,397] {processor.py:613} INFO - Processing file /home/airflow/.local/lib/python3.6/site-packages/airflow/example_dags/example_branch_day_of_week_operator.py for tasks to queue
[2021-09-29 14:03:56,398] {logging_mixin.py:109} INFO - [2021-09-29 14:03:56,398] {dagbag.py:496} INFO - Filling up the DagBag from /home/airflow/.local/lib/python3.6/site-packages/airflow/example_dags/example_branch_day_of_week_operator.py
[2021-09-29 14:03:56,414] {processor.py:623} INFO - DAG(s) dict_keys(['example_weekday_branch_operator']) retrieved from /home/airflow/.local/lib/python3.6/site-packages/airflow/example_dags/example_branch_day_of_week_operator.py
[2021-09-29 14:03:56,441] {logging_mixin.py:109} INFO - [2021-09-29 14:03:56,441] {dag.py:1834} INFO - Sync 1 DAGs
[2021-09-29 14:03:56,461] {logging_mixin.py:109} INFO - [2021-09-29 14:03:56,460] {dag.py:2287} INFO - Setting next_dagrun for example_weekday_branch_operator to 2021-09-27 00:00:00+00:00
[2021-09-29 14:03:56,473] {processor.py:170} INFO - Processing /home/airflow/.local/lib/python3.6/site-packages/airflow/example_dags/example_branch_day_of_week_operator.py took 0.082 seconds
[2021-09-29 14:04:27,246] {processor.py:162} INFO - Started process (PID=1335) to work on /home/airflow/.local/lib/python3.6/site-packages/airflow/example_dags/example_branch_day_of_week_operator.py
[2021-09-29 14:04:27,249] {processor.py:613} INFO - Processing file /home/airflow/.local/lib/python3.6/site-packages/airflow/example_dags/example_branch_day_of_week_operator.py for tasks to queue
[2021-09-29 14:04:27,251] {logging_mixin.py:109} INFO - [2021-09-29 14:04:27,251] {dagbag.py:496} INFO - Filling up the DagBag from /home/airflow/.local/lib/python3.6/site-packages/airflow/example_dags/example_branch_day_of_week_operator.py
[2021-09-29 14:04:27,267] {processor.py:623} INFO - DAG(s) dict_keys(['example_weekday_branch_operator']) retrieved from /home/airflow/.local/lib/python3.6/site-packages/airflow/example_dags/example_branch_day_of_week_operator.py
[2021-09-29 14:04:27,292] {logging_mixin.py:109} INFO - [2021-09-29 14:04:27,292] {dag.py:1834} INFO - Sync 1 DAGs
[2021-09-29 14:04:27,311] {logging_mixin.py:109} INFO - [2021-09-29 14:04:27,311] {dag.py:2287} INFO - Setting next_dagrun for example_weekday_branch_operator to 2021-09-27 00:00:00+00:00
[2021-09-29 14:04:27,321] {processor.py:170} INFO - Processing /home/airflow/.local/lib/python3.6/site-packages/airflow/example_dags/example_branch_day_of_week_operator.py took 0.079 seconds
[2021-09-29 14:04:57,538] {processor.py:162} INFO - Started process (PID=1522) to work on /home/airflow/.local/lib/python3.6/site-packages/airflow/example_dags/example_branch_day_of_week_operator.py
[2021-09-29 14:04:57,540] {processor.py:613} INFO - Processing file /home/airflow/.local/lib/python3.6/site-packages/airflow/example_dags/example_branch_day_of_week_operator.py for tasks to queue
[2021-09-29 14:04:57,541] {logging_mixin.py:109} INFO - [2021-09-29 14:04:57,541] {dagbag.py:496} INFO - Filling up the DagBag from /home/airflow/.local/lib/python3.6/site-packages/airflow/example_dags/example_branch_day_of_week_operator.py
[2021-09-29 14:04:57,558] {processor.py:623} INFO - DAG(s) dict_keys(['example_weekday_branch_operator']) retrieved from /home/airflow/.local/lib/python3.6/site-packages/airflow/example_dags/example_branch_day_of_week_operator.py
[2021-09-29 14:04:57,587] {logging_mixin.py:109} INFO - [2021-09-29 14:04:57,586] {dag.py:1834} INFO - Sync 1 DAGs
[2021-09-29 14:04:57,608] {logging_mixin.py:109} INFO - [2021-09-29 14:04:57,608] {dag.py:2287} INFO - Setting next_dagrun for example_weekday_branch_operator to 2021-09-27 00:00:00+00:00
[2021-09-29 14:04:57,622] {processor.py:170} INFO - Processing /home/airflow/.local/lib/python3.6/site-packages/airflow/example_dags/example_branch_day_of_week_operator.py took 0.089 seconds
[2021-09-29 14:05:28,107] {processor.py:162} INFO - Started process (PID=1741) to work on /home/airflow/.local/lib/python3.6/site-packages/airflow/example_dags/example_branch_day_of_week_operator.py
[2021-09-29 14:05:28,109] {processor.py:613} INFO - Processing file /home/airflow/.local/lib/python3.6/site-packages/airflow/example_dags/example_branch_day_of_week_operator.py for tasks to queue
[2021-09-29 14:05:28,113] {logging_mixin.py:109} INFO - [2021-09-29 14:05:28,112] {dagbag.py:496} INFO - Filling up the DagBag from /home/airflow/.local/lib/python3.6/site-packages/airflow/example_dags/example_branch_day_of_week_operator.py
[2021-09-29 14:05:28,130] {processor.py:623} INFO - DAG(s) dict_keys(['example_weekday_branch_operator']) retrieved from /home/airflow/.local/lib/python3.6/site-packages/airflow/example_dags/example_branch_day_of_week_operator.py
[2021-09-29 14:05:28,157] {logging_mixin.py:109} INFO - [2021-09-29 14:05:28,157] {dag.py:1834} INFO - Sync 1 DAGs
[2021-09-29 14:05:28,179] {logging_mixin.py:109} INFO - [2021-09-29 14:05:28,179] {dag.py:2287} INFO - Setting next_dagrun for example_weekday_branch_operator to 2021-09-27 00:00:00+00:00
[2021-09-29 14:05:28,191] {processor.py:170} INFO - Processing /home/airflow/.local/lib/python3.6/site-packages/airflow/example_dags/example_branch_day_of_week_operator.py took 0.088 seconds
[2021-09-29 14:05:58,914] {processor.py:162} INFO - Started process (PID=1978) to work on /home/airflow/.local/lib/python3.6/site-packages/airflow/example_dags/example_branch_day_of_week_operator.py
[2021-09-29 14:05:58,916] {processor.py:613} INFO - Processing file /home/airflow/.local/lib/python3.6/site-packages/airflow/example_dags/example_branch_day_of_week_operator.py for tasks to queue
[2021-09-29 14:05:58,918] {logging_mixin.py:109} INFO - [2021-09-29 14:05:58,918] {dagbag.py:496} INFO - Filling up the DagBag from /home/airflow/.local/lib/python3.6/site-packages/airflow/example_dags/example_branch_day_of_week_operator.py
[2021-09-29 14:05:58,936] {processor.py:623} INFO - DAG(s) dict_keys(['example_weekday_branch_operator']) retrieved from /home/airflow/.local/lib/python3.6/site-packages/airflow/example_dags/example_branch_day_of_week_operator.py
[2021-09-29 14:05:58,969] {logging_mixin.py:109} INFO - [2021-09-29 14:05:58,969] {dag.py:1834} INFO - Sync 1 DAGs
[2021-09-29 14:05:58,994] {logging_mixin.py:109} INFO - [2021-09-29 14:05:58,994] {dag.py:2287} INFO - Setting next_dagrun for example_weekday_branch_operator to 2021-09-27 00:00:00+00:00
[2021-09-29 14:05:59,010] {processor.py:170} INFO - Processing /home/airflow/.local/lib/python3.6/site-packages/airflow/example_dags/example_branch_day_of_week_operator.py took 0.100 seconds
[2021-09-29 14:06:29,526] {processor.py:162} INFO - Started process (PID=2164) to work on /home/airflow/.local/lib/python3.6/site-packages/airflow/example_dags/example_branch_day_of_week_operator.py
[2021-09-29 14:06:29,528] {processor.py:613} INFO - Processing file /home/airflow/.local/lib/python3.6/site-packages/airflow/example_dags/example_branch_day_of_week_operator.py for tasks to queue
[2021-09-29 14:06:29,530] {logging_mixin.py:109} INFO - [2021-09-29 14:06:29,530] {dagbag.py:496} INFO - Filling up the DagBag from /home/airflow/.local/lib/python3.6/site-packages/airflow/example_dags/example_branch_day_of_week_operator.py
[2021-09-29 14:06:29,544] {processor.py:623} INFO - DAG(s) dict_keys(['example_weekday_branch_operator']) retrieved from /home/airflow/.local/lib/python3.6/site-packages/airflow/example_dags/example_branch_day_of_week_operator.py
[2021-09-29 14:06:29,575] {logging_mixin.py:109} INFO - [2021-09-29 14:06:29,574] {dag.py:1834} INFO - Sync 1 DAGs
[2021-09-29 14:06:29,595] {logging_mixin.py:109} INFO - [2021-09-29 14:06:29,595] {dag.py:2287} INFO - Setting next_dagrun for example_weekday_branch_operator to 2021-09-27 00:00:00+00:00
[2021-09-29 14:06:29,609] {processor.py:170} INFO - Processing /home/airflow/.local/lib/python3.6/site-packages/airflow/example_dags/example_branch_day_of_week_operator.py took 0.087 seconds
[2021-09-29 14:06:59,886] {processor.py:162} INFO - Started process (PID=2363) to work on /home/airflow/.local/lib/python3.6/site-packages/airflow/example_dags/example_branch_day_of_week_operator.py
[2021-09-29 14:06:59,888] {processor.py:613} INFO - Processing file /home/airflow/.local/lib/python3.6/site-packages/airflow/example_dags/example_branch_day_of_week_operator.py for tasks to queue
[2021-09-29 14:06:59,889] {logging_mixin.py:109} INFO - [2021-09-29 14:06:59,889] {dagbag.py:496} INFO - Filling up the DagBag from /home/airflow/.local/lib/python3.6/site-packages/airflow/example_dags/example_branch_day_of_week_operator.py
[2021-09-29 14:06:59,903] {processor.py:623} INFO - DAG(s) dict_keys(['example_weekday_branch_operator']) retrieved from /home/airflow/.local/lib/python3.6/site-packages/airflow/example_dags/example_branch_day_of_week_operator.py
[2021-09-29 14:06:59,930] {logging_mixin.py:109} INFO - [2021-09-29 14:06:59,930] {dag.py:1834} INFO - Sync 1 DAGs
[2021-09-29 14:06:59,949] {logging_mixin.py:109} INFO - [2021-09-29 14:06:59,949] {dag.py:2287} INFO - Setting next_dagrun for example_weekday_branch_operator to 2021-09-27 00:00:00+00:00
[2021-09-29 14:06:59,964] {processor.py:170} INFO - Processing /home/airflow/.local/lib/python3.6/site-packages/airflow/example_dags/example_branch_day_of_week_operator.py took 0.082 seconds
[2021-09-29 14:07:30,297] {processor.py:162} INFO - Started process (PID=2555) to work on /home/airflow/.local/lib/python3.6/site-packages/airflow/example_dags/example_branch_day_of_week_operator.py
[2021-09-29 14:07:30,300] {processor.py:613} INFO - Processing file /home/airflow/.local/lib/python3.6/site-packages/airflow/example_dags/example_branch_day_of_week_operator.py for tasks to queue
[2021-09-29 14:07:30,302] {logging_mixin.py:109} INFO - [2021-09-29 14:07:30,302] {dagbag.py:496} INFO - Filling up the DagBag from /home/airflow/.local/lib/python3.6/site-packages/airflow/example_dags/example_branch_day_of_week_operator.py
[2021-09-29 14:07:30,320] {processor.py:623} INFO - DAG(s) dict_keys(['example_weekday_branch_operator']) retrieved from /home/airflow/.local/lib/python3.6/site-packages/airflow/example_dags/example_branch_day_of_week_operator.py
[2021-09-29 14:07:30,352] {logging_mixin.py:109} INFO - [2021-09-29 14:07:30,351] {dag.py:1834} INFO - Sync 1 DAGs
[2021-09-29 14:07:30,375] {logging_mixin.py:109} INFO - [2021-09-29 14:07:30,374] {dag.py:2287} INFO - Setting next_dagrun for example_weekday_branch_operator to 2021-09-27 00:00:00+00:00
[2021-09-29 14:07:30,393] {processor.py:170} INFO - Processing /home/airflow/.local/lib/python3.6/site-packages/airflow/example_dags/example_branch_day_of_week_operator.py took 0.103 seconds
[2021-09-29 14:08:00,709] {processor.py:162} INFO - Started process (PID=2755) to work on /home/airflow/.local/lib/python3.6/site-packages/airflow/example_dags/example_branch_day_of_week_operator.py
[2021-09-29 14:08:00,711] {processor.py:613} INFO - Processing file /home/airflow/.local/lib/python3.6/site-packages/airflow/example_dags/example_branch_day_of_week_operator.py for tasks to queue
[2021-09-29 14:08:00,713] {logging_mixin.py:109} INFO - [2021-09-29 14:08:00,713] {dagbag.py:496} INFO - Filling up the DagBag from /home/airflow/.local/lib/python3.6/site-packages/airflow/example_dags/example_branch_day_of_week_operator.py
[2021-09-29 14:08:00,731] {processor.py:623} INFO - DAG(s) dict_keys(['example_weekday_branch_operator']) retrieved from /home/airflow/.local/lib/python3.6/site-packages/airflow/example_dags/example_branch_day_of_week_operator.py
[2021-09-29 14:08:00,765] {logging_mixin.py:109} INFO - [2021-09-29 14:08:00,765] {dag.py:1834} INFO - Sync 1 DAGs
[2021-09-29 14:08:00,788] {logging_mixin.py:109} INFO - [2021-09-29 14:08:00,788] {dag.py:2287} INFO - Setting next_dagrun for example_weekday_branch_operator to 2021-09-27 00:00:00+00:00
[2021-09-29 14:08:00,801] {processor.py:170} INFO - Processing /home/airflow/.local/lib/python3.6/site-packages/airflow/example_dags/example_branch_day_of_week_operator.py took 0.097 seconds
[2021-09-29 14:08:31,144] {processor.py:162} INFO - Started process (PID=2964) to work on /home/airflow/.local/lib/python3.6/site-packages/airflow/example_dags/example_branch_day_of_week_operator.py
[2021-09-29 14:08:31,146] {processor.py:613} INFO - Processing file /home/airflow/.local/lib/python3.6/site-packages/airflow/example_dags/example_branch_day_of_week_operator.py for tasks to queue
[2021-09-29 14:08:31,148] {logging_mixin.py:109} INFO - [2021-09-29 14:08:31,148] {dagbag.py:496} INFO - Filling up the DagBag from /home/airflow/.local/lib/python3.6/site-packages/airflow/example_dags/example_branch_day_of_week_operator.py
[2021-09-29 14:08:31,164] {processor.py:623} INFO - DAG(s) dict_keys(['example_weekday_branch_operator']) retrieved from /home/airflow/.local/lib/python3.6/site-packages/airflow/example_dags/example_branch_day_of_week_operator.py
[2021-09-29 14:08:31,191] {logging_mixin.py:109} INFO - [2021-09-29 14:08:31,191] {dag.py:1834} INFO - Sync 1 DAGs
[2021-09-29 14:08:31,212] {logging_mixin.py:109} INFO - [2021-09-29 14:08:31,212] {dag.py:2287} INFO - Setting next_dagrun for example_weekday_branch_operator to 2021-09-27 00:00:00+00:00
[2021-09-29 14:08:31,225] {processor.py:170} INFO - Processing /home/airflow/.local/lib/python3.6/site-packages/airflow/example_dags/example_branch_day_of_week_operator.py took 0.085 seconds
[2021-09-29 14:09:02,103] {processor.py:162} INFO - Started process (PID=3151) to work on /home/airflow/.local/lib/python3.6/site-packages/airflow/example_dags/example_branch_day_of_week_operator.py
[2021-09-29 14:09:02,106] {processor.py:613} INFO - Processing file /home/airflow/.local/lib/python3.6/site-packages/airflow/example_dags/example_branch_day_of_week_operator.py for tasks to queue
[2021-09-29 14:09:02,107] {logging_mixin.py:109} INFO - [2021-09-29 14:09:02,107] {dagbag.py:496} INFO - Filling up the DagBag from /home/airflow/.local/lib/python3.6/site-packages/airflow/example_dags/example_branch_day_of_week_operator.py
[2021-09-29 14:09:02,123] {processor.py:623} INFO - DAG(s) dict_keys(['example_weekday_branch_operator']) retrieved from /home/airflow/.local/lib/python3.6/site-packages/airflow/example_dags/example_branch_day_of_week_operator.py
[2021-09-29 14:09:02,150] {logging_mixin.py:109} INFO - [2021-09-29 14:09:02,150] {dag.py:1834} INFO - Sync 1 DAGs
[2021-09-29 14:09:02,170] {logging_mixin.py:109} INFO - [2021-09-29 14:09:02,170] {dag.py:2287} INFO - Setting next_dagrun for example_weekday_branch_operator to 2021-09-27 00:00:00+00:00
[2021-09-29 14:09:02,182] {processor.py:170} INFO - Processing /home/airflow/.local/lib/python3.6/site-packages/airflow/example_dags/example_branch_day_of_week_operator.py took 0.084 seconds
[2021-09-29 14:09:32,865] {processor.py:162} INFO - Started process (PID=3361) to work on /home/airflow/.local/lib/python3.6/site-packages/airflow/example_dags/example_branch_day_of_week_operator.py
[2021-09-29 14:09:32,867] {processor.py:613} INFO - Processing file /home/airflow/.local/lib/python3.6/site-packages/airflow/example_dags/example_branch_day_of_week_operator.py for tasks to queue
[2021-09-29 14:09:32,869] {logging_mixin.py:109} INFO - [2021-09-29 14:09:32,869] {dagbag.py:496} INFO - Filling up the DagBag from /home/airflow/.local/lib/python3.6/site-packages/airflow/example_dags/example_branch_day_of_week_operator.py
[2021-09-29 14:09:32,885] {processor.py:623} INFO - DAG(s) dict_keys(['example_weekday_branch_operator']) retrieved from /home/airflow/.local/lib/python3.6/site-packages/airflow/example_dags/example_branch_day_of_week_operator.py
[2021-09-29 14:09:32,910] {logging_mixin.py:109} INFO - [2021-09-29 14:09:32,910] {dag.py:1834} INFO - Sync 1 DAGs
[2021-09-29 14:09:32,929] {logging_mixin.py:109} INFO - [2021-09-29 14:09:32,929] {dag.py:2287} INFO - Setting next_dagrun for example_weekday_branch_operator to 2021-09-27 00:00:00+00:00
[2021-09-29 14:09:32,940] {processor.py:170} INFO - Processing /home/airflow/.local/lib/python3.6/site-packages/airflow/example_dags/example_branch_day_of_week_operator.py took 0.080 seconds
[2021-09-29 14:10:03,234] {processor.py:162} INFO - Started process (PID=3562) to work on /home/airflow/.local/lib/python3.6/site-packages/airflow/example_dags/example_branch_day_of_week_operator.py
[2021-09-29 14:10:03,236] {processor.py:613} INFO - Processing file /home/airflow/.local/lib/python3.6/site-packages/airflow/example_dags/example_branch_day_of_week_operator.py for tasks to queue
[2021-09-29 14:10:03,238] {logging_mixin.py:109} INFO - [2021-09-29 14:10:03,238] {dagbag.py:496} INFO - Filling up the DagBag from /home/airflow/.local/lib/python3.6/site-packages/airflow/example_dags/example_branch_day_of_week_operator.py
[2021-09-29 14:10:03,255] {processor.py:623} INFO - DAG(s) dict_keys(['example_weekday_branch_operator']) retrieved from /home/airflow/.local/lib/python3.6/site-packages/airflow/example_dags/example_branch_day_of_week_operator.py
[2021-09-29 14:10:03,287] {logging_mixin.py:109} INFO - [2021-09-29 14:10:03,287] {dag.py:1834} INFO - Sync 1 DAGs
[2021-09-29 14:10:03,308] {logging_mixin.py:109} INFO - [2021-09-29 14:10:03,308] {dag.py:2287} INFO - Setting next_dagrun for example_weekday_branch_operator to 2021-09-27 00:00:00+00:00
[2021-09-29 14:10:03,320] {processor.py:170} INFO - Processing /home/airflow/.local/lib/python3.6/site-packages/airflow/example_dags/example_branch_day_of_week_operator.py took 0.091 seconds
[2021-09-29 14:10:33,455] {processor.py:162} INFO - Started process (PID=3747) to work on /home/airflow/.local/lib/python3.6/site-packages/airflow/example_dags/example_branch_day_of_week_operator.py
[2021-09-29 14:10:33,457] {processor.py:613} INFO - Processing file /home/airflow/.local/lib/python3.6/site-packages/airflow/example_dags/example_branch_day_of_week_operator.py for tasks to queue
[2021-09-29 14:10:33,459] {logging_mixin.py:109} INFO - [2021-09-29 14:10:33,459] {dagbag.py:496} INFO - Filling up the DagBag from /home/airflow/.local/lib/python3.6/site-packages/airflow/example_dags/example_branch_day_of_week_operator.py
[2021-09-29 14:10:33,474] {processor.py:623} INFO - DAG(s) dict_keys(['example_weekday_branch_operator']) retrieved from /home/airflow/.local/lib/python3.6/site-packages/airflow/example_dags/example_branch_day_of_week_operator.py
[2021-09-29 14:10:33,502] {logging_mixin.py:109} INFO - [2021-09-29 14:10:33,501] {dag.py:1834} INFO - Sync 1 DAGs
[2021-09-29 14:10:33,520] {logging_mixin.py:109} INFO - [2021-09-29 14:10:33,519] {dag.py:2287} INFO - Setting next_dagrun for example_weekday_branch_operator to 2021-09-27 00:00:00+00:00
[2021-09-29 14:10:33,531] {processor.py:170} INFO - Processing /home/airflow/.local/lib/python3.6/site-packages/airflow/example_dags/example_branch_day_of_week_operator.py took 0.079 seconds
[2021-09-29 14:11:03,850] {processor.py:162} INFO - Started process (PID=3943) to work on /home/airflow/.local/lib/python3.6/site-packages/airflow/example_dags/example_branch_day_of_week_operator.py
[2021-09-29 14:11:03,852] {processor.py:613} INFO - Processing file /home/airflow/.local/lib/python3.6/site-packages/airflow/example_dags/example_branch_day_of_week_operator.py for tasks to queue
[2021-09-29 14:11:03,854] {logging_mixin.py:109} INFO - [2021-09-29 14:11:03,854] {dagbag.py:496} INFO - Filling up the DagBag from /home/airflow/.local/lib/python3.6/site-packages/airflow/example_dags/example_branch_day_of_week_operator.py
[2021-09-29 14:11:03,873] {processor.py:623} INFO - DAG(s) dict_keys(['example_weekday_branch_operator']) retrieved from /home/airflow/.local/lib/python3.6/site-packages/airflow/example_dags/example_branch_day_of_week_operator.py
[2021-09-29 14:11:03,901] {logging_mixin.py:109} INFO - [2021-09-29 14:11:03,901] {dag.py:1834} INFO - Sync 1 DAGs
[2021-09-29 14:11:03,923] {logging_mixin.py:109} INFO - [2021-09-29 14:11:03,923] {dag.py:2287} INFO - Setting next_dagrun for example_weekday_branch_operator to 2021-09-27 00:00:00+00:00
[2021-09-29 14:11:03,937] {processor.py:170} INFO - Processing /home/airflow/.local/lib/python3.6/site-packages/airflow/example_dags/example_branch_day_of_week_operator.py took 0.092 seconds
[2021-09-29 14:11:34,484] {processor.py:162} INFO - Started process (PID=4132) to work on /home/airflow/.local/lib/python3.6/site-packages/airflow/example_dags/example_branch_day_of_week_operator.py
[2021-09-29 14:11:34,486] {processor.py:613} INFO - Processing file /home/airflow/.local/lib/python3.6/site-packages/airflow/example_dags/example_branch_day_of_week_operator.py for tasks to queue
[2021-09-29 14:11:34,488] {logging_mixin.py:109} INFO - [2021-09-29 14:11:34,487] {dagbag.py:496} INFO - Filling up the DagBag from /home/airflow/.local/lib/python3.6/site-packages/airflow/example_dags/example_branch_day_of_week_operator.py
[2021-09-29 14:11:34,517] {processor.py:623} INFO - DAG(s) dict_keys(['example_weekday_branch_operator']) retrieved from /home/airflow/.local/lib/python3.6/site-packages/airflow/example_dags/example_branch_day_of_week_operator.py
[2021-09-29 14:11:34,553] {logging_mixin.py:109} INFO - [2021-09-29 14:11:34,553] {dag.py:1834} INFO - Sync 1 DAGs
[2021-09-29 14:11:34,580] {logging_mixin.py:109} INFO - [2021-09-29 14:11:34,580] {dag.py:2287} INFO - Setting next_dagrun for example_weekday_branch_operator to 2021-09-27 00:00:00+00:00
[2021-09-29 14:11:34,596] {processor.py:170} INFO - Processing /home/airflow/.local/lib/python3.6/site-packages/airflow/example_dags/example_branch_day_of_week_operator.py took 0.116 seconds
[2021-09-29 14:12:04,851] {processor.py:162} INFO - Started process (PID=4337) to work on /home/airflow/.local/lib/python3.6/site-packages/airflow/example_dags/example_branch_day_of_week_operator.py
[2021-09-29 14:12:04,853] {processor.py:613} INFO - Processing file /home/airflow/.local/lib/python3.6/site-packages/airflow/example_dags/example_branch_day_of_week_operator.py for tasks to queue
[2021-09-29 14:12:04,855] {logging_mixin.py:109} INFO - [2021-09-29 14:12:04,855] {dagbag.py:496} INFO - Filling up the DagBag from /home/airflow/.local/lib/python3.6/site-packages/airflow/example_dags/example_branch_day_of_week_operator.py
[2021-09-29 14:12:04,874] {processor.py:623} INFO - DAG(s) dict_keys(['example_weekday_branch_operator']) retrieved from /home/airflow/.local/lib/python3.6/site-packages/airflow/example_dags/example_branch_day_of_week_operator.py
[2021-09-29 14:12:04,902] {logging_mixin.py:109} INFO - [2021-09-29 14:12:04,902] {dag.py:1834} INFO - Sync 1 DAGs
[2021-09-29 14:12:04,922] {logging_mixin.py:109} INFO - [2021-09-29 14:12:04,922] {dag.py:2287} INFO - Setting next_dagrun for example_weekday_branch_operator to 2021-09-27 00:00:00+00:00
[2021-09-29 14:12:04,936] {processor.py:170} INFO - Processing /home/airflow/.local/lib/python3.6/site-packages/airflow/example_dags/example_branch_day_of_week_operator.py took 0.089 seconds
[2021-09-29 14:12:35,515] {processor.py:162} INFO - Started process (PID=4543) to work on /home/airflow/.local/lib/python3.6/site-packages/airflow/example_dags/example_branch_day_of_week_operator.py
[2021-09-29 14:12:35,517] {processor.py:613} INFO - Processing file /home/airflow/.local/lib/python3.6/site-packages/airflow/example_dags/example_branch_day_of_week_operator.py for tasks to queue
[2021-09-29 14:12:35,519] {logging_mixin.py:109} INFO - [2021-09-29 14:12:35,519] {dagbag.py:496} INFO - Filling up the DagBag from /home/airflow/.local/lib/python3.6/site-packages/airflow/example_dags/example_branch_day_of_week_operator.py
[2021-09-29 14:12:35,535] {processor.py:623} INFO - DAG(s) dict_keys(['example_weekday_branch_operator']) retrieved from /home/airflow/.local/lib/python3.6/site-packages/airflow/example_dags/example_branch_day_of_week_operator.py
[2021-09-29 14:12:35,562] {logging_mixin.py:109} INFO - [2021-09-29 14:12:35,562] {dag.py:1834} INFO - Sync 1 DAGs
[2021-09-29 14:12:35,582] {logging_mixin.py:109} INFO - [2021-09-29 14:12:35,581] {dag.py:2287} INFO - Setting next_dagrun for example_weekday_branch_operator to 2021-09-27 00:00:00+00:00
[2021-09-29 14:12:35,594] {processor.py:170} INFO - Processing /home/airflow/.local/lib/python3.6/site-packages/airflow/example_dags/example_branch_day_of_week_operator.py took 0.083 seconds
[2021-09-29 14:13:05,841] {processor.py:162} INFO - Started process (PID=4735) to work on /home/airflow/.local/lib/python3.6/site-packages/airflow/example_dags/example_branch_day_of_week_operator.py
[2021-09-29 14:13:05,843] {processor.py:613} INFO - Processing file /home/airflow/.local/lib/python3.6/site-packages/airflow/example_dags/example_branch_day_of_week_operator.py for tasks to queue
[2021-09-29 14:13:05,845] {logging_mixin.py:109} INFO - [2021-09-29 14:13:05,845] {dagbag.py:496} INFO - Filling up the DagBag from /home/airflow/.local/lib/python3.6/site-packages/airflow/example_dags/example_branch_day_of_week_operator.py
[2021-09-29 14:13:05,862] {processor.py:623} INFO - DAG(s) dict_keys(['example_weekday_branch_operator']) retrieved from /home/airflow/.local/lib/python3.6/site-packages/airflow/example_dags/example_branch_day_of_week_operator.py
[2021-09-29 14:13:05,889] {logging_mixin.py:109} INFO - [2021-09-29 14:13:05,889] {dag.py:1834} INFO - Sync 1 DAGs
[2021-09-29 14:13:05,909] {logging_mixin.py:109} INFO - [2021-09-29 14:13:05,909] {dag.py:2287} INFO - Setting next_dagrun for example_weekday_branch_operator to 2021-09-27 00:00:00+00:00
[2021-09-29 14:13:05,921] {processor.py:170} INFO - Processing /home/airflow/.local/lib/python3.6/site-packages/airflow/example_dags/example_branch_day_of_week_operator.py took 0.084 seconds
[2021-09-29 14:13:36,261] {processor.py:162} INFO - Started process (PID=4936) to work on /home/airflow/.local/lib/python3.6/site-packages/airflow/example_dags/example_branch_day_of_week_operator.py
[2021-09-29 14:13:36,262] {processor.py:613} INFO - Processing file /home/airflow/.local/lib/python3.6/site-packages/airflow/example_dags/example_branch_day_of_week_operator.py for tasks to queue
[2021-09-29 14:13:36,264] {logging_mixin.py:109} INFO - [2021-09-29 14:13:36,264] {dagbag.py:496} INFO - Filling up the DagBag from /home/airflow/.local/lib/python3.6/site-packages/airflow/example_dags/example_branch_day_of_week_operator.py
[2021-09-29 14:13:36,285] {processor.py:623} INFO - DAG(s) dict_keys(['example_weekday_branch_operator']) retrieved from /home/airflow/.local/lib/python3.6/site-packages/airflow/example_dags/example_branch_day_of_week_operator.py
[2021-09-29 14:13:36,316] {logging_mixin.py:109} INFO - [2021-09-29 14:13:36,315] {dag.py:1834} INFO - Sync 1 DAGs
[2021-09-29 14:13:36,336] {logging_mixin.py:109} INFO - [2021-09-29 14:13:36,336] {dag.py:2287} INFO - Setting next_dagrun for example_weekday_branch_operator to 2021-09-27 00:00:00+00:00
[2021-09-29 14:13:36,348] {processor.py:170} INFO - Processing /home/airflow/.local/lib/python3.6/site-packages/airflow/example_dags/example_branch_day_of_week_operator.py took 0.092 seconds
[2021-09-29 14:14:06,858] {processor.py:162} INFO - Started process (PID=5163) to work on /home/airflow/.local/lib/python3.6/site-packages/airflow/example_dags/example_branch_day_of_week_operator.py
[2021-09-29 14:14:06,861] {processor.py:613} INFO - Processing file /home/airflow/.local/lib/python3.6/site-packages/airflow/example_dags/example_branch_day_of_week_operator.py for tasks to queue
[2021-09-29 14:14:06,863] {logging_mixin.py:109} INFO - [2021-09-29 14:14:06,862] {dagbag.py:496} INFO - Filling up the DagBag from /home/airflow/.local/lib/python3.6/site-packages/airflow/example_dags/example_branch_day_of_week_operator.py
[2021-09-29 14:14:06,881] {processor.py:623} INFO - DAG(s) dict_keys(['example_weekday_branch_operator']) retrieved from /home/airflow/.local/lib/python3.6/site-packages/airflow/example_dags/example_branch_day_of_week_operator.py
[2021-09-29 14:14:06,911] {logging_mixin.py:109} INFO - [2021-09-29 14:14:06,911] {dag.py:1834} INFO - Sync 1 DAGs
[2021-09-29 14:14:06,933] {logging_mixin.py:109} INFO - [2021-09-29 14:14:06,933] {dag.py:2287} INFO - Setting next_dagrun for example_weekday_branch_operator to 2021-09-27 00:00:00+00:00
[2021-09-29 14:14:06,962] {processor.py:170} INFO - Processing /home/airflow/.local/lib/python3.6/site-packages/airflow/example_dags/example_branch_day_of_week_operator.py took 0.108 seconds
[2021-09-29 14:14:37,051] {processor.py:162} INFO - Started process (PID=5356) to work on /home/airflow/.local/lib/python3.6/site-packages/airflow/example_dags/example_branch_day_of_week_operator.py
[2021-09-29 14:14:37,053] {processor.py:613} INFO - Processing file /home/airflow/.local/lib/python3.6/site-packages/airflow/example_dags/example_branch_day_of_week_operator.py for tasks to queue
[2021-09-29 14:14:37,054] {logging_mixin.py:109} INFO - [2021-09-29 14:14:37,054] {dagbag.py:496} INFO - Filling up the DagBag from /home/airflow/.local/lib/python3.6/site-packages/airflow/example_dags/example_branch_day_of_week_operator.py
[2021-09-29 14:14:37,071] {processor.py:623} INFO - DAG(s) dict_keys(['example_weekday_branch_operator']) retrieved from /home/airflow/.local/lib/python3.6/site-packages/airflow/example_dags/example_branch_day_of_week_operator.py
[2021-09-29 14:14:37,097] {logging_mixin.py:109} INFO - [2021-09-29 14:14:37,097] {dag.py:1834} INFO - Sync 1 DAGs
[2021-09-29 14:14:37,116] {logging_mixin.py:109} INFO - [2021-09-29 14:14:37,116] {dag.py:2287} INFO - Setting next_dagrun for example_weekday_branch_operator to 2021-09-27 00:00:00+00:00
[2021-09-29 14:14:37,131] {processor.py:170} INFO - Processing /home/airflow/.local/lib/python3.6/site-packages/airflow/example_dags/example_branch_day_of_week_operator.py took 0.084 seconds
[2021-09-29 14:15:07,603] {processor.py:162} INFO - Started process (PID=5560) to work on /home/airflow/.local/lib/python3.6/site-packages/airflow/example_dags/example_branch_day_of_week_operator.py
[2021-09-29 14:15:07,606] {processor.py:613} INFO - Processing file /home/airflow/.local/lib/python3.6/site-packages/airflow/example_dags/example_branch_day_of_week_operator.py for tasks to queue
[2021-09-29 14:15:07,608] {logging_mixin.py:109} INFO - [2021-09-29 14:15:07,608] {dagbag.py:496} INFO - Filling up the DagBag from /home/airflow/.local/lib/python3.6/site-packages/airflow/example_dags/example_branch_day_of_week_operator.py
[2021-09-29 14:15:07,639] {processor.py:623} INFO - DAG(s) dict_keys(['example_weekday_branch_operator']) retrieved from /home/airflow/.local/lib/python3.6/site-packages/airflow/example_dags/example_branch_day_of_week_operator.py
[2021-09-29 14:15:07,671] {logging_mixin.py:109} INFO - [2021-09-29 14:15:07,671] {dag.py:1834} INFO - Sync 1 DAGs
[2021-09-29 14:15:07,693] {logging_mixin.py:109} INFO - [2021-09-29 14:15:07,693] {dag.py:2287} INFO - Setting next_dagrun for example_weekday_branch_operator to 2021-09-27 00:00:00+00:00
[2021-09-29 14:15:07,707] {processor.py:170} INFO - Processing /home/airflow/.local/lib/python3.6/site-packages/airflow/example_dags/example_branch_day_of_week_operator.py took 0.108 seconds
[2021-09-29 14:15:37,979] {processor.py:162} INFO - Started process (PID=5765) to work on /home/airflow/.local/lib/python3.6/site-packages/airflow/example_dags/example_branch_day_of_week_operator.py
[2021-09-29 14:15:37,982] {processor.py:613} INFO - Processing file /home/airflow/.local/lib/python3.6/site-packages/airflow/example_dags/example_branch_day_of_week_operator.py for tasks to queue
[2021-09-29 14:15:37,983] {logging_mixin.py:109} INFO - [2021-09-29 14:15:37,983] {dagbag.py:496} INFO - Filling up the DagBag from /home/airflow/.local/lib/python3.6/site-packages/airflow/example_dags/example_branch_day_of_week_operator.py
[2021-09-29 14:15:38,000] {processor.py:623} INFO - DAG(s) dict_keys(['example_weekday_branch_operator']) retrieved from /home/airflow/.local/lib/python3.6/site-packages/airflow/example_dags/example_branch_day_of_week_operator.py
[2021-09-29 14:15:38,028] {logging_mixin.py:109} INFO - [2021-09-29 14:15:38,028] {dag.py:1834} INFO - Sync 1 DAGs
[2021-09-29 14:15:38,048] {logging_mixin.py:109} INFO - [2021-09-29 14:15:38,048] {dag.py:2287} INFO - Setting next_dagrun for example_weekday_branch_operator to 2021-09-27 00:00:00+00:00
[2021-09-29 14:15:38,060] {processor.py:170} INFO - Processing /home/airflow/.local/lib/python3.6/site-packages/airflow/example_dags/example_branch_day_of_week_operator.py took 0.085 seconds
[2021-09-29 14:16:08,383] {processor.py:162} INFO - Started process (PID=5969) to work on /home/airflow/.local/lib/python3.6/site-packages/airflow/example_dags/example_branch_day_of_week_operator.py
[2021-09-29 14:16:08,386] {processor.py:613} INFO - Processing file /home/airflow/.local/lib/python3.6/site-packages/airflow/example_dags/example_branch_day_of_week_operator.py for tasks to queue
[2021-09-29 14:16:08,387] {logging_mixin.py:109} INFO - [2021-09-29 14:16:08,387] {dagbag.py:496} INFO - Filling up the DagBag from /home/airflow/.local/lib/python3.6/site-packages/airflow/example_dags/example_branch_day_of_week_operator.py
[2021-09-29 14:16:08,404] {processor.py:623} INFO - DAG(s) dict_keys(['example_weekday_branch_operator']) retrieved from /home/airflow/.local/lib/python3.6/site-packages/airflow/example_dags/example_branch_day_of_week_operator.py
[2021-09-29 14:16:08,429] {logging_mixin.py:109} INFO - [2021-09-29 14:16:08,429] {dag.py:1834} INFO - Sync 1 DAGs
[2021-09-29 14:16:08,449] {logging_mixin.py:109} INFO - [2021-09-29 14:16:08,449] {dag.py:2287} INFO - Setting next_dagrun for example_weekday_branch_operator to 2021-09-27 00:00:00+00:00
[2021-09-29 14:16:08,461] {processor.py:170} INFO - Processing /home/airflow/.local/lib/python3.6/site-packages/airflow/example_dags/example_branch_day_of_week_operator.py took 0.082 seconds
[2021-09-29 14:16:38,791] {processor.py:162} INFO - Started process (PID=6172) to work on /home/airflow/.local/lib/python3.6/site-packages/airflow/example_dags/example_branch_day_of_week_operator.py
[2021-09-29 14:16:38,795] {processor.py:613} INFO - Processing file /home/airflow/.local/lib/python3.6/site-packages/airflow/example_dags/example_branch_day_of_week_operator.py for tasks to queue
[2021-09-29 14:16:38,796] {logging_mixin.py:109} INFO - [2021-09-29 14:16:38,796] {dagbag.py:496} INFO - Filling up the DagBag from /home/airflow/.local/lib/python3.6/site-packages/airflow/example_dags/example_branch_day_of_week_operator.py
[2021-09-29 14:16:38,812] {processor.py:623} INFO - DAG(s) dict_keys(['example_weekday_branch_operator']) retrieved from /home/airflow/.local/lib/python3.6/site-packages/airflow/example_dags/example_branch_day_of_week_operator.py
[2021-09-29 14:16:38,841] {logging_mixin.py:109} INFO - [2021-09-29 14:16:38,841] {dag.py:1834} INFO - Sync 1 DAGs
[2021-09-29 14:16:38,863] {logging_mixin.py:109} INFO - [2021-09-29 14:16:38,863] {dag.py:2287} INFO - Setting next_dagrun for example_weekday_branch_operator to 2021-09-27 00:00:00+00:00
[2021-09-29 14:16:38,877] {processor.py:170} INFO - Processing /home/airflow/.local/lib/python3.6/site-packages/airflow/example_dags/example_branch_day_of_week_operator.py took 0.090 seconds
[2021-09-29 14:17:09,285] {processor.py:162} INFO - Started process (PID=6365) to work on /home/airflow/.local/lib/python3.6/site-packages/airflow/example_dags/example_branch_day_of_week_operator.py
[2021-09-29 14:17:09,288] {processor.py:613} INFO - Processing file /home/airflow/.local/lib/python3.6/site-packages/airflow/example_dags/example_branch_day_of_week_operator.py for tasks to queue
[2021-09-29 14:17:09,292] {logging_mixin.py:109} INFO - [2021-09-29 14:17:09,291] {dagbag.py:496} INFO - Filling up the DagBag from /home/airflow/.local/lib/python3.6/site-packages/airflow/example_dags/example_branch_day_of_week_operator.py
[2021-09-29 14:17:09,310] {processor.py:623} INFO - DAG(s) dict_keys(['example_weekday_branch_operator']) retrieved from /home/airflow/.local/lib/python3.6/site-packages/airflow/example_dags/example_branch_day_of_week_operator.py
[2021-09-29 14:17:09,338] {logging_mixin.py:109} INFO - [2021-09-29 14:17:09,338] {dag.py:1834} INFO - Sync 1 DAGs
[2021-09-29 14:17:09,357] {logging_mixin.py:109} INFO - [2021-09-29 14:17:09,357] {dag.py:2287} INFO - Setting next_dagrun for example_weekday_branch_operator to 2021-09-27 00:00:00+00:00
[2021-09-29 14:17:09,370] {processor.py:170} INFO - Processing /home/airflow/.local/lib/python3.6/site-packages/airflow/example_dags/example_branch_day_of_week_operator.py took 0.090 seconds
[2021-09-29 14:17:39,818] {processor.py:162} INFO - Started process (PID=6572) to work on /home/airflow/.local/lib/python3.6/site-packages/airflow/example_dags/example_branch_day_of_week_operator.py
[2021-09-29 14:17:39,820] {processor.py:613} INFO - Processing file /home/airflow/.local/lib/python3.6/site-packages/airflow/example_dags/example_branch_day_of_week_operator.py for tasks to queue
[2021-09-29 14:17:39,822] {logging_mixin.py:109} INFO - [2021-09-29 14:17:39,822] {dagbag.py:496} INFO - Filling up the DagBag from /home/airflow/.local/lib/python3.6/site-packages/airflow/example_dags/example_branch_day_of_week_operator.py
[2021-09-29 14:17:39,838] {processor.py:623} INFO - DAG(s) dict_keys(['example_weekday_branch_operator']) retrieved from /home/airflow/.local/lib/python3.6/site-packages/airflow/example_dags/example_branch_day_of_week_operator.py
[2021-09-29 14:17:39,870] {logging_mixin.py:109} INFO - [2021-09-29 14:17:39,869] {dag.py:1834} INFO - Sync 1 DAGs
[2021-09-29 14:17:39,892] {logging_mixin.py:109} INFO - [2021-09-29 14:17:39,892] {dag.py:2287} INFO - Setting next_dagrun for example_weekday_branch_operator to 2021-09-27 00:00:00+00:00
[2021-09-29 14:17:39,904] {processor.py:170} INFO - Processing /home/airflow/.local/lib/python3.6/site-packages/airflow/example_dags/example_branch_day_of_week_operator.py took 0.091 seconds
[2021-09-29 14:18:09,955] {processor.py:162} INFO - Started process (PID=6772) to work on /home/airflow/.local/lib/python3.6/site-packages/airflow/example_dags/example_branch_day_of_week_operator.py
[2021-09-29 14:18:09,957] {processor.py:613} INFO - Processing file /home/airflow/.local/lib/python3.6/site-packages/airflow/example_dags/example_branch_day_of_week_operator.py for tasks to queue
[2021-09-29 14:18:09,959] {logging_mixin.py:109} INFO - [2021-09-29 14:18:09,959] {dagbag.py:496} INFO - Filling up the DagBag from /home/airflow/.local/lib/python3.6/site-packages/airflow/example_dags/example_branch_day_of_week_operator.py
[2021-09-29 14:18:09,976] {processor.py:623} INFO - DAG(s) dict_keys(['example_weekday_branch_operator']) retrieved from /home/airflow/.local/lib/python3.6/site-packages/airflow/example_dags/example_branch_day_of_week_operator.py
[2021-09-29 14:18:10,004] {logging_mixin.py:109} INFO - [2021-09-29 14:18:10,004] {dag.py:1834} INFO - Sync 1 DAGs
[2021-09-29 14:18:10,029] {logging_mixin.py:109} INFO - [2021-09-29 14:18:10,029] {dag.py:2287} INFO - Setting next_dagrun for example_weekday_branch_operator to 2021-09-27 00:00:00+00:00
[2021-09-29 14:18:10,043] {processor.py:170} INFO - Processing /home/airflow/.local/lib/python3.6/site-packages/airflow/example_dags/example_branch_day_of_week_operator.py took 0.093 seconds
[2021-09-29 14:18:40,720] {processor.py:162} INFO - Started process (PID=6982) to work on /home/airflow/.local/lib/python3.6/site-packages/airflow/example_dags/example_branch_day_of_week_operator.py
[2021-09-29 14:18:40,721] {processor.py:613} INFO - Processing file /home/airflow/.local/lib/python3.6/site-packages/airflow/example_dags/example_branch_day_of_week_operator.py for tasks to queue
[2021-09-29 14:18:40,724] {logging_mixin.py:109} INFO - [2021-09-29 14:18:40,724] {dagbag.py:496} INFO - Filling up the DagBag from /home/airflow/.local/lib/python3.6/site-packages/airflow/example_dags/example_branch_day_of_week_operator.py
[2021-09-29 14:18:40,739] {processor.py:623} INFO - DAG(s) dict_keys(['example_weekday_branch_operator']) retrieved from /home/airflow/.local/lib/python3.6/site-packages/airflow/example_dags/example_branch_day_of_week_operator.py
[2021-09-29 14:18:40,770] {logging_mixin.py:109} INFO - [2021-09-29 14:18:40,770] {dag.py:1834} INFO - Sync 1 DAGs
[2021-09-29 14:18:40,793] {logging_mixin.py:109} INFO - [2021-09-29 14:18:40,793] {dag.py:2287} INFO - Setting next_dagrun for example_weekday_branch_operator to 2021-09-27 00:00:00+00:00
[2021-09-29 14:18:40,806] {processor.py:170} INFO - Processing /home/airflow/.local/lib/python3.6/site-packages/airflow/example_dags/example_branch_day_of_week_operator.py took 0.090 seconds
[2021-09-29 14:19:11,089] {processor.py:162} INFO - Started process (PID=7186) to work on /home/airflow/.local/lib/python3.6/site-packages/airflow/example_dags/example_branch_day_of_week_operator.py
[2021-09-29 14:19:11,090] {processor.py:613} INFO - Processing file /home/airflow/.local/lib/python3.6/site-packages/airflow/example_dags/example_branch_day_of_week_operator.py for tasks to queue
[2021-09-29 14:19:11,092] {logging_mixin.py:109} INFO - [2021-09-29 14:19:11,091] {dagbag.py:496} INFO - Filling up the DagBag from /home/airflow/.local/lib/python3.6/site-packages/airflow/example_dags/example_branch_day_of_week_operator.py
[2021-09-29 14:19:11,103] {processor.py:623} INFO - DAG(s) dict_keys(['example_weekday_branch_operator']) retrieved from /home/airflow/.local/lib/python3.6/site-packages/airflow/example_dags/example_branch_day_of_week_operator.py
[2021-09-29 14:19:11,125] {logging_mixin.py:109} INFO - [2021-09-29 14:19:11,125] {dag.py:1834} INFO - Sync 1 DAGs
[2021-09-29 14:19:11,140] {logging_mixin.py:109} INFO - [2021-09-29 14:19:11,140] {dag.py:2287} INFO - Setting next_dagrun for example_weekday_branch_operator to 2021-09-27 00:00:00+00:00
[2021-09-29 14:19:11,150] {processor.py:170} INFO - Processing /home/airflow/.local/lib/python3.6/site-packages/airflow/example_dags/example_branch_day_of_week_operator.py took 0.065 seconds
