[2021-09-29 14:01:54,475] {processor.py:162} INFO - Started process (PID=300) to work on /home/airflow/.local/lib/python3.6/site-packages/airflow/example_dags/example_nested_branch_dag.py
[2021-09-29 14:01:54,477] {processor.py:613} INFO - Processing file /home/airflow/.local/lib/python3.6/site-packages/airflow/example_dags/example_nested_branch_dag.py for tasks to queue
[2021-09-29 14:01:54,480] {logging_mixin.py:109} INFO - [2021-09-29 14:01:54,479] {dagbag.py:496} INFO - Filling up the DagBag from /home/airflow/.local/lib/python3.6/site-packages/airflow/example_dags/example_nested_branch_dag.py
[2021-09-29 14:01:54,503] {processor.py:623} INFO - DAG(s) dict_keys(['example_nested_branch_dag']) retrieved from /home/airflow/.local/lib/python3.6/site-packages/airflow/example_dags/example_nested_branch_dag.py
[2021-09-29 14:01:54,785] {logging_mixin.py:109} INFO - [2021-09-29 14:01:54,784] {dag.py:1834} INFO - Sync 1 DAGs
[2021-09-29 14:01:54,806] {logging_mixin.py:109} INFO - [2021-09-29 14:01:54,806] {dag.py:2287} INFO - Setting next_dagrun for example_nested_branch_dag to 2021-09-27 00:00:00+00:00
[2021-09-29 14:01:54,823] {processor.py:170} INFO - Processing /home/airflow/.local/lib/python3.6/site-packages/airflow/example_dags/example_nested_branch_dag.py took 0.354 seconds
[2021-09-29 14:02:25,532] {processor.py:162} INFO - Started process (PID=485) to work on /home/airflow/.local/lib/python3.6/site-packages/airflow/example_dags/example_nested_branch_dag.py
[2021-09-29 14:02:25,534] {processor.py:613} INFO - Processing file /home/airflow/.local/lib/python3.6/site-packages/airflow/example_dags/example_nested_branch_dag.py for tasks to queue
[2021-09-29 14:02:25,536] {logging_mixin.py:109} INFO - [2021-09-29 14:02:25,536] {dagbag.py:496} INFO - Filling up the DagBag from /home/airflow/.local/lib/python3.6/site-packages/airflow/example_dags/example_nested_branch_dag.py
[2021-09-29 14:02:25,557] {processor.py:623} INFO - DAG(s) dict_keys(['example_nested_branch_dag']) retrieved from /home/airflow/.local/lib/python3.6/site-packages/airflow/example_dags/example_nested_branch_dag.py
[2021-09-29 14:02:25,587] {logging_mixin.py:109} INFO - [2021-09-29 14:02:25,586] {dag.py:1834} INFO - Sync 1 DAGs
[2021-09-29 14:02:25,607] {logging_mixin.py:109} INFO - [2021-09-29 14:02:25,607] {dag.py:2287} INFO - Setting next_dagrun for example_nested_branch_dag to 2021-09-27 00:00:00+00:00
[2021-09-29 14:02:25,621] {processor.py:170} INFO - Processing /home/airflow/.local/lib/python3.6/site-packages/airflow/example_dags/example_nested_branch_dag.py took 0.093 seconds
[2021-09-29 14:02:56,570] {processor.py:162} INFO - Started process (PID=682) to work on /home/airflow/.local/lib/python3.6/site-packages/airflow/example_dags/example_nested_branch_dag.py
[2021-09-29 14:02:56,572] {processor.py:613} INFO - Processing file /home/airflow/.local/lib/python3.6/site-packages/airflow/example_dags/example_nested_branch_dag.py for tasks to queue
[2021-09-29 14:02:56,574] {logging_mixin.py:109} INFO - [2021-09-29 14:02:56,574] {dagbag.py:496} INFO - Filling up the DagBag from /home/airflow/.local/lib/python3.6/site-packages/airflow/example_dags/example_nested_branch_dag.py
[2021-09-29 14:02:56,594] {processor.py:623} INFO - DAG(s) dict_keys(['example_nested_branch_dag']) retrieved from /home/airflow/.local/lib/python3.6/site-packages/airflow/example_dags/example_nested_branch_dag.py
[2021-09-29 14:02:56,622] {logging_mixin.py:109} INFO - [2021-09-29 14:02:56,621] {dag.py:1834} INFO - Sync 1 DAGs
[2021-09-29 14:02:56,640] {logging_mixin.py:109} INFO - [2021-09-29 14:02:56,640] {dag.py:2287} INFO - Setting next_dagrun for example_nested_branch_dag to 2021-09-27 00:00:00+00:00
[2021-09-29 14:02:56,651] {processor.py:170} INFO - Processing /home/airflow/.local/lib/python3.6/site-packages/airflow/example_dags/example_nested_branch_dag.py took 0.085 seconds
[2021-09-29 14:03:27,134] {processor.py:162} INFO - Started process (PID=906) to work on /home/airflow/.local/lib/python3.6/site-packages/airflow/example_dags/example_nested_branch_dag.py
[2021-09-29 14:03:27,136] {processor.py:613} INFO - Processing file /home/airflow/.local/lib/python3.6/site-packages/airflow/example_dags/example_nested_branch_dag.py for tasks to queue
[2021-09-29 14:03:27,137] {logging_mixin.py:109} INFO - [2021-09-29 14:03:27,137] {dagbag.py:496} INFO - Filling up the DagBag from /home/airflow/.local/lib/python3.6/site-packages/airflow/example_dags/example_nested_branch_dag.py
[2021-09-29 14:03:27,153] {processor.py:623} INFO - DAG(s) dict_keys(['example_nested_branch_dag']) retrieved from /home/airflow/.local/lib/python3.6/site-packages/airflow/example_dags/example_nested_branch_dag.py
[2021-09-29 14:03:27,180] {logging_mixin.py:109} INFO - [2021-09-29 14:03:27,180] {dag.py:1834} INFO - Sync 1 DAGs
[2021-09-29 14:03:27,203] {logging_mixin.py:109} INFO - [2021-09-29 14:03:27,203] {dag.py:2287} INFO - Setting next_dagrun for example_nested_branch_dag to 2021-09-27 00:00:00+00:00
[2021-09-29 14:03:27,218] {processor.py:170} INFO - Processing /home/airflow/.local/lib/python3.6/site-packages/airflow/example_dags/example_nested_branch_dag.py took 0.088 seconds
[2021-09-29 14:03:57,637] {processor.py:162} INFO - Started process (PID=1132) to work on /home/airflow/.local/lib/python3.6/site-packages/airflow/example_dags/example_nested_branch_dag.py
[2021-09-29 14:03:57,639] {processor.py:613} INFO - Processing file /home/airflow/.local/lib/python3.6/site-packages/airflow/example_dags/example_nested_branch_dag.py for tasks to queue
[2021-09-29 14:03:57,641] {logging_mixin.py:109} INFO - [2021-09-29 14:03:57,640] {dagbag.py:496} INFO - Filling up the DagBag from /home/airflow/.local/lib/python3.6/site-packages/airflow/example_dags/example_nested_branch_dag.py
[2021-09-29 14:03:57,659] {processor.py:623} INFO - DAG(s) dict_keys(['example_nested_branch_dag']) retrieved from /home/airflow/.local/lib/python3.6/site-packages/airflow/example_dags/example_nested_branch_dag.py
[2021-09-29 14:03:57,686] {logging_mixin.py:109} INFO - [2021-09-29 14:03:57,686] {dag.py:1834} INFO - Sync 1 DAGs
[2021-09-29 14:03:57,706] {logging_mixin.py:109} INFO - [2021-09-29 14:03:57,706] {dag.py:2287} INFO - Setting next_dagrun for example_nested_branch_dag to 2021-09-27 00:00:00+00:00
[2021-09-29 14:03:57,719] {processor.py:170} INFO - Processing /home/airflow/.local/lib/python3.6/site-packages/airflow/example_dags/example_nested_branch_dag.py took 0.087 seconds
[2021-09-29 14:04:28,514] {processor.py:162} INFO - Started process (PID=1360) to work on /home/airflow/.local/lib/python3.6/site-packages/airflow/example_dags/example_nested_branch_dag.py
[2021-09-29 14:04:28,517] {processor.py:613} INFO - Processing file /home/airflow/.local/lib/python3.6/site-packages/airflow/example_dags/example_nested_branch_dag.py for tasks to queue
[2021-09-29 14:04:28,519] {logging_mixin.py:109} INFO - [2021-09-29 14:04:28,518] {dagbag.py:496} INFO - Filling up the DagBag from /home/airflow/.local/lib/python3.6/site-packages/airflow/example_dags/example_nested_branch_dag.py
[2021-09-29 14:04:28,537] {processor.py:623} INFO - DAG(s) dict_keys(['example_nested_branch_dag']) retrieved from /home/airflow/.local/lib/python3.6/site-packages/airflow/example_dags/example_nested_branch_dag.py
[2021-09-29 14:04:28,575] {logging_mixin.py:109} INFO - [2021-09-29 14:04:28,575] {dag.py:1834} INFO - Sync 1 DAGs
[2021-09-29 14:04:28,598] {logging_mixin.py:109} INFO - [2021-09-29 14:04:28,598] {dag.py:2287} INFO - Setting next_dagrun for example_nested_branch_dag to 2021-09-27 00:00:00+00:00
[2021-09-29 14:04:28,610] {processor.py:170} INFO - Processing /home/airflow/.local/lib/python3.6/site-packages/airflow/example_dags/example_nested_branch_dag.py took 0.100 seconds
[2021-09-29 14:04:58,901] {processor.py:162} INFO - Started process (PID=1553) to work on /home/airflow/.local/lib/python3.6/site-packages/airflow/example_dags/example_nested_branch_dag.py
[2021-09-29 14:04:58,903] {processor.py:613} INFO - Processing file /home/airflow/.local/lib/python3.6/site-packages/airflow/example_dags/example_nested_branch_dag.py for tasks to queue
[2021-09-29 14:04:58,905] {logging_mixin.py:109} INFO - [2021-09-29 14:04:58,905] {dagbag.py:496} INFO - Filling up the DagBag from /home/airflow/.local/lib/python3.6/site-packages/airflow/example_dags/example_nested_branch_dag.py
[2021-09-29 14:04:58,926] {processor.py:623} INFO - DAG(s) dict_keys(['example_nested_branch_dag']) retrieved from /home/airflow/.local/lib/python3.6/site-packages/airflow/example_dags/example_nested_branch_dag.py
[2021-09-29 14:04:59,002] {logging_mixin.py:109} INFO - [2021-09-29 14:04:59,002] {dag.py:1834} INFO - Sync 1 DAGs
[2021-09-29 14:04:59,028] {logging_mixin.py:109} INFO - [2021-09-29 14:04:59,028] {dag.py:2287} INFO - Setting next_dagrun for example_nested_branch_dag to 2021-09-27 00:00:00+00:00
[2021-09-29 14:04:59,046] {processor.py:170} INFO - Processing /home/airflow/.local/lib/python3.6/site-packages/airflow/example_dags/example_nested_branch_dag.py took 0.148 seconds
[2021-09-29 14:05:29,446] {processor.py:162} INFO - Started process (PID=1771) to work on /home/airflow/.local/lib/python3.6/site-packages/airflow/example_dags/example_nested_branch_dag.py
[2021-09-29 14:05:29,448] {processor.py:613} INFO - Processing file /home/airflow/.local/lib/python3.6/site-packages/airflow/example_dags/example_nested_branch_dag.py for tasks to queue
[2021-09-29 14:05:29,450] {logging_mixin.py:109} INFO - [2021-09-29 14:05:29,450] {dagbag.py:496} INFO - Filling up the DagBag from /home/airflow/.local/lib/python3.6/site-packages/airflow/example_dags/example_nested_branch_dag.py
[2021-09-29 14:05:29,469] {processor.py:623} INFO - DAG(s) dict_keys(['example_nested_branch_dag']) retrieved from /home/airflow/.local/lib/python3.6/site-packages/airflow/example_dags/example_nested_branch_dag.py
[2021-09-29 14:05:29,496] {logging_mixin.py:109} INFO - [2021-09-29 14:05:29,496] {dag.py:1834} INFO - Sync 1 DAGs
[2021-09-29 14:05:29,514] {logging_mixin.py:109} INFO - [2021-09-29 14:05:29,514] {dag.py:2287} INFO - Setting next_dagrun for example_nested_branch_dag to 2021-09-27 00:00:00+00:00
[2021-09-29 14:05:29,526] {processor.py:170} INFO - Processing /home/airflow/.local/lib/python3.6/site-packages/airflow/example_dags/example_nested_branch_dag.py took 0.084 seconds
[2021-09-29 14:06:00,233] {processor.py:162} INFO - Started process (PID=2003) to work on /home/airflow/.local/lib/python3.6/site-packages/airflow/example_dags/example_nested_branch_dag.py
[2021-09-29 14:06:00,235] {processor.py:613} INFO - Processing file /home/airflow/.local/lib/python3.6/site-packages/airflow/example_dags/example_nested_branch_dag.py for tasks to queue
[2021-09-29 14:06:00,237] {logging_mixin.py:109} INFO - [2021-09-29 14:06:00,236] {dagbag.py:496} INFO - Filling up the DagBag from /home/airflow/.local/lib/python3.6/site-packages/airflow/example_dags/example_nested_branch_dag.py
[2021-09-29 14:06:00,259] {processor.py:623} INFO - DAG(s) dict_keys(['example_nested_branch_dag']) retrieved from /home/airflow/.local/lib/python3.6/site-packages/airflow/example_dags/example_nested_branch_dag.py
[2021-09-29 14:06:00,291] {logging_mixin.py:109} INFO - [2021-09-29 14:06:00,290] {dag.py:1834} INFO - Sync 1 DAGs
[2021-09-29 14:06:00,311] {logging_mixin.py:109} INFO - [2021-09-29 14:06:00,311] {dag.py:2287} INFO - Setting next_dagrun for example_nested_branch_dag to 2021-09-27 00:00:00+00:00
[2021-09-29 14:06:00,324] {processor.py:170} INFO - Processing /home/airflow/.local/lib/python3.6/site-packages/airflow/example_dags/example_nested_branch_dag.py took 0.095 seconds
[2021-09-29 14:06:30,801] {processor.py:162} INFO - Started process (PID=2189) to work on /home/airflow/.local/lib/python3.6/site-packages/airflow/example_dags/example_nested_branch_dag.py
[2021-09-29 14:06:30,803] {processor.py:613} INFO - Processing file /home/airflow/.local/lib/python3.6/site-packages/airflow/example_dags/example_nested_branch_dag.py for tasks to queue
[2021-09-29 14:06:30,804] {logging_mixin.py:109} INFO - [2021-09-29 14:06:30,804] {dagbag.py:496} INFO - Filling up the DagBag from /home/airflow/.local/lib/python3.6/site-packages/airflow/example_dags/example_nested_branch_dag.py
[2021-09-29 14:06:30,822] {processor.py:623} INFO - DAG(s) dict_keys(['example_nested_branch_dag']) retrieved from /home/airflow/.local/lib/python3.6/site-packages/airflow/example_dags/example_nested_branch_dag.py
[2021-09-29 14:06:30,849] {logging_mixin.py:109} INFO - [2021-09-29 14:06:30,848] {dag.py:1834} INFO - Sync 1 DAGs
[2021-09-29 14:06:30,867] {logging_mixin.py:109} INFO - [2021-09-29 14:06:30,867] {dag.py:2287} INFO - Setting next_dagrun for example_nested_branch_dag to 2021-09-27 00:00:00+00:00
[2021-09-29 14:06:30,877] {processor.py:170} INFO - Processing /home/airflow/.local/lib/python3.6/site-packages/airflow/example_dags/example_nested_branch_dag.py took 0.080 seconds
[2021-09-29 14:07:01,170] {processor.py:162} INFO - Started process (PID=2388) to work on /home/airflow/.local/lib/python3.6/site-packages/airflow/example_dags/example_nested_branch_dag.py
[2021-09-29 14:07:01,172] {processor.py:613} INFO - Processing file /home/airflow/.local/lib/python3.6/site-packages/airflow/example_dags/example_nested_branch_dag.py for tasks to queue
[2021-09-29 14:07:01,174] {logging_mixin.py:109} INFO - [2021-09-29 14:07:01,174] {dagbag.py:496} INFO - Filling up the DagBag from /home/airflow/.local/lib/python3.6/site-packages/airflow/example_dags/example_nested_branch_dag.py
[2021-09-29 14:07:01,189] {processor.py:623} INFO - DAG(s) dict_keys(['example_nested_branch_dag']) retrieved from /home/airflow/.local/lib/python3.6/site-packages/airflow/example_dags/example_nested_branch_dag.py
[2021-09-29 14:07:01,216] {logging_mixin.py:109} INFO - [2021-09-29 14:07:01,216] {dag.py:1834} INFO - Sync 1 DAGs
[2021-09-29 14:07:01,235] {logging_mixin.py:109} INFO - [2021-09-29 14:07:01,235] {dag.py:2287} INFO - Setting next_dagrun for example_nested_branch_dag to 2021-09-27 00:00:00+00:00
[2021-09-29 14:07:01,248] {processor.py:170} INFO - Processing /home/airflow/.local/lib/python3.6/site-packages/airflow/example_dags/example_nested_branch_dag.py took 0.081 seconds
[2021-09-29 14:07:31,583] {processor.py:162} INFO - Started process (PID=2592) to work on /home/airflow/.local/lib/python3.6/site-packages/airflow/example_dags/example_nested_branch_dag.py
[2021-09-29 14:07:31,585] {processor.py:613} INFO - Processing file /home/airflow/.local/lib/python3.6/site-packages/airflow/example_dags/example_nested_branch_dag.py for tasks to queue
[2021-09-29 14:07:31,586] {logging_mixin.py:109} INFO - [2021-09-29 14:07:31,586] {dagbag.py:496} INFO - Filling up the DagBag from /home/airflow/.local/lib/python3.6/site-packages/airflow/example_dags/example_nested_branch_dag.py
[2021-09-29 14:07:31,605] {processor.py:623} INFO - DAG(s) dict_keys(['example_nested_branch_dag']) retrieved from /home/airflow/.local/lib/python3.6/site-packages/airflow/example_dags/example_nested_branch_dag.py
[2021-09-29 14:07:31,635] {logging_mixin.py:109} INFO - [2021-09-29 14:07:31,635] {dag.py:1834} INFO - Sync 1 DAGs
[2021-09-29 14:07:31,666] {logging_mixin.py:109} INFO - [2021-09-29 14:07:31,666] {dag.py:2287} INFO - Setting next_dagrun for example_nested_branch_dag to 2021-09-27 00:00:00+00:00
[2021-09-29 14:07:31,688] {processor.py:170} INFO - Processing /home/airflow/.local/lib/python3.6/site-packages/airflow/example_dags/example_nested_branch_dag.py took 0.109 seconds
[2021-09-29 14:08:01,972] {processor.py:162} INFO - Started process (PID=2780) to work on /home/airflow/.local/lib/python3.6/site-packages/airflow/example_dags/example_nested_branch_dag.py
[2021-09-29 14:08:01,974] {processor.py:613} INFO - Processing file /home/airflow/.local/lib/python3.6/site-packages/airflow/example_dags/example_nested_branch_dag.py for tasks to queue
[2021-09-29 14:08:01,976] {logging_mixin.py:109} INFO - [2021-09-29 14:08:01,976] {dagbag.py:496} INFO - Filling up the DagBag from /home/airflow/.local/lib/python3.6/site-packages/airflow/example_dags/example_nested_branch_dag.py
[2021-09-29 14:08:01,998] {processor.py:623} INFO - DAG(s) dict_keys(['example_nested_branch_dag']) retrieved from /home/airflow/.local/lib/python3.6/site-packages/airflow/example_dags/example_nested_branch_dag.py
[2021-09-29 14:08:02,026] {logging_mixin.py:109} INFO - [2021-09-29 14:08:02,026] {dag.py:1834} INFO - Sync 1 DAGs
[2021-09-29 14:08:02,048] {logging_mixin.py:109} INFO - [2021-09-29 14:08:02,048] {dag.py:2287} INFO - Setting next_dagrun for example_nested_branch_dag to 2021-09-27 00:00:00+00:00
[2021-09-29 14:08:02,063] {processor.py:170} INFO - Processing /home/airflow/.local/lib/python3.6/site-packages/airflow/example_dags/example_nested_branch_dag.py took 0.096 seconds
[2021-09-29 14:08:32,402] {processor.py:162} INFO - Started process (PID=2989) to work on /home/airflow/.local/lib/python3.6/site-packages/airflow/example_dags/example_nested_branch_dag.py
[2021-09-29 14:08:32,404] {processor.py:613} INFO - Processing file /home/airflow/.local/lib/python3.6/site-packages/airflow/example_dags/example_nested_branch_dag.py for tasks to queue
[2021-09-29 14:08:32,405] {logging_mixin.py:109} INFO - [2021-09-29 14:08:32,405] {dagbag.py:496} INFO - Filling up the DagBag from /home/airflow/.local/lib/python3.6/site-packages/airflow/example_dags/example_nested_branch_dag.py
[2021-09-29 14:08:32,421] {processor.py:623} INFO - DAG(s) dict_keys(['example_nested_branch_dag']) retrieved from /home/airflow/.local/lib/python3.6/site-packages/airflow/example_dags/example_nested_branch_dag.py
[2021-09-29 14:08:32,442] {logging_mixin.py:109} INFO - [2021-09-29 14:08:32,442] {dag.py:1834} INFO - Sync 1 DAGs
[2021-09-29 14:08:32,457] {logging_mixin.py:109} INFO - [2021-09-29 14:08:32,457] {dag.py:2287} INFO - Setting next_dagrun for example_nested_branch_dag to 2021-09-27 00:00:00+00:00
[2021-09-29 14:08:32,467] {processor.py:170} INFO - Processing /home/airflow/.local/lib/python3.6/site-packages/airflow/example_dags/example_nested_branch_dag.py took 0.068 seconds
[2021-09-29 14:09:03,355] {processor.py:162} INFO - Started process (PID=3176) to work on /home/airflow/.local/lib/python3.6/site-packages/airflow/example_dags/example_nested_branch_dag.py
[2021-09-29 14:09:03,358] {processor.py:613} INFO - Processing file /home/airflow/.local/lib/python3.6/site-packages/airflow/example_dags/example_nested_branch_dag.py for tasks to queue
[2021-09-29 14:09:03,359] {logging_mixin.py:109} INFO - [2021-09-29 14:09:03,359] {dagbag.py:496} INFO - Filling up the DagBag from /home/airflow/.local/lib/python3.6/site-packages/airflow/example_dags/example_nested_branch_dag.py
[2021-09-29 14:09:03,374] {processor.py:623} INFO - DAG(s) dict_keys(['example_nested_branch_dag']) retrieved from /home/airflow/.local/lib/python3.6/site-packages/airflow/example_dags/example_nested_branch_dag.py
[2021-09-29 14:09:03,396] {logging_mixin.py:109} INFO - [2021-09-29 14:09:03,396] {dag.py:1834} INFO - Sync 1 DAGs
[2021-09-29 14:09:03,412] {logging_mixin.py:109} INFO - [2021-09-29 14:09:03,412] {dag.py:2287} INFO - Setting next_dagrun for example_nested_branch_dag to 2021-09-27 00:00:00+00:00
[2021-09-29 14:09:03,426] {processor.py:170} INFO - Processing /home/airflow/.local/lib/python3.6/site-packages/airflow/example_dags/example_nested_branch_dag.py took 0.075 seconds
[2021-09-29 14:09:34,087] {processor.py:162} INFO - Started process (PID=3383) to work on /home/airflow/.local/lib/python3.6/site-packages/airflow/example_dags/example_nested_branch_dag.py
[2021-09-29 14:09:34,089] {processor.py:613} INFO - Processing file /home/airflow/.local/lib/python3.6/site-packages/airflow/example_dags/example_nested_branch_dag.py for tasks to queue
[2021-09-29 14:09:34,091] {logging_mixin.py:109} INFO - [2021-09-29 14:09:34,090] {dagbag.py:496} INFO - Filling up the DagBag from /home/airflow/.local/lib/python3.6/site-packages/airflow/example_dags/example_nested_branch_dag.py
[2021-09-29 14:09:34,110] {processor.py:623} INFO - DAG(s) dict_keys(['example_nested_branch_dag']) retrieved from /home/airflow/.local/lib/python3.6/site-packages/airflow/example_dags/example_nested_branch_dag.py
[2021-09-29 14:09:34,138] {logging_mixin.py:109} INFO - [2021-09-29 14:09:34,138] {dag.py:1834} INFO - Sync 1 DAGs
[2021-09-29 14:09:34,156] {logging_mixin.py:109} INFO - [2021-09-29 14:09:34,156] {dag.py:2287} INFO - Setting next_dagrun for example_nested_branch_dag to 2021-09-27 00:00:00+00:00
[2021-09-29 14:09:34,168] {processor.py:170} INFO - Processing /home/airflow/.local/lib/python3.6/site-packages/airflow/example_dags/example_nested_branch_dag.py took 0.085 seconds
[2021-09-29 14:10:04,486] {processor.py:162} INFO - Started process (PID=3586) to work on /home/airflow/.local/lib/python3.6/site-packages/airflow/example_dags/example_nested_branch_dag.py
[2021-09-29 14:10:04,489] {processor.py:613} INFO - Processing file /home/airflow/.local/lib/python3.6/site-packages/airflow/example_dags/example_nested_branch_dag.py for tasks to queue
[2021-09-29 14:10:04,490] {logging_mixin.py:109} INFO - [2021-09-29 14:10:04,490] {dagbag.py:496} INFO - Filling up the DagBag from /home/airflow/.local/lib/python3.6/site-packages/airflow/example_dags/example_nested_branch_dag.py
[2021-09-29 14:10:04,512] {processor.py:623} INFO - DAG(s) dict_keys(['example_nested_branch_dag']) retrieved from /home/airflow/.local/lib/python3.6/site-packages/airflow/example_dags/example_nested_branch_dag.py
[2021-09-29 14:10:04,538] {logging_mixin.py:109} INFO - [2021-09-29 14:10:04,538] {dag.py:1834} INFO - Sync 1 DAGs
[2021-09-29 14:10:04,566] {logging_mixin.py:109} INFO - [2021-09-29 14:10:04,566] {dag.py:2287} INFO - Setting next_dagrun for example_nested_branch_dag to 2021-09-27 00:00:00+00:00
[2021-09-29 14:10:04,578] {processor.py:170} INFO - Processing /home/airflow/.local/lib/python3.6/site-packages/airflow/example_dags/example_nested_branch_dag.py took 0.096 seconds
[2021-09-29 14:10:34,692] {processor.py:162} INFO - Started process (PID=3771) to work on /home/airflow/.local/lib/python3.6/site-packages/airflow/example_dags/example_nested_branch_dag.py
[2021-09-29 14:10:34,694] {processor.py:613} INFO - Processing file /home/airflow/.local/lib/python3.6/site-packages/airflow/example_dags/example_nested_branch_dag.py for tasks to queue
[2021-09-29 14:10:34,695] {logging_mixin.py:109} INFO - [2021-09-29 14:10:34,695] {dagbag.py:496} INFO - Filling up the DagBag from /home/airflow/.local/lib/python3.6/site-packages/airflow/example_dags/example_nested_branch_dag.py
[2021-09-29 14:10:34,713] {processor.py:623} INFO - DAG(s) dict_keys(['example_nested_branch_dag']) retrieved from /home/airflow/.local/lib/python3.6/site-packages/airflow/example_dags/example_nested_branch_dag.py
[2021-09-29 14:10:34,742] {logging_mixin.py:109} INFO - [2021-09-29 14:10:34,742] {dag.py:1834} INFO - Sync 1 DAGs
[2021-09-29 14:10:34,764] {logging_mixin.py:109} INFO - [2021-09-29 14:10:34,764] {dag.py:2287} INFO - Setting next_dagrun for example_nested_branch_dag to 2021-09-27 00:00:00+00:00
[2021-09-29 14:10:34,776] {processor.py:170} INFO - Processing /home/airflow/.local/lib/python3.6/site-packages/airflow/example_dags/example_nested_branch_dag.py took 0.089 seconds
[2021-09-29 14:11:05,109] {processor.py:162} INFO - Started process (PID=3967) to work on /home/airflow/.local/lib/python3.6/site-packages/airflow/example_dags/example_nested_branch_dag.py
[2021-09-29 14:11:05,111] {processor.py:613} INFO - Processing file /home/airflow/.local/lib/python3.6/site-packages/airflow/example_dags/example_nested_branch_dag.py for tasks to queue
[2021-09-29 14:11:05,113] {logging_mixin.py:109} INFO - [2021-09-29 14:11:05,113] {dagbag.py:496} INFO - Filling up the DagBag from /home/airflow/.local/lib/python3.6/site-packages/airflow/example_dags/example_nested_branch_dag.py
[2021-09-29 14:11:05,133] {processor.py:623} INFO - DAG(s) dict_keys(['example_nested_branch_dag']) retrieved from /home/airflow/.local/lib/python3.6/site-packages/airflow/example_dags/example_nested_branch_dag.py
[2021-09-29 14:11:05,160] {logging_mixin.py:109} INFO - [2021-09-29 14:11:05,160] {dag.py:1834} INFO - Sync 1 DAGs
[2021-09-29 14:11:05,184] {logging_mixin.py:109} INFO - [2021-09-29 14:11:05,183] {dag.py:2287} INFO - Setting next_dagrun for example_nested_branch_dag to 2021-09-27 00:00:00+00:00
[2021-09-29 14:11:05,197] {processor.py:170} INFO - Processing /home/airflow/.local/lib/python3.6/site-packages/airflow/example_dags/example_nested_branch_dag.py took 0.092 seconds
[2021-09-29 14:11:35,772] {processor.py:162} INFO - Started process (PID=4163) to work on /home/airflow/.local/lib/python3.6/site-packages/airflow/example_dags/example_nested_branch_dag.py
[2021-09-29 14:11:35,774] {processor.py:613} INFO - Processing file /home/airflow/.local/lib/python3.6/site-packages/airflow/example_dags/example_nested_branch_dag.py for tasks to queue
[2021-09-29 14:11:35,778] {logging_mixin.py:109} INFO - [2021-09-29 14:11:35,777] {dagbag.py:496} INFO - Filling up the DagBag from /home/airflow/.local/lib/python3.6/site-packages/airflow/example_dags/example_nested_branch_dag.py
[2021-09-29 14:11:35,797] {processor.py:623} INFO - DAG(s) dict_keys(['example_nested_branch_dag']) retrieved from /home/airflow/.local/lib/python3.6/site-packages/airflow/example_dags/example_nested_branch_dag.py
[2021-09-29 14:11:35,825] {logging_mixin.py:109} INFO - [2021-09-29 14:11:35,825] {dag.py:1834} INFO - Sync 1 DAGs
[2021-09-29 14:11:35,845] {logging_mixin.py:109} INFO - [2021-09-29 14:11:35,845] {dag.py:2287} INFO - Setting next_dagrun for example_nested_branch_dag to 2021-09-27 00:00:00+00:00
[2021-09-29 14:11:35,860] {processor.py:170} INFO - Processing /home/airflow/.local/lib/python3.6/site-packages/airflow/example_dags/example_nested_branch_dag.py took 0.093 seconds
[2021-09-29 14:12:06,111] {processor.py:162} INFO - Started process (PID=4360) to work on /home/airflow/.local/lib/python3.6/site-packages/airflow/example_dags/example_nested_branch_dag.py
[2021-09-29 14:12:06,113] {processor.py:613} INFO - Processing file /home/airflow/.local/lib/python3.6/site-packages/airflow/example_dags/example_nested_branch_dag.py for tasks to queue
[2021-09-29 14:12:06,115] {logging_mixin.py:109} INFO - [2021-09-29 14:12:06,114] {dagbag.py:496} INFO - Filling up the DagBag from /home/airflow/.local/lib/python3.6/site-packages/airflow/example_dags/example_nested_branch_dag.py
[2021-09-29 14:12:06,137] {processor.py:623} INFO - DAG(s) dict_keys(['example_nested_branch_dag']) retrieved from /home/airflow/.local/lib/python3.6/site-packages/airflow/example_dags/example_nested_branch_dag.py
[2021-09-29 14:12:06,166] {logging_mixin.py:109} INFO - [2021-09-29 14:12:06,165] {dag.py:1834} INFO - Sync 1 DAGs
[2021-09-29 14:12:06,188] {logging_mixin.py:109} INFO - [2021-09-29 14:12:06,188] {dag.py:2287} INFO - Setting next_dagrun for example_nested_branch_dag to 2021-09-27 00:00:00+00:00
[2021-09-29 14:12:06,200] {processor.py:170} INFO - Processing /home/airflow/.local/lib/python3.6/site-packages/airflow/example_dags/example_nested_branch_dag.py took 0.093 seconds
[2021-09-29 14:12:36,846] {processor.py:162} INFO - Started process (PID=4573) to work on /home/airflow/.local/lib/python3.6/site-packages/airflow/example_dags/example_nested_branch_dag.py
[2021-09-29 14:12:36,850] {processor.py:613} INFO - Processing file /home/airflow/.local/lib/python3.6/site-packages/airflow/example_dags/example_nested_branch_dag.py for tasks to queue
[2021-09-29 14:12:36,852] {logging_mixin.py:109} INFO - [2021-09-29 14:12:36,852] {dagbag.py:496} INFO - Filling up the DagBag from /home/airflow/.local/lib/python3.6/site-packages/airflow/example_dags/example_nested_branch_dag.py
[2021-09-29 14:12:36,873] {processor.py:623} INFO - DAG(s) dict_keys(['example_nested_branch_dag']) retrieved from /home/airflow/.local/lib/python3.6/site-packages/airflow/example_dags/example_nested_branch_dag.py
[2021-09-29 14:12:36,904] {logging_mixin.py:109} INFO - [2021-09-29 14:12:36,904] {dag.py:1834} INFO - Sync 1 DAGs
[2021-09-29 14:12:36,927] {logging_mixin.py:109} INFO - [2021-09-29 14:12:36,927] {dag.py:2287} INFO - Setting next_dagrun for example_nested_branch_dag to 2021-09-27 00:00:00+00:00
[2021-09-29 14:12:36,942] {processor.py:170} INFO - Processing /home/airflow/.local/lib/python3.6/site-packages/airflow/example_dags/example_nested_branch_dag.py took 0.100 seconds
[2021-09-29 14:13:07,144] {processor.py:162} INFO - Started process (PID=4765) to work on /home/airflow/.local/lib/python3.6/site-packages/airflow/example_dags/example_nested_branch_dag.py
[2021-09-29 14:13:07,146] {processor.py:613} INFO - Processing file /home/airflow/.local/lib/python3.6/site-packages/airflow/example_dags/example_nested_branch_dag.py for tasks to queue
[2021-09-29 14:13:07,147] {logging_mixin.py:109} INFO - [2021-09-29 14:13:07,147] {dagbag.py:496} INFO - Filling up the DagBag from /home/airflow/.local/lib/python3.6/site-packages/airflow/example_dags/example_nested_branch_dag.py
[2021-09-29 14:13:07,172] {processor.py:623} INFO - DAG(s) dict_keys(['example_nested_branch_dag']) retrieved from /home/airflow/.local/lib/python3.6/site-packages/airflow/example_dags/example_nested_branch_dag.py
[2021-09-29 14:13:07,204] {logging_mixin.py:109} INFO - [2021-09-29 14:13:07,203] {dag.py:1834} INFO - Sync 1 DAGs
[2021-09-29 14:13:07,225] {logging_mixin.py:109} INFO - [2021-09-29 14:13:07,225] {dag.py:2287} INFO - Setting next_dagrun for example_nested_branch_dag to 2021-09-27 00:00:00+00:00
[2021-09-29 14:13:07,238] {processor.py:170} INFO - Processing /home/airflow/.local/lib/python3.6/site-packages/airflow/example_dags/example_nested_branch_dag.py took 0.099 seconds
[2021-09-29 14:13:37,611] {processor.py:162} INFO - Started process (PID=4966) to work on /home/airflow/.local/lib/python3.6/site-packages/airflow/example_dags/example_nested_branch_dag.py
[2021-09-29 14:13:37,614] {processor.py:613} INFO - Processing file /home/airflow/.local/lib/python3.6/site-packages/airflow/example_dags/example_nested_branch_dag.py for tasks to queue
[2021-09-29 14:13:37,615] {logging_mixin.py:109} INFO - [2021-09-29 14:13:37,615] {dagbag.py:496} INFO - Filling up the DagBag from /home/airflow/.local/lib/python3.6/site-packages/airflow/example_dags/example_nested_branch_dag.py
[2021-09-29 14:13:37,635] {processor.py:623} INFO - DAG(s) dict_keys(['example_nested_branch_dag']) retrieved from /home/airflow/.local/lib/python3.6/site-packages/airflow/example_dags/example_nested_branch_dag.py
[2021-09-29 14:13:37,679] {logging_mixin.py:109} INFO - [2021-09-29 14:13:37,679] {dag.py:1834} INFO - Sync 1 DAGs
[2021-09-29 14:13:37,700] {logging_mixin.py:109} INFO - [2021-09-29 14:13:37,700] {dag.py:2287} INFO - Setting next_dagrun for example_nested_branch_dag to 2021-09-27 00:00:00+00:00
[2021-09-29 14:13:37,712] {processor.py:170} INFO - Processing /home/airflow/.local/lib/python3.6/site-packages/airflow/example_dags/example_nested_branch_dag.py took 0.105 seconds
[2021-09-29 14:14:08,175] {processor.py:162} INFO - Started process (PID=5187) to work on /home/airflow/.local/lib/python3.6/site-packages/airflow/example_dags/example_nested_branch_dag.py
[2021-09-29 14:14:08,176] {processor.py:613} INFO - Processing file /home/airflow/.local/lib/python3.6/site-packages/airflow/example_dags/example_nested_branch_dag.py for tasks to queue
[2021-09-29 14:14:08,177] {logging_mixin.py:109} INFO - [2021-09-29 14:14:08,177] {dagbag.py:496} INFO - Filling up the DagBag from /home/airflow/.local/lib/python3.6/site-packages/airflow/example_dags/example_nested_branch_dag.py
[2021-09-29 14:14:08,193] {processor.py:623} INFO - DAG(s) dict_keys(['example_nested_branch_dag']) retrieved from /home/airflow/.local/lib/python3.6/site-packages/airflow/example_dags/example_nested_branch_dag.py
[2021-09-29 14:14:08,232] {logging_mixin.py:109} INFO - [2021-09-29 14:14:08,232] {dag.py:1834} INFO - Sync 1 DAGs
[2021-09-29 14:14:08,253] {logging_mixin.py:109} INFO - [2021-09-29 14:14:08,253] {dag.py:2287} INFO - Setting next_dagrun for example_nested_branch_dag to 2021-09-27 00:00:00+00:00
[2021-09-29 14:14:08,266] {processor.py:170} INFO - Processing /home/airflow/.local/lib/python3.6/site-packages/airflow/example_dags/example_nested_branch_dag.py took 0.095 seconds
[2021-09-29 14:14:38,315] {processor.py:162} INFO - Started process (PID=5380) to work on /home/airflow/.local/lib/python3.6/site-packages/airflow/example_dags/example_nested_branch_dag.py
[2021-09-29 14:14:38,317] {processor.py:613} INFO - Processing file /home/airflow/.local/lib/python3.6/site-packages/airflow/example_dags/example_nested_branch_dag.py for tasks to queue
[2021-09-29 14:14:38,319] {logging_mixin.py:109} INFO - [2021-09-29 14:14:38,318] {dagbag.py:496} INFO - Filling up the DagBag from /home/airflow/.local/lib/python3.6/site-packages/airflow/example_dags/example_nested_branch_dag.py
[2021-09-29 14:14:38,338] {processor.py:623} INFO - DAG(s) dict_keys(['example_nested_branch_dag']) retrieved from /home/airflow/.local/lib/python3.6/site-packages/airflow/example_dags/example_nested_branch_dag.py
[2021-09-29 14:14:38,369] {logging_mixin.py:109} INFO - [2021-09-29 14:14:38,369] {dag.py:1834} INFO - Sync 1 DAGs
[2021-09-29 14:14:38,392] {logging_mixin.py:109} INFO - [2021-09-29 14:14:38,391] {dag.py:2287} INFO - Setting next_dagrun for example_nested_branch_dag to 2021-09-27 00:00:00+00:00
[2021-09-29 14:14:38,405] {processor.py:170} INFO - Processing /home/airflow/.local/lib/python3.6/site-packages/airflow/example_dags/example_nested_branch_dag.py took 0.094 seconds
[2021-09-29 14:15:08,872] {processor.py:162} INFO - Started process (PID=5584) to work on /home/airflow/.local/lib/python3.6/site-packages/airflow/example_dags/example_nested_branch_dag.py
[2021-09-29 14:15:08,875] {processor.py:613} INFO - Processing file /home/airflow/.local/lib/python3.6/site-packages/airflow/example_dags/example_nested_branch_dag.py for tasks to queue
[2021-09-29 14:15:08,876] {logging_mixin.py:109} INFO - [2021-09-29 14:15:08,876] {dagbag.py:496} INFO - Filling up the DagBag from /home/airflow/.local/lib/python3.6/site-packages/airflow/example_dags/example_nested_branch_dag.py
[2021-09-29 14:15:08,895] {processor.py:623} INFO - DAG(s) dict_keys(['example_nested_branch_dag']) retrieved from /home/airflow/.local/lib/python3.6/site-packages/airflow/example_dags/example_nested_branch_dag.py
[2021-09-29 14:15:08,923] {logging_mixin.py:109} INFO - [2021-09-29 14:15:08,922] {dag.py:1834} INFO - Sync 1 DAGs
[2021-09-29 14:15:08,943] {logging_mixin.py:109} INFO - [2021-09-29 14:15:08,942] {dag.py:2287} INFO - Setting next_dagrun for example_nested_branch_dag to 2021-09-27 00:00:00+00:00
[2021-09-29 14:15:08,957] {processor.py:170} INFO - Processing /home/airflow/.local/lib/python3.6/site-packages/airflow/example_dags/example_nested_branch_dag.py took 0.088 seconds
[2021-09-29 14:15:39,214] {processor.py:162} INFO - Started process (PID=5789) to work on /home/airflow/.local/lib/python3.6/site-packages/airflow/example_dags/example_nested_branch_dag.py
[2021-09-29 14:15:39,217] {processor.py:613} INFO - Processing file /home/airflow/.local/lib/python3.6/site-packages/airflow/example_dags/example_nested_branch_dag.py for tasks to queue
[2021-09-29 14:15:39,219] {logging_mixin.py:109} INFO - [2021-09-29 14:15:39,219] {dagbag.py:496} INFO - Filling up the DagBag from /home/airflow/.local/lib/python3.6/site-packages/airflow/example_dags/example_nested_branch_dag.py
[2021-09-29 14:15:39,237] {processor.py:623} INFO - DAG(s) dict_keys(['example_nested_branch_dag']) retrieved from /home/airflow/.local/lib/python3.6/site-packages/airflow/example_dags/example_nested_branch_dag.py
[2021-09-29 14:15:39,267] {logging_mixin.py:109} INFO - [2021-09-29 14:15:39,267] {dag.py:1834} INFO - Sync 1 DAGs
[2021-09-29 14:15:39,294] {logging_mixin.py:109} INFO - [2021-09-29 14:15:39,294] {dag.py:2287} INFO - Setting next_dagrun for example_nested_branch_dag to 2021-09-27 00:00:00+00:00
[2021-09-29 14:15:39,308] {processor.py:170} INFO - Processing /home/airflow/.local/lib/python3.6/site-packages/airflow/example_dags/example_nested_branch_dag.py took 0.098 seconds
[2021-09-29 14:16:09,622] {processor.py:162} INFO - Started process (PID=5993) to work on /home/airflow/.local/lib/python3.6/site-packages/airflow/example_dags/example_nested_branch_dag.py
[2021-09-29 14:16:09,624] {processor.py:613} INFO - Processing file /home/airflow/.local/lib/python3.6/site-packages/airflow/example_dags/example_nested_branch_dag.py for tasks to queue
[2021-09-29 14:16:09,625] {logging_mixin.py:109} INFO - [2021-09-29 14:16:09,625] {dagbag.py:496} INFO - Filling up the DagBag from /home/airflow/.local/lib/python3.6/site-packages/airflow/example_dags/example_nested_branch_dag.py
[2021-09-29 14:16:09,644] {processor.py:623} INFO - DAG(s) dict_keys(['example_nested_branch_dag']) retrieved from /home/airflow/.local/lib/python3.6/site-packages/airflow/example_dags/example_nested_branch_dag.py
[2021-09-29 14:16:09,674] {logging_mixin.py:109} INFO - [2021-09-29 14:16:09,673] {dag.py:1834} INFO - Sync 1 DAGs
[2021-09-29 14:16:09,694] {logging_mixin.py:109} INFO - [2021-09-29 14:16:09,694] {dag.py:2287} INFO - Setting next_dagrun for example_nested_branch_dag to 2021-09-27 00:00:00+00:00
[2021-09-29 14:16:09,708] {processor.py:170} INFO - Processing /home/airflow/.local/lib/python3.6/site-packages/airflow/example_dags/example_nested_branch_dag.py took 0.090 seconds
[2021-09-29 14:16:40,035] {processor.py:162} INFO - Started process (PID=6196) to work on /home/airflow/.local/lib/python3.6/site-packages/airflow/example_dags/example_nested_branch_dag.py
[2021-09-29 14:16:40,037] {processor.py:613} INFO - Processing file /home/airflow/.local/lib/python3.6/site-packages/airflow/example_dags/example_nested_branch_dag.py for tasks to queue
[2021-09-29 14:16:40,038] {logging_mixin.py:109} INFO - [2021-09-29 14:16:40,038] {dagbag.py:496} INFO - Filling up the DagBag from /home/airflow/.local/lib/python3.6/site-packages/airflow/example_dags/example_nested_branch_dag.py
[2021-09-29 14:16:40,051] {processor.py:623} INFO - DAG(s) dict_keys(['example_nested_branch_dag']) retrieved from /home/airflow/.local/lib/python3.6/site-packages/airflow/example_dags/example_nested_branch_dag.py
[2021-09-29 14:16:40,072] {logging_mixin.py:109} INFO - [2021-09-29 14:16:40,071] {dag.py:1834} INFO - Sync 1 DAGs
[2021-09-29 14:16:40,086] {logging_mixin.py:109} INFO - [2021-09-29 14:16:40,086] {dag.py:2287} INFO - Setting next_dagrun for example_nested_branch_dag to 2021-09-27 00:00:00+00:00
[2021-09-29 14:16:40,096] {processor.py:170} INFO - Processing /home/airflow/.local/lib/python3.6/site-packages/airflow/example_dags/example_nested_branch_dag.py took 0.065 seconds
[2021-09-29 14:17:10,514] {processor.py:162} INFO - Started process (PID=6389) to work on /home/airflow/.local/lib/python3.6/site-packages/airflow/example_dags/example_nested_branch_dag.py
[2021-09-29 14:17:10,517] {processor.py:613} INFO - Processing file /home/airflow/.local/lib/python3.6/site-packages/airflow/example_dags/example_nested_branch_dag.py for tasks to queue
[2021-09-29 14:17:10,519] {logging_mixin.py:109} INFO - [2021-09-29 14:17:10,519] {dagbag.py:496} INFO - Filling up the DagBag from /home/airflow/.local/lib/python3.6/site-packages/airflow/example_dags/example_nested_branch_dag.py
[2021-09-29 14:17:10,537] {processor.py:623} INFO - DAG(s) dict_keys(['example_nested_branch_dag']) retrieved from /home/airflow/.local/lib/python3.6/site-packages/airflow/example_dags/example_nested_branch_dag.py
[2021-09-29 14:17:10,564] {logging_mixin.py:109} INFO - [2021-09-29 14:17:10,564] {dag.py:1834} INFO - Sync 1 DAGs
[2021-09-29 14:17:10,582] {logging_mixin.py:109} INFO - [2021-09-29 14:17:10,582] {dag.py:2287} INFO - Setting next_dagrun for example_nested_branch_dag to 2021-09-27 00:00:00+00:00
[2021-09-29 14:17:10,594] {processor.py:170} INFO - Processing /home/airflow/.local/lib/python3.6/site-packages/airflow/example_dags/example_nested_branch_dag.py took 0.084 seconds
[2021-09-29 14:17:41,090] {processor.py:162} INFO - Started process (PID=6596) to work on /home/airflow/.local/lib/python3.6/site-packages/airflow/example_dags/example_nested_branch_dag.py
[2021-09-29 14:17:41,092] {processor.py:613} INFO - Processing file /home/airflow/.local/lib/python3.6/site-packages/airflow/example_dags/example_nested_branch_dag.py for tasks to queue
[2021-09-29 14:17:41,093] {logging_mixin.py:109} INFO - [2021-09-29 14:17:41,093] {dagbag.py:496} INFO - Filling up the DagBag from /home/airflow/.local/lib/python3.6/site-packages/airflow/example_dags/example_nested_branch_dag.py
[2021-09-29 14:17:41,112] {processor.py:623} INFO - DAG(s) dict_keys(['example_nested_branch_dag']) retrieved from /home/airflow/.local/lib/python3.6/site-packages/airflow/example_dags/example_nested_branch_dag.py
[2021-09-29 14:17:41,142] {logging_mixin.py:109} INFO - [2021-09-29 14:17:41,142] {dag.py:1834} INFO - Sync 1 DAGs
[2021-09-29 14:17:41,161] {logging_mixin.py:109} INFO - [2021-09-29 14:17:41,161] {dag.py:2287} INFO - Setting next_dagrun for example_nested_branch_dag to 2021-09-27 00:00:00+00:00
[2021-09-29 14:17:41,173] {processor.py:170} INFO - Processing /home/airflow/.local/lib/python3.6/site-packages/airflow/example_dags/example_nested_branch_dag.py took 0.088 seconds
[2021-09-29 14:18:11,226] {processor.py:162} INFO - Started process (PID=6797) to work on /home/airflow/.local/lib/python3.6/site-packages/airflow/example_dags/example_nested_branch_dag.py
[2021-09-29 14:18:11,228] {processor.py:613} INFO - Processing file /home/airflow/.local/lib/python3.6/site-packages/airflow/example_dags/example_nested_branch_dag.py for tasks to queue
[2021-09-29 14:18:11,230] {logging_mixin.py:109} INFO - [2021-09-29 14:18:11,230] {dagbag.py:496} INFO - Filling up the DagBag from /home/airflow/.local/lib/python3.6/site-packages/airflow/example_dags/example_nested_branch_dag.py
[2021-09-29 14:18:11,255] {processor.py:623} INFO - DAG(s) dict_keys(['example_nested_branch_dag']) retrieved from /home/airflow/.local/lib/python3.6/site-packages/airflow/example_dags/example_nested_branch_dag.py
[2021-09-29 14:18:11,292] {logging_mixin.py:109} INFO - [2021-09-29 14:18:11,292] {dag.py:1834} INFO - Sync 1 DAGs
[2021-09-29 14:18:11,315] {logging_mixin.py:109} INFO - [2021-09-29 14:18:11,314] {dag.py:2287} INFO - Setting next_dagrun for example_nested_branch_dag to 2021-09-27 00:00:00+00:00
[2021-09-29 14:18:11,338] {processor.py:170} INFO - Processing /home/airflow/.local/lib/python3.6/site-packages/airflow/example_dags/example_nested_branch_dag.py took 0.116 seconds
[2021-09-29 14:18:41,975] {processor.py:162} INFO - Started process (PID=7006) to work on /home/airflow/.local/lib/python3.6/site-packages/airflow/example_dags/example_nested_branch_dag.py
[2021-09-29 14:18:41,977] {processor.py:613} INFO - Processing file /home/airflow/.local/lib/python3.6/site-packages/airflow/example_dags/example_nested_branch_dag.py for tasks to queue
[2021-09-29 14:18:41,978] {logging_mixin.py:109} INFO - [2021-09-29 14:18:41,978] {dagbag.py:496} INFO - Filling up the DagBag from /home/airflow/.local/lib/python3.6/site-packages/airflow/example_dags/example_nested_branch_dag.py
[2021-09-29 14:18:41,996] {processor.py:623} INFO - DAG(s) dict_keys(['example_nested_branch_dag']) retrieved from /home/airflow/.local/lib/python3.6/site-packages/airflow/example_dags/example_nested_branch_dag.py
[2021-09-29 14:18:42,022] {logging_mixin.py:109} INFO - [2021-09-29 14:18:42,022] {dag.py:1834} INFO - Sync 1 DAGs
[2021-09-29 14:18:42,040] {logging_mixin.py:109} INFO - [2021-09-29 14:18:42,040] {dag.py:2287} INFO - Setting next_dagrun for example_nested_branch_dag to 2021-09-27 00:00:00+00:00
[2021-09-29 14:18:42,052] {processor.py:170} INFO - Processing /home/airflow/.local/lib/python3.6/site-packages/airflow/example_dags/example_nested_branch_dag.py took 0.081 seconds
[2021-09-29 14:19:12,318] {processor.py:162} INFO - Started process (PID=7210) to work on /home/airflow/.local/lib/python3.6/site-packages/airflow/example_dags/example_nested_branch_dag.py
[2021-09-29 14:19:12,321] {processor.py:613} INFO - Processing file /home/airflow/.local/lib/python3.6/site-packages/airflow/example_dags/example_nested_branch_dag.py for tasks to queue
[2021-09-29 14:19:12,322] {logging_mixin.py:109} INFO - [2021-09-29 14:19:12,322] {dagbag.py:496} INFO - Filling up the DagBag from /home/airflow/.local/lib/python3.6/site-packages/airflow/example_dags/example_nested_branch_dag.py
[2021-09-29 14:19:12,341] {processor.py:623} INFO - DAG(s) dict_keys(['example_nested_branch_dag']) retrieved from /home/airflow/.local/lib/python3.6/site-packages/airflow/example_dags/example_nested_branch_dag.py
[2021-09-29 14:19:12,368] {logging_mixin.py:109} INFO - [2021-09-29 14:19:12,368] {dag.py:1834} INFO - Sync 1 DAGs
[2021-09-29 14:19:12,387] {logging_mixin.py:109} INFO - [2021-09-29 14:19:12,387] {dag.py:2287} INFO - Setting next_dagrun for example_nested_branch_dag to 2021-09-27 00:00:00+00:00
[2021-09-29 14:19:12,399] {processor.py:170} INFO - Processing /home/airflow/.local/lib/python3.6/site-packages/airflow/example_dags/example_nested_branch_dag.py took 0.085 seconds
