[2021-09-29 14:01:56,103] {processor.py:162} INFO - Started process (PID=340) to work on /home/airflow/.local/lib/python3.6/site-packages/airflow/example_dags/example_latest_only_with_trigger.py
[2021-09-29 14:01:56,106] {processor.py:613} INFO - Processing file /home/airflow/.local/lib/python3.6/site-packages/airflow/example_dags/example_latest_only_with_trigger.py for tasks to queue
[2021-09-29 14:01:56,108] {logging_mixin.py:109} INFO - [2021-09-29 14:01:56,108] {dagbag.py:496} INFO - Filling up the DagBag from /home/airflow/.local/lib/python3.6/site-packages/airflow/example_dags/example_latest_only_with_trigger.py
[2021-09-29 14:01:56,138] {processor.py:623} INFO - DAG(s) dict_keys(['latest_only_with_trigger']) retrieved from /home/airflow/.local/lib/python3.6/site-packages/airflow/example_dags/example_latest_only_with_trigger.py
[2021-09-29 14:01:56,483] {logging_mixin.py:109} INFO - [2021-09-29 14:01:56,483] {dag.py:1834} INFO - Sync 1 DAGs
[2021-09-29 14:01:56,508] {logging_mixin.py:109} INFO - [2021-09-29 14:01:56,508] {dag.py:2287} INFO - Setting next_dagrun for latest_only_with_trigger to 2021-09-27 00:00:00+00:00
[2021-09-29 14:01:56,532] {processor.py:170} INFO - Processing /home/airflow/.local/lib/python3.6/site-packages/airflow/example_dags/example_latest_only_with_trigger.py took 0.434 seconds
[2021-09-29 14:02:27,036] {processor.py:162} INFO - Started process (PID=526) to work on /home/airflow/.local/lib/python3.6/site-packages/airflow/example_dags/example_latest_only_with_trigger.py
[2021-09-29 14:02:27,038] {processor.py:613} INFO - Processing file /home/airflow/.local/lib/python3.6/site-packages/airflow/example_dags/example_latest_only_with_trigger.py for tasks to queue
[2021-09-29 14:02:27,040] {logging_mixin.py:109} INFO - [2021-09-29 14:02:27,040] {dagbag.py:496} INFO - Filling up the DagBag from /home/airflow/.local/lib/python3.6/site-packages/airflow/example_dags/example_latest_only_with_trigger.py
[2021-09-29 14:02:27,056] {processor.py:623} INFO - DAG(s) dict_keys(['latest_only_with_trigger']) retrieved from /home/airflow/.local/lib/python3.6/site-packages/airflow/example_dags/example_latest_only_with_trigger.py
[2021-09-29 14:02:27,080] {logging_mixin.py:109} INFO - [2021-09-29 14:02:27,080] {dag.py:1834} INFO - Sync 1 DAGs
[2021-09-29 14:02:27,093] {logging_mixin.py:109} INFO - [2021-09-29 14:02:27,093] {dag.py:2287} INFO - Setting next_dagrun for latest_only_with_trigger to 2021-09-27 00:00:00+00:00
[2021-09-29 14:02:27,103] {processor.py:170} INFO - Processing /home/airflow/.local/lib/python3.6/site-packages/airflow/example_dags/example_latest_only_with_trigger.py took 0.071 seconds
[2021-09-29 14:02:58,216] {processor.py:162} INFO - Started process (PID=723) to work on /home/airflow/.local/lib/python3.6/site-packages/airflow/example_dags/example_latest_only_with_trigger.py
[2021-09-29 14:02:58,220] {processor.py:613} INFO - Processing file /home/airflow/.local/lib/python3.6/site-packages/airflow/example_dags/example_latest_only_with_trigger.py for tasks to queue
[2021-09-29 14:02:58,222] {logging_mixin.py:109} INFO - [2021-09-29 14:02:58,222] {dagbag.py:496} INFO - Filling up the DagBag from /home/airflow/.local/lib/python3.6/site-packages/airflow/example_dags/example_latest_only_with_trigger.py
[2021-09-29 14:02:58,239] {processor.py:623} INFO - DAG(s) dict_keys(['latest_only_with_trigger']) retrieved from /home/airflow/.local/lib/python3.6/site-packages/airflow/example_dags/example_latest_only_with_trigger.py
[2021-09-29 14:02:58,273] {logging_mixin.py:109} INFO - [2021-09-29 14:02:58,273] {dag.py:1834} INFO - Sync 1 DAGs
[2021-09-29 14:02:58,304] {logging_mixin.py:109} INFO - [2021-09-29 14:02:58,304] {dag.py:2287} INFO - Setting next_dagrun for latest_only_with_trigger to 2021-09-27 00:00:00+00:00
[2021-09-29 14:02:58,323] {processor.py:170} INFO - Processing /home/airflow/.local/lib/python3.6/site-packages/airflow/example_dags/example_latest_only_with_trigger.py took 0.113 seconds
[2021-09-29 14:03:28,819] {processor.py:162} INFO - Started process (PID=952) to work on /home/airflow/.local/lib/python3.6/site-packages/airflow/example_dags/example_latest_only_with_trigger.py
[2021-09-29 14:03:28,822] {processor.py:613} INFO - Processing file /home/airflow/.local/lib/python3.6/site-packages/airflow/example_dags/example_latest_only_with_trigger.py for tasks to queue
[2021-09-29 14:03:28,824] {logging_mixin.py:109} INFO - [2021-09-29 14:03:28,824] {dagbag.py:496} INFO - Filling up the DagBag from /home/airflow/.local/lib/python3.6/site-packages/airflow/example_dags/example_latest_only_with_trigger.py
[2021-09-29 14:03:28,841] {processor.py:623} INFO - DAG(s) dict_keys(['latest_only_with_trigger']) retrieved from /home/airflow/.local/lib/python3.6/site-packages/airflow/example_dags/example_latest_only_with_trigger.py
[2021-09-29 14:03:28,870] {logging_mixin.py:109} INFO - [2021-09-29 14:03:28,870] {dag.py:1834} INFO - Sync 1 DAGs
[2021-09-29 14:03:28,886] {logging_mixin.py:109} INFO - [2021-09-29 14:03:28,886] {dag.py:2287} INFO - Setting next_dagrun for latest_only_with_trigger to 2021-09-27 00:00:00+00:00
[2021-09-29 14:03:28,898] {processor.py:170} INFO - Processing /home/airflow/.local/lib/python3.6/site-packages/airflow/example_dags/example_latest_only_with_trigger.py took 0.083 seconds
[2021-09-29 14:03:59,074] {processor.py:162} INFO - Started process (PID=1172) to work on /home/airflow/.local/lib/python3.6/site-packages/airflow/example_dags/example_latest_only_with_trigger.py
[2021-09-29 14:03:59,076] {processor.py:613} INFO - Processing file /home/airflow/.local/lib/python3.6/site-packages/airflow/example_dags/example_latest_only_with_trigger.py for tasks to queue
[2021-09-29 14:03:59,078] {logging_mixin.py:109} INFO - [2021-09-29 14:03:59,078] {dagbag.py:496} INFO - Filling up the DagBag from /home/airflow/.local/lib/python3.6/site-packages/airflow/example_dags/example_latest_only_with_trigger.py
[2021-09-29 14:03:59,093] {processor.py:623} INFO - DAG(s) dict_keys(['latest_only_with_trigger']) retrieved from /home/airflow/.local/lib/python3.6/site-packages/airflow/example_dags/example_latest_only_with_trigger.py
[2021-09-29 14:03:59,120] {logging_mixin.py:109} INFO - [2021-09-29 14:03:59,120] {dag.py:1834} INFO - Sync 1 DAGs
[2021-09-29 14:03:59,136] {logging_mixin.py:109} INFO - [2021-09-29 14:03:59,136] {dag.py:2287} INFO - Setting next_dagrun for latest_only_with_trigger to 2021-09-27 00:00:00+00:00
[2021-09-29 14:03:59,147] {processor.py:170} INFO - Processing /home/airflow/.local/lib/python3.6/site-packages/airflow/example_dags/example_latest_only_with_trigger.py took 0.080 seconds
[2021-09-29 14:04:30,199] {processor.py:162} INFO - Started process (PID=1403) to work on /home/airflow/.local/lib/python3.6/site-packages/airflow/example_dags/example_latest_only_with_trigger.py
[2021-09-29 14:04:30,202] {processor.py:613} INFO - Processing file /home/airflow/.local/lib/python3.6/site-packages/airflow/example_dags/example_latest_only_with_trigger.py for tasks to queue
[2021-09-29 14:04:30,204] {logging_mixin.py:109} INFO - [2021-09-29 14:04:30,203] {dagbag.py:496} INFO - Filling up the DagBag from /home/airflow/.local/lib/python3.6/site-packages/airflow/example_dags/example_latest_only_with_trigger.py
[2021-09-29 14:04:30,218] {processor.py:623} INFO - DAG(s) dict_keys(['latest_only_with_trigger']) retrieved from /home/airflow/.local/lib/python3.6/site-packages/airflow/example_dags/example_latest_only_with_trigger.py
[2021-09-29 14:04:30,247] {logging_mixin.py:109} INFO - [2021-09-29 14:04:30,247] {dag.py:1834} INFO - Sync 1 DAGs
[2021-09-29 14:04:30,265] {logging_mixin.py:109} INFO - [2021-09-29 14:04:30,265] {dag.py:2287} INFO - Setting next_dagrun for latest_only_with_trigger to 2021-09-27 00:00:00+00:00
[2021-09-29 14:04:30,279] {processor.py:170} INFO - Processing /home/airflow/.local/lib/python3.6/site-packages/airflow/example_dags/example_latest_only_with_trigger.py took 0.084 seconds
[2021-09-29 14:05:00,766] {processor.py:162} INFO - Started process (PID=1610) to work on /home/airflow/.local/lib/python3.6/site-packages/airflow/example_dags/example_latest_only_with_trigger.py
[2021-09-29 14:05:00,768] {processor.py:613} INFO - Processing file /home/airflow/.local/lib/python3.6/site-packages/airflow/example_dags/example_latest_only_with_trigger.py for tasks to queue
[2021-09-29 14:05:00,769] {logging_mixin.py:109} INFO - [2021-09-29 14:05:00,769] {dagbag.py:496} INFO - Filling up the DagBag from /home/airflow/.local/lib/python3.6/site-packages/airflow/example_dags/example_latest_only_with_trigger.py
[2021-09-29 14:05:00,784] {processor.py:623} INFO - DAG(s) dict_keys(['latest_only_with_trigger']) retrieved from /home/airflow/.local/lib/python3.6/site-packages/airflow/example_dags/example_latest_only_with_trigger.py
[2021-09-29 14:05:00,811] {logging_mixin.py:109} INFO - [2021-09-29 14:05:00,811] {dag.py:1834} INFO - Sync 1 DAGs
[2021-09-29 14:05:00,829] {logging_mixin.py:109} INFO - [2021-09-29 14:05:00,829] {dag.py:2287} INFO - Setting next_dagrun for latest_only_with_trigger to 2021-09-27 00:00:00+00:00
[2021-09-29 14:05:00,841] {processor.py:170} INFO - Processing /home/airflow/.local/lib/python3.6/site-packages/airflow/example_dags/example_latest_only_with_trigger.py took 0.080 seconds
[2021-09-29 14:05:31,070] {processor.py:162} INFO - Started process (PID=1810) to work on /home/airflow/.local/lib/python3.6/site-packages/airflow/example_dags/example_latest_only_with_trigger.py
[2021-09-29 14:05:31,071] {processor.py:613} INFO - Processing file /home/airflow/.local/lib/python3.6/site-packages/airflow/example_dags/example_latest_only_with_trigger.py for tasks to queue
[2021-09-29 14:05:31,073] {logging_mixin.py:109} INFO - [2021-09-29 14:05:31,073] {dagbag.py:496} INFO - Filling up the DagBag from /home/airflow/.local/lib/python3.6/site-packages/airflow/example_dags/example_latest_only_with_trigger.py
[2021-09-29 14:05:31,087] {processor.py:623} INFO - DAG(s) dict_keys(['latest_only_with_trigger']) retrieved from /home/airflow/.local/lib/python3.6/site-packages/airflow/example_dags/example_latest_only_with_trigger.py
[2021-09-29 14:05:31,112] {logging_mixin.py:109} INFO - [2021-09-29 14:05:31,112] {dag.py:1834} INFO - Sync 1 DAGs
[2021-09-29 14:05:31,127] {logging_mixin.py:109} INFO - [2021-09-29 14:05:31,127] {dag.py:2287} INFO - Setting next_dagrun for latest_only_with_trigger to 2021-09-27 00:00:00+00:00
[2021-09-29 14:05:31,136] {processor.py:170} INFO - Processing /home/airflow/.local/lib/python3.6/site-packages/airflow/example_dags/example_latest_only_with_trigger.py took 0.071 seconds
[2021-09-29 14:06:01,907] {processor.py:162} INFO - Started process (PID=2046) to work on /home/airflow/.local/lib/python3.6/site-packages/airflow/example_dags/example_latest_only_with_trigger.py
[2021-09-29 14:06:01,909] {processor.py:613} INFO - Processing file /home/airflow/.local/lib/python3.6/site-packages/airflow/example_dags/example_latest_only_with_trigger.py for tasks to queue
[2021-09-29 14:06:01,911] {logging_mixin.py:109} INFO - [2021-09-29 14:06:01,910] {dagbag.py:496} INFO - Filling up the DagBag from /home/airflow/.local/lib/python3.6/site-packages/airflow/example_dags/example_latest_only_with_trigger.py
[2021-09-29 14:06:01,928] {processor.py:623} INFO - DAG(s) dict_keys(['latest_only_with_trigger']) retrieved from /home/airflow/.local/lib/python3.6/site-packages/airflow/example_dags/example_latest_only_with_trigger.py
[2021-09-29 14:06:01,955] {logging_mixin.py:109} INFO - [2021-09-29 14:06:01,955] {dag.py:1834} INFO - Sync 1 DAGs
[2021-09-29 14:06:01,974] {logging_mixin.py:109} INFO - [2021-09-29 14:06:01,974] {dag.py:2287} INFO - Setting next_dagrun for latest_only_with_trigger to 2021-09-27 00:00:00+00:00
[2021-09-29 14:06:01,987] {processor.py:170} INFO - Processing /home/airflow/.local/lib/python3.6/site-packages/airflow/example_dags/example_latest_only_with_trigger.py took 0.085 seconds
[2021-09-29 14:06:32,416] {processor.py:162} INFO - Started process (PID=2239) to work on /home/airflow/.local/lib/python3.6/site-packages/airflow/example_dags/example_latest_only_with_trigger.py
[2021-09-29 14:06:32,418] {processor.py:613} INFO - Processing file /home/airflow/.local/lib/python3.6/site-packages/airflow/example_dags/example_latest_only_with_trigger.py for tasks to queue
[2021-09-29 14:06:32,420] {logging_mixin.py:109} INFO - [2021-09-29 14:06:32,420] {dagbag.py:496} INFO - Filling up the DagBag from /home/airflow/.local/lib/python3.6/site-packages/airflow/example_dags/example_latest_only_with_trigger.py
[2021-09-29 14:06:32,436] {processor.py:623} INFO - DAG(s) dict_keys(['latest_only_with_trigger']) retrieved from /home/airflow/.local/lib/python3.6/site-packages/airflow/example_dags/example_latest_only_with_trigger.py
[2021-09-29 14:06:32,467] {logging_mixin.py:109} INFO - [2021-09-29 14:06:32,467] {dag.py:1834} INFO - Sync 1 DAGs
[2021-09-29 14:06:32,484] {logging_mixin.py:109} INFO - [2021-09-29 14:06:32,484] {dag.py:2287} INFO - Setting next_dagrun for latest_only_with_trigger to 2021-09-27 00:00:00+00:00
[2021-09-29 14:06:32,499] {processor.py:170} INFO - Processing /home/airflow/.local/lib/python3.6/site-packages/airflow/example_dags/example_latest_only_with_trigger.py took 0.089 seconds
[2021-09-29 14:07:02,871] {processor.py:162} INFO - Started process (PID=2434) to work on /home/airflow/.local/lib/python3.6/site-packages/airflow/example_dags/example_latest_only_with_trigger.py
[2021-09-29 14:07:02,876] {processor.py:613} INFO - Processing file /home/airflow/.local/lib/python3.6/site-packages/airflow/example_dags/example_latest_only_with_trigger.py for tasks to queue
[2021-09-29 14:07:02,878] {logging_mixin.py:109} INFO - [2021-09-29 14:07:02,878] {dagbag.py:496} INFO - Filling up the DagBag from /home/airflow/.local/lib/python3.6/site-packages/airflow/example_dags/example_latest_only_with_trigger.py
[2021-09-29 14:07:02,894] {processor.py:623} INFO - DAG(s) dict_keys(['latest_only_with_trigger']) retrieved from /home/airflow/.local/lib/python3.6/site-packages/airflow/example_dags/example_latest_only_with_trigger.py
[2021-09-29 14:07:02,922] {logging_mixin.py:109} INFO - [2021-09-29 14:07:02,922] {dag.py:1834} INFO - Sync 1 DAGs
[2021-09-29 14:07:02,939] {logging_mixin.py:109} INFO - [2021-09-29 14:07:02,939] {dag.py:2287} INFO - Setting next_dagrun for latest_only_with_trigger to 2021-09-27 00:00:00+00:00
[2021-09-29 14:07:02,953] {processor.py:170} INFO - Processing /home/airflow/.local/lib/python3.6/site-packages/airflow/example_dags/example_latest_only_with_trigger.py took 0.085 seconds
[2021-09-29 14:07:33,023] {processor.py:162} INFO - Started process (PID=2627) to work on /home/airflow/.local/lib/python3.6/site-packages/airflow/example_dags/example_latest_only_with_trigger.py
[2021-09-29 14:07:33,025] {processor.py:613} INFO - Processing file /home/airflow/.local/lib/python3.6/site-packages/airflow/example_dags/example_latest_only_with_trigger.py for tasks to queue
[2021-09-29 14:07:33,026] {logging_mixin.py:109} INFO - [2021-09-29 14:07:33,026] {dagbag.py:496} INFO - Filling up the DagBag from /home/airflow/.local/lib/python3.6/site-packages/airflow/example_dags/example_latest_only_with_trigger.py
[2021-09-29 14:07:33,041] {processor.py:623} INFO - DAG(s) dict_keys(['latest_only_with_trigger']) retrieved from /home/airflow/.local/lib/python3.6/site-packages/airflow/example_dags/example_latest_only_with_trigger.py
[2021-09-29 14:07:33,071] {logging_mixin.py:109} INFO - [2021-09-29 14:07:33,071] {dag.py:1834} INFO - Sync 1 DAGs
[2021-09-29 14:07:33,087] {logging_mixin.py:109} INFO - [2021-09-29 14:07:33,087] {dag.py:2287} INFO - Setting next_dagrun for latest_only_with_trigger to 2021-09-27 00:00:00+00:00
[2021-09-29 14:07:33,100] {processor.py:170} INFO - Processing /home/airflow/.local/lib/python3.6/site-packages/airflow/example_dags/example_latest_only_with_trigger.py took 0.082 seconds
[2021-09-29 14:08:03,555] {processor.py:162} INFO - Started process (PID=2821) to work on /home/airflow/.local/lib/python3.6/site-packages/airflow/example_dags/example_latest_only_with_trigger.py
[2021-09-29 14:08:03,557] {processor.py:613} INFO - Processing file /home/airflow/.local/lib/python3.6/site-packages/airflow/example_dags/example_latest_only_with_trigger.py for tasks to queue
[2021-09-29 14:08:03,558] {logging_mixin.py:109} INFO - [2021-09-29 14:08:03,558] {dagbag.py:496} INFO - Filling up the DagBag from /home/airflow/.local/lib/python3.6/site-packages/airflow/example_dags/example_latest_only_with_trigger.py
[2021-09-29 14:08:03,573] {processor.py:623} INFO - DAG(s) dict_keys(['latest_only_with_trigger']) retrieved from /home/airflow/.local/lib/python3.6/site-packages/airflow/example_dags/example_latest_only_with_trigger.py
[2021-09-29 14:08:03,604] {logging_mixin.py:109} INFO - [2021-09-29 14:08:03,603] {dag.py:1834} INFO - Sync 1 DAGs
[2021-09-29 14:08:03,621] {logging_mixin.py:109} INFO - [2021-09-29 14:08:03,620] {dag.py:2287} INFO - Setting next_dagrun for latest_only_with_trigger to 2021-09-27 00:00:00+00:00
[2021-09-29 14:08:03,635] {processor.py:170} INFO - Processing /home/airflow/.local/lib/python3.6/site-packages/airflow/example_dags/example_latest_only_with_trigger.py took 0.085 seconds
[2021-09-29 14:08:33,814] {processor.py:162} INFO - Started process (PID=3024) to work on /home/airflow/.local/lib/python3.6/site-packages/airflow/example_dags/example_latest_only_with_trigger.py
[2021-09-29 14:08:33,816] {processor.py:613} INFO - Processing file /home/airflow/.local/lib/python3.6/site-packages/airflow/example_dags/example_latest_only_with_trigger.py for tasks to queue
[2021-09-29 14:08:33,818] {logging_mixin.py:109} INFO - [2021-09-29 14:08:33,818] {dagbag.py:496} INFO - Filling up the DagBag from /home/airflow/.local/lib/python3.6/site-packages/airflow/example_dags/example_latest_only_with_trigger.py
[2021-09-29 14:08:33,841] {processor.py:623} INFO - DAG(s) dict_keys(['latest_only_with_trigger']) retrieved from /home/airflow/.local/lib/python3.6/site-packages/airflow/example_dags/example_latest_only_with_trigger.py
[2021-09-29 14:08:33,866] {logging_mixin.py:109} INFO - [2021-09-29 14:08:33,866] {dag.py:1834} INFO - Sync 1 DAGs
[2021-09-29 14:08:33,882] {logging_mixin.py:109} INFO - [2021-09-29 14:08:33,882] {dag.py:2287} INFO - Setting next_dagrun for latest_only_with_trigger to 2021-09-27 00:00:00+00:00
[2021-09-29 14:08:33,895] {processor.py:170} INFO - Processing /home/airflow/.local/lib/python3.6/site-packages/airflow/example_dags/example_latest_only_with_trigger.py took 0.085 seconds
[2021-09-29 14:09:05,005] {processor.py:162} INFO - Started process (PID=3227) to work on /home/airflow/.local/lib/python3.6/site-packages/airflow/example_dags/example_latest_only_with_trigger.py
[2021-09-29 14:09:05,013] {processor.py:613} INFO - Processing file /home/airflow/.local/lib/python3.6/site-packages/airflow/example_dags/example_latest_only_with_trigger.py for tasks to queue
[2021-09-29 14:09:05,015] {logging_mixin.py:109} INFO - [2021-09-29 14:09:05,015] {dagbag.py:496} INFO - Filling up the DagBag from /home/airflow/.local/lib/python3.6/site-packages/airflow/example_dags/example_latest_only_with_trigger.py
[2021-09-29 14:09:05,031] {processor.py:623} INFO - DAG(s) dict_keys(['latest_only_with_trigger']) retrieved from /home/airflow/.local/lib/python3.6/site-packages/airflow/example_dags/example_latest_only_with_trigger.py
[2021-09-29 14:09:05,063] {logging_mixin.py:109} INFO - [2021-09-29 14:09:05,063] {dag.py:1834} INFO - Sync 1 DAGs
[2021-09-29 14:09:05,081] {logging_mixin.py:109} INFO - [2021-09-29 14:09:05,081] {dag.py:2287} INFO - Setting next_dagrun for latest_only_with_trigger to 2021-09-27 00:00:00+00:00
[2021-09-29 14:09:05,094] {processor.py:170} INFO - Processing /home/airflow/.local/lib/python3.6/site-packages/airflow/example_dags/example_latest_only_with_trigger.py took 0.092 seconds
[2021-09-29 14:09:35,812] {processor.py:162} INFO - Started process (PID=3426) to work on /home/airflow/.local/lib/python3.6/site-packages/airflow/example_dags/example_latest_only_with_trigger.py
[2021-09-29 14:09:35,815] {processor.py:613} INFO - Processing file /home/airflow/.local/lib/python3.6/site-packages/airflow/example_dags/example_latest_only_with_trigger.py for tasks to queue
[2021-09-29 14:09:35,816] {logging_mixin.py:109} INFO - [2021-09-29 14:09:35,816] {dagbag.py:496} INFO - Filling up the DagBag from /home/airflow/.local/lib/python3.6/site-packages/airflow/example_dags/example_latest_only_with_trigger.py
[2021-09-29 14:09:35,831] {processor.py:623} INFO - DAG(s) dict_keys(['latest_only_with_trigger']) retrieved from /home/airflow/.local/lib/python3.6/site-packages/airflow/example_dags/example_latest_only_with_trigger.py
[2021-09-29 14:09:35,859] {logging_mixin.py:109} INFO - [2021-09-29 14:09:35,859] {dag.py:1834} INFO - Sync 1 DAGs
[2021-09-29 14:09:35,876] {logging_mixin.py:109} INFO - [2021-09-29 14:09:35,876] {dag.py:2287} INFO - Setting next_dagrun for latest_only_with_trigger to 2021-09-27 00:00:00+00:00
[2021-09-29 14:09:35,889] {processor.py:170} INFO - Processing /home/airflow/.local/lib/python3.6/site-packages/airflow/example_dags/example_latest_only_with_trigger.py took 0.081 seconds
[2021-09-29 14:10:05,969] {processor.py:162} INFO - Started process (PID=3627) to work on /home/airflow/.local/lib/python3.6/site-packages/airflow/example_dags/example_latest_only_with_trigger.py
[2021-09-29 14:10:05,971] {processor.py:613} INFO - Processing file /home/airflow/.local/lib/python3.6/site-packages/airflow/example_dags/example_latest_only_with_trigger.py for tasks to queue
[2021-09-29 14:10:05,973] {logging_mixin.py:109} INFO - [2021-09-29 14:10:05,972] {dagbag.py:496} INFO - Filling up the DagBag from /home/airflow/.local/lib/python3.6/site-packages/airflow/example_dags/example_latest_only_with_trigger.py
[2021-09-29 14:10:05,987] {processor.py:623} INFO - DAG(s) dict_keys(['latest_only_with_trigger']) retrieved from /home/airflow/.local/lib/python3.6/site-packages/airflow/example_dags/example_latest_only_with_trigger.py
[2021-09-29 14:10:06,011] {logging_mixin.py:109} INFO - [2021-09-29 14:10:06,011] {dag.py:1834} INFO - Sync 1 DAGs
[2021-09-29 14:10:06,026] {logging_mixin.py:109} INFO - [2021-09-29 14:10:06,026] {dag.py:2287} INFO - Setting next_dagrun for latest_only_with_trigger to 2021-09-27 00:00:00+00:00
[2021-09-29 14:10:06,037] {processor.py:170} INFO - Processing /home/airflow/.local/lib/python3.6/site-packages/airflow/example_dags/example_latest_only_with_trigger.py took 0.073 seconds
[2021-09-29 14:10:36,306] {processor.py:162} INFO - Started process (PID=3812) to work on /home/airflow/.local/lib/python3.6/site-packages/airflow/example_dags/example_latest_only_with_trigger.py
[2021-09-29 14:10:36,308] {processor.py:613} INFO - Processing file /home/airflow/.local/lib/python3.6/site-packages/airflow/example_dags/example_latest_only_with_trigger.py for tasks to queue
[2021-09-29 14:10:36,309] {logging_mixin.py:109} INFO - [2021-09-29 14:10:36,309] {dagbag.py:496} INFO - Filling up the DagBag from /home/airflow/.local/lib/python3.6/site-packages/airflow/example_dags/example_latest_only_with_trigger.py
[2021-09-29 14:10:36,327] {processor.py:623} INFO - DAG(s) dict_keys(['latest_only_with_trigger']) retrieved from /home/airflow/.local/lib/python3.6/site-packages/airflow/example_dags/example_latest_only_with_trigger.py
[2021-09-29 14:10:36,357] {logging_mixin.py:109} INFO - [2021-09-29 14:10:36,357] {dag.py:1834} INFO - Sync 1 DAGs
[2021-09-29 14:10:36,374] {logging_mixin.py:109} INFO - [2021-09-29 14:10:36,374] {dag.py:2287} INFO - Setting next_dagrun for latest_only_with_trigger to 2021-09-27 00:00:00+00:00
[2021-09-29 14:10:36,386] {processor.py:170} INFO - Processing /home/airflow/.local/lib/python3.6/site-packages/airflow/example_dags/example_latest_only_with_trigger.py took 0.084 seconds
[2021-09-29 14:11:06,748] {processor.py:162} INFO - Started process (PID=4010) to work on /home/airflow/.local/lib/python3.6/site-packages/airflow/example_dags/example_latest_only_with_trigger.py
[2021-09-29 14:11:06,751] {processor.py:613} INFO - Processing file /home/airflow/.local/lib/python3.6/site-packages/airflow/example_dags/example_latest_only_with_trigger.py for tasks to queue
[2021-09-29 14:11:06,752] {logging_mixin.py:109} INFO - [2021-09-29 14:11:06,752] {dagbag.py:496} INFO - Filling up the DagBag from /home/airflow/.local/lib/python3.6/site-packages/airflow/example_dags/example_latest_only_with_trigger.py
[2021-09-29 14:11:06,768] {processor.py:623} INFO - DAG(s) dict_keys(['latest_only_with_trigger']) retrieved from /home/airflow/.local/lib/python3.6/site-packages/airflow/example_dags/example_latest_only_with_trigger.py
[2021-09-29 14:11:06,800] {logging_mixin.py:109} INFO - [2021-09-29 14:11:06,800] {dag.py:1834} INFO - Sync 1 DAGs
[2021-09-29 14:11:06,818] {logging_mixin.py:109} INFO - [2021-09-29 14:11:06,818] {dag.py:2287} INFO - Setting next_dagrun for latest_only_with_trigger to 2021-09-27 00:00:00+00:00
[2021-09-29 14:11:06,834] {processor.py:170} INFO - Processing /home/airflow/.local/lib/python3.6/site-packages/airflow/example_dags/example_latest_only_with_trigger.py took 0.090 seconds
[2021-09-29 14:11:37,291] {processor.py:162} INFO - Started process (PID=4204) to work on /home/airflow/.local/lib/python3.6/site-packages/airflow/example_dags/example_latest_only_with_trigger.py
[2021-09-29 14:11:37,293] {processor.py:613} INFO - Processing file /home/airflow/.local/lib/python3.6/site-packages/airflow/example_dags/example_latest_only_with_trigger.py for tasks to queue
[2021-09-29 14:11:37,296] {logging_mixin.py:109} INFO - [2021-09-29 14:11:37,296] {dagbag.py:496} INFO - Filling up the DagBag from /home/airflow/.local/lib/python3.6/site-packages/airflow/example_dags/example_latest_only_with_trigger.py
[2021-09-29 14:11:37,312] {processor.py:623} INFO - DAG(s) dict_keys(['latest_only_with_trigger']) retrieved from /home/airflow/.local/lib/python3.6/site-packages/airflow/example_dags/example_latest_only_with_trigger.py
[2021-09-29 14:11:37,340] {logging_mixin.py:109} INFO - [2021-09-29 14:11:37,339] {dag.py:1834} INFO - Sync 1 DAGs
[2021-09-29 14:11:37,356] {logging_mixin.py:109} INFO - [2021-09-29 14:11:37,356] {dag.py:2287} INFO - Setting next_dagrun for latest_only_with_trigger to 2021-09-27 00:00:00+00:00
[2021-09-29 14:11:37,369] {processor.py:170} INFO - Processing /home/airflow/.local/lib/python3.6/site-packages/airflow/example_dags/example_latest_only_with_trigger.py took 0.082 seconds
[2021-09-29 14:12:07,874] {processor.py:162} INFO - Started process (PID=4403) to work on /home/airflow/.local/lib/python3.6/site-packages/airflow/example_dags/example_latest_only_with_trigger.py
[2021-09-29 14:12:07,876] {processor.py:613} INFO - Processing file /home/airflow/.local/lib/python3.6/site-packages/airflow/example_dags/example_latest_only_with_trigger.py for tasks to queue
[2021-09-29 14:12:07,878] {logging_mixin.py:109} INFO - [2021-09-29 14:12:07,878] {dagbag.py:496} INFO - Filling up the DagBag from /home/airflow/.local/lib/python3.6/site-packages/airflow/example_dags/example_latest_only_with_trigger.py
[2021-09-29 14:12:07,893] {processor.py:623} INFO - DAG(s) dict_keys(['latest_only_with_trigger']) retrieved from /home/airflow/.local/lib/python3.6/site-packages/airflow/example_dags/example_latest_only_with_trigger.py
[2021-09-29 14:12:07,922] {logging_mixin.py:109} INFO - [2021-09-29 14:12:07,922] {dag.py:1834} INFO - Sync 1 DAGs
[2021-09-29 14:12:07,938] {logging_mixin.py:109} INFO - [2021-09-29 14:12:07,938] {dag.py:2287} INFO - Setting next_dagrun for latest_only_with_trigger to 2021-09-27 00:00:00+00:00
[2021-09-29 14:12:07,950] {processor.py:170} INFO - Processing /home/airflow/.local/lib/python3.6/site-packages/airflow/example_dags/example_latest_only_with_trigger.py took 0.081 seconds
[2021-09-29 14:12:38,509] {processor.py:162} INFO - Started process (PID=4615) to work on /home/airflow/.local/lib/python3.6/site-packages/airflow/example_dags/example_latest_only_with_trigger.py
[2021-09-29 14:12:38,511] {processor.py:613} INFO - Processing file /home/airflow/.local/lib/python3.6/site-packages/airflow/example_dags/example_latest_only_with_trigger.py for tasks to queue
[2021-09-29 14:12:38,512] {logging_mixin.py:109} INFO - [2021-09-29 14:12:38,512] {dagbag.py:496} INFO - Filling up the DagBag from /home/airflow/.local/lib/python3.6/site-packages/airflow/example_dags/example_latest_only_with_trigger.py
[2021-09-29 14:12:38,528] {processor.py:623} INFO - DAG(s) dict_keys(['latest_only_with_trigger']) retrieved from /home/airflow/.local/lib/python3.6/site-packages/airflow/example_dags/example_latest_only_with_trigger.py
[2021-09-29 14:12:38,559] {logging_mixin.py:109} INFO - [2021-09-29 14:12:38,559] {dag.py:1834} INFO - Sync 1 DAGs
[2021-09-29 14:12:38,580] {logging_mixin.py:109} INFO - [2021-09-29 14:12:38,580] {dag.py:2287} INFO - Setting next_dagrun for latest_only_with_trigger to 2021-09-27 00:00:00+00:00
[2021-09-29 14:12:38,594] {processor.py:170} INFO - Processing /home/airflow/.local/lib/python3.6/site-packages/airflow/example_dags/example_latest_only_with_trigger.py took 0.090 seconds
[2021-09-29 14:13:08,664] {processor.py:162} INFO - Started process (PID=4816) to work on /home/airflow/.local/lib/python3.6/site-packages/airflow/example_dags/example_latest_only_with_trigger.py
[2021-09-29 14:13:08,666] {processor.py:613} INFO - Processing file /home/airflow/.local/lib/python3.6/site-packages/airflow/example_dags/example_latest_only_with_trigger.py for tasks to queue
[2021-09-29 14:13:08,669] {logging_mixin.py:109} INFO - [2021-09-29 14:13:08,668] {dagbag.py:496} INFO - Filling up the DagBag from /home/airflow/.local/lib/python3.6/site-packages/airflow/example_dags/example_latest_only_with_trigger.py
[2021-09-29 14:13:08,688] {processor.py:623} INFO - DAG(s) dict_keys(['latest_only_with_trigger']) retrieved from /home/airflow/.local/lib/python3.6/site-packages/airflow/example_dags/example_latest_only_with_trigger.py
[2021-09-29 14:13:08,723] {logging_mixin.py:109} INFO - [2021-09-29 14:13:08,723] {dag.py:1834} INFO - Sync 1 DAGs
[2021-09-29 14:13:08,743] {logging_mixin.py:109} INFO - [2021-09-29 14:13:08,742] {dag.py:2287} INFO - Setting next_dagrun for latest_only_with_trigger to 2021-09-27 00:00:00+00:00
[2021-09-29 14:13:08,756] {processor.py:170} INFO - Processing /home/airflow/.local/lib/python3.6/site-packages/airflow/example_dags/example_latest_only_with_trigger.py took 0.098 seconds
[2021-09-29 14:13:39,101] {processor.py:162} INFO - Started process (PID=5006) to work on /home/airflow/.local/lib/python3.6/site-packages/airflow/example_dags/example_latest_only_with_trigger.py
[2021-09-29 14:13:39,104] {processor.py:613} INFO - Processing file /home/airflow/.local/lib/python3.6/site-packages/airflow/example_dags/example_latest_only_with_trigger.py for tasks to queue
[2021-09-29 14:13:39,107] {logging_mixin.py:109} INFO - [2021-09-29 14:13:39,106] {dagbag.py:496} INFO - Filling up the DagBag from /home/airflow/.local/lib/python3.6/site-packages/airflow/example_dags/example_latest_only_with_trigger.py
[2021-09-29 14:13:39,123] {processor.py:623} INFO - DAG(s) dict_keys(['latest_only_with_trigger']) retrieved from /home/airflow/.local/lib/python3.6/site-packages/airflow/example_dags/example_latest_only_with_trigger.py
[2021-09-29 14:13:39,152] {logging_mixin.py:109} INFO - [2021-09-29 14:13:39,152] {dag.py:1834} INFO - Sync 1 DAGs
[2021-09-29 14:13:39,171] {logging_mixin.py:109} INFO - [2021-09-29 14:13:39,171] {dag.py:2287} INFO - Setting next_dagrun for latest_only_with_trigger to 2021-09-27 00:00:00+00:00
[2021-09-29 14:13:39,185] {processor.py:170} INFO - Processing /home/airflow/.local/lib/python3.6/site-packages/airflow/example_dags/example_latest_only_with_trigger.py took 0.088 seconds
[2021-09-29 14:14:09,842] {processor.py:162} INFO - Started process (PID=5230) to work on /home/airflow/.local/lib/python3.6/site-packages/airflow/example_dags/example_latest_only_with_trigger.py
[2021-09-29 14:14:09,845] {processor.py:613} INFO - Processing file /home/airflow/.local/lib/python3.6/site-packages/airflow/example_dags/example_latest_only_with_trigger.py for tasks to queue
[2021-09-29 14:14:09,847] {logging_mixin.py:109} INFO - [2021-09-29 14:14:09,846] {dagbag.py:496} INFO - Filling up the DagBag from /home/airflow/.local/lib/python3.6/site-packages/airflow/example_dags/example_latest_only_with_trigger.py
[2021-09-29 14:14:09,863] {processor.py:623} INFO - DAG(s) dict_keys(['latest_only_with_trigger']) retrieved from /home/airflow/.local/lib/python3.6/site-packages/airflow/example_dags/example_latest_only_with_trigger.py
[2021-09-29 14:14:09,891] {logging_mixin.py:109} INFO - [2021-09-29 14:14:09,891] {dag.py:1834} INFO - Sync 1 DAGs
[2021-09-29 14:14:09,910] {logging_mixin.py:109} INFO - [2021-09-29 14:14:09,909] {dag.py:2287} INFO - Setting next_dagrun for latest_only_with_trigger to 2021-09-27 00:00:00+00:00
[2021-09-29 14:14:09,924] {processor.py:170} INFO - Processing /home/airflow/.local/lib/python3.6/site-packages/airflow/example_dags/example_latest_only_with_trigger.py took 0.085 seconds
[2021-09-29 14:14:40,170] {processor.py:162} INFO - Started process (PID=5423) to work on /home/airflow/.local/lib/python3.6/site-packages/airflow/example_dags/example_latest_only_with_trigger.py
[2021-09-29 14:14:40,172] {processor.py:613} INFO - Processing file /home/airflow/.local/lib/python3.6/site-packages/airflow/example_dags/example_latest_only_with_trigger.py for tasks to queue
[2021-09-29 14:14:40,174] {logging_mixin.py:109} INFO - [2021-09-29 14:14:40,174] {dagbag.py:496} INFO - Filling up the DagBag from /home/airflow/.local/lib/python3.6/site-packages/airflow/example_dags/example_latest_only_with_trigger.py
[2021-09-29 14:14:40,187] {processor.py:623} INFO - DAG(s) dict_keys(['latest_only_with_trigger']) retrieved from /home/airflow/.local/lib/python3.6/site-packages/airflow/example_dags/example_latest_only_with_trigger.py
[2021-09-29 14:14:40,209] {logging_mixin.py:109} INFO - [2021-09-29 14:14:40,209] {dag.py:1834} INFO - Sync 1 DAGs
[2021-09-29 14:14:40,222] {logging_mixin.py:109} INFO - [2021-09-29 14:14:40,221] {dag.py:2287} INFO - Setting next_dagrun for latest_only_with_trigger to 2021-09-27 00:00:00+00:00
[2021-09-29 14:14:40,232] {processor.py:170} INFO - Processing /home/airflow/.local/lib/python3.6/site-packages/airflow/example_dags/example_latest_only_with_trigger.py took 0.065 seconds
[2021-09-29 14:15:10,565] {processor.py:162} INFO - Started process (PID=5627) to work on /home/airflow/.local/lib/python3.6/site-packages/airflow/example_dags/example_latest_only_with_trigger.py
[2021-09-29 14:15:10,567] {processor.py:613} INFO - Processing file /home/airflow/.local/lib/python3.6/site-packages/airflow/example_dags/example_latest_only_with_trigger.py for tasks to queue
[2021-09-29 14:15:10,569] {logging_mixin.py:109} INFO - [2021-09-29 14:15:10,568] {dagbag.py:496} INFO - Filling up the DagBag from /home/airflow/.local/lib/python3.6/site-packages/airflow/example_dags/example_latest_only_with_trigger.py
[2021-09-29 14:15:10,582] {processor.py:623} INFO - DAG(s) dict_keys(['latest_only_with_trigger']) retrieved from /home/airflow/.local/lib/python3.6/site-packages/airflow/example_dags/example_latest_only_with_trigger.py
[2021-09-29 14:15:10,607] {logging_mixin.py:109} INFO - [2021-09-29 14:15:10,606] {dag.py:1834} INFO - Sync 1 DAGs
[2021-09-29 14:15:10,621] {logging_mixin.py:109} INFO - [2021-09-29 14:15:10,621] {dag.py:2287} INFO - Setting next_dagrun for latest_only_with_trigger to 2021-09-27 00:00:00+00:00
[2021-09-29 14:15:10,630] {processor.py:170} INFO - Processing /home/airflow/.local/lib/python3.6/site-packages/airflow/example_dags/example_latest_only_with_trigger.py took 0.069 seconds
[2021-09-29 14:15:41,143] {processor.py:162} INFO - Started process (PID=5841) to work on /home/airflow/.local/lib/python3.6/site-packages/airflow/example_dags/example_latest_only_with_trigger.py
[2021-09-29 14:15:41,145] {processor.py:613} INFO - Processing file /home/airflow/.local/lib/python3.6/site-packages/airflow/example_dags/example_latest_only_with_trigger.py for tasks to queue
[2021-09-29 14:15:41,148] {logging_mixin.py:109} INFO - [2021-09-29 14:15:41,148] {dagbag.py:496} INFO - Filling up the DagBag from /home/airflow/.local/lib/python3.6/site-packages/airflow/example_dags/example_latest_only_with_trigger.py
[2021-09-29 14:15:41,169] {processor.py:623} INFO - DAG(s) dict_keys(['latest_only_with_trigger']) retrieved from /home/airflow/.local/lib/python3.6/site-packages/airflow/example_dags/example_latest_only_with_trigger.py
[2021-09-29 14:15:41,199] {logging_mixin.py:109} INFO - [2021-09-29 14:15:41,198] {dag.py:1834} INFO - Sync 1 DAGs
[2021-09-29 14:15:41,219] {logging_mixin.py:109} INFO - [2021-09-29 14:15:41,219] {dag.py:2287} INFO - Setting next_dagrun for latest_only_with_trigger to 2021-09-27 00:00:00+00:00
[2021-09-29 14:15:41,233] {processor.py:170} INFO - Processing /home/airflow/.local/lib/python3.6/site-packages/airflow/example_dags/example_latest_only_with_trigger.py took 0.095 seconds
[2021-09-29 14:16:12,115] {processor.py:162} INFO - Started process (PID=6036) to work on /home/airflow/.local/lib/python3.6/site-packages/airflow/example_dags/example_latest_only_with_trigger.py
[2021-09-29 14:16:12,117] {processor.py:613} INFO - Processing file /home/airflow/.local/lib/python3.6/site-packages/airflow/example_dags/example_latest_only_with_trigger.py for tasks to queue
[2021-09-29 14:16:12,119] {logging_mixin.py:109} INFO - [2021-09-29 14:16:12,118] {dagbag.py:496} INFO - Filling up the DagBag from /home/airflow/.local/lib/python3.6/site-packages/airflow/example_dags/example_latest_only_with_trigger.py
[2021-09-29 14:16:12,133] {processor.py:623} INFO - DAG(s) dict_keys(['latest_only_with_trigger']) retrieved from /home/airflow/.local/lib/python3.6/site-packages/airflow/example_dags/example_latest_only_with_trigger.py
[2021-09-29 14:16:12,159] {logging_mixin.py:109} INFO - [2021-09-29 14:16:12,158] {dag.py:1834} INFO - Sync 1 DAGs
[2021-09-29 14:16:12,173] {logging_mixin.py:109} INFO - [2021-09-29 14:16:12,173] {dag.py:2287} INFO - Setting next_dagrun for latest_only_with_trigger to 2021-09-27 00:00:00+00:00
[2021-09-29 14:16:12,182] {processor.py:170} INFO - Processing /home/airflow/.local/lib/python3.6/site-packages/airflow/example_dags/example_latest_only_with_trigger.py took 0.071 seconds
[2021-09-29 14:16:42,624] {processor.py:162} INFO - Started process (PID=6239) to work on /home/airflow/.local/lib/python3.6/site-packages/airflow/example_dags/example_latest_only_with_trigger.py
[2021-09-29 14:16:42,627] {processor.py:613} INFO - Processing file /home/airflow/.local/lib/python3.6/site-packages/airflow/example_dags/example_latest_only_with_trigger.py for tasks to queue
[2021-09-29 14:16:42,628] {logging_mixin.py:109} INFO - [2021-09-29 14:16:42,628] {dagbag.py:496} INFO - Filling up the DagBag from /home/airflow/.local/lib/python3.6/site-packages/airflow/example_dags/example_latest_only_with_trigger.py
[2021-09-29 14:16:42,645] {processor.py:623} INFO - DAG(s) dict_keys(['latest_only_with_trigger']) retrieved from /home/airflow/.local/lib/python3.6/site-packages/airflow/example_dags/example_latest_only_with_trigger.py
[2021-09-29 14:16:42,673] {logging_mixin.py:109} INFO - [2021-09-29 14:16:42,673] {dag.py:1834} INFO - Sync 1 DAGs
[2021-09-29 14:16:42,691] {logging_mixin.py:109} INFO - [2021-09-29 14:16:42,691] {dag.py:2287} INFO - Setting next_dagrun for latest_only_with_trigger to 2021-09-27 00:00:00+00:00
[2021-09-29 14:16:42,705] {processor.py:170} INFO - Processing /home/airflow/.local/lib/python3.6/site-packages/airflow/example_dags/example_latest_only_with_trigger.py took 0.085 seconds
[2021-09-29 14:17:13,597] {processor.py:162} INFO - Started process (PID=6440) to work on /home/airflow/.local/lib/python3.6/site-packages/airflow/example_dags/example_latest_only_with_trigger.py
[2021-09-29 14:17:13,601] {processor.py:613} INFO - Processing file /home/airflow/.local/lib/python3.6/site-packages/airflow/example_dags/example_latest_only_with_trigger.py for tasks to queue
[2021-09-29 14:17:13,606] {logging_mixin.py:109} INFO - [2021-09-29 14:17:13,605] {dagbag.py:496} INFO - Filling up the DagBag from /home/airflow/.local/lib/python3.6/site-packages/airflow/example_dags/example_latest_only_with_trigger.py
[2021-09-29 14:17:13,659] {processor.py:623} INFO - DAG(s) dict_keys(['latest_only_with_trigger']) retrieved from /home/airflow/.local/lib/python3.6/site-packages/airflow/example_dags/example_latest_only_with_trigger.py
[2021-09-29 14:17:13,765] {logging_mixin.py:109} INFO - [2021-09-29 14:17:13,765] {dag.py:1834} INFO - Sync 1 DAGs
[2021-09-29 14:17:13,806] {logging_mixin.py:109} INFO - [2021-09-29 14:17:13,806] {dag.py:2287} INFO - Setting next_dagrun for latest_only_with_trigger to 2021-09-27 00:00:00+00:00
[2021-09-29 14:17:13,832] {processor.py:170} INFO - Processing /home/airflow/.local/lib/python3.6/site-packages/airflow/example_dags/example_latest_only_with_trigger.py took 0.245 seconds
[2021-09-29 14:17:44,781] {processor.py:162} INFO - Started process (PID=6647) to work on /home/airflow/.local/lib/python3.6/site-packages/airflow/example_dags/example_latest_only_with_trigger.py
[2021-09-29 14:17:44,784] {processor.py:613} INFO - Processing file /home/airflow/.local/lib/python3.6/site-packages/airflow/example_dags/example_latest_only_with_trigger.py for tasks to queue
[2021-09-29 14:17:44,785] {logging_mixin.py:109} INFO - [2021-09-29 14:17:44,785] {dagbag.py:496} INFO - Filling up the DagBag from /home/airflow/.local/lib/python3.6/site-packages/airflow/example_dags/example_latest_only_with_trigger.py
[2021-09-29 14:17:44,799] {processor.py:623} INFO - DAG(s) dict_keys(['latest_only_with_trigger']) retrieved from /home/airflow/.local/lib/python3.6/site-packages/airflow/example_dags/example_latest_only_with_trigger.py
[2021-09-29 14:17:44,831] {logging_mixin.py:109} INFO - [2021-09-29 14:17:44,831] {dag.py:1834} INFO - Sync 1 DAGs
[2021-09-29 14:17:44,849] {logging_mixin.py:109} INFO - [2021-09-29 14:17:44,848] {dag.py:2287} INFO - Setting next_dagrun for latest_only_with_trigger to 2021-09-27 00:00:00+00:00
[2021-09-29 14:17:44,861] {processor.py:170} INFO - Processing /home/airflow/.local/lib/python3.6/site-packages/airflow/example_dags/example_latest_only_with_trigger.py took 0.084 seconds
[2021-09-29 14:18:15,056] {processor.py:162} INFO - Started process (PID=6847) to work on /home/airflow/.local/lib/python3.6/site-packages/airflow/example_dags/example_latest_only_with_trigger.py
[2021-09-29 14:18:15,058] {processor.py:613} INFO - Processing file /home/airflow/.local/lib/python3.6/site-packages/airflow/example_dags/example_latest_only_with_trigger.py for tasks to queue
[2021-09-29 14:18:15,060] {logging_mixin.py:109} INFO - [2021-09-29 14:18:15,060] {dagbag.py:496} INFO - Filling up the DagBag from /home/airflow/.local/lib/python3.6/site-packages/airflow/example_dags/example_latest_only_with_trigger.py
[2021-09-29 14:18:15,076] {processor.py:623} INFO - DAG(s) dict_keys(['latest_only_with_trigger']) retrieved from /home/airflow/.local/lib/python3.6/site-packages/airflow/example_dags/example_latest_only_with_trigger.py
[2021-09-29 14:18:15,103] {logging_mixin.py:109} INFO - [2021-09-29 14:18:15,103] {dag.py:1834} INFO - Sync 1 DAGs
[2021-09-29 14:18:15,125] {logging_mixin.py:109} INFO - [2021-09-29 14:18:15,124] {dag.py:2287} INFO - Setting next_dagrun for latest_only_with_trigger to 2021-09-27 00:00:00+00:00
[2021-09-29 14:18:15,139] {processor.py:170} INFO - Processing /home/airflow/.local/lib/python3.6/site-packages/airflow/example_dags/example_latest_only_with_trigger.py took 0.088 seconds
[2021-09-29 14:18:45,364] {processor.py:162} INFO - Started process (PID=7041) to work on /home/airflow/.local/lib/python3.6/site-packages/airflow/example_dags/example_latest_only_with_trigger.py
[2021-09-29 14:18:45,367] {processor.py:613} INFO - Processing file /home/airflow/.local/lib/python3.6/site-packages/airflow/example_dags/example_latest_only_with_trigger.py for tasks to queue
[2021-09-29 14:18:45,368] {logging_mixin.py:109} INFO - [2021-09-29 14:18:45,368] {dagbag.py:496} INFO - Filling up the DagBag from /home/airflow/.local/lib/python3.6/site-packages/airflow/example_dags/example_latest_only_with_trigger.py
[2021-09-29 14:18:45,383] {processor.py:623} INFO - DAG(s) dict_keys(['latest_only_with_trigger']) retrieved from /home/airflow/.local/lib/python3.6/site-packages/airflow/example_dags/example_latest_only_with_trigger.py
[2021-09-29 14:18:45,412] {logging_mixin.py:109} INFO - [2021-09-29 14:18:45,411] {dag.py:1834} INFO - Sync 1 DAGs
[2021-09-29 14:18:45,428] {logging_mixin.py:109} INFO - [2021-09-29 14:18:45,428] {dag.py:2287} INFO - Setting next_dagrun for latest_only_with_trigger to 2021-09-27 00:00:00+00:00
[2021-09-29 14:18:45,441] {processor.py:170} INFO - Processing /home/airflow/.local/lib/python3.6/site-packages/airflow/example_dags/example_latest_only_with_trigger.py took 0.082 seconds
[2021-09-29 14:19:15,749] {processor.py:162} INFO - Started process (PID=7245) to work on /home/airflow/.local/lib/python3.6/site-packages/airflow/example_dags/example_latest_only_with_trigger.py
[2021-09-29 14:19:15,751] {processor.py:613} INFO - Processing file /home/airflow/.local/lib/python3.6/site-packages/airflow/example_dags/example_latest_only_with_trigger.py for tasks to queue
[2021-09-29 14:19:15,752] {logging_mixin.py:109} INFO - [2021-09-29 14:19:15,752] {dagbag.py:496} INFO - Filling up the DagBag from /home/airflow/.local/lib/python3.6/site-packages/airflow/example_dags/example_latest_only_with_trigger.py
[2021-09-29 14:19:15,766] {processor.py:623} INFO - DAG(s) dict_keys(['latest_only_with_trigger']) retrieved from /home/airflow/.local/lib/python3.6/site-packages/airflow/example_dags/example_latest_only_with_trigger.py
[2021-09-29 14:19:15,788] {logging_mixin.py:109} INFO - [2021-09-29 14:19:15,788] {dag.py:1834} INFO - Sync 1 DAGs
[2021-09-29 14:19:15,802] {logging_mixin.py:109} INFO - [2021-09-29 14:19:15,802] {dag.py:2287} INFO - Setting next_dagrun for latest_only_with_trigger to 2021-09-27 00:00:00+00:00
[2021-09-29 14:19:15,812] {processor.py:170} INFO - Processing /home/airflow/.local/lib/python3.6/site-packages/airflow/example_dags/example_latest_only_with_trigger.py took 0.067 seconds
