[2021-09-29 14:01:55,010] {processor.py:162} INFO - Started process (PID=315) to work on /home/airflow/.local/lib/python3.6/site-packages/airflow/example_dags/example_complex.py
[2021-09-29 14:01:55,012] {processor.py:613} INFO - Processing file /home/airflow/.local/lib/python3.6/site-packages/airflow/example_dags/example_complex.py for tasks to queue
[2021-09-29 14:01:55,014] {logging_mixin.py:109} INFO - [2021-09-29 14:01:55,013] {dagbag.py:496} INFO - Filling up the DagBag from /home/airflow/.local/lib/python3.6/site-packages/airflow/example_dags/example_complex.py
[2021-09-29 14:01:55,041] {processor.py:623} INFO - DAG(s) dict_keys(['example_complex']) retrieved from /home/airflow/.local/lib/python3.6/site-packages/airflow/example_dags/example_complex.py
[2021-09-29 14:01:55,256] {logging_mixin.py:109} INFO - [2021-09-29 14:01:55,256] {dag.py:1834} INFO - Sync 1 DAGs
[2021-09-29 14:01:55,276] {logging_mixin.py:109} INFO - [2021-09-29 14:01:55,275] {dag.py:2287} INFO - Setting next_dagrun for example_complex to None
[2021-09-29 14:01:55,323] {processor.py:170} INFO - Processing /home/airflow/.local/lib/python3.6/site-packages/airflow/example_dags/example_complex.py took 0.318 seconds
[2021-09-29 14:02:25,757] {processor.py:162} INFO - Started process (PID=503) to work on /home/airflow/.local/lib/python3.6/site-packages/airflow/example_dags/example_complex.py
[2021-09-29 14:02:25,759] {processor.py:613} INFO - Processing file /home/airflow/.local/lib/python3.6/site-packages/airflow/example_dags/example_complex.py for tasks to queue
[2021-09-29 14:02:25,761] {logging_mixin.py:109} INFO - [2021-09-29 14:02:25,761] {dagbag.py:496} INFO - Filling up the DagBag from /home/airflow/.local/lib/python3.6/site-packages/airflow/example_dags/example_complex.py
[2021-09-29 14:02:25,790] {processor.py:623} INFO - DAG(s) dict_keys(['example_complex']) retrieved from /home/airflow/.local/lib/python3.6/site-packages/airflow/example_dags/example_complex.py
[2021-09-29 14:02:25,828] {logging_mixin.py:109} INFO - [2021-09-29 14:02:25,828] {dag.py:1834} INFO - Sync 1 DAGs
[2021-09-29 14:02:25,851] {logging_mixin.py:109} INFO - [2021-09-29 14:02:25,851] {dag.py:2287} INFO - Setting next_dagrun for example_complex to None
[2021-09-29 14:02:25,874] {processor.py:170} INFO - Processing /home/airflow/.local/lib/python3.6/site-packages/airflow/example_dags/example_complex.py took 0.121 seconds
[2021-09-29 14:02:56,781] {processor.py:162} INFO - Started process (PID=698) to work on /home/airflow/.local/lib/python3.6/site-packages/airflow/example_dags/example_complex.py
[2021-09-29 14:02:56,783] {processor.py:613} INFO - Processing file /home/airflow/.local/lib/python3.6/site-packages/airflow/example_dags/example_complex.py for tasks to queue
[2021-09-29 14:02:56,785] {logging_mixin.py:109} INFO - [2021-09-29 14:02:56,785] {dagbag.py:496} INFO - Filling up the DagBag from /home/airflow/.local/lib/python3.6/site-packages/airflow/example_dags/example_complex.py
[2021-09-29 14:02:56,808] {processor.py:623} INFO - DAG(s) dict_keys(['example_complex']) retrieved from /home/airflow/.local/lib/python3.6/site-packages/airflow/example_dags/example_complex.py
[2021-09-29 14:02:56,844] {logging_mixin.py:109} INFO - [2021-09-29 14:02:56,844] {dag.py:1834} INFO - Sync 1 DAGs
[2021-09-29 14:02:56,861] {logging_mixin.py:109} INFO - [2021-09-29 14:02:56,861] {dag.py:2287} INFO - Setting next_dagrun for example_complex to None
[2021-09-29 14:02:56,879] {processor.py:170} INFO - Processing /home/airflow/.local/lib/python3.6/site-packages/airflow/example_dags/example_complex.py took 0.102 seconds
[2021-09-29 14:03:27,366] {processor.py:162} INFO - Started process (PID=924) to work on /home/airflow/.local/lib/python3.6/site-packages/airflow/example_dags/example_complex.py
[2021-09-29 14:03:27,368] {processor.py:613} INFO - Processing file /home/airflow/.local/lib/python3.6/site-packages/airflow/example_dags/example_complex.py for tasks to queue
[2021-09-29 14:03:27,370] {logging_mixin.py:109} INFO - [2021-09-29 14:03:27,370] {dagbag.py:496} INFO - Filling up the DagBag from /home/airflow/.local/lib/python3.6/site-packages/airflow/example_dags/example_complex.py
[2021-09-29 14:03:27,397] {processor.py:623} INFO - DAG(s) dict_keys(['example_complex']) retrieved from /home/airflow/.local/lib/python3.6/site-packages/airflow/example_dags/example_complex.py
[2021-09-29 14:03:27,442] {logging_mixin.py:109} INFO - [2021-09-29 14:03:27,442] {dag.py:1834} INFO - Sync 1 DAGs
[2021-09-29 14:03:27,459] {logging_mixin.py:109} INFO - [2021-09-29 14:03:27,459] {dag.py:2287} INFO - Setting next_dagrun for example_complex to None
[2021-09-29 14:03:27,473] {processor.py:170} INFO - Processing /home/airflow/.local/lib/python3.6/site-packages/airflow/example_dags/example_complex.py took 0.110 seconds
[2021-09-29 14:03:57,857] {processor.py:162} INFO - Started process (PID=1150) to work on /home/airflow/.local/lib/python3.6/site-packages/airflow/example_dags/example_complex.py
[2021-09-29 14:03:57,859] {processor.py:613} INFO - Processing file /home/airflow/.local/lib/python3.6/site-packages/airflow/example_dags/example_complex.py for tasks to queue
[2021-09-29 14:03:57,861] {logging_mixin.py:109} INFO - [2021-09-29 14:03:57,861] {dagbag.py:496} INFO - Filling up the DagBag from /home/airflow/.local/lib/python3.6/site-packages/airflow/example_dags/example_complex.py
[2021-09-29 14:03:57,885] {processor.py:623} INFO - DAG(s) dict_keys(['example_complex']) retrieved from /home/airflow/.local/lib/python3.6/site-packages/airflow/example_dags/example_complex.py
[2021-09-29 14:03:57,913] {logging_mixin.py:109} INFO - [2021-09-29 14:03:57,913] {dag.py:1834} INFO - Sync 1 DAGs
[2021-09-29 14:03:57,925] {logging_mixin.py:109} INFO - [2021-09-29 14:03:57,925] {dag.py:2287} INFO - Setting next_dagrun for example_complex to None
[2021-09-29 14:03:57,935] {processor.py:170} INFO - Processing /home/airflow/.local/lib/python3.6/site-packages/airflow/example_dags/example_complex.py took 0.082 seconds
[2021-09-29 14:04:28,746] {processor.py:162} INFO - Started process (PID=1378) to work on /home/airflow/.local/lib/python3.6/site-packages/airflow/example_dags/example_complex.py
[2021-09-29 14:04:28,749] {processor.py:613} INFO - Processing file /home/airflow/.local/lib/python3.6/site-packages/airflow/example_dags/example_complex.py for tasks to queue
[2021-09-29 14:04:28,751] {logging_mixin.py:109} INFO - [2021-09-29 14:04:28,751] {dagbag.py:496} INFO - Filling up the DagBag from /home/airflow/.local/lib/python3.6/site-packages/airflow/example_dags/example_complex.py
[2021-09-29 14:04:28,777] {processor.py:623} INFO - DAG(s) dict_keys(['example_complex']) retrieved from /home/airflow/.local/lib/python3.6/site-packages/airflow/example_dags/example_complex.py
[2021-09-29 14:04:28,809] {logging_mixin.py:109} INFO - [2021-09-29 14:04:28,809] {dag.py:1834} INFO - Sync 1 DAGs
[2021-09-29 14:04:28,826] {logging_mixin.py:109} INFO - [2021-09-29 14:04:28,826] {dag.py:2287} INFO - Setting next_dagrun for example_complex to None
[2021-09-29 14:04:28,839] {processor.py:170} INFO - Processing /home/airflow/.local/lib/python3.6/site-packages/airflow/example_dags/example_complex.py took 0.097 seconds
[2021-09-29 14:04:59,168] {processor.py:162} INFO - Started process (PID=1577) to work on /home/airflow/.local/lib/python3.6/site-packages/airflow/example_dags/example_complex.py
[2021-09-29 14:04:59,174] {processor.py:613} INFO - Processing file /home/airflow/.local/lib/python3.6/site-packages/airflow/example_dags/example_complex.py for tasks to queue
[2021-09-29 14:04:59,177] {logging_mixin.py:109} INFO - [2021-09-29 14:04:59,177] {dagbag.py:496} INFO - Filling up the DagBag from /home/airflow/.local/lib/python3.6/site-packages/airflow/example_dags/example_complex.py
[2021-09-29 14:04:59,205] {processor.py:623} INFO - DAG(s) dict_keys(['example_complex']) retrieved from /home/airflow/.local/lib/python3.6/site-packages/airflow/example_dags/example_complex.py
[2021-09-29 14:04:59,241] {logging_mixin.py:109} INFO - [2021-09-29 14:04:59,240] {dag.py:1834} INFO - Sync 1 DAGs
[2021-09-29 14:04:59,258] {logging_mixin.py:109} INFO - [2021-09-29 14:04:59,257] {dag.py:2287} INFO - Setting next_dagrun for example_complex to None
[2021-09-29 14:04:59,272] {processor.py:170} INFO - Processing /home/airflow/.local/lib/python3.6/site-packages/airflow/example_dags/example_complex.py took 0.108 seconds
[2021-09-29 14:05:29,576] {processor.py:162} INFO - Started process (PID=1786) to work on /home/airflow/.local/lib/python3.6/site-packages/airflow/example_dags/example_complex.py
[2021-09-29 14:05:29,578] {processor.py:613} INFO - Processing file /home/airflow/.local/lib/python3.6/site-packages/airflow/example_dags/example_complex.py for tasks to queue
[2021-09-29 14:05:29,579] {logging_mixin.py:109} INFO - [2021-09-29 14:05:29,579] {dagbag.py:496} INFO - Filling up the DagBag from /home/airflow/.local/lib/python3.6/site-packages/airflow/example_dags/example_complex.py
[2021-09-29 14:05:29,603] {processor.py:623} INFO - DAG(s) dict_keys(['example_complex']) retrieved from /home/airflow/.local/lib/python3.6/site-packages/airflow/example_dags/example_complex.py
[2021-09-29 14:05:29,637] {logging_mixin.py:109} INFO - [2021-09-29 14:05:29,637] {dag.py:1834} INFO - Sync 1 DAGs
[2021-09-29 14:05:29,657] {logging_mixin.py:109} INFO - [2021-09-29 14:05:29,657] {dag.py:2287} INFO - Setting next_dagrun for example_complex to None
[2021-09-29 14:05:29,670] {processor.py:170} INFO - Processing /home/airflow/.local/lib/python3.6/site-packages/airflow/example_dags/example_complex.py took 0.098 seconds
[2021-09-29 14:06:00,475] {processor.py:162} INFO - Started process (PID=2019) to work on /home/airflow/.local/lib/python3.6/site-packages/airflow/example_dags/example_complex.py
[2021-09-29 14:06:00,477] {processor.py:613} INFO - Processing file /home/airflow/.local/lib/python3.6/site-packages/airflow/example_dags/example_complex.py for tasks to queue
[2021-09-29 14:06:00,479] {logging_mixin.py:109} INFO - [2021-09-29 14:06:00,479] {dagbag.py:496} INFO - Filling up the DagBag from /home/airflow/.local/lib/python3.6/site-packages/airflow/example_dags/example_complex.py
[2021-09-29 14:06:00,507] {processor.py:623} INFO - DAG(s) dict_keys(['example_complex']) retrieved from /home/airflow/.local/lib/python3.6/site-packages/airflow/example_dags/example_complex.py
[2021-09-29 14:06:00,542] {logging_mixin.py:109} INFO - [2021-09-29 14:06:00,542] {dag.py:1834} INFO - Sync 1 DAGs
[2021-09-29 14:06:00,560] {logging_mixin.py:109} INFO - [2021-09-29 14:06:00,560] {dag.py:2287} INFO - Setting next_dagrun for example_complex to None
[2021-09-29 14:06:00,575] {processor.py:170} INFO - Processing /home/airflow/.local/lib/python3.6/site-packages/airflow/example_dags/example_complex.py took 0.104 seconds
[2021-09-29 14:06:31,012] {processor.py:162} INFO - Started process (PID=2207) to work on /home/airflow/.local/lib/python3.6/site-packages/airflow/example_dags/example_complex.py
[2021-09-29 14:06:31,015] {processor.py:613} INFO - Processing file /home/airflow/.local/lib/python3.6/site-packages/airflow/example_dags/example_complex.py for tasks to queue
[2021-09-29 14:06:31,017] {logging_mixin.py:109} INFO - [2021-09-29 14:06:31,016] {dagbag.py:496} INFO - Filling up the DagBag from /home/airflow/.local/lib/python3.6/site-packages/airflow/example_dags/example_complex.py
[2021-09-29 14:06:31,040] {processor.py:623} INFO - DAG(s) dict_keys(['example_complex']) retrieved from /home/airflow/.local/lib/python3.6/site-packages/airflow/example_dags/example_complex.py
[2021-09-29 14:06:31,071] {logging_mixin.py:109} INFO - [2021-09-29 14:06:31,070] {dag.py:1834} INFO - Sync 1 DAGs
[2021-09-29 14:06:31,083] {logging_mixin.py:109} INFO - [2021-09-29 14:06:31,083] {dag.py:2287} INFO - Setting next_dagrun for example_complex to None
[2021-09-29 14:06:31,093] {processor.py:170} INFO - Processing /home/airflow/.local/lib/python3.6/site-packages/airflow/example_dags/example_complex.py took 0.084 seconds
[2021-09-29 14:07:01,378] {processor.py:162} INFO - Started process (PID=2404) to work on /home/airflow/.local/lib/python3.6/site-packages/airflow/example_dags/example_complex.py
[2021-09-29 14:07:01,380] {processor.py:613} INFO - Processing file /home/airflow/.local/lib/python3.6/site-packages/airflow/example_dags/example_complex.py for tasks to queue
[2021-09-29 14:07:01,381] {logging_mixin.py:109} INFO - [2021-09-29 14:07:01,381] {dagbag.py:496} INFO - Filling up the DagBag from /home/airflow/.local/lib/python3.6/site-packages/airflow/example_dags/example_complex.py
[2021-09-29 14:07:01,410] {processor.py:623} INFO - DAG(s) dict_keys(['example_complex']) retrieved from /home/airflow/.local/lib/python3.6/site-packages/airflow/example_dags/example_complex.py
[2021-09-29 14:07:01,442] {logging_mixin.py:109} INFO - [2021-09-29 14:07:01,442] {dag.py:1834} INFO - Sync 1 DAGs
[2021-09-29 14:07:01,461] {logging_mixin.py:109} INFO - [2021-09-29 14:07:01,460] {dag.py:2287} INFO - Setting next_dagrun for example_complex to None
[2021-09-29 14:07:01,476] {processor.py:170} INFO - Processing /home/airflow/.local/lib/python3.6/site-packages/airflow/example_dags/example_complex.py took 0.101 seconds
[2021-09-29 14:07:31,861] {processor.py:162} INFO - Started process (PID=2608) to work on /home/airflow/.local/lib/python3.6/site-packages/airflow/example_dags/example_complex.py
[2021-09-29 14:07:31,862] {processor.py:613} INFO - Processing file /home/airflow/.local/lib/python3.6/site-packages/airflow/example_dags/example_complex.py for tasks to queue
[2021-09-29 14:07:31,864] {logging_mixin.py:109} INFO - [2021-09-29 14:07:31,864] {dagbag.py:496} INFO - Filling up the DagBag from /home/airflow/.local/lib/python3.6/site-packages/airflow/example_dags/example_complex.py
[2021-09-29 14:07:31,894] {processor.py:623} INFO - DAG(s) dict_keys(['example_complex']) retrieved from /home/airflow/.local/lib/python3.6/site-packages/airflow/example_dags/example_complex.py
[2021-09-29 14:07:31,932] {logging_mixin.py:109} INFO - [2021-09-29 14:07:31,932] {dag.py:1834} INFO - Sync 1 DAGs
[2021-09-29 14:07:31,952] {logging_mixin.py:109} INFO - [2021-09-29 14:07:31,951] {dag.py:2287} INFO - Setting next_dagrun for example_complex to None
[2021-09-29 14:07:31,967] {processor.py:170} INFO - Processing /home/airflow/.local/lib/python3.6/site-packages/airflow/example_dags/example_complex.py took 0.111 seconds
[2021-09-29 14:08:02,286] {processor.py:162} INFO - Started process (PID=2798) to work on /home/airflow/.local/lib/python3.6/site-packages/airflow/example_dags/example_complex.py
[2021-09-29 14:08:02,288] {processor.py:613} INFO - Processing file /home/airflow/.local/lib/python3.6/site-packages/airflow/example_dags/example_complex.py for tasks to queue
[2021-09-29 14:08:02,289] {logging_mixin.py:109} INFO - [2021-09-29 14:08:02,289] {dagbag.py:496} INFO - Filling up the DagBag from /home/airflow/.local/lib/python3.6/site-packages/airflow/example_dags/example_complex.py
[2021-09-29 14:08:02,311] {processor.py:623} INFO - DAG(s) dict_keys(['example_complex']) retrieved from /home/airflow/.local/lib/python3.6/site-packages/airflow/example_dags/example_complex.py
[2021-09-29 14:08:02,335] {logging_mixin.py:109} INFO - [2021-09-29 14:08:02,335] {dag.py:1834} INFO - Sync 1 DAGs
[2021-09-29 14:08:02,348] {logging_mixin.py:109} INFO - [2021-09-29 14:08:02,348] {dag.py:2287} INFO - Setting next_dagrun for example_complex to None
[2021-09-29 14:08:02,358] {processor.py:170} INFO - Processing /home/airflow/.local/lib/python3.6/site-packages/airflow/example_dags/example_complex.py took 0.076 seconds
[2021-09-29 14:08:32,618] {processor.py:162} INFO - Started process (PID=3007) to work on /home/airflow/.local/lib/python3.6/site-packages/airflow/example_dags/example_complex.py
[2021-09-29 14:08:32,620] {processor.py:613} INFO - Processing file /home/airflow/.local/lib/python3.6/site-packages/airflow/example_dags/example_complex.py for tasks to queue
[2021-09-29 14:08:32,622] {logging_mixin.py:109} INFO - [2021-09-29 14:08:32,621] {dagbag.py:496} INFO - Filling up the DagBag from /home/airflow/.local/lib/python3.6/site-packages/airflow/example_dags/example_complex.py
[2021-09-29 14:08:32,643] {processor.py:623} INFO - DAG(s) dict_keys(['example_complex']) retrieved from /home/airflow/.local/lib/python3.6/site-packages/airflow/example_dags/example_complex.py
[2021-09-29 14:08:32,668] {logging_mixin.py:109} INFO - [2021-09-29 14:08:32,668] {dag.py:1834} INFO - Sync 1 DAGs
[2021-09-29 14:08:32,680] {logging_mixin.py:109} INFO - [2021-09-29 14:08:32,680] {dag.py:2287} INFO - Setting next_dagrun for example_complex to None
[2021-09-29 14:08:32,691] {processor.py:170} INFO - Processing /home/airflow/.local/lib/python3.6/site-packages/airflow/example_dags/example_complex.py took 0.077 seconds
[2021-09-29 14:09:03,573] {processor.py:162} INFO - Started process (PID=3194) to work on /home/airflow/.local/lib/python3.6/site-packages/airflow/example_dags/example_complex.py
[2021-09-29 14:09:03,576] {processor.py:613} INFO - Processing file /home/airflow/.local/lib/python3.6/site-packages/airflow/example_dags/example_complex.py for tasks to queue
[2021-09-29 14:09:03,578] {logging_mixin.py:109} INFO - [2021-09-29 14:09:03,577] {dagbag.py:496} INFO - Filling up the DagBag from /home/airflow/.local/lib/python3.6/site-packages/airflow/example_dags/example_complex.py
[2021-09-29 14:09:03,604] {processor.py:623} INFO - DAG(s) dict_keys(['example_complex']) retrieved from /home/airflow/.local/lib/python3.6/site-packages/airflow/example_dags/example_complex.py
[2021-09-29 14:09:03,635] {logging_mixin.py:109} INFO - [2021-09-29 14:09:03,635] {dag.py:1834} INFO - Sync 1 DAGs
[2021-09-29 14:09:03,652] {logging_mixin.py:109} INFO - [2021-09-29 14:09:03,652] {dag.py:2287} INFO - Setting next_dagrun for example_complex to None
[2021-09-29 14:09:03,665] {processor.py:170} INFO - Processing /home/airflow/.local/lib/python3.6/site-packages/airflow/example_dags/example_complex.py took 0.095 seconds
[2021-09-29 14:09:34,308] {processor.py:162} INFO - Started process (PID=3398) to work on /home/airflow/.local/lib/python3.6/site-packages/airflow/example_dags/example_complex.py
[2021-09-29 14:09:34,310] {processor.py:613} INFO - Processing file /home/airflow/.local/lib/python3.6/site-packages/airflow/example_dags/example_complex.py for tasks to queue
[2021-09-29 14:09:34,311] {logging_mixin.py:109} INFO - [2021-09-29 14:09:34,311] {dagbag.py:496} INFO - Filling up the DagBag from /home/airflow/.local/lib/python3.6/site-packages/airflow/example_dags/example_complex.py
[2021-09-29 14:09:34,329] {processor.py:623} INFO - DAG(s) dict_keys(['example_complex']) retrieved from /home/airflow/.local/lib/python3.6/site-packages/airflow/example_dags/example_complex.py
[2021-09-29 14:09:34,355] {logging_mixin.py:109} INFO - [2021-09-29 14:09:34,355] {dag.py:1834} INFO - Sync 1 DAGs
[2021-09-29 14:09:34,368] {logging_mixin.py:109} INFO - [2021-09-29 14:09:34,368] {dag.py:2287} INFO - Setting next_dagrun for example_complex to None
[2021-09-29 14:09:34,378] {processor.py:170} INFO - Processing /home/airflow/.local/lib/python3.6/site-packages/airflow/example_dags/example_complex.py took 0.075 seconds
[2021-09-29 14:10:04,713] {processor.py:162} INFO - Started process (PID=3604) to work on /home/airflow/.local/lib/python3.6/site-packages/airflow/example_dags/example_complex.py
[2021-09-29 14:10:04,717] {processor.py:613} INFO - Processing file /home/airflow/.local/lib/python3.6/site-packages/airflow/example_dags/example_complex.py for tasks to queue
[2021-09-29 14:10:04,721] {logging_mixin.py:109} INFO - [2021-09-29 14:10:04,720] {dagbag.py:496} INFO - Filling up the DagBag from /home/airflow/.local/lib/python3.6/site-packages/airflow/example_dags/example_complex.py
[2021-09-29 14:10:04,756] {processor.py:623} INFO - DAG(s) dict_keys(['example_complex']) retrieved from /home/airflow/.local/lib/python3.6/site-packages/airflow/example_dags/example_complex.py
[2021-09-29 14:10:04,793] {logging_mixin.py:109} INFO - [2021-09-29 14:10:04,792] {dag.py:1834} INFO - Sync 1 DAGs
[2021-09-29 14:10:04,807] {logging_mixin.py:109} INFO - [2021-09-29 14:10:04,807] {dag.py:2287} INFO - Setting next_dagrun for example_complex to None
[2021-09-29 14:10:04,821] {processor.py:170} INFO - Processing /home/airflow/.local/lib/python3.6/site-packages/airflow/example_dags/example_complex.py took 0.111 seconds
[2021-09-29 14:10:34,903] {processor.py:162} INFO - Started process (PID=3787) to work on /home/airflow/.local/lib/python3.6/site-packages/airflow/example_dags/example_complex.py
[2021-09-29 14:10:34,905] {processor.py:613} INFO - Processing file /home/airflow/.local/lib/python3.6/site-packages/airflow/example_dags/example_complex.py for tasks to queue
[2021-09-29 14:10:34,906] {logging_mixin.py:109} INFO - [2021-09-29 14:10:34,906] {dagbag.py:496} INFO - Filling up the DagBag from /home/airflow/.local/lib/python3.6/site-packages/airflow/example_dags/example_complex.py
[2021-09-29 14:10:34,931] {processor.py:623} INFO - DAG(s) dict_keys(['example_complex']) retrieved from /home/airflow/.local/lib/python3.6/site-packages/airflow/example_dags/example_complex.py
[2021-09-29 14:10:34,966] {logging_mixin.py:109} INFO - [2021-09-29 14:10:34,965] {dag.py:1834} INFO - Sync 1 DAGs
[2021-09-29 14:10:34,983] {logging_mixin.py:109} INFO - [2021-09-29 14:10:34,983] {dag.py:2287} INFO - Setting next_dagrun for example_complex to None
[2021-09-29 14:10:35,000] {processor.py:170} INFO - Processing /home/airflow/.local/lib/python3.6/site-packages/airflow/example_dags/example_complex.py took 0.101 seconds
[2021-09-29 14:11:05,327] {processor.py:162} INFO - Started process (PID=3985) to work on /home/airflow/.local/lib/python3.6/site-packages/airflow/example_dags/example_complex.py
[2021-09-29 14:11:05,329] {processor.py:613} INFO - Processing file /home/airflow/.local/lib/python3.6/site-packages/airflow/example_dags/example_complex.py for tasks to queue
[2021-09-29 14:11:05,330] {logging_mixin.py:109} INFO - [2021-09-29 14:11:05,330] {dagbag.py:496} INFO - Filling up the DagBag from /home/airflow/.local/lib/python3.6/site-packages/airflow/example_dags/example_complex.py
[2021-09-29 14:11:05,356] {processor.py:623} INFO - DAG(s) dict_keys(['example_complex']) retrieved from /home/airflow/.local/lib/python3.6/site-packages/airflow/example_dags/example_complex.py
[2021-09-29 14:11:05,388] {logging_mixin.py:109} INFO - [2021-09-29 14:11:05,388] {dag.py:1834} INFO - Sync 1 DAGs
[2021-09-29 14:11:05,406] {logging_mixin.py:109} INFO - [2021-09-29 14:11:05,406] {dag.py:2287} INFO - Setting next_dagrun for example_complex to None
[2021-09-29 14:11:05,420] {processor.py:170} INFO - Processing /home/airflow/.local/lib/python3.6/site-packages/airflow/example_dags/example_complex.py took 0.097 seconds
[2021-09-29 14:11:35,994] {processor.py:162} INFO - Started process (PID=4179) to work on /home/airflow/.local/lib/python3.6/site-packages/airflow/example_dags/example_complex.py
[2021-09-29 14:11:35,996] {processor.py:613} INFO - Processing file /home/airflow/.local/lib/python3.6/site-packages/airflow/example_dags/example_complex.py for tasks to queue
[2021-09-29 14:11:35,998] {logging_mixin.py:109} INFO - [2021-09-29 14:11:35,998] {dagbag.py:496} INFO - Filling up the DagBag from /home/airflow/.local/lib/python3.6/site-packages/airflow/example_dags/example_complex.py
[2021-09-29 14:11:36,025] {processor.py:623} INFO - DAG(s) dict_keys(['example_complex']) retrieved from /home/airflow/.local/lib/python3.6/site-packages/airflow/example_dags/example_complex.py
[2021-09-29 14:11:36,060] {logging_mixin.py:109} INFO - [2021-09-29 14:11:36,060] {dag.py:1834} INFO - Sync 1 DAGs
[2021-09-29 14:11:36,077] {logging_mixin.py:109} INFO - [2021-09-29 14:11:36,077] {dag.py:2287} INFO - Setting next_dagrun for example_complex to None
[2021-09-29 14:11:36,090] {processor.py:170} INFO - Processing /home/airflow/.local/lib/python3.6/site-packages/airflow/example_dags/example_complex.py took 0.100 seconds
[2021-09-29 14:12:06,434] {processor.py:162} INFO - Started process (PID=4378) to work on /home/airflow/.local/lib/python3.6/site-packages/airflow/example_dags/example_complex.py
[2021-09-29 14:12:06,436] {processor.py:613} INFO - Processing file /home/airflow/.local/lib/python3.6/site-packages/airflow/example_dags/example_complex.py for tasks to queue
[2021-09-29 14:12:06,437] {logging_mixin.py:109} INFO - [2021-09-29 14:12:06,437] {dagbag.py:496} INFO - Filling up the DagBag from /home/airflow/.local/lib/python3.6/site-packages/airflow/example_dags/example_complex.py
[2021-09-29 14:12:06,462] {processor.py:623} INFO - DAG(s) dict_keys(['example_complex']) retrieved from /home/airflow/.local/lib/python3.6/site-packages/airflow/example_dags/example_complex.py
[2021-09-29 14:12:06,496] {logging_mixin.py:109} INFO - [2021-09-29 14:12:06,496] {dag.py:1834} INFO - Sync 1 DAGs
[2021-09-29 14:12:06,512] {logging_mixin.py:109} INFO - [2021-09-29 14:12:06,512] {dag.py:2287} INFO - Setting next_dagrun for example_complex to None
[2021-09-29 14:12:06,528] {processor.py:170} INFO - Processing /home/airflow/.local/lib/python3.6/site-packages/airflow/example_dags/example_complex.py took 0.098 seconds
[2021-09-29 14:12:37,008] {processor.py:162} INFO - Started process (PID=4588) to work on /home/airflow/.local/lib/python3.6/site-packages/airflow/example_dags/example_complex.py
[2021-09-29 14:12:37,010] {processor.py:613} INFO - Processing file /home/airflow/.local/lib/python3.6/site-packages/airflow/example_dags/example_complex.py for tasks to queue
[2021-09-29 14:12:37,012] {logging_mixin.py:109} INFO - [2021-09-29 14:12:37,012] {dagbag.py:496} INFO - Filling up the DagBag from /home/airflow/.local/lib/python3.6/site-packages/airflow/example_dags/example_complex.py
[2021-09-29 14:12:37,040] {processor.py:623} INFO - DAG(s) dict_keys(['example_complex']) retrieved from /home/airflow/.local/lib/python3.6/site-packages/airflow/example_dags/example_complex.py
[2021-09-29 14:12:37,079] {logging_mixin.py:109} INFO - [2021-09-29 14:12:37,078] {dag.py:1834} INFO - Sync 1 DAGs
[2021-09-29 14:12:37,098] {logging_mixin.py:109} INFO - [2021-09-29 14:12:37,098] {dag.py:2287} INFO - Setting next_dagrun for example_complex to None
[2021-09-29 14:12:37,114] {processor.py:170} INFO - Processing /home/airflow/.local/lib/python3.6/site-packages/airflow/example_dags/example_complex.py took 0.110 seconds
[2021-09-29 14:13:07,303] {processor.py:162} INFO - Started process (PID=4780) to work on /home/airflow/.local/lib/python3.6/site-packages/airflow/example_dags/example_complex.py
[2021-09-29 14:13:07,305] {processor.py:613} INFO - Processing file /home/airflow/.local/lib/python3.6/site-packages/airflow/example_dags/example_complex.py for tasks to queue
[2021-09-29 14:13:07,307] {logging_mixin.py:109} INFO - [2021-09-29 14:13:07,307] {dagbag.py:496} INFO - Filling up the DagBag from /home/airflow/.local/lib/python3.6/site-packages/airflow/example_dags/example_complex.py
[2021-09-29 14:13:07,333] {processor.py:623} INFO - DAG(s) dict_keys(['example_complex']) retrieved from /home/airflow/.local/lib/python3.6/site-packages/airflow/example_dags/example_complex.py
[2021-09-29 14:13:07,368] {logging_mixin.py:109} INFO - [2021-09-29 14:13:07,368] {dag.py:1834} INFO - Sync 1 DAGs
[2021-09-29 14:13:07,387] {logging_mixin.py:109} INFO - [2021-09-29 14:13:07,387] {dag.py:2287} INFO - Setting next_dagrun for example_complex to None
[2021-09-29 14:13:07,403] {processor.py:170} INFO - Processing /home/airflow/.local/lib/python3.6/site-packages/airflow/example_dags/example_complex.py took 0.105 seconds
[2021-09-29 14:13:37,765] {processor.py:162} INFO - Started process (PID=4981) to work on /home/airflow/.local/lib/python3.6/site-packages/airflow/example_dags/example_complex.py
[2021-09-29 14:13:37,768] {processor.py:613} INFO - Processing file /home/airflow/.local/lib/python3.6/site-packages/airflow/example_dags/example_complex.py for tasks to queue
[2021-09-29 14:13:37,769] {logging_mixin.py:109} INFO - [2021-09-29 14:13:37,769] {dagbag.py:496} INFO - Filling up the DagBag from /home/airflow/.local/lib/python3.6/site-packages/airflow/example_dags/example_complex.py
[2021-09-29 14:13:37,793] {processor.py:623} INFO - DAG(s) dict_keys(['example_complex']) retrieved from /home/airflow/.local/lib/python3.6/site-packages/airflow/example_dags/example_complex.py
[2021-09-29 14:13:37,824] {logging_mixin.py:109} INFO - [2021-09-29 14:13:37,824] {dag.py:1834} INFO - Sync 1 DAGs
[2021-09-29 14:13:37,841] {logging_mixin.py:109} INFO - [2021-09-29 14:13:37,841] {dag.py:2287} INFO - Setting next_dagrun for example_complex to None
[2021-09-29 14:13:37,854] {processor.py:170} INFO - Processing /home/airflow/.local/lib/python3.6/site-packages/airflow/example_dags/example_complex.py took 0.093 seconds
[2021-09-29 14:14:08,400] {processor.py:162} INFO - Started process (PID=5203) to work on /home/airflow/.local/lib/python3.6/site-packages/airflow/example_dags/example_complex.py
[2021-09-29 14:14:08,402] {processor.py:613} INFO - Processing file /home/airflow/.local/lib/python3.6/site-packages/airflow/example_dags/example_complex.py for tasks to queue
[2021-09-29 14:14:08,404] {logging_mixin.py:109} INFO - [2021-09-29 14:14:08,404] {dagbag.py:496} INFO - Filling up the DagBag from /home/airflow/.local/lib/python3.6/site-packages/airflow/example_dags/example_complex.py
[2021-09-29 14:14:08,427] {processor.py:623} INFO - DAG(s) dict_keys(['example_complex']) retrieved from /home/airflow/.local/lib/python3.6/site-packages/airflow/example_dags/example_complex.py
[2021-09-29 14:14:08,466] {logging_mixin.py:109} INFO - [2021-09-29 14:14:08,465] {dag.py:1834} INFO - Sync 1 DAGs
[2021-09-29 14:14:08,481] {logging_mixin.py:109} INFO - [2021-09-29 14:14:08,481] {dag.py:2287} INFO - Setting next_dagrun for example_complex to None
[2021-09-29 14:14:08,495] {processor.py:170} INFO - Processing /home/airflow/.local/lib/python3.6/site-packages/airflow/example_dags/example_complex.py took 0.098 seconds
[2021-09-29 14:14:38,566] {processor.py:162} INFO - Started process (PID=5398) to work on /home/airflow/.local/lib/python3.6/site-packages/airflow/example_dags/example_complex.py
[2021-09-29 14:14:38,568] {processor.py:613} INFO - Processing file /home/airflow/.local/lib/python3.6/site-packages/airflow/example_dags/example_complex.py for tasks to queue
[2021-09-29 14:14:38,570] {logging_mixin.py:109} INFO - [2021-09-29 14:14:38,570] {dagbag.py:496} INFO - Filling up the DagBag from /home/airflow/.local/lib/python3.6/site-packages/airflow/example_dags/example_complex.py
[2021-09-29 14:14:38,595] {processor.py:623} INFO - DAG(s) dict_keys(['example_complex']) retrieved from /home/airflow/.local/lib/python3.6/site-packages/airflow/example_dags/example_complex.py
[2021-09-29 14:14:38,631] {logging_mixin.py:109} INFO - [2021-09-29 14:14:38,630] {dag.py:1834} INFO - Sync 1 DAGs
[2021-09-29 14:14:38,647] {logging_mixin.py:109} INFO - [2021-09-29 14:14:38,647] {dag.py:2287} INFO - Setting next_dagrun for example_complex to None
[2021-09-29 14:14:38,660] {processor.py:170} INFO - Processing /home/airflow/.local/lib/python3.6/site-packages/airflow/example_dags/example_complex.py took 0.098 seconds
[2021-09-29 14:15:09,101] {processor.py:162} INFO - Started process (PID=5602) to work on /home/airflow/.local/lib/python3.6/site-packages/airflow/example_dags/example_complex.py
[2021-09-29 14:15:09,104] {processor.py:613} INFO - Processing file /home/airflow/.local/lib/python3.6/site-packages/airflow/example_dags/example_complex.py for tasks to queue
[2021-09-29 14:15:09,105] {logging_mixin.py:109} INFO - [2021-09-29 14:15:09,105] {dagbag.py:496} INFO - Filling up the DagBag from /home/airflow/.local/lib/python3.6/site-packages/airflow/example_dags/example_complex.py
[2021-09-29 14:15:09,128] {processor.py:623} INFO - DAG(s) dict_keys(['example_complex']) retrieved from /home/airflow/.local/lib/python3.6/site-packages/airflow/example_dags/example_complex.py
[2021-09-29 14:15:09,155] {logging_mixin.py:109} INFO - [2021-09-29 14:15:09,154] {dag.py:1834} INFO - Sync 1 DAGs
[2021-09-29 14:15:09,167] {logging_mixin.py:109} INFO - [2021-09-29 14:15:09,167] {dag.py:2287} INFO - Setting next_dagrun for example_complex to None
[2021-09-29 14:15:09,177] {processor.py:170} INFO - Processing /home/airflow/.local/lib/python3.6/site-packages/airflow/example_dags/example_complex.py took 0.080 seconds
[2021-09-29 14:15:39,514] {processor.py:162} INFO - Started process (PID=5812) to work on /home/airflow/.local/lib/python3.6/site-packages/airflow/example_dags/example_complex.py
[2021-09-29 14:15:39,516] {processor.py:613} INFO - Processing file /home/airflow/.local/lib/python3.6/site-packages/airflow/example_dags/example_complex.py for tasks to queue
[2021-09-29 14:15:39,517] {logging_mixin.py:109} INFO - [2021-09-29 14:15:39,517] {dagbag.py:496} INFO - Filling up the DagBag from /home/airflow/.local/lib/python3.6/site-packages/airflow/example_dags/example_complex.py
[2021-09-29 14:15:39,546] {processor.py:623} INFO - DAG(s) dict_keys(['example_complex']) retrieved from /home/airflow/.local/lib/python3.6/site-packages/airflow/example_dags/example_complex.py
[2021-09-29 14:15:39,585] {logging_mixin.py:109} INFO - [2021-09-29 14:15:39,585] {dag.py:1834} INFO - Sync 1 DAGs
[2021-09-29 14:15:39,605] {logging_mixin.py:109} INFO - [2021-09-29 14:15:39,605] {dag.py:2287} INFO - Setting next_dagrun for example_complex to None
[2021-09-29 14:15:39,620] {processor.py:170} INFO - Processing /home/airflow/.local/lib/python3.6/site-packages/airflow/example_dags/example_complex.py took 0.111 seconds
[2021-09-29 14:16:09,858] {processor.py:162} INFO - Started process (PID=6011) to work on /home/airflow/.local/lib/python3.6/site-packages/airflow/example_dags/example_complex.py
[2021-09-29 14:16:09,860] {processor.py:613} INFO - Processing file /home/airflow/.local/lib/python3.6/site-packages/airflow/example_dags/example_complex.py for tasks to queue
[2021-09-29 14:16:09,861] {logging_mixin.py:109} INFO - [2021-09-29 14:16:09,861] {dagbag.py:496} INFO - Filling up the DagBag from /home/airflow/.local/lib/python3.6/site-packages/airflow/example_dags/example_complex.py
[2021-09-29 14:16:09,886] {processor.py:623} INFO - DAG(s) dict_keys(['example_complex']) retrieved from /home/airflow/.local/lib/python3.6/site-packages/airflow/example_dags/example_complex.py
[2021-09-29 14:16:09,917] {logging_mixin.py:109} INFO - [2021-09-29 14:16:09,917] {dag.py:1834} INFO - Sync 1 DAGs
[2021-09-29 14:16:09,933] {logging_mixin.py:109} INFO - [2021-09-29 14:16:09,932] {dag.py:2287} INFO - Setting next_dagrun for example_complex to None
[2021-09-29 14:16:09,946] {processor.py:170} INFO - Processing /home/airflow/.local/lib/python3.6/site-packages/airflow/example_dags/example_complex.py took 0.092 seconds
[2021-09-29 14:16:40,235] {processor.py:162} INFO - Started process (PID=6214) to work on /home/airflow/.local/lib/python3.6/site-packages/airflow/example_dags/example_complex.py
[2021-09-29 14:16:40,238] {processor.py:613} INFO - Processing file /home/airflow/.local/lib/python3.6/site-packages/airflow/example_dags/example_complex.py for tasks to queue
[2021-09-29 14:16:40,240] {logging_mixin.py:109} INFO - [2021-09-29 14:16:40,239] {dagbag.py:496} INFO - Filling up the DagBag from /home/airflow/.local/lib/python3.6/site-packages/airflow/example_dags/example_complex.py
[2021-09-29 14:16:40,262] {processor.py:623} INFO - DAG(s) dict_keys(['example_complex']) retrieved from /home/airflow/.local/lib/python3.6/site-packages/airflow/example_dags/example_complex.py
[2021-09-29 14:16:40,292] {logging_mixin.py:109} INFO - [2021-09-29 14:16:40,292] {dag.py:1834} INFO - Sync 1 DAGs
[2021-09-29 14:16:40,306] {logging_mixin.py:109} INFO - [2021-09-29 14:16:40,306] {dag.py:2287} INFO - Setting next_dagrun for example_complex to None
[2021-09-29 14:16:40,315] {processor.py:170} INFO - Processing /home/airflow/.local/lib/python3.6/site-packages/airflow/example_dags/example_complex.py took 0.085 seconds
[2021-09-29 14:17:10,773] {processor.py:162} INFO - Started process (PID=6404) to work on /home/airflow/.local/lib/python3.6/site-packages/airflow/example_dags/example_complex.py
[2021-09-29 14:17:10,778] {processor.py:613} INFO - Processing file /home/airflow/.local/lib/python3.6/site-packages/airflow/example_dags/example_complex.py for tasks to queue
[2021-09-29 14:17:10,780] {logging_mixin.py:109} INFO - [2021-09-29 14:17:10,780] {dagbag.py:496} INFO - Filling up the DagBag from /home/airflow/.local/lib/python3.6/site-packages/airflow/example_dags/example_complex.py
[2021-09-29 14:17:10,813] {processor.py:623} INFO - DAG(s) dict_keys(['example_complex']) retrieved from /home/airflow/.local/lib/python3.6/site-packages/airflow/example_dags/example_complex.py
[2021-09-29 14:17:10,863] {logging_mixin.py:109} INFO - [2021-09-29 14:17:10,863] {dag.py:1834} INFO - Sync 1 DAGs
[2021-09-29 14:17:10,884] {logging_mixin.py:109} INFO - [2021-09-29 14:17:10,883] {dag.py:2287} INFO - Setting next_dagrun for example_complex to None
[2021-09-29 14:17:10,899] {processor.py:170} INFO - Processing /home/airflow/.local/lib/python3.6/site-packages/airflow/example_dags/example_complex.py took 0.131 seconds
[2021-09-29 14:17:41,314] {processor.py:162} INFO - Started process (PID=6614) to work on /home/airflow/.local/lib/python3.6/site-packages/airflow/example_dags/example_complex.py
[2021-09-29 14:17:41,316] {processor.py:613} INFO - Processing file /home/airflow/.local/lib/python3.6/site-packages/airflow/example_dags/example_complex.py for tasks to queue
[2021-09-29 14:17:41,317] {logging_mixin.py:109} INFO - [2021-09-29 14:17:41,317] {dagbag.py:496} INFO - Filling up the DagBag from /home/airflow/.local/lib/python3.6/site-packages/airflow/example_dags/example_complex.py
[2021-09-29 14:17:41,347] {processor.py:623} INFO - DAG(s) dict_keys(['example_complex']) retrieved from /home/airflow/.local/lib/python3.6/site-packages/airflow/example_dags/example_complex.py
[2021-09-29 14:17:41,382] {logging_mixin.py:109} INFO - [2021-09-29 14:17:41,381] {dag.py:1834} INFO - Sync 1 DAGs
[2021-09-29 14:17:41,402] {logging_mixin.py:109} INFO - [2021-09-29 14:17:41,402] {dag.py:2287} INFO - Setting next_dagrun for example_complex to None
[2021-09-29 14:17:41,415] {processor.py:170} INFO - Processing /home/airflow/.local/lib/python3.6/site-packages/airflow/example_dags/example_complex.py took 0.105 seconds
[2021-09-29 14:18:11,522] {processor.py:162} INFO - Started process (PID=6824) to work on /home/airflow/.local/lib/python3.6/site-packages/airflow/example_dags/example_complex.py
[2021-09-29 14:18:11,525] {processor.py:613} INFO - Processing file /home/airflow/.local/lib/python3.6/site-packages/airflow/example_dags/example_complex.py for tasks to queue
[2021-09-29 14:18:11,528] {logging_mixin.py:109} INFO - [2021-09-29 14:18:11,527] {dagbag.py:496} INFO - Filling up the DagBag from /home/airflow/.local/lib/python3.6/site-packages/airflow/example_dags/example_complex.py
[2021-09-29 14:18:11,554] {processor.py:623} INFO - DAG(s) dict_keys(['example_complex']) retrieved from /home/airflow/.local/lib/python3.6/site-packages/airflow/example_dags/example_complex.py
[2021-09-29 14:18:11,587] {logging_mixin.py:109} INFO - [2021-09-29 14:18:11,586] {dag.py:1834} INFO - Sync 1 DAGs
[2021-09-29 14:18:11,605] {logging_mixin.py:109} INFO - [2021-09-29 14:18:11,605] {dag.py:2287} INFO - Setting next_dagrun for example_complex to None
[2021-09-29 14:18:11,619] {processor.py:170} INFO - Processing /home/airflow/.local/lib/python3.6/site-packages/airflow/example_dags/example_complex.py took 0.101 seconds
[2021-09-29 14:18:42,182] {processor.py:162} INFO - Started process (PID=7024) to work on /home/airflow/.local/lib/python3.6/site-packages/airflow/example_dags/example_complex.py
[2021-09-29 14:18:42,185] {processor.py:613} INFO - Processing file /home/airflow/.local/lib/python3.6/site-packages/airflow/example_dags/example_complex.py for tasks to queue
[2021-09-29 14:18:42,189] {logging_mixin.py:109} INFO - [2021-09-29 14:18:42,188] {dagbag.py:496} INFO - Filling up the DagBag from /home/airflow/.local/lib/python3.6/site-packages/airflow/example_dags/example_complex.py
[2021-09-29 14:18:42,219] {processor.py:623} INFO - DAG(s) dict_keys(['example_complex']) retrieved from /home/airflow/.local/lib/python3.6/site-packages/airflow/example_dags/example_complex.py
[2021-09-29 14:18:42,254] {logging_mixin.py:109} INFO - [2021-09-29 14:18:42,254] {dag.py:1834} INFO - Sync 1 DAGs
[2021-09-29 14:18:42,271] {logging_mixin.py:109} INFO - [2021-09-29 14:18:42,270] {dag.py:2287} INFO - Setting next_dagrun for example_complex to None
[2021-09-29 14:18:42,298] {processor.py:170} INFO - Processing /home/airflow/.local/lib/python3.6/site-packages/airflow/example_dags/example_complex.py took 0.120 seconds
[2021-09-29 14:19:12,525] {processor.py:162} INFO - Started process (PID=7228) to work on /home/airflow/.local/lib/python3.6/site-packages/airflow/example_dags/example_complex.py
[2021-09-29 14:19:12,527] {processor.py:613} INFO - Processing file /home/airflow/.local/lib/python3.6/site-packages/airflow/example_dags/example_complex.py for tasks to queue
[2021-09-29 14:19:12,528] {logging_mixin.py:109} INFO - [2021-09-29 14:19:12,528] {dagbag.py:496} INFO - Filling up the DagBag from /home/airflow/.local/lib/python3.6/site-packages/airflow/example_dags/example_complex.py
[2021-09-29 14:19:12,549] {processor.py:623} INFO - DAG(s) dict_keys(['example_complex']) retrieved from /home/airflow/.local/lib/python3.6/site-packages/airflow/example_dags/example_complex.py
[2021-09-29 14:19:12,574] {logging_mixin.py:109} INFO - [2021-09-29 14:19:12,574] {dag.py:1834} INFO - Sync 1 DAGs
[2021-09-29 14:19:12,586] {logging_mixin.py:109} INFO - [2021-09-29 14:19:12,586] {dag.py:2287} INFO - Setting next_dagrun for example_complex to None
[2021-09-29 14:19:12,596] {processor.py:170} INFO - Processing /home/airflow/.local/lib/python3.6/site-packages/airflow/example_dags/example_complex.py took 0.075 seconds
