[2021-09-29 14:01:54,020] {processor.py:162} INFO - Started process (PID=290) to work on /home/airflow/.local/lib/python3.6/site-packages/airflow/example_dags/example_branch_operator.py
[2021-09-29 14:01:54,023] {processor.py:613} INFO - Processing file /home/airflow/.local/lib/python3.6/site-packages/airflow/example_dags/example_branch_operator.py for tasks to queue
[2021-09-29 14:01:54,026] {logging_mixin.py:109} INFO - [2021-09-29 14:01:54,025] {dagbag.py:496} INFO - Filling up the DagBag from /home/airflow/.local/lib/python3.6/site-packages/airflow/example_dags/example_branch_operator.py
[2021-09-29 14:01:54,066] {processor.py:623} INFO - DAG(s) dict_keys(['example_branch_operator']) retrieved from /home/airflow/.local/lib/python3.6/site-packages/airflow/example_dags/example_branch_operator.py
[2021-09-29 14:01:54,390] {logging_mixin.py:109} INFO - [2021-09-29 14:01:54,390] {dag.py:1834} INFO - Sync 1 DAGs
[2021-09-29 14:01:54,410] {logging_mixin.py:109} INFO - [2021-09-29 14:01:54,410] {dag.py:2287} INFO - Setting next_dagrun for example_branch_operator to 2021-09-27 00:00:00+00:00
[2021-09-29 14:01:54,427] {processor.py:170} INFO - Processing /home/airflow/.local/lib/python3.6/site-packages/airflow/example_dags/example_branch_operator.py took 0.417 seconds
[2021-09-29 14:02:24,515] {processor.py:162} INFO - Started process (PID=478) to work on /home/airflow/.local/lib/python3.6/site-packages/airflow/example_dags/example_branch_operator.py
[2021-09-29 14:02:24,517] {processor.py:613} INFO - Processing file /home/airflow/.local/lib/python3.6/site-packages/airflow/example_dags/example_branch_operator.py for tasks to queue
[2021-09-29 14:02:24,519] {logging_mixin.py:109} INFO - [2021-09-29 14:02:24,519] {dagbag.py:496} INFO - Filling up the DagBag from /home/airflow/.local/lib/python3.6/site-packages/airflow/example_dags/example_branch_operator.py
[2021-09-29 14:02:24,540] {processor.py:623} INFO - DAG(s) dict_keys(['example_branch_operator']) retrieved from /home/airflow/.local/lib/python3.6/site-packages/airflow/example_dags/example_branch_operator.py
[2021-09-29 14:02:24,570] {logging_mixin.py:109} INFO - [2021-09-29 14:02:24,570] {dag.py:1834} INFO - Sync 1 DAGs
[2021-09-29 14:02:24,604] {logging_mixin.py:109} INFO - [2021-09-29 14:02:24,604] {dag.py:2287} INFO - Setting next_dagrun for example_branch_operator to 2021-09-27 00:00:00+00:00
[2021-09-29 14:02:24,621] {processor.py:170} INFO - Processing /home/airflow/.local/lib/python3.6/site-packages/airflow/example_dags/example_branch_operator.py took 0.111 seconds
[2021-09-29 14:02:55,504] {processor.py:162} INFO - Started process (PID=673) to work on /home/airflow/.local/lib/python3.6/site-packages/airflow/example_dags/example_branch_operator.py
[2021-09-29 14:02:55,506] {processor.py:613} INFO - Processing file /home/airflow/.local/lib/python3.6/site-packages/airflow/example_dags/example_branch_operator.py for tasks to queue
[2021-09-29 14:02:55,508] {logging_mixin.py:109} INFO - [2021-09-29 14:02:55,508] {dagbag.py:496} INFO - Filling up the DagBag from /home/airflow/.local/lib/python3.6/site-packages/airflow/example_dags/example_branch_operator.py
[2021-09-29 14:02:55,524] {processor.py:623} INFO - DAG(s) dict_keys(['example_branch_operator']) retrieved from /home/airflow/.local/lib/python3.6/site-packages/airflow/example_dags/example_branch_operator.py
[2021-09-29 14:02:55,549] {logging_mixin.py:109} INFO - [2021-09-29 14:02:55,549] {dag.py:1834} INFO - Sync 1 DAGs
[2021-09-29 14:02:55,565] {logging_mixin.py:109} INFO - [2021-09-29 14:02:55,565] {dag.py:2287} INFO - Setting next_dagrun for example_branch_operator to 2021-09-27 00:00:00+00:00
[2021-09-29 14:02:55,575] {processor.py:170} INFO - Processing /home/airflow/.local/lib/python3.6/site-packages/airflow/example_dags/example_branch_operator.py took 0.075 seconds
[2021-09-29 14:03:26,099] {processor.py:162} INFO - Started process (PID=885) to work on /home/airflow/.local/lib/python3.6/site-packages/airflow/example_dags/example_branch_operator.py
[2021-09-29 14:03:26,100] {processor.py:613} INFO - Processing file /home/airflow/.local/lib/python3.6/site-packages/airflow/example_dags/example_branch_operator.py for tasks to queue
[2021-09-29 14:03:26,102] {logging_mixin.py:109} INFO - [2021-09-29 14:03:26,102] {dagbag.py:496} INFO - Filling up the DagBag from /home/airflow/.local/lib/python3.6/site-packages/airflow/example_dags/example_branch_operator.py
[2021-09-29 14:03:26,120] {processor.py:623} INFO - DAG(s) dict_keys(['example_branch_operator']) retrieved from /home/airflow/.local/lib/python3.6/site-packages/airflow/example_dags/example_branch_operator.py
[2021-09-29 14:03:26,147] {logging_mixin.py:109} INFO - [2021-09-29 14:03:26,147] {dag.py:1834} INFO - Sync 1 DAGs
[2021-09-29 14:03:26,174] {logging_mixin.py:109} INFO - [2021-09-29 14:03:26,173] {dag.py:2287} INFO - Setting next_dagrun for example_branch_operator to 2021-09-27 00:00:00+00:00
[2021-09-29 14:03:26,185] {processor.py:170} INFO - Processing /home/airflow/.local/lib/python3.6/site-packages/airflow/example_dags/example_branch_operator.py took 0.090 seconds
[2021-09-29 14:03:56,549] {processor.py:162} INFO - Started process (PID=1123) to work on /home/airflow/.local/lib/python3.6/site-packages/airflow/example_dags/example_branch_operator.py
[2021-09-29 14:03:56,551] {processor.py:613} INFO - Processing file /home/airflow/.local/lib/python3.6/site-packages/airflow/example_dags/example_branch_operator.py for tasks to queue
[2021-09-29 14:03:56,553] {logging_mixin.py:109} INFO - [2021-09-29 14:03:56,553] {dagbag.py:496} INFO - Filling up the DagBag from /home/airflow/.local/lib/python3.6/site-packages/airflow/example_dags/example_branch_operator.py
[2021-09-29 14:03:56,572] {processor.py:623} INFO - DAG(s) dict_keys(['example_branch_operator']) retrieved from /home/airflow/.local/lib/python3.6/site-packages/airflow/example_dags/example_branch_operator.py
[2021-09-29 14:03:56,600] {logging_mixin.py:109} INFO - [2021-09-29 14:03:56,600] {dag.py:1834} INFO - Sync 1 DAGs
[2021-09-29 14:03:56,619] {logging_mixin.py:109} INFO - [2021-09-29 14:03:56,619] {dag.py:2287} INFO - Setting next_dagrun for example_branch_operator to 2021-09-27 00:00:00+00:00
[2021-09-29 14:03:56,633] {processor.py:170} INFO - Processing /home/airflow/.local/lib/python3.6/site-packages/airflow/example_dags/example_branch_operator.py took 0.087 seconds
[2021-09-29 14:04:27,467] {processor.py:162} INFO - Started process (PID=1351) to work on /home/airflow/.local/lib/python3.6/site-packages/airflow/example_dags/example_branch_operator.py
[2021-09-29 14:04:27,470] {processor.py:613} INFO - Processing file /home/airflow/.local/lib/python3.6/site-packages/airflow/example_dags/example_branch_operator.py for tasks to queue
[2021-09-29 14:04:27,472] {logging_mixin.py:109} INFO - [2021-09-29 14:04:27,471] {dagbag.py:496} INFO - Filling up the DagBag from /home/airflow/.local/lib/python3.6/site-packages/airflow/example_dags/example_branch_operator.py
[2021-09-29 14:04:27,489] {processor.py:623} INFO - DAG(s) dict_keys(['example_branch_operator']) retrieved from /home/airflow/.local/lib/python3.6/site-packages/airflow/example_dags/example_branch_operator.py
[2021-09-29 14:04:27,514] {logging_mixin.py:109} INFO - [2021-09-29 14:04:27,514] {dag.py:1834} INFO - Sync 1 DAGs
[2021-09-29 14:04:27,528] {logging_mixin.py:109} INFO - [2021-09-29 14:04:27,528] {dag.py:2287} INFO - Setting next_dagrun for example_branch_operator to 2021-09-27 00:00:00+00:00
[2021-09-29 14:04:27,539] {processor.py:170} INFO - Processing /home/airflow/.local/lib/python3.6/site-packages/airflow/example_dags/example_branch_operator.py took 0.076 seconds
[2021-09-29 14:04:57,785] {processor.py:162} INFO - Started process (PID=1538) to work on /home/airflow/.local/lib/python3.6/site-packages/airflow/example_dags/example_branch_operator.py
[2021-09-29 14:04:57,787] {processor.py:613} INFO - Processing file /home/airflow/.local/lib/python3.6/site-packages/airflow/example_dags/example_branch_operator.py for tasks to queue
[2021-09-29 14:04:57,788] {logging_mixin.py:109} INFO - [2021-09-29 14:04:57,788] {dagbag.py:496} INFO - Filling up the DagBag from /home/airflow/.local/lib/python3.6/site-packages/airflow/example_dags/example_branch_operator.py
[2021-09-29 14:04:57,807] {processor.py:623} INFO - DAG(s) dict_keys(['example_branch_operator']) retrieved from /home/airflow/.local/lib/python3.6/site-packages/airflow/example_dags/example_branch_operator.py
[2021-09-29 14:04:57,837] {logging_mixin.py:109} INFO - [2021-09-29 14:04:57,837] {dag.py:1834} INFO - Sync 1 DAGs
[2021-09-29 14:04:57,859] {logging_mixin.py:109} INFO - [2021-09-29 14:04:57,859] {dag.py:2287} INFO - Setting next_dagrun for example_branch_operator to 2021-09-27 00:00:00+00:00
[2021-09-29 14:04:57,872] {processor.py:170} INFO - Processing /home/airflow/.local/lib/python3.6/site-packages/airflow/example_dags/example_branch_operator.py took 0.092 seconds
[2021-09-29 14:05:28,252] {processor.py:162} INFO - Started process (PID=1756) to work on /home/airflow/.local/lib/python3.6/site-packages/airflow/example_dags/example_branch_operator.py
[2021-09-29 14:05:28,271] {processor.py:613} INFO - Processing file /home/airflow/.local/lib/python3.6/site-packages/airflow/example_dags/example_branch_operator.py for tasks to queue
[2021-09-29 14:05:28,272] {logging_mixin.py:109} INFO - [2021-09-29 14:05:28,272] {dagbag.py:496} INFO - Filling up the DagBag from /home/airflow/.local/lib/python3.6/site-packages/airflow/example_dags/example_branch_operator.py
[2021-09-29 14:05:28,292] {processor.py:623} INFO - DAG(s) dict_keys(['example_branch_operator']) retrieved from /home/airflow/.local/lib/python3.6/site-packages/airflow/example_dags/example_branch_operator.py
[2021-09-29 14:05:28,322] {logging_mixin.py:109} INFO - [2021-09-29 14:05:28,321] {dag.py:1834} INFO - Sync 1 DAGs
[2021-09-29 14:05:28,340] {logging_mixin.py:109} INFO - [2021-09-29 14:05:28,340] {dag.py:2287} INFO - Setting next_dagrun for example_branch_operator to 2021-09-27 00:00:00+00:00
[2021-09-29 14:05:28,351] {processor.py:170} INFO - Processing /home/airflow/.local/lib/python3.6/site-packages/airflow/example_dags/example_branch_operator.py took 0.104 seconds
[2021-09-29 14:05:59,205] {processor.py:162} INFO - Started process (PID=1996) to work on /home/airflow/.local/lib/python3.6/site-packages/airflow/example_dags/example_branch_operator.py
[2021-09-29 14:05:59,207] {processor.py:613} INFO - Processing file /home/airflow/.local/lib/python3.6/site-packages/airflow/example_dags/example_branch_operator.py for tasks to queue
[2021-09-29 14:05:59,209] {logging_mixin.py:109} INFO - [2021-09-29 14:05:59,209] {dagbag.py:496} INFO - Filling up the DagBag from /home/airflow/.local/lib/python3.6/site-packages/airflow/example_dags/example_branch_operator.py
[2021-09-29 14:05:59,227] {processor.py:623} INFO - DAG(s) dict_keys(['example_branch_operator']) retrieved from /home/airflow/.local/lib/python3.6/site-packages/airflow/example_dags/example_branch_operator.py
[2021-09-29 14:05:59,259] {logging_mixin.py:109} INFO - [2021-09-29 14:05:59,258] {dag.py:1834} INFO - Sync 1 DAGs
[2021-09-29 14:05:59,281] {logging_mixin.py:109} INFO - [2021-09-29 14:05:59,280] {dag.py:2287} INFO - Setting next_dagrun for example_branch_operator to 2021-09-27 00:00:00+00:00
[2021-09-29 14:05:59,294] {processor.py:170} INFO - Processing /home/airflow/.local/lib/python3.6/site-packages/airflow/example_dags/example_branch_operator.py took 0.093 seconds
[2021-09-29 14:06:29,771] {processor.py:162} INFO - Started process (PID=2182) to work on /home/airflow/.local/lib/python3.6/site-packages/airflow/example_dags/example_branch_operator.py
[2021-09-29 14:06:29,774] {processor.py:613} INFO - Processing file /home/airflow/.local/lib/python3.6/site-packages/airflow/example_dags/example_branch_operator.py for tasks to queue
[2021-09-29 14:06:29,775] {logging_mixin.py:109} INFO - [2021-09-29 14:06:29,775] {dagbag.py:496} INFO - Filling up the DagBag from /home/airflow/.local/lib/python3.6/site-packages/airflow/example_dags/example_branch_operator.py
[2021-09-29 14:06:29,795] {processor.py:623} INFO - DAG(s) dict_keys(['example_branch_operator']) retrieved from /home/airflow/.local/lib/python3.6/site-packages/airflow/example_dags/example_branch_operator.py
[2021-09-29 14:06:29,824] {logging_mixin.py:109} INFO - [2021-09-29 14:06:29,824] {dag.py:1834} INFO - Sync 1 DAGs
[2021-09-29 14:06:29,845] {logging_mixin.py:109} INFO - [2021-09-29 14:06:29,845] {dag.py:2287} INFO - Setting next_dagrun for example_branch_operator to 2021-09-27 00:00:00+00:00
[2021-09-29 14:06:29,858] {processor.py:170} INFO - Processing /home/airflow/.local/lib/python3.6/site-packages/airflow/example_dags/example_branch_operator.py took 0.091 seconds
[2021-09-29 14:07:00,121] {processor.py:162} INFO - Started process (PID=2379) to work on /home/airflow/.local/lib/python3.6/site-packages/airflow/example_dags/example_branch_operator.py
[2021-09-29 14:07:00,123] {processor.py:613} INFO - Processing file /home/airflow/.local/lib/python3.6/site-packages/airflow/example_dags/example_branch_operator.py for tasks to queue
[2021-09-29 14:07:00,125] {logging_mixin.py:109} INFO - [2021-09-29 14:07:00,125] {dagbag.py:496} INFO - Filling up the DagBag from /home/airflow/.local/lib/python3.6/site-packages/airflow/example_dags/example_branch_operator.py
[2021-09-29 14:07:00,142] {processor.py:623} INFO - DAG(s) dict_keys(['example_branch_operator']) retrieved from /home/airflow/.local/lib/python3.6/site-packages/airflow/example_dags/example_branch_operator.py
[2021-09-29 14:07:00,168] {logging_mixin.py:109} INFO - [2021-09-29 14:07:00,168] {dag.py:1834} INFO - Sync 1 DAGs
[2021-09-29 14:07:00,184] {logging_mixin.py:109} INFO - [2021-09-29 14:07:00,184] {dag.py:2287} INFO - Setting next_dagrun for example_branch_operator to 2021-09-27 00:00:00+00:00
[2021-09-29 14:07:00,193] {processor.py:170} INFO - Processing /home/airflow/.local/lib/python3.6/site-packages/airflow/example_dags/example_branch_operator.py took 0.076 seconds
[2021-09-29 14:07:30,563] {processor.py:162} INFO - Started process (PID=2571) to work on /home/airflow/.local/lib/python3.6/site-packages/airflow/example_dags/example_branch_operator.py
[2021-09-29 14:07:30,564] {processor.py:613} INFO - Processing file /home/airflow/.local/lib/python3.6/site-packages/airflow/example_dags/example_branch_operator.py for tasks to queue
[2021-09-29 14:07:30,566] {logging_mixin.py:109} INFO - [2021-09-29 14:07:30,566] {dagbag.py:496} INFO - Filling up the DagBag from /home/airflow/.local/lib/python3.6/site-packages/airflow/example_dags/example_branch_operator.py
[2021-09-29 14:07:30,584] {processor.py:623} INFO - DAG(s) dict_keys(['example_branch_operator']) retrieved from /home/airflow/.local/lib/python3.6/site-packages/airflow/example_dags/example_branch_operator.py
[2021-09-29 14:07:30,612] {logging_mixin.py:109} INFO - [2021-09-29 14:07:30,612] {dag.py:1834} INFO - Sync 1 DAGs
[2021-09-29 14:07:30,628] {logging_mixin.py:109} INFO - [2021-09-29 14:07:30,628] {dag.py:2287} INFO - Setting next_dagrun for example_branch_operator to 2021-09-27 00:00:00+00:00
[2021-09-29 14:07:30,637] {processor.py:170} INFO - Processing /home/airflow/.local/lib/python3.6/site-packages/airflow/example_dags/example_branch_operator.py took 0.079 seconds
[2021-09-29 14:08:00,957] {processor.py:162} INFO - Started process (PID=2773) to work on /home/airflow/.local/lib/python3.6/site-packages/airflow/example_dags/example_branch_operator.py
[2021-09-29 14:08:00,959] {processor.py:613} INFO - Processing file /home/airflow/.local/lib/python3.6/site-packages/airflow/example_dags/example_branch_operator.py for tasks to queue
[2021-09-29 14:08:00,961] {logging_mixin.py:109} INFO - [2021-09-29 14:08:00,960] {dagbag.py:496} INFO - Filling up the DagBag from /home/airflow/.local/lib/python3.6/site-packages/airflow/example_dags/example_branch_operator.py
[2021-09-29 14:08:00,978] {processor.py:623} INFO - DAG(s) dict_keys(['example_branch_operator']) retrieved from /home/airflow/.local/lib/python3.6/site-packages/airflow/example_dags/example_branch_operator.py
[2021-09-29 14:08:01,006] {logging_mixin.py:109} INFO - [2021-09-29 14:08:01,006] {dag.py:1834} INFO - Sync 1 DAGs
[2021-09-29 14:08:01,023] {logging_mixin.py:109} INFO - [2021-09-29 14:08:01,023] {dag.py:2287} INFO - Setting next_dagrun for example_branch_operator to 2021-09-27 00:00:00+00:00
[2021-09-29 14:08:01,033] {processor.py:170} INFO - Processing /home/airflow/.local/lib/python3.6/site-packages/airflow/example_dags/example_branch_operator.py took 0.080 seconds
[2021-09-29 14:08:31,390] {processor.py:162} INFO - Started process (PID=2982) to work on /home/airflow/.local/lib/python3.6/site-packages/airflow/example_dags/example_branch_operator.py
[2021-09-29 14:08:31,392] {processor.py:613} INFO - Processing file /home/airflow/.local/lib/python3.6/site-packages/airflow/example_dags/example_branch_operator.py for tasks to queue
[2021-09-29 14:08:31,394] {logging_mixin.py:109} INFO - [2021-09-29 14:08:31,394] {dagbag.py:496} INFO - Filling up the DagBag from /home/airflow/.local/lib/python3.6/site-packages/airflow/example_dags/example_branch_operator.py
[2021-09-29 14:08:31,412] {processor.py:623} INFO - DAG(s) dict_keys(['example_branch_operator']) retrieved from /home/airflow/.local/lib/python3.6/site-packages/airflow/example_dags/example_branch_operator.py
[2021-09-29 14:08:31,440] {logging_mixin.py:109} INFO - [2021-09-29 14:08:31,439] {dag.py:1834} INFO - Sync 1 DAGs
[2021-09-29 14:08:31,455] {logging_mixin.py:109} INFO - [2021-09-29 14:08:31,455] {dag.py:2287} INFO - Setting next_dagrun for example_branch_operator to 2021-09-27 00:00:00+00:00
[2021-09-29 14:08:31,464] {processor.py:170} INFO - Processing /home/airflow/.local/lib/python3.6/site-packages/airflow/example_dags/example_branch_operator.py took 0.078 seconds
[2021-09-29 14:09:02,330] {processor.py:162} INFO - Started process (PID=3169) to work on /home/airflow/.local/lib/python3.6/site-packages/airflow/example_dags/example_branch_operator.py
[2021-09-29 14:09:02,332] {processor.py:613} INFO - Processing file /home/airflow/.local/lib/python3.6/site-packages/airflow/example_dags/example_branch_operator.py for tasks to queue
[2021-09-29 14:09:02,334] {logging_mixin.py:109} INFO - [2021-09-29 14:09:02,334] {dagbag.py:496} INFO - Filling up the DagBag from /home/airflow/.local/lib/python3.6/site-packages/airflow/example_dags/example_branch_operator.py
[2021-09-29 14:09:02,351] {processor.py:623} INFO - DAG(s) dict_keys(['example_branch_operator']) retrieved from /home/airflow/.local/lib/python3.6/site-packages/airflow/example_dags/example_branch_operator.py
[2021-09-29 14:09:02,380] {logging_mixin.py:109} INFO - [2021-09-29 14:09:02,379] {dag.py:1834} INFO - Sync 1 DAGs
[2021-09-29 14:09:02,400] {logging_mixin.py:109} INFO - [2021-09-29 14:09:02,400] {dag.py:2287} INFO - Setting next_dagrun for example_branch_operator to 2021-09-27 00:00:00+00:00
[2021-09-29 14:09:02,413] {processor.py:170} INFO - Processing /home/airflow/.local/lib/python3.6/site-packages/airflow/example_dags/example_branch_operator.py took 0.087 seconds
[2021-09-29 14:09:32,989] {processor.py:162} INFO - Started process (PID=3374) to work on /home/airflow/.local/lib/python3.6/site-packages/airflow/example_dags/example_branch_operator.py
[2021-09-29 14:09:32,992] {processor.py:613} INFO - Processing file /home/airflow/.local/lib/python3.6/site-packages/airflow/example_dags/example_branch_operator.py for tasks to queue
[2021-09-29 14:09:32,993] {logging_mixin.py:109} INFO - [2021-09-29 14:09:32,993] {dagbag.py:496} INFO - Filling up the DagBag from /home/airflow/.local/lib/python3.6/site-packages/airflow/example_dags/example_branch_operator.py
[2021-09-29 14:09:33,013] {processor.py:623} INFO - DAG(s) dict_keys(['example_branch_operator']) retrieved from /home/airflow/.local/lib/python3.6/site-packages/airflow/example_dags/example_branch_operator.py
[2021-09-29 14:09:33,039] {logging_mixin.py:109} INFO - [2021-09-29 14:09:33,039] {dag.py:1834} INFO - Sync 1 DAGs
[2021-09-29 14:09:33,059] {logging_mixin.py:109} INFO - [2021-09-29 14:09:33,059] {dag.py:2287} INFO - Setting next_dagrun for example_branch_operator to 2021-09-27 00:00:00+00:00
[2021-09-29 14:09:33,071] {processor.py:170} INFO - Processing /home/airflow/.local/lib/python3.6/site-packages/airflow/example_dags/example_branch_operator.py took 0.085 seconds
[2021-09-29 14:10:03,401] {processor.py:162} INFO - Started process (PID=3577) to work on /home/airflow/.local/lib/python3.6/site-packages/airflow/example_dags/example_branch_operator.py
[2021-09-29 14:10:03,403] {processor.py:613} INFO - Processing file /home/airflow/.local/lib/python3.6/site-packages/airflow/example_dags/example_branch_operator.py for tasks to queue
[2021-09-29 14:10:03,405] {logging_mixin.py:109} INFO - [2021-09-29 14:10:03,405] {dagbag.py:496} INFO - Filling up the DagBag from /home/airflow/.local/lib/python3.6/site-packages/airflow/example_dags/example_branch_operator.py
[2021-09-29 14:10:03,424] {processor.py:623} INFO - DAG(s) dict_keys(['example_branch_operator']) retrieved from /home/airflow/.local/lib/python3.6/site-packages/airflow/example_dags/example_branch_operator.py
[2021-09-29 14:10:03,458] {logging_mixin.py:109} INFO - [2021-09-29 14:10:03,458] {dag.py:1834} INFO - Sync 1 DAGs
[2021-09-29 14:10:03,478] {logging_mixin.py:109} INFO - [2021-09-29 14:10:03,478] {dag.py:2287} INFO - Setting next_dagrun for example_branch_operator to 2021-09-27 00:00:00+00:00
[2021-09-29 14:10:03,493] {processor.py:170} INFO - Processing /home/airflow/.local/lib/python3.6/site-packages/airflow/example_dags/example_branch_operator.py took 0.096 seconds
[2021-09-29 14:10:33,585] {processor.py:162} INFO - Started process (PID=3762) to work on /home/airflow/.local/lib/python3.6/site-packages/airflow/example_dags/example_branch_operator.py
[2021-09-29 14:10:33,587] {processor.py:613} INFO - Processing file /home/airflow/.local/lib/python3.6/site-packages/airflow/example_dags/example_branch_operator.py for tasks to queue
[2021-09-29 14:10:33,589] {logging_mixin.py:109} INFO - [2021-09-29 14:10:33,589] {dagbag.py:496} INFO - Filling up the DagBag from /home/airflow/.local/lib/python3.6/site-packages/airflow/example_dags/example_branch_operator.py
[2021-09-29 14:10:33,607] {processor.py:623} INFO - DAG(s) dict_keys(['example_branch_operator']) retrieved from /home/airflow/.local/lib/python3.6/site-packages/airflow/example_dags/example_branch_operator.py
[2021-09-29 14:10:33,634] {logging_mixin.py:109} INFO - [2021-09-29 14:10:33,633] {dag.py:1834} INFO - Sync 1 DAGs
[2021-09-29 14:10:33,654] {logging_mixin.py:109} INFO - [2021-09-29 14:10:33,654] {dag.py:2287} INFO - Setting next_dagrun for example_branch_operator to 2021-09-27 00:00:00+00:00
[2021-09-29 14:10:33,667] {processor.py:170} INFO - Processing /home/airflow/.local/lib/python3.6/site-packages/airflow/example_dags/example_branch_operator.py took 0.085 seconds
[2021-09-29 14:11:04,016] {processor.py:162} INFO - Started process (PID=3958) to work on /home/airflow/.local/lib/python3.6/site-packages/airflow/example_dags/example_branch_operator.py
[2021-09-29 14:11:04,019] {processor.py:613} INFO - Processing file /home/airflow/.local/lib/python3.6/site-packages/airflow/example_dags/example_branch_operator.py for tasks to queue
[2021-09-29 14:11:04,021] {logging_mixin.py:109} INFO - [2021-09-29 14:11:04,021] {dagbag.py:496} INFO - Filling up the DagBag from /home/airflow/.local/lib/python3.6/site-packages/airflow/example_dags/example_branch_operator.py
[2021-09-29 14:11:04,039] {processor.py:623} INFO - DAG(s) dict_keys(['example_branch_operator']) retrieved from /home/airflow/.local/lib/python3.6/site-packages/airflow/example_dags/example_branch_operator.py
[2021-09-29 14:11:04,070] {logging_mixin.py:109} INFO - [2021-09-29 14:11:04,070] {dag.py:1834} INFO - Sync 1 DAGs
[2021-09-29 14:11:04,092] {logging_mixin.py:109} INFO - [2021-09-29 14:11:04,092] {dag.py:2287} INFO - Setting next_dagrun for example_branch_operator to 2021-09-27 00:00:00+00:00
[2021-09-29 14:11:04,105] {processor.py:170} INFO - Processing /home/airflow/.local/lib/python3.6/site-packages/airflow/example_dags/example_branch_operator.py took 0.099 seconds
[2021-09-29 14:11:34,684] {processor.py:162} INFO - Started process (PID=4151) to work on /home/airflow/.local/lib/python3.6/site-packages/airflow/example_dags/example_branch_operator.py
[2021-09-29 14:11:34,686] {processor.py:613} INFO - Processing file /home/airflow/.local/lib/python3.6/site-packages/airflow/example_dags/example_branch_operator.py for tasks to queue
[2021-09-29 14:11:34,688] {logging_mixin.py:109} INFO - [2021-09-29 14:11:34,687] {dagbag.py:496} INFO - Filling up the DagBag from /home/airflow/.local/lib/python3.6/site-packages/airflow/example_dags/example_branch_operator.py
[2021-09-29 14:11:34,706] {processor.py:623} INFO - DAG(s) dict_keys(['example_branch_operator']) retrieved from /home/airflow/.local/lib/python3.6/site-packages/airflow/example_dags/example_branch_operator.py
[2021-09-29 14:11:34,739] {logging_mixin.py:109} INFO - [2021-09-29 14:11:34,739] {dag.py:1834} INFO - Sync 1 DAGs
[2021-09-29 14:11:34,758] {logging_mixin.py:109} INFO - [2021-09-29 14:11:34,758] {dag.py:2287} INFO - Setting next_dagrun for example_branch_operator to 2021-09-27 00:00:00+00:00
[2021-09-29 14:11:34,770] {processor.py:170} INFO - Processing /home/airflow/.local/lib/python3.6/site-packages/airflow/example_dags/example_branch_operator.py took 0.090 seconds
[2021-09-29 14:12:04,997] {processor.py:162} INFO - Started process (PID=4351) to work on /home/airflow/.local/lib/python3.6/site-packages/airflow/example_dags/example_branch_operator.py
[2021-09-29 14:12:05,003] {processor.py:613} INFO - Processing file /home/airflow/.local/lib/python3.6/site-packages/airflow/example_dags/example_branch_operator.py for tasks to queue
[2021-09-29 14:12:05,005] {logging_mixin.py:109} INFO - [2021-09-29 14:12:05,005] {dagbag.py:496} INFO - Filling up the DagBag from /home/airflow/.local/lib/python3.6/site-packages/airflow/example_dags/example_branch_operator.py
[2021-09-29 14:12:05,024] {processor.py:623} INFO - DAG(s) dict_keys(['example_branch_operator']) retrieved from /home/airflow/.local/lib/python3.6/site-packages/airflow/example_dags/example_branch_operator.py
[2021-09-29 14:12:05,051] {logging_mixin.py:109} INFO - [2021-09-29 14:12:05,051] {dag.py:1834} INFO - Sync 1 DAGs
[2021-09-29 14:12:05,073] {logging_mixin.py:109} INFO - [2021-09-29 14:12:05,073] {dag.py:2287} INFO - Setting next_dagrun for example_branch_operator to 2021-09-27 00:00:00+00:00
[2021-09-29 14:12:05,086] {processor.py:170} INFO - Processing /home/airflow/.local/lib/python3.6/site-packages/airflow/example_dags/example_branch_operator.py took 0.092 seconds
[2021-09-29 14:12:35,654] {processor.py:162} INFO - Started process (PID=4558) to work on /home/airflow/.local/lib/python3.6/site-packages/airflow/example_dags/example_branch_operator.py
[2021-09-29 14:12:35,656] {processor.py:613} INFO - Processing file /home/airflow/.local/lib/python3.6/site-packages/airflow/example_dags/example_branch_operator.py for tasks to queue
[2021-09-29 14:12:35,658] {logging_mixin.py:109} INFO - [2021-09-29 14:12:35,658] {dagbag.py:496} INFO - Filling up the DagBag from /home/airflow/.local/lib/python3.6/site-packages/airflow/example_dags/example_branch_operator.py
[2021-09-29 14:12:35,676] {processor.py:623} INFO - DAG(s) dict_keys(['example_branch_operator']) retrieved from /home/airflow/.local/lib/python3.6/site-packages/airflow/example_dags/example_branch_operator.py
[2021-09-29 14:12:35,704] {logging_mixin.py:109} INFO - [2021-09-29 14:12:35,704] {dag.py:1834} INFO - Sync 1 DAGs
[2021-09-29 14:12:35,726] {logging_mixin.py:109} INFO - [2021-09-29 14:12:35,726] {dag.py:2287} INFO - Setting next_dagrun for example_branch_operator to 2021-09-27 00:00:00+00:00
[2021-09-29 14:12:35,739] {processor.py:170} INFO - Processing /home/airflow/.local/lib/python3.6/site-packages/airflow/example_dags/example_branch_operator.py took 0.089 seconds
[2021-09-29 14:13:05,985] {processor.py:162} INFO - Started process (PID=4750) to work on /home/airflow/.local/lib/python3.6/site-packages/airflow/example_dags/example_branch_operator.py
[2021-09-29 14:13:05,987] {processor.py:613} INFO - Processing file /home/airflow/.local/lib/python3.6/site-packages/airflow/example_dags/example_branch_operator.py for tasks to queue
[2021-09-29 14:13:05,989] {logging_mixin.py:109} INFO - [2021-09-29 14:13:05,988] {dagbag.py:496} INFO - Filling up the DagBag from /home/airflow/.local/lib/python3.6/site-packages/airflow/example_dags/example_branch_operator.py
[2021-09-29 14:13:06,007] {processor.py:623} INFO - DAG(s) dict_keys(['example_branch_operator']) retrieved from /home/airflow/.local/lib/python3.6/site-packages/airflow/example_dags/example_branch_operator.py
[2021-09-29 14:13:06,034] {logging_mixin.py:109} INFO - [2021-09-29 14:13:06,034] {dag.py:1834} INFO - Sync 1 DAGs
[2021-09-29 14:13:06,054] {logging_mixin.py:109} INFO - [2021-09-29 14:13:06,054] {dag.py:2287} INFO - Setting next_dagrun for example_branch_operator to 2021-09-27 00:00:00+00:00
[2021-09-29 14:13:06,065] {processor.py:170} INFO - Processing /home/airflow/.local/lib/python3.6/site-packages/airflow/example_dags/example_branch_operator.py took 0.085 seconds
[2021-09-29 14:13:36,434] {processor.py:162} INFO - Started process (PID=4951) to work on /home/airflow/.local/lib/python3.6/site-packages/airflow/example_dags/example_branch_operator.py
[2021-09-29 14:13:36,436] {processor.py:613} INFO - Processing file /home/airflow/.local/lib/python3.6/site-packages/airflow/example_dags/example_branch_operator.py for tasks to queue
[2021-09-29 14:13:36,438] {logging_mixin.py:109} INFO - [2021-09-29 14:13:36,438] {dagbag.py:496} INFO - Filling up the DagBag from /home/airflow/.local/lib/python3.6/site-packages/airflow/example_dags/example_branch_operator.py
[2021-09-29 14:13:36,457] {processor.py:623} INFO - DAG(s) dict_keys(['example_branch_operator']) retrieved from /home/airflow/.local/lib/python3.6/site-packages/airflow/example_dags/example_branch_operator.py
[2021-09-29 14:13:36,486] {logging_mixin.py:109} INFO - [2021-09-29 14:13:36,486] {dag.py:1834} INFO - Sync 1 DAGs
[2021-09-29 14:13:36,508] {logging_mixin.py:109} INFO - [2021-09-29 14:13:36,508] {dag.py:2287} INFO - Setting next_dagrun for example_branch_operator to 2021-09-27 00:00:00+00:00
[2021-09-29 14:13:36,523] {processor.py:170} INFO - Processing /home/airflow/.local/lib/python3.6/site-packages/airflow/example_dags/example_branch_operator.py took 0.093 seconds
[2021-09-29 14:14:07,047] {processor.py:162} INFO - Started process (PID=5178) to work on /home/airflow/.local/lib/python3.6/site-packages/airflow/example_dags/example_branch_operator.py
[2021-09-29 14:14:07,049] {processor.py:613} INFO - Processing file /home/airflow/.local/lib/python3.6/site-packages/airflow/example_dags/example_branch_operator.py for tasks to queue
[2021-09-29 14:14:07,051] {logging_mixin.py:109} INFO - [2021-09-29 14:14:07,051] {dagbag.py:496} INFO - Filling up the DagBag from /home/airflow/.local/lib/python3.6/site-packages/airflow/example_dags/example_branch_operator.py
[2021-09-29 14:14:07,074] {processor.py:623} INFO - DAG(s) dict_keys(['example_branch_operator']) retrieved from /home/airflow/.local/lib/python3.6/site-packages/airflow/example_dags/example_branch_operator.py
[2021-09-29 14:14:07,111] {logging_mixin.py:109} INFO - [2021-09-29 14:14:07,111] {dag.py:1834} INFO - Sync 1 DAGs
[2021-09-29 14:14:07,139] {logging_mixin.py:109} INFO - [2021-09-29 14:14:07,139] {dag.py:2287} INFO - Setting next_dagrun for example_branch_operator to 2021-09-27 00:00:00+00:00
[2021-09-29 14:14:07,153] {processor.py:170} INFO - Processing /home/airflow/.local/lib/python3.6/site-packages/airflow/example_dags/example_branch_operator.py took 0.110 seconds
[2021-09-29 14:14:37,203] {processor.py:162} INFO - Started process (PID=5370) to work on /home/airflow/.local/lib/python3.6/site-packages/airflow/example_dags/example_branch_operator.py
[2021-09-29 14:14:37,205] {processor.py:613} INFO - Processing file /home/airflow/.local/lib/python3.6/site-packages/airflow/example_dags/example_branch_operator.py for tasks to queue
[2021-09-29 14:14:37,207] {logging_mixin.py:109} INFO - [2021-09-29 14:14:37,207] {dagbag.py:496} INFO - Filling up the DagBag from /home/airflow/.local/lib/python3.6/site-packages/airflow/example_dags/example_branch_operator.py
[2021-09-29 14:14:37,225] {processor.py:623} INFO - DAG(s) dict_keys(['example_branch_operator']) retrieved from /home/airflow/.local/lib/python3.6/site-packages/airflow/example_dags/example_branch_operator.py
[2021-09-29 14:14:37,251] {logging_mixin.py:109} INFO - [2021-09-29 14:14:37,251] {dag.py:1834} INFO - Sync 1 DAGs
[2021-09-29 14:14:37,271] {logging_mixin.py:109} INFO - [2021-09-29 14:14:37,271] {dag.py:2287} INFO - Setting next_dagrun for example_branch_operator to 2021-09-27 00:00:00+00:00
[2021-09-29 14:14:37,285] {processor.py:170} INFO - Processing /home/airflow/.local/lib/python3.6/site-packages/airflow/example_dags/example_branch_operator.py took 0.086 seconds
[2021-09-29 14:15:07,762] {processor.py:162} INFO - Started process (PID=5575) to work on /home/airflow/.local/lib/python3.6/site-packages/airflow/example_dags/example_branch_operator.py
[2021-09-29 14:15:07,764] {processor.py:613} INFO - Processing file /home/airflow/.local/lib/python3.6/site-packages/airflow/example_dags/example_branch_operator.py for tasks to queue
[2021-09-29 14:15:07,766] {logging_mixin.py:109} INFO - [2021-09-29 14:15:07,766] {dagbag.py:496} INFO - Filling up the DagBag from /home/airflow/.local/lib/python3.6/site-packages/airflow/example_dags/example_branch_operator.py
[2021-09-29 14:15:07,786] {processor.py:623} INFO - DAG(s) dict_keys(['example_branch_operator']) retrieved from /home/airflow/.local/lib/python3.6/site-packages/airflow/example_dags/example_branch_operator.py
[2021-09-29 14:15:07,816] {logging_mixin.py:109} INFO - [2021-09-29 14:15:07,816] {dag.py:1834} INFO - Sync 1 DAGs
[2021-09-29 14:15:07,838] {logging_mixin.py:109} INFO - [2021-09-29 14:15:07,838] {dag.py:2287} INFO - Setting next_dagrun for example_branch_operator to 2021-09-27 00:00:00+00:00
[2021-09-29 14:15:07,851] {processor.py:170} INFO - Processing /home/airflow/.local/lib/python3.6/site-packages/airflow/example_dags/example_branch_operator.py took 0.093 seconds
[2021-09-29 14:15:38,122] {processor.py:162} INFO - Started process (PID=5780) to work on /home/airflow/.local/lib/python3.6/site-packages/airflow/example_dags/example_branch_operator.py
[2021-09-29 14:15:38,125] {processor.py:613} INFO - Processing file /home/airflow/.local/lib/python3.6/site-packages/airflow/example_dags/example_branch_operator.py for tasks to queue
[2021-09-29 14:15:38,127] {logging_mixin.py:109} INFO - [2021-09-29 14:15:38,126] {dagbag.py:496} INFO - Filling up the DagBag from /home/airflow/.local/lib/python3.6/site-packages/airflow/example_dags/example_branch_operator.py
[2021-09-29 14:15:38,147] {processor.py:623} INFO - DAG(s) dict_keys(['example_branch_operator']) retrieved from /home/airflow/.local/lib/python3.6/site-packages/airflow/example_dags/example_branch_operator.py
[2021-09-29 14:15:38,178] {logging_mixin.py:109} INFO - [2021-09-29 14:15:38,178] {dag.py:1834} INFO - Sync 1 DAGs
[2021-09-29 14:15:38,203] {logging_mixin.py:109} INFO - [2021-09-29 14:15:38,203] {dag.py:2287} INFO - Setting next_dagrun for example_branch_operator to 2021-09-27 00:00:00+00:00
[2021-09-29 14:15:38,215] {processor.py:170} INFO - Processing /home/airflow/.local/lib/python3.6/site-packages/airflow/example_dags/example_branch_operator.py took 0.098 seconds
[2021-09-29 14:16:08,525] {processor.py:162} INFO - Started process (PID=5984) to work on /home/airflow/.local/lib/python3.6/site-packages/airflow/example_dags/example_branch_operator.py
[2021-09-29 14:16:08,527] {processor.py:613} INFO - Processing file /home/airflow/.local/lib/python3.6/site-packages/airflow/example_dags/example_branch_operator.py for tasks to queue
[2021-09-29 14:16:08,529] {logging_mixin.py:109} INFO - [2021-09-29 14:16:08,529] {dagbag.py:496} INFO - Filling up the DagBag from /home/airflow/.local/lib/python3.6/site-packages/airflow/example_dags/example_branch_operator.py
[2021-09-29 14:16:08,547] {processor.py:623} INFO - DAG(s) dict_keys(['example_branch_operator']) retrieved from /home/airflow/.local/lib/python3.6/site-packages/airflow/example_dags/example_branch_operator.py
[2021-09-29 14:16:08,576] {logging_mixin.py:109} INFO - [2021-09-29 14:16:08,576] {dag.py:1834} INFO - Sync 1 DAGs
[2021-09-29 14:16:08,600] {logging_mixin.py:109} INFO - [2021-09-29 14:16:08,600] {dag.py:2287} INFO - Setting next_dagrun for example_branch_operator to 2021-09-27 00:00:00+00:00
[2021-09-29 14:16:08,615] {processor.py:170} INFO - Processing /home/airflow/.local/lib/python3.6/site-packages/airflow/example_dags/example_branch_operator.py took 0.093 seconds
[2021-09-29 14:16:39,025] {processor.py:162} INFO - Started process (PID=6189) to work on /home/airflow/.local/lib/python3.6/site-packages/airflow/example_dags/example_branch_operator.py
[2021-09-29 14:16:39,028] {processor.py:613} INFO - Processing file /home/airflow/.local/lib/python3.6/site-packages/airflow/example_dags/example_branch_operator.py for tasks to queue
[2021-09-29 14:16:39,029] {logging_mixin.py:109} INFO - [2021-09-29 14:16:39,029] {dagbag.py:496} INFO - Filling up the DagBag from /home/airflow/.local/lib/python3.6/site-packages/airflow/example_dags/example_branch_operator.py
[2021-09-29 14:16:39,047] {processor.py:623} INFO - DAG(s) dict_keys(['example_branch_operator']) retrieved from /home/airflow/.local/lib/python3.6/site-packages/airflow/example_dags/example_branch_operator.py
[2021-09-29 14:16:39,073] {logging_mixin.py:109} INFO - [2021-09-29 14:16:39,073] {dag.py:1834} INFO - Sync 1 DAGs
[2021-09-29 14:16:39,091] {logging_mixin.py:109} INFO - [2021-09-29 14:16:39,091] {dag.py:2287} INFO - Setting next_dagrun for example_branch_operator to 2021-09-27 00:00:00+00:00
[2021-09-29 14:16:39,104] {processor.py:170} INFO - Processing /home/airflow/.local/lib/python3.6/site-packages/airflow/example_dags/example_branch_operator.py took 0.083 seconds
[2021-09-29 14:17:09,432] {processor.py:162} INFO - Started process (PID=6380) to work on /home/airflow/.local/lib/python3.6/site-packages/airflow/example_dags/example_branch_operator.py
[2021-09-29 14:17:09,434] {processor.py:613} INFO - Processing file /home/airflow/.local/lib/python3.6/site-packages/airflow/example_dags/example_branch_operator.py for tasks to queue
[2021-09-29 14:17:09,436] {logging_mixin.py:109} INFO - [2021-09-29 14:17:09,436] {dagbag.py:496} INFO - Filling up the DagBag from /home/airflow/.local/lib/python3.6/site-packages/airflow/example_dags/example_branch_operator.py
[2021-09-29 14:17:09,456] {processor.py:623} INFO - DAG(s) dict_keys(['example_branch_operator']) retrieved from /home/airflow/.local/lib/python3.6/site-packages/airflow/example_dags/example_branch_operator.py
[2021-09-29 14:17:09,486] {logging_mixin.py:109} INFO - [2021-09-29 14:17:09,486] {dag.py:1834} INFO - Sync 1 DAGs
[2021-09-29 14:17:09,505] {logging_mixin.py:109} INFO - [2021-09-29 14:17:09,505] {dag.py:2287} INFO - Setting next_dagrun for example_branch_operator to 2021-09-27 00:00:00+00:00
[2021-09-29 14:17:09,517] {processor.py:170} INFO - Processing /home/airflow/.local/lib/python3.6/site-packages/airflow/example_dags/example_branch_operator.py took 0.089 seconds
[2021-09-29 14:17:40,027] {processor.py:162} INFO - Started process (PID=6587) to work on /home/airflow/.local/lib/python3.6/site-packages/airflow/example_dags/example_branch_operator.py
[2021-09-29 14:17:40,029] {processor.py:613} INFO - Processing file /home/airflow/.local/lib/python3.6/site-packages/airflow/example_dags/example_branch_operator.py for tasks to queue
[2021-09-29 14:17:40,030] {logging_mixin.py:109} INFO - [2021-09-29 14:17:40,030] {dagbag.py:496} INFO - Filling up the DagBag from /home/airflow/.local/lib/python3.6/site-packages/airflow/example_dags/example_branch_operator.py
[2021-09-29 14:17:40,048] {processor.py:623} INFO - DAG(s) dict_keys(['example_branch_operator']) retrieved from /home/airflow/.local/lib/python3.6/site-packages/airflow/example_dags/example_branch_operator.py
[2021-09-29 14:17:40,076] {logging_mixin.py:109} INFO - [2021-09-29 14:17:40,076] {dag.py:1834} INFO - Sync 1 DAGs
[2021-09-29 14:17:40,096] {logging_mixin.py:109} INFO - [2021-09-29 14:17:40,096] {dag.py:2287} INFO - Setting next_dagrun for example_branch_operator to 2021-09-27 00:00:00+00:00
[2021-09-29 14:17:40,108] {processor.py:170} INFO - Processing /home/airflow/.local/lib/python3.6/site-packages/airflow/example_dags/example_branch_operator.py took 0.085 seconds
[2021-09-29 14:18:10,205] {processor.py:162} INFO - Started process (PID=6790) to work on /home/airflow/.local/lib/python3.6/site-packages/airflow/example_dags/example_branch_operator.py
[2021-09-29 14:18:10,206] {processor.py:613} INFO - Processing file /home/airflow/.local/lib/python3.6/site-packages/airflow/example_dags/example_branch_operator.py for tasks to queue
[2021-09-29 14:18:10,208] {logging_mixin.py:109} INFO - [2021-09-29 14:18:10,208] {dagbag.py:496} INFO - Filling up the DagBag from /home/airflow/.local/lib/python3.6/site-packages/airflow/example_dags/example_branch_operator.py
[2021-09-29 14:18:10,227] {processor.py:623} INFO - DAG(s) dict_keys(['example_branch_operator']) retrieved from /home/airflow/.local/lib/python3.6/site-packages/airflow/example_dags/example_branch_operator.py
[2021-09-29 14:18:10,256] {logging_mixin.py:109} INFO - [2021-09-29 14:18:10,256] {dag.py:1834} INFO - Sync 1 DAGs
[2021-09-29 14:18:10,275] {logging_mixin.py:109} INFO - [2021-09-29 14:18:10,275] {dag.py:2287} INFO - Setting next_dagrun for example_branch_operator to 2021-09-27 00:00:00+00:00
[2021-09-29 14:18:10,288] {processor.py:170} INFO - Processing /home/airflow/.local/lib/python3.6/site-packages/airflow/example_dags/example_branch_operator.py took 0.087 seconds
[2021-09-29 14:18:40,952] {processor.py:162} INFO - Started process (PID=6999) to work on /home/airflow/.local/lib/python3.6/site-packages/airflow/example_dags/example_branch_operator.py
[2021-09-29 14:18:40,955] {processor.py:613} INFO - Processing file /home/airflow/.local/lib/python3.6/site-packages/airflow/example_dags/example_branch_operator.py for tasks to queue
[2021-09-29 14:18:40,956] {logging_mixin.py:109} INFO - [2021-09-29 14:18:40,956] {dagbag.py:496} INFO - Filling up the DagBag from /home/airflow/.local/lib/python3.6/site-packages/airflow/example_dags/example_branch_operator.py
[2021-09-29 14:18:40,977] {processor.py:623} INFO - DAG(s) dict_keys(['example_branch_operator']) retrieved from /home/airflow/.local/lib/python3.6/site-packages/airflow/example_dags/example_branch_operator.py
[2021-09-29 14:18:41,007] {logging_mixin.py:109} INFO - [2021-09-29 14:18:41,007] {dag.py:1834} INFO - Sync 1 DAGs
[2021-09-29 14:18:41,027] {logging_mixin.py:109} INFO - [2021-09-29 14:18:41,027] {dag.py:2287} INFO - Setting next_dagrun for example_branch_operator to 2021-09-27 00:00:00+00:00
[2021-09-29 14:18:41,039] {processor.py:170} INFO - Processing /home/airflow/.local/lib/python3.6/site-packages/airflow/example_dags/example_branch_operator.py took 0.090 seconds
[2021-09-29 14:19:11,262] {processor.py:162} INFO - Started process (PID=7201) to work on /home/airflow/.local/lib/python3.6/site-packages/airflow/example_dags/example_branch_operator.py
[2021-09-29 14:19:11,263] {processor.py:613} INFO - Processing file /home/airflow/.local/lib/python3.6/site-packages/airflow/example_dags/example_branch_operator.py for tasks to queue
[2021-09-29 14:19:11,264] {logging_mixin.py:109} INFO - [2021-09-29 14:19:11,264] {dagbag.py:496} INFO - Filling up the DagBag from /home/airflow/.local/lib/python3.6/site-packages/airflow/example_dags/example_branch_operator.py
[2021-09-29 14:19:11,278] {processor.py:623} INFO - DAG(s) dict_keys(['example_branch_operator']) retrieved from /home/airflow/.local/lib/python3.6/site-packages/airflow/example_dags/example_branch_operator.py
[2021-09-29 14:19:11,300] {logging_mixin.py:109} INFO - [2021-09-29 14:19:11,300] {dag.py:1834} INFO - Sync 1 DAGs
[2021-09-29 14:19:11,316] {logging_mixin.py:109} INFO - [2021-09-29 14:19:11,315] {dag.py:2287} INFO - Setting next_dagrun for example_branch_operator to 2021-09-27 00:00:00+00:00
[2021-09-29 14:19:11,324] {processor.py:170} INFO - Processing /home/airflow/.local/lib/python3.6/site-packages/airflow/example_dags/example_branch_operator.py took 0.066 seconds
