[2021-09-29 14:01:54,874] {processor.py:162} INFO - Started process (PID=310) to work on /home/airflow/.local/lib/python3.6/site-packages/airflow/example_dags/example_short_circuit_operator.py
[2021-09-29 14:01:54,877] {processor.py:613} INFO - Processing file /home/airflow/.local/lib/python3.6/site-packages/airflow/example_dags/example_short_circuit_operator.py for tasks to queue
[2021-09-29 14:01:54,879] {logging_mixin.py:109} INFO - [2021-09-29 14:01:54,878] {dagbag.py:496} INFO - Filling up the DagBag from /home/airflow/.local/lib/python3.6/site-packages/airflow/example_dags/example_short_circuit_operator.py
[2021-09-29 14:01:54,899] {processor.py:623} INFO - DAG(s) dict_keys(['example_short_circuit_operator']) retrieved from /home/airflow/.local/lib/python3.6/site-packages/airflow/example_dags/example_short_circuit_operator.py
[2021-09-29 14:01:55,148] {logging_mixin.py:109} INFO - [2021-09-29 14:01:55,148] {dag.py:1834} INFO - Sync 1 DAGs
[2021-09-29 14:01:55,159] {logging_mixin.py:109} INFO - [2021-09-29 14:01:55,159] {dag.py:2287} INFO - Setting next_dagrun for example_short_circuit_operator to 2021-09-27 00:00:00+00:00
[2021-09-29 14:01:55,169] {processor.py:170} INFO - Processing /home/airflow/.local/lib/python3.6/site-packages/airflow/example_dags/example_short_circuit_operator.py took 0.300 seconds
[2021-09-29 14:02:25,656] {processor.py:162} INFO - Started process (PID=496) to work on /home/airflow/.local/lib/python3.6/site-packages/airflow/example_dags/example_short_circuit_operator.py
[2021-09-29 14:02:25,658] {processor.py:613} INFO - Processing file /home/airflow/.local/lib/python3.6/site-packages/airflow/example_dags/example_short_circuit_operator.py for tasks to queue
[2021-09-29 14:02:25,659] {logging_mixin.py:109} INFO - [2021-09-29 14:02:25,659] {dagbag.py:496} INFO - Filling up the DagBag from /home/airflow/.local/lib/python3.6/site-packages/airflow/example_dags/example_short_circuit_operator.py
[2021-09-29 14:02:25,677] {processor.py:623} INFO - DAG(s) dict_keys(['example_short_circuit_operator']) retrieved from /home/airflow/.local/lib/python3.6/site-packages/airflow/example_dags/example_short_circuit_operator.py
[2021-09-29 14:02:25,704] {logging_mixin.py:109} INFO - [2021-09-29 14:02:25,704] {dag.py:1834} INFO - Sync 1 DAGs
[2021-09-29 14:02:25,720] {logging_mixin.py:109} INFO - [2021-09-29 14:02:25,719] {dag.py:2287} INFO - Setting next_dagrun for example_short_circuit_operator to 2021-09-27 00:00:00+00:00
[2021-09-29 14:02:25,731] {processor.py:170} INFO - Processing /home/airflow/.local/lib/python3.6/site-packages/airflow/example_dags/example_short_circuit_operator.py took 0.079 seconds
[2021-09-29 14:02:56,686] {processor.py:162} INFO - Started process (PID=693) to work on /home/airflow/.local/lib/python3.6/site-packages/airflow/example_dags/example_short_circuit_operator.py
[2021-09-29 14:02:56,689] {processor.py:613} INFO - Processing file /home/airflow/.local/lib/python3.6/site-packages/airflow/example_dags/example_short_circuit_operator.py for tasks to queue
[2021-09-29 14:02:56,690] {logging_mixin.py:109} INFO - [2021-09-29 14:02:56,690] {dagbag.py:496} INFO - Filling up the DagBag from /home/airflow/.local/lib/python3.6/site-packages/airflow/example_dags/example_short_circuit_operator.py
[2021-09-29 14:02:56,706] {processor.py:623} INFO - DAG(s) dict_keys(['example_short_circuit_operator']) retrieved from /home/airflow/.local/lib/python3.6/site-packages/airflow/example_dags/example_short_circuit_operator.py
[2021-09-29 14:02:56,735] {logging_mixin.py:109} INFO - [2021-09-29 14:02:56,735] {dag.py:1834} INFO - Sync 1 DAGs
[2021-09-29 14:02:56,752] {logging_mixin.py:109} INFO - [2021-09-29 14:02:56,751] {dag.py:2287} INFO - Setting next_dagrun for example_short_circuit_operator to 2021-09-27 00:00:00+00:00
[2021-09-29 14:02:56,763] {processor.py:170} INFO - Processing /home/airflow/.local/lib/python3.6/site-packages/airflow/example_dags/example_short_circuit_operator.py took 0.081 seconds
[2021-09-29 14:03:27,254] {processor.py:162} INFO - Started process (PID=917) to work on /home/airflow/.local/lib/python3.6/site-packages/airflow/example_dags/example_short_circuit_operator.py
[2021-09-29 14:03:27,257] {processor.py:613} INFO - Processing file /home/airflow/.local/lib/python3.6/site-packages/airflow/example_dags/example_short_circuit_operator.py for tasks to queue
[2021-09-29 14:03:27,259] {logging_mixin.py:109} INFO - [2021-09-29 14:03:27,259] {dagbag.py:496} INFO - Filling up the DagBag from /home/airflow/.local/lib/python3.6/site-packages/airflow/example_dags/example_short_circuit_operator.py
[2021-09-29 14:03:27,278] {processor.py:623} INFO - DAG(s) dict_keys(['example_short_circuit_operator']) retrieved from /home/airflow/.local/lib/python3.6/site-packages/airflow/example_dags/example_short_circuit_operator.py
[2021-09-29 14:03:27,306] {logging_mixin.py:109} INFO - [2021-09-29 14:03:27,306] {dag.py:1834} INFO - Sync 1 DAGs
[2021-09-29 14:03:27,322] {logging_mixin.py:109} INFO - [2021-09-29 14:03:27,322] {dag.py:2287} INFO - Setting next_dagrun for example_short_circuit_operator to 2021-09-27 00:00:00+00:00
[2021-09-29 14:03:27,335] {processor.py:170} INFO - Processing /home/airflow/.local/lib/python3.6/site-packages/airflow/example_dags/example_short_circuit_operator.py took 0.085 seconds
[2021-09-29 14:03:57,757] {processor.py:162} INFO - Started process (PID=1143) to work on /home/airflow/.local/lib/python3.6/site-packages/airflow/example_dags/example_short_circuit_operator.py
[2021-09-29 14:03:57,759] {processor.py:613} INFO - Processing file /home/airflow/.local/lib/python3.6/site-packages/airflow/example_dags/example_short_circuit_operator.py for tasks to queue
[2021-09-29 14:03:57,763] {logging_mixin.py:109} INFO - [2021-09-29 14:03:57,762] {dagbag.py:496} INFO - Filling up the DagBag from /home/airflow/.local/lib/python3.6/site-packages/airflow/example_dags/example_short_circuit_operator.py
[2021-09-29 14:03:57,779] {processor.py:623} INFO - DAG(s) dict_keys(['example_short_circuit_operator']) retrieved from /home/airflow/.local/lib/python3.6/site-packages/airflow/example_dags/example_short_circuit_operator.py
[2021-09-29 14:03:57,804] {logging_mixin.py:109} INFO - [2021-09-29 14:03:57,803] {dag.py:1834} INFO - Sync 1 DAGs
[2021-09-29 14:03:57,821] {logging_mixin.py:109} INFO - [2021-09-29 14:03:57,821] {dag.py:2287} INFO - Setting next_dagrun for example_short_circuit_operator to 2021-09-27 00:00:00+00:00
[2021-09-29 14:03:57,834] {processor.py:170} INFO - Processing /home/airflow/.local/lib/python3.6/site-packages/airflow/example_dags/example_short_circuit_operator.py took 0.080 seconds
[2021-09-29 14:04:28,643] {processor.py:162} INFO - Started process (PID=1371) to work on /home/airflow/.local/lib/python3.6/site-packages/airflow/example_dags/example_short_circuit_operator.py
[2021-09-29 14:04:28,646] {processor.py:613} INFO - Processing file /home/airflow/.local/lib/python3.6/site-packages/airflow/example_dags/example_short_circuit_operator.py for tasks to queue
[2021-09-29 14:04:28,648] {logging_mixin.py:109} INFO - [2021-09-29 14:04:28,648] {dagbag.py:496} INFO - Filling up the DagBag from /home/airflow/.local/lib/python3.6/site-packages/airflow/example_dags/example_short_circuit_operator.py
[2021-09-29 14:04:28,664] {processor.py:623} INFO - DAG(s) dict_keys(['example_short_circuit_operator']) retrieved from /home/airflow/.local/lib/python3.6/site-packages/airflow/example_dags/example_short_circuit_operator.py
[2021-09-29 14:04:28,692] {logging_mixin.py:109} INFO - [2021-09-29 14:04:28,692] {dag.py:1834} INFO - Sync 1 DAGs
[2021-09-29 14:04:28,710] {logging_mixin.py:109} INFO - [2021-09-29 14:04:28,710] {dag.py:2287} INFO - Setting next_dagrun for example_short_circuit_operator to 2021-09-27 00:00:00+00:00
[2021-09-29 14:04:28,724] {processor.py:170} INFO - Processing /home/airflow/.local/lib/python3.6/site-packages/airflow/example_dags/example_short_circuit_operator.py took 0.085 seconds
[2021-09-29 14:04:59,089] {processor.py:162} INFO - Started process (PID=1571) to work on /home/airflow/.local/lib/python3.6/site-packages/airflow/example_dags/example_short_circuit_operator.py
[2021-09-29 14:04:59,093] {processor.py:613} INFO - Processing file /home/airflow/.local/lib/python3.6/site-packages/airflow/example_dags/example_short_circuit_operator.py for tasks to queue
[2021-09-29 14:04:59,095] {logging_mixin.py:109} INFO - [2021-09-29 14:04:59,095] {dagbag.py:496} INFO - Filling up the DagBag from /home/airflow/.local/lib/python3.6/site-packages/airflow/example_dags/example_short_circuit_operator.py
[2021-09-29 14:04:59,115] {processor.py:623} INFO - DAG(s) dict_keys(['example_short_circuit_operator']) retrieved from /home/airflow/.local/lib/python3.6/site-packages/airflow/example_dags/example_short_circuit_operator.py
[2021-09-29 14:04:59,147] {logging_mixin.py:109} INFO - [2021-09-29 14:04:59,147] {dag.py:1834} INFO - Sync 1 DAGs
[2021-09-29 14:04:59,165] {logging_mixin.py:109} INFO - [2021-09-29 14:04:59,165] {dag.py:2287} INFO - Setting next_dagrun for example_short_circuit_operator to 2021-09-27 00:00:00+00:00
[2021-09-29 14:04:59,187] {processor.py:170} INFO - Processing /home/airflow/.local/lib/python3.6/site-packages/airflow/example_dags/example_short_circuit_operator.py took 0.102 seconds
[2021-09-29 14:05:29,554] {processor.py:162} INFO - Started process (PID=1781) to work on /home/airflow/.local/lib/python3.6/site-packages/airflow/example_dags/example_short_circuit_operator.py
[2021-09-29 14:05:29,557] {processor.py:613} INFO - Processing file /home/airflow/.local/lib/python3.6/site-packages/airflow/example_dags/example_short_circuit_operator.py for tasks to queue
[2021-09-29 14:05:29,558] {logging_mixin.py:109} INFO - [2021-09-29 14:05:29,558] {dagbag.py:496} INFO - Filling up the DagBag from /home/airflow/.local/lib/python3.6/site-packages/airflow/example_dags/example_short_circuit_operator.py
[2021-09-29 14:05:29,575] {processor.py:623} INFO - DAG(s) dict_keys(['example_short_circuit_operator']) retrieved from /home/airflow/.local/lib/python3.6/site-packages/airflow/example_dags/example_short_circuit_operator.py
[2021-09-29 14:05:29,601] {logging_mixin.py:109} INFO - [2021-09-29 14:05:29,601] {dag.py:1834} INFO - Sync 1 DAGs
[2021-09-29 14:05:29,617] {logging_mixin.py:109} INFO - [2021-09-29 14:05:29,617] {dag.py:2287} INFO - Setting next_dagrun for example_short_circuit_operator to 2021-09-27 00:00:00+00:00
[2021-09-29 14:05:29,631] {processor.py:170} INFO - Processing /home/airflow/.local/lib/python3.6/site-packages/airflow/example_dags/example_short_circuit_operator.py took 0.080 seconds
[2021-09-29 14:06:00,357] {processor.py:162} INFO - Started process (PID=2014) to work on /home/airflow/.local/lib/python3.6/site-packages/airflow/example_dags/example_short_circuit_operator.py
[2021-09-29 14:06:00,360] {processor.py:613} INFO - Processing file /home/airflow/.local/lib/python3.6/site-packages/airflow/example_dags/example_short_circuit_operator.py for tasks to queue
[2021-09-29 14:06:00,361] {logging_mixin.py:109} INFO - [2021-09-29 14:06:00,361] {dagbag.py:496} INFO - Filling up the DagBag from /home/airflow/.local/lib/python3.6/site-packages/airflow/example_dags/example_short_circuit_operator.py
[2021-09-29 14:06:00,380] {processor.py:623} INFO - DAG(s) dict_keys(['example_short_circuit_operator']) retrieved from /home/airflow/.local/lib/python3.6/site-packages/airflow/example_dags/example_short_circuit_operator.py
[2021-09-29 14:06:00,414] {logging_mixin.py:109} INFO - [2021-09-29 14:06:00,414] {dag.py:1834} INFO - Sync 1 DAGs
[2021-09-29 14:06:00,441] {logging_mixin.py:109} INFO - [2021-09-29 14:06:00,441] {dag.py:2287} INFO - Setting next_dagrun for example_short_circuit_operator to 2021-09-27 00:00:00+00:00
[2021-09-29 14:06:00,457] {processor.py:170} INFO - Processing /home/airflow/.local/lib/python3.6/site-packages/airflow/example_dags/example_short_circuit_operator.py took 0.104 seconds
[2021-09-29 14:06:30,910] {processor.py:162} INFO - Started process (PID=2200) to work on /home/airflow/.local/lib/python3.6/site-packages/airflow/example_dags/example_short_circuit_operator.py
[2021-09-29 14:06:30,912] {processor.py:613} INFO - Processing file /home/airflow/.local/lib/python3.6/site-packages/airflow/example_dags/example_short_circuit_operator.py for tasks to queue
[2021-09-29 14:06:30,914] {logging_mixin.py:109} INFO - [2021-09-29 14:06:30,914] {dagbag.py:496} INFO - Filling up the DagBag from /home/airflow/.local/lib/python3.6/site-packages/airflow/example_dags/example_short_circuit_operator.py
[2021-09-29 14:06:30,933] {processor.py:623} INFO - DAG(s) dict_keys(['example_short_circuit_operator']) retrieved from /home/airflow/.local/lib/python3.6/site-packages/airflow/example_dags/example_short_circuit_operator.py
[2021-09-29 14:06:30,959] {logging_mixin.py:109} INFO - [2021-09-29 14:06:30,959] {dag.py:1834} INFO - Sync 1 DAGs
[2021-09-29 14:06:30,974] {logging_mixin.py:109} INFO - [2021-09-29 14:06:30,974] {dag.py:2287} INFO - Setting next_dagrun for example_short_circuit_operator to 2021-09-27 00:00:00+00:00
[2021-09-29 14:06:30,985] {processor.py:170} INFO - Processing /home/airflow/.local/lib/python3.6/site-packages/airflow/example_dags/example_short_circuit_operator.py took 0.079 seconds
[2021-09-29 14:07:01,280] {processor.py:162} INFO - Started process (PID=2399) to work on /home/airflow/.local/lib/python3.6/site-packages/airflow/example_dags/example_short_circuit_operator.py
[2021-09-29 14:07:01,282] {processor.py:613} INFO - Processing file /home/airflow/.local/lib/python3.6/site-packages/airflow/example_dags/example_short_circuit_operator.py for tasks to queue
[2021-09-29 14:07:01,283] {logging_mixin.py:109} INFO - [2021-09-29 14:07:01,283] {dagbag.py:496} INFO - Filling up the DagBag from /home/airflow/.local/lib/python3.6/site-packages/airflow/example_dags/example_short_circuit_operator.py
[2021-09-29 14:07:01,300] {processor.py:623} INFO - DAG(s) dict_keys(['example_short_circuit_operator']) retrieved from /home/airflow/.local/lib/python3.6/site-packages/airflow/example_dags/example_short_circuit_operator.py
[2021-09-29 14:07:01,328] {logging_mixin.py:109} INFO - [2021-09-29 14:07:01,328] {dag.py:1834} INFO - Sync 1 DAGs
[2021-09-29 14:07:01,345] {logging_mixin.py:109} INFO - [2021-09-29 14:07:01,345] {dag.py:2287} INFO - Setting next_dagrun for example_short_circuit_operator to 2021-09-27 00:00:00+00:00
[2021-09-29 14:07:01,358] {processor.py:170} INFO - Processing /home/airflow/.local/lib/python3.6/site-packages/airflow/example_dags/example_short_circuit_operator.py took 0.082 seconds
[2021-09-29 14:07:31,753] {processor.py:162} INFO - Started process (PID=2603) to work on /home/airflow/.local/lib/python3.6/site-packages/airflow/example_dags/example_short_circuit_operator.py
[2021-09-29 14:07:31,755] {processor.py:613} INFO - Processing file /home/airflow/.local/lib/python3.6/site-packages/airflow/example_dags/example_short_circuit_operator.py for tasks to queue
[2021-09-29 14:07:31,757] {logging_mixin.py:109} INFO - [2021-09-29 14:07:31,757] {dagbag.py:496} INFO - Filling up the DagBag from /home/airflow/.local/lib/python3.6/site-packages/airflow/example_dags/example_short_circuit_operator.py
[2021-09-29 14:07:31,776] {processor.py:623} INFO - DAG(s) dict_keys(['example_short_circuit_operator']) retrieved from /home/airflow/.local/lib/python3.6/site-packages/airflow/example_dags/example_short_circuit_operator.py
[2021-09-29 14:07:31,809] {logging_mixin.py:109} INFO - [2021-09-29 14:07:31,809] {dag.py:1834} INFO - Sync 1 DAGs
[2021-09-29 14:07:31,829] {logging_mixin.py:109} INFO - [2021-09-29 14:07:31,829] {dag.py:2287} INFO - Setting next_dagrun for example_short_circuit_operator to 2021-09-27 00:00:00+00:00
[2021-09-29 14:07:31,846] {processor.py:170} INFO - Processing /home/airflow/.local/lib/python3.6/site-packages/airflow/example_dags/example_short_circuit_operator.py took 0.098 seconds
[2021-09-29 14:08:02,182] {processor.py:162} INFO - Started process (PID=2793) to work on /home/airflow/.local/lib/python3.6/site-packages/airflow/example_dags/example_short_circuit_operator.py
[2021-09-29 14:08:02,184] {processor.py:613} INFO - Processing file /home/airflow/.local/lib/python3.6/site-packages/airflow/example_dags/example_short_circuit_operator.py for tasks to queue
[2021-09-29 14:08:02,186] {logging_mixin.py:109} INFO - [2021-09-29 14:08:02,185] {dagbag.py:496} INFO - Filling up the DagBag from /home/airflow/.local/lib/python3.6/site-packages/airflow/example_dags/example_short_circuit_operator.py
[2021-09-29 14:08:02,200] {processor.py:623} INFO - DAG(s) dict_keys(['example_short_circuit_operator']) retrieved from /home/airflow/.local/lib/python3.6/site-packages/airflow/example_dags/example_short_circuit_operator.py
[2021-09-29 14:08:02,221] {logging_mixin.py:109} INFO - [2021-09-29 14:08:02,221] {dag.py:1834} INFO - Sync 1 DAGs
[2021-09-29 14:08:02,237] {logging_mixin.py:109} INFO - [2021-09-29 14:08:02,237] {dag.py:2287} INFO - Setting next_dagrun for example_short_circuit_operator to 2021-09-27 00:00:00+00:00
[2021-09-29 14:08:02,248] {processor.py:170} INFO - Processing /home/airflow/.local/lib/python3.6/site-packages/airflow/example_dags/example_short_circuit_operator.py took 0.070 seconds
[2021-09-29 14:08:32,498] {processor.py:162} INFO - Started process (PID=3000) to work on /home/airflow/.local/lib/python3.6/site-packages/airflow/example_dags/example_short_circuit_operator.py
[2021-09-29 14:08:32,500] {processor.py:613} INFO - Processing file /home/airflow/.local/lib/python3.6/site-packages/airflow/example_dags/example_short_circuit_operator.py for tasks to queue
[2021-09-29 14:08:32,501] {logging_mixin.py:109} INFO - [2021-09-29 14:08:32,501] {dagbag.py:496} INFO - Filling up the DagBag from /home/airflow/.local/lib/python3.6/site-packages/airflow/example_dags/example_short_circuit_operator.py
[2021-09-29 14:08:32,520] {processor.py:623} INFO - DAG(s) dict_keys(['example_short_circuit_operator']) retrieved from /home/airflow/.local/lib/python3.6/site-packages/airflow/example_dags/example_short_circuit_operator.py
[2021-09-29 14:08:32,552] {logging_mixin.py:109} INFO - [2021-09-29 14:08:32,551] {dag.py:1834} INFO - Sync 1 DAGs
[2021-09-29 14:08:32,568] {logging_mixin.py:109} INFO - [2021-09-29 14:08:32,568] {dag.py:2287} INFO - Setting next_dagrun for example_short_circuit_operator to 2021-09-27 00:00:00+00:00
[2021-09-29 14:08:32,580] {processor.py:170} INFO - Processing /home/airflow/.local/lib/python3.6/site-packages/airflow/example_dags/example_short_circuit_operator.py took 0.086 seconds
[2021-09-29 14:09:03,461] {processor.py:162} INFO - Started process (PID=3187) to work on /home/airflow/.local/lib/python3.6/site-packages/airflow/example_dags/example_short_circuit_operator.py
[2021-09-29 14:09:03,464] {processor.py:613} INFO - Processing file /home/airflow/.local/lib/python3.6/site-packages/airflow/example_dags/example_short_circuit_operator.py for tasks to queue
[2021-09-29 14:09:03,467] {logging_mixin.py:109} INFO - [2021-09-29 14:09:03,466] {dagbag.py:496} INFO - Filling up the DagBag from /home/airflow/.local/lib/python3.6/site-packages/airflow/example_dags/example_short_circuit_operator.py
[2021-09-29 14:09:03,486] {processor.py:623} INFO - DAG(s) dict_keys(['example_short_circuit_operator']) retrieved from /home/airflow/.local/lib/python3.6/site-packages/airflow/example_dags/example_short_circuit_operator.py
[2021-09-29 14:09:03,514] {logging_mixin.py:109} INFO - [2021-09-29 14:09:03,514] {dag.py:1834} INFO - Sync 1 DAGs
[2021-09-29 14:09:03,535] {logging_mixin.py:109} INFO - [2021-09-29 14:09:03,535] {dag.py:2287} INFO - Setting next_dagrun for example_short_circuit_operator to 2021-09-27 00:00:00+00:00
[2021-09-29 14:09:03,548] {processor.py:170} INFO - Processing /home/airflow/.local/lib/python3.6/site-packages/airflow/example_dags/example_short_circuit_operator.py took 0.091 seconds
[2021-09-29 14:09:34,302] {processor.py:162} INFO - Started process (PID=3396) to work on /home/airflow/.local/lib/python3.6/site-packages/airflow/example_dags/example_short_circuit_operator.py
[2021-09-29 14:09:34,304] {processor.py:613} INFO - Processing file /home/airflow/.local/lib/python3.6/site-packages/airflow/example_dags/example_short_circuit_operator.py for tasks to queue
[2021-09-29 14:09:34,305] {logging_mixin.py:109} INFO - [2021-09-29 14:09:34,305] {dagbag.py:496} INFO - Filling up the DagBag from /home/airflow/.local/lib/python3.6/site-packages/airflow/example_dags/example_short_circuit_operator.py
[2021-09-29 14:09:34,320] {processor.py:623} INFO - DAG(s) dict_keys(['example_short_circuit_operator']) retrieved from /home/airflow/.local/lib/python3.6/site-packages/airflow/example_dags/example_short_circuit_operator.py
[2021-09-29 14:09:34,342] {logging_mixin.py:109} INFO - [2021-09-29 14:09:34,342] {dag.py:1834} INFO - Sync 1 DAGs
[2021-09-29 14:09:34,359] {logging_mixin.py:109} INFO - [2021-09-29 14:09:34,358] {dag.py:2287} INFO - Setting next_dagrun for example_short_circuit_operator to 2021-09-27 00:00:00+00:00
[2021-09-29 14:09:34,368] {processor.py:170} INFO - Processing /home/airflow/.local/lib/python3.6/site-packages/airflow/example_dags/example_short_circuit_operator.py took 0.070 seconds
[2021-09-29 14:10:04,608] {processor.py:162} INFO - Started process (PID=3597) to work on /home/airflow/.local/lib/python3.6/site-packages/airflow/example_dags/example_short_circuit_operator.py
[2021-09-29 14:10:04,610] {processor.py:613} INFO - Processing file /home/airflow/.local/lib/python3.6/site-packages/airflow/example_dags/example_short_circuit_operator.py for tasks to queue
[2021-09-29 14:10:04,612] {logging_mixin.py:109} INFO - [2021-09-29 14:10:04,612] {dagbag.py:496} INFO - Filling up the DagBag from /home/airflow/.local/lib/python3.6/site-packages/airflow/example_dags/example_short_circuit_operator.py
[2021-09-29 14:10:04,630] {processor.py:623} INFO - DAG(s) dict_keys(['example_short_circuit_operator']) retrieved from /home/airflow/.local/lib/python3.6/site-packages/airflow/example_dags/example_short_circuit_operator.py
[2021-09-29 14:10:04,658] {logging_mixin.py:109} INFO - [2021-09-29 14:10:04,658] {dag.py:1834} INFO - Sync 1 DAGs
[2021-09-29 14:10:04,675] {logging_mixin.py:109} INFO - [2021-09-29 14:10:04,675] {dag.py:2287} INFO - Setting next_dagrun for example_short_circuit_operator to 2021-09-27 00:00:00+00:00
[2021-09-29 14:10:04,688] {processor.py:170} INFO - Processing /home/airflow/.local/lib/python3.6/site-packages/airflow/example_dags/example_short_circuit_operator.py took 0.084 seconds
[2021-09-29 14:10:34,809] {processor.py:162} INFO - Started process (PID=3782) to work on /home/airflow/.local/lib/python3.6/site-packages/airflow/example_dags/example_short_circuit_operator.py
[2021-09-29 14:10:34,811] {processor.py:613} INFO - Processing file /home/airflow/.local/lib/python3.6/site-packages/airflow/example_dags/example_short_circuit_operator.py for tasks to queue
[2021-09-29 14:10:34,813] {logging_mixin.py:109} INFO - [2021-09-29 14:10:34,813] {dagbag.py:496} INFO - Filling up the DagBag from /home/airflow/.local/lib/python3.6/site-packages/airflow/example_dags/example_short_circuit_operator.py
[2021-09-29 14:10:34,831] {processor.py:623} INFO - DAG(s) dict_keys(['example_short_circuit_operator']) retrieved from /home/airflow/.local/lib/python3.6/site-packages/airflow/example_dags/example_short_circuit_operator.py
[2021-09-29 14:10:34,857] {logging_mixin.py:109} INFO - [2021-09-29 14:10:34,857] {dag.py:1834} INFO - Sync 1 DAGs
[2021-09-29 14:10:34,873] {logging_mixin.py:109} INFO - [2021-09-29 14:10:34,873] {dag.py:2287} INFO - Setting next_dagrun for example_short_circuit_operator to 2021-09-27 00:00:00+00:00
[2021-09-29 14:10:34,890] {processor.py:170} INFO - Processing /home/airflow/.local/lib/python3.6/site-packages/airflow/example_dags/example_short_circuit_operator.py took 0.083 seconds
[2021-09-29 14:11:05,232] {processor.py:162} INFO - Started process (PID=3978) to work on /home/airflow/.local/lib/python3.6/site-packages/airflow/example_dags/example_short_circuit_operator.py
[2021-09-29 14:11:05,235] {processor.py:613} INFO - Processing file /home/airflow/.local/lib/python3.6/site-packages/airflow/example_dags/example_short_circuit_operator.py for tasks to queue
[2021-09-29 14:11:05,236] {logging_mixin.py:109} INFO - [2021-09-29 14:11:05,236] {dagbag.py:496} INFO - Filling up the DagBag from /home/airflow/.local/lib/python3.6/site-packages/airflow/example_dags/example_short_circuit_operator.py
[2021-09-29 14:11:05,252] {processor.py:623} INFO - DAG(s) dict_keys(['example_short_circuit_operator']) retrieved from /home/airflow/.local/lib/python3.6/site-packages/airflow/example_dags/example_short_circuit_operator.py
[2021-09-29 14:11:05,278] {logging_mixin.py:109} INFO - [2021-09-29 14:11:05,278] {dag.py:1834} INFO - Sync 1 DAGs
[2021-09-29 14:11:05,295] {logging_mixin.py:109} INFO - [2021-09-29 14:11:05,295] {dag.py:2287} INFO - Setting next_dagrun for example_short_circuit_operator to 2021-09-27 00:00:00+00:00
[2021-09-29 14:11:05,307] {processor.py:170} INFO - Processing /home/airflow/.local/lib/python3.6/site-packages/airflow/example_dags/example_short_circuit_operator.py took 0.079 seconds
[2021-09-29 14:11:35,892] {processor.py:162} INFO - Started process (PID=4174) to work on /home/airflow/.local/lib/python3.6/site-packages/airflow/example_dags/example_short_circuit_operator.py
[2021-09-29 14:11:35,894] {processor.py:613} INFO - Processing file /home/airflow/.local/lib/python3.6/site-packages/airflow/example_dags/example_short_circuit_operator.py for tasks to queue
[2021-09-29 14:11:35,896] {logging_mixin.py:109} INFO - [2021-09-29 14:11:35,896] {dagbag.py:496} INFO - Filling up the DagBag from /home/airflow/.local/lib/python3.6/site-packages/airflow/example_dags/example_short_circuit_operator.py
[2021-09-29 14:11:35,914] {processor.py:623} INFO - DAG(s) dict_keys(['example_short_circuit_operator']) retrieved from /home/airflow/.local/lib/python3.6/site-packages/airflow/example_dags/example_short_circuit_operator.py
[2021-09-29 14:11:35,945] {logging_mixin.py:109} INFO - [2021-09-29 14:11:35,944] {dag.py:1834} INFO - Sync 1 DAGs
[2021-09-29 14:11:35,964] {logging_mixin.py:109} INFO - [2021-09-29 14:11:35,964] {dag.py:2287} INFO - Setting next_dagrun for example_short_circuit_operator to 2021-09-27 00:00:00+00:00
[2021-09-29 14:11:35,977] {processor.py:170} INFO - Processing /home/airflow/.local/lib/python3.6/site-packages/airflow/example_dags/example_short_circuit_operator.py took 0.089 seconds
[2021-09-29 14:12:06,334] {processor.py:162} INFO - Started process (PID=4373) to work on /home/airflow/.local/lib/python3.6/site-packages/airflow/example_dags/example_short_circuit_operator.py
[2021-09-29 14:12:06,336] {processor.py:613} INFO - Processing file /home/airflow/.local/lib/python3.6/site-packages/airflow/example_dags/example_short_circuit_operator.py for tasks to queue
[2021-09-29 14:12:06,337] {logging_mixin.py:109} INFO - [2021-09-29 14:12:06,337] {dagbag.py:496} INFO - Filling up the DagBag from /home/airflow/.local/lib/python3.6/site-packages/airflow/example_dags/example_short_circuit_operator.py
[2021-09-29 14:12:06,352] {processor.py:623} INFO - DAG(s) dict_keys(['example_short_circuit_operator']) retrieved from /home/airflow/.local/lib/python3.6/site-packages/airflow/example_dags/example_short_circuit_operator.py
[2021-09-29 14:12:06,377] {logging_mixin.py:109} INFO - [2021-09-29 14:12:06,377] {dag.py:1834} INFO - Sync 1 DAGs
[2021-09-29 14:12:06,393] {logging_mixin.py:109} INFO - [2021-09-29 14:12:06,393] {dag.py:2287} INFO - Setting next_dagrun for example_short_circuit_operator to 2021-09-27 00:00:00+00:00
[2021-09-29 14:12:06,406] {processor.py:170} INFO - Processing /home/airflow/.local/lib/python3.6/site-packages/airflow/example_dags/example_short_circuit_operator.py took 0.075 seconds
[2021-09-29 14:12:36,974] {processor.py:162} INFO - Started process (PID=4583) to work on /home/airflow/.local/lib/python3.6/site-packages/airflow/example_dags/example_short_circuit_operator.py
[2021-09-29 14:12:36,977] {processor.py:613} INFO - Processing file /home/airflow/.local/lib/python3.6/site-packages/airflow/example_dags/example_short_circuit_operator.py for tasks to queue
[2021-09-29 14:12:36,979] {logging_mixin.py:109} INFO - [2021-09-29 14:12:36,979] {dagbag.py:496} INFO - Filling up the DagBag from /home/airflow/.local/lib/python3.6/site-packages/airflow/example_dags/example_short_circuit_operator.py
[2021-09-29 14:12:36,997] {processor.py:623} INFO - DAG(s) dict_keys(['example_short_circuit_operator']) retrieved from /home/airflow/.local/lib/python3.6/site-packages/airflow/example_dags/example_short_circuit_operator.py
[2021-09-29 14:12:37,030] {logging_mixin.py:109} INFO - [2021-09-29 14:12:37,030] {dag.py:1834} INFO - Sync 1 DAGs
[2021-09-29 14:12:37,050] {logging_mixin.py:109} INFO - [2021-09-29 14:12:37,050] {dag.py:2287} INFO - Setting next_dagrun for example_short_circuit_operator to 2021-09-27 00:00:00+00:00
[2021-09-29 14:12:37,068] {processor.py:170} INFO - Processing /home/airflow/.local/lib/python3.6/site-packages/airflow/example_dags/example_short_circuit_operator.py took 0.098 seconds
[2021-09-29 14:13:07,270] {processor.py:162} INFO - Started process (PID=4775) to work on /home/airflow/.local/lib/python3.6/site-packages/airflow/example_dags/example_short_circuit_operator.py
[2021-09-29 14:13:07,273] {processor.py:613} INFO - Processing file /home/airflow/.local/lib/python3.6/site-packages/airflow/example_dags/example_short_circuit_operator.py for tasks to queue
[2021-09-29 14:13:07,274] {logging_mixin.py:109} INFO - [2021-09-29 14:13:07,274] {dagbag.py:496} INFO - Filling up the DagBag from /home/airflow/.local/lib/python3.6/site-packages/airflow/example_dags/example_short_circuit_operator.py
[2021-09-29 14:13:07,294] {processor.py:623} INFO - DAG(s) dict_keys(['example_short_circuit_operator']) retrieved from /home/airflow/.local/lib/python3.6/site-packages/airflow/example_dags/example_short_circuit_operator.py
[2021-09-29 14:13:07,324] {logging_mixin.py:109} INFO - [2021-09-29 14:13:07,324] {dag.py:1834} INFO - Sync 1 DAGs
[2021-09-29 14:13:07,343] {logging_mixin.py:109} INFO - [2021-09-29 14:13:07,343] {dag.py:2287} INFO - Setting next_dagrun for example_short_circuit_operator to 2021-09-27 00:00:00+00:00
[2021-09-29 14:13:07,356] {processor.py:170} INFO - Processing /home/airflow/.local/lib/python3.6/site-packages/airflow/example_dags/example_short_circuit_operator.py took 0.090 seconds
[2021-09-29 14:13:37,742] {processor.py:162} INFO - Started process (PID=4976) to work on /home/airflow/.local/lib/python3.6/site-packages/airflow/example_dags/example_short_circuit_operator.py
[2021-09-29 14:13:37,745] {processor.py:613} INFO - Processing file /home/airflow/.local/lib/python3.6/site-packages/airflow/example_dags/example_short_circuit_operator.py for tasks to queue
[2021-09-29 14:13:37,746] {logging_mixin.py:109} INFO - [2021-09-29 14:13:37,746] {dagbag.py:496} INFO - Filling up the DagBag from /home/airflow/.local/lib/python3.6/site-packages/airflow/example_dags/example_short_circuit_operator.py
[2021-09-29 14:13:37,763] {processor.py:623} INFO - DAG(s) dict_keys(['example_short_circuit_operator']) retrieved from /home/airflow/.local/lib/python3.6/site-packages/airflow/example_dags/example_short_circuit_operator.py
[2021-09-29 14:13:37,789] {logging_mixin.py:109} INFO - [2021-09-29 14:13:37,789] {dag.py:1834} INFO - Sync 1 DAGs
[2021-09-29 14:13:37,806] {logging_mixin.py:109} INFO - [2021-09-29 14:13:37,806] {dag.py:2287} INFO - Setting next_dagrun for example_short_circuit_operator to 2021-09-27 00:00:00+00:00
[2021-09-29 14:13:37,818] {processor.py:170} INFO - Processing /home/airflow/.local/lib/python3.6/site-packages/airflow/example_dags/example_short_circuit_operator.py took 0.081 seconds
[2021-09-29 14:14:08,296] {processor.py:162} INFO - Started process (PID=5198) to work on /home/airflow/.local/lib/python3.6/site-packages/airflow/example_dags/example_short_circuit_operator.py
[2021-09-29 14:14:08,298] {processor.py:613} INFO - Processing file /home/airflow/.local/lib/python3.6/site-packages/airflow/example_dags/example_short_circuit_operator.py for tasks to queue
[2021-09-29 14:14:08,300] {logging_mixin.py:109} INFO - [2021-09-29 14:14:08,300] {dagbag.py:496} INFO - Filling up the DagBag from /home/airflow/.local/lib/python3.6/site-packages/airflow/example_dags/example_short_circuit_operator.py
[2021-09-29 14:14:08,315] {processor.py:623} INFO - DAG(s) dict_keys(['example_short_circuit_operator']) retrieved from /home/airflow/.local/lib/python3.6/site-packages/airflow/example_dags/example_short_circuit_operator.py
[2021-09-29 14:14:08,340] {logging_mixin.py:109} INFO - [2021-09-29 14:14:08,340] {dag.py:1834} INFO - Sync 1 DAGs
[2021-09-29 14:14:08,355] {logging_mixin.py:109} INFO - [2021-09-29 14:14:08,355] {dag.py:2287} INFO - Setting next_dagrun for example_short_circuit_operator to 2021-09-27 00:00:00+00:00
[2021-09-29 14:14:08,367] {processor.py:170} INFO - Processing /home/airflow/.local/lib/python3.6/site-packages/airflow/example_dags/example_short_circuit_operator.py took 0.075 seconds
[2021-09-29 14:14:38,453] {processor.py:162} INFO - Started process (PID=5391) to work on /home/airflow/.local/lib/python3.6/site-packages/airflow/example_dags/example_short_circuit_operator.py
[2021-09-29 14:14:38,456] {processor.py:613} INFO - Processing file /home/airflow/.local/lib/python3.6/site-packages/airflow/example_dags/example_short_circuit_operator.py for tasks to queue
[2021-09-29 14:14:38,457] {logging_mixin.py:109} INFO - [2021-09-29 14:14:38,457] {dagbag.py:496} INFO - Filling up the DagBag from /home/airflow/.local/lib/python3.6/site-packages/airflow/example_dags/example_short_circuit_operator.py
[2021-09-29 14:14:38,474] {processor.py:623} INFO - DAG(s) dict_keys(['example_short_circuit_operator']) retrieved from /home/airflow/.local/lib/python3.6/site-packages/airflow/example_dags/example_short_circuit_operator.py
[2021-09-29 14:14:38,502] {logging_mixin.py:109} INFO - [2021-09-29 14:14:38,502] {dag.py:1834} INFO - Sync 1 DAGs
[2021-09-29 14:14:38,519] {logging_mixin.py:109} INFO - [2021-09-29 14:14:38,518] {dag.py:2287} INFO - Setting next_dagrun for example_short_circuit_operator to 2021-09-27 00:00:00+00:00
[2021-09-29 14:14:38,532] {processor.py:170} INFO - Processing /home/airflow/.local/lib/python3.6/site-packages/airflow/example_dags/example_short_circuit_operator.py took 0.091 seconds
[2021-09-29 14:15:08,990] {processor.py:162} INFO - Started process (PID=5595) to work on /home/airflow/.local/lib/python3.6/site-packages/airflow/example_dags/example_short_circuit_operator.py
[2021-09-29 14:15:08,993] {processor.py:613} INFO - Processing file /home/airflow/.local/lib/python3.6/site-packages/airflow/example_dags/example_short_circuit_operator.py for tasks to queue
[2021-09-29 14:15:08,996] {logging_mixin.py:109} INFO - [2021-09-29 14:15:08,995] {dagbag.py:496} INFO - Filling up the DagBag from /home/airflow/.local/lib/python3.6/site-packages/airflow/example_dags/example_short_circuit_operator.py
[2021-09-29 14:15:09,014] {processor.py:623} INFO - DAG(s) dict_keys(['example_short_circuit_operator']) retrieved from /home/airflow/.local/lib/python3.6/site-packages/airflow/example_dags/example_short_circuit_operator.py
[2021-09-29 14:15:09,043] {logging_mixin.py:109} INFO - [2021-09-29 14:15:09,042] {dag.py:1834} INFO - Sync 1 DAGs
[2021-09-29 14:15:09,061] {logging_mixin.py:109} INFO - [2021-09-29 14:15:09,061] {dag.py:2287} INFO - Setting next_dagrun for example_short_circuit_operator to 2021-09-27 00:00:00+00:00
[2021-09-29 14:15:09,074] {processor.py:170} INFO - Processing /home/airflow/.local/lib/python3.6/site-packages/airflow/example_dags/example_short_circuit_operator.py took 0.089 seconds
[2021-09-29 14:15:39,504] {processor.py:162} INFO - Started process (PID=5810) to work on /home/airflow/.local/lib/python3.6/site-packages/airflow/example_dags/example_short_circuit_operator.py
[2021-09-29 14:15:39,507] {processor.py:613} INFO - Processing file /home/airflow/.local/lib/python3.6/site-packages/airflow/example_dags/example_short_circuit_operator.py for tasks to queue
[2021-09-29 14:15:39,509] {logging_mixin.py:109} INFO - [2021-09-29 14:15:39,508] {dagbag.py:496} INFO - Filling up the DagBag from /home/airflow/.local/lib/python3.6/site-packages/airflow/example_dags/example_short_circuit_operator.py
[2021-09-29 14:15:39,533] {processor.py:623} INFO - DAG(s) dict_keys(['example_short_circuit_operator']) retrieved from /home/airflow/.local/lib/python3.6/site-packages/airflow/example_dags/example_short_circuit_operator.py
[2021-09-29 14:15:39,568] {logging_mixin.py:109} INFO - [2021-09-29 14:15:39,568] {dag.py:1834} INFO - Sync 1 DAGs
[2021-09-29 14:15:39,586] {logging_mixin.py:109} INFO - [2021-09-29 14:15:39,586] {dag.py:2287} INFO - Setting next_dagrun for example_short_circuit_operator to 2021-09-27 00:00:00+00:00
[2021-09-29 14:15:39,600] {processor.py:170} INFO - Processing /home/airflow/.local/lib/python3.6/site-packages/airflow/example_dags/example_short_circuit_operator.py took 0.101 seconds
[2021-09-29 14:16:09,748] {processor.py:162} INFO - Started process (PID=6004) to work on /home/airflow/.local/lib/python3.6/site-packages/airflow/example_dags/example_short_circuit_operator.py
[2021-09-29 14:16:09,750] {processor.py:613} INFO - Processing file /home/airflow/.local/lib/python3.6/site-packages/airflow/example_dags/example_short_circuit_operator.py for tasks to queue
[2021-09-29 14:16:09,752] {logging_mixin.py:109} INFO - [2021-09-29 14:16:09,751] {dagbag.py:496} INFO - Filling up the DagBag from /home/airflow/.local/lib/python3.6/site-packages/airflow/example_dags/example_short_circuit_operator.py
[2021-09-29 14:16:09,769] {processor.py:623} INFO - DAG(s) dict_keys(['example_short_circuit_operator']) retrieved from /home/airflow/.local/lib/python3.6/site-packages/airflow/example_dags/example_short_circuit_operator.py
[2021-09-29 14:16:09,800] {logging_mixin.py:109} INFO - [2021-09-29 14:16:09,800] {dag.py:1834} INFO - Sync 1 DAGs
[2021-09-29 14:16:09,818] {logging_mixin.py:109} INFO - [2021-09-29 14:16:09,818] {dag.py:2287} INFO - Setting next_dagrun for example_short_circuit_operator to 2021-09-27 00:00:00+00:00
[2021-09-29 14:16:09,833] {processor.py:170} INFO - Processing /home/airflow/.local/lib/python3.6/site-packages/airflow/example_dags/example_short_circuit_operator.py took 0.090 seconds
[2021-09-29 14:16:40,128] {processor.py:162} INFO - Started process (PID=6207) to work on /home/airflow/.local/lib/python3.6/site-packages/airflow/example_dags/example_short_circuit_operator.py
[2021-09-29 14:16:40,131] {processor.py:613} INFO - Processing file /home/airflow/.local/lib/python3.6/site-packages/airflow/example_dags/example_short_circuit_operator.py for tasks to queue
[2021-09-29 14:16:40,132] {logging_mixin.py:109} INFO - [2021-09-29 14:16:40,132] {dagbag.py:496} INFO - Filling up the DagBag from /home/airflow/.local/lib/python3.6/site-packages/airflow/example_dags/example_short_circuit_operator.py
[2021-09-29 14:16:40,152] {processor.py:623} INFO - DAG(s) dict_keys(['example_short_circuit_operator']) retrieved from /home/airflow/.local/lib/python3.6/site-packages/airflow/example_dags/example_short_circuit_operator.py
[2021-09-29 14:16:40,178] {logging_mixin.py:109} INFO - [2021-09-29 14:16:40,178] {dag.py:1834} INFO - Sync 1 DAGs
[2021-09-29 14:16:40,196] {logging_mixin.py:109} INFO - [2021-09-29 14:16:40,196] {dag.py:2287} INFO - Setting next_dagrun for example_short_circuit_operator to 2021-09-27 00:00:00+00:00
[2021-09-29 14:16:40,210] {processor.py:170} INFO - Processing /home/airflow/.local/lib/python3.6/site-packages/airflow/example_dags/example_short_circuit_operator.py took 0.086 seconds
[2021-09-29 14:17:10,766] {processor.py:162} INFO - Started process (PID=6402) to work on /home/airflow/.local/lib/python3.6/site-packages/airflow/example_dags/example_short_circuit_operator.py
[2021-09-29 14:17:10,769] {processor.py:613} INFO - Processing file /home/airflow/.local/lib/python3.6/site-packages/airflow/example_dags/example_short_circuit_operator.py for tasks to queue
[2021-09-29 14:17:10,771] {logging_mixin.py:109} INFO - [2021-09-29 14:17:10,771] {dagbag.py:496} INFO - Filling up the DagBag from /home/airflow/.local/lib/python3.6/site-packages/airflow/example_dags/example_short_circuit_operator.py
[2021-09-29 14:17:10,806] {processor.py:623} INFO - DAG(s) dict_keys(['example_short_circuit_operator']) retrieved from /home/airflow/.local/lib/python3.6/site-packages/airflow/example_dags/example_short_circuit_operator.py
[2021-09-29 14:17:10,851] {logging_mixin.py:109} INFO - [2021-09-29 14:17:10,850] {dag.py:1834} INFO - Sync 1 DAGs
[2021-09-29 14:17:10,876] {logging_mixin.py:109} INFO - [2021-09-29 14:17:10,876] {dag.py:2287} INFO - Setting next_dagrun for example_short_circuit_operator to 2021-09-27 00:00:00+00:00
[2021-09-29 14:17:10,891] {processor.py:170} INFO - Processing /home/airflow/.local/lib/python3.6/site-packages/airflow/example_dags/example_short_circuit_operator.py took 0.130 seconds
[2021-09-29 14:17:41,209] {processor.py:162} INFO - Started process (PID=6607) to work on /home/airflow/.local/lib/python3.6/site-packages/airflow/example_dags/example_short_circuit_operator.py
[2021-09-29 14:17:41,211] {processor.py:613} INFO - Processing file /home/airflow/.local/lib/python3.6/site-packages/airflow/example_dags/example_short_circuit_operator.py for tasks to queue
[2021-09-29 14:17:41,213] {logging_mixin.py:109} INFO - [2021-09-29 14:17:41,213] {dagbag.py:496} INFO - Filling up the DagBag from /home/airflow/.local/lib/python3.6/site-packages/airflow/example_dags/example_short_circuit_operator.py
[2021-09-29 14:17:41,230] {processor.py:623} INFO - DAG(s) dict_keys(['example_short_circuit_operator']) retrieved from /home/airflow/.local/lib/python3.6/site-packages/airflow/example_dags/example_short_circuit_operator.py
[2021-09-29 14:17:41,259] {logging_mixin.py:109} INFO - [2021-09-29 14:17:41,259] {dag.py:1834} INFO - Sync 1 DAGs
[2021-09-29 14:17:41,277] {logging_mixin.py:109} INFO - [2021-09-29 14:17:41,276] {dag.py:2287} INFO - Setting next_dagrun for example_short_circuit_operator to 2021-09-27 00:00:00+00:00
[2021-09-29 14:17:41,288] {processor.py:170} INFO - Processing /home/airflow/.local/lib/python3.6/site-packages/airflow/example_dags/example_short_circuit_operator.py took 0.083 seconds
[2021-09-29 14:18:11,388] {processor.py:162} INFO - Started process (PID=6816) to work on /home/airflow/.local/lib/python3.6/site-packages/airflow/example_dags/example_short_circuit_operator.py
[2021-09-29 14:18:11,391] {processor.py:613} INFO - Processing file /home/airflow/.local/lib/python3.6/site-packages/airflow/example_dags/example_short_circuit_operator.py for tasks to queue
[2021-09-29 14:18:11,398] {logging_mixin.py:109} INFO - [2021-09-29 14:18:11,398] {dagbag.py:496} INFO - Filling up the DagBag from /home/airflow/.local/lib/python3.6/site-packages/airflow/example_dags/example_short_circuit_operator.py
[2021-09-29 14:18:11,417] {processor.py:623} INFO - DAG(s) dict_keys(['example_short_circuit_operator']) retrieved from /home/airflow/.local/lib/python3.6/site-packages/airflow/example_dags/example_short_circuit_operator.py
[2021-09-29 14:18:11,451] {logging_mixin.py:109} INFO - [2021-09-29 14:18:11,451] {dag.py:1834} INFO - Sync 1 DAGs
[2021-09-29 14:18:11,469] {logging_mixin.py:109} INFO - [2021-09-29 14:18:11,469] {dag.py:2287} INFO - Setting next_dagrun for example_short_circuit_operator to 2021-09-27 00:00:00+00:00
[2021-09-29 14:18:11,482] {processor.py:170} INFO - Processing /home/airflow/.local/lib/python3.6/site-packages/airflow/example_dags/example_short_circuit_operator.py took 0.105 seconds
[2021-09-29 14:18:42,082] {processor.py:162} INFO - Started process (PID=7017) to work on /home/airflow/.local/lib/python3.6/site-packages/airflow/example_dags/example_short_circuit_operator.py
[2021-09-29 14:18:42,084] {processor.py:613} INFO - Processing file /home/airflow/.local/lib/python3.6/site-packages/airflow/example_dags/example_short_circuit_operator.py for tasks to queue
[2021-09-29 14:18:42,086] {logging_mixin.py:109} INFO - [2021-09-29 14:18:42,086] {dagbag.py:496} INFO - Filling up the DagBag from /home/airflow/.local/lib/python3.6/site-packages/airflow/example_dags/example_short_circuit_operator.py
[2021-09-29 14:18:42,104] {processor.py:623} INFO - DAG(s) dict_keys(['example_short_circuit_operator']) retrieved from /home/airflow/.local/lib/python3.6/site-packages/airflow/example_dags/example_short_circuit_operator.py
[2021-09-29 14:18:42,131] {logging_mixin.py:109} INFO - [2021-09-29 14:18:42,131] {dag.py:1834} INFO - Sync 1 DAGs
[2021-09-29 14:18:42,147] {logging_mixin.py:109} INFO - [2021-09-29 14:18:42,147] {dag.py:2287} INFO - Setting next_dagrun for example_short_circuit_operator to 2021-09-27 00:00:00+00:00
[2021-09-29 14:18:42,160] {processor.py:170} INFO - Processing /home/airflow/.local/lib/python3.6/site-packages/airflow/example_dags/example_short_circuit_operator.py took 0.082 seconds
[2021-09-29 14:19:12,430] {processor.py:162} INFO - Started process (PID=7221) to work on /home/airflow/.local/lib/python3.6/site-packages/airflow/example_dags/example_short_circuit_operator.py
[2021-09-29 14:19:12,432] {processor.py:613} INFO - Processing file /home/airflow/.local/lib/python3.6/site-packages/airflow/example_dags/example_short_circuit_operator.py for tasks to queue
[2021-09-29 14:19:12,434] {logging_mixin.py:109} INFO - [2021-09-29 14:19:12,434] {dagbag.py:496} INFO - Filling up the DagBag from /home/airflow/.local/lib/python3.6/site-packages/airflow/example_dags/example_short_circuit_operator.py
[2021-09-29 14:19:12,449] {processor.py:623} INFO - DAG(s) dict_keys(['example_short_circuit_operator']) retrieved from /home/airflow/.local/lib/python3.6/site-packages/airflow/example_dags/example_short_circuit_operator.py
[2021-09-29 14:19:12,474] {logging_mixin.py:109} INFO - [2021-09-29 14:19:12,474] {dag.py:1834} INFO - Sync 1 DAGs
[2021-09-29 14:19:12,489] {logging_mixin.py:109} INFO - [2021-09-29 14:19:12,489] {dag.py:2287} INFO - Setting next_dagrun for example_short_circuit_operator to 2021-09-27 00:00:00+00:00
[2021-09-29 14:19:12,500] {processor.py:170} INFO - Processing /home/airflow/.local/lib/python3.6/site-packages/airflow/example_dags/example_short_circuit_operator.py took 0.074 seconds
