[2021-09-29 14:01:51,462] {processor.py:162} INFO - Started process (PID=253) to work on /home/airflow/.local/lib/python3.6/site-packages/airflow/example_dags/example_xcomargs.py
[2021-09-29 14:01:51,466] {processor.py:613} INFO - Processing file /home/airflow/.local/lib/python3.6/site-packages/airflow/example_dags/example_xcomargs.py for tasks to queue
[2021-09-29 14:01:51,470] {logging_mixin.py:109} INFO - [2021-09-29 14:01:51,469] {dagbag.py:496} INFO - Filling up the DagBag from /home/airflow/.local/lib/python3.6/site-packages/airflow/example_dags/example_xcomargs.py
[2021-09-29 14:01:51,529] {processor.py:623} INFO - DAG(s) dict_keys(['example_xcom_args', 'example_xcom_args_with_operators']) retrieved from /home/airflow/.local/lib/python3.6/site-packages/airflow/example_dags/example_xcomargs.py
[2021-09-29 14:01:51,839] {logging_mixin.py:109} INFO - [2021-09-29 14:01:51,839] {dag.py:1834} INFO - Sync 2 DAGs
[2021-09-29 14:01:51,860] {logging_mixin.py:109} INFO - [2021-09-29 14:01:51,859] {dag.py:2287} INFO - Setting next_dagrun for example_xcom_args to None
[2021-09-29 14:01:51,864] {logging_mixin.py:109} INFO - [2021-09-29 14:01:51,864] {dag.py:2287} INFO - Setting next_dagrun for example_xcom_args_with_operators to None
[2021-09-29 14:01:51,905] {processor.py:170} INFO - Processing /home/airflow/.local/lib/python3.6/site-packages/airflow/example_dags/example_xcomargs.py took 0.451 seconds
[2021-09-29 14:02:22,818] {processor.py:162} INFO - Started process (PID=443) to work on /home/airflow/.local/lib/python3.6/site-packages/airflow/example_dags/example_xcomargs.py
[2021-09-29 14:02:22,821] {processor.py:613} INFO - Processing file /home/airflow/.local/lib/python3.6/site-packages/airflow/example_dags/example_xcomargs.py for tasks to queue
[2021-09-29 14:02:22,822] {logging_mixin.py:109} INFO - [2021-09-29 14:02:22,822] {dagbag.py:496} INFO - Filling up the DagBag from /home/airflow/.local/lib/python3.6/site-packages/airflow/example_dags/example_xcomargs.py
[2021-09-29 14:02:22,851] {processor.py:623} INFO - DAG(s) dict_keys(['example_xcom_args', 'example_xcom_args_with_operators']) retrieved from /home/airflow/.local/lib/python3.6/site-packages/airflow/example_dags/example_xcomargs.py
[2021-09-29 14:02:23,070] {logging_mixin.py:109} INFO - [2021-09-29 14:02:23,070] {dag.py:1834} INFO - Sync 2 DAGs
[2021-09-29 14:02:23,082] {logging_mixin.py:109} INFO - [2021-09-29 14:02:23,082] {dag.py:2287} INFO - Setting next_dagrun for example_xcom_args to None
[2021-09-29 14:02:23,083] {logging_mixin.py:109} INFO - [2021-09-29 14:02:23,083] {dag.py:2287} INFO - Setting next_dagrun for example_xcom_args_with_operators to None
[2021-09-29 14:02:23,097] {processor.py:170} INFO - Processing /home/airflow/.local/lib/python3.6/site-packages/airflow/example_dags/example_xcomargs.py took 0.285 seconds
[2021-09-29 14:02:53,975] {processor.py:162} INFO - Started process (PID=640) to work on /home/airflow/.local/lib/python3.6/site-packages/airflow/example_dags/example_xcomargs.py
[2021-09-29 14:02:53,977] {processor.py:613} INFO - Processing file /home/airflow/.local/lib/python3.6/site-packages/airflow/example_dags/example_xcomargs.py for tasks to queue
[2021-09-29 14:02:53,978] {logging_mixin.py:109} INFO - [2021-09-29 14:02:53,978] {dagbag.py:496} INFO - Filling up the DagBag from /home/airflow/.local/lib/python3.6/site-packages/airflow/example_dags/example_xcomargs.py
[2021-09-29 14:02:54,003] {processor.py:623} INFO - DAG(s) dict_keys(['example_xcom_args', 'example_xcom_args_with_operators']) retrieved from /home/airflow/.local/lib/python3.6/site-packages/airflow/example_dags/example_xcomargs.py
[2021-09-29 14:02:54,204] {logging_mixin.py:109} INFO - [2021-09-29 14:02:54,203] {dag.py:1834} INFO - Sync 2 DAGs
[2021-09-29 14:02:54,217] {logging_mixin.py:109} INFO - [2021-09-29 14:02:54,217] {dag.py:2287} INFO - Setting next_dagrun for example_xcom_args to None
[2021-09-29 14:02:54,219] {logging_mixin.py:109} INFO - [2021-09-29 14:02:54,219] {dag.py:2287} INFO - Setting next_dagrun for example_xcom_args_with_operators to None
[2021-09-29 14:02:54,238] {processor.py:170} INFO - Processing /home/airflow/.local/lib/python3.6/site-packages/airflow/example_dags/example_xcomargs.py took 0.268 seconds
[2021-09-29 14:03:24,552] {processor.py:162} INFO - Started process (PID=849) to work on /home/airflow/.local/lib/python3.6/site-packages/airflow/example_dags/example_xcomargs.py
[2021-09-29 14:03:24,554] {processor.py:613} INFO - Processing file /home/airflow/.local/lib/python3.6/site-packages/airflow/example_dags/example_xcomargs.py for tasks to queue
[2021-09-29 14:03:24,555] {logging_mixin.py:109} INFO - [2021-09-29 14:03:24,555] {dagbag.py:496} INFO - Filling up the DagBag from /home/airflow/.local/lib/python3.6/site-packages/airflow/example_dags/example_xcomargs.py
[2021-09-29 14:03:24,584] {processor.py:623} INFO - DAG(s) dict_keys(['example_xcom_args', 'example_xcom_args_with_operators']) retrieved from /home/airflow/.local/lib/python3.6/site-packages/airflow/example_dags/example_xcomargs.py
[2021-09-29 14:03:24,769] {logging_mixin.py:109} INFO - [2021-09-29 14:03:24,769] {dag.py:1834} INFO - Sync 2 DAGs
[2021-09-29 14:03:24,781] {logging_mixin.py:109} INFO - [2021-09-29 14:03:24,781] {dag.py:2287} INFO - Setting next_dagrun for example_xcom_args to None
[2021-09-29 14:03:24,782] {logging_mixin.py:109} INFO - [2021-09-29 14:03:24,782] {dag.py:2287} INFO - Setting next_dagrun for example_xcom_args_with_operators to None
[2021-09-29 14:03:24,793] {processor.py:170} INFO - Processing /home/airflow/.local/lib/python3.6/site-packages/airflow/example_dags/example_xcomargs.py took 0.245 seconds
[2021-09-29 14:03:55,200] {processor.py:162} INFO - Started process (PID=1090) to work on /home/airflow/.local/lib/python3.6/site-packages/airflow/example_dags/example_xcomargs.py
[2021-09-29 14:03:55,202] {processor.py:613} INFO - Processing file /home/airflow/.local/lib/python3.6/site-packages/airflow/example_dags/example_xcomargs.py for tasks to queue
[2021-09-29 14:03:55,204] {logging_mixin.py:109} INFO - [2021-09-29 14:03:55,203] {dagbag.py:496} INFO - Filling up the DagBag from /home/airflow/.local/lib/python3.6/site-packages/airflow/example_dags/example_xcomargs.py
[2021-09-29 14:03:55,233] {processor.py:623} INFO - DAG(s) dict_keys(['example_xcom_args', 'example_xcom_args_with_operators']) retrieved from /home/airflow/.local/lib/python3.6/site-packages/airflow/example_dags/example_xcomargs.py
[2021-09-29 14:03:55,424] {logging_mixin.py:109} INFO - [2021-09-29 14:03:55,423] {dag.py:1834} INFO - Sync 2 DAGs
[2021-09-29 14:03:55,437] {logging_mixin.py:109} INFO - [2021-09-29 14:03:55,437] {dag.py:2287} INFO - Setting next_dagrun for example_xcom_args to None
[2021-09-29 14:03:55,439] {logging_mixin.py:109} INFO - [2021-09-29 14:03:55,439] {dag.py:2287} INFO - Setting next_dagrun for example_xcom_args_with_operators to None
[2021-09-29 14:03:55,452] {processor.py:170} INFO - Processing /home/airflow/.local/lib/python3.6/site-packages/airflow/example_dags/example_xcomargs.py took 0.257 seconds
[2021-09-29 14:04:25,989] {processor.py:162} INFO - Started process (PID=1323) to work on /home/airflow/.local/lib/python3.6/site-packages/airflow/example_dags/example_xcomargs.py
[2021-09-29 14:04:25,991] {processor.py:613} INFO - Processing file /home/airflow/.local/lib/python3.6/site-packages/airflow/example_dags/example_xcomargs.py for tasks to queue
[2021-09-29 14:04:25,993] {logging_mixin.py:109} INFO - [2021-09-29 14:04:25,993] {dagbag.py:496} INFO - Filling up the DagBag from /home/airflow/.local/lib/python3.6/site-packages/airflow/example_dags/example_xcomargs.py
[2021-09-29 14:04:26,013] {processor.py:623} INFO - DAG(s) dict_keys(['example_xcom_args', 'example_xcom_args_with_operators']) retrieved from /home/airflow/.local/lib/python3.6/site-packages/airflow/example_dags/example_xcomargs.py
[2021-09-29 14:04:26,189] {logging_mixin.py:109} INFO - [2021-09-29 14:04:26,189] {dag.py:1834} INFO - Sync 2 DAGs
[2021-09-29 14:04:26,203] {logging_mixin.py:109} INFO - [2021-09-29 14:04:26,203] {dag.py:2287} INFO - Setting next_dagrun for example_xcom_args to None
[2021-09-29 14:04:26,205] {logging_mixin.py:109} INFO - [2021-09-29 14:04:26,204] {dag.py:2287} INFO - Setting next_dagrun for example_xcom_args_with_operators to None
[2021-09-29 14:04:26,217] {processor.py:170} INFO - Processing /home/airflow/.local/lib/python3.6/site-packages/airflow/example_dags/example_xcomargs.py took 0.235 seconds
[2021-09-29 14:04:56,286] {processor.py:162} INFO - Started process (PID=1510) to work on /home/airflow/.local/lib/python3.6/site-packages/airflow/example_dags/example_xcomargs.py
[2021-09-29 14:04:56,288] {processor.py:613} INFO - Processing file /home/airflow/.local/lib/python3.6/site-packages/airflow/example_dags/example_xcomargs.py for tasks to queue
[2021-09-29 14:04:56,289] {logging_mixin.py:109} INFO - [2021-09-29 14:04:56,289] {dagbag.py:496} INFO - Filling up the DagBag from /home/airflow/.local/lib/python3.6/site-packages/airflow/example_dags/example_xcomargs.py
[2021-09-29 14:04:56,308] {processor.py:623} INFO - DAG(s) dict_keys(['example_xcom_args', 'example_xcom_args_with_operators']) retrieved from /home/airflow/.local/lib/python3.6/site-packages/airflow/example_dags/example_xcomargs.py
[2021-09-29 14:04:56,476] {logging_mixin.py:109} INFO - [2021-09-29 14:04:56,476] {dag.py:1834} INFO - Sync 2 DAGs
[2021-09-29 14:04:56,489] {logging_mixin.py:109} INFO - [2021-09-29 14:04:56,489] {dag.py:2287} INFO - Setting next_dagrun for example_xcom_args to None
[2021-09-29 14:04:56,490] {logging_mixin.py:109} INFO - [2021-09-29 14:04:56,490] {dag.py:2287} INFO - Setting next_dagrun for example_xcom_args_with_operators to None
[2021-09-29 14:04:56,502] {processor.py:170} INFO - Processing /home/airflow/.local/lib/python3.6/site-packages/airflow/example_dags/example_xcomargs.py took 0.219 seconds
[2021-09-29 14:05:26,943] {processor.py:162} INFO - Started process (PID=1723) to work on /home/airflow/.local/lib/python3.6/site-packages/airflow/example_dags/example_xcomargs.py
[2021-09-29 14:05:26,946] {processor.py:613} INFO - Processing file /home/airflow/.local/lib/python3.6/site-packages/airflow/example_dags/example_xcomargs.py for tasks to queue
[2021-09-29 14:05:26,948] {logging_mixin.py:109} INFO - [2021-09-29 14:05:26,948] {dagbag.py:496} INFO - Filling up the DagBag from /home/airflow/.local/lib/python3.6/site-packages/airflow/example_dags/example_xcomargs.py
[2021-09-29 14:05:26,977] {processor.py:623} INFO - DAG(s) dict_keys(['example_xcom_args', 'example_xcom_args_with_operators']) retrieved from /home/airflow/.local/lib/python3.6/site-packages/airflow/example_dags/example_xcomargs.py
[2021-09-29 14:05:27,169] {logging_mixin.py:109} INFO - [2021-09-29 14:05:27,169] {dag.py:1834} INFO - Sync 2 DAGs
[2021-09-29 14:05:27,181] {logging_mixin.py:109} INFO - [2021-09-29 14:05:27,181] {dag.py:2287} INFO - Setting next_dagrun for example_xcom_args to None
[2021-09-29 14:05:27,183] {logging_mixin.py:109} INFO - [2021-09-29 14:05:27,183] {dag.py:2287} INFO - Setting next_dagrun for example_xcom_args_with_operators to None
[2021-09-29 14:05:27,195] {processor.py:170} INFO - Processing /home/airflow/.local/lib/python3.6/site-packages/airflow/example_dags/example_xcomargs.py took 0.257 seconds
[2021-09-29 14:05:57,423] {processor.py:162} INFO - Started process (PID=1957) to work on /home/airflow/.local/lib/python3.6/site-packages/airflow/example_dags/example_xcomargs.py
[2021-09-29 14:05:57,425] {processor.py:613} INFO - Processing file /home/airflow/.local/lib/python3.6/site-packages/airflow/example_dags/example_xcomargs.py for tasks to queue
[2021-09-29 14:05:57,428] {logging_mixin.py:109} INFO - [2021-09-29 14:05:57,428] {dagbag.py:496} INFO - Filling up the DagBag from /home/airflow/.local/lib/python3.6/site-packages/airflow/example_dags/example_xcomargs.py
[2021-09-29 14:05:57,460] {processor.py:623} INFO - DAG(s) dict_keys(['example_xcom_args', 'example_xcom_args_with_operators']) retrieved from /home/airflow/.local/lib/python3.6/site-packages/airflow/example_dags/example_xcomargs.py
[2021-09-29 14:05:57,726] {logging_mixin.py:109} INFO - [2021-09-29 14:05:57,726] {dag.py:1834} INFO - Sync 2 DAGs
[2021-09-29 14:05:57,744] {logging_mixin.py:109} INFO - [2021-09-29 14:05:57,744] {dag.py:2287} INFO - Setting next_dagrun for example_xcom_args to None
[2021-09-29 14:05:57,746] {logging_mixin.py:109} INFO - [2021-09-29 14:05:57,746] {dag.py:2287} INFO - Setting next_dagrun for example_xcom_args_with_operators to None
[2021-09-29 14:05:57,775] {processor.py:170} INFO - Processing /home/airflow/.local/lib/python3.6/site-packages/airflow/example_dags/example_xcomargs.py took 0.358 seconds
[2021-09-29 14:06:27,868] {processor.py:162} INFO - Started process (PID=2147) to work on /home/airflow/.local/lib/python3.6/site-packages/airflow/example_dags/example_xcomargs.py
[2021-09-29 14:06:27,870] {processor.py:613} INFO - Processing file /home/airflow/.local/lib/python3.6/site-packages/airflow/example_dags/example_xcomargs.py for tasks to queue
[2021-09-29 14:06:27,871] {logging_mixin.py:109} INFO - [2021-09-29 14:06:27,871] {dagbag.py:496} INFO - Filling up the DagBag from /home/airflow/.local/lib/python3.6/site-packages/airflow/example_dags/example_xcomargs.py
[2021-09-29 14:06:27,896] {processor.py:623} INFO - DAG(s) dict_keys(['example_xcom_args', 'example_xcom_args_with_operators']) retrieved from /home/airflow/.local/lib/python3.6/site-packages/airflow/example_dags/example_xcomargs.py
[2021-09-29 14:06:28,124] {logging_mixin.py:109} INFO - [2021-09-29 14:06:28,124] {dag.py:1834} INFO - Sync 2 DAGs
[2021-09-29 14:06:28,139] {logging_mixin.py:109} INFO - [2021-09-29 14:06:28,139] {dag.py:2287} INFO - Setting next_dagrun for example_xcom_args to None
[2021-09-29 14:06:28,140] {logging_mixin.py:109} INFO - [2021-09-29 14:06:28,140] {dag.py:2287} INFO - Setting next_dagrun for example_xcom_args_with_operators to None
[2021-09-29 14:06:28,155] {processor.py:170} INFO - Processing /home/airflow/.local/lib/python3.6/site-packages/airflow/example_dags/example_xcomargs.py took 0.291 seconds
[2021-09-29 14:06:58,440] {processor.py:162} INFO - Started process (PID=2346) to work on /home/airflow/.local/lib/python3.6/site-packages/airflow/example_dags/example_xcomargs.py
[2021-09-29 14:06:58,442] {processor.py:613} INFO - Processing file /home/airflow/.local/lib/python3.6/site-packages/airflow/example_dags/example_xcomargs.py for tasks to queue
[2021-09-29 14:06:58,444] {logging_mixin.py:109} INFO - [2021-09-29 14:06:58,444] {dagbag.py:496} INFO - Filling up the DagBag from /home/airflow/.local/lib/python3.6/site-packages/airflow/example_dags/example_xcomargs.py
[2021-09-29 14:06:58,470] {processor.py:623} INFO - DAG(s) dict_keys(['example_xcom_args', 'example_xcom_args_with_operators']) retrieved from /home/airflow/.local/lib/python3.6/site-packages/airflow/example_dags/example_xcomargs.py
[2021-09-29 14:06:58,675] {logging_mixin.py:109} INFO - [2021-09-29 14:06:58,675] {dag.py:1834} INFO - Sync 2 DAGs
[2021-09-29 14:06:58,692] {logging_mixin.py:109} INFO - [2021-09-29 14:06:58,692] {dag.py:2287} INFO - Setting next_dagrun for example_xcom_args to None
[2021-09-29 14:06:58,694] {logging_mixin.py:109} INFO - [2021-09-29 14:06:58,694] {dag.py:2287} INFO - Setting next_dagrun for example_xcom_args_with_operators to None
[2021-09-29 14:06:58,710] {processor.py:170} INFO - Processing /home/airflow/.local/lib/python3.6/site-packages/airflow/example_dags/example_xcomargs.py took 0.275 seconds
[2021-09-29 14:07:29,023] {processor.py:162} INFO - Started process (PID=2543) to work on /home/airflow/.local/lib/python3.6/site-packages/airflow/example_dags/example_xcomargs.py
[2021-09-29 14:07:29,025] {processor.py:613} INFO - Processing file /home/airflow/.local/lib/python3.6/site-packages/airflow/example_dags/example_xcomargs.py for tasks to queue
[2021-09-29 14:07:29,026] {logging_mixin.py:109} INFO - [2021-09-29 14:07:29,026] {dagbag.py:496} INFO - Filling up the DagBag from /home/airflow/.local/lib/python3.6/site-packages/airflow/example_dags/example_xcomargs.py
[2021-09-29 14:07:29,050] {processor.py:623} INFO - DAG(s) dict_keys(['example_xcom_args', 'example_xcom_args_with_operators']) retrieved from /home/airflow/.local/lib/python3.6/site-packages/airflow/example_dags/example_xcomargs.py
[2021-09-29 14:07:29,218] {logging_mixin.py:109} INFO - [2021-09-29 14:07:29,218] {dag.py:1834} INFO - Sync 2 DAGs
[2021-09-29 14:07:29,230] {logging_mixin.py:109} INFO - [2021-09-29 14:07:29,230] {dag.py:2287} INFO - Setting next_dagrun for example_xcom_args to None
[2021-09-29 14:07:29,232] {logging_mixin.py:109} INFO - [2021-09-29 14:07:29,232] {dag.py:2287} INFO - Setting next_dagrun for example_xcom_args_with_operators to None
[2021-09-29 14:07:29,242] {processor.py:170} INFO - Processing /home/airflow/.local/lib/python3.6/site-packages/airflow/example_dags/example_xcomargs.py took 0.223 seconds
[2021-09-29 14:07:59,448] {processor.py:162} INFO - Started process (PID=2743) to work on /home/airflow/.local/lib/python3.6/site-packages/airflow/example_dags/example_xcomargs.py
[2021-09-29 14:07:59,450] {processor.py:613} INFO - Processing file /home/airflow/.local/lib/python3.6/site-packages/airflow/example_dags/example_xcomargs.py for tasks to queue
[2021-09-29 14:07:59,451] {logging_mixin.py:109} INFO - [2021-09-29 14:07:59,451] {dagbag.py:496} INFO - Filling up the DagBag from /home/airflow/.local/lib/python3.6/site-packages/airflow/example_dags/example_xcomargs.py
[2021-09-29 14:07:59,470] {processor.py:623} INFO - DAG(s) dict_keys(['example_xcom_args', 'example_xcom_args_with_operators']) retrieved from /home/airflow/.local/lib/python3.6/site-packages/airflow/example_dags/example_xcomargs.py
[2021-09-29 14:07:59,646] {logging_mixin.py:109} INFO - [2021-09-29 14:07:59,645] {dag.py:1834} INFO - Sync 2 DAGs
[2021-09-29 14:07:59,658] {logging_mixin.py:109} INFO - [2021-09-29 14:07:59,657] {dag.py:2287} INFO - Setting next_dagrun for example_xcom_args to None
[2021-09-29 14:07:59,659] {logging_mixin.py:109} INFO - [2021-09-29 14:07:59,659] {dag.py:2287} INFO - Setting next_dagrun for example_xcom_args_with_operators to None
[2021-09-29 14:07:59,669] {processor.py:170} INFO - Processing /home/airflow/.local/lib/python3.6/site-packages/airflow/example_dags/example_xcomargs.py took 0.223 seconds
[2021-09-29 14:08:29,773] {processor.py:162} INFO - Started process (PID=2952) to work on /home/airflow/.local/lib/python3.6/site-packages/airflow/example_dags/example_xcomargs.py
[2021-09-29 14:08:29,776] {processor.py:613} INFO - Processing file /home/airflow/.local/lib/python3.6/site-packages/airflow/example_dags/example_xcomargs.py for tasks to queue
[2021-09-29 14:08:29,777] {logging_mixin.py:109} INFO - [2021-09-29 14:08:29,777] {dagbag.py:496} INFO - Filling up the DagBag from /home/airflow/.local/lib/python3.6/site-packages/airflow/example_dags/example_xcomargs.py
[2021-09-29 14:08:29,804] {processor.py:623} INFO - DAG(s) dict_keys(['example_xcom_args', 'example_xcom_args_with_operators']) retrieved from /home/airflow/.local/lib/python3.6/site-packages/airflow/example_dags/example_xcomargs.py
[2021-09-29 14:08:30,057] {logging_mixin.py:109} INFO - [2021-09-29 14:08:30,057] {dag.py:1834} INFO - Sync 2 DAGs
[2021-09-29 14:08:30,073] {logging_mixin.py:109} INFO - [2021-09-29 14:08:30,073] {dag.py:2287} INFO - Setting next_dagrun for example_xcom_args to None
[2021-09-29 14:08:30,075] {logging_mixin.py:109} INFO - [2021-09-29 14:08:30,075] {dag.py:2287} INFO - Setting next_dagrun for example_xcom_args_with_operators to None
[2021-09-29 14:08:30,092] {processor.py:170} INFO - Processing /home/airflow/.local/lib/python3.6/site-packages/airflow/example_dags/example_xcomargs.py took 0.322 seconds
[2021-09-29 14:09:00,978] {processor.py:162} INFO - Started process (PID=3139) to work on /home/airflow/.local/lib/python3.6/site-packages/airflow/example_dags/example_xcomargs.py
[2021-09-29 14:09:00,981] {processor.py:613} INFO - Processing file /home/airflow/.local/lib/python3.6/site-packages/airflow/example_dags/example_xcomargs.py for tasks to queue
[2021-09-29 14:09:00,983] {logging_mixin.py:109} INFO - [2021-09-29 14:09:00,983] {dagbag.py:496} INFO - Filling up the DagBag from /home/airflow/.local/lib/python3.6/site-packages/airflow/example_dags/example_xcomargs.py
[2021-09-29 14:09:01,007] {processor.py:623} INFO - DAG(s) dict_keys(['example_xcom_args', 'example_xcom_args_with_operators']) retrieved from /home/airflow/.local/lib/python3.6/site-packages/airflow/example_dags/example_xcomargs.py
[2021-09-29 14:09:01,039] {logging_mixin.py:109} INFO - [2021-09-29 14:09:01,039] {dag.py:1834} INFO - Sync 2 DAGs
[2021-09-29 14:09:01,054] {logging_mixin.py:109} INFO - [2021-09-29 14:09:01,054] {dag.py:2287} INFO - Setting next_dagrun for example_xcom_args to None
[2021-09-29 14:09:01,056] {logging_mixin.py:109} INFO - [2021-09-29 14:09:01,056] {dag.py:2287} INFO - Setting next_dagrun for example_xcom_args_with_operators to None
[2021-09-29 14:09:01,066] {processor.py:170} INFO - Processing /home/airflow/.local/lib/python3.6/site-packages/airflow/example_dags/example_xcomargs.py took 0.091 seconds
[2021-09-29 14:09:31,644] {processor.py:162} INFO - Started process (PID=3341) to work on /home/airflow/.local/lib/python3.6/site-packages/airflow/example_dags/example_xcomargs.py
[2021-09-29 14:09:31,647] {processor.py:613} INFO - Processing file /home/airflow/.local/lib/python3.6/site-packages/airflow/example_dags/example_xcomargs.py for tasks to queue
[2021-09-29 14:09:31,648] {logging_mixin.py:109} INFO - [2021-09-29 14:09:31,648] {dagbag.py:496} INFO - Filling up the DagBag from /home/airflow/.local/lib/python3.6/site-packages/airflow/example_dags/example_xcomargs.py
[2021-09-29 14:09:31,674] {processor.py:623} INFO - DAG(s) dict_keys(['example_xcom_args', 'example_xcom_args_with_operators']) retrieved from /home/airflow/.local/lib/python3.6/site-packages/airflow/example_dags/example_xcomargs.py
[2021-09-29 14:09:31,896] {logging_mixin.py:109} INFO - [2021-09-29 14:09:31,895] {dag.py:1834} INFO - Sync 2 DAGs
[2021-09-29 14:09:31,913] {logging_mixin.py:109} INFO - [2021-09-29 14:09:31,913] {dag.py:2287} INFO - Setting next_dagrun for example_xcom_args to None
[2021-09-29 14:09:31,914] {logging_mixin.py:109} INFO - [2021-09-29 14:09:31,914] {dag.py:2287} INFO - Setting next_dagrun for example_xcom_args_with_operators to None
[2021-09-29 14:09:31,930] {processor.py:170} INFO - Processing /home/airflow/.local/lib/python3.6/site-packages/airflow/example_dags/example_xcomargs.py took 0.289 seconds
[2021-09-29 14:10:02,067] {processor.py:162} INFO - Started process (PID=3538) to work on /home/airflow/.local/lib/python3.6/site-packages/airflow/example_dags/example_xcomargs.py
[2021-09-29 14:10:02,069] {processor.py:613} INFO - Processing file /home/airflow/.local/lib/python3.6/site-packages/airflow/example_dags/example_xcomargs.py for tasks to queue
[2021-09-29 14:10:02,071] {logging_mixin.py:109} INFO - [2021-09-29 14:10:02,071] {dagbag.py:496} INFO - Filling up the DagBag from /home/airflow/.local/lib/python3.6/site-packages/airflow/example_dags/example_xcomargs.py
[2021-09-29 14:10:02,093] {processor.py:623} INFO - DAG(s) dict_keys(['example_xcom_args', 'example_xcom_args_with_operators']) retrieved from /home/airflow/.local/lib/python3.6/site-packages/airflow/example_dags/example_xcomargs.py
[2021-09-29 14:10:02,121] {logging_mixin.py:109} INFO - [2021-09-29 14:10:02,121] {dag.py:1834} INFO - Sync 2 DAGs
[2021-09-29 14:10:02,136] {logging_mixin.py:109} INFO - [2021-09-29 14:10:02,136] {dag.py:2287} INFO - Setting next_dagrun for example_xcom_args to None
[2021-09-29 14:10:02,138] {logging_mixin.py:109} INFO - [2021-09-29 14:10:02,138] {dag.py:2287} INFO - Setting next_dagrun for example_xcom_args_with_operators to None
[2021-09-29 14:10:02,148] {processor.py:170} INFO - Processing /home/airflow/.local/lib/python3.6/site-packages/airflow/example_dags/example_xcomargs.py took 0.089 seconds
[2021-09-29 14:10:32,207] {processor.py:162} INFO - Started process (PID=3729) to work on /home/airflow/.local/lib/python3.6/site-packages/airflow/example_dags/example_xcomargs.py
[2021-09-29 14:10:32,210] {processor.py:613} INFO - Processing file /home/airflow/.local/lib/python3.6/site-packages/airflow/example_dags/example_xcomargs.py for tasks to queue
[2021-09-29 14:10:32,211] {logging_mixin.py:109} INFO - [2021-09-29 14:10:32,211] {dagbag.py:496} INFO - Filling up the DagBag from /home/airflow/.local/lib/python3.6/site-packages/airflow/example_dags/example_xcomargs.py
[2021-09-29 14:10:32,237] {processor.py:623} INFO - DAG(s) dict_keys(['example_xcom_args', 'example_xcom_args_with_operators']) retrieved from /home/airflow/.local/lib/python3.6/site-packages/airflow/example_dags/example_xcomargs.py
[2021-09-29 14:10:32,269] {logging_mixin.py:109} INFO - [2021-09-29 14:10:32,269] {dag.py:1834} INFO - Sync 2 DAGs
[2021-09-29 14:10:32,286] {logging_mixin.py:109} INFO - [2021-09-29 14:10:32,286] {dag.py:2287} INFO - Setting next_dagrun for example_xcom_args to None
[2021-09-29 14:10:32,289] {logging_mixin.py:109} INFO - [2021-09-29 14:10:32,289] {dag.py:2287} INFO - Setting next_dagrun for example_xcom_args_with_operators to None
[2021-09-29 14:10:32,302] {processor.py:170} INFO - Processing /home/airflow/.local/lib/python3.6/site-packages/airflow/example_dags/example_xcomargs.py took 0.098 seconds
[2021-09-29 14:11:02,441] {processor.py:162} INFO - Started process (PID=3925) to work on /home/airflow/.local/lib/python3.6/site-packages/airflow/example_dags/example_xcomargs.py
[2021-09-29 14:11:02,443] {processor.py:613} INFO - Processing file /home/airflow/.local/lib/python3.6/site-packages/airflow/example_dags/example_xcomargs.py for tasks to queue
[2021-09-29 14:11:02,445] {logging_mixin.py:109} INFO - [2021-09-29 14:11:02,444] {dagbag.py:496} INFO - Filling up the DagBag from /home/airflow/.local/lib/python3.6/site-packages/airflow/example_dags/example_xcomargs.py
[2021-09-29 14:11:02,469] {processor.py:623} INFO - DAG(s) dict_keys(['example_xcom_args', 'example_xcom_args_with_operators']) retrieved from /home/airflow/.local/lib/python3.6/site-packages/airflow/example_dags/example_xcomargs.py
[2021-09-29 14:11:02,645] {logging_mixin.py:109} INFO - [2021-09-29 14:11:02,644] {dag.py:1834} INFO - Sync 2 DAGs
[2021-09-29 14:11:02,656] {logging_mixin.py:109} INFO - [2021-09-29 14:11:02,656] {dag.py:2287} INFO - Setting next_dagrun for example_xcom_args to None
[2021-09-29 14:11:02,658] {logging_mixin.py:109} INFO - [2021-09-29 14:11:02,658] {dag.py:2287} INFO - Setting next_dagrun for example_xcom_args_with_operators to None
[2021-09-29 14:11:02,669] {processor.py:170} INFO - Processing /home/airflow/.local/lib/python3.6/site-packages/airflow/example_dags/example_xcomargs.py took 0.232 seconds
[2021-09-29 14:11:33,007] {processor.py:162} INFO - Started process (PID=4110) to work on /home/airflow/.local/lib/python3.6/site-packages/airflow/example_dags/example_xcomargs.py
[2021-09-29 14:11:33,010] {processor.py:613} INFO - Processing file /home/airflow/.local/lib/python3.6/site-packages/airflow/example_dags/example_xcomargs.py for tasks to queue
[2021-09-29 14:11:33,011] {logging_mixin.py:109} INFO - [2021-09-29 14:11:33,011] {dagbag.py:496} INFO - Filling up the DagBag from /home/airflow/.local/lib/python3.6/site-packages/airflow/example_dags/example_xcomargs.py
[2021-09-29 14:11:33,044] {processor.py:623} INFO - DAG(s) dict_keys(['example_xcom_args', 'example_xcom_args_with_operators']) retrieved from /home/airflow/.local/lib/python3.6/site-packages/airflow/example_dags/example_xcomargs.py
[2021-09-29 14:11:33,278] {logging_mixin.py:109} INFO - [2021-09-29 14:11:33,278] {dag.py:1834} INFO - Sync 2 DAGs
[2021-09-29 14:11:33,293] {logging_mixin.py:109} INFO - [2021-09-29 14:11:33,293] {dag.py:2287} INFO - Setting next_dagrun for example_xcom_args to None
[2021-09-29 14:11:33,296] {logging_mixin.py:109} INFO - [2021-09-29 14:11:33,296] {dag.py:2287} INFO - Setting next_dagrun for example_xcom_args_with_operators to None
[2021-09-29 14:11:33,311] {processor.py:170} INFO - Processing /home/airflow/.local/lib/python3.6/site-packages/airflow/example_dags/example_xcomargs.py took 0.310 seconds
[2021-09-29 14:12:03,467] {processor.py:162} INFO - Started process (PID=4318) to work on /home/airflow/.local/lib/python3.6/site-packages/airflow/example_dags/example_xcomargs.py
[2021-09-29 14:12:03,469] {processor.py:613} INFO - Processing file /home/airflow/.local/lib/python3.6/site-packages/airflow/example_dags/example_xcomargs.py for tasks to queue
[2021-09-29 14:12:03,471] {logging_mixin.py:109} INFO - [2021-09-29 14:12:03,471] {dagbag.py:496} INFO - Filling up the DagBag from /home/airflow/.local/lib/python3.6/site-packages/airflow/example_dags/example_xcomargs.py
[2021-09-29 14:12:03,497] {processor.py:623} INFO - DAG(s) dict_keys(['example_xcom_args', 'example_xcom_args_with_operators']) retrieved from /home/airflow/.local/lib/python3.6/site-packages/airflow/example_dags/example_xcomargs.py
[2021-09-29 14:12:03,682] {logging_mixin.py:109} INFO - [2021-09-29 14:12:03,682] {dag.py:1834} INFO - Sync 2 DAGs
[2021-09-29 14:12:03,694] {logging_mixin.py:109} INFO - [2021-09-29 14:12:03,694] {dag.py:2287} INFO - Setting next_dagrun for example_xcom_args to None
[2021-09-29 14:12:03,696] {logging_mixin.py:109} INFO - [2021-09-29 14:12:03,696] {dag.py:2287} INFO - Setting next_dagrun for example_xcom_args_with_operators to None
[2021-09-29 14:12:03,709] {processor.py:170} INFO - Processing /home/airflow/.local/lib/python3.6/site-packages/airflow/example_dags/example_xcomargs.py took 0.246 seconds
[2021-09-29 14:12:34,045] {processor.py:162} INFO - Started process (PID=4525) to work on /home/airflow/.local/lib/python3.6/site-packages/airflow/example_dags/example_xcomargs.py
[2021-09-29 14:12:34,047] {processor.py:613} INFO - Processing file /home/airflow/.local/lib/python3.6/site-packages/airflow/example_dags/example_xcomargs.py for tasks to queue
[2021-09-29 14:12:34,048] {logging_mixin.py:109} INFO - [2021-09-29 14:12:34,048] {dagbag.py:496} INFO - Filling up the DagBag from /home/airflow/.local/lib/python3.6/site-packages/airflow/example_dags/example_xcomargs.py
[2021-09-29 14:12:34,070] {processor.py:623} INFO - DAG(s) dict_keys(['example_xcom_args', 'example_xcom_args_with_operators']) retrieved from /home/airflow/.local/lib/python3.6/site-packages/airflow/example_dags/example_xcomargs.py
[2021-09-29 14:12:34,353] {logging_mixin.py:109} INFO - [2021-09-29 14:12:34,352] {dag.py:1834} INFO - Sync 2 DAGs
[2021-09-29 14:12:34,371] {logging_mixin.py:109} INFO - [2021-09-29 14:12:34,370] {dag.py:2287} INFO - Setting next_dagrun for example_xcom_args to None
[2021-09-29 14:12:34,373] {logging_mixin.py:109} INFO - [2021-09-29 14:12:34,372] {dag.py:2287} INFO - Setting next_dagrun for example_xcom_args_with_operators to None
[2021-09-29 14:12:34,386] {processor.py:170} INFO - Processing /home/airflow/.local/lib/python3.6/site-packages/airflow/example_dags/example_xcomargs.py took 0.345 seconds
[2021-09-29 14:13:04,593] {processor.py:162} INFO - Started process (PID=4717) to work on /home/airflow/.local/lib/python3.6/site-packages/airflow/example_dags/example_xcomargs.py
[2021-09-29 14:13:04,595] {processor.py:613} INFO - Processing file /home/airflow/.local/lib/python3.6/site-packages/airflow/example_dags/example_xcomargs.py for tasks to queue
[2021-09-29 14:13:04,597] {logging_mixin.py:109} INFO - [2021-09-29 14:13:04,596] {dagbag.py:496} INFO - Filling up the DagBag from /home/airflow/.local/lib/python3.6/site-packages/airflow/example_dags/example_xcomargs.py
[2021-09-29 14:13:04,622] {processor.py:623} INFO - DAG(s) dict_keys(['example_xcom_args', 'example_xcom_args_with_operators']) retrieved from /home/airflow/.local/lib/python3.6/site-packages/airflow/example_dags/example_xcomargs.py
[2021-09-29 14:13:04,809] {logging_mixin.py:109} INFO - [2021-09-29 14:13:04,809] {dag.py:1834} INFO - Sync 2 DAGs
[2021-09-29 14:13:04,820] {logging_mixin.py:109} INFO - [2021-09-29 14:13:04,820] {dag.py:2287} INFO - Setting next_dagrun for example_xcom_args to None
[2021-09-29 14:13:04,821] {logging_mixin.py:109} INFO - [2021-09-29 14:13:04,821] {dag.py:2287} INFO - Setting next_dagrun for example_xcom_args_with_operators to None
[2021-09-29 14:13:04,831] {processor.py:170} INFO - Processing /home/airflow/.local/lib/python3.6/site-packages/airflow/example_dags/example_xcomargs.py took 0.243 seconds
[2021-09-29 14:13:35,128] {processor.py:162} INFO - Started process (PID=4923) to work on /home/airflow/.local/lib/python3.6/site-packages/airflow/example_dags/example_xcomargs.py
[2021-09-29 14:13:35,130] {processor.py:613} INFO - Processing file /home/airflow/.local/lib/python3.6/site-packages/airflow/example_dags/example_xcomargs.py for tasks to queue
[2021-09-29 14:13:35,133] {logging_mixin.py:109} INFO - [2021-09-29 14:13:35,132] {dagbag.py:496} INFO - Filling up the DagBag from /home/airflow/.local/lib/python3.6/site-packages/airflow/example_dags/example_xcomargs.py
[2021-09-29 14:13:35,158] {processor.py:623} INFO - DAG(s) dict_keys(['example_xcom_args', 'example_xcom_args_with_operators']) retrieved from /home/airflow/.local/lib/python3.6/site-packages/airflow/example_dags/example_xcomargs.py
[2021-09-29 14:13:35,389] {logging_mixin.py:109} INFO - [2021-09-29 14:13:35,389] {dag.py:1834} INFO - Sync 2 DAGs
[2021-09-29 14:13:35,405] {logging_mixin.py:109} INFO - [2021-09-29 14:13:35,404] {dag.py:2287} INFO - Setting next_dagrun for example_xcom_args to None
[2021-09-29 14:13:35,407] {logging_mixin.py:109} INFO - [2021-09-29 14:13:35,407] {dag.py:2287} INFO - Setting next_dagrun for example_xcom_args_with_operators to None
[2021-09-29 14:13:35,421] {processor.py:170} INFO - Processing /home/airflow/.local/lib/python3.6/site-packages/airflow/example_dags/example_xcomargs.py took 0.297 seconds
[2021-09-29 14:14:05,479] {processor.py:162} INFO - Started process (PID=5134) to work on /home/airflow/.local/lib/python3.6/site-packages/airflow/example_dags/example_xcomargs.py
[2021-09-29 14:14:05,481] {processor.py:613} INFO - Processing file /home/airflow/.local/lib/python3.6/site-packages/airflow/example_dags/example_xcomargs.py for tasks to queue
[2021-09-29 14:14:05,482] {logging_mixin.py:109} INFO - [2021-09-29 14:14:05,482] {dagbag.py:496} INFO - Filling up the DagBag from /home/airflow/.local/lib/python3.6/site-packages/airflow/example_dags/example_xcomargs.py
[2021-09-29 14:14:05,506] {processor.py:623} INFO - DAG(s) dict_keys(['example_xcom_args', 'example_xcom_args_with_operators']) retrieved from /home/airflow/.local/lib/python3.6/site-packages/airflow/example_dags/example_xcomargs.py
[2021-09-29 14:14:05,682] {logging_mixin.py:109} INFO - [2021-09-29 14:14:05,681] {dag.py:1834} INFO - Sync 2 DAGs
[2021-09-29 14:14:05,695] {logging_mixin.py:109} INFO - [2021-09-29 14:14:05,695] {dag.py:2287} INFO - Setting next_dagrun for example_xcom_args to None
[2021-09-29 14:14:05,696] {logging_mixin.py:109} INFO - [2021-09-29 14:14:05,696] {dag.py:2287} INFO - Setting next_dagrun for example_xcom_args_with_operators to None
[2021-09-29 14:14:05,708] {processor.py:170} INFO - Processing /home/airflow/.local/lib/python3.6/site-packages/airflow/example_dags/example_xcomargs.py took 0.234 seconds
[2021-09-29 14:14:35,810] {processor.py:162} INFO - Started process (PID=5338) to work on /home/airflow/.local/lib/python3.6/site-packages/airflow/example_dags/example_xcomargs.py
[2021-09-29 14:14:35,812] {processor.py:613} INFO - Processing file /home/airflow/.local/lib/python3.6/site-packages/airflow/example_dags/example_xcomargs.py for tasks to queue
[2021-09-29 14:14:35,813] {logging_mixin.py:109} INFO - [2021-09-29 14:14:35,813] {dagbag.py:496} INFO - Filling up the DagBag from /home/airflow/.local/lib/python3.6/site-packages/airflow/example_dags/example_xcomargs.py
[2021-09-29 14:14:35,838] {processor.py:623} INFO - DAG(s) dict_keys(['example_xcom_args', 'example_xcom_args_with_operators']) retrieved from /home/airflow/.local/lib/python3.6/site-packages/airflow/example_dags/example_xcomargs.py
[2021-09-29 14:14:35,868] {logging_mixin.py:109} INFO - [2021-09-29 14:14:35,868] {dag.py:1834} INFO - Sync 2 DAGs
[2021-09-29 14:14:35,885] {logging_mixin.py:109} INFO - [2021-09-29 14:14:35,885] {dag.py:2287} INFO - Setting next_dagrun for example_xcom_args to None
[2021-09-29 14:14:35,887] {logging_mixin.py:109} INFO - [2021-09-29 14:14:35,887] {dag.py:2287} INFO - Setting next_dagrun for example_xcom_args_with_operators to None
[2021-09-29 14:14:35,900] {processor.py:170} INFO - Processing /home/airflow/.local/lib/python3.6/site-packages/airflow/example_dags/example_xcomargs.py took 0.095 seconds
[2021-09-29 14:15:06,182] {processor.py:162} INFO - Started process (PID=5542) to work on /home/airflow/.local/lib/python3.6/site-packages/airflow/example_dags/example_xcomargs.py
[2021-09-29 14:15:06,185] {processor.py:613} INFO - Processing file /home/airflow/.local/lib/python3.6/site-packages/airflow/example_dags/example_xcomargs.py for tasks to queue
[2021-09-29 14:15:06,186] {logging_mixin.py:109} INFO - [2021-09-29 14:15:06,186] {dagbag.py:496} INFO - Filling up the DagBag from /home/airflow/.local/lib/python3.6/site-packages/airflow/example_dags/example_xcomargs.py
[2021-09-29 14:15:06,211] {processor.py:623} INFO - DAG(s) dict_keys(['example_xcom_args', 'example_xcom_args_with_operators']) retrieved from /home/airflow/.local/lib/python3.6/site-packages/airflow/example_dags/example_xcomargs.py
[2021-09-29 14:15:06,402] {logging_mixin.py:109} INFO - [2021-09-29 14:15:06,402] {dag.py:1834} INFO - Sync 2 DAGs
[2021-09-29 14:15:06,413] {logging_mixin.py:109} INFO - [2021-09-29 14:15:06,413] {dag.py:2287} INFO - Setting next_dagrun for example_xcom_args to None
[2021-09-29 14:15:06,415] {logging_mixin.py:109} INFO - [2021-09-29 14:15:06,415] {dag.py:2287} INFO - Setting next_dagrun for example_xcom_args_with_operators to None
[2021-09-29 14:15:06,428] {processor.py:170} INFO - Processing /home/airflow/.local/lib/python3.6/site-packages/airflow/example_dags/example_xcomargs.py took 0.250 seconds
[2021-09-29 14:15:36,555] {processor.py:162} INFO - Started process (PID=5747) to work on /home/airflow/.local/lib/python3.6/site-packages/airflow/example_dags/example_xcomargs.py
[2021-09-29 14:15:36,558] {processor.py:613} INFO - Processing file /home/airflow/.local/lib/python3.6/site-packages/airflow/example_dags/example_xcomargs.py for tasks to queue
[2021-09-29 14:15:36,560] {logging_mixin.py:109} INFO - [2021-09-29 14:15:36,559] {dagbag.py:496} INFO - Filling up the DagBag from /home/airflow/.local/lib/python3.6/site-packages/airflow/example_dags/example_xcomargs.py
[2021-09-29 14:15:36,585] {processor.py:623} INFO - DAG(s) dict_keys(['example_xcom_args', 'example_xcom_args_with_operators']) retrieved from /home/airflow/.local/lib/python3.6/site-packages/airflow/example_dags/example_xcomargs.py
[2021-09-29 14:15:36,799] {logging_mixin.py:109} INFO - [2021-09-29 14:15:36,799] {dag.py:1834} INFO - Sync 2 DAGs
[2021-09-29 14:15:36,810] {logging_mixin.py:109} INFO - [2021-09-29 14:15:36,810] {dag.py:2287} INFO - Setting next_dagrun for example_xcom_args to None
[2021-09-29 14:15:36,812] {logging_mixin.py:109} INFO - [2021-09-29 14:15:36,812] {dag.py:2287} INFO - Setting next_dagrun for example_xcom_args_with_operators to None
[2021-09-29 14:15:36,823] {processor.py:170} INFO - Processing /home/airflow/.local/lib/python3.6/site-packages/airflow/example_dags/example_xcomargs.py took 0.274 seconds
[2021-09-29 14:16:07,145] {processor.py:162} INFO - Started process (PID=5951) to work on /home/airflow/.local/lib/python3.6/site-packages/airflow/example_dags/example_xcomargs.py
[2021-09-29 14:16:07,147] {processor.py:613} INFO - Processing file /home/airflow/.local/lib/python3.6/site-packages/airflow/example_dags/example_xcomargs.py for tasks to queue
[2021-09-29 14:16:07,149] {logging_mixin.py:109} INFO - [2021-09-29 14:16:07,148] {dagbag.py:496} INFO - Filling up the DagBag from /home/airflow/.local/lib/python3.6/site-packages/airflow/example_dags/example_xcomargs.py
[2021-09-29 14:16:07,173] {processor.py:623} INFO - DAG(s) dict_keys(['example_xcom_args', 'example_xcom_args_with_operators']) retrieved from /home/airflow/.local/lib/python3.6/site-packages/airflow/example_dags/example_xcomargs.py
[2021-09-29 14:16:07,361] {logging_mixin.py:109} INFO - [2021-09-29 14:16:07,361] {dag.py:1834} INFO - Sync 2 DAGs
[2021-09-29 14:16:07,372] {logging_mixin.py:109} INFO - [2021-09-29 14:16:07,372] {dag.py:2287} INFO - Setting next_dagrun for example_xcom_args to None
[2021-09-29 14:16:07,374] {logging_mixin.py:109} INFO - [2021-09-29 14:16:07,374] {dag.py:2287} INFO - Setting next_dagrun for example_xcom_args_with_operators to None
[2021-09-29 14:16:07,384] {processor.py:170} INFO - Processing /home/airflow/.local/lib/python3.6/site-packages/airflow/example_dags/example_xcomargs.py took 0.243 seconds
[2021-09-29 14:16:37,663] {processor.py:162} INFO - Started process (PID=6156) to work on /home/airflow/.local/lib/python3.6/site-packages/airflow/example_dags/example_xcomargs.py
[2021-09-29 14:16:37,666] {processor.py:613} INFO - Processing file /home/airflow/.local/lib/python3.6/site-packages/airflow/example_dags/example_xcomargs.py for tasks to queue
[2021-09-29 14:16:37,667] {logging_mixin.py:109} INFO - [2021-09-29 14:16:37,667] {dagbag.py:496} INFO - Filling up the DagBag from /home/airflow/.local/lib/python3.6/site-packages/airflow/example_dags/example_xcomargs.py
[2021-09-29 14:16:37,694] {processor.py:623} INFO - DAG(s) dict_keys(['example_xcom_args', 'example_xcom_args_with_operators']) retrieved from /home/airflow/.local/lib/python3.6/site-packages/airflow/example_dags/example_xcomargs.py
[2021-09-29 14:16:37,868] {logging_mixin.py:109} INFO - [2021-09-29 14:16:37,867] {dag.py:1834} INFO - Sync 2 DAGs
[2021-09-29 14:16:37,880] {logging_mixin.py:109} INFO - [2021-09-29 14:16:37,880] {dag.py:2287} INFO - Setting next_dagrun for example_xcom_args to None
[2021-09-29 14:16:37,881] {logging_mixin.py:109} INFO - [2021-09-29 14:16:37,881] {dag.py:2287} INFO - Setting next_dagrun for example_xcom_args_with_operators to None
[2021-09-29 14:16:37,892] {processor.py:170} INFO - Processing /home/airflow/.local/lib/python3.6/site-packages/airflow/example_dags/example_xcomargs.py took 0.233 seconds
[2021-09-29 14:17:08,140] {processor.py:162} INFO - Started process (PID=6352) to work on /home/airflow/.local/lib/python3.6/site-packages/airflow/example_dags/example_xcomargs.py
[2021-09-29 14:17:08,142] {processor.py:613} INFO - Processing file /home/airflow/.local/lib/python3.6/site-packages/airflow/example_dags/example_xcomargs.py for tasks to queue
[2021-09-29 14:17:08,144] {logging_mixin.py:109} INFO - [2021-09-29 14:17:08,144] {dagbag.py:496} INFO - Filling up the DagBag from /home/airflow/.local/lib/python3.6/site-packages/airflow/example_dags/example_xcomargs.py
[2021-09-29 14:17:08,167] {processor.py:623} INFO - DAG(s) dict_keys(['example_xcom_args', 'example_xcom_args_with_operators']) retrieved from /home/airflow/.local/lib/python3.6/site-packages/airflow/example_dags/example_xcomargs.py
[2021-09-29 14:17:08,345] {logging_mixin.py:109} INFO - [2021-09-29 14:17:08,345] {dag.py:1834} INFO - Sync 2 DAGs
[2021-09-29 14:17:08,358] {logging_mixin.py:109} INFO - [2021-09-29 14:17:08,358] {dag.py:2287} INFO - Setting next_dagrun for example_xcom_args to None
[2021-09-29 14:17:08,360] {logging_mixin.py:109} INFO - [2021-09-29 14:17:08,360] {dag.py:2287} INFO - Setting next_dagrun for example_xcom_args_with_operators to None
[2021-09-29 14:17:08,374] {processor.py:170} INFO - Processing /home/airflow/.local/lib/python3.6/site-packages/airflow/example_dags/example_xcomargs.py took 0.238 seconds
[2021-09-29 14:17:38,657] {processor.py:162} INFO - Started process (PID=6554) to work on /home/airflow/.local/lib/python3.6/site-packages/airflow/example_dags/example_xcomargs.py
[2021-09-29 14:17:38,659] {processor.py:613} INFO - Processing file /home/airflow/.local/lib/python3.6/site-packages/airflow/example_dags/example_xcomargs.py for tasks to queue
[2021-09-29 14:17:38,660] {logging_mixin.py:109} INFO - [2021-09-29 14:17:38,660] {dagbag.py:496} INFO - Filling up the DagBag from /home/airflow/.local/lib/python3.6/site-packages/airflow/example_dags/example_xcomargs.py
[2021-09-29 14:17:38,683] {processor.py:623} INFO - DAG(s) dict_keys(['example_xcom_args', 'example_xcom_args_with_operators']) retrieved from /home/airflow/.local/lib/python3.6/site-packages/airflow/example_dags/example_xcomargs.py
[2021-09-29 14:17:38,848] {logging_mixin.py:109} INFO - [2021-09-29 14:17:38,848] {dag.py:1834} INFO - Sync 2 DAGs
[2021-09-29 14:17:38,860] {logging_mixin.py:109} INFO - [2021-09-29 14:17:38,859] {dag.py:2287} INFO - Setting next_dagrun for example_xcom_args to None
[2021-09-29 14:17:38,861] {logging_mixin.py:109} INFO - [2021-09-29 14:17:38,861] {dag.py:2287} INFO - Setting next_dagrun for example_xcom_args_with_operators to None
[2021-09-29 14:17:38,874] {processor.py:170} INFO - Processing /home/airflow/.local/lib/python3.6/site-packages/airflow/example_dags/example_xcomargs.py took 0.220 seconds
[2021-09-29 14:18:09,194] {processor.py:162} INFO - Started process (PID=6752) to work on /home/airflow/.local/lib/python3.6/site-packages/airflow/example_dags/example_xcomargs.py
[2021-09-29 14:18:09,196] {processor.py:613} INFO - Processing file /home/airflow/.local/lib/python3.6/site-packages/airflow/example_dags/example_xcomargs.py for tasks to queue
[2021-09-29 14:18:09,198] {logging_mixin.py:109} INFO - [2021-09-29 14:18:09,198] {dagbag.py:496} INFO - Filling up the DagBag from /home/airflow/.local/lib/python3.6/site-packages/airflow/example_dags/example_xcomargs.py
[2021-09-29 14:18:09,224] {processor.py:623} INFO - DAG(s) dict_keys(['example_xcom_args', 'example_xcom_args_with_operators']) retrieved from /home/airflow/.local/lib/python3.6/site-packages/airflow/example_dags/example_xcomargs.py
[2021-09-29 14:18:09,456] {logging_mixin.py:109} INFO - [2021-09-29 14:18:09,456] {dag.py:1834} INFO - Sync 2 DAGs
[2021-09-29 14:18:09,471] {logging_mixin.py:109} INFO - [2021-09-29 14:18:09,471] {dag.py:2287} INFO - Setting next_dagrun for example_xcom_args to None
[2021-09-29 14:18:09,473] {logging_mixin.py:109} INFO - [2021-09-29 14:18:09,473] {dag.py:2287} INFO - Setting next_dagrun for example_xcom_args_with_operators to None
[2021-09-29 14:18:09,488] {processor.py:170} INFO - Processing /home/airflow/.local/lib/python3.6/site-packages/airflow/example_dags/example_xcomargs.py took 0.298 seconds
[2021-09-29 14:18:40,499] {processor.py:162} INFO - Started process (PID=6967) to work on /home/airflow/.local/lib/python3.6/site-packages/airflow/example_dags/example_xcomargs.py
[2021-09-29 14:18:40,501] {processor.py:613} INFO - Processing file /home/airflow/.local/lib/python3.6/site-packages/airflow/example_dags/example_xcomargs.py for tasks to queue
[2021-09-29 14:18:40,504] {logging_mixin.py:109} INFO - [2021-09-29 14:18:40,503] {dagbag.py:496} INFO - Filling up the DagBag from /home/airflow/.local/lib/python3.6/site-packages/airflow/example_dags/example_xcomargs.py
[2021-09-29 14:18:40,523] {processor.py:623} INFO - DAG(s) dict_keys(['example_xcom_args', 'example_xcom_args_with_operators']) retrieved from /home/airflow/.local/lib/python3.6/site-packages/airflow/example_dags/example_xcomargs.py
[2021-09-29 14:18:40,552] {logging_mixin.py:109} INFO - [2021-09-29 14:18:40,552] {dag.py:1834} INFO - Sync 2 DAGs
[2021-09-29 14:18:40,569] {logging_mixin.py:109} INFO - [2021-09-29 14:18:40,569] {dag.py:2287} INFO - Setting next_dagrun for example_xcom_args to None
[2021-09-29 14:18:40,571] {logging_mixin.py:109} INFO - [2021-09-29 14:18:40,571] {dag.py:2287} INFO - Setting next_dagrun for example_xcom_args_with_operators to None
[2021-09-29 14:18:40,582] {processor.py:170} INFO - Processing /home/airflow/.local/lib/python3.6/site-packages/airflow/example_dags/example_xcomargs.py took 0.087 seconds
[2021-09-29 14:19:10,670] {processor.py:162} INFO - Started process (PID=7166) to work on /home/airflow/.local/lib/python3.6/site-packages/airflow/example_dags/example_xcomargs.py
[2021-09-29 14:19:10,672] {processor.py:613} INFO - Processing file /home/airflow/.local/lib/python3.6/site-packages/airflow/example_dags/example_xcomargs.py for tasks to queue
[2021-09-29 14:19:10,673] {logging_mixin.py:109} INFO - [2021-09-29 14:19:10,673] {dagbag.py:496} INFO - Filling up the DagBag from /home/airflow/.local/lib/python3.6/site-packages/airflow/example_dags/example_xcomargs.py
[2021-09-29 14:19:10,693] {processor.py:623} INFO - DAG(s) dict_keys(['example_xcom_args', 'example_xcom_args_with_operators']) retrieved from /home/airflow/.local/lib/python3.6/site-packages/airflow/example_dags/example_xcomargs.py
[2021-09-29 14:19:10,884] {logging_mixin.py:109} INFO - [2021-09-29 14:19:10,883] {dag.py:1834} INFO - Sync 2 DAGs
[2021-09-29 14:19:10,907] {logging_mixin.py:109} INFO - [2021-09-29 14:19:10,907] {dag.py:2287} INFO - Setting next_dagrun for example_xcom_args to None
[2021-09-29 14:19:10,910] {logging_mixin.py:109} INFO - [2021-09-29 14:19:10,909] {dag.py:2287} INFO - Setting next_dagrun for example_xcom_args_with_operators to None
[2021-09-29 14:19:10,928] {processor.py:170} INFO - Processing /home/airflow/.local/lib/python3.6/site-packages/airflow/example_dags/example_xcomargs.py took 0.264 seconds
