[2021-09-29 14:01:44,182] {processor.py:162} INFO - Started process (PID=177) to work on /home/airflow/.local/lib/python3.6/site-packages/airflow/example_dags/example_latest_only.py
[2021-09-29 14:01:44,194] {processor.py:613} INFO - Processing file /home/airflow/.local/lib/python3.6/site-packages/airflow/example_dags/example_latest_only.py for tasks to queue
[2021-09-29 14:01:44,202] {logging_mixin.py:109} INFO - [2021-09-29 14:01:44,198] {dagbag.py:496} INFO - Filling up the DagBag from /home/airflow/.local/lib/python3.6/site-packages/airflow/example_dags/example_latest_only.py
[2021-09-29 14:01:44,331] {processor.py:623} INFO - DAG(s) dict_keys(['latest_only']) retrieved from /home/airflow/.local/lib/python3.6/site-packages/airflow/example_dags/example_latest_only.py
[2021-09-29 14:01:47,061] {logging_mixin.py:109} INFO - [2021-09-29 14:01:47,061] {dag.py:1834} INFO - Sync 1 DAGs
[2021-09-29 14:01:47,555] {logging_mixin.py:109} INFO - [2021-09-29 14:01:47,555] {dag.py:2287} INFO - Setting next_dagrun for latest_only to 2021-09-27 00:00:00+00:00
[2021-09-29 14:01:47,666] {processor.py:170} INFO - Processing /home/airflow/.local/lib/python3.6/site-packages/airflow/example_dags/example_latest_only.py took 3.556 seconds
[2021-09-29 14:02:18,065] {processor.py:162} INFO - Started process (PID=418) to work on /home/airflow/.local/lib/python3.6/site-packages/airflow/example_dags/example_latest_only.py
[2021-09-29 14:02:18,067] {processor.py:613} INFO - Processing file /home/airflow/.local/lib/python3.6/site-packages/airflow/example_dags/example_latest_only.py for tasks to queue
[2021-09-29 14:02:18,069] {logging_mixin.py:109} INFO - [2021-09-29 14:02:18,069] {dagbag.py:496} INFO - Filling up the DagBag from /home/airflow/.local/lib/python3.6/site-packages/airflow/example_dags/example_latest_only.py
[2021-09-29 14:02:18,090] {processor.py:623} INFO - DAG(s) dict_keys(['latest_only']) retrieved from /home/airflow/.local/lib/python3.6/site-packages/airflow/example_dags/example_latest_only.py
[2021-09-29 14:02:18,132] {logging_mixin.py:109} INFO - [2021-09-29 14:02:18,132] {dag.py:1834} INFO - Sync 1 DAGs
[2021-09-29 14:02:18,160] {logging_mixin.py:109} INFO - [2021-09-29 14:02:18,160] {dag.py:2287} INFO - Setting next_dagrun for latest_only to 2021-09-27 00:00:00+00:00
[2021-09-29 14:02:18,182] {processor.py:170} INFO - Processing /home/airflow/.local/lib/python3.6/site-packages/airflow/example_dags/example_latest_only.py took 0.123 seconds
[2021-09-29 14:02:48,856] {processor.py:162} INFO - Started process (PID=604) to work on /home/airflow/.local/lib/python3.6/site-packages/airflow/example_dags/example_latest_only.py
[2021-09-29 14:02:48,858] {processor.py:613} INFO - Processing file /home/airflow/.local/lib/python3.6/site-packages/airflow/example_dags/example_latest_only.py for tasks to queue
[2021-09-29 14:02:48,859] {logging_mixin.py:109} INFO - [2021-09-29 14:02:48,859] {dagbag.py:496} INFO - Filling up the DagBag from /home/airflow/.local/lib/python3.6/site-packages/airflow/example_dags/example_latest_only.py
[2021-09-29 14:02:48,874] {processor.py:623} INFO - DAG(s) dict_keys(['latest_only']) retrieved from /home/airflow/.local/lib/python3.6/site-packages/airflow/example_dags/example_latest_only.py
[2021-09-29 14:02:48,902] {logging_mixin.py:109} INFO - [2021-09-29 14:02:48,902] {dag.py:1834} INFO - Sync 1 DAGs
[2021-09-29 14:02:48,921] {logging_mixin.py:109} INFO - [2021-09-29 14:02:48,921] {dag.py:2287} INFO - Setting next_dagrun for latest_only to 2021-09-27 00:00:00+00:00
[2021-09-29 14:02:48,934] {processor.py:170} INFO - Processing /home/airflow/.local/lib/python3.6/site-packages/airflow/example_dags/example_latest_only.py took 0.082 seconds
[2021-09-29 14:03:19,104] {processor.py:162} INFO - Started process (PID=812) to work on /home/airflow/.local/lib/python3.6/site-packages/airflow/example_dags/example_latest_only.py
[2021-09-29 14:03:19,106] {processor.py:613} INFO - Processing file /home/airflow/.local/lib/python3.6/site-packages/airflow/example_dags/example_latest_only.py for tasks to queue
[2021-09-29 14:03:19,108] {logging_mixin.py:109} INFO - [2021-09-29 14:03:19,108] {dagbag.py:496} INFO - Filling up the DagBag from /home/airflow/.local/lib/python3.6/site-packages/airflow/example_dags/example_latest_only.py
[2021-09-29 14:03:19,122] {processor.py:623} INFO - DAG(s) dict_keys(['latest_only']) retrieved from /home/airflow/.local/lib/python3.6/site-packages/airflow/example_dags/example_latest_only.py
[2021-09-29 14:03:19,145] {logging_mixin.py:109} INFO - [2021-09-29 14:03:19,145] {dag.py:1834} INFO - Sync 1 DAGs
[2021-09-29 14:03:19,159] {logging_mixin.py:109} INFO - [2021-09-29 14:03:19,159] {dag.py:2287} INFO - Setting next_dagrun for latest_only to 2021-09-27 00:00:00+00:00
[2021-09-29 14:03:19,169] {processor.py:170} INFO - Processing /home/airflow/.local/lib/python3.6/site-packages/airflow/example_dags/example_latest_only.py took 0.069 seconds
[2021-09-29 14:03:49,873] {processor.py:162} INFO - Started process (PID=1059) to work on /home/airflow/.local/lib/python3.6/site-packages/airflow/example_dags/example_latest_only.py
[2021-09-29 14:03:49,874] {processor.py:613} INFO - Processing file /home/airflow/.local/lib/python3.6/site-packages/airflow/example_dags/example_latest_only.py for tasks to queue
[2021-09-29 14:03:49,875] {logging_mixin.py:109} INFO - [2021-09-29 14:03:49,875] {dagbag.py:496} INFO - Filling up the DagBag from /home/airflow/.local/lib/python3.6/site-packages/airflow/example_dags/example_latest_only.py
[2021-09-29 14:03:49,886] {processor.py:623} INFO - DAG(s) dict_keys(['latest_only']) retrieved from /home/airflow/.local/lib/python3.6/site-packages/airflow/example_dags/example_latest_only.py
[2021-09-29 14:03:49,907] {logging_mixin.py:109} INFO - [2021-09-29 14:03:49,907] {dag.py:1834} INFO - Sync 1 DAGs
[2021-09-29 14:03:49,920] {logging_mixin.py:109} INFO - [2021-09-29 14:03:49,920] {dag.py:2287} INFO - Setting next_dagrun for latest_only to 2021-09-27 00:00:00+00:00
[2021-09-29 14:03:49,930] {processor.py:170} INFO - Processing /home/airflow/.local/lib/python3.6/site-packages/airflow/example_dags/example_latest_only.py took 0.060 seconds
[2021-09-29 14:04:20,507] {processor.py:162} INFO - Started process (PID=1277) to work on /home/airflow/.local/lib/python3.6/site-packages/airflow/example_dags/example_latest_only.py
[2021-09-29 14:04:20,509] {processor.py:613} INFO - Processing file /home/airflow/.local/lib/python3.6/site-packages/airflow/example_dags/example_latest_only.py for tasks to queue
[2021-09-29 14:04:20,511] {logging_mixin.py:109} INFO - [2021-09-29 14:04:20,511] {dagbag.py:496} INFO - Filling up the DagBag from /home/airflow/.local/lib/python3.6/site-packages/airflow/example_dags/example_latest_only.py
[2021-09-29 14:04:20,523] {processor.py:623} INFO - DAG(s) dict_keys(['latest_only']) retrieved from /home/airflow/.local/lib/python3.6/site-packages/airflow/example_dags/example_latest_only.py
[2021-09-29 14:04:20,546] {logging_mixin.py:109} INFO - [2021-09-29 14:04:20,546] {dag.py:1834} INFO - Sync 1 DAGs
[2021-09-29 14:04:20,561] {logging_mixin.py:109} INFO - [2021-09-29 14:04:20,561] {dag.py:2287} INFO - Setting next_dagrun for latest_only to 2021-09-27 00:00:00+00:00
[2021-09-29 14:04:20,573] {processor.py:170} INFO - Processing /home/airflow/.local/lib/python3.6/site-packages/airflow/example_dags/example_latest_only.py took 0.070 seconds
[2021-09-29 14:04:50,927] {processor.py:162} INFO - Started process (PID=1480) to work on /home/airflow/.local/lib/python3.6/site-packages/airflow/example_dags/example_latest_only.py
[2021-09-29 14:04:50,929] {processor.py:613} INFO - Processing file /home/airflow/.local/lib/python3.6/site-packages/airflow/example_dags/example_latest_only.py for tasks to queue
[2021-09-29 14:04:50,950] {logging_mixin.py:109} INFO - [2021-09-29 14:04:50,950] {dagbag.py:496} INFO - Filling up the DagBag from /home/airflow/.local/lib/python3.6/site-packages/airflow/example_dags/example_latest_only.py
[2021-09-29 14:04:50,962] {processor.py:623} INFO - DAG(s) dict_keys(['latest_only']) retrieved from /home/airflow/.local/lib/python3.6/site-packages/airflow/example_dags/example_latest_only.py
[2021-09-29 14:04:50,984] {logging_mixin.py:109} INFO - [2021-09-29 14:04:50,984] {dag.py:1834} INFO - Sync 1 DAGs
[2021-09-29 14:04:50,997] {logging_mixin.py:109} INFO - [2021-09-29 14:04:50,997] {dag.py:2287} INFO - Setting next_dagrun for latest_only to 2021-09-27 00:00:00+00:00
[2021-09-29 14:04:51,007] {processor.py:170} INFO - Processing /home/airflow/.local/lib/python3.6/site-packages/airflow/example_dags/example_latest_only.py took 0.084 seconds
[2021-09-29 14:05:21,570] {processor.py:162} INFO - Started process (PID=1683) to work on /home/airflow/.local/lib/python3.6/site-packages/airflow/example_dags/example_latest_only.py
[2021-09-29 14:05:21,572] {processor.py:613} INFO - Processing file /home/airflow/.local/lib/python3.6/site-packages/airflow/example_dags/example_latest_only.py for tasks to queue
[2021-09-29 14:05:21,574] {logging_mixin.py:109} INFO - [2021-09-29 14:05:21,573] {dagbag.py:496} INFO - Filling up the DagBag from /home/airflow/.local/lib/python3.6/site-packages/airflow/example_dags/example_latest_only.py
[2021-09-29 14:05:21,589] {processor.py:623} INFO - DAG(s) dict_keys(['latest_only']) retrieved from /home/airflow/.local/lib/python3.6/site-packages/airflow/example_dags/example_latest_only.py
[2021-09-29 14:05:21,618] {logging_mixin.py:109} INFO - [2021-09-29 14:05:21,618] {dag.py:1834} INFO - Sync 1 DAGs
[2021-09-29 14:05:21,663] {logging_mixin.py:109} INFO - [2021-09-29 14:05:21,663] {dag.py:2287} INFO - Setting next_dagrun for latest_only to 2021-09-27 00:00:00+00:00
[2021-09-29 14:05:21,677] {processor.py:170} INFO - Processing /home/airflow/.local/lib/python3.6/site-packages/airflow/example_dags/example_latest_only.py took 0.111 seconds
[2021-09-29 14:05:52,153] {processor.py:162} INFO - Started process (PID=1921) to work on /home/airflow/.local/lib/python3.6/site-packages/airflow/example_dags/example_latest_only.py
[2021-09-29 14:05:52,155] {processor.py:613} INFO - Processing file /home/airflow/.local/lib/python3.6/site-packages/airflow/example_dags/example_latest_only.py for tasks to queue
[2021-09-29 14:05:52,157] {logging_mixin.py:109} INFO - [2021-09-29 14:05:52,157] {dagbag.py:496} INFO - Filling up the DagBag from /home/airflow/.local/lib/python3.6/site-packages/airflow/example_dags/example_latest_only.py
[2021-09-29 14:05:52,172] {processor.py:623} INFO - DAG(s) dict_keys(['latest_only']) retrieved from /home/airflow/.local/lib/python3.6/site-packages/airflow/example_dags/example_latest_only.py
[2021-09-29 14:05:52,199] {logging_mixin.py:109} INFO - [2021-09-29 14:05:52,199] {dag.py:1834} INFO - Sync 1 DAGs
[2021-09-29 14:05:52,216] {logging_mixin.py:109} INFO - [2021-09-29 14:05:52,216] {dag.py:2287} INFO - Setting next_dagrun for latest_only to 2021-09-27 00:00:00+00:00
[2021-09-29 14:05:52,231] {processor.py:170} INFO - Processing /home/airflow/.local/lib/python3.6/site-packages/airflow/example_dags/example_latest_only.py took 0.082 seconds
[2021-09-29 14:06:22,587] {processor.py:162} INFO - Started process (PID=2122) to work on /home/airflow/.local/lib/python3.6/site-packages/airflow/example_dags/example_latest_only.py
[2021-09-29 14:06:22,589] {processor.py:613} INFO - Processing file /home/airflow/.local/lib/python3.6/site-packages/airflow/example_dags/example_latest_only.py for tasks to queue
[2021-09-29 14:06:22,590] {logging_mixin.py:109} INFO - [2021-09-29 14:06:22,590] {dagbag.py:496} INFO - Filling up the DagBag from /home/airflow/.local/lib/python3.6/site-packages/airflow/example_dags/example_latest_only.py
[2021-09-29 14:06:22,604] {processor.py:623} INFO - DAG(s) dict_keys(['latest_only']) retrieved from /home/airflow/.local/lib/python3.6/site-packages/airflow/example_dags/example_latest_only.py
[2021-09-29 14:06:22,630] {logging_mixin.py:109} INFO - [2021-09-29 14:06:22,629] {dag.py:1834} INFO - Sync 1 DAGs
[2021-09-29 14:06:22,644] {logging_mixin.py:109} INFO - [2021-09-29 14:06:22,644] {dag.py:2287} INFO - Setting next_dagrun for latest_only to 2021-09-27 00:00:00+00:00
[2021-09-29 14:06:22,653] {processor.py:170} INFO - Processing /home/airflow/.local/lib/python3.6/site-packages/airflow/example_dags/example_latest_only.py took 0.070 seconds
[2021-09-29 14:06:53,111] {processor.py:162} INFO - Started process (PID=2309) to work on /home/airflow/.local/lib/python3.6/site-packages/airflow/example_dags/example_latest_only.py
[2021-09-29 14:06:53,113] {processor.py:613} INFO - Processing file /home/airflow/.local/lib/python3.6/site-packages/airflow/example_dags/example_latest_only.py for tasks to queue
[2021-09-29 14:06:53,115] {logging_mixin.py:109} INFO - [2021-09-29 14:06:53,115] {dagbag.py:496} INFO - Filling up the DagBag from /home/airflow/.local/lib/python3.6/site-packages/airflow/example_dags/example_latest_only.py
[2021-09-29 14:06:53,129] {processor.py:623} INFO - DAG(s) dict_keys(['latest_only']) retrieved from /home/airflow/.local/lib/python3.6/site-packages/airflow/example_dags/example_latest_only.py
[2021-09-29 14:06:53,155] {logging_mixin.py:109} INFO - [2021-09-29 14:06:53,155] {dag.py:1834} INFO - Sync 1 DAGs
[2021-09-29 14:06:53,171] {logging_mixin.py:109} INFO - [2021-09-29 14:06:53,170] {dag.py:2287} INFO - Setting next_dagrun for latest_only to 2021-09-27 00:00:00+00:00
[2021-09-29 14:06:53,186] {processor.py:170} INFO - Processing /home/airflow/.local/lib/python3.6/site-packages/airflow/example_dags/example_latest_only.py took 0.079 seconds
[2021-09-29 14:07:23,701] {processor.py:162} INFO - Started process (PID=2518) to work on /home/airflow/.local/lib/python3.6/site-packages/airflow/example_dags/example_latest_only.py
[2021-09-29 14:07:23,703] {processor.py:613} INFO - Processing file /home/airflow/.local/lib/python3.6/site-packages/airflow/example_dags/example_latest_only.py for tasks to queue
[2021-09-29 14:07:23,704] {logging_mixin.py:109} INFO - [2021-09-29 14:07:23,704] {dagbag.py:496} INFO - Filling up the DagBag from /home/airflow/.local/lib/python3.6/site-packages/airflow/example_dags/example_latest_only.py
[2021-09-29 14:07:23,719] {processor.py:623} INFO - DAG(s) dict_keys(['latest_only']) retrieved from /home/airflow/.local/lib/python3.6/site-packages/airflow/example_dags/example_latest_only.py
[2021-09-29 14:07:23,745] {logging_mixin.py:109} INFO - [2021-09-29 14:07:23,745] {dag.py:1834} INFO - Sync 1 DAGs
[2021-09-29 14:07:23,761] {logging_mixin.py:109} INFO - [2021-09-29 14:07:23,760] {dag.py:2287} INFO - Setting next_dagrun for latest_only to 2021-09-27 00:00:00+00:00
[2021-09-29 14:07:23,773] {processor.py:170} INFO - Processing /home/airflow/.local/lib/python3.6/site-packages/airflow/example_dags/example_latest_only.py took 0.076 seconds
[2021-09-29 14:07:54,205] {processor.py:162} INFO - Started process (PID=2717) to work on /home/airflow/.local/lib/python3.6/site-packages/airflow/example_dags/example_latest_only.py
[2021-09-29 14:07:54,207] {processor.py:613} INFO - Processing file /home/airflow/.local/lib/python3.6/site-packages/airflow/example_dags/example_latest_only.py for tasks to queue
[2021-09-29 14:07:54,209] {logging_mixin.py:109} INFO - [2021-09-29 14:07:54,209] {dagbag.py:496} INFO - Filling up the DagBag from /home/airflow/.local/lib/python3.6/site-packages/airflow/example_dags/example_latest_only.py
[2021-09-29 14:07:54,220] {processor.py:623} INFO - DAG(s) dict_keys(['latest_only']) retrieved from /home/airflow/.local/lib/python3.6/site-packages/airflow/example_dags/example_latest_only.py
[2021-09-29 14:07:54,242] {logging_mixin.py:109} INFO - [2021-09-29 14:07:54,242] {dag.py:1834} INFO - Sync 1 DAGs
[2021-09-29 14:07:54,260] {logging_mixin.py:109} INFO - [2021-09-29 14:07:54,260] {dag.py:2287} INFO - Setting next_dagrun for latest_only to 2021-09-27 00:00:00+00:00
[2021-09-29 14:07:54,270] {processor.py:170} INFO - Processing /home/airflow/.local/lib/python3.6/site-packages/airflow/example_dags/example_latest_only.py took 0.068 seconds
[2021-09-29 14:08:24,552] {processor.py:162} INFO - Started process (PID=2916) to work on /home/airflow/.local/lib/python3.6/site-packages/airflow/example_dags/example_latest_only.py
[2021-09-29 14:08:24,558] {processor.py:613} INFO - Processing file /home/airflow/.local/lib/python3.6/site-packages/airflow/example_dags/example_latest_only.py for tasks to queue
[2021-09-29 14:08:24,562] {logging_mixin.py:109} INFO - [2021-09-29 14:08:24,561] {dagbag.py:496} INFO - Filling up the DagBag from /home/airflow/.local/lib/python3.6/site-packages/airflow/example_dags/example_latest_only.py
[2021-09-29 14:08:24,604] {processor.py:623} INFO - DAG(s) dict_keys(['latest_only']) retrieved from /home/airflow/.local/lib/python3.6/site-packages/airflow/example_dags/example_latest_only.py
[2021-09-29 14:08:24,645] {logging_mixin.py:109} INFO - [2021-09-29 14:08:24,645] {dag.py:1834} INFO - Sync 1 DAGs
[2021-09-29 14:08:24,674] {logging_mixin.py:109} INFO - [2021-09-29 14:08:24,674] {dag.py:2287} INFO - Setting next_dagrun for latest_only to 2021-09-27 00:00:00+00:00
[2021-09-29 14:08:24,698] {processor.py:170} INFO - Processing /home/airflow/.local/lib/python3.6/site-packages/airflow/example_dags/example_latest_only.py took 0.157 seconds
[2021-09-29 14:08:54,756] {processor.py:162} INFO - Started process (PID=3114) to work on /home/airflow/.local/lib/python3.6/site-packages/airflow/example_dags/example_latest_only.py
[2021-09-29 14:08:54,759] {processor.py:613} INFO - Processing file /home/airflow/.local/lib/python3.6/site-packages/airflow/example_dags/example_latest_only.py for tasks to queue
[2021-09-29 14:08:54,761] {logging_mixin.py:109} INFO - [2021-09-29 14:08:54,760] {dagbag.py:496} INFO - Filling up the DagBag from /home/airflow/.local/lib/python3.6/site-packages/airflow/example_dags/example_latest_only.py
[2021-09-29 14:08:54,775] {processor.py:623} INFO - DAG(s) dict_keys(['latest_only']) retrieved from /home/airflow/.local/lib/python3.6/site-packages/airflow/example_dags/example_latest_only.py
[2021-09-29 14:08:54,801] {logging_mixin.py:109} INFO - [2021-09-29 14:08:54,801] {dag.py:1834} INFO - Sync 1 DAGs
[2021-09-29 14:08:54,818] {logging_mixin.py:109} INFO - [2021-09-29 14:08:54,818] {dag.py:2287} INFO - Setting next_dagrun for latest_only to 2021-09-27 00:00:00+00:00
[2021-09-29 14:08:54,832] {processor.py:170} INFO - Processing /home/airflow/.local/lib/python3.6/site-packages/airflow/example_dags/example_latest_only.py took 0.080 seconds
[2021-09-29 14:09:25,163] {processor.py:162} INFO - Started process (PID=3300) to work on /home/airflow/.local/lib/python3.6/site-packages/airflow/example_dags/example_latest_only.py
[2021-09-29 14:09:25,165] {processor.py:613} INFO - Processing file /home/airflow/.local/lib/python3.6/site-packages/airflow/example_dags/example_latest_only.py for tasks to queue
[2021-09-29 14:09:25,167] {logging_mixin.py:109} INFO - [2021-09-29 14:09:25,167] {dagbag.py:496} INFO - Filling up the DagBag from /home/airflow/.local/lib/python3.6/site-packages/airflow/example_dags/example_latest_only.py
[2021-09-29 14:09:25,181] {processor.py:623} INFO - DAG(s) dict_keys(['latest_only']) retrieved from /home/airflow/.local/lib/python3.6/site-packages/airflow/example_dags/example_latest_only.py
[2021-09-29 14:09:25,211] {logging_mixin.py:109} INFO - [2021-09-29 14:09:25,210] {dag.py:1834} INFO - Sync 1 DAGs
[2021-09-29 14:09:25,228] {logging_mixin.py:109} INFO - [2021-09-29 14:09:25,228] {dag.py:2287} INFO - Setting next_dagrun for latest_only to 2021-09-27 00:00:00+00:00
[2021-09-29 14:09:25,243] {processor.py:170} INFO - Processing /home/airflow/.local/lib/python3.6/site-packages/airflow/example_dags/example_latest_only.py took 0.083 seconds
[2021-09-29 14:09:55,512] {processor.py:162} INFO - Started process (PID=3503) to work on /home/airflow/.local/lib/python3.6/site-packages/airflow/example_dags/example_latest_only.py
[2021-09-29 14:09:55,515] {processor.py:613} INFO - Processing file /home/airflow/.local/lib/python3.6/site-packages/airflow/example_dags/example_latest_only.py for tasks to queue
[2021-09-29 14:09:55,516] {logging_mixin.py:109} INFO - [2021-09-29 14:09:55,516] {dagbag.py:496} INFO - Filling up the DagBag from /home/airflow/.local/lib/python3.6/site-packages/airflow/example_dags/example_latest_only.py
[2021-09-29 14:09:55,529] {processor.py:623} INFO - DAG(s) dict_keys(['latest_only']) retrieved from /home/airflow/.local/lib/python3.6/site-packages/airflow/example_dags/example_latest_only.py
[2021-09-29 14:09:55,555] {logging_mixin.py:109} INFO - [2021-09-29 14:09:55,555] {dag.py:1834} INFO - Sync 1 DAGs
[2021-09-29 14:09:55,571] {logging_mixin.py:109} INFO - [2021-09-29 14:09:55,571] {dag.py:2287} INFO - Setting next_dagrun for latest_only to 2021-09-27 00:00:00+00:00
[2021-09-29 14:09:55,584] {processor.py:170} INFO - Processing /home/airflow/.local/lib/python3.6/site-packages/airflow/example_dags/example_latest_only.py took 0.075 seconds
[2021-09-29 14:10:25,686] {processor.py:162} INFO - Started process (PID=3703) to work on /home/airflow/.local/lib/python3.6/site-packages/airflow/example_dags/example_latest_only.py
[2021-09-29 14:10:25,689] {processor.py:613} INFO - Processing file /home/airflow/.local/lib/python3.6/site-packages/airflow/example_dags/example_latest_only.py for tasks to queue
[2021-09-29 14:10:25,691] {logging_mixin.py:109} INFO - [2021-09-29 14:10:25,691] {dagbag.py:496} INFO - Filling up the DagBag from /home/airflow/.local/lib/python3.6/site-packages/airflow/example_dags/example_latest_only.py
[2021-09-29 14:10:25,706] {processor.py:623} INFO - DAG(s) dict_keys(['latest_only']) retrieved from /home/airflow/.local/lib/python3.6/site-packages/airflow/example_dags/example_latest_only.py
[2021-09-29 14:10:25,734] {logging_mixin.py:109} INFO - [2021-09-29 14:10:25,733] {dag.py:1834} INFO - Sync 1 DAGs
[2021-09-29 14:10:25,752] {logging_mixin.py:109} INFO - [2021-09-29 14:10:25,752] {dag.py:2287} INFO - Setting next_dagrun for latest_only to 2021-09-27 00:00:00+00:00
[2021-09-29 14:10:25,767] {processor.py:170} INFO - Processing /home/airflow/.local/lib/python3.6/site-packages/airflow/example_dags/example_latest_only.py took 0.088 seconds
[2021-09-29 14:10:55,920] {processor.py:162} INFO - Started process (PID=3890) to work on /home/airflow/.local/lib/python3.6/site-packages/airflow/example_dags/example_latest_only.py
[2021-09-29 14:10:55,922] {processor.py:613} INFO - Processing file /home/airflow/.local/lib/python3.6/site-packages/airflow/example_dags/example_latest_only.py for tasks to queue
[2021-09-29 14:10:55,923] {logging_mixin.py:109} INFO - [2021-09-29 14:10:55,923] {dagbag.py:496} INFO - Filling up the DagBag from /home/airflow/.local/lib/python3.6/site-packages/airflow/example_dags/example_latest_only.py
[2021-09-29 14:10:55,945] {processor.py:623} INFO - DAG(s) dict_keys(['latest_only']) retrieved from /home/airflow/.local/lib/python3.6/site-packages/airflow/example_dags/example_latest_only.py
[2021-09-29 14:10:55,981] {logging_mixin.py:109} INFO - [2021-09-29 14:10:55,981] {dag.py:1834} INFO - Sync 1 DAGs
[2021-09-29 14:10:55,999] {logging_mixin.py:109} INFO - [2021-09-29 14:10:55,999] {dag.py:2287} INFO - Setting next_dagrun for latest_only to 2021-09-27 00:00:00+00:00
[2021-09-29 14:10:56,012] {processor.py:170} INFO - Processing /home/airflow/.local/lib/python3.6/site-packages/airflow/example_dags/example_latest_only.py took 0.095 seconds
[2021-09-29 14:11:26,407] {processor.py:162} INFO - Started process (PID=4085) to work on /home/airflow/.local/lib/python3.6/site-packages/airflow/example_dags/example_latest_only.py
[2021-09-29 14:11:26,409] {processor.py:613} INFO - Processing file /home/airflow/.local/lib/python3.6/site-packages/airflow/example_dags/example_latest_only.py for tasks to queue
[2021-09-29 14:11:26,411] {logging_mixin.py:109} INFO - [2021-09-29 14:11:26,410] {dagbag.py:496} INFO - Filling up the DagBag from /home/airflow/.local/lib/python3.6/site-packages/airflow/example_dags/example_latest_only.py
[2021-09-29 14:11:26,426] {processor.py:623} INFO - DAG(s) dict_keys(['latest_only']) retrieved from /home/airflow/.local/lib/python3.6/site-packages/airflow/example_dags/example_latest_only.py
[2021-09-29 14:11:26,455] {logging_mixin.py:109} INFO - [2021-09-29 14:11:26,454] {dag.py:1834} INFO - Sync 1 DAGs
[2021-09-29 14:11:26,472] {logging_mixin.py:109} INFO - [2021-09-29 14:11:26,472] {dag.py:2287} INFO - Setting next_dagrun for latest_only to 2021-09-27 00:00:00+00:00
[2021-09-29 14:11:26,485] {processor.py:170} INFO - Processing /home/airflow/.local/lib/python3.6/site-packages/airflow/example_dags/example_latest_only.py took 0.083 seconds
[2021-09-29 14:11:57,211] {processor.py:162} INFO - Started process (PID=4282) to work on /home/airflow/.local/lib/python3.6/site-packages/airflow/example_dags/example_latest_only.py
[2021-09-29 14:11:57,213] {processor.py:613} INFO - Processing file /home/airflow/.local/lib/python3.6/site-packages/airflow/example_dags/example_latest_only.py for tasks to queue
[2021-09-29 14:11:57,214] {logging_mixin.py:109} INFO - [2021-09-29 14:11:57,214] {dagbag.py:496} INFO - Filling up the DagBag from /home/airflow/.local/lib/python3.6/site-packages/airflow/example_dags/example_latest_only.py
[2021-09-29 14:11:57,229] {processor.py:623} INFO - DAG(s) dict_keys(['latest_only']) retrieved from /home/airflow/.local/lib/python3.6/site-packages/airflow/example_dags/example_latest_only.py
[2021-09-29 14:11:57,255] {logging_mixin.py:109} INFO - [2021-09-29 14:11:57,255] {dag.py:1834} INFO - Sync 1 DAGs
[2021-09-29 14:11:57,272] {logging_mixin.py:109} INFO - [2021-09-29 14:11:57,272] {dag.py:2287} INFO - Setting next_dagrun for latest_only to 2021-09-27 00:00:00+00:00
[2021-09-29 14:11:57,283] {processor.py:170} INFO - Processing /home/airflow/.local/lib/python3.6/site-packages/airflow/example_dags/example_latest_only.py took 0.076 seconds
[2021-09-29 14:12:27,676] {processor.py:162} INFO - Started process (PID=4484) to work on /home/airflow/.local/lib/python3.6/site-packages/airflow/example_dags/example_latest_only.py
[2021-09-29 14:12:27,678] {processor.py:613} INFO - Processing file /home/airflow/.local/lib/python3.6/site-packages/airflow/example_dags/example_latest_only.py for tasks to queue
[2021-09-29 14:12:27,680] {logging_mixin.py:109} INFO - [2021-09-29 14:12:27,680] {dagbag.py:496} INFO - Filling up the DagBag from /home/airflow/.local/lib/python3.6/site-packages/airflow/example_dags/example_latest_only.py
[2021-09-29 14:12:27,695] {processor.py:623} INFO - DAG(s) dict_keys(['latest_only']) retrieved from /home/airflow/.local/lib/python3.6/site-packages/airflow/example_dags/example_latest_only.py
[2021-09-29 14:12:27,723] {logging_mixin.py:109} INFO - [2021-09-29 14:12:27,722] {dag.py:1834} INFO - Sync 1 DAGs
[2021-09-29 14:12:27,739] {logging_mixin.py:109} INFO - [2021-09-29 14:12:27,739] {dag.py:2287} INFO - Setting next_dagrun for latest_only to 2021-09-27 00:00:00+00:00
[2021-09-29 14:12:27,751] {processor.py:170} INFO - Processing /home/airflow/.local/lib/python3.6/site-packages/airflow/example_dags/example_latest_only.py took 0.078 seconds
[2021-09-29 14:12:58,318] {processor.py:162} INFO - Started process (PID=4692) to work on /home/airflow/.local/lib/python3.6/site-packages/airflow/example_dags/example_latest_only.py
[2021-09-29 14:12:58,320] {processor.py:613} INFO - Processing file /home/airflow/.local/lib/python3.6/site-packages/airflow/example_dags/example_latest_only.py for tasks to queue
[2021-09-29 14:12:58,321] {logging_mixin.py:109} INFO - [2021-09-29 14:12:58,321] {dagbag.py:496} INFO - Filling up the DagBag from /home/airflow/.local/lib/python3.6/site-packages/airflow/example_dags/example_latest_only.py
[2021-09-29 14:12:58,336] {processor.py:623} INFO - DAG(s) dict_keys(['latest_only']) retrieved from /home/airflow/.local/lib/python3.6/site-packages/airflow/example_dags/example_latest_only.py
[2021-09-29 14:12:58,363] {logging_mixin.py:109} INFO - [2021-09-29 14:12:58,363] {dag.py:1834} INFO - Sync 1 DAGs
[2021-09-29 14:12:58,384] {logging_mixin.py:109} INFO - [2021-09-29 14:12:58,384] {dag.py:2287} INFO - Setting next_dagrun for latest_only to 2021-09-27 00:00:00+00:00
[2021-09-29 14:12:58,400] {processor.py:170} INFO - Processing /home/airflow/.local/lib/python3.6/site-packages/airflow/example_dags/example_latest_only.py took 0.087 seconds
[2021-09-29 14:13:28,551] {processor.py:162} INFO - Started process (PID=4883) to work on /home/airflow/.local/lib/python3.6/site-packages/airflow/example_dags/example_latest_only.py
[2021-09-29 14:13:28,553] {processor.py:613} INFO - Processing file /home/airflow/.local/lib/python3.6/site-packages/airflow/example_dags/example_latest_only.py for tasks to queue
[2021-09-29 14:13:28,555] {logging_mixin.py:109} INFO - [2021-09-29 14:13:28,555] {dagbag.py:496} INFO - Filling up the DagBag from /home/airflow/.local/lib/python3.6/site-packages/airflow/example_dags/example_latest_only.py
[2021-09-29 14:13:28,570] {processor.py:623} INFO - DAG(s) dict_keys(['latest_only']) retrieved from /home/airflow/.local/lib/python3.6/site-packages/airflow/example_dags/example_latest_only.py
[2021-09-29 14:13:28,598] {logging_mixin.py:109} INFO - [2021-09-29 14:13:28,598] {dag.py:1834} INFO - Sync 1 DAGs
[2021-09-29 14:13:28,616] {logging_mixin.py:109} INFO - [2021-09-29 14:13:28,616] {dag.py:2287} INFO - Setting next_dagrun for latest_only to 2021-09-27 00:00:00+00:00
[2021-09-29 14:13:28,628] {processor.py:170} INFO - Processing /home/airflow/.local/lib/python3.6/site-packages/airflow/example_dags/example_latest_only.py took 0.081 seconds
[2021-09-29 14:13:59,161] {processor.py:162} INFO - Started process (PID=5101) to work on /home/airflow/.local/lib/python3.6/site-packages/airflow/example_dags/example_latest_only.py
[2021-09-29 14:13:59,163] {processor.py:613} INFO - Processing file /home/airflow/.local/lib/python3.6/site-packages/airflow/example_dags/example_latest_only.py for tasks to queue
[2021-09-29 14:13:59,165] {logging_mixin.py:109} INFO - [2021-09-29 14:13:59,164] {dagbag.py:496} INFO - Filling up the DagBag from /home/airflow/.local/lib/python3.6/site-packages/airflow/example_dags/example_latest_only.py
[2021-09-29 14:13:59,184] {processor.py:623} INFO - DAG(s) dict_keys(['latest_only']) retrieved from /home/airflow/.local/lib/python3.6/site-packages/airflow/example_dags/example_latest_only.py
[2021-09-29 14:13:59,212] {logging_mixin.py:109} INFO - [2021-09-29 14:13:59,212] {dag.py:1834} INFO - Sync 1 DAGs
[2021-09-29 14:13:59,232] {logging_mixin.py:109} INFO - [2021-09-29 14:13:59,232] {dag.py:2287} INFO - Setting next_dagrun for latest_only to 2021-09-27 00:00:00+00:00
[2021-09-29 14:13:59,247] {processor.py:170} INFO - Processing /home/airflow/.local/lib/python3.6/site-packages/airflow/example_dags/example_latest_only.py took 0.091 seconds
[2021-09-29 14:14:29,521] {processor.py:162} INFO - Started process (PID=5307) to work on /home/airflow/.local/lib/python3.6/site-packages/airflow/example_dags/example_latest_only.py
[2021-09-29 14:14:29,523] {processor.py:613} INFO - Processing file /home/airflow/.local/lib/python3.6/site-packages/airflow/example_dags/example_latest_only.py for tasks to queue
[2021-09-29 14:14:29,524] {logging_mixin.py:109} INFO - [2021-09-29 14:14:29,524] {dagbag.py:496} INFO - Filling up the DagBag from /home/airflow/.local/lib/python3.6/site-packages/airflow/example_dags/example_latest_only.py
[2021-09-29 14:14:29,535] {processor.py:623} INFO - DAG(s) dict_keys(['latest_only']) retrieved from /home/airflow/.local/lib/python3.6/site-packages/airflow/example_dags/example_latest_only.py
[2021-09-29 14:14:29,557] {logging_mixin.py:109} INFO - [2021-09-29 14:14:29,557] {dag.py:1834} INFO - Sync 1 DAGs
[2021-09-29 14:14:29,571] {logging_mixin.py:109} INFO - [2021-09-29 14:14:29,571] {dag.py:2287} INFO - Setting next_dagrun for latest_only to 2021-09-27 00:00:00+00:00
[2021-09-29 14:14:29,582] {processor.py:170} INFO - Processing /home/airflow/.local/lib/python3.6/site-packages/airflow/example_dags/example_latest_only.py took 0.064 seconds
[2021-09-29 14:14:59,836] {processor.py:162} INFO - Started process (PID=5501) to work on /home/airflow/.local/lib/python3.6/site-packages/airflow/example_dags/example_latest_only.py
[2021-09-29 14:14:59,839] {processor.py:613} INFO - Processing file /home/airflow/.local/lib/python3.6/site-packages/airflow/example_dags/example_latest_only.py for tasks to queue
[2021-09-29 14:14:59,841] {logging_mixin.py:109} INFO - [2021-09-29 14:14:59,841] {dagbag.py:496} INFO - Filling up the DagBag from /home/airflow/.local/lib/python3.6/site-packages/airflow/example_dags/example_latest_only.py
[2021-09-29 14:14:59,855] {processor.py:623} INFO - DAG(s) dict_keys(['latest_only']) retrieved from /home/airflow/.local/lib/python3.6/site-packages/airflow/example_dags/example_latest_only.py
[2021-09-29 14:14:59,884] {logging_mixin.py:109} INFO - [2021-09-29 14:14:59,884] {dag.py:1834} INFO - Sync 1 DAGs
[2021-09-29 14:14:59,902] {logging_mixin.py:109} INFO - [2021-09-29 14:14:59,902] {dag.py:2287} INFO - Setting next_dagrun for latest_only to 2021-09-27 00:00:00+00:00
[2021-09-29 14:14:59,916] {processor.py:170} INFO - Processing /home/airflow/.local/lib/python3.6/site-packages/airflow/example_dags/example_latest_only.py took 0.084 seconds
[2021-09-29 14:15:30,273] {processor.py:162} INFO - Started process (PID=5719) to work on /home/airflow/.local/lib/python3.6/site-packages/airflow/example_dags/example_latest_only.py
[2021-09-29 14:15:30,275] {processor.py:613} INFO - Processing file /home/airflow/.local/lib/python3.6/site-packages/airflow/example_dags/example_latest_only.py for tasks to queue
[2021-09-29 14:15:30,277] {logging_mixin.py:109} INFO - [2021-09-29 14:15:30,277] {dagbag.py:496} INFO - Filling up the DagBag from /home/airflow/.local/lib/python3.6/site-packages/airflow/example_dags/example_latest_only.py
[2021-09-29 14:15:30,291] {processor.py:623} INFO - DAG(s) dict_keys(['latest_only']) retrieved from /home/airflow/.local/lib/python3.6/site-packages/airflow/example_dags/example_latest_only.py
[2021-09-29 14:15:30,318] {logging_mixin.py:109} INFO - [2021-09-29 14:15:30,317] {dag.py:1834} INFO - Sync 1 DAGs
[2021-09-29 14:15:30,337] {logging_mixin.py:109} INFO - [2021-09-29 14:15:30,337] {dag.py:2287} INFO - Setting next_dagrun for latest_only to 2021-09-27 00:00:00+00:00
[2021-09-29 14:15:30,351] {processor.py:170} INFO - Processing /home/airflow/.local/lib/python3.6/site-packages/airflow/example_dags/example_latest_only.py took 0.081 seconds
[2021-09-29 14:16:00,784] {processor.py:162} INFO - Started process (PID=5909) to work on /home/airflow/.local/lib/python3.6/site-packages/airflow/example_dags/example_latest_only.py
[2021-09-29 14:16:00,786] {processor.py:613} INFO - Processing file /home/airflow/.local/lib/python3.6/site-packages/airflow/example_dags/example_latest_only.py for tasks to queue
[2021-09-29 14:16:00,788] {logging_mixin.py:109} INFO - [2021-09-29 14:16:00,788] {dagbag.py:496} INFO - Filling up the DagBag from /home/airflow/.local/lib/python3.6/site-packages/airflow/example_dags/example_latest_only.py
[2021-09-29 14:16:00,804] {processor.py:623} INFO - DAG(s) dict_keys(['latest_only']) retrieved from /home/airflow/.local/lib/python3.6/site-packages/airflow/example_dags/example_latest_only.py
[2021-09-29 14:16:00,831] {logging_mixin.py:109} INFO - [2021-09-29 14:16:00,831] {dag.py:1834} INFO - Sync 1 DAGs
[2021-09-29 14:16:00,848] {logging_mixin.py:109} INFO - [2021-09-29 14:16:00,848] {dag.py:2287} INFO - Setting next_dagrun for latest_only to 2021-09-27 00:00:00+00:00
[2021-09-29 14:16:00,861] {processor.py:170} INFO - Processing /home/airflow/.local/lib/python3.6/site-packages/airflow/example_dags/example_latest_only.py took 0.082 seconds
[2021-09-29 14:16:31,795] {processor.py:162} INFO - Started process (PID=6113) to work on /home/airflow/.local/lib/python3.6/site-packages/airflow/example_dags/example_latest_only.py
[2021-09-29 14:16:31,798] {processor.py:613} INFO - Processing file /home/airflow/.local/lib/python3.6/site-packages/airflow/example_dags/example_latest_only.py for tasks to queue
[2021-09-29 14:16:31,799] {logging_mixin.py:109} INFO - [2021-09-29 14:16:31,799] {dagbag.py:496} INFO - Filling up the DagBag from /home/airflow/.local/lib/python3.6/site-packages/airflow/example_dags/example_latest_only.py
[2021-09-29 14:16:31,814] {processor.py:623} INFO - DAG(s) dict_keys(['latest_only']) retrieved from /home/airflow/.local/lib/python3.6/site-packages/airflow/example_dags/example_latest_only.py
[2021-09-29 14:16:31,841] {logging_mixin.py:109} INFO - [2021-09-29 14:16:31,841] {dag.py:1834} INFO - Sync 1 DAGs
[2021-09-29 14:16:31,858] {logging_mixin.py:109} INFO - [2021-09-29 14:16:31,858] {dag.py:2287} INFO - Setting next_dagrun for latest_only to 2021-09-27 00:00:00+00:00
[2021-09-29 14:16:31,871] {processor.py:170} INFO - Processing /home/airflow/.local/lib/python3.6/site-packages/airflow/example_dags/example_latest_only.py took 0.080 seconds
[2021-09-29 14:17:02,273] {processor.py:162} INFO - Started process (PID=6317) to work on /home/airflow/.local/lib/python3.6/site-packages/airflow/example_dags/example_latest_only.py
[2021-09-29 14:17:02,275] {processor.py:613} INFO - Processing file /home/airflow/.local/lib/python3.6/site-packages/airflow/example_dags/example_latest_only.py for tasks to queue
[2021-09-29 14:17:02,276] {logging_mixin.py:109} INFO - [2021-09-29 14:17:02,276] {dagbag.py:496} INFO - Filling up the DagBag from /home/airflow/.local/lib/python3.6/site-packages/airflow/example_dags/example_latest_only.py
[2021-09-29 14:17:02,287] {processor.py:623} INFO - DAG(s) dict_keys(['latest_only']) retrieved from /home/airflow/.local/lib/python3.6/site-packages/airflow/example_dags/example_latest_only.py
[2021-09-29 14:17:02,307] {logging_mixin.py:109} INFO - [2021-09-29 14:17:02,307] {dag.py:1834} INFO - Sync 1 DAGs
[2021-09-29 14:17:02,320] {logging_mixin.py:109} INFO - [2021-09-29 14:17:02,320] {dag.py:2287} INFO - Setting next_dagrun for latest_only to 2021-09-27 00:00:00+00:00
[2021-09-29 14:17:02,330] {processor.py:170} INFO - Processing /home/airflow/.local/lib/python3.6/site-packages/airflow/example_dags/example_latest_only.py took 0.061 seconds
[2021-09-29 14:17:32,676] {processor.py:162} INFO - Started process (PID=6508) to work on /home/airflow/.local/lib/python3.6/site-packages/airflow/example_dags/example_latest_only.py
[2021-09-29 14:17:32,679] {processor.py:613} INFO - Processing file /home/airflow/.local/lib/python3.6/site-packages/airflow/example_dags/example_latest_only.py for tasks to queue
[2021-09-29 14:17:32,680] {logging_mixin.py:109} INFO - [2021-09-29 14:17:32,680] {dagbag.py:496} INFO - Filling up the DagBag from /home/airflow/.local/lib/python3.6/site-packages/airflow/example_dags/example_latest_only.py
[2021-09-29 14:17:32,692] {processor.py:623} INFO - DAG(s) dict_keys(['latest_only']) retrieved from /home/airflow/.local/lib/python3.6/site-packages/airflow/example_dags/example_latest_only.py
[2021-09-29 14:17:32,714] {logging_mixin.py:109} INFO - [2021-09-29 14:17:32,714] {dag.py:1834} INFO - Sync 1 DAGs
[2021-09-29 14:17:32,728] {logging_mixin.py:109} INFO - [2021-09-29 14:17:32,728] {dag.py:2287} INFO - Setting next_dagrun for latest_only to 2021-09-27 00:00:00+00:00
[2021-09-29 14:17:32,739] {processor.py:170} INFO - Processing /home/airflow/.local/lib/python3.6/site-packages/airflow/example_dags/example_latest_only.py took 0.066 seconds
[2021-09-29 14:18:02,821] {processor.py:162} INFO - Started process (PID=6730) to work on /home/airflow/.local/lib/python3.6/site-packages/airflow/example_dags/example_latest_only.py
[2021-09-29 14:18:02,823] {processor.py:613} INFO - Processing file /home/airflow/.local/lib/python3.6/site-packages/airflow/example_dags/example_latest_only.py for tasks to queue
[2021-09-29 14:18:02,825] {logging_mixin.py:109} INFO - [2021-09-29 14:18:02,825] {dagbag.py:496} INFO - Filling up the DagBag from /home/airflow/.local/lib/python3.6/site-packages/airflow/example_dags/example_latest_only.py
[2021-09-29 14:18:02,841] {processor.py:623} INFO - DAG(s) dict_keys(['latest_only']) retrieved from /home/airflow/.local/lib/python3.6/site-packages/airflow/example_dags/example_latest_only.py
[2021-09-29 14:18:02,872] {logging_mixin.py:109} INFO - [2021-09-29 14:18:02,871] {dag.py:1834} INFO - Sync 1 DAGs
[2021-09-29 14:18:02,890] {logging_mixin.py:109} INFO - [2021-09-29 14:18:02,889] {dag.py:2287} INFO - Setting next_dagrun for latest_only to 2021-09-27 00:00:00+00:00
[2021-09-29 14:18:02,903] {processor.py:170} INFO - Processing /home/airflow/.local/lib/python3.6/site-packages/airflow/example_dags/example_latest_only.py took 0.086 seconds
[2021-09-29 14:18:33,112] {processor.py:162} INFO - Started process (PID=6928) to work on /home/airflow/.local/lib/python3.6/site-packages/airflow/example_dags/example_latest_only.py
[2021-09-29 14:18:33,114] {processor.py:613} INFO - Processing file /home/airflow/.local/lib/python3.6/site-packages/airflow/example_dags/example_latest_only.py for tasks to queue
[2021-09-29 14:18:33,116] {logging_mixin.py:109} INFO - [2021-09-29 14:18:33,116] {dagbag.py:496} INFO - Filling up the DagBag from /home/airflow/.local/lib/python3.6/site-packages/airflow/example_dags/example_latest_only.py
[2021-09-29 14:18:33,132] {processor.py:623} INFO - DAG(s) dict_keys(['latest_only']) retrieved from /home/airflow/.local/lib/python3.6/site-packages/airflow/example_dags/example_latest_only.py
[2021-09-29 14:18:33,161] {logging_mixin.py:109} INFO - [2021-09-29 14:18:33,161] {dag.py:1834} INFO - Sync 1 DAGs
[2021-09-29 14:18:33,180] {logging_mixin.py:109} INFO - [2021-09-29 14:18:33,180] {dag.py:2287} INFO - Setting next_dagrun for latest_only to 2021-09-27 00:00:00+00:00
[2021-09-29 14:18:33,196] {processor.py:170} INFO - Processing /home/airflow/.local/lib/python3.6/site-packages/airflow/example_dags/example_latest_only.py took 0.088 seconds
[2021-09-29 14:19:03,325] {processor.py:162} INFO - Started process (PID=7132) to work on /home/airflow/.local/lib/python3.6/site-packages/airflow/example_dags/example_latest_only.py
[2021-09-29 14:19:03,328] {processor.py:613} INFO - Processing file /home/airflow/.local/lib/python3.6/site-packages/airflow/example_dags/example_latest_only.py for tasks to queue
[2021-09-29 14:19:03,329] {logging_mixin.py:109} INFO - [2021-09-29 14:19:03,329] {dagbag.py:496} INFO - Filling up the DagBag from /home/airflow/.local/lib/python3.6/site-packages/airflow/example_dags/example_latest_only.py
[2021-09-29 14:19:03,343] {processor.py:623} INFO - DAG(s) dict_keys(['latest_only']) retrieved from /home/airflow/.local/lib/python3.6/site-packages/airflow/example_dags/example_latest_only.py
[2021-09-29 14:19:03,368] {logging_mixin.py:109} INFO - [2021-09-29 14:19:03,368] {dag.py:1834} INFO - Sync 1 DAGs
[2021-09-29 14:19:03,384] {logging_mixin.py:109} INFO - [2021-09-29 14:19:03,384] {dag.py:2287} INFO - Setting next_dagrun for latest_only to 2021-09-27 00:00:00+00:00
[2021-09-29 14:19:03,395] {processor.py:170} INFO - Processing /home/airflow/.local/lib/python3.6/site-packages/airflow/example_dags/example_latest_only.py took 0.074 seconds
