[2021-09-29 14:01:51,063] {processor.py:162} INFO - Started process (PID=247) to work on /home/airflow/.local/lib/python3.6/site-packages/airflow/example_dags/example_skip_dag.py
[2021-09-29 14:01:51,066] {processor.py:613} INFO - Processing file /home/airflow/.local/lib/python3.6/site-packages/airflow/example_dags/example_skip_dag.py for tasks to queue
[2021-09-29 14:01:51,069] {logging_mixin.py:109} INFO - [2021-09-29 14:01:51,068] {dagbag.py:496} INFO - Filling up the DagBag from /home/airflow/.local/lib/python3.6/site-packages/airflow/example_dags/example_skip_dag.py
[2021-09-29 14:01:51,094] {processor.py:623} INFO - DAG(s) dict_keys(['example_skip_dag']) retrieved from /home/airflow/.local/lib/python3.6/site-packages/airflow/example_dags/example_skip_dag.py
[2021-09-29 14:01:51,340] {logging_mixin.py:109} INFO - [2021-09-29 14:01:51,340] {dag.py:1834} INFO - Sync 1 DAGs
[2021-09-29 14:01:51,360] {logging_mixin.py:109} INFO - [2021-09-29 14:01:51,360] {dag.py:2287} INFO - Setting next_dagrun for example_skip_dag to 2021-09-27 00:00:00+00:00
[2021-09-29 14:01:51,380] {processor.py:170} INFO - Processing /home/airflow/.local/lib/python3.6/site-packages/airflow/example_dags/example_skip_dag.py took 0.332 seconds
[2021-09-29 14:02:21,687] {processor.py:162} INFO - Started process (PID=435) to work on /home/airflow/.local/lib/python3.6/site-packages/airflow/example_dags/example_skip_dag.py
[2021-09-29 14:02:21,690] {processor.py:613} INFO - Processing file /home/airflow/.local/lib/python3.6/site-packages/airflow/example_dags/example_skip_dag.py for tasks to queue
[2021-09-29 14:02:21,692] {logging_mixin.py:109} INFO - [2021-09-29 14:02:21,691] {dagbag.py:496} INFO - Filling up the DagBag from /home/airflow/.local/lib/python3.6/site-packages/airflow/example_dags/example_skip_dag.py
[2021-09-29 14:02:21,707] {processor.py:623} INFO - DAG(s) dict_keys(['example_skip_dag']) retrieved from /home/airflow/.local/lib/python3.6/site-packages/airflow/example_dags/example_skip_dag.py
[2021-09-29 14:02:21,737] {logging_mixin.py:109} INFO - [2021-09-29 14:02:21,737] {dag.py:1834} INFO - Sync 1 DAGs
[2021-09-29 14:02:21,756] {logging_mixin.py:109} INFO - [2021-09-29 14:02:21,755] {dag.py:2287} INFO - Setting next_dagrun for example_skip_dag to 2021-09-27 00:00:00+00:00
[2021-09-29 14:02:21,769] {processor.py:170} INFO - Processing /home/airflow/.local/lib/python3.6/site-packages/airflow/example_dags/example_skip_dag.py took 0.086 seconds
[2021-09-29 14:02:51,960] {processor.py:162} INFO - Started process (PID=621) to work on /home/airflow/.local/lib/python3.6/site-packages/airflow/example_dags/example_skip_dag.py
[2021-09-29 14:02:51,963] {processor.py:613} INFO - Processing file /home/airflow/.local/lib/python3.6/site-packages/airflow/example_dags/example_skip_dag.py for tasks to queue
[2021-09-29 14:02:51,967] {logging_mixin.py:109} INFO - [2021-09-29 14:02:51,967] {dagbag.py:496} INFO - Filling up the DagBag from /home/airflow/.local/lib/python3.6/site-packages/airflow/example_dags/example_skip_dag.py
[2021-09-29 14:02:51,982] {processor.py:623} INFO - DAG(s) dict_keys(['example_skip_dag']) retrieved from /home/airflow/.local/lib/python3.6/site-packages/airflow/example_dags/example_skip_dag.py
[2021-09-29 14:02:52,013] {logging_mixin.py:109} INFO - [2021-09-29 14:02:52,012] {dag.py:1834} INFO - Sync 1 DAGs
[2021-09-29 14:02:52,027] {logging_mixin.py:109} INFO - [2021-09-29 14:02:52,027] {dag.py:2287} INFO - Setting next_dagrun for example_skip_dag to 2021-09-27 00:00:00+00:00
[2021-09-29 14:02:52,037] {processor.py:170} INFO - Processing /home/airflow/.local/lib/python3.6/site-packages/airflow/example_dags/example_skip_dag.py took 0.082 seconds
[2021-09-29 14:03:22,418] {processor.py:162} INFO - Started process (PID=839) to work on /home/airflow/.local/lib/python3.6/site-packages/airflow/example_dags/example_skip_dag.py
[2021-09-29 14:03:22,420] {processor.py:613} INFO - Processing file /home/airflow/.local/lib/python3.6/site-packages/airflow/example_dags/example_skip_dag.py for tasks to queue
[2021-09-29 14:03:22,422] {logging_mixin.py:109} INFO - [2021-09-29 14:03:22,422] {dagbag.py:496} INFO - Filling up the DagBag from /home/airflow/.local/lib/python3.6/site-packages/airflow/example_dags/example_skip_dag.py
[2021-09-29 14:03:22,437] {processor.py:623} INFO - DAG(s) dict_keys(['example_skip_dag']) retrieved from /home/airflow/.local/lib/python3.6/site-packages/airflow/example_dags/example_skip_dag.py
[2021-09-29 14:03:22,466] {logging_mixin.py:109} INFO - [2021-09-29 14:03:22,466] {dag.py:1834} INFO - Sync 1 DAGs
[2021-09-29 14:03:22,484] {logging_mixin.py:109} INFO - [2021-09-29 14:03:22,483] {dag.py:2287} INFO - Setting next_dagrun for example_skip_dag to 2021-09-27 00:00:00+00:00
[2021-09-29 14:03:22,509] {processor.py:170} INFO - Processing /home/airflow/.local/lib/python3.6/site-packages/airflow/example_dags/example_skip_dag.py took 0.095 seconds
[2021-09-29 14:03:53,054] {processor.py:162} INFO - Started process (PID=1077) to work on /home/airflow/.local/lib/python3.6/site-packages/airflow/example_dags/example_skip_dag.py
[2021-09-29 14:03:53,056] {processor.py:613} INFO - Processing file /home/airflow/.local/lib/python3.6/site-packages/airflow/example_dags/example_skip_dag.py for tasks to queue
[2021-09-29 14:03:53,058] {logging_mixin.py:109} INFO - [2021-09-29 14:03:53,058] {dagbag.py:496} INFO - Filling up the DagBag from /home/airflow/.local/lib/python3.6/site-packages/airflow/example_dags/example_skip_dag.py
[2021-09-29 14:03:53,073] {processor.py:623} INFO - DAG(s) dict_keys(['example_skip_dag']) retrieved from /home/airflow/.local/lib/python3.6/site-packages/airflow/example_dags/example_skip_dag.py
[2021-09-29 14:03:53,103] {logging_mixin.py:109} INFO - [2021-09-29 14:03:53,103] {dag.py:1834} INFO - Sync 1 DAGs
[2021-09-29 14:03:53,122] {logging_mixin.py:109} INFO - [2021-09-29 14:03:53,122] {dag.py:2287} INFO - Setting next_dagrun for example_skip_dag to 2021-09-27 00:00:00+00:00
[2021-09-29 14:03:53,135] {processor.py:170} INFO - Processing /home/airflow/.local/lib/python3.6/site-packages/airflow/example_dags/example_skip_dag.py took 0.085 seconds
[2021-09-29 14:04:23,971] {processor.py:162} INFO - Started process (PID=1307) to work on /home/airflow/.local/lib/python3.6/site-packages/airflow/example_dags/example_skip_dag.py
[2021-09-29 14:04:23,974] {processor.py:613} INFO - Processing file /home/airflow/.local/lib/python3.6/site-packages/airflow/example_dags/example_skip_dag.py for tasks to queue
[2021-09-29 14:04:23,975] {logging_mixin.py:109} INFO - [2021-09-29 14:04:23,975] {dagbag.py:496} INFO - Filling up the DagBag from /home/airflow/.local/lib/python3.6/site-packages/airflow/example_dags/example_skip_dag.py
[2021-09-29 14:04:23,987] {processor.py:623} INFO - DAG(s) dict_keys(['example_skip_dag']) retrieved from /home/airflow/.local/lib/python3.6/site-packages/airflow/example_dags/example_skip_dag.py
[2021-09-29 14:04:24,014] {logging_mixin.py:109} INFO - [2021-09-29 14:04:24,013] {dag.py:1834} INFO - Sync 1 DAGs
[2021-09-29 14:04:24,030] {logging_mixin.py:109} INFO - [2021-09-29 14:04:24,030] {dag.py:2287} INFO - Setting next_dagrun for example_skip_dag to 2021-09-27 00:00:00+00:00
[2021-09-29 14:04:24,041] {processor.py:170} INFO - Processing /home/airflow/.local/lib/python3.6/site-packages/airflow/example_dags/example_skip_dag.py took 0.073 seconds
[2021-09-29 14:04:54,188] {processor.py:162} INFO - Started process (PID=1503) to work on /home/airflow/.local/lib/python3.6/site-packages/airflow/example_dags/example_skip_dag.py
[2021-09-29 14:04:54,190] {processor.py:613} INFO - Processing file /home/airflow/.local/lib/python3.6/site-packages/airflow/example_dags/example_skip_dag.py for tasks to queue
[2021-09-29 14:04:54,192] {logging_mixin.py:109} INFO - [2021-09-29 14:04:54,192] {dagbag.py:496} INFO - Filling up the DagBag from /home/airflow/.local/lib/python3.6/site-packages/airflow/example_dags/example_skip_dag.py
[2021-09-29 14:04:54,206] {processor.py:623} INFO - DAG(s) dict_keys(['example_skip_dag']) retrieved from /home/airflow/.local/lib/python3.6/site-packages/airflow/example_dags/example_skip_dag.py
[2021-09-29 14:04:54,227] {logging_mixin.py:109} INFO - [2021-09-29 14:04:54,227] {dag.py:1834} INFO - Sync 1 DAGs
[2021-09-29 14:04:54,240] {logging_mixin.py:109} INFO - [2021-09-29 14:04:54,240] {dag.py:2287} INFO - Setting next_dagrun for example_skip_dag to 2021-09-27 00:00:00+00:00
[2021-09-29 14:04:54,249] {processor.py:170} INFO - Processing /home/airflow/.local/lib/python3.6/site-packages/airflow/example_dags/example_skip_dag.py took 0.065 seconds
[2021-09-29 14:05:24,834] {processor.py:162} INFO - Started process (PID=1715) to work on /home/airflow/.local/lib/python3.6/site-packages/airflow/example_dags/example_skip_dag.py
[2021-09-29 14:05:24,837] {processor.py:613} INFO - Processing file /home/airflow/.local/lib/python3.6/site-packages/airflow/example_dags/example_skip_dag.py for tasks to queue
[2021-09-29 14:05:24,838] {logging_mixin.py:109} INFO - [2021-09-29 14:05:24,838] {dagbag.py:496} INFO - Filling up the DagBag from /home/airflow/.local/lib/python3.6/site-packages/airflow/example_dags/example_skip_dag.py
[2021-09-29 14:05:24,852] {processor.py:623} INFO - DAG(s) dict_keys(['example_skip_dag']) retrieved from /home/airflow/.local/lib/python3.6/site-packages/airflow/example_dags/example_skip_dag.py
[2021-09-29 14:05:24,879] {logging_mixin.py:109} INFO - [2021-09-29 14:05:24,879] {dag.py:1834} INFO - Sync 1 DAGs
[2021-09-29 14:05:24,895] {logging_mixin.py:109} INFO - [2021-09-29 14:05:24,895] {dag.py:2287} INFO - Setting next_dagrun for example_skip_dag to 2021-09-27 00:00:00+00:00
[2021-09-29 14:05:24,907] {processor.py:170} INFO - Processing /home/airflow/.local/lib/python3.6/site-packages/airflow/example_dags/example_skip_dag.py took 0.076 seconds
[2021-09-29 14:05:55,285] {processor.py:162} INFO - Started process (PID=1938) to work on /home/airflow/.local/lib/python3.6/site-packages/airflow/example_dags/example_skip_dag.py
[2021-09-29 14:05:55,287] {processor.py:613} INFO - Processing file /home/airflow/.local/lib/python3.6/site-packages/airflow/example_dags/example_skip_dag.py for tasks to queue
[2021-09-29 14:05:55,289] {logging_mixin.py:109} INFO - [2021-09-29 14:05:55,288] {dagbag.py:496} INFO - Filling up the DagBag from /home/airflow/.local/lib/python3.6/site-packages/airflow/example_dags/example_skip_dag.py
[2021-09-29 14:05:55,303] {processor.py:623} INFO - DAG(s) dict_keys(['example_skip_dag']) retrieved from /home/airflow/.local/lib/python3.6/site-packages/airflow/example_dags/example_skip_dag.py
[2021-09-29 14:05:55,331] {logging_mixin.py:109} INFO - [2021-09-29 14:05:55,331] {dag.py:1834} INFO - Sync 1 DAGs
[2021-09-29 14:05:55,354] {logging_mixin.py:109} INFO - [2021-09-29 14:05:55,353] {dag.py:2287} INFO - Setting next_dagrun for example_skip_dag to 2021-09-27 00:00:00+00:00
[2021-09-29 14:05:55,367] {processor.py:170} INFO - Processing /home/airflow/.local/lib/python3.6/site-packages/airflow/example_dags/example_skip_dag.py took 0.086 seconds
[2021-09-29 14:06:25,751] {processor.py:162} INFO - Started process (PID=2139) to work on /home/airflow/.local/lib/python3.6/site-packages/airflow/example_dags/example_skip_dag.py
[2021-09-29 14:06:25,753] {processor.py:613} INFO - Processing file /home/airflow/.local/lib/python3.6/site-packages/airflow/example_dags/example_skip_dag.py for tasks to queue
[2021-09-29 14:06:25,755] {logging_mixin.py:109} INFO - [2021-09-29 14:06:25,754] {dagbag.py:496} INFO - Filling up the DagBag from /home/airflow/.local/lib/python3.6/site-packages/airflow/example_dags/example_skip_dag.py
[2021-09-29 14:06:25,769] {processor.py:623} INFO - DAG(s) dict_keys(['example_skip_dag']) retrieved from /home/airflow/.local/lib/python3.6/site-packages/airflow/example_dags/example_skip_dag.py
[2021-09-29 14:06:25,797] {logging_mixin.py:109} INFO - [2021-09-29 14:06:25,796] {dag.py:1834} INFO - Sync 1 DAGs
[2021-09-29 14:06:25,813] {logging_mixin.py:109} INFO - [2021-09-29 14:06:25,813] {dag.py:2287} INFO - Setting next_dagrun for example_skip_dag to 2021-09-27 00:00:00+00:00
[2021-09-29 14:06:25,825] {processor.py:170} INFO - Processing /home/airflow/.local/lib/python3.6/site-packages/airflow/example_dags/example_skip_dag.py took 0.078 seconds
[2021-09-29 14:06:56,316] {processor.py:162} INFO - Started process (PID=2338) to work on /home/airflow/.local/lib/python3.6/site-packages/airflow/example_dags/example_skip_dag.py
[2021-09-29 14:06:56,318] {processor.py:613} INFO - Processing file /home/airflow/.local/lib/python3.6/site-packages/airflow/example_dags/example_skip_dag.py for tasks to queue
[2021-09-29 14:06:56,320] {logging_mixin.py:109} INFO - [2021-09-29 14:06:56,320] {dagbag.py:496} INFO - Filling up the DagBag from /home/airflow/.local/lib/python3.6/site-packages/airflow/example_dags/example_skip_dag.py
[2021-09-29 14:06:56,334] {processor.py:623} INFO - DAG(s) dict_keys(['example_skip_dag']) retrieved from /home/airflow/.local/lib/python3.6/site-packages/airflow/example_dags/example_skip_dag.py
[2021-09-29 14:06:56,363] {logging_mixin.py:109} INFO - [2021-09-29 14:06:56,363] {dag.py:1834} INFO - Sync 1 DAGs
[2021-09-29 14:06:56,379] {logging_mixin.py:109} INFO - [2021-09-29 14:06:56,379] {dag.py:2287} INFO - Setting next_dagrun for example_skip_dag to 2021-09-27 00:00:00+00:00
[2021-09-29 14:06:56,393] {processor.py:170} INFO - Processing /home/airflow/.local/lib/python3.6/site-packages/airflow/example_dags/example_skip_dag.py took 0.080 seconds
[2021-09-29 14:07:26,909] {processor.py:162} INFO - Started process (PID=2535) to work on /home/airflow/.local/lib/python3.6/site-packages/airflow/example_dags/example_skip_dag.py
[2021-09-29 14:07:26,911] {processor.py:613} INFO - Processing file /home/airflow/.local/lib/python3.6/site-packages/airflow/example_dags/example_skip_dag.py for tasks to queue
[2021-09-29 14:07:26,915] {logging_mixin.py:109} INFO - [2021-09-29 14:07:26,915] {dagbag.py:496} INFO - Filling up the DagBag from /home/airflow/.local/lib/python3.6/site-packages/airflow/example_dags/example_skip_dag.py
[2021-09-29 14:07:26,930] {processor.py:623} INFO - DAG(s) dict_keys(['example_skip_dag']) retrieved from /home/airflow/.local/lib/python3.6/site-packages/airflow/example_dags/example_skip_dag.py
[2021-09-29 14:07:26,955] {logging_mixin.py:109} INFO - [2021-09-29 14:07:26,955] {dag.py:1834} INFO - Sync 1 DAGs
[2021-09-29 14:07:26,970] {logging_mixin.py:109} INFO - [2021-09-29 14:07:26,970] {dag.py:2287} INFO - Setting next_dagrun for example_skip_dag to 2021-09-27 00:00:00+00:00
[2021-09-29 14:07:26,981] {processor.py:170} INFO - Processing /home/airflow/.local/lib/python3.6/site-packages/airflow/example_dags/example_skip_dag.py took 0.076 seconds
[2021-09-29 14:07:57,333] {processor.py:162} INFO - Started process (PID=2735) to work on /home/airflow/.local/lib/python3.6/site-packages/airflow/example_dags/example_skip_dag.py
[2021-09-29 14:07:57,335] {processor.py:613} INFO - Processing file /home/airflow/.local/lib/python3.6/site-packages/airflow/example_dags/example_skip_dag.py for tasks to queue
[2021-09-29 14:07:57,337] {logging_mixin.py:109} INFO - [2021-09-29 14:07:57,337] {dagbag.py:496} INFO - Filling up the DagBag from /home/airflow/.local/lib/python3.6/site-packages/airflow/example_dags/example_skip_dag.py
[2021-09-29 14:07:57,351] {processor.py:623} INFO - DAG(s) dict_keys(['example_skip_dag']) retrieved from /home/airflow/.local/lib/python3.6/site-packages/airflow/example_dags/example_skip_dag.py
[2021-09-29 14:07:57,380] {logging_mixin.py:109} INFO - [2021-09-29 14:07:57,380] {dag.py:1834} INFO - Sync 1 DAGs
[2021-09-29 14:07:57,398] {logging_mixin.py:109} INFO - [2021-09-29 14:07:57,398] {dag.py:2287} INFO - Setting next_dagrun for example_skip_dag to 2021-09-27 00:00:00+00:00
[2021-09-29 14:07:57,414] {processor.py:170} INFO - Processing /home/airflow/.local/lib/python3.6/site-packages/airflow/example_dags/example_skip_dag.py took 0.085 seconds
[2021-09-29 14:08:27,656] {processor.py:162} INFO - Started process (PID=2933) to work on /home/airflow/.local/lib/python3.6/site-packages/airflow/example_dags/example_skip_dag.py
[2021-09-29 14:08:27,658] {processor.py:613} INFO - Processing file /home/airflow/.local/lib/python3.6/site-packages/airflow/example_dags/example_skip_dag.py for tasks to queue
[2021-09-29 14:08:27,660] {logging_mixin.py:109} INFO - [2021-09-29 14:08:27,659] {dagbag.py:496} INFO - Filling up the DagBag from /home/airflow/.local/lib/python3.6/site-packages/airflow/example_dags/example_skip_dag.py
[2021-09-29 14:08:27,674] {processor.py:623} INFO - DAG(s) dict_keys(['example_skip_dag']) retrieved from /home/airflow/.local/lib/python3.6/site-packages/airflow/example_dags/example_skip_dag.py
[2021-09-29 14:08:27,705] {logging_mixin.py:109} INFO - [2021-09-29 14:08:27,705] {dag.py:1834} INFO - Sync 1 DAGs
[2021-09-29 14:08:27,722] {logging_mixin.py:109} INFO - [2021-09-29 14:08:27,722] {dag.py:2287} INFO - Setting next_dagrun for example_skip_dag to 2021-09-27 00:00:00+00:00
[2021-09-29 14:08:27,736] {processor.py:170} INFO - Processing /home/airflow/.local/lib/python3.6/site-packages/airflow/example_dags/example_skip_dag.py took 0.085 seconds
[2021-09-29 14:08:57,781] {processor.py:162} INFO - Started process (PID=3126) to work on /home/airflow/.local/lib/python3.6/site-packages/airflow/example_dags/example_skip_dag.py
[2021-09-29 14:08:57,784] {processor.py:613} INFO - Processing file /home/airflow/.local/lib/python3.6/site-packages/airflow/example_dags/example_skip_dag.py for tasks to queue
[2021-09-29 14:08:57,786] {logging_mixin.py:109} INFO - [2021-09-29 14:08:57,785] {dagbag.py:496} INFO - Filling up the DagBag from /home/airflow/.local/lib/python3.6/site-packages/airflow/example_dags/example_skip_dag.py
[2021-09-29 14:08:57,797] {processor.py:623} INFO - DAG(s) dict_keys(['example_skip_dag']) retrieved from /home/airflow/.local/lib/python3.6/site-packages/airflow/example_dags/example_skip_dag.py
[2021-09-29 14:08:57,818] {logging_mixin.py:109} INFO - [2021-09-29 14:08:57,818] {dag.py:1834} INFO - Sync 1 DAGs
[2021-09-29 14:08:57,831] {logging_mixin.py:109} INFO - [2021-09-29 14:08:57,831] {dag.py:2287} INFO - Setting next_dagrun for example_skip_dag to 2021-09-27 00:00:00+00:00
[2021-09-29 14:08:57,841] {processor.py:170} INFO - Processing /home/airflow/.local/lib/python3.6/site-packages/airflow/example_dags/example_skip_dag.py took 0.064 seconds
[2021-09-29 14:09:28,421] {processor.py:162} INFO - Started process (PID=3329) to work on /home/airflow/.local/lib/python3.6/site-packages/airflow/example_dags/example_skip_dag.py
[2021-09-29 14:09:28,424] {processor.py:613} INFO - Processing file /home/airflow/.local/lib/python3.6/site-packages/airflow/example_dags/example_skip_dag.py for tasks to queue
[2021-09-29 14:09:28,426] {logging_mixin.py:109} INFO - [2021-09-29 14:09:28,426] {dagbag.py:496} INFO - Filling up the DagBag from /home/airflow/.local/lib/python3.6/site-packages/airflow/example_dags/example_skip_dag.py
[2021-09-29 14:09:28,440] {processor.py:623} INFO - DAG(s) dict_keys(['example_skip_dag']) retrieved from /home/airflow/.local/lib/python3.6/site-packages/airflow/example_dags/example_skip_dag.py
[2021-09-29 14:09:28,483] {logging_mixin.py:109} INFO - [2021-09-29 14:09:28,483] {dag.py:1834} INFO - Sync 1 DAGs
[2021-09-29 14:09:28,512] {logging_mixin.py:109} INFO - [2021-09-29 14:09:28,512] {dag.py:2287} INFO - Setting next_dagrun for example_skip_dag to 2021-09-27 00:00:00+00:00
[2021-09-29 14:09:28,539] {processor.py:170} INFO - Processing /home/airflow/.local/lib/python3.6/site-packages/airflow/example_dags/example_skip_dag.py took 0.122 seconds
[2021-09-29 14:09:58,638] {processor.py:162} INFO - Started process (PID=3515) to work on /home/airflow/.local/lib/python3.6/site-packages/airflow/example_dags/example_skip_dag.py
[2021-09-29 14:09:58,640] {processor.py:613} INFO - Processing file /home/airflow/.local/lib/python3.6/site-packages/airflow/example_dags/example_skip_dag.py for tasks to queue
[2021-09-29 14:09:58,641] {logging_mixin.py:109} INFO - [2021-09-29 14:09:58,641] {dagbag.py:496} INFO - Filling up the DagBag from /home/airflow/.local/lib/python3.6/site-packages/airflow/example_dags/example_skip_dag.py
[2021-09-29 14:09:58,655] {processor.py:623} INFO - DAG(s) dict_keys(['example_skip_dag']) retrieved from /home/airflow/.local/lib/python3.6/site-packages/airflow/example_dags/example_skip_dag.py
[2021-09-29 14:09:58,682] {logging_mixin.py:109} INFO - [2021-09-29 14:09:58,681] {dag.py:1834} INFO - Sync 1 DAGs
[2021-09-29 14:09:58,697] {logging_mixin.py:109} INFO - [2021-09-29 14:09:58,697] {dag.py:2287} INFO - Setting next_dagrun for example_skip_dag to 2021-09-27 00:00:00+00:00
[2021-09-29 14:09:58,715] {processor.py:170} INFO - Processing /home/airflow/.local/lib/python3.6/site-packages/airflow/example_dags/example_skip_dag.py took 0.083 seconds
[2021-09-29 14:10:28,820] {processor.py:162} INFO - Started process (PID=3716) to work on /home/airflow/.local/lib/python3.6/site-packages/airflow/example_dags/example_skip_dag.py
[2021-09-29 14:10:28,822] {processor.py:613} INFO - Processing file /home/airflow/.local/lib/python3.6/site-packages/airflow/example_dags/example_skip_dag.py for tasks to queue
[2021-09-29 14:10:28,824] {logging_mixin.py:109} INFO - [2021-09-29 14:10:28,824] {dagbag.py:496} INFO - Filling up the DagBag from /home/airflow/.local/lib/python3.6/site-packages/airflow/example_dags/example_skip_dag.py
[2021-09-29 14:10:28,838] {processor.py:623} INFO - DAG(s) dict_keys(['example_skip_dag']) retrieved from /home/airflow/.local/lib/python3.6/site-packages/airflow/example_dags/example_skip_dag.py
[2021-09-29 14:10:28,868] {logging_mixin.py:109} INFO - [2021-09-29 14:10:28,867] {dag.py:1834} INFO - Sync 1 DAGs
[2021-09-29 14:10:28,885] {logging_mixin.py:109} INFO - [2021-09-29 14:10:28,885] {dag.py:2287} INFO - Setting next_dagrun for example_skip_dag to 2021-09-27 00:00:00+00:00
[2021-09-29 14:10:28,899] {processor.py:170} INFO - Processing /home/airflow/.local/lib/python3.6/site-packages/airflow/example_dags/example_skip_dag.py took 0.083 seconds
[2021-09-29 14:10:59,055] {processor.py:162} INFO - Started process (PID=3902) to work on /home/airflow/.local/lib/python3.6/site-packages/airflow/example_dags/example_skip_dag.py
[2021-09-29 14:10:59,057] {processor.py:613} INFO - Processing file /home/airflow/.local/lib/python3.6/site-packages/airflow/example_dags/example_skip_dag.py for tasks to queue
[2021-09-29 14:10:59,058] {logging_mixin.py:109} INFO - [2021-09-29 14:10:59,058] {dagbag.py:496} INFO - Filling up the DagBag from /home/airflow/.local/lib/python3.6/site-packages/airflow/example_dags/example_skip_dag.py
[2021-09-29 14:10:59,072] {processor.py:623} INFO - DAG(s) dict_keys(['example_skip_dag']) retrieved from /home/airflow/.local/lib/python3.6/site-packages/airflow/example_dags/example_skip_dag.py
[2021-09-29 14:10:59,100] {logging_mixin.py:109} INFO - [2021-09-29 14:10:59,100] {dag.py:1834} INFO - Sync 1 DAGs
[2021-09-29 14:10:59,118] {logging_mixin.py:109} INFO - [2021-09-29 14:10:59,118] {dag.py:2287} INFO - Setting next_dagrun for example_skip_dag to 2021-09-27 00:00:00+00:00
[2021-09-29 14:10:59,130] {processor.py:170} INFO - Processing /home/airflow/.local/lib/python3.6/site-packages/airflow/example_dags/example_skip_dag.py took 0.079 seconds
[2021-09-29 14:11:29,533] {processor.py:162} INFO - Started process (PID=4097) to work on /home/airflow/.local/lib/python3.6/site-packages/airflow/example_dags/example_skip_dag.py
[2021-09-29 14:11:29,535] {processor.py:613} INFO - Processing file /home/airflow/.local/lib/python3.6/site-packages/airflow/example_dags/example_skip_dag.py for tasks to queue
[2021-09-29 14:11:29,537] {logging_mixin.py:109} INFO - [2021-09-29 14:11:29,537] {dagbag.py:496} INFO - Filling up the DagBag from /home/airflow/.local/lib/python3.6/site-packages/airflow/example_dags/example_skip_dag.py
[2021-09-29 14:11:29,551] {processor.py:623} INFO - DAG(s) dict_keys(['example_skip_dag']) retrieved from /home/airflow/.local/lib/python3.6/site-packages/airflow/example_dags/example_skip_dag.py
[2021-09-29 14:11:29,584] {logging_mixin.py:109} INFO - [2021-09-29 14:11:29,584] {dag.py:1834} INFO - Sync 1 DAGs
[2021-09-29 14:11:29,600] {logging_mixin.py:109} INFO - [2021-09-29 14:11:29,599] {dag.py:2287} INFO - Setting next_dagrun for example_skip_dag to 2021-09-27 00:00:00+00:00
[2021-09-29 14:11:29,612] {processor.py:170} INFO - Processing /home/airflow/.local/lib/python3.6/site-packages/airflow/example_dags/example_skip_dag.py took 0.083 seconds
[2021-09-29 14:12:00,339] {processor.py:162} INFO - Started process (PID=4305) to work on /home/airflow/.local/lib/python3.6/site-packages/airflow/example_dags/example_skip_dag.py
[2021-09-29 14:12:00,341] {processor.py:613} INFO - Processing file /home/airflow/.local/lib/python3.6/site-packages/airflow/example_dags/example_skip_dag.py for tasks to queue
[2021-09-29 14:12:00,343] {logging_mixin.py:109} INFO - [2021-09-29 14:12:00,343] {dagbag.py:496} INFO - Filling up the DagBag from /home/airflow/.local/lib/python3.6/site-packages/airflow/example_dags/example_skip_dag.py
[2021-09-29 14:12:00,357] {processor.py:623} INFO - DAG(s) dict_keys(['example_skip_dag']) retrieved from /home/airflow/.local/lib/python3.6/site-packages/airflow/example_dags/example_skip_dag.py
[2021-09-29 14:12:00,386] {logging_mixin.py:109} INFO - [2021-09-29 14:12:00,385] {dag.py:1834} INFO - Sync 1 DAGs
[2021-09-29 14:12:00,403] {logging_mixin.py:109} INFO - [2021-09-29 14:12:00,403] {dag.py:2287} INFO - Setting next_dagrun for example_skip_dag to 2021-09-27 00:00:00+00:00
[2021-09-29 14:12:00,417] {processor.py:170} INFO - Processing /home/airflow/.local/lib/python3.6/site-packages/airflow/example_dags/example_skip_dag.py took 0.088 seconds
[2021-09-29 14:12:30,888] {processor.py:162} INFO - Started process (PID=4502) to work on /home/airflow/.local/lib/python3.6/site-packages/airflow/example_dags/example_skip_dag.py
[2021-09-29 14:12:30,890] {processor.py:613} INFO - Processing file /home/airflow/.local/lib/python3.6/site-packages/airflow/example_dags/example_skip_dag.py for tasks to queue
[2021-09-29 14:12:30,892] {logging_mixin.py:109} INFO - [2021-09-29 14:12:30,892] {dagbag.py:496} INFO - Filling up the DagBag from /home/airflow/.local/lib/python3.6/site-packages/airflow/example_dags/example_skip_dag.py
[2021-09-29 14:12:30,910] {processor.py:623} INFO - DAG(s) dict_keys(['example_skip_dag']) retrieved from /home/airflow/.local/lib/python3.6/site-packages/airflow/example_dags/example_skip_dag.py
[2021-09-29 14:12:30,952] {logging_mixin.py:109} INFO - [2021-09-29 14:12:30,952] {dag.py:1834} INFO - Sync 1 DAGs
[2021-09-29 14:12:30,976] {logging_mixin.py:109} INFO - [2021-09-29 14:12:30,976] {dag.py:2287} INFO - Setting next_dagrun for example_skip_dag to 2021-09-27 00:00:00+00:00
[2021-09-29 14:12:30,996] {processor.py:170} INFO - Processing /home/airflow/.local/lib/python3.6/site-packages/airflow/example_dags/example_skip_dag.py took 0.112 seconds
[2021-09-29 14:13:01,449] {processor.py:162} INFO - Started process (PID=4704) to work on /home/airflow/.local/lib/python3.6/site-packages/airflow/example_dags/example_skip_dag.py
[2021-09-29 14:13:01,451] {processor.py:613} INFO - Processing file /home/airflow/.local/lib/python3.6/site-packages/airflow/example_dags/example_skip_dag.py for tasks to queue
[2021-09-29 14:13:01,453] {logging_mixin.py:109} INFO - [2021-09-29 14:13:01,453] {dagbag.py:496} INFO - Filling up the DagBag from /home/airflow/.local/lib/python3.6/site-packages/airflow/example_dags/example_skip_dag.py
[2021-09-29 14:13:01,467] {processor.py:623} INFO - DAG(s) dict_keys(['example_skip_dag']) retrieved from /home/airflow/.local/lib/python3.6/site-packages/airflow/example_dags/example_skip_dag.py
[2021-09-29 14:13:01,503] {logging_mixin.py:109} INFO - [2021-09-29 14:13:01,503] {dag.py:1834} INFO - Sync 1 DAGs
[2021-09-29 14:13:01,522] {logging_mixin.py:109} INFO - [2021-09-29 14:13:01,522] {dag.py:2287} INFO - Setting next_dagrun for example_skip_dag to 2021-09-27 00:00:00+00:00
[2021-09-29 14:13:01,535] {processor.py:170} INFO - Processing /home/airflow/.local/lib/python3.6/site-packages/airflow/example_dags/example_skip_dag.py took 0.091 seconds
[2021-09-29 14:13:31,677] {processor.py:162} INFO - Started process (PID=4905) to work on /home/airflow/.local/lib/python3.6/site-packages/airflow/example_dags/example_skip_dag.py
[2021-09-29 14:13:31,679] {processor.py:613} INFO - Processing file /home/airflow/.local/lib/python3.6/site-packages/airflow/example_dags/example_skip_dag.py for tasks to queue
[2021-09-29 14:13:31,681] {logging_mixin.py:109} INFO - [2021-09-29 14:13:31,680] {dagbag.py:496} INFO - Filling up the DagBag from /home/airflow/.local/lib/python3.6/site-packages/airflow/example_dags/example_skip_dag.py
[2021-09-29 14:13:31,697] {processor.py:623} INFO - DAG(s) dict_keys(['example_skip_dag']) retrieved from /home/airflow/.local/lib/python3.6/site-packages/airflow/example_dags/example_skip_dag.py
[2021-09-29 14:13:31,727] {logging_mixin.py:109} INFO - [2021-09-29 14:13:31,727] {dag.py:1834} INFO - Sync 1 DAGs
[2021-09-29 14:13:31,745] {logging_mixin.py:109} INFO - [2021-09-29 14:13:31,745] {dag.py:2287} INFO - Setting next_dagrun for example_skip_dag to 2021-09-27 00:00:00+00:00
[2021-09-29 14:13:31,759] {processor.py:170} INFO - Processing /home/airflow/.local/lib/python3.6/site-packages/airflow/example_dags/example_skip_dag.py took 0.087 seconds
[2021-09-29 14:14:02,352] {processor.py:162} INFO - Started process (PID=5121) to work on /home/airflow/.local/lib/python3.6/site-packages/airflow/example_dags/example_skip_dag.py
[2021-09-29 14:14:02,354] {processor.py:613} INFO - Processing file /home/airflow/.local/lib/python3.6/site-packages/airflow/example_dags/example_skip_dag.py for tasks to queue
[2021-09-29 14:14:02,355] {logging_mixin.py:109} INFO - [2021-09-29 14:14:02,355] {dagbag.py:496} INFO - Filling up the DagBag from /home/airflow/.local/lib/python3.6/site-packages/airflow/example_dags/example_skip_dag.py
[2021-09-29 14:14:02,367] {processor.py:623} INFO - DAG(s) dict_keys(['example_skip_dag']) retrieved from /home/airflow/.local/lib/python3.6/site-packages/airflow/example_dags/example_skip_dag.py
[2021-09-29 14:14:02,388] {logging_mixin.py:109} INFO - [2021-09-29 14:14:02,388] {dag.py:1834} INFO - Sync 1 DAGs
[2021-09-29 14:14:02,403] {logging_mixin.py:109} INFO - [2021-09-29 14:14:02,402] {dag.py:2287} INFO - Setting next_dagrun for example_skip_dag to 2021-09-27 00:00:00+00:00
[2021-09-29 14:14:02,416] {processor.py:170} INFO - Processing /home/airflow/.local/lib/python3.6/site-packages/airflow/example_dags/example_skip_dag.py took 0.068 seconds
[2021-09-29 14:14:32,645] {processor.py:162} INFO - Started process (PID=5325) to work on /home/airflow/.local/lib/python3.6/site-packages/airflow/example_dags/example_skip_dag.py
[2021-09-29 14:14:32,647] {processor.py:613} INFO - Processing file /home/airflow/.local/lib/python3.6/site-packages/airflow/example_dags/example_skip_dag.py for tasks to queue
[2021-09-29 14:14:32,650] {logging_mixin.py:109} INFO - [2021-09-29 14:14:32,650] {dagbag.py:496} INFO - Filling up the DagBag from /home/airflow/.local/lib/python3.6/site-packages/airflow/example_dags/example_skip_dag.py
[2021-09-29 14:14:32,670] {processor.py:623} INFO - DAG(s) dict_keys(['example_skip_dag']) retrieved from /home/airflow/.local/lib/python3.6/site-packages/airflow/example_dags/example_skip_dag.py
[2021-09-29 14:14:32,704] {logging_mixin.py:109} INFO - [2021-09-29 14:14:32,704] {dag.py:1834} INFO - Sync 1 DAGs
[2021-09-29 14:14:32,722] {logging_mixin.py:109} INFO - [2021-09-29 14:14:32,722] {dag.py:2287} INFO - Setting next_dagrun for example_skip_dag to 2021-09-27 00:00:00+00:00
[2021-09-29 14:14:32,739] {processor.py:170} INFO - Processing /home/airflow/.local/lib/python3.6/site-packages/airflow/example_dags/example_skip_dag.py took 0.099 seconds
[2021-09-29 14:15:03,040] {processor.py:162} INFO - Started process (PID=5518) to work on /home/airflow/.local/lib/python3.6/site-packages/airflow/example_dags/example_skip_dag.py
[2021-09-29 14:15:03,045] {processor.py:613} INFO - Processing file /home/airflow/.local/lib/python3.6/site-packages/airflow/example_dags/example_skip_dag.py for tasks to queue
[2021-09-29 14:15:03,047] {logging_mixin.py:109} INFO - [2021-09-29 14:15:03,047] {dagbag.py:496} INFO - Filling up the DagBag from /home/airflow/.local/lib/python3.6/site-packages/airflow/example_dags/example_skip_dag.py
[2021-09-29 14:15:03,063] {processor.py:623} INFO - DAG(s) dict_keys(['example_skip_dag']) retrieved from /home/airflow/.local/lib/python3.6/site-packages/airflow/example_dags/example_skip_dag.py
[2021-09-29 14:15:03,092] {logging_mixin.py:109} INFO - [2021-09-29 14:15:03,092] {dag.py:1834} INFO - Sync 1 DAGs
[2021-09-29 14:15:03,110] {logging_mixin.py:109} INFO - [2021-09-29 14:15:03,110] {dag.py:2287} INFO - Setting next_dagrun for example_skip_dag to 2021-09-27 00:00:00+00:00
[2021-09-29 14:15:03,122] {processor.py:170} INFO - Processing /home/airflow/.local/lib/python3.6/site-packages/airflow/example_dags/example_skip_dag.py took 0.088 seconds
[2021-09-29 14:15:33,406] {processor.py:162} INFO - Started process (PID=5734) to work on /home/airflow/.local/lib/python3.6/site-packages/airflow/example_dags/example_skip_dag.py
[2021-09-29 14:15:33,409] {processor.py:613} INFO - Processing file /home/airflow/.local/lib/python3.6/site-packages/airflow/example_dags/example_skip_dag.py for tasks to queue
[2021-09-29 14:15:33,411] {logging_mixin.py:109} INFO - [2021-09-29 14:15:33,411] {dagbag.py:496} INFO - Filling up the DagBag from /home/airflow/.local/lib/python3.6/site-packages/airflow/example_dags/example_skip_dag.py
[2021-09-29 14:15:33,427] {processor.py:623} INFO - DAG(s) dict_keys(['example_skip_dag']) retrieved from /home/airflow/.local/lib/python3.6/site-packages/airflow/example_dags/example_skip_dag.py
[2021-09-29 14:15:33,461] {logging_mixin.py:109} INFO - [2021-09-29 14:15:33,461] {dag.py:1834} INFO - Sync 1 DAGs
[2021-09-29 14:15:33,481] {logging_mixin.py:109} INFO - [2021-09-29 14:15:33,481] {dag.py:2287} INFO - Setting next_dagrun for example_skip_dag to 2021-09-27 00:00:00+00:00
[2021-09-29 14:15:33,497] {processor.py:170} INFO - Processing /home/airflow/.local/lib/python3.6/site-packages/airflow/example_dags/example_skip_dag.py took 0.096 seconds
[2021-09-29 14:16:03,991] {processor.py:162} INFO - Started process (PID=5938) to work on /home/airflow/.local/lib/python3.6/site-packages/airflow/example_dags/example_skip_dag.py
[2021-09-29 14:16:03,993] {processor.py:613} INFO - Processing file /home/airflow/.local/lib/python3.6/site-packages/airflow/example_dags/example_skip_dag.py for tasks to queue
[2021-09-29 14:16:03,995] {logging_mixin.py:109} INFO - [2021-09-29 14:16:03,994] {dagbag.py:496} INFO - Filling up the DagBag from /home/airflow/.local/lib/python3.6/site-packages/airflow/example_dags/example_skip_dag.py
[2021-09-29 14:16:04,009] {processor.py:623} INFO - DAG(s) dict_keys(['example_skip_dag']) retrieved from /home/airflow/.local/lib/python3.6/site-packages/airflow/example_dags/example_skip_dag.py
[2021-09-29 14:16:04,043] {logging_mixin.py:109} INFO - [2021-09-29 14:16:04,043] {dag.py:1834} INFO - Sync 1 DAGs
[2021-09-29 14:16:04,070] {logging_mixin.py:109} INFO - [2021-09-29 14:16:04,070] {dag.py:2287} INFO - Setting next_dagrun for example_skip_dag to 2021-09-27 00:00:00+00:00
[2021-09-29 14:16:04,089] {processor.py:170} INFO - Processing /home/airflow/.local/lib/python3.6/site-packages/airflow/example_dags/example_skip_dag.py took 0.103 seconds
[2021-09-29 14:16:35,047] {processor.py:162} INFO - Started process (PID=6130) to work on /home/airflow/.local/lib/python3.6/site-packages/airflow/example_dags/example_skip_dag.py
[2021-09-29 14:16:35,049] {processor.py:613} INFO - Processing file /home/airflow/.local/lib/python3.6/site-packages/airflow/example_dags/example_skip_dag.py for tasks to queue
[2021-09-29 14:16:35,051] {logging_mixin.py:109} INFO - [2021-09-29 14:16:35,051] {dagbag.py:496} INFO - Filling up the DagBag from /home/airflow/.local/lib/python3.6/site-packages/airflow/example_dags/example_skip_dag.py
[2021-09-29 14:16:35,065] {processor.py:623} INFO - DAG(s) dict_keys(['example_skip_dag']) retrieved from /home/airflow/.local/lib/python3.6/site-packages/airflow/example_dags/example_skip_dag.py
[2021-09-29 14:16:35,090] {logging_mixin.py:109} INFO - [2021-09-29 14:16:35,090] {dag.py:1834} INFO - Sync 1 DAGs
[2021-09-29 14:16:35,105] {logging_mixin.py:109} INFO - [2021-09-29 14:16:35,105] {dag.py:2287} INFO - Setting next_dagrun for example_skip_dag to 2021-09-27 00:00:00+00:00
[2021-09-29 14:16:35,117] {processor.py:170} INFO - Processing /home/airflow/.local/lib/python3.6/site-packages/airflow/example_dags/example_skip_dag.py took 0.074 seconds
[2021-09-29 14:17:05,432] {processor.py:162} INFO - Started process (PID=6335) to work on /home/airflow/.local/lib/python3.6/site-packages/airflow/example_dags/example_skip_dag.py
[2021-09-29 14:17:05,436] {processor.py:613} INFO - Processing file /home/airflow/.local/lib/python3.6/site-packages/airflow/example_dags/example_skip_dag.py for tasks to queue
[2021-09-29 14:17:05,438] {logging_mixin.py:109} INFO - [2021-09-29 14:17:05,438] {dagbag.py:496} INFO - Filling up the DagBag from /home/airflow/.local/lib/python3.6/site-packages/airflow/example_dags/example_skip_dag.py
[2021-09-29 14:17:05,457] {processor.py:623} INFO - DAG(s) dict_keys(['example_skip_dag']) retrieved from /home/airflow/.local/lib/python3.6/site-packages/airflow/example_dags/example_skip_dag.py
[2021-09-29 14:17:05,496] {logging_mixin.py:109} INFO - [2021-09-29 14:17:05,496] {dag.py:1834} INFO - Sync 1 DAGs
[2021-09-29 14:17:05,532] {logging_mixin.py:109} INFO - [2021-09-29 14:17:05,532] {dag.py:2287} INFO - Setting next_dagrun for example_skip_dag to 2021-09-27 00:00:00+00:00
[2021-09-29 14:17:05,550] {processor.py:170} INFO - Processing /home/airflow/.local/lib/python3.6/site-packages/airflow/example_dags/example_skip_dag.py took 0.122 seconds
[2021-09-29 14:17:35,927] {processor.py:162} INFO - Started process (PID=6535) to work on /home/airflow/.local/lib/python3.6/site-packages/airflow/example_dags/example_skip_dag.py
[2021-09-29 14:17:35,932] {processor.py:613} INFO - Processing file /home/airflow/.local/lib/python3.6/site-packages/airflow/example_dags/example_skip_dag.py for tasks to queue
[2021-09-29 14:17:35,936] {logging_mixin.py:109} INFO - [2021-09-29 14:17:35,935] {dagbag.py:496} INFO - Filling up the DagBag from /home/airflow/.local/lib/python3.6/site-packages/airflow/example_dags/example_skip_dag.py
[2021-09-29 14:17:35,960] {processor.py:623} INFO - DAG(s) dict_keys(['example_skip_dag']) retrieved from /home/airflow/.local/lib/python3.6/site-packages/airflow/example_dags/example_skip_dag.py
[2021-09-29 14:17:35,999] {logging_mixin.py:109} INFO - [2021-09-29 14:17:35,998] {dag.py:1834} INFO - Sync 1 DAGs
[2021-09-29 14:17:36,034] {logging_mixin.py:109} INFO - [2021-09-29 14:17:36,033] {dag.py:2287} INFO - Setting next_dagrun for example_skip_dag to 2021-09-27 00:00:00+00:00
[2021-09-29 14:17:36,056] {processor.py:170} INFO - Processing /home/airflow/.local/lib/python3.6/site-packages/airflow/example_dags/example_skip_dag.py took 0.139 seconds
[2021-09-29 14:18:06,168] {processor.py:162} INFO - Started process (PID=6745) to work on /home/airflow/.local/lib/python3.6/site-packages/airflow/example_dags/example_skip_dag.py
[2021-09-29 14:18:06,169] {processor.py:613} INFO - Processing file /home/airflow/.local/lib/python3.6/site-packages/airflow/example_dags/example_skip_dag.py for tasks to queue
[2021-09-29 14:18:06,171] {logging_mixin.py:109} INFO - [2021-09-29 14:18:06,171] {dagbag.py:496} INFO - Filling up the DagBag from /home/airflow/.local/lib/python3.6/site-packages/airflow/example_dags/example_skip_dag.py
[2021-09-29 14:18:06,181] {processor.py:623} INFO - DAG(s) dict_keys(['example_skip_dag']) retrieved from /home/airflow/.local/lib/python3.6/site-packages/airflow/example_dags/example_skip_dag.py
[2021-09-29 14:18:06,206] {logging_mixin.py:109} INFO - [2021-09-29 14:18:06,206] {dag.py:1834} INFO - Sync 1 DAGs
[2021-09-29 14:18:06,222] {logging_mixin.py:109} INFO - [2021-09-29 14:18:06,222] {dag.py:2287} INFO - Setting next_dagrun for example_skip_dag to 2021-09-27 00:00:00+00:00
[2021-09-29 14:18:06,234] {processor.py:170} INFO - Processing /home/airflow/.local/lib/python3.6/site-packages/airflow/example_dags/example_skip_dag.py took 0.069 seconds
[2021-09-29 14:18:36,356] {processor.py:162} INFO - Started process (PID=6954) to work on /home/airflow/.local/lib/python3.6/site-packages/airflow/example_dags/example_skip_dag.py
[2021-09-29 14:18:36,359] {processor.py:613} INFO - Processing file /home/airflow/.local/lib/python3.6/site-packages/airflow/example_dags/example_skip_dag.py for tasks to queue
[2021-09-29 14:18:36,360] {logging_mixin.py:109} INFO - [2021-09-29 14:18:36,360] {dagbag.py:496} INFO - Filling up the DagBag from /home/airflow/.local/lib/python3.6/site-packages/airflow/example_dags/example_skip_dag.py
[2021-09-29 14:18:36,374] {processor.py:623} INFO - DAG(s) dict_keys(['example_skip_dag']) retrieved from /home/airflow/.local/lib/python3.6/site-packages/airflow/example_dags/example_skip_dag.py
[2021-09-29 14:18:36,405] {logging_mixin.py:109} INFO - [2021-09-29 14:18:36,405] {dag.py:1834} INFO - Sync 1 DAGs
[2021-09-29 14:18:36,423] {logging_mixin.py:109} INFO - [2021-09-29 14:18:36,423] {dag.py:2287} INFO - Setting next_dagrun for example_skip_dag to 2021-09-27 00:00:00+00:00
[2021-09-29 14:18:36,436] {processor.py:170} INFO - Processing /home/airflow/.local/lib/python3.6/site-packages/airflow/example_dags/example_skip_dag.py took 0.084 seconds
[2021-09-29 14:19:06,537] {processor.py:162} INFO - Started process (PID=7145) to work on /home/airflow/.local/lib/python3.6/site-packages/airflow/example_dags/example_skip_dag.py
[2021-09-29 14:19:06,539] {processor.py:613} INFO - Processing file /home/airflow/.local/lib/python3.6/site-packages/airflow/example_dags/example_skip_dag.py for tasks to queue
[2021-09-29 14:19:06,541] {logging_mixin.py:109} INFO - [2021-09-29 14:19:06,541] {dagbag.py:496} INFO - Filling up the DagBag from /home/airflow/.local/lib/python3.6/site-packages/airflow/example_dags/example_skip_dag.py
[2021-09-29 14:19:06,557] {processor.py:623} INFO - DAG(s) dict_keys(['example_skip_dag']) retrieved from /home/airflow/.local/lib/python3.6/site-packages/airflow/example_dags/example_skip_dag.py
[2021-09-29 14:19:06,586] {logging_mixin.py:109} INFO - [2021-09-29 14:19:06,586] {dag.py:1834} INFO - Sync 1 DAGs
[2021-09-29 14:19:06,606] {logging_mixin.py:109} INFO - [2021-09-29 14:19:06,606] {dag.py:2287} INFO - Setting next_dagrun for example_skip_dag to 2021-09-27 00:00:00+00:00
[2021-09-29 14:19:06,619] {processor.py:170} INFO - Processing /home/airflow/.local/lib/python3.6/site-packages/airflow/example_dags/example_skip_dag.py took 0.087 seconds
