[2021-09-29 14:01:56,621] {processor.py:162} INFO - Started process (PID=355) to work on /home/airflow/.local/lib/python3.6/site-packages/airflow/example_dags/tutorial_etl_dag.py
[2021-09-29 14:01:56,625] {processor.py:613} INFO - Processing file /home/airflow/.local/lib/python3.6/site-packages/airflow/example_dags/tutorial_etl_dag.py for tasks to queue
[2021-09-29 14:01:56,629] {logging_mixin.py:109} INFO - [2021-09-29 14:01:56,628] {dagbag.py:496} INFO - Filling up the DagBag from /home/airflow/.local/lib/python3.6/site-packages/airflow/example_dags/tutorial_etl_dag.py
[2021-09-29 14:01:56,659] {processor.py:623} INFO - DAG(s) dict_keys(['tutorial_etl_dag']) retrieved from /home/airflow/.local/lib/python3.6/site-packages/airflow/example_dags/tutorial_etl_dag.py
[2021-09-29 14:01:56,994] {logging_mixin.py:109} INFO - [2021-09-29 14:01:56,994] {dag.py:1834} INFO - Sync 1 DAGs
[2021-09-29 14:01:57,026] {logging_mixin.py:109} INFO - [2021-09-29 14:01:57,026] {dag.py:2287} INFO - Setting next_dagrun for tutorial_etl_dag to None
[2021-09-29 14:01:57,043] {processor.py:170} INFO - Processing /home/airflow/.local/lib/python3.6/site-packages/airflow/example_dags/tutorial_etl_dag.py took 0.428 seconds
[2021-09-29 14:02:27,237] {processor.py:162} INFO - Started process (PID=541) to work on /home/airflow/.local/lib/python3.6/site-packages/airflow/example_dags/tutorial_etl_dag.py
[2021-09-29 14:02:27,239] {processor.py:613} INFO - Processing file /home/airflow/.local/lib/python3.6/site-packages/airflow/example_dags/tutorial_etl_dag.py for tasks to queue
[2021-09-29 14:02:27,241] {logging_mixin.py:109} INFO - [2021-09-29 14:02:27,240] {dagbag.py:496} INFO - Filling up the DagBag from /home/airflow/.local/lib/python3.6/site-packages/airflow/example_dags/tutorial_etl_dag.py
[2021-09-29 14:02:27,258] {processor.py:623} INFO - DAG(s) dict_keys(['tutorial_etl_dag']) retrieved from /home/airflow/.local/lib/python3.6/site-packages/airflow/example_dags/tutorial_etl_dag.py
[2021-09-29 14:02:27,291] {logging_mixin.py:109} INFO - [2021-09-29 14:02:27,290] {dag.py:1834} INFO - Sync 1 DAGs
[2021-09-29 14:02:27,316] {logging_mixin.py:109} INFO - [2021-09-29 14:02:27,316] {dag.py:2287} INFO - Setting next_dagrun for tutorial_etl_dag to None
[2021-09-29 14:02:27,343] {processor.py:170} INFO - Processing /home/airflow/.local/lib/python3.6/site-packages/airflow/example_dags/tutorial_etl_dag.py took 0.110 seconds
[2021-09-29 14:02:58,385] {processor.py:162} INFO - Started process (PID=738) to work on /home/airflow/.local/lib/python3.6/site-packages/airflow/example_dags/tutorial_etl_dag.py
[2021-09-29 14:02:58,387] {processor.py:613} INFO - Processing file /home/airflow/.local/lib/python3.6/site-packages/airflow/example_dags/tutorial_etl_dag.py for tasks to queue
[2021-09-29 14:02:58,389] {logging_mixin.py:109} INFO - [2021-09-29 14:02:58,389] {dagbag.py:496} INFO - Filling up the DagBag from /home/airflow/.local/lib/python3.6/site-packages/airflow/example_dags/tutorial_etl_dag.py
[2021-09-29 14:02:58,404] {processor.py:623} INFO - DAG(s) dict_keys(['tutorial_etl_dag']) retrieved from /home/airflow/.local/lib/python3.6/site-packages/airflow/example_dags/tutorial_etl_dag.py
[2021-09-29 14:02:58,429] {logging_mixin.py:109} INFO - [2021-09-29 14:02:58,429] {dag.py:1834} INFO - Sync 1 DAGs
[2021-09-29 14:02:58,446] {logging_mixin.py:109} INFO - [2021-09-29 14:02:58,446] {dag.py:2287} INFO - Setting next_dagrun for tutorial_etl_dag to None
[2021-09-29 14:02:58,459] {processor.py:170} INFO - Processing /home/airflow/.local/lib/python3.6/site-packages/airflow/example_dags/tutorial_etl_dag.py took 0.078 seconds
[2021-09-29 14:03:29,155] {processor.py:162} INFO - Started process (PID=967) to work on /home/airflow/.local/lib/python3.6/site-packages/airflow/example_dags/tutorial_etl_dag.py
[2021-09-29 14:03:29,157] {processor.py:613} INFO - Processing file /home/airflow/.local/lib/python3.6/site-packages/airflow/example_dags/tutorial_etl_dag.py for tasks to queue
[2021-09-29 14:03:29,159] {logging_mixin.py:109} INFO - [2021-09-29 14:03:29,159] {dagbag.py:496} INFO - Filling up the DagBag from /home/airflow/.local/lib/python3.6/site-packages/airflow/example_dags/tutorial_etl_dag.py
[2021-09-29 14:03:29,174] {processor.py:623} INFO - DAG(s) dict_keys(['tutorial_etl_dag']) retrieved from /home/airflow/.local/lib/python3.6/site-packages/airflow/example_dags/tutorial_etl_dag.py
[2021-09-29 14:03:29,195] {logging_mixin.py:109} INFO - [2021-09-29 14:03:29,195] {dag.py:1834} INFO - Sync 1 DAGs
[2021-09-29 14:03:29,211] {logging_mixin.py:109} INFO - [2021-09-29 14:03:29,211] {dag.py:2287} INFO - Setting next_dagrun for tutorial_etl_dag to None
[2021-09-29 14:03:29,223] {processor.py:170} INFO - Processing /home/airflow/.local/lib/python3.6/site-packages/airflow/example_dags/tutorial_etl_dag.py took 0.072 seconds
[2021-09-29 14:03:59,463] {processor.py:162} INFO - Started process (PID=1193) to work on /home/airflow/.local/lib/python3.6/site-packages/airflow/example_dags/tutorial_etl_dag.py
[2021-09-29 14:03:59,466] {processor.py:613} INFO - Processing file /home/airflow/.local/lib/python3.6/site-packages/airflow/example_dags/tutorial_etl_dag.py for tasks to queue
[2021-09-29 14:03:59,468] {logging_mixin.py:109} INFO - [2021-09-29 14:03:59,467] {dagbag.py:496} INFO - Filling up the DagBag from /home/airflow/.local/lib/python3.6/site-packages/airflow/example_dags/tutorial_etl_dag.py
[2021-09-29 14:03:59,485] {processor.py:623} INFO - DAG(s) dict_keys(['tutorial_etl_dag']) retrieved from /home/airflow/.local/lib/python3.6/site-packages/airflow/example_dags/tutorial_etl_dag.py
[2021-09-29 14:03:59,515] {logging_mixin.py:109} INFO - [2021-09-29 14:03:59,514] {dag.py:1834} INFO - Sync 1 DAGs
[2021-09-29 14:03:59,532] {logging_mixin.py:109} INFO - [2021-09-29 14:03:59,531] {dag.py:2287} INFO - Setting next_dagrun for tutorial_etl_dag to None
[2021-09-29 14:03:59,544] {processor.py:170} INFO - Processing /home/airflow/.local/lib/python3.6/site-packages/airflow/example_dags/tutorial_etl_dag.py took 0.085 seconds
[2021-09-29 14:04:30,425] {processor.py:162} INFO - Started process (PID=1418) to work on /home/airflow/.local/lib/python3.6/site-packages/airflow/example_dags/tutorial_etl_dag.py
[2021-09-29 14:04:30,428] {processor.py:613} INFO - Processing file /home/airflow/.local/lib/python3.6/site-packages/airflow/example_dags/tutorial_etl_dag.py for tasks to queue
[2021-09-29 14:04:30,430] {logging_mixin.py:109} INFO - [2021-09-29 14:04:30,430] {dagbag.py:496} INFO - Filling up the DagBag from /home/airflow/.local/lib/python3.6/site-packages/airflow/example_dags/tutorial_etl_dag.py
[2021-09-29 14:04:30,450] {processor.py:623} INFO - DAG(s) dict_keys(['tutorial_etl_dag']) retrieved from /home/airflow/.local/lib/python3.6/site-packages/airflow/example_dags/tutorial_etl_dag.py
[2021-09-29 14:04:30,483] {logging_mixin.py:109} INFO - [2021-09-29 14:04:30,483] {dag.py:1834} INFO - Sync 1 DAGs
[2021-09-29 14:04:30,501] {logging_mixin.py:109} INFO - [2021-09-29 14:04:30,501] {dag.py:2287} INFO - Setting next_dagrun for tutorial_etl_dag to None
[2021-09-29 14:04:30,515] {processor.py:170} INFO - Processing /home/airflow/.local/lib/python3.6/site-packages/airflow/example_dags/tutorial_etl_dag.py took 0.094 seconds
[2021-09-29 14:05:00,998] {processor.py:162} INFO - Started process (PID=1625) to work on /home/airflow/.local/lib/python3.6/site-packages/airflow/example_dags/tutorial_etl_dag.py
[2021-09-29 14:05:01,000] {processor.py:613} INFO - Processing file /home/airflow/.local/lib/python3.6/site-packages/airflow/example_dags/tutorial_etl_dag.py for tasks to queue
[2021-09-29 14:05:01,003] {logging_mixin.py:109} INFO - [2021-09-29 14:05:01,002] {dagbag.py:496} INFO - Filling up the DagBag from /home/airflow/.local/lib/python3.6/site-packages/airflow/example_dags/tutorial_etl_dag.py
[2021-09-29 14:05:01,022] {processor.py:623} INFO - DAG(s) dict_keys(['tutorial_etl_dag']) retrieved from /home/airflow/.local/lib/python3.6/site-packages/airflow/example_dags/tutorial_etl_dag.py
[2021-09-29 14:05:01,064] {logging_mixin.py:109} INFO - [2021-09-29 14:05:01,063] {dag.py:1834} INFO - Sync 1 DAGs
[2021-09-29 14:05:01,083] {logging_mixin.py:109} INFO - [2021-09-29 14:05:01,082] {dag.py:2287} INFO - Setting next_dagrun for tutorial_etl_dag to None
[2021-09-29 14:05:01,099] {processor.py:170} INFO - Processing /home/airflow/.local/lib/python3.6/site-packages/airflow/example_dags/tutorial_etl_dag.py took 0.106 seconds
[2021-09-29 14:05:31,330] {processor.py:162} INFO - Started process (PID=1826) to work on /home/airflow/.local/lib/python3.6/site-packages/airflow/example_dags/tutorial_etl_dag.py
[2021-09-29 14:05:31,332] {processor.py:613} INFO - Processing file /home/airflow/.local/lib/python3.6/site-packages/airflow/example_dags/tutorial_etl_dag.py for tasks to queue
[2021-09-29 14:05:31,336] {logging_mixin.py:109} INFO - [2021-09-29 14:05:31,335] {dagbag.py:496} INFO - Filling up the DagBag from /home/airflow/.local/lib/python3.6/site-packages/airflow/example_dags/tutorial_etl_dag.py
[2021-09-29 14:05:31,354] {processor.py:623} INFO - DAG(s) dict_keys(['tutorial_etl_dag']) retrieved from /home/airflow/.local/lib/python3.6/site-packages/airflow/example_dags/tutorial_etl_dag.py
[2021-09-29 14:05:31,381] {logging_mixin.py:109} INFO - [2021-09-29 14:05:31,381] {dag.py:1834} INFO - Sync 1 DAGs
[2021-09-29 14:05:31,397] {logging_mixin.py:109} INFO - [2021-09-29 14:05:31,397] {dag.py:2287} INFO - Setting next_dagrun for tutorial_etl_dag to None
[2021-09-29 14:05:31,410] {processor.py:170} INFO - Processing /home/airflow/.local/lib/python3.6/site-packages/airflow/example_dags/tutorial_etl_dag.py took 0.084 seconds
[2021-09-29 14:06:02,133] {processor.py:162} INFO - Started process (PID=2061) to work on /home/airflow/.local/lib/python3.6/site-packages/airflow/example_dags/tutorial_etl_dag.py
[2021-09-29 14:06:02,135] {processor.py:613} INFO - Processing file /home/airflow/.local/lib/python3.6/site-packages/airflow/example_dags/tutorial_etl_dag.py for tasks to queue
[2021-09-29 14:06:02,137] {logging_mixin.py:109} INFO - [2021-09-29 14:06:02,136] {dagbag.py:496} INFO - Filling up the DagBag from /home/airflow/.local/lib/python3.6/site-packages/airflow/example_dags/tutorial_etl_dag.py
[2021-09-29 14:06:02,154] {processor.py:623} INFO - DAG(s) dict_keys(['tutorial_etl_dag']) retrieved from /home/airflow/.local/lib/python3.6/site-packages/airflow/example_dags/tutorial_etl_dag.py
[2021-09-29 14:06:02,184] {logging_mixin.py:109} INFO - [2021-09-29 14:06:02,184] {dag.py:1834} INFO - Sync 1 DAGs
[2021-09-29 14:06:02,202] {logging_mixin.py:109} INFO - [2021-09-29 14:06:02,202] {dag.py:2287} INFO - Setting next_dagrun for tutorial_etl_dag to None
[2021-09-29 14:06:02,218] {processor.py:170} INFO - Processing /home/airflow/.local/lib/python3.6/site-packages/airflow/example_dags/tutorial_etl_dag.py took 0.091 seconds
[2021-09-29 14:06:32,562] {processor.py:162} INFO - Started process (PID=2254) to work on /home/airflow/.local/lib/python3.6/site-packages/airflow/example_dags/tutorial_etl_dag.py
[2021-09-29 14:06:32,564] {processor.py:613} INFO - Processing file /home/airflow/.local/lib/python3.6/site-packages/airflow/example_dags/tutorial_etl_dag.py for tasks to queue
[2021-09-29 14:06:32,566] {logging_mixin.py:109} INFO - [2021-09-29 14:06:32,566] {dagbag.py:496} INFO - Filling up the DagBag from /home/airflow/.local/lib/python3.6/site-packages/airflow/example_dags/tutorial_etl_dag.py
[2021-09-29 14:06:32,581] {processor.py:623} INFO - DAG(s) dict_keys(['tutorial_etl_dag']) retrieved from /home/airflow/.local/lib/python3.6/site-packages/airflow/example_dags/tutorial_etl_dag.py
[2021-09-29 14:06:32,607] {logging_mixin.py:109} INFO - [2021-09-29 14:06:32,607] {dag.py:1834} INFO - Sync 1 DAGs
[2021-09-29 14:06:32,623] {logging_mixin.py:109} INFO - [2021-09-29 14:06:32,623] {dag.py:2287} INFO - Setting next_dagrun for tutorial_etl_dag to None
[2021-09-29 14:06:32,639] {processor.py:170} INFO - Processing /home/airflow/.local/lib/python3.6/site-packages/airflow/example_dags/tutorial_etl_dag.py took 0.082 seconds
[2021-09-29 14:07:03,179] {processor.py:162} INFO - Started process (PID=2451) to work on /home/airflow/.local/lib/python3.6/site-packages/airflow/example_dags/tutorial_etl_dag.py
[2021-09-29 14:07:03,182] {processor.py:613} INFO - Processing file /home/airflow/.local/lib/python3.6/site-packages/airflow/example_dags/tutorial_etl_dag.py for tasks to queue
[2021-09-29 14:07:03,184] {logging_mixin.py:109} INFO - [2021-09-29 14:07:03,183] {dagbag.py:496} INFO - Filling up the DagBag from /home/airflow/.local/lib/python3.6/site-packages/airflow/example_dags/tutorial_etl_dag.py
[2021-09-29 14:07:03,199] {processor.py:623} INFO - DAG(s) dict_keys(['tutorial_etl_dag']) retrieved from /home/airflow/.local/lib/python3.6/site-packages/airflow/example_dags/tutorial_etl_dag.py
[2021-09-29 14:07:03,226] {logging_mixin.py:109} INFO - [2021-09-29 14:07:03,226] {dag.py:1834} INFO - Sync 1 DAGs
[2021-09-29 14:07:03,241] {logging_mixin.py:109} INFO - [2021-09-29 14:07:03,241] {dag.py:2287} INFO - Setting next_dagrun for tutorial_etl_dag to None
[2021-09-29 14:07:03,253] {processor.py:170} INFO - Processing /home/airflow/.local/lib/python3.6/site-packages/airflow/example_dags/tutorial_etl_dag.py took 0.079 seconds
[2021-09-29 14:07:33,426] {processor.py:162} INFO - Started process (PID=2648) to work on /home/airflow/.local/lib/python3.6/site-packages/airflow/example_dags/tutorial_etl_dag.py
[2021-09-29 14:07:33,428] {processor.py:613} INFO - Processing file /home/airflow/.local/lib/python3.6/site-packages/airflow/example_dags/tutorial_etl_dag.py for tasks to queue
[2021-09-29 14:07:33,430] {logging_mixin.py:109} INFO - [2021-09-29 14:07:33,429] {dagbag.py:496} INFO - Filling up the DagBag from /home/airflow/.local/lib/python3.6/site-packages/airflow/example_dags/tutorial_etl_dag.py
[2021-09-29 14:07:33,444] {processor.py:623} INFO - DAG(s) dict_keys(['tutorial_etl_dag']) retrieved from /home/airflow/.local/lib/python3.6/site-packages/airflow/example_dags/tutorial_etl_dag.py
[2021-09-29 14:07:33,466] {logging_mixin.py:109} INFO - [2021-09-29 14:07:33,466] {dag.py:1834} INFO - Sync 1 DAGs
[2021-09-29 14:07:33,479] {logging_mixin.py:109} INFO - [2021-09-29 14:07:33,479] {dag.py:2287} INFO - Setting next_dagrun for tutorial_etl_dag to None
[2021-09-29 14:07:33,490] {processor.py:170} INFO - Processing /home/airflow/.local/lib/python3.6/site-packages/airflow/example_dags/tutorial_etl_dag.py took 0.068 seconds
[2021-09-29 14:08:03,876] {processor.py:162} INFO - Started process (PID=2841) to work on /home/airflow/.local/lib/python3.6/site-packages/airflow/example_dags/tutorial_etl_dag.py
[2021-09-29 14:08:03,877] {processor.py:613} INFO - Processing file /home/airflow/.local/lib/python3.6/site-packages/airflow/example_dags/tutorial_etl_dag.py for tasks to queue
[2021-09-29 14:08:03,879] {logging_mixin.py:109} INFO - [2021-09-29 14:08:03,879] {dagbag.py:496} INFO - Filling up the DagBag from /home/airflow/.local/lib/python3.6/site-packages/airflow/example_dags/tutorial_etl_dag.py
[2021-09-29 14:08:03,895] {processor.py:623} INFO - DAG(s) dict_keys(['tutorial_etl_dag']) retrieved from /home/airflow/.local/lib/python3.6/site-packages/airflow/example_dags/tutorial_etl_dag.py
[2021-09-29 14:08:03,920] {logging_mixin.py:109} INFO - [2021-09-29 14:08:03,920] {dag.py:1834} INFO - Sync 1 DAGs
[2021-09-29 14:08:03,936] {logging_mixin.py:109} INFO - [2021-09-29 14:08:03,936] {dag.py:2287} INFO - Setting next_dagrun for tutorial_etl_dag to None
[2021-09-29 14:08:03,948] {processor.py:170} INFO - Processing /home/airflow/.local/lib/python3.6/site-packages/airflow/example_dags/tutorial_etl_dag.py took 0.076 seconds
[2021-09-29 14:08:34,133] {processor.py:162} INFO - Started process (PID=3040) to work on /home/airflow/.local/lib/python3.6/site-packages/airflow/example_dags/tutorial_etl_dag.py
[2021-09-29 14:08:34,135] {processor.py:613} INFO - Processing file /home/airflow/.local/lib/python3.6/site-packages/airflow/example_dags/tutorial_etl_dag.py for tasks to queue
[2021-09-29 14:08:34,136] {logging_mixin.py:109} INFO - [2021-09-29 14:08:34,136] {dagbag.py:496} INFO - Filling up the DagBag from /home/airflow/.local/lib/python3.6/site-packages/airflow/example_dags/tutorial_etl_dag.py
[2021-09-29 14:08:34,155] {processor.py:623} INFO - DAG(s) dict_keys(['tutorial_etl_dag']) retrieved from /home/airflow/.local/lib/python3.6/site-packages/airflow/example_dags/tutorial_etl_dag.py
[2021-09-29 14:08:34,188] {logging_mixin.py:109} INFO - [2021-09-29 14:08:34,188] {dag.py:1834} INFO - Sync 1 DAGs
[2021-09-29 14:08:34,205] {logging_mixin.py:109} INFO - [2021-09-29 14:08:34,205] {dag.py:2287} INFO - Setting next_dagrun for tutorial_etl_dag to None
[2021-09-29 14:08:34,218] {processor.py:170} INFO - Processing /home/airflow/.local/lib/python3.6/site-packages/airflow/example_dags/tutorial_etl_dag.py took 0.090 seconds
[2021-09-29 14:09:05,173] {processor.py:162} INFO - Started process (PID=3242) to work on /home/airflow/.local/lib/python3.6/site-packages/airflow/example_dags/tutorial_etl_dag.py
[2021-09-29 14:09:05,176] {processor.py:613} INFO - Processing file /home/airflow/.local/lib/python3.6/site-packages/airflow/example_dags/tutorial_etl_dag.py for tasks to queue
[2021-09-29 14:09:05,177] {logging_mixin.py:109} INFO - [2021-09-29 14:09:05,177] {dagbag.py:496} INFO - Filling up the DagBag from /home/airflow/.local/lib/python3.6/site-packages/airflow/example_dags/tutorial_etl_dag.py
[2021-09-29 14:09:05,189] {processor.py:623} INFO - DAG(s) dict_keys(['tutorial_etl_dag']) retrieved from /home/airflow/.local/lib/python3.6/site-packages/airflow/example_dags/tutorial_etl_dag.py
[2021-09-29 14:09:05,213] {logging_mixin.py:109} INFO - [2021-09-29 14:09:05,213] {dag.py:1834} INFO - Sync 1 DAGs
[2021-09-29 14:09:05,234] {logging_mixin.py:109} INFO - [2021-09-29 14:09:05,234] {dag.py:2287} INFO - Setting next_dagrun for tutorial_etl_dag to None
[2021-09-29 14:09:05,249] {processor.py:170} INFO - Processing /home/airflow/.local/lib/python3.6/site-packages/airflow/example_dags/tutorial_etl_dag.py took 0.079 seconds
[2021-09-29 14:09:36,034] {processor.py:162} INFO - Started process (PID=3441) to work on /home/airflow/.local/lib/python3.6/site-packages/airflow/example_dags/tutorial_etl_dag.py
[2021-09-29 14:09:36,036] {processor.py:613} INFO - Processing file /home/airflow/.local/lib/python3.6/site-packages/airflow/example_dags/tutorial_etl_dag.py for tasks to queue
[2021-09-29 14:09:36,038] {logging_mixin.py:109} INFO - [2021-09-29 14:09:36,038] {dagbag.py:496} INFO - Filling up the DagBag from /home/airflow/.local/lib/python3.6/site-packages/airflow/example_dags/tutorial_etl_dag.py
[2021-09-29 14:09:36,053] {processor.py:623} INFO - DAG(s) dict_keys(['tutorial_etl_dag']) retrieved from /home/airflow/.local/lib/python3.6/site-packages/airflow/example_dags/tutorial_etl_dag.py
[2021-09-29 14:09:36,080] {logging_mixin.py:109} INFO - [2021-09-29 14:09:36,080] {dag.py:1834} INFO - Sync 1 DAGs
[2021-09-29 14:09:36,096] {logging_mixin.py:109} INFO - [2021-09-29 14:09:36,096] {dag.py:2287} INFO - Setting next_dagrun for tutorial_etl_dag to None
[2021-09-29 14:09:36,110] {processor.py:170} INFO - Processing /home/airflow/.local/lib/python3.6/site-packages/airflow/example_dags/tutorial_etl_dag.py took 0.081 seconds
[2021-09-29 14:10:06,156] {processor.py:162} INFO - Started process (PID=3644) to work on /home/airflow/.local/lib/python3.6/site-packages/airflow/example_dags/tutorial_etl_dag.py
[2021-09-29 14:10:06,158] {processor.py:613} INFO - Processing file /home/airflow/.local/lib/python3.6/site-packages/airflow/example_dags/tutorial_etl_dag.py for tasks to queue
[2021-09-29 14:10:06,159] {logging_mixin.py:109} INFO - [2021-09-29 14:10:06,159] {dagbag.py:496} INFO - Filling up the DagBag from /home/airflow/.local/lib/python3.6/site-packages/airflow/example_dags/tutorial_etl_dag.py
[2021-09-29 14:10:06,175] {processor.py:623} INFO - DAG(s) dict_keys(['tutorial_etl_dag']) retrieved from /home/airflow/.local/lib/python3.6/site-packages/airflow/example_dags/tutorial_etl_dag.py
[2021-09-29 14:10:06,200] {logging_mixin.py:109} INFO - [2021-09-29 14:10:06,200] {dag.py:1834} INFO - Sync 1 DAGs
[2021-09-29 14:10:06,216] {logging_mixin.py:109} INFO - [2021-09-29 14:10:06,216] {dag.py:2287} INFO - Setting next_dagrun for tutorial_etl_dag to None
[2021-09-29 14:10:06,228] {processor.py:170} INFO - Processing /home/airflow/.local/lib/python3.6/site-packages/airflow/example_dags/tutorial_etl_dag.py took 0.077 seconds
[2021-09-29 14:10:36,451] {processor.py:162} INFO - Started process (PID=3827) to work on /home/airflow/.local/lib/python3.6/site-packages/airflow/example_dags/tutorial_etl_dag.py
[2021-09-29 14:10:36,453] {processor.py:613} INFO - Processing file /home/airflow/.local/lib/python3.6/site-packages/airflow/example_dags/tutorial_etl_dag.py for tasks to queue
[2021-09-29 14:10:36,454] {logging_mixin.py:109} INFO - [2021-09-29 14:10:36,454] {dagbag.py:496} INFO - Filling up the DagBag from /home/airflow/.local/lib/python3.6/site-packages/airflow/example_dags/tutorial_etl_dag.py
[2021-09-29 14:10:36,470] {processor.py:623} INFO - DAG(s) dict_keys(['tutorial_etl_dag']) retrieved from /home/airflow/.local/lib/python3.6/site-packages/airflow/example_dags/tutorial_etl_dag.py
[2021-09-29 14:10:36,495] {logging_mixin.py:109} INFO - [2021-09-29 14:10:36,495] {dag.py:1834} INFO - Sync 1 DAGs
[2021-09-29 14:10:36,515] {logging_mixin.py:109} INFO - [2021-09-29 14:10:36,514] {dag.py:2287} INFO - Setting next_dagrun for tutorial_etl_dag to None
[2021-09-29 14:10:36,530] {processor.py:170} INFO - Processing /home/airflow/.local/lib/python3.6/site-packages/airflow/example_dags/tutorial_etl_dag.py took 0.083 seconds
[2021-09-29 14:11:06,880] {processor.py:162} INFO - Started process (PID=4023) to work on /home/airflow/.local/lib/python3.6/site-packages/airflow/example_dags/tutorial_etl_dag.py
[2021-09-29 14:11:06,882] {processor.py:613} INFO - Processing file /home/airflow/.local/lib/python3.6/site-packages/airflow/example_dags/tutorial_etl_dag.py for tasks to queue
[2021-09-29 14:11:06,883] {logging_mixin.py:109} INFO - [2021-09-29 14:11:06,883] {dagbag.py:496} INFO - Filling up the DagBag from /home/airflow/.local/lib/python3.6/site-packages/airflow/example_dags/tutorial_etl_dag.py
[2021-09-29 14:11:06,899] {processor.py:623} INFO - DAG(s) dict_keys(['tutorial_etl_dag']) retrieved from /home/airflow/.local/lib/python3.6/site-packages/airflow/example_dags/tutorial_etl_dag.py
[2021-09-29 14:11:06,928] {logging_mixin.py:109} INFO - [2021-09-29 14:11:06,928] {dag.py:1834} INFO - Sync 1 DAGs
[2021-09-29 14:11:06,947] {logging_mixin.py:109} INFO - [2021-09-29 14:11:06,947] {dag.py:2287} INFO - Setting next_dagrun for tutorial_etl_dag to None
[2021-09-29 14:11:06,961] {processor.py:170} INFO - Processing /home/airflow/.local/lib/python3.6/site-packages/airflow/example_dags/tutorial_etl_dag.py took 0.085 seconds
[2021-09-29 14:11:37,532] {processor.py:162} INFO - Started process (PID=4219) to work on /home/airflow/.local/lib/python3.6/site-packages/airflow/example_dags/tutorial_etl_dag.py
[2021-09-29 14:11:37,534] {processor.py:613} INFO - Processing file /home/airflow/.local/lib/python3.6/site-packages/airflow/example_dags/tutorial_etl_dag.py for tasks to queue
[2021-09-29 14:11:37,536] {logging_mixin.py:109} INFO - [2021-09-29 14:11:37,536] {dagbag.py:496} INFO - Filling up the DagBag from /home/airflow/.local/lib/python3.6/site-packages/airflow/example_dags/tutorial_etl_dag.py
[2021-09-29 14:11:37,554] {processor.py:623} INFO - DAG(s) dict_keys(['tutorial_etl_dag']) retrieved from /home/airflow/.local/lib/python3.6/site-packages/airflow/example_dags/tutorial_etl_dag.py
[2021-09-29 14:11:37,584] {logging_mixin.py:109} INFO - [2021-09-29 14:11:37,584] {dag.py:1834} INFO - Sync 1 DAGs
[2021-09-29 14:11:37,602] {logging_mixin.py:109} INFO - [2021-09-29 14:11:37,602] {dag.py:2287} INFO - Setting next_dagrun for tutorial_etl_dag to None
[2021-09-29 14:11:37,619] {processor.py:170} INFO - Processing /home/airflow/.local/lib/python3.6/site-packages/airflow/example_dags/tutorial_etl_dag.py took 0.092 seconds
[2021-09-29 14:12:08,081] {processor.py:162} INFO - Started process (PID=4415) to work on /home/airflow/.local/lib/python3.6/site-packages/airflow/example_dags/tutorial_etl_dag.py
[2021-09-29 14:12:08,082] {processor.py:613} INFO - Processing file /home/airflow/.local/lib/python3.6/site-packages/airflow/example_dags/tutorial_etl_dag.py for tasks to queue
[2021-09-29 14:12:08,084] {logging_mixin.py:109} INFO - [2021-09-29 14:12:08,084] {dagbag.py:496} INFO - Filling up the DagBag from /home/airflow/.local/lib/python3.6/site-packages/airflow/example_dags/tutorial_etl_dag.py
[2021-09-29 14:12:08,098] {processor.py:623} INFO - DAG(s) dict_keys(['tutorial_etl_dag']) retrieved from /home/airflow/.local/lib/python3.6/site-packages/airflow/example_dags/tutorial_etl_dag.py
[2021-09-29 14:12:08,120] {logging_mixin.py:109} INFO - [2021-09-29 14:12:08,120] {dag.py:1834} INFO - Sync 1 DAGs
[2021-09-29 14:12:08,135] {logging_mixin.py:109} INFO - [2021-09-29 14:12:08,135] {dag.py:2287} INFO - Setting next_dagrun for tutorial_etl_dag to None
[2021-09-29 14:12:08,147] {processor.py:170} INFO - Processing /home/airflow/.local/lib/python3.6/site-packages/airflow/example_dags/tutorial_etl_dag.py took 0.071 seconds
[2021-09-29 14:12:38,768] {processor.py:162} INFO - Started process (PID=4630) to work on /home/airflow/.local/lib/python3.6/site-packages/airflow/example_dags/tutorial_etl_dag.py
[2021-09-29 14:12:38,770] {processor.py:613} INFO - Processing file /home/airflow/.local/lib/python3.6/site-packages/airflow/example_dags/tutorial_etl_dag.py for tasks to queue
[2021-09-29 14:12:38,772] {logging_mixin.py:109} INFO - [2021-09-29 14:12:38,772] {dagbag.py:496} INFO - Filling up the DagBag from /home/airflow/.local/lib/python3.6/site-packages/airflow/example_dags/tutorial_etl_dag.py
[2021-09-29 14:12:38,788] {processor.py:623} INFO - DAG(s) dict_keys(['tutorial_etl_dag']) retrieved from /home/airflow/.local/lib/python3.6/site-packages/airflow/example_dags/tutorial_etl_dag.py
[2021-09-29 14:12:38,819] {logging_mixin.py:109} INFO - [2021-09-29 14:12:38,818] {dag.py:1834} INFO - Sync 1 DAGs
[2021-09-29 14:12:38,833] {logging_mixin.py:109} INFO - [2021-09-29 14:12:38,833] {dag.py:2287} INFO - Setting next_dagrun for tutorial_etl_dag to None
[2021-09-29 14:12:38,846] {processor.py:170} INFO - Processing /home/airflow/.local/lib/python3.6/site-packages/airflow/example_dags/tutorial_etl_dag.py took 0.083 seconds
[2021-09-29 14:13:08,906] {processor.py:162} INFO - Started process (PID=4833) to work on /home/airflow/.local/lib/python3.6/site-packages/airflow/example_dags/tutorial_etl_dag.py
[2021-09-29 14:13:08,908] {processor.py:613} INFO - Processing file /home/airflow/.local/lib/python3.6/site-packages/airflow/example_dags/tutorial_etl_dag.py for tasks to queue
[2021-09-29 14:13:08,910] {logging_mixin.py:109} INFO - [2021-09-29 14:13:08,910] {dagbag.py:496} INFO - Filling up the DagBag from /home/airflow/.local/lib/python3.6/site-packages/airflow/example_dags/tutorial_etl_dag.py
[2021-09-29 14:13:08,926] {processor.py:623} INFO - DAG(s) dict_keys(['tutorial_etl_dag']) retrieved from /home/airflow/.local/lib/python3.6/site-packages/airflow/example_dags/tutorial_etl_dag.py
[2021-09-29 14:13:08,952] {logging_mixin.py:109} INFO - [2021-09-29 14:13:08,952] {dag.py:1834} INFO - Sync 1 DAGs
[2021-09-29 14:13:08,969] {logging_mixin.py:109} INFO - [2021-09-29 14:13:08,969] {dag.py:2287} INFO - Setting next_dagrun for tutorial_etl_dag to None
[2021-09-29 14:13:08,982] {processor.py:170} INFO - Processing /home/airflow/.local/lib/python3.6/site-packages/airflow/example_dags/tutorial_etl_dag.py took 0.080 seconds
[2021-09-29 14:13:39,482] {processor.py:162} INFO - Started process (PID=5025) to work on /home/airflow/.local/lib/python3.6/site-packages/airflow/example_dags/tutorial_etl_dag.py
[2021-09-29 14:13:39,487] {processor.py:613} INFO - Processing file /home/airflow/.local/lib/python3.6/site-packages/airflow/example_dags/tutorial_etl_dag.py for tasks to queue
[2021-09-29 14:13:39,489] {logging_mixin.py:109} INFO - [2021-09-29 14:13:39,489] {dagbag.py:496} INFO - Filling up the DagBag from /home/airflow/.local/lib/python3.6/site-packages/airflow/example_dags/tutorial_etl_dag.py
[2021-09-29 14:13:39,508] {processor.py:623} INFO - DAG(s) dict_keys(['tutorial_etl_dag']) retrieved from /home/airflow/.local/lib/python3.6/site-packages/airflow/example_dags/tutorial_etl_dag.py
[2021-09-29 14:13:39,537] {logging_mixin.py:109} INFO - [2021-09-29 14:13:39,536] {dag.py:1834} INFO - Sync 1 DAGs
[2021-09-29 14:13:39,555] {logging_mixin.py:109} INFO - [2021-09-29 14:13:39,555] {dag.py:2287} INFO - Setting next_dagrun for tutorial_etl_dag to None
[2021-09-29 14:13:39,570] {processor.py:170} INFO - Processing /home/airflow/.local/lib/python3.6/site-packages/airflow/example_dags/tutorial_etl_dag.py took 0.093 seconds
[2021-09-29 14:14:10,065] {processor.py:162} INFO - Started process (PID=5245) to work on /home/airflow/.local/lib/python3.6/site-packages/airflow/example_dags/tutorial_etl_dag.py
[2021-09-29 14:14:10,067] {processor.py:613} INFO - Processing file /home/airflow/.local/lib/python3.6/site-packages/airflow/example_dags/tutorial_etl_dag.py for tasks to queue
[2021-09-29 14:14:10,069] {logging_mixin.py:109} INFO - [2021-09-29 14:14:10,069] {dagbag.py:496} INFO - Filling up the DagBag from /home/airflow/.local/lib/python3.6/site-packages/airflow/example_dags/tutorial_etl_dag.py
[2021-09-29 14:14:10,083] {processor.py:623} INFO - DAG(s) dict_keys(['tutorial_etl_dag']) retrieved from /home/airflow/.local/lib/python3.6/site-packages/airflow/example_dags/tutorial_etl_dag.py
[2021-09-29 14:14:10,110] {logging_mixin.py:109} INFO - [2021-09-29 14:14:10,110] {dag.py:1834} INFO - Sync 1 DAGs
[2021-09-29 14:14:10,132] {logging_mixin.py:109} INFO - [2021-09-29 14:14:10,132] {dag.py:2287} INFO - Setting next_dagrun for tutorial_etl_dag to None
[2021-09-29 14:14:10,144] {processor.py:170} INFO - Processing /home/airflow/.local/lib/python3.6/site-packages/airflow/example_dags/tutorial_etl_dag.py took 0.083 seconds
[2021-09-29 14:14:40,359] {processor.py:162} INFO - Started process (PID=5438) to work on /home/airflow/.local/lib/python3.6/site-packages/airflow/example_dags/tutorial_etl_dag.py
[2021-09-29 14:14:40,360] {processor.py:613} INFO - Processing file /home/airflow/.local/lib/python3.6/site-packages/airflow/example_dags/tutorial_etl_dag.py for tasks to queue
[2021-09-29 14:14:40,362] {logging_mixin.py:109} INFO - [2021-09-29 14:14:40,362] {dagbag.py:496} INFO - Filling up the DagBag from /home/airflow/.local/lib/python3.6/site-packages/airflow/example_dags/tutorial_etl_dag.py
[2021-09-29 14:14:40,376] {processor.py:623} INFO - DAG(s) dict_keys(['tutorial_etl_dag']) retrieved from /home/airflow/.local/lib/python3.6/site-packages/airflow/example_dags/tutorial_etl_dag.py
[2021-09-29 14:14:40,399] {logging_mixin.py:109} INFO - [2021-09-29 14:14:40,399] {dag.py:1834} INFO - Sync 1 DAGs
[2021-09-29 14:14:40,414] {logging_mixin.py:109} INFO - [2021-09-29 14:14:40,414] {dag.py:2287} INFO - Setting next_dagrun for tutorial_etl_dag to None
[2021-09-29 14:14:40,425] {processor.py:170} INFO - Processing /home/airflow/.local/lib/python3.6/site-packages/airflow/example_dags/tutorial_etl_dag.py took 0.070 seconds
[2021-09-29 14:15:10,758] {processor.py:162} INFO - Started process (PID=5640) to work on /home/airflow/.local/lib/python3.6/site-packages/airflow/example_dags/tutorial_etl_dag.py
[2021-09-29 14:15:10,760] {processor.py:613} INFO - Processing file /home/airflow/.local/lib/python3.6/site-packages/airflow/example_dags/tutorial_etl_dag.py for tasks to queue
[2021-09-29 14:15:10,762] {logging_mixin.py:109} INFO - [2021-09-29 14:15:10,761] {dagbag.py:496} INFO - Filling up the DagBag from /home/airflow/.local/lib/python3.6/site-packages/airflow/example_dags/tutorial_etl_dag.py
[2021-09-29 14:15:10,779] {processor.py:623} INFO - DAG(s) dict_keys(['tutorial_etl_dag']) retrieved from /home/airflow/.local/lib/python3.6/site-packages/airflow/example_dags/tutorial_etl_dag.py
[2021-09-29 14:15:10,806] {logging_mixin.py:109} INFO - [2021-09-29 14:15:10,805] {dag.py:1834} INFO - Sync 1 DAGs
[2021-09-29 14:15:10,823] {logging_mixin.py:109} INFO - [2021-09-29 14:15:10,822] {dag.py:2287} INFO - Setting next_dagrun for tutorial_etl_dag to None
[2021-09-29 14:15:10,834] {processor.py:170} INFO - Processing /home/airflow/.local/lib/python3.6/site-packages/airflow/example_dags/tutorial_etl_dag.py took 0.081 seconds
[2021-09-29 14:15:41,286] {processor.py:162} INFO - Started process (PID=5856) to work on /home/airflow/.local/lib/python3.6/site-packages/airflow/example_dags/tutorial_etl_dag.py
[2021-09-29 14:15:41,289] {processor.py:613} INFO - Processing file /home/airflow/.local/lib/python3.6/site-packages/airflow/example_dags/tutorial_etl_dag.py for tasks to queue
[2021-09-29 14:15:41,291] {logging_mixin.py:109} INFO - [2021-09-29 14:15:41,290] {dagbag.py:496} INFO - Filling up the DagBag from /home/airflow/.local/lib/python3.6/site-packages/airflow/example_dags/tutorial_etl_dag.py
[2021-09-29 14:15:41,307] {processor.py:623} INFO - DAG(s) dict_keys(['tutorial_etl_dag']) retrieved from /home/airflow/.local/lib/python3.6/site-packages/airflow/example_dags/tutorial_etl_dag.py
[2021-09-29 14:15:41,334] {logging_mixin.py:109} INFO - [2021-09-29 14:15:41,333] {dag.py:1834} INFO - Sync 1 DAGs
[2021-09-29 14:15:41,350] {logging_mixin.py:109} INFO - [2021-09-29 14:15:41,350] {dag.py:2287} INFO - Setting next_dagrun for tutorial_etl_dag to None
[2021-09-29 14:15:41,366] {processor.py:170} INFO - Processing /home/airflow/.local/lib/python3.6/site-packages/airflow/example_dags/tutorial_etl_dag.py took 0.084 seconds
[2021-09-29 14:16:12,311] {processor.py:162} INFO - Started process (PID=6050) to work on /home/airflow/.local/lib/python3.6/site-packages/airflow/example_dags/tutorial_etl_dag.py
[2021-09-29 14:16:12,313] {processor.py:613} INFO - Processing file /home/airflow/.local/lib/python3.6/site-packages/airflow/example_dags/tutorial_etl_dag.py for tasks to queue
[2021-09-29 14:16:12,315] {logging_mixin.py:109} INFO - [2021-09-29 14:16:12,315] {dagbag.py:496} INFO - Filling up the DagBag from /home/airflow/.local/lib/python3.6/site-packages/airflow/example_dags/tutorial_etl_dag.py
[2021-09-29 14:16:12,334] {processor.py:623} INFO - DAG(s) dict_keys(['tutorial_etl_dag']) retrieved from /home/airflow/.local/lib/python3.6/site-packages/airflow/example_dags/tutorial_etl_dag.py
[2021-09-29 14:16:12,364] {logging_mixin.py:109} INFO - [2021-09-29 14:16:12,364] {dag.py:1834} INFO - Sync 1 DAGs
[2021-09-29 14:16:12,382] {logging_mixin.py:109} INFO - [2021-09-29 14:16:12,382] {dag.py:2287} INFO - Setting next_dagrun for tutorial_etl_dag to None
[2021-09-29 14:16:12,396] {processor.py:170} INFO - Processing /home/airflow/.local/lib/python3.6/site-packages/airflow/example_dags/tutorial_etl_dag.py took 0.089 seconds
[2021-09-29 14:16:42,749] {processor.py:162} INFO - Started process (PID=6252) to work on /home/airflow/.local/lib/python3.6/site-packages/airflow/example_dags/tutorial_etl_dag.py
[2021-09-29 14:16:42,752] {processor.py:613} INFO - Processing file /home/airflow/.local/lib/python3.6/site-packages/airflow/example_dags/tutorial_etl_dag.py for tasks to queue
[2021-09-29 14:16:42,754] {logging_mixin.py:109} INFO - [2021-09-29 14:16:42,753] {dagbag.py:496} INFO - Filling up the DagBag from /home/airflow/.local/lib/python3.6/site-packages/airflow/example_dags/tutorial_etl_dag.py
[2021-09-29 14:16:42,769] {processor.py:623} INFO - DAG(s) dict_keys(['tutorial_etl_dag']) retrieved from /home/airflow/.local/lib/python3.6/site-packages/airflow/example_dags/tutorial_etl_dag.py
[2021-09-29 14:16:42,798] {logging_mixin.py:109} INFO - [2021-09-29 14:16:42,798] {dag.py:1834} INFO - Sync 1 DAGs
[2021-09-29 14:16:42,815] {logging_mixin.py:109} INFO - [2021-09-29 14:16:42,815] {dag.py:2287} INFO - Setting next_dagrun for tutorial_etl_dag to None
[2021-09-29 14:16:42,827] {processor.py:170} INFO - Processing /home/airflow/.local/lib/python3.6/site-packages/airflow/example_dags/tutorial_etl_dag.py took 0.083 seconds
[2021-09-29 14:17:14,090] {processor.py:162} INFO - Started process (PID=6457) to work on /home/airflow/.local/lib/python3.6/site-packages/airflow/example_dags/tutorial_etl_dag.py
[2021-09-29 14:17:14,094] {processor.py:613} INFO - Processing file /home/airflow/.local/lib/python3.6/site-packages/airflow/example_dags/tutorial_etl_dag.py for tasks to queue
[2021-09-29 14:17:14,096] {logging_mixin.py:109} INFO - [2021-09-29 14:17:14,096] {dagbag.py:496} INFO - Filling up the DagBag from /home/airflow/.local/lib/python3.6/site-packages/airflow/example_dags/tutorial_etl_dag.py
[2021-09-29 14:17:14,121] {processor.py:623} INFO - DAG(s) dict_keys(['tutorial_etl_dag']) retrieved from /home/airflow/.local/lib/python3.6/site-packages/airflow/example_dags/tutorial_etl_dag.py
[2021-09-29 14:17:14,159] {logging_mixin.py:109} INFO - [2021-09-29 14:17:14,159] {dag.py:1834} INFO - Sync 1 DAGs
[2021-09-29 14:17:14,181] {logging_mixin.py:109} INFO - [2021-09-29 14:17:14,181] {dag.py:2287} INFO - Setting next_dagrun for tutorial_etl_dag to None
[2021-09-29 14:17:14,196] {processor.py:170} INFO - Processing /home/airflow/.local/lib/python3.6/site-packages/airflow/example_dags/tutorial_etl_dag.py took 0.112 seconds
[2021-09-29 14:17:45,095] {processor.py:162} INFO - Started process (PID=6662) to work on /home/airflow/.local/lib/python3.6/site-packages/airflow/example_dags/tutorial_etl_dag.py
[2021-09-29 14:17:45,097] {processor.py:613} INFO - Processing file /home/airflow/.local/lib/python3.6/site-packages/airflow/example_dags/tutorial_etl_dag.py for tasks to queue
[2021-09-29 14:17:45,099] {logging_mixin.py:109} INFO - [2021-09-29 14:17:45,099] {dagbag.py:496} INFO - Filling up the DagBag from /home/airflow/.local/lib/python3.6/site-packages/airflow/example_dags/tutorial_etl_dag.py
[2021-09-29 14:17:45,117] {processor.py:623} INFO - DAG(s) dict_keys(['tutorial_etl_dag']) retrieved from /home/airflow/.local/lib/python3.6/site-packages/airflow/example_dags/tutorial_etl_dag.py
[2021-09-29 14:17:45,147] {logging_mixin.py:109} INFO - [2021-09-29 14:17:45,147] {dag.py:1834} INFO - Sync 1 DAGs
[2021-09-29 14:17:45,166] {logging_mixin.py:109} INFO - [2021-09-29 14:17:45,165] {dag.py:2287} INFO - Setting next_dagrun for tutorial_etl_dag to None
[2021-09-29 14:17:45,178] {processor.py:170} INFO - Processing /home/airflow/.local/lib/python3.6/site-packages/airflow/example_dags/tutorial_etl_dag.py took 0.088 seconds
[2021-09-29 14:18:15,556] {processor.py:162} INFO - Started process (PID=6867) to work on /home/airflow/.local/lib/python3.6/site-packages/airflow/example_dags/tutorial_etl_dag.py
[2021-09-29 14:18:15,559] {processor.py:613} INFO - Processing file /home/airflow/.local/lib/python3.6/site-packages/airflow/example_dags/tutorial_etl_dag.py for tasks to queue
[2021-09-29 14:18:15,561] {logging_mixin.py:109} INFO - [2021-09-29 14:18:15,561] {dagbag.py:496} INFO - Filling up the DagBag from /home/airflow/.local/lib/python3.6/site-packages/airflow/example_dags/tutorial_etl_dag.py
[2021-09-29 14:18:15,578] {processor.py:623} INFO - DAG(s) dict_keys(['tutorial_etl_dag']) retrieved from /home/airflow/.local/lib/python3.6/site-packages/airflow/example_dags/tutorial_etl_dag.py
[2021-09-29 14:18:15,615] {logging_mixin.py:109} INFO - [2021-09-29 14:18:15,615] {dag.py:1834} INFO - Sync 1 DAGs
[2021-09-29 14:18:15,633] {logging_mixin.py:109} INFO - [2021-09-29 14:18:15,633] {dag.py:2287} INFO - Setting next_dagrun for tutorial_etl_dag to None
[2021-09-29 14:18:15,647] {processor.py:170} INFO - Processing /home/airflow/.local/lib/python3.6/site-packages/airflow/example_dags/tutorial_etl_dag.py took 0.097 seconds
[2021-09-29 14:18:45,721] {processor.py:162} INFO - Started process (PID=7062) to work on /home/airflow/.local/lib/python3.6/site-packages/airflow/example_dags/tutorial_etl_dag.py
[2021-09-29 14:18:45,724] {processor.py:613} INFO - Processing file /home/airflow/.local/lib/python3.6/site-packages/airflow/example_dags/tutorial_etl_dag.py for tasks to queue
[2021-09-29 14:18:45,725] {logging_mixin.py:109} INFO - [2021-09-29 14:18:45,725] {dagbag.py:496} INFO - Filling up the DagBag from /home/airflow/.local/lib/python3.6/site-packages/airflow/example_dags/tutorial_etl_dag.py
[2021-09-29 14:18:45,737] {processor.py:623} INFO - DAG(s) dict_keys(['tutorial_etl_dag']) retrieved from /home/airflow/.local/lib/python3.6/site-packages/airflow/example_dags/tutorial_etl_dag.py
[2021-09-29 14:18:45,758] {logging_mixin.py:109} INFO - [2021-09-29 14:18:45,758] {dag.py:1834} INFO - Sync 1 DAGs
[2021-09-29 14:18:45,770] {logging_mixin.py:109} INFO - [2021-09-29 14:18:45,770] {dag.py:2287} INFO - Setting next_dagrun for tutorial_etl_dag to None
[2021-09-29 14:18:45,780] {processor.py:170} INFO - Processing /home/airflow/.local/lib/python3.6/site-packages/airflow/example_dags/tutorial_etl_dag.py took 0.063 seconds
[2021-09-29 14:19:16,055] {processor.py:162} INFO - Started process (PID=7266) to work on /home/airflow/.local/lib/python3.6/site-packages/airflow/example_dags/tutorial_etl_dag.py
[2021-09-29 14:19:16,057] {processor.py:613} INFO - Processing file /home/airflow/.local/lib/python3.6/site-packages/airflow/example_dags/tutorial_etl_dag.py for tasks to queue
[2021-09-29 14:19:16,058] {logging_mixin.py:109} INFO - [2021-09-29 14:19:16,058] {dagbag.py:496} INFO - Filling up the DagBag from /home/airflow/.local/lib/python3.6/site-packages/airflow/example_dags/tutorial_etl_dag.py
[2021-09-29 14:19:16,073] {processor.py:623} INFO - DAG(s) dict_keys(['tutorial_etl_dag']) retrieved from /home/airflow/.local/lib/python3.6/site-packages/airflow/example_dags/tutorial_etl_dag.py
[2021-09-29 14:19:16,098] {logging_mixin.py:109} INFO - [2021-09-29 14:19:16,098] {dag.py:1834} INFO - Sync 1 DAGs
[2021-09-29 14:19:16,113] {logging_mixin.py:109} INFO - [2021-09-29 14:19:16,113] {dag.py:2287} INFO - Setting next_dagrun for tutorial_etl_dag to None
[2021-09-29 14:19:16,126] {processor.py:170} INFO - Processing /home/airflow/.local/lib/python3.6/site-packages/airflow/example_dags/tutorial_etl_dag.py took 0.075 seconds
