[2021-09-29 14:01:57,677] {processor.py:162} INFO - Started process (PID=380) to work on /home/airflow/.local/lib/python3.6/site-packages/airflow/example_dags/tutorial.py
[2021-09-29 14:01:57,679] {processor.py:613} INFO - Processing file /home/airflow/.local/lib/python3.6/site-packages/airflow/example_dags/tutorial.py for tasks to queue
[2021-09-29 14:01:57,680] {logging_mixin.py:109} INFO - [2021-09-29 14:01:57,680] {dagbag.py:496} INFO - Filling up the DagBag from /home/airflow/.local/lib/python3.6/site-packages/airflow/example_dags/tutorial.py
[2021-09-29 14:01:57,699] {processor.py:623} INFO - DAG(s) dict_keys(['tutorial']) retrieved from /home/airflow/.local/lib/python3.6/site-packages/airflow/example_dags/tutorial.py
[2021-09-29 14:01:57,946] {logging_mixin.py:109} INFO - [2021-09-29 14:01:57,946] {dag.py:1834} INFO - Sync 1 DAGs
[2021-09-29 14:01:57,959] {logging_mixin.py:109} INFO - [2021-09-29 14:01:57,959] {dag.py:2287} INFO - Setting next_dagrun for tutorial to 2021-09-27 00:00:00+00:00
[2021-09-29 14:01:57,970] {processor.py:170} INFO - Processing /home/airflow/.local/lib/python3.6/site-packages/airflow/example_dags/tutorial.py took 0.298 seconds
[2021-09-29 14:02:28,642] {processor.py:162} INFO - Started process (PID=565) to work on /home/airflow/.local/lib/python3.6/site-packages/airflow/example_dags/tutorial.py
[2021-09-29 14:02:28,644] {processor.py:613} INFO - Processing file /home/airflow/.local/lib/python3.6/site-packages/airflow/example_dags/tutorial.py for tasks to queue
[2021-09-29 14:02:28,645] {logging_mixin.py:109} INFO - [2021-09-29 14:02:28,645] {dagbag.py:496} INFO - Filling up the DagBag from /home/airflow/.local/lib/python3.6/site-packages/airflow/example_dags/tutorial.py
[2021-09-29 14:02:28,660] {processor.py:623} INFO - DAG(s) dict_keys(['tutorial']) retrieved from /home/airflow/.local/lib/python3.6/site-packages/airflow/example_dags/tutorial.py
[2021-09-29 14:02:28,682] {logging_mixin.py:109} INFO - [2021-09-29 14:02:28,681] {dag.py:1834} INFO - Sync 1 DAGs
[2021-09-29 14:02:28,697] {logging_mixin.py:109} INFO - [2021-09-29 14:02:28,697] {dag.py:2287} INFO - Setting next_dagrun for tutorial to 2021-09-27 00:00:00+00:00
[2021-09-29 14:02:28,707] {processor.py:170} INFO - Processing /home/airflow/.local/lib/python3.6/site-packages/airflow/example_dags/tutorial.py took 0.072 seconds
[2021-09-29 14:02:58,771] {processor.py:162} INFO - Started process (PID=767) to work on /home/airflow/.local/lib/python3.6/site-packages/airflow/example_dags/tutorial.py
[2021-09-29 14:02:58,773] {processor.py:613} INFO - Processing file /home/airflow/.local/lib/python3.6/site-packages/airflow/example_dags/tutorial.py for tasks to queue
[2021-09-29 14:02:58,775] {logging_mixin.py:109} INFO - [2021-09-29 14:02:58,774] {dagbag.py:496} INFO - Filling up the DagBag from /home/airflow/.local/lib/python3.6/site-packages/airflow/example_dags/tutorial.py
[2021-09-29 14:02:58,789] {processor.py:623} INFO - DAG(s) dict_keys(['tutorial']) retrieved from /home/airflow/.local/lib/python3.6/site-packages/airflow/example_dags/tutorial.py
[2021-09-29 14:02:58,813] {logging_mixin.py:109} INFO - [2021-09-29 14:02:58,812] {dag.py:1834} INFO - Sync 1 DAGs
[2021-09-29 14:02:58,828] {logging_mixin.py:109} INFO - [2021-09-29 14:02:58,827] {dag.py:2287} INFO - Setting next_dagrun for tutorial to 2021-09-27 00:00:00+00:00
[2021-09-29 14:02:58,839] {processor.py:170} INFO - Processing /home/airflow/.local/lib/python3.6/site-packages/airflow/example_dags/tutorial.py took 0.072 seconds
[2021-09-29 14:03:29,466] {processor.py:162} INFO - Started process (PID=992) to work on /home/airflow/.local/lib/python3.6/site-packages/airflow/example_dags/tutorial.py
[2021-09-29 14:03:29,468] {processor.py:613} INFO - Processing file /home/airflow/.local/lib/python3.6/site-packages/airflow/example_dags/tutorial.py for tasks to queue
[2021-09-29 14:03:29,470] {logging_mixin.py:109} INFO - [2021-09-29 14:03:29,470] {dagbag.py:496} INFO - Filling up the DagBag from /home/airflow/.local/lib/python3.6/site-packages/airflow/example_dags/tutorial.py
[2021-09-29 14:03:29,487] {processor.py:623} INFO - DAG(s) dict_keys(['tutorial']) retrieved from /home/airflow/.local/lib/python3.6/site-packages/airflow/example_dags/tutorial.py
[2021-09-29 14:03:29,518] {logging_mixin.py:109} INFO - [2021-09-29 14:03:29,518] {dag.py:1834} INFO - Sync 1 DAGs
[2021-09-29 14:03:29,535] {logging_mixin.py:109} INFO - [2021-09-29 14:03:29,535] {dag.py:2287} INFO - Setting next_dagrun for tutorial to 2021-09-27 00:00:00+00:00
[2021-09-29 14:03:29,548] {processor.py:170} INFO - Processing /home/airflow/.local/lib/python3.6/site-packages/airflow/example_dags/tutorial.py took 0.086 seconds
[2021-09-29 14:03:59,884] {processor.py:162} INFO - Started process (PID=1218) to work on /home/airflow/.local/lib/python3.6/site-packages/airflow/example_dags/tutorial.py
[2021-09-29 14:03:59,887] {processor.py:613} INFO - Processing file /home/airflow/.local/lib/python3.6/site-packages/airflow/example_dags/tutorial.py for tasks to queue
[2021-09-29 14:03:59,889] {logging_mixin.py:109} INFO - [2021-09-29 14:03:59,889] {dagbag.py:496} INFO - Filling up the DagBag from /home/airflow/.local/lib/python3.6/site-packages/airflow/example_dags/tutorial.py
[2021-09-29 14:03:59,908] {processor.py:623} INFO - DAG(s) dict_keys(['tutorial']) retrieved from /home/airflow/.local/lib/python3.6/site-packages/airflow/example_dags/tutorial.py
[2021-09-29 14:03:59,949] {logging_mixin.py:109} INFO - [2021-09-29 14:03:59,949] {dag.py:1834} INFO - Sync 1 DAGs
[2021-09-29 14:03:59,965] {logging_mixin.py:109} INFO - [2021-09-29 14:03:59,965] {dag.py:2287} INFO - Setting next_dagrun for tutorial to 2021-09-27 00:00:00+00:00
[2021-09-29 14:03:59,977] {processor.py:170} INFO - Processing /home/airflow/.local/lib/python3.6/site-packages/airflow/example_dags/tutorial.py took 0.099 seconds
[2021-09-29 14:04:30,729] {processor.py:162} INFO - Started process (PID=1441) to work on /home/airflow/.local/lib/python3.6/site-packages/airflow/example_dags/tutorial.py
[2021-09-29 14:04:30,733] {processor.py:613} INFO - Processing file /home/airflow/.local/lib/python3.6/site-packages/airflow/example_dags/tutorial.py for tasks to queue
[2021-09-29 14:04:30,735] {logging_mixin.py:109} INFO - [2021-09-29 14:04:30,735] {dagbag.py:496} INFO - Filling up the DagBag from /home/airflow/.local/lib/python3.6/site-packages/airflow/example_dags/tutorial.py
[2021-09-29 14:04:30,753] {processor.py:623} INFO - DAG(s) dict_keys(['tutorial']) retrieved from /home/airflow/.local/lib/python3.6/site-packages/airflow/example_dags/tutorial.py
[2021-09-29 14:04:30,781] {logging_mixin.py:109} INFO - [2021-09-29 14:04:30,781] {dag.py:1834} INFO - Sync 1 DAGs
[2021-09-29 14:04:30,799] {logging_mixin.py:109} INFO - [2021-09-29 14:04:30,799] {dag.py:2287} INFO - Setting next_dagrun for tutorial to 2021-09-27 00:00:00+00:00
[2021-09-29 14:04:30,812] {processor.py:170} INFO - Processing /home/airflow/.local/lib/python3.6/site-packages/airflow/example_dags/tutorial.py took 0.089 seconds
[2021-09-29 14:05:01,349] {processor.py:162} INFO - Started process (PID=1650) to work on /home/airflow/.local/lib/python3.6/site-packages/airflow/example_dags/tutorial.py
[2021-09-29 14:05:01,352] {processor.py:613} INFO - Processing file /home/airflow/.local/lib/python3.6/site-packages/airflow/example_dags/tutorial.py for tasks to queue
[2021-09-29 14:05:01,357] {logging_mixin.py:109} INFO - [2021-09-29 14:05:01,356] {dagbag.py:496} INFO - Filling up the DagBag from /home/airflow/.local/lib/python3.6/site-packages/airflow/example_dags/tutorial.py
[2021-09-29 14:05:01,388] {processor.py:623} INFO - DAG(s) dict_keys(['tutorial']) retrieved from /home/airflow/.local/lib/python3.6/site-packages/airflow/example_dags/tutorial.py
[2021-09-29 14:05:01,423] {logging_mixin.py:109} INFO - [2021-09-29 14:05:01,423] {dag.py:1834} INFO - Sync 1 DAGs
[2021-09-29 14:05:01,448] {logging_mixin.py:109} INFO - [2021-09-29 14:05:01,448] {dag.py:2287} INFO - Setting next_dagrun for tutorial to 2021-09-27 00:00:00+00:00
[2021-09-29 14:05:01,466] {processor.py:170} INFO - Processing /home/airflow/.local/lib/python3.6/site-packages/airflow/example_dags/tutorial.py took 0.122 seconds
[2021-09-29 14:05:31,585] {processor.py:162} INFO - Started process (PID=1851) to work on /home/airflow/.local/lib/python3.6/site-packages/airflow/example_dags/tutorial.py
[2021-09-29 14:05:31,593] {processor.py:613} INFO - Processing file /home/airflow/.local/lib/python3.6/site-packages/airflow/example_dags/tutorial.py for tasks to queue
[2021-09-29 14:05:31,595] {logging_mixin.py:109} INFO - [2021-09-29 14:05:31,595] {dagbag.py:496} INFO - Filling up the DagBag from /home/airflow/.local/lib/python3.6/site-packages/airflow/example_dags/tutorial.py
[2021-09-29 14:05:31,613] {processor.py:623} INFO - DAG(s) dict_keys(['tutorial']) retrieved from /home/airflow/.local/lib/python3.6/site-packages/airflow/example_dags/tutorial.py
[2021-09-29 14:05:31,661] {logging_mixin.py:109} INFO - [2021-09-29 14:05:31,661] {dag.py:1834} INFO - Sync 1 DAGs
[2021-09-29 14:05:31,680] {logging_mixin.py:109} INFO - [2021-09-29 14:05:31,680] {dag.py:2287} INFO - Setting next_dagrun for tutorial to 2021-09-27 00:00:00+00:00
[2021-09-29 14:05:31,695] {processor.py:170} INFO - Processing /home/airflow/.local/lib/python3.6/site-packages/airflow/example_dags/tutorial.py took 0.114 seconds
[2021-09-29 14:06:02,375] {processor.py:162} INFO - Started process (PID=2084) to work on /home/airflow/.local/lib/python3.6/site-packages/airflow/example_dags/tutorial.py
[2021-09-29 14:06:02,377] {processor.py:613} INFO - Processing file /home/airflow/.local/lib/python3.6/site-packages/airflow/example_dags/tutorial.py for tasks to queue
[2021-09-29 14:06:02,378] {logging_mixin.py:109} INFO - [2021-09-29 14:06:02,378] {dagbag.py:496} INFO - Filling up the DagBag from /home/airflow/.local/lib/python3.6/site-packages/airflow/example_dags/tutorial.py
[2021-09-29 14:06:02,395] {processor.py:623} INFO - DAG(s) dict_keys(['tutorial']) retrieved from /home/airflow/.local/lib/python3.6/site-packages/airflow/example_dags/tutorial.py
[2021-09-29 14:06:02,427] {logging_mixin.py:109} INFO - [2021-09-29 14:06:02,427] {dag.py:1834} INFO - Sync 1 DAGs
[2021-09-29 14:06:02,443] {logging_mixin.py:109} INFO - [2021-09-29 14:06:02,443] {dag.py:2287} INFO - Setting next_dagrun for tutorial to 2021-09-27 00:00:00+00:00
[2021-09-29 14:06:02,456] {processor.py:170} INFO - Processing /home/airflow/.local/lib/python3.6/site-packages/airflow/example_dags/tutorial.py took 0.086 seconds
[2021-09-29 14:06:32,878] {processor.py:162} INFO - Started process (PID=2279) to work on /home/airflow/.local/lib/python3.6/site-packages/airflow/example_dags/tutorial.py
[2021-09-29 14:06:32,881] {processor.py:613} INFO - Processing file /home/airflow/.local/lib/python3.6/site-packages/airflow/example_dags/tutorial.py for tasks to queue
[2021-09-29 14:06:32,882] {logging_mixin.py:109} INFO - [2021-09-29 14:06:32,882] {dagbag.py:496} INFO - Filling up the DagBag from /home/airflow/.local/lib/python3.6/site-packages/airflow/example_dags/tutorial.py
[2021-09-29 14:06:32,898] {processor.py:623} INFO - DAG(s) dict_keys(['tutorial']) retrieved from /home/airflow/.local/lib/python3.6/site-packages/airflow/example_dags/tutorial.py
[2021-09-29 14:06:32,933] {logging_mixin.py:109} INFO - [2021-09-29 14:06:32,933] {dag.py:1834} INFO - Sync 1 DAGs
[2021-09-29 14:06:32,953] {logging_mixin.py:109} INFO - [2021-09-29 14:06:32,953] {dag.py:2287} INFO - Setting next_dagrun for tutorial to 2021-09-27 00:00:00+00:00
[2021-09-29 14:06:32,965] {processor.py:170} INFO - Processing /home/airflow/.local/lib/python3.6/site-packages/airflow/example_dags/tutorial.py took 0.092 seconds
[2021-09-29 14:07:03,422] {processor.py:162} INFO - Started process (PID=2474) to work on /home/airflow/.local/lib/python3.6/site-packages/airflow/example_dags/tutorial.py
[2021-09-29 14:07:03,425] {processor.py:613} INFO - Processing file /home/airflow/.local/lib/python3.6/site-packages/airflow/example_dags/tutorial.py for tasks to queue
[2021-09-29 14:07:03,427] {logging_mixin.py:109} INFO - [2021-09-29 14:07:03,427] {dagbag.py:496} INFO - Filling up the DagBag from /home/airflow/.local/lib/python3.6/site-packages/airflow/example_dags/tutorial.py
[2021-09-29 14:07:03,444] {processor.py:623} INFO - DAG(s) dict_keys(['tutorial']) retrieved from /home/airflow/.local/lib/python3.6/site-packages/airflow/example_dags/tutorial.py
[2021-09-29 14:07:03,472] {logging_mixin.py:109} INFO - [2021-09-29 14:07:03,472] {dag.py:1834} INFO - Sync 1 DAGs
[2021-09-29 14:07:03,490] {logging_mixin.py:109} INFO - [2021-09-29 14:07:03,490] {dag.py:2287} INFO - Setting next_dagrun for tutorial to 2021-09-27 00:00:00+00:00
[2021-09-29 14:07:03,504] {processor.py:170} INFO - Processing /home/airflow/.local/lib/python3.6/site-packages/airflow/example_dags/tutorial.py took 0.086 seconds
[2021-09-29 14:07:33,746] {processor.py:162} INFO - Started process (PID=2672) to work on /home/airflow/.local/lib/python3.6/site-packages/airflow/example_dags/tutorial.py
[2021-09-29 14:07:33,748] {processor.py:613} INFO - Processing file /home/airflow/.local/lib/python3.6/site-packages/airflow/example_dags/tutorial.py for tasks to queue
[2021-09-29 14:07:33,749] {logging_mixin.py:109} INFO - [2021-09-29 14:07:33,749] {dagbag.py:496} INFO - Filling up the DagBag from /home/airflow/.local/lib/python3.6/site-packages/airflow/example_dags/tutorial.py
[2021-09-29 14:07:33,765] {processor.py:623} INFO - DAG(s) dict_keys(['tutorial']) retrieved from /home/airflow/.local/lib/python3.6/site-packages/airflow/example_dags/tutorial.py
[2021-09-29 14:07:33,796] {logging_mixin.py:109} INFO - [2021-09-29 14:07:33,796] {dag.py:1834} INFO - Sync 1 DAGs
[2021-09-29 14:07:33,814] {logging_mixin.py:109} INFO - [2021-09-29 14:07:33,813] {dag.py:2287} INFO - Setting next_dagrun for tutorial to 2021-09-27 00:00:00+00:00
[2021-09-29 14:07:33,827] {processor.py:170} INFO - Processing /home/airflow/.local/lib/python3.6/site-packages/airflow/example_dags/tutorial.py took 0.085 seconds
[2021-09-29 14:08:04,193] {processor.py:162} INFO - Started process (PID=2866) to work on /home/airflow/.local/lib/python3.6/site-packages/airflow/example_dags/tutorial.py
[2021-09-29 14:08:04,195] {processor.py:613} INFO - Processing file /home/airflow/.local/lib/python3.6/site-packages/airflow/example_dags/tutorial.py for tasks to queue
[2021-09-29 14:08:04,196] {logging_mixin.py:109} INFO - [2021-09-29 14:08:04,196] {dagbag.py:496} INFO - Filling up the DagBag from /home/airflow/.local/lib/python3.6/site-packages/airflow/example_dags/tutorial.py
[2021-09-29 14:08:04,211] {processor.py:623} INFO - DAG(s) dict_keys(['tutorial']) retrieved from /home/airflow/.local/lib/python3.6/site-packages/airflow/example_dags/tutorial.py
[2021-09-29 14:08:04,239] {logging_mixin.py:109} INFO - [2021-09-29 14:08:04,238] {dag.py:1834} INFO - Sync 1 DAGs
[2021-09-29 14:08:04,256] {logging_mixin.py:109} INFO - [2021-09-29 14:08:04,255] {dag.py:2287} INFO - Setting next_dagrun for tutorial to 2021-09-27 00:00:00+00:00
[2021-09-29 14:08:04,268] {processor.py:170} INFO - Processing /home/airflow/.local/lib/python3.6/site-packages/airflow/example_dags/tutorial.py took 0.080 seconds
[2021-09-29 14:08:34,600] {processor.py:162} INFO - Started process (PID=3072) to work on /home/airflow/.local/lib/python3.6/site-packages/airflow/example_dags/tutorial.py
[2021-09-29 14:08:34,601] {processor.py:613} INFO - Processing file /home/airflow/.local/lib/python3.6/site-packages/airflow/example_dags/tutorial.py for tasks to queue
[2021-09-29 14:08:34,603] {logging_mixin.py:109} INFO - [2021-09-29 14:08:34,603] {dagbag.py:496} INFO - Filling up the DagBag from /home/airflow/.local/lib/python3.6/site-packages/airflow/example_dags/tutorial.py
[2021-09-29 14:08:34,616] {processor.py:623} INFO - DAG(s) dict_keys(['tutorial']) retrieved from /home/airflow/.local/lib/python3.6/site-packages/airflow/example_dags/tutorial.py
[2021-09-29 14:08:34,641] {logging_mixin.py:109} INFO - [2021-09-29 14:08:34,641] {dag.py:1834} INFO - Sync 1 DAGs
[2021-09-29 14:08:34,657] {logging_mixin.py:109} INFO - [2021-09-29 14:08:34,657] {dag.py:2287} INFO - Setting next_dagrun for tutorial to 2021-09-27 00:00:00+00:00
[2021-09-29 14:08:34,667] {processor.py:170} INFO - Processing /home/airflow/.local/lib/python3.6/site-packages/airflow/example_dags/tutorial.py took 0.071 seconds
[2021-09-29 14:09:05,537] {processor.py:162} INFO - Started process (PID=3267) to work on /home/airflow/.local/lib/python3.6/site-packages/airflow/example_dags/tutorial.py
[2021-09-29 14:09:05,540] {processor.py:613} INFO - Processing file /home/airflow/.local/lib/python3.6/site-packages/airflow/example_dags/tutorial.py for tasks to queue
[2021-09-29 14:09:05,542] {logging_mixin.py:109} INFO - [2021-09-29 14:09:05,542] {dagbag.py:496} INFO - Filling up the DagBag from /home/airflow/.local/lib/python3.6/site-packages/airflow/example_dags/tutorial.py
[2021-09-29 14:09:05,559] {processor.py:623} INFO - DAG(s) dict_keys(['tutorial']) retrieved from /home/airflow/.local/lib/python3.6/site-packages/airflow/example_dags/tutorial.py
[2021-09-29 14:09:05,597] {logging_mixin.py:109} INFO - [2021-09-29 14:09:05,597] {dag.py:1834} INFO - Sync 1 DAGs
[2021-09-29 14:09:05,615] {logging_mixin.py:109} INFO - [2021-09-29 14:09:05,615] {dag.py:2287} INFO - Setting next_dagrun for tutorial to 2021-09-27 00:00:00+00:00
[2021-09-29 14:09:05,630] {processor.py:170} INFO - Processing /home/airflow/.local/lib/python3.6/site-packages/airflow/example_dags/tutorial.py took 0.098 seconds
[2021-09-29 14:09:36,286] {processor.py:162} INFO - Started process (PID=3464) to work on /home/airflow/.local/lib/python3.6/site-packages/airflow/example_dags/tutorial.py
[2021-09-29 14:09:36,288] {processor.py:613} INFO - Processing file /home/airflow/.local/lib/python3.6/site-packages/airflow/example_dags/tutorial.py for tasks to queue
[2021-09-29 14:09:36,290] {logging_mixin.py:109} INFO - [2021-09-29 14:09:36,289] {dagbag.py:496} INFO - Filling up the DagBag from /home/airflow/.local/lib/python3.6/site-packages/airflow/example_dags/tutorial.py
[2021-09-29 14:09:36,306] {processor.py:623} INFO - DAG(s) dict_keys(['tutorial']) retrieved from /home/airflow/.local/lib/python3.6/site-packages/airflow/example_dags/tutorial.py
[2021-09-29 14:09:36,337] {logging_mixin.py:109} INFO - [2021-09-29 14:09:36,337] {dag.py:1834} INFO - Sync 1 DAGs
[2021-09-29 14:09:36,355] {logging_mixin.py:109} INFO - [2021-09-29 14:09:36,354] {dag.py:2287} INFO - Setting next_dagrun for tutorial to 2021-09-27 00:00:00+00:00
[2021-09-29 14:09:36,374] {processor.py:170} INFO - Processing /home/airflow/.local/lib/python3.6/site-packages/airflow/example_dags/tutorial.py took 0.094 seconds
[2021-09-29 14:10:06,460] {processor.py:162} INFO - Started process (PID=3666) to work on /home/airflow/.local/lib/python3.6/site-packages/airflow/example_dags/tutorial.py
[2021-09-29 14:10:06,463] {processor.py:613} INFO - Processing file /home/airflow/.local/lib/python3.6/site-packages/airflow/example_dags/tutorial.py for tasks to queue
[2021-09-29 14:10:06,464] {logging_mixin.py:109} INFO - [2021-09-29 14:10:06,464] {dagbag.py:496} INFO - Filling up the DagBag from /home/airflow/.local/lib/python3.6/site-packages/airflow/example_dags/tutorial.py
[2021-09-29 14:10:06,478] {processor.py:623} INFO - DAG(s) dict_keys(['tutorial']) retrieved from /home/airflow/.local/lib/python3.6/site-packages/airflow/example_dags/tutorial.py
[2021-09-29 14:10:06,510] {logging_mixin.py:109} INFO - [2021-09-29 14:10:06,510] {dag.py:1834} INFO - Sync 1 DAGs
[2021-09-29 14:10:06,526] {logging_mixin.py:109} INFO - [2021-09-29 14:10:06,526] {dag.py:2287} INFO - Setting next_dagrun for tutorial to 2021-09-27 00:00:00+00:00
[2021-09-29 14:10:06,538] {processor.py:170} INFO - Processing /home/airflow/.local/lib/python3.6/site-packages/airflow/example_dags/tutorial.py took 0.082 seconds
[2021-09-29 14:10:36,771] {processor.py:162} INFO - Started process (PID=3852) to work on /home/airflow/.local/lib/python3.6/site-packages/airflow/example_dags/tutorial.py
[2021-09-29 14:10:36,773] {processor.py:613} INFO - Processing file /home/airflow/.local/lib/python3.6/site-packages/airflow/example_dags/tutorial.py for tasks to queue
[2021-09-29 14:10:36,775] {logging_mixin.py:109} INFO - [2021-09-29 14:10:36,774] {dagbag.py:496} INFO - Filling up the DagBag from /home/airflow/.local/lib/python3.6/site-packages/airflow/example_dags/tutorial.py
[2021-09-29 14:10:36,793] {processor.py:623} INFO - DAG(s) dict_keys(['tutorial']) retrieved from /home/airflow/.local/lib/python3.6/site-packages/airflow/example_dags/tutorial.py
[2021-09-29 14:10:36,824] {logging_mixin.py:109} INFO - [2021-09-29 14:10:36,824] {dag.py:1834} INFO - Sync 1 DAGs
[2021-09-29 14:10:36,841] {logging_mixin.py:109} INFO - [2021-09-29 14:10:36,841] {dag.py:2287} INFO - Setting next_dagrun for tutorial to 2021-09-27 00:00:00+00:00
[2021-09-29 14:10:36,855] {processor.py:170} INFO - Processing /home/airflow/.local/lib/python3.6/site-packages/airflow/example_dags/tutorial.py took 0.088 seconds
[2021-09-29 14:11:07,245] {processor.py:162} INFO - Started process (PID=4053) to work on /home/airflow/.local/lib/python3.6/site-packages/airflow/example_dags/tutorial.py
[2021-09-29 14:11:07,247] {processor.py:613} INFO - Processing file /home/airflow/.local/lib/python3.6/site-packages/airflow/example_dags/tutorial.py for tasks to queue
[2021-09-29 14:11:07,249] {logging_mixin.py:109} INFO - [2021-09-29 14:11:07,249] {dagbag.py:496} INFO - Filling up the DagBag from /home/airflow/.local/lib/python3.6/site-packages/airflow/example_dags/tutorial.py
[2021-09-29 14:11:07,271] {processor.py:623} INFO - DAG(s) dict_keys(['tutorial']) retrieved from /home/airflow/.local/lib/python3.6/site-packages/airflow/example_dags/tutorial.py
[2021-09-29 14:11:07,301] {logging_mixin.py:109} INFO - [2021-09-29 14:11:07,300] {dag.py:1834} INFO - Sync 1 DAGs
[2021-09-29 14:11:07,317] {logging_mixin.py:109} INFO - [2021-09-29 14:11:07,317] {dag.py:2287} INFO - Setting next_dagrun for tutorial to 2021-09-27 00:00:00+00:00
[2021-09-29 14:11:07,330] {processor.py:170} INFO - Processing /home/airflow/.local/lib/python3.6/site-packages/airflow/example_dags/tutorial.py took 0.089 seconds
[2021-09-29 14:11:37,864] {processor.py:162} INFO - Started process (PID=4244) to work on /home/airflow/.local/lib/python3.6/site-packages/airflow/example_dags/tutorial.py
[2021-09-29 14:11:37,866] {processor.py:613} INFO - Processing file /home/airflow/.local/lib/python3.6/site-packages/airflow/example_dags/tutorial.py for tasks to queue
[2021-09-29 14:11:37,867] {logging_mixin.py:109} INFO - [2021-09-29 14:11:37,867] {dagbag.py:496} INFO - Filling up the DagBag from /home/airflow/.local/lib/python3.6/site-packages/airflow/example_dags/tutorial.py
[2021-09-29 14:11:37,885] {processor.py:623} INFO - DAG(s) dict_keys(['tutorial']) retrieved from /home/airflow/.local/lib/python3.6/site-packages/airflow/example_dags/tutorial.py
[2021-09-29 14:11:37,923] {logging_mixin.py:109} INFO - [2021-09-29 14:11:37,923] {dag.py:1834} INFO - Sync 1 DAGs
[2021-09-29 14:11:37,952] {logging_mixin.py:109} INFO - [2021-09-29 14:11:37,952] {dag.py:2287} INFO - Setting next_dagrun for tutorial to 2021-09-27 00:00:00+00:00
[2021-09-29 14:11:37,970] {processor.py:170} INFO - Processing /home/airflow/.local/lib/python3.6/site-packages/airflow/example_dags/tutorial.py took 0.111 seconds
[2021-09-29 14:12:08,417] {processor.py:162} INFO - Started process (PID=4441) to work on /home/airflow/.local/lib/python3.6/site-packages/airflow/example_dags/tutorial.py
[2021-09-29 14:12:08,420] {processor.py:613} INFO - Processing file /home/airflow/.local/lib/python3.6/site-packages/airflow/example_dags/tutorial.py for tasks to queue
[2021-09-29 14:12:08,422] {logging_mixin.py:109} INFO - [2021-09-29 14:12:08,422] {dagbag.py:496} INFO - Filling up the DagBag from /home/airflow/.local/lib/python3.6/site-packages/airflow/example_dags/tutorial.py
[2021-09-29 14:12:08,440] {processor.py:623} INFO - DAG(s) dict_keys(['tutorial']) retrieved from /home/airflow/.local/lib/python3.6/site-packages/airflow/example_dags/tutorial.py
[2021-09-29 14:12:08,471] {logging_mixin.py:109} INFO - [2021-09-29 14:12:08,471] {dag.py:1834} INFO - Sync 1 DAGs
[2021-09-29 14:12:08,492] {logging_mixin.py:109} INFO - [2021-09-29 14:12:08,492] {dag.py:2287} INFO - Setting next_dagrun for tutorial to 2021-09-27 00:00:00+00:00
[2021-09-29 14:12:08,506] {processor.py:170} INFO - Processing /home/airflow/.local/lib/python3.6/site-packages/airflow/example_dags/tutorial.py took 0.093 seconds
[2021-09-29 14:12:39,113] {processor.py:162} INFO - Started process (PID=4652) to work on /home/airflow/.local/lib/python3.6/site-packages/airflow/example_dags/tutorial.py
[2021-09-29 14:12:39,115] {processor.py:613} INFO - Processing file /home/airflow/.local/lib/python3.6/site-packages/airflow/example_dags/tutorial.py for tasks to queue
[2021-09-29 14:12:39,117] {logging_mixin.py:109} INFO - [2021-09-29 14:12:39,116] {dagbag.py:496} INFO - Filling up the DagBag from /home/airflow/.local/lib/python3.6/site-packages/airflow/example_dags/tutorial.py
[2021-09-29 14:12:39,131] {processor.py:623} INFO - DAG(s) dict_keys(['tutorial']) retrieved from /home/airflow/.local/lib/python3.6/site-packages/airflow/example_dags/tutorial.py
[2021-09-29 14:12:39,159] {logging_mixin.py:109} INFO - [2021-09-29 14:12:39,159] {dag.py:1834} INFO - Sync 1 DAGs
[2021-09-29 14:12:39,183] {logging_mixin.py:109} INFO - [2021-09-29 14:12:39,183] {dag.py:2287} INFO - Setting next_dagrun for tutorial to 2021-09-27 00:00:00+00:00
[2021-09-29 14:12:39,198] {processor.py:170} INFO - Processing /home/airflow/.local/lib/python3.6/site-packages/airflow/example_dags/tutorial.py took 0.089 seconds
[2021-09-29 14:13:09,313] {processor.py:162} INFO - Started process (PID=4855) to work on /home/airflow/.local/lib/python3.6/site-packages/airflow/example_dags/tutorial.py
[2021-09-29 14:13:09,316] {processor.py:613} INFO - Processing file /home/airflow/.local/lib/python3.6/site-packages/airflow/example_dags/tutorial.py for tasks to queue
[2021-09-29 14:13:09,319] {logging_mixin.py:109} INFO - [2021-09-29 14:13:09,319] {dagbag.py:496} INFO - Filling up the DagBag from /home/airflow/.local/lib/python3.6/site-packages/airflow/example_dags/tutorial.py
[2021-09-29 14:13:09,339] {processor.py:623} INFO - DAG(s) dict_keys(['tutorial']) retrieved from /home/airflow/.local/lib/python3.6/site-packages/airflow/example_dags/tutorial.py
[2021-09-29 14:13:09,375] {logging_mixin.py:109} INFO - [2021-09-29 14:13:09,375] {dag.py:1834} INFO - Sync 1 DAGs
[2021-09-29 14:13:09,404] {logging_mixin.py:109} INFO - [2021-09-29 14:13:09,404] {dag.py:2287} INFO - Setting next_dagrun for tutorial to 2021-09-27 00:00:00+00:00
[2021-09-29 14:13:09,425] {processor.py:170} INFO - Processing /home/airflow/.local/lib/python3.6/site-packages/airflow/example_dags/tutorial.py took 0.117 seconds
[2021-09-29 14:13:39,848] {processor.py:162} INFO - Started process (PID=5051) to work on /home/airflow/.local/lib/python3.6/site-packages/airflow/example_dags/tutorial.py
[2021-09-29 14:13:39,851] {processor.py:613} INFO - Processing file /home/airflow/.local/lib/python3.6/site-packages/airflow/example_dags/tutorial.py for tasks to queue
[2021-09-29 14:13:39,854] {logging_mixin.py:109} INFO - [2021-09-29 14:13:39,853] {dagbag.py:496} INFO - Filling up the DagBag from /home/airflow/.local/lib/python3.6/site-packages/airflow/example_dags/tutorial.py
[2021-09-29 14:13:39,874] {processor.py:623} INFO - DAG(s) dict_keys(['tutorial']) retrieved from /home/airflow/.local/lib/python3.6/site-packages/airflow/example_dags/tutorial.py
[2021-09-29 14:13:39,911] {logging_mixin.py:109} INFO - [2021-09-29 14:13:39,911] {dag.py:1834} INFO - Sync 1 DAGs
[2021-09-29 14:13:39,930] {logging_mixin.py:109} INFO - [2021-09-29 14:13:39,930] {dag.py:2287} INFO - Setting next_dagrun for tutorial to 2021-09-27 00:00:00+00:00
[2021-09-29 14:13:39,944] {processor.py:170} INFO - Processing /home/airflow/.local/lib/python3.6/site-packages/airflow/example_dags/tutorial.py took 0.102 seconds
[2021-09-29 14:14:10,315] {processor.py:162} INFO - Started process (PID=5268) to work on /home/airflow/.local/lib/python3.6/site-packages/airflow/example_dags/tutorial.py
[2021-09-29 14:14:10,317] {processor.py:613} INFO - Processing file /home/airflow/.local/lib/python3.6/site-packages/airflow/example_dags/tutorial.py for tasks to queue
[2021-09-29 14:14:10,319] {logging_mixin.py:109} INFO - [2021-09-29 14:14:10,319] {dagbag.py:496} INFO - Filling up the DagBag from /home/airflow/.local/lib/python3.6/site-packages/airflow/example_dags/tutorial.py
[2021-09-29 14:14:10,335] {processor.py:623} INFO - DAG(s) dict_keys(['tutorial']) retrieved from /home/airflow/.local/lib/python3.6/site-packages/airflow/example_dags/tutorial.py
[2021-09-29 14:14:10,364] {logging_mixin.py:109} INFO - [2021-09-29 14:14:10,364] {dag.py:1834} INFO - Sync 1 DAGs
[2021-09-29 14:14:10,382] {logging_mixin.py:109} INFO - [2021-09-29 14:14:10,382] {dag.py:2287} INFO - Setting next_dagrun for tutorial to 2021-09-27 00:00:00+00:00
[2021-09-29 14:14:10,395] {processor.py:170} INFO - Processing /home/airflow/.local/lib/python3.6/site-packages/airflow/example_dags/tutorial.py took 0.084 seconds
[2021-09-29 14:14:40,668] {processor.py:162} INFO - Started process (PID=5463) to work on /home/airflow/.local/lib/python3.6/site-packages/airflow/example_dags/tutorial.py
[2021-09-29 14:14:40,670] {processor.py:613} INFO - Processing file /home/airflow/.local/lib/python3.6/site-packages/airflow/example_dags/tutorial.py for tasks to queue
[2021-09-29 14:14:40,672] {logging_mixin.py:109} INFO - [2021-09-29 14:14:40,672] {dagbag.py:496} INFO - Filling up the DagBag from /home/airflow/.local/lib/python3.6/site-packages/airflow/example_dags/tutorial.py
[2021-09-29 14:14:40,689] {processor.py:623} INFO - DAG(s) dict_keys(['tutorial']) retrieved from /home/airflow/.local/lib/python3.6/site-packages/airflow/example_dags/tutorial.py
[2021-09-29 14:14:40,720] {logging_mixin.py:109} INFO - [2021-09-29 14:14:40,720] {dag.py:1834} INFO - Sync 1 DAGs
[2021-09-29 14:14:40,742] {logging_mixin.py:109} INFO - [2021-09-29 14:14:40,742] {dag.py:2287} INFO - Setting next_dagrun for tutorial to 2021-09-27 00:00:00+00:00
[2021-09-29 14:14:40,754] {processor.py:170} INFO - Processing /home/airflow/.local/lib/python3.6/site-packages/airflow/example_dags/tutorial.py took 0.089 seconds
[2021-09-29 14:15:11,007] {processor.py:162} INFO - Started process (PID=5665) to work on /home/airflow/.local/lib/python3.6/site-packages/airflow/example_dags/tutorial.py
[2021-09-29 14:15:11,010] {processor.py:613} INFO - Processing file /home/airflow/.local/lib/python3.6/site-packages/airflow/example_dags/tutorial.py for tasks to queue
[2021-09-29 14:15:11,012] {logging_mixin.py:109} INFO - [2021-09-29 14:15:11,012] {dagbag.py:496} INFO - Filling up the DagBag from /home/airflow/.local/lib/python3.6/site-packages/airflow/example_dags/tutorial.py
[2021-09-29 14:15:11,027] {processor.py:623} INFO - DAG(s) dict_keys(['tutorial']) retrieved from /home/airflow/.local/lib/python3.6/site-packages/airflow/example_dags/tutorial.py
[2021-09-29 14:15:11,055] {logging_mixin.py:109} INFO - [2021-09-29 14:15:11,055] {dag.py:1834} INFO - Sync 1 DAGs
[2021-09-29 14:15:11,074] {logging_mixin.py:109} INFO - [2021-09-29 14:15:11,074] {dag.py:2287} INFO - Setting next_dagrun for tutorial to 2021-09-27 00:00:00+00:00
[2021-09-29 14:15:11,089] {processor.py:170} INFO - Processing /home/airflow/.local/lib/python3.6/site-packages/airflow/example_dags/tutorial.py took 0.086 seconds
[2021-09-29 14:15:41,628] {processor.py:162} INFO - Started process (PID=5882) to work on /home/airflow/.local/lib/python3.6/site-packages/airflow/example_dags/tutorial.py
[2021-09-29 14:15:41,631] {processor.py:613} INFO - Processing file /home/airflow/.local/lib/python3.6/site-packages/airflow/example_dags/tutorial.py for tasks to queue
[2021-09-29 14:15:41,632] {logging_mixin.py:109} INFO - [2021-09-29 14:15:41,632] {dagbag.py:496} INFO - Filling up the DagBag from /home/airflow/.local/lib/python3.6/site-packages/airflow/example_dags/tutorial.py
[2021-09-29 14:15:41,654] {processor.py:623} INFO - DAG(s) dict_keys(['tutorial']) retrieved from /home/airflow/.local/lib/python3.6/site-packages/airflow/example_dags/tutorial.py
[2021-09-29 14:15:41,686] {logging_mixin.py:109} INFO - [2021-09-29 14:15:41,686] {dag.py:1834} INFO - Sync 1 DAGs
[2021-09-29 14:15:41,705] {logging_mixin.py:109} INFO - [2021-09-29 14:15:41,705] {dag.py:2287} INFO - Setting next_dagrun for tutorial to 2021-09-27 00:00:00+00:00
[2021-09-29 14:15:41,718] {processor.py:170} INFO - Processing /home/airflow/.local/lib/python3.6/site-packages/airflow/example_dags/tutorial.py took 0.095 seconds
[2021-09-29 14:16:12,582] {processor.py:162} INFO - Started process (PID=6074) to work on /home/airflow/.local/lib/python3.6/site-packages/airflow/example_dags/tutorial.py
[2021-09-29 14:16:12,584] {processor.py:613} INFO - Processing file /home/airflow/.local/lib/python3.6/site-packages/airflow/example_dags/tutorial.py for tasks to queue
[2021-09-29 14:16:12,586] {logging_mixin.py:109} INFO - [2021-09-29 14:16:12,586] {dagbag.py:496} INFO - Filling up the DagBag from /home/airflow/.local/lib/python3.6/site-packages/airflow/example_dags/tutorial.py
[2021-09-29 14:16:12,603] {processor.py:623} INFO - DAG(s) dict_keys(['tutorial']) retrieved from /home/airflow/.local/lib/python3.6/site-packages/airflow/example_dags/tutorial.py
[2021-09-29 14:16:12,634] {logging_mixin.py:109} INFO - [2021-09-29 14:16:12,633] {dag.py:1834} INFO - Sync 1 DAGs
[2021-09-29 14:16:12,653] {logging_mixin.py:109} INFO - [2021-09-29 14:16:12,652] {dag.py:2287} INFO - Setting next_dagrun for tutorial to 2021-09-27 00:00:00+00:00
[2021-09-29 14:16:12,667] {processor.py:170} INFO - Processing /home/airflow/.local/lib/python3.6/site-packages/airflow/example_dags/tutorial.py took 0.090 seconds
[2021-09-29 14:16:43,101] {processor.py:162} INFO - Started process (PID=6277) to work on /home/airflow/.local/lib/python3.6/site-packages/airflow/example_dags/tutorial.py
[2021-09-29 14:16:43,104] {processor.py:613} INFO - Processing file /home/airflow/.local/lib/python3.6/site-packages/airflow/example_dags/tutorial.py for tasks to queue
[2021-09-29 14:16:43,106] {logging_mixin.py:109} INFO - [2021-09-29 14:16:43,106] {dagbag.py:496} INFO - Filling up the DagBag from /home/airflow/.local/lib/python3.6/site-packages/airflow/example_dags/tutorial.py
[2021-09-29 14:16:43,122] {processor.py:623} INFO - DAG(s) dict_keys(['tutorial']) retrieved from /home/airflow/.local/lib/python3.6/site-packages/airflow/example_dags/tutorial.py
[2021-09-29 14:16:43,156] {logging_mixin.py:109} INFO - [2021-09-29 14:16:43,156] {dag.py:1834} INFO - Sync 1 DAGs
[2021-09-29 14:16:43,175] {logging_mixin.py:109} INFO - [2021-09-29 14:16:43,175] {dag.py:2287} INFO - Setting next_dagrun for tutorial to 2021-09-27 00:00:00+00:00
[2021-09-29 14:16:43,192] {processor.py:170} INFO - Processing /home/airflow/.local/lib/python3.6/site-packages/airflow/example_dags/tutorial.py took 0.095 seconds
[2021-09-29 14:17:14,516] {processor.py:162} INFO - Started process (PID=6482) to work on /home/airflow/.local/lib/python3.6/site-packages/airflow/example_dags/tutorial.py
[2021-09-29 14:17:14,520] {processor.py:613} INFO - Processing file /home/airflow/.local/lib/python3.6/site-packages/airflow/example_dags/tutorial.py for tasks to queue
[2021-09-29 14:17:14,522] {logging_mixin.py:109} INFO - [2021-09-29 14:17:14,522] {dagbag.py:496} INFO - Filling up the DagBag from /home/airflow/.local/lib/python3.6/site-packages/airflow/example_dags/tutorial.py
[2021-09-29 14:17:14,541] {processor.py:623} INFO - DAG(s) dict_keys(['tutorial']) retrieved from /home/airflow/.local/lib/python3.6/site-packages/airflow/example_dags/tutorial.py
[2021-09-29 14:17:14,572] {logging_mixin.py:109} INFO - [2021-09-29 14:17:14,572] {dag.py:1834} INFO - Sync 1 DAGs
[2021-09-29 14:17:14,595] {logging_mixin.py:109} INFO - [2021-09-29 14:17:14,595] {dag.py:2287} INFO - Setting next_dagrun for tutorial to 2021-09-27 00:00:00+00:00
[2021-09-29 14:17:14,611] {processor.py:170} INFO - Processing /home/airflow/.local/lib/python3.6/site-packages/airflow/example_dags/tutorial.py took 0.100 seconds
[2021-09-29 14:17:45,363] {processor.py:162} INFO - Started process (PID=6687) to work on /home/airflow/.local/lib/python3.6/site-packages/airflow/example_dags/tutorial.py
[2021-09-29 14:17:45,365] {processor.py:613} INFO - Processing file /home/airflow/.local/lib/python3.6/site-packages/airflow/example_dags/tutorial.py for tasks to queue
[2021-09-29 14:17:45,367] {logging_mixin.py:109} INFO - [2021-09-29 14:17:45,367] {dagbag.py:496} INFO - Filling up the DagBag from /home/airflow/.local/lib/python3.6/site-packages/airflow/example_dags/tutorial.py
[2021-09-29 14:17:45,386] {processor.py:623} INFO - DAG(s) dict_keys(['tutorial']) retrieved from /home/airflow/.local/lib/python3.6/site-packages/airflow/example_dags/tutorial.py
[2021-09-29 14:17:45,415] {logging_mixin.py:109} INFO - [2021-09-29 14:17:45,415] {dag.py:1834} INFO - Sync 1 DAGs
[2021-09-29 14:17:45,434] {logging_mixin.py:109} INFO - [2021-09-29 14:17:45,434] {dag.py:2287} INFO - Setting next_dagrun for tutorial to 2021-09-27 00:00:00+00:00
[2021-09-29 14:17:45,447] {processor.py:170} INFO - Processing /home/airflow/.local/lib/python3.6/site-packages/airflow/example_dags/tutorial.py took 0.088 seconds
[2021-09-29 14:18:15,835] {processor.py:162} INFO - Started process (PID=6890) to work on /home/airflow/.local/lib/python3.6/site-packages/airflow/example_dags/tutorial.py
[2021-09-29 14:18:15,838] {processor.py:613} INFO - Processing file /home/airflow/.local/lib/python3.6/site-packages/airflow/example_dags/tutorial.py for tasks to queue
[2021-09-29 14:18:15,839] {logging_mixin.py:109} INFO - [2021-09-29 14:18:15,839] {dagbag.py:496} INFO - Filling up the DagBag from /home/airflow/.local/lib/python3.6/site-packages/airflow/example_dags/tutorial.py
[2021-09-29 14:18:15,856] {processor.py:623} INFO - DAG(s) dict_keys(['tutorial']) retrieved from /home/airflow/.local/lib/python3.6/site-packages/airflow/example_dags/tutorial.py
[2021-09-29 14:18:15,886] {logging_mixin.py:109} INFO - [2021-09-29 14:18:15,885] {dag.py:1834} INFO - Sync 1 DAGs
[2021-09-29 14:18:15,904] {logging_mixin.py:109} INFO - [2021-09-29 14:18:15,904] {dag.py:2287} INFO - Setting next_dagrun for tutorial to 2021-09-27 00:00:00+00:00
[2021-09-29 14:18:15,916] {processor.py:170} INFO - Processing /home/airflow/.local/lib/python3.6/site-packages/airflow/example_dags/tutorial.py took 0.085 seconds
[2021-09-29 14:18:46,079] {processor.py:162} INFO - Started process (PID=7089) to work on /home/airflow/.local/lib/python3.6/site-packages/airflow/example_dags/tutorial.py
[2021-09-29 14:18:46,082] {processor.py:613} INFO - Processing file /home/airflow/.local/lib/python3.6/site-packages/airflow/example_dags/tutorial.py for tasks to queue
[2021-09-29 14:18:46,084] {logging_mixin.py:109} INFO - [2021-09-29 14:18:46,084] {dagbag.py:496} INFO - Filling up the DagBag from /home/airflow/.local/lib/python3.6/site-packages/airflow/example_dags/tutorial.py
[2021-09-29 14:18:46,100] {processor.py:623} INFO - DAG(s) dict_keys(['tutorial']) retrieved from /home/airflow/.local/lib/python3.6/site-packages/airflow/example_dags/tutorial.py
[2021-09-29 14:18:46,130] {logging_mixin.py:109} INFO - [2021-09-29 14:18:46,130] {dag.py:1834} INFO - Sync 1 DAGs
[2021-09-29 14:18:46,149] {logging_mixin.py:109} INFO - [2021-09-29 14:18:46,149] {dag.py:2287} INFO - Setting next_dagrun for tutorial to 2021-09-27 00:00:00+00:00
[2021-09-29 14:18:46,162] {processor.py:170} INFO - Processing /home/airflow/.local/lib/python3.6/site-packages/airflow/example_dags/tutorial.py took 0.091 seconds
[2021-09-29 14:19:16,458] {processor.py:162} INFO - Started process (PID=7291) to work on /home/airflow/.local/lib/python3.6/site-packages/airflow/example_dags/tutorial.py
[2021-09-29 14:19:16,460] {processor.py:613} INFO - Processing file /home/airflow/.local/lib/python3.6/site-packages/airflow/example_dags/tutorial.py for tasks to queue
[2021-09-29 14:19:16,462] {logging_mixin.py:109} INFO - [2021-09-29 14:19:16,462] {dagbag.py:496} INFO - Filling up the DagBag from /home/airflow/.local/lib/python3.6/site-packages/airflow/example_dags/tutorial.py
[2021-09-29 14:19:16,477] {processor.py:623} INFO - DAG(s) dict_keys(['tutorial']) retrieved from /home/airflow/.local/lib/python3.6/site-packages/airflow/example_dags/tutorial.py
[2021-09-29 14:19:16,506] {logging_mixin.py:109} INFO - [2021-09-29 14:19:16,505] {dag.py:1834} INFO - Sync 1 DAGs
[2021-09-29 14:19:16,522] {logging_mixin.py:109} INFO - [2021-09-29 14:19:16,522] {dag.py:2287} INFO - Setting next_dagrun for tutorial to 2021-09-27 00:00:00+00:00
[2021-09-29 14:19:16,533] {processor.py:170} INFO - Processing /home/airflow/.local/lib/python3.6/site-packages/airflow/example_dags/tutorial.py took 0.079 seconds
