[2021-09-29 14:01:51,976] {processor.py:162} INFO - Started process (PID=260) to work on /home/airflow/.local/lib/python3.6/site-packages/airflow/example_dags/tutorial_taskflow_api_etl.py
[2021-09-29 14:01:51,979] {processor.py:613} INFO - Processing file /home/airflow/.local/lib/python3.6/site-packages/airflow/example_dags/tutorial_taskflow_api_etl.py for tasks to queue
[2021-09-29 14:01:51,982] {logging_mixin.py:109} INFO - [2021-09-29 14:01:51,981] {dagbag.py:496} INFO - Filling up the DagBag from /home/airflow/.local/lib/python3.6/site-packages/airflow/example_dags/tutorial_taskflow_api_etl.py
[2021-09-29 14:01:52,034] {processor.py:623} INFO - DAG(s) dict_keys(['tutorial_taskflow_api_etl']) retrieved from /home/airflow/.local/lib/python3.6/site-packages/airflow/example_dags/tutorial_taskflow_api_etl.py
[2021-09-29 14:01:52,403] {logging_mixin.py:109} INFO - [2021-09-29 14:01:52,403] {dag.py:1834} INFO - Sync 1 DAGs
[2021-09-29 14:01:52,430] {logging_mixin.py:109} INFO - [2021-09-29 14:01:52,430] {dag.py:2287} INFO - Setting next_dagrun for tutorial_taskflow_api_etl to None
[2021-09-29 14:01:52,480] {processor.py:170} INFO - Processing /home/airflow/.local/lib/python3.6/site-packages/airflow/example_dags/tutorial_taskflow_api_etl.py took 0.509 seconds
[2021-09-29 14:02:22,815] {processor.py:162} INFO - Started process (PID=445) to work on /home/airflow/.local/lib/python3.6/site-packages/airflow/example_dags/tutorial_taskflow_api_etl.py
[2021-09-29 14:02:22,818] {processor.py:613} INFO - Processing file /home/airflow/.local/lib/python3.6/site-packages/airflow/example_dags/tutorial_taskflow_api_etl.py for tasks to queue
[2021-09-29 14:02:22,819] {logging_mixin.py:109} INFO - [2021-09-29 14:02:22,819] {dagbag.py:496} INFO - Filling up the DagBag from /home/airflow/.local/lib/python3.6/site-packages/airflow/example_dags/tutorial_taskflow_api_etl.py
[2021-09-29 14:02:22,843] {processor.py:623} INFO - DAG(s) dict_keys(['tutorial_taskflow_api_etl']) retrieved from /home/airflow/.local/lib/python3.6/site-packages/airflow/example_dags/tutorial_taskflow_api_etl.py
[2021-09-29 14:02:23,060] {logging_mixin.py:109} INFO - [2021-09-29 14:02:23,060] {dag.py:1834} INFO - Sync 1 DAGs
[2021-09-29 14:02:23,071] {logging_mixin.py:109} INFO - [2021-09-29 14:02:23,071] {dag.py:2287} INFO - Setting next_dagrun for tutorial_taskflow_api_etl to None
[2021-09-29 14:02:23,081] {processor.py:170} INFO - Processing /home/airflow/.local/lib/python3.6/site-packages/airflow/example_dags/tutorial_taskflow_api_etl.py took 0.270 seconds
[2021-09-29 14:02:53,978] {processor.py:162} INFO - Started process (PID=642) to work on /home/airflow/.local/lib/python3.6/site-packages/airflow/example_dags/tutorial_taskflow_api_etl.py
[2021-09-29 14:02:53,980] {processor.py:613} INFO - Processing file /home/airflow/.local/lib/python3.6/site-packages/airflow/example_dags/tutorial_taskflow_api_etl.py for tasks to queue
[2021-09-29 14:02:53,981] {logging_mixin.py:109} INFO - [2021-09-29 14:02:53,981] {dagbag.py:496} INFO - Filling up the DagBag from /home/airflow/.local/lib/python3.6/site-packages/airflow/example_dags/tutorial_taskflow_api_etl.py
[2021-09-29 14:02:54,001] {processor.py:623} INFO - DAG(s) dict_keys(['tutorial_taskflow_api_etl']) retrieved from /home/airflow/.local/lib/python3.6/site-packages/airflow/example_dags/tutorial_taskflow_api_etl.py
[2021-09-29 14:02:54,188] {logging_mixin.py:109} INFO - [2021-09-29 14:02:54,188] {dag.py:1834} INFO - Sync 1 DAGs
[2021-09-29 14:02:54,201] {logging_mixin.py:109} INFO - [2021-09-29 14:02:54,201] {dag.py:2287} INFO - Setting next_dagrun for tutorial_taskflow_api_etl to None
[2021-09-29 14:02:54,215] {processor.py:170} INFO - Processing /home/airflow/.local/lib/python3.6/site-packages/airflow/example_dags/tutorial_taskflow_api_etl.py took 0.242 seconds
[2021-09-29 14:03:24,626] {processor.py:162} INFO - Started process (PID=855) to work on /home/airflow/.local/lib/python3.6/site-packages/airflow/example_dags/tutorial_taskflow_api_etl.py
[2021-09-29 14:03:24,628] {processor.py:613} INFO - Processing file /home/airflow/.local/lib/python3.6/site-packages/airflow/example_dags/tutorial_taskflow_api_etl.py for tasks to queue
[2021-09-29 14:03:24,630] {logging_mixin.py:109} INFO - [2021-09-29 14:03:24,630] {dagbag.py:496} INFO - Filling up the DagBag from /home/airflow/.local/lib/python3.6/site-packages/airflow/example_dags/tutorial_taskflow_api_etl.py
[2021-09-29 14:03:24,649] {processor.py:623} INFO - DAG(s) dict_keys(['tutorial_taskflow_api_etl']) retrieved from /home/airflow/.local/lib/python3.6/site-packages/airflow/example_dags/tutorial_taskflow_api_etl.py
[2021-09-29 14:03:24,817] {logging_mixin.py:109} INFO - [2021-09-29 14:03:24,817] {dag.py:1834} INFO - Sync 1 DAGs
[2021-09-29 14:03:24,829] {logging_mixin.py:109} INFO - [2021-09-29 14:03:24,829] {dag.py:2287} INFO - Setting next_dagrun for tutorial_taskflow_api_etl to None
[2021-09-29 14:03:24,841] {processor.py:170} INFO - Processing /home/airflow/.local/lib/python3.6/site-packages/airflow/example_dags/tutorial_taskflow_api_etl.py took 0.218 seconds
[2021-09-29 14:03:55,203] {processor.py:162} INFO - Started process (PID=1092) to work on /home/airflow/.local/lib/python3.6/site-packages/airflow/example_dags/tutorial_taskflow_api_etl.py
[2021-09-29 14:03:55,206] {processor.py:613} INFO - Processing file /home/airflow/.local/lib/python3.6/site-packages/airflow/example_dags/tutorial_taskflow_api_etl.py for tasks to queue
[2021-09-29 14:03:55,208] {logging_mixin.py:109} INFO - [2021-09-29 14:03:55,208] {dagbag.py:496} INFO - Filling up the DagBag from /home/airflow/.local/lib/python3.6/site-packages/airflow/example_dags/tutorial_taskflow_api_etl.py
[2021-09-29 14:03:55,236] {processor.py:623} INFO - DAG(s) dict_keys(['tutorial_taskflow_api_etl']) retrieved from /home/airflow/.local/lib/python3.6/site-packages/airflow/example_dags/tutorial_taskflow_api_etl.py
[2021-09-29 14:03:55,426] {logging_mixin.py:109} INFO - [2021-09-29 14:03:55,426] {dag.py:1834} INFO - Sync 1 DAGs
[2021-09-29 14:03:55,440] {logging_mixin.py:109} INFO - [2021-09-29 14:03:55,440] {dag.py:2287} INFO - Setting next_dagrun for tutorial_taskflow_api_etl to None
[2021-09-29 14:03:55,453] {processor.py:170} INFO - Processing /home/airflow/.local/lib/python3.6/site-packages/airflow/example_dags/tutorial_taskflow_api_etl.py took 0.255 seconds
[2021-09-29 14:04:25,988] {processor.py:162} INFO - Started process (PID=1325) to work on /home/airflow/.local/lib/python3.6/site-packages/airflow/example_dags/tutorial_taskflow_api_etl.py
[2021-09-29 14:04:25,991] {processor.py:613} INFO - Processing file /home/airflow/.local/lib/python3.6/site-packages/airflow/example_dags/tutorial_taskflow_api_etl.py for tasks to queue
[2021-09-29 14:04:25,993] {logging_mixin.py:109} INFO - [2021-09-29 14:04:25,993] {dagbag.py:496} INFO - Filling up the DagBag from /home/airflow/.local/lib/python3.6/site-packages/airflow/example_dags/tutorial_taskflow_api_etl.py
[2021-09-29 14:04:26,013] {processor.py:623} INFO - DAG(s) dict_keys(['tutorial_taskflow_api_etl']) retrieved from /home/airflow/.local/lib/python3.6/site-packages/airflow/example_dags/tutorial_taskflow_api_etl.py
[2021-09-29 14:04:26,184] {logging_mixin.py:109} INFO - [2021-09-29 14:04:26,183] {dag.py:1834} INFO - Sync 1 DAGs
[2021-09-29 14:04:26,195] {logging_mixin.py:109} INFO - [2021-09-29 14:04:26,195] {dag.py:2287} INFO - Setting next_dagrun for tutorial_taskflow_api_etl to None
[2021-09-29 14:04:26,206] {processor.py:170} INFO - Processing /home/airflow/.local/lib/python3.6/site-packages/airflow/example_dags/tutorial_taskflow_api_etl.py took 0.221 seconds
[2021-09-29 14:04:56,292] {processor.py:162} INFO - Started process (PID=1512) to work on /home/airflow/.local/lib/python3.6/site-packages/airflow/example_dags/tutorial_taskflow_api_etl.py
[2021-09-29 14:04:56,293] {processor.py:613} INFO - Processing file /home/airflow/.local/lib/python3.6/site-packages/airflow/example_dags/tutorial_taskflow_api_etl.py for tasks to queue
[2021-09-29 14:04:56,295] {logging_mixin.py:109} INFO - [2021-09-29 14:04:56,295] {dagbag.py:496} INFO - Filling up the DagBag from /home/airflow/.local/lib/python3.6/site-packages/airflow/example_dags/tutorial_taskflow_api_etl.py
[2021-09-29 14:04:56,309] {processor.py:623} INFO - DAG(s) dict_keys(['tutorial_taskflow_api_etl']) retrieved from /home/airflow/.local/lib/python3.6/site-packages/airflow/example_dags/tutorial_taskflow_api_etl.py
[2021-09-29 14:04:56,470] {logging_mixin.py:109} INFO - [2021-09-29 14:04:56,470] {dag.py:1834} INFO - Sync 1 DAGs
[2021-09-29 14:04:56,484] {logging_mixin.py:109} INFO - [2021-09-29 14:04:56,484] {dag.py:2287} INFO - Setting next_dagrun for tutorial_taskflow_api_etl to None
[2021-09-29 14:04:56,495] {processor.py:170} INFO - Processing /home/airflow/.local/lib/python3.6/site-packages/airflow/example_dags/tutorial_taskflow_api_etl.py took 0.206 seconds
[2021-09-29 14:05:26,950] {processor.py:162} INFO - Started process (PID=1725) to work on /home/airflow/.local/lib/python3.6/site-packages/airflow/example_dags/tutorial_taskflow_api_etl.py
[2021-09-29 14:05:26,952] {processor.py:613} INFO - Processing file /home/airflow/.local/lib/python3.6/site-packages/airflow/example_dags/tutorial_taskflow_api_etl.py for tasks to queue
[2021-09-29 14:05:26,954] {logging_mixin.py:109} INFO - [2021-09-29 14:05:26,953] {dagbag.py:496} INFO - Filling up the DagBag from /home/airflow/.local/lib/python3.6/site-packages/airflow/example_dags/tutorial_taskflow_api_etl.py
[2021-09-29 14:05:26,977] {processor.py:623} INFO - DAG(s) dict_keys(['tutorial_taskflow_api_etl']) retrieved from /home/airflow/.local/lib/python3.6/site-packages/airflow/example_dags/tutorial_taskflow_api_etl.py
[2021-09-29 14:05:27,177] {logging_mixin.py:109} INFO - [2021-09-29 14:05:27,177] {dag.py:1834} INFO - Sync 1 DAGs
[2021-09-29 14:05:27,188] {logging_mixin.py:109} INFO - [2021-09-29 14:05:27,188] {dag.py:2287} INFO - Setting next_dagrun for tutorial_taskflow_api_etl to None
[2021-09-29 14:05:27,198] {processor.py:170} INFO - Processing /home/airflow/.local/lib/python3.6/site-packages/airflow/example_dags/tutorial_taskflow_api_etl.py took 0.252 seconds
[2021-09-29 14:05:57,558] {processor.py:162} INFO - Started process (PID=1963) to work on /home/airflow/.local/lib/python3.6/site-packages/airflow/example_dags/tutorial_taskflow_api_etl.py
[2021-09-29 14:05:57,561] {processor.py:613} INFO - Processing file /home/airflow/.local/lib/python3.6/site-packages/airflow/example_dags/tutorial_taskflow_api_etl.py for tasks to queue
[2021-09-29 14:05:57,563] {logging_mixin.py:109} INFO - [2021-09-29 14:05:57,563] {dagbag.py:496} INFO - Filling up the DagBag from /home/airflow/.local/lib/python3.6/site-packages/airflow/example_dags/tutorial_taskflow_api_etl.py
[2021-09-29 14:05:57,582] {processor.py:623} INFO - DAG(s) dict_keys(['tutorial_taskflow_api_etl']) retrieved from /home/airflow/.local/lib/python3.6/site-packages/airflow/example_dags/tutorial_taskflow_api_etl.py
[2021-09-29 14:05:57,816] {logging_mixin.py:109} INFO - [2021-09-29 14:05:57,816] {dag.py:1834} INFO - Sync 1 DAGs
[2021-09-29 14:05:57,835] {logging_mixin.py:109} INFO - [2021-09-29 14:05:57,835] {dag.py:2287} INFO - Setting next_dagrun for tutorial_taskflow_api_etl to None
[2021-09-29 14:05:57,858] {processor.py:170} INFO - Processing /home/airflow/.local/lib/python3.6/site-packages/airflow/example_dags/tutorial_taskflow_api_etl.py took 0.304 seconds
[2021-09-29 14:06:28,195] {processor.py:162} INFO - Started process (PID=2154) to work on /home/airflow/.local/lib/python3.6/site-packages/airflow/example_dags/tutorial_taskflow_api_etl.py
[2021-09-29 14:06:28,197] {processor.py:613} INFO - Processing file /home/airflow/.local/lib/python3.6/site-packages/airflow/example_dags/tutorial_taskflow_api_etl.py for tasks to queue
[2021-09-29 14:06:28,199] {logging_mixin.py:109} INFO - [2021-09-29 14:06:28,199] {dagbag.py:496} INFO - Filling up the DagBag from /home/airflow/.local/lib/python3.6/site-packages/airflow/example_dags/tutorial_taskflow_api_etl.py
[2021-09-29 14:06:28,220] {processor.py:623} INFO - DAG(s) dict_keys(['tutorial_taskflow_api_etl']) retrieved from /home/airflow/.local/lib/python3.6/site-packages/airflow/example_dags/tutorial_taskflow_api_etl.py
[2021-09-29 14:06:28,449] {logging_mixin.py:109} INFO - [2021-09-29 14:06:28,449] {dag.py:1834} INFO - Sync 1 DAGs
[2021-09-29 14:06:28,471] {logging_mixin.py:109} INFO - [2021-09-29 14:06:28,471] {dag.py:2287} INFO - Setting next_dagrun for tutorial_taskflow_api_etl to None
[2021-09-29 14:06:28,488] {processor.py:170} INFO - Processing /home/airflow/.local/lib/python3.6/site-packages/airflow/example_dags/tutorial_taskflow_api_etl.py took 0.299 seconds
[2021-09-29 14:06:58,757] {processor.py:162} INFO - Started process (PID=2353) to work on /home/airflow/.local/lib/python3.6/site-packages/airflow/example_dags/tutorial_taskflow_api_etl.py
[2021-09-29 14:06:58,760] {processor.py:613} INFO - Processing file /home/airflow/.local/lib/python3.6/site-packages/airflow/example_dags/tutorial_taskflow_api_etl.py for tasks to queue
[2021-09-29 14:06:58,762] {logging_mixin.py:109} INFO - [2021-09-29 14:06:58,762] {dagbag.py:496} INFO - Filling up the DagBag from /home/airflow/.local/lib/python3.6/site-packages/airflow/example_dags/tutorial_taskflow_api_etl.py
[2021-09-29 14:06:58,786] {processor.py:623} INFO - DAG(s) dict_keys(['tutorial_taskflow_api_etl']) retrieved from /home/airflow/.local/lib/python3.6/site-packages/airflow/example_dags/tutorial_taskflow_api_etl.py
[2021-09-29 14:06:59,006] {logging_mixin.py:109} INFO - [2021-09-29 14:06:59,006] {dag.py:1834} INFO - Sync 1 DAGs
[2021-09-29 14:06:59,018] {logging_mixin.py:109} INFO - [2021-09-29 14:06:59,018] {dag.py:2287} INFO - Setting next_dagrun for tutorial_taskflow_api_etl to None
[2021-09-29 14:06:59,033] {processor.py:170} INFO - Processing /home/airflow/.local/lib/python3.6/site-packages/airflow/example_dags/tutorial_taskflow_api_etl.py took 0.281 seconds
[2021-09-29 14:07:29,268] {processor.py:162} INFO - Started process (PID=2548) to work on /home/airflow/.local/lib/python3.6/site-packages/airflow/example_dags/tutorial_taskflow_api_etl.py
[2021-09-29 14:07:29,270] {processor.py:613} INFO - Processing file /home/airflow/.local/lib/python3.6/site-packages/airflow/example_dags/tutorial_taskflow_api_etl.py for tasks to queue
[2021-09-29 14:07:29,271] {logging_mixin.py:109} INFO - [2021-09-29 14:07:29,271] {dagbag.py:496} INFO - Filling up the DagBag from /home/airflow/.local/lib/python3.6/site-packages/airflow/example_dags/tutorial_taskflow_api_etl.py
[2021-09-29 14:07:29,287] {processor.py:623} INFO - DAG(s) dict_keys(['tutorial_taskflow_api_etl']) retrieved from /home/airflow/.local/lib/python3.6/site-packages/airflow/example_dags/tutorial_taskflow_api_etl.py
[2021-09-29 14:07:29,451] {logging_mixin.py:109} INFO - [2021-09-29 14:07:29,451] {dag.py:1834} INFO - Sync 1 DAGs
[2021-09-29 14:07:29,467] {logging_mixin.py:109} INFO - [2021-09-29 14:07:29,467] {dag.py:2287} INFO - Setting next_dagrun for tutorial_taskflow_api_etl to None
[2021-09-29 14:07:29,478] {processor.py:170} INFO - Processing /home/airflow/.local/lib/python3.6/site-packages/airflow/example_dags/tutorial_taskflow_api_etl.py took 0.213 seconds
[2021-09-29 14:07:59,694] {processor.py:162} INFO - Started process (PID=2748) to work on /home/airflow/.local/lib/python3.6/site-packages/airflow/example_dags/tutorial_taskflow_api_etl.py
[2021-09-29 14:07:59,696] {processor.py:613} INFO - Processing file /home/airflow/.local/lib/python3.6/site-packages/airflow/example_dags/tutorial_taskflow_api_etl.py for tasks to queue
[2021-09-29 14:07:59,697] {logging_mixin.py:109} INFO - [2021-09-29 14:07:59,697] {dagbag.py:496} INFO - Filling up the DagBag from /home/airflow/.local/lib/python3.6/site-packages/airflow/example_dags/tutorial_taskflow_api_etl.py
[2021-09-29 14:07:59,715] {processor.py:623} INFO - DAG(s) dict_keys(['tutorial_taskflow_api_etl']) retrieved from /home/airflow/.local/lib/python3.6/site-packages/airflow/example_dags/tutorial_taskflow_api_etl.py
[2021-09-29 14:07:59,877] {logging_mixin.py:109} INFO - [2021-09-29 14:07:59,877] {dag.py:1834} INFO - Sync 1 DAGs
[2021-09-29 14:07:59,888] {logging_mixin.py:109} INFO - [2021-09-29 14:07:59,888] {dag.py:2287} INFO - Setting next_dagrun for tutorial_taskflow_api_etl to None
[2021-09-29 14:07:59,899] {processor.py:170} INFO - Processing /home/airflow/.local/lib/python3.6/site-packages/airflow/example_dags/tutorial_taskflow_api_etl.py took 0.208 seconds
[2021-09-29 14:08:30,123] {processor.py:162} INFO - Started process (PID=2957) to work on /home/airflow/.local/lib/python3.6/site-packages/airflow/example_dags/tutorial_taskflow_api_etl.py
[2021-09-29 14:08:30,125] {processor.py:613} INFO - Processing file /home/airflow/.local/lib/python3.6/site-packages/airflow/example_dags/tutorial_taskflow_api_etl.py for tasks to queue
[2021-09-29 14:08:30,127] {logging_mixin.py:109} INFO - [2021-09-29 14:08:30,127] {dagbag.py:496} INFO - Filling up the DagBag from /home/airflow/.local/lib/python3.6/site-packages/airflow/example_dags/tutorial_taskflow_api_etl.py
[2021-09-29 14:08:30,145] {processor.py:623} INFO - DAG(s) dict_keys(['tutorial_taskflow_api_etl']) retrieved from /home/airflow/.local/lib/python3.6/site-packages/airflow/example_dags/tutorial_taskflow_api_etl.py
[2021-09-29 14:08:30,349] {logging_mixin.py:109} INFO - [2021-09-29 14:08:30,349] {dag.py:1834} INFO - Sync 1 DAGs
[2021-09-29 14:08:30,362] {logging_mixin.py:109} INFO - [2021-09-29 14:08:30,362] {dag.py:2287} INFO - Setting next_dagrun for tutorial_taskflow_api_etl to None
[2021-09-29 14:08:30,376] {processor.py:170} INFO - Processing /home/airflow/.local/lib/python3.6/site-packages/airflow/example_dags/tutorial_taskflow_api_etl.py took 0.256 seconds
[2021-09-29 14:09:00,982] {processor.py:162} INFO - Started process (PID=3141) to work on /home/airflow/.local/lib/python3.6/site-packages/airflow/example_dags/tutorial_taskflow_api_etl.py
[2021-09-29 14:09:00,985] {processor.py:613} INFO - Processing file /home/airflow/.local/lib/python3.6/site-packages/airflow/example_dags/tutorial_taskflow_api_etl.py for tasks to queue
[2021-09-29 14:09:00,987] {logging_mixin.py:109} INFO - [2021-09-29 14:09:00,987] {dagbag.py:496} INFO - Filling up the DagBag from /home/airflow/.local/lib/python3.6/site-packages/airflow/example_dags/tutorial_taskflow_api_etl.py
[2021-09-29 14:09:01,007] {processor.py:623} INFO - DAG(s) dict_keys(['tutorial_taskflow_api_etl']) retrieved from /home/airflow/.local/lib/python3.6/site-packages/airflow/example_dags/tutorial_taskflow_api_etl.py
[2021-09-29 14:09:01,183] {logging_mixin.py:109} INFO - [2021-09-29 14:09:01,183] {dag.py:1834} INFO - Sync 1 DAGs
[2021-09-29 14:09:01,195] {logging_mixin.py:109} INFO - [2021-09-29 14:09:01,195] {dag.py:2287} INFO - Setting next_dagrun for tutorial_taskflow_api_etl to None
[2021-09-29 14:09:01,206] {processor.py:170} INFO - Processing /home/airflow/.local/lib/python3.6/site-packages/airflow/example_dags/tutorial_taskflow_api_etl.py took 0.227 seconds
[2021-09-29 14:09:31,650] {processor.py:162} INFO - Started process (PID=3343) to work on /home/airflow/.local/lib/python3.6/site-packages/airflow/example_dags/tutorial_taskflow_api_etl.py
[2021-09-29 14:09:31,652] {processor.py:613} INFO - Processing file /home/airflow/.local/lib/python3.6/site-packages/airflow/example_dags/tutorial_taskflow_api_etl.py for tasks to queue
[2021-09-29 14:09:31,653] {logging_mixin.py:109} INFO - [2021-09-29 14:09:31,653] {dagbag.py:496} INFO - Filling up the DagBag from /home/airflow/.local/lib/python3.6/site-packages/airflow/example_dags/tutorial_taskflow_api_etl.py
[2021-09-29 14:09:31,677] {processor.py:623} INFO - DAG(s) dict_keys(['tutorial_taskflow_api_etl']) retrieved from /home/airflow/.local/lib/python3.6/site-packages/airflow/example_dags/tutorial_taskflow_api_etl.py
[2021-09-29 14:09:31,896] {logging_mixin.py:109} INFO - [2021-09-29 14:09:31,896] {dag.py:1834} INFO - Sync 1 DAGs
[2021-09-29 14:09:31,911] {logging_mixin.py:109} INFO - [2021-09-29 14:09:31,911] {dag.py:2287} INFO - Setting next_dagrun for tutorial_taskflow_api_etl to None
[2021-09-29 14:09:31,926] {processor.py:170} INFO - Processing /home/airflow/.local/lib/python3.6/site-packages/airflow/example_dags/tutorial_taskflow_api_etl.py took 0.281 seconds
[2021-09-29 14:10:02,081] {processor.py:162} INFO - Started process (PID=3540) to work on /home/airflow/.local/lib/python3.6/site-packages/airflow/example_dags/tutorial_taskflow_api_etl.py
[2021-09-29 14:10:02,083] {processor.py:613} INFO - Processing file /home/airflow/.local/lib/python3.6/site-packages/airflow/example_dags/tutorial_taskflow_api_etl.py for tasks to queue
[2021-09-29 14:10:02,085] {logging_mixin.py:109} INFO - [2021-09-29 14:10:02,084] {dagbag.py:496} INFO - Filling up the DagBag from /home/airflow/.local/lib/python3.6/site-packages/airflow/example_dags/tutorial_taskflow_api_etl.py
[2021-09-29 14:10:02,103] {processor.py:623} INFO - DAG(s) dict_keys(['tutorial_taskflow_api_etl']) retrieved from /home/airflow/.local/lib/python3.6/site-packages/airflow/example_dags/tutorial_taskflow_api_etl.py
[2021-09-29 14:10:02,126] {logging_mixin.py:109} INFO - [2021-09-29 14:10:02,126] {dag.py:1834} INFO - Sync 1 DAGs
[2021-09-29 14:10:02,139] {logging_mixin.py:109} INFO - [2021-09-29 14:10:02,139] {dag.py:2287} INFO - Setting next_dagrun for tutorial_taskflow_api_etl to None
[2021-09-29 14:10:02,148] {processor.py:170} INFO - Processing /home/airflow/.local/lib/python3.6/site-packages/airflow/example_dags/tutorial_taskflow_api_etl.py took 0.070 seconds
[2021-09-29 14:10:32,213] {processor.py:162} INFO - Started process (PID=3731) to work on /home/airflow/.local/lib/python3.6/site-packages/airflow/example_dags/tutorial_taskflow_api_etl.py
[2021-09-29 14:10:32,215] {processor.py:613} INFO - Processing file /home/airflow/.local/lib/python3.6/site-packages/airflow/example_dags/tutorial_taskflow_api_etl.py for tasks to queue
[2021-09-29 14:10:32,217] {logging_mixin.py:109} INFO - [2021-09-29 14:10:32,217] {dagbag.py:496} INFO - Filling up the DagBag from /home/airflow/.local/lib/python3.6/site-packages/airflow/example_dags/tutorial_taskflow_api_etl.py
[2021-09-29 14:10:32,239] {processor.py:623} INFO - DAG(s) dict_keys(['tutorial_taskflow_api_etl']) retrieved from /home/airflow/.local/lib/python3.6/site-packages/airflow/example_dags/tutorial_taskflow_api_etl.py
[2021-09-29 14:10:32,441] {logging_mixin.py:109} INFO - [2021-09-29 14:10:32,441] {dag.py:1834} INFO - Sync 1 DAGs
[2021-09-29 14:10:32,457] {logging_mixin.py:109} INFO - [2021-09-29 14:10:32,457] {dag.py:2287} INFO - Setting next_dagrun for tutorial_taskflow_api_etl to None
[2021-09-29 14:10:32,466] {processor.py:170} INFO - Processing /home/airflow/.local/lib/python3.6/site-packages/airflow/example_dags/tutorial_taskflow_api_etl.py took 0.260 seconds
[2021-09-29 14:11:02,697] {processor.py:162} INFO - Started process (PID=3930) to work on /home/airflow/.local/lib/python3.6/site-packages/airflow/example_dags/tutorial_taskflow_api_etl.py
[2021-09-29 14:11:02,698] {processor.py:613} INFO - Processing file /home/airflow/.local/lib/python3.6/site-packages/airflow/example_dags/tutorial_taskflow_api_etl.py for tasks to queue
[2021-09-29 14:11:02,699] {logging_mixin.py:109} INFO - [2021-09-29 14:11:02,699] {dagbag.py:496} INFO - Filling up the DagBag from /home/airflow/.local/lib/python3.6/site-packages/airflow/example_dags/tutorial_taskflow_api_etl.py
[2021-09-29 14:11:02,714] {processor.py:623} INFO - DAG(s) dict_keys(['tutorial_taskflow_api_etl']) retrieved from /home/airflow/.local/lib/python3.6/site-packages/airflow/example_dags/tutorial_taskflow_api_etl.py
[2021-09-29 14:11:02,873] {logging_mixin.py:109} INFO - [2021-09-29 14:11:02,873] {dag.py:1834} INFO - Sync 1 DAGs
[2021-09-29 14:11:02,884] {logging_mixin.py:109} INFO - [2021-09-29 14:11:02,884] {dag.py:2287} INFO - Setting next_dagrun for tutorial_taskflow_api_etl to None
[2021-09-29 14:11:02,894] {processor.py:170} INFO - Processing /home/airflow/.local/lib/python3.6/site-packages/airflow/example_dags/tutorial_taskflow_api_etl.py took 0.201 seconds
[2021-09-29 14:11:33,013] {processor.py:162} INFO - Started process (PID=4112) to work on /home/airflow/.local/lib/python3.6/site-packages/airflow/example_dags/tutorial_taskflow_api_etl.py
[2021-09-29 14:11:33,015] {processor.py:613} INFO - Processing file /home/airflow/.local/lib/python3.6/site-packages/airflow/example_dags/tutorial_taskflow_api_etl.py for tasks to queue
[2021-09-29 14:11:33,024] {logging_mixin.py:109} INFO - [2021-09-29 14:11:33,023] {dagbag.py:496} INFO - Filling up the DagBag from /home/airflow/.local/lib/python3.6/site-packages/airflow/example_dags/tutorial_taskflow_api_etl.py
[2021-09-29 14:11:33,051] {processor.py:623} INFO - DAG(s) dict_keys(['tutorial_taskflow_api_etl']) retrieved from /home/airflow/.local/lib/python3.6/site-packages/airflow/example_dags/tutorial_taskflow_api_etl.py
[2021-09-29 14:11:33,270] {logging_mixin.py:109} INFO - [2021-09-29 14:11:33,270] {dag.py:1834} INFO - Sync 1 DAGs
[2021-09-29 14:11:33,289] {logging_mixin.py:109} INFO - [2021-09-29 14:11:33,289] {dag.py:2287} INFO - Setting next_dagrun for tutorial_taskflow_api_etl to None
[2021-09-29 14:11:33,307] {processor.py:170} INFO - Processing /home/airflow/.local/lib/python3.6/site-packages/airflow/example_dags/tutorial_taskflow_api_etl.py took 0.300 seconds
[2021-09-29 14:12:03,470] {processor.py:162} INFO - Started process (PID=4320) to work on /home/airflow/.local/lib/python3.6/site-packages/airflow/example_dags/tutorial_taskflow_api_etl.py
[2021-09-29 14:12:03,472] {processor.py:613} INFO - Processing file /home/airflow/.local/lib/python3.6/site-packages/airflow/example_dags/tutorial_taskflow_api_etl.py for tasks to queue
[2021-09-29 14:12:03,474] {logging_mixin.py:109} INFO - [2021-09-29 14:12:03,474] {dagbag.py:496} INFO - Filling up the DagBag from /home/airflow/.local/lib/python3.6/site-packages/airflow/example_dags/tutorial_taskflow_api_etl.py
[2021-09-29 14:12:03,494] {processor.py:623} INFO - DAG(s) dict_keys(['tutorial_taskflow_api_etl']) retrieved from /home/airflow/.local/lib/python3.6/site-packages/airflow/example_dags/tutorial_taskflow_api_etl.py
[2021-09-29 14:12:03,678] {logging_mixin.py:109} INFO - [2021-09-29 14:12:03,678] {dag.py:1834} INFO - Sync 1 DAGs
[2021-09-29 14:12:03,690] {logging_mixin.py:109} INFO - [2021-09-29 14:12:03,689] {dag.py:2287} INFO - Setting next_dagrun for tutorial_taskflow_api_etl to None
[2021-09-29 14:12:03,700] {processor.py:170} INFO - Processing /home/airflow/.local/lib/python3.6/site-packages/airflow/example_dags/tutorial_taskflow_api_etl.py took 0.234 seconds
[2021-09-29 14:12:34,046] {processor.py:162} INFO - Started process (PID=4527) to work on /home/airflow/.local/lib/python3.6/site-packages/airflow/example_dags/tutorial_taskflow_api_etl.py
[2021-09-29 14:12:34,048] {processor.py:613} INFO - Processing file /home/airflow/.local/lib/python3.6/site-packages/airflow/example_dags/tutorial_taskflow_api_etl.py for tasks to queue
[2021-09-29 14:12:34,049] {logging_mixin.py:109} INFO - [2021-09-29 14:12:34,049] {dagbag.py:496} INFO - Filling up the DagBag from /home/airflow/.local/lib/python3.6/site-packages/airflow/example_dags/tutorial_taskflow_api_etl.py
[2021-09-29 14:12:34,065] {processor.py:623} INFO - DAG(s) dict_keys(['tutorial_taskflow_api_etl']) retrieved from /home/airflow/.local/lib/python3.6/site-packages/airflow/example_dags/tutorial_taskflow_api_etl.py
[2021-09-29 14:12:34,323] {logging_mixin.py:109} INFO - [2021-09-29 14:12:34,323] {dag.py:1834} INFO - Sync 1 DAGs
[2021-09-29 14:12:34,339] {logging_mixin.py:109} INFO - [2021-09-29 14:12:34,339] {dag.py:2287} INFO - Setting next_dagrun for tutorial_taskflow_api_etl to None
[2021-09-29 14:12:34,354] {processor.py:170} INFO - Processing /home/airflow/.local/lib/python3.6/site-packages/airflow/example_dags/tutorial_taskflow_api_etl.py took 0.311 seconds
[2021-09-29 14:13:04,595] {processor.py:162} INFO - Started process (PID=4719) to work on /home/airflow/.local/lib/python3.6/site-packages/airflow/example_dags/tutorial_taskflow_api_etl.py
[2021-09-29 14:13:04,597] {processor.py:613} INFO - Processing file /home/airflow/.local/lib/python3.6/site-packages/airflow/example_dags/tutorial_taskflow_api_etl.py for tasks to queue
[2021-09-29 14:13:04,599] {logging_mixin.py:109} INFO - [2021-09-29 14:13:04,598] {dagbag.py:496} INFO - Filling up the DagBag from /home/airflow/.local/lib/python3.6/site-packages/airflow/example_dags/tutorial_taskflow_api_etl.py
[2021-09-29 14:13:04,619] {processor.py:623} INFO - DAG(s) dict_keys(['tutorial_taskflow_api_etl']) retrieved from /home/airflow/.local/lib/python3.6/site-packages/airflow/example_dags/tutorial_taskflow_api_etl.py
[2021-09-29 14:13:04,646] {logging_mixin.py:109} INFO - [2021-09-29 14:13:04,646] {dag.py:1834} INFO - Sync 1 DAGs
[2021-09-29 14:13:04,663] {logging_mixin.py:109} INFO - [2021-09-29 14:13:04,663] {dag.py:2287} INFO - Setting next_dagrun for tutorial_taskflow_api_etl to None
[2021-09-29 14:13:04,676] {processor.py:170} INFO - Processing /home/airflow/.local/lib/python3.6/site-packages/airflow/example_dags/tutorial_taskflow_api_etl.py took 0.085 seconds
[2021-09-29 14:13:34,814] {processor.py:162} INFO - Started process (PID=4918) to work on /home/airflow/.local/lib/python3.6/site-packages/airflow/example_dags/tutorial_taskflow_api_etl.py
[2021-09-29 14:13:34,817] {processor.py:613} INFO - Processing file /home/airflow/.local/lib/python3.6/site-packages/airflow/example_dags/tutorial_taskflow_api_etl.py for tasks to queue
[2021-09-29 14:13:34,819] {logging_mixin.py:109} INFO - [2021-09-29 14:13:34,818] {dagbag.py:496} INFO - Filling up the DagBag from /home/airflow/.local/lib/python3.6/site-packages/airflow/example_dags/tutorial_taskflow_api_etl.py
[2021-09-29 14:13:34,839] {processor.py:623} INFO - DAG(s) dict_keys(['tutorial_taskflow_api_etl']) retrieved from /home/airflow/.local/lib/python3.6/site-packages/airflow/example_dags/tutorial_taskflow_api_etl.py
[2021-09-29 14:13:35,071] {logging_mixin.py:109} INFO - [2021-09-29 14:13:35,071] {dag.py:1834} INFO - Sync 1 DAGs
[2021-09-29 14:13:35,084] {logging_mixin.py:109} INFO - [2021-09-29 14:13:35,084] {dag.py:2287} INFO - Setting next_dagrun for tutorial_taskflow_api_etl to None
[2021-09-29 14:13:35,100] {processor.py:170} INFO - Processing /home/airflow/.local/lib/python3.6/site-packages/airflow/example_dags/tutorial_taskflow_api_etl.py took 0.289 seconds
[2021-09-29 14:14:05,482] {processor.py:162} INFO - Started process (PID=5136) to work on /home/airflow/.local/lib/python3.6/site-packages/airflow/example_dags/tutorial_taskflow_api_etl.py
[2021-09-29 14:14:05,484] {processor.py:613} INFO - Processing file /home/airflow/.local/lib/python3.6/site-packages/airflow/example_dags/tutorial_taskflow_api_etl.py for tasks to queue
[2021-09-29 14:14:05,485] {logging_mixin.py:109} INFO - [2021-09-29 14:14:05,485] {dagbag.py:496} INFO - Filling up the DagBag from /home/airflow/.local/lib/python3.6/site-packages/airflow/example_dags/tutorial_taskflow_api_etl.py
[2021-09-29 14:14:05,505] {processor.py:623} INFO - DAG(s) dict_keys(['tutorial_taskflow_api_etl']) retrieved from /home/airflow/.local/lib/python3.6/site-packages/airflow/example_dags/tutorial_taskflow_api_etl.py
[2021-09-29 14:14:05,677] {logging_mixin.py:109} INFO - [2021-09-29 14:14:05,677] {dag.py:1834} INFO - Sync 1 DAGs
[2021-09-29 14:14:05,691] {logging_mixin.py:109} INFO - [2021-09-29 14:14:05,691] {dag.py:2287} INFO - Setting next_dagrun for tutorial_taskflow_api_etl to None
[2021-09-29 14:14:05,703] {processor.py:170} INFO - Processing /home/airflow/.local/lib/python3.6/site-packages/airflow/example_dags/tutorial_taskflow_api_etl.py took 0.226 seconds
[2021-09-29 14:14:35,815] {processor.py:162} INFO - Started process (PID=5340) to work on /home/airflow/.local/lib/python3.6/site-packages/airflow/example_dags/tutorial_taskflow_api_etl.py
[2021-09-29 14:14:35,816] {processor.py:613} INFO - Processing file /home/airflow/.local/lib/python3.6/site-packages/airflow/example_dags/tutorial_taskflow_api_etl.py for tasks to queue
[2021-09-29 14:14:35,818] {logging_mixin.py:109} INFO - [2021-09-29 14:14:35,818] {dagbag.py:496} INFO - Filling up the DagBag from /home/airflow/.local/lib/python3.6/site-packages/airflow/example_dags/tutorial_taskflow_api_etl.py
[2021-09-29 14:14:35,838] {processor.py:623} INFO - DAG(s) dict_keys(['tutorial_taskflow_api_etl']) retrieved from /home/airflow/.local/lib/python3.6/site-packages/airflow/example_dags/tutorial_taskflow_api_etl.py
[2021-09-29 14:14:35,865] {logging_mixin.py:109} INFO - [2021-09-29 14:14:35,865] {dag.py:1834} INFO - Sync 1 DAGs
[2021-09-29 14:14:35,881] {logging_mixin.py:109} INFO - [2021-09-29 14:14:35,881] {dag.py:2287} INFO - Setting next_dagrun for tutorial_taskflow_api_etl to None
[2021-09-29 14:14:35,893] {processor.py:170} INFO - Processing /home/airflow/.local/lib/python3.6/site-packages/airflow/example_dags/tutorial_taskflow_api_etl.py took 0.083 seconds
[2021-09-29 14:15:06,187] {processor.py:162} INFO - Started process (PID=5544) to work on /home/airflow/.local/lib/python3.6/site-packages/airflow/example_dags/tutorial_taskflow_api_etl.py
[2021-09-29 14:15:06,189] {processor.py:613} INFO - Processing file /home/airflow/.local/lib/python3.6/site-packages/airflow/example_dags/tutorial_taskflow_api_etl.py for tasks to queue
[2021-09-29 14:15:06,190] {logging_mixin.py:109} INFO - [2021-09-29 14:15:06,190] {dagbag.py:496} INFO - Filling up the DagBag from /home/airflow/.local/lib/python3.6/site-packages/airflow/example_dags/tutorial_taskflow_api_etl.py
[2021-09-29 14:15:06,210] {processor.py:623} INFO - DAG(s) dict_keys(['tutorial_taskflow_api_etl']) retrieved from /home/airflow/.local/lib/python3.6/site-packages/airflow/example_dags/tutorial_taskflow_api_etl.py
[2021-09-29 14:15:06,398] {logging_mixin.py:109} INFO - [2021-09-29 14:15:06,398] {dag.py:1834} INFO - Sync 1 DAGs
[2021-09-29 14:15:06,409] {logging_mixin.py:109} INFO - [2021-09-29 14:15:06,409] {dag.py:2287} INFO - Setting next_dagrun for tutorial_taskflow_api_etl to None
[2021-09-29 14:15:06,421] {processor.py:170} INFO - Processing /home/airflow/.local/lib/python3.6/site-packages/airflow/example_dags/tutorial_taskflow_api_etl.py took 0.239 seconds
[2021-09-29 14:15:36,557] {processor.py:162} INFO - Started process (PID=5749) to work on /home/airflow/.local/lib/python3.6/site-packages/airflow/example_dags/tutorial_taskflow_api_etl.py
[2021-09-29 14:15:36,559] {processor.py:613} INFO - Processing file /home/airflow/.local/lib/python3.6/site-packages/airflow/example_dags/tutorial_taskflow_api_etl.py for tasks to queue
[2021-09-29 14:15:36,561] {logging_mixin.py:109} INFO - [2021-09-29 14:15:36,560] {dagbag.py:496} INFO - Filling up the DagBag from /home/airflow/.local/lib/python3.6/site-packages/airflow/example_dags/tutorial_taskflow_api_etl.py
[2021-09-29 14:15:36,581] {processor.py:623} INFO - DAG(s) dict_keys(['tutorial_taskflow_api_etl']) retrieved from /home/airflow/.local/lib/python3.6/site-packages/airflow/example_dags/tutorial_taskflow_api_etl.py
[2021-09-29 14:15:36,794] {logging_mixin.py:109} INFO - [2021-09-29 14:15:36,794] {dag.py:1834} INFO - Sync 1 DAGs
[2021-09-29 14:15:36,805] {logging_mixin.py:109} INFO - [2021-09-29 14:15:36,805] {dag.py:2287} INFO - Setting next_dagrun for tutorial_taskflow_api_etl to None
[2021-09-29 14:15:36,815] {processor.py:170} INFO - Processing /home/airflow/.local/lib/python3.6/site-packages/airflow/example_dags/tutorial_taskflow_api_etl.py took 0.263 seconds
[2021-09-29 14:16:07,153] {processor.py:162} INFO - Started process (PID=5953) to work on /home/airflow/.local/lib/python3.6/site-packages/airflow/example_dags/tutorial_taskflow_api_etl.py
[2021-09-29 14:16:07,155] {processor.py:613} INFO - Processing file /home/airflow/.local/lib/python3.6/site-packages/airflow/example_dags/tutorial_taskflow_api_etl.py for tasks to queue
[2021-09-29 14:16:07,157] {logging_mixin.py:109} INFO - [2021-09-29 14:16:07,156] {dagbag.py:496} INFO - Filling up the DagBag from /home/airflow/.local/lib/python3.6/site-packages/airflow/example_dags/tutorial_taskflow_api_etl.py
[2021-09-29 14:16:07,179] {processor.py:623} INFO - DAG(s) dict_keys(['tutorial_taskflow_api_etl']) retrieved from /home/airflow/.local/lib/python3.6/site-packages/airflow/example_dags/tutorial_taskflow_api_etl.py
[2021-09-29 14:16:07,205] {logging_mixin.py:109} INFO - [2021-09-29 14:16:07,205] {dag.py:1834} INFO - Sync 1 DAGs
[2021-09-29 14:16:07,221] {logging_mixin.py:109} INFO - [2021-09-29 14:16:07,221] {dag.py:2287} INFO - Setting next_dagrun for tutorial_taskflow_api_etl to None
[2021-09-29 14:16:07,232] {processor.py:170} INFO - Processing /home/airflow/.local/lib/python3.6/site-packages/airflow/example_dags/tutorial_taskflow_api_etl.py took 0.083 seconds
[2021-09-29 14:16:37,408] {processor.py:162} INFO - Started process (PID=6143) to work on /home/airflow/.local/lib/python3.6/site-packages/airflow/example_dags/tutorial_taskflow_api_etl.py
[2021-09-29 14:16:37,411] {processor.py:613} INFO - Processing file /home/airflow/.local/lib/python3.6/site-packages/airflow/example_dags/tutorial_taskflow_api_etl.py for tasks to queue
[2021-09-29 14:16:37,412] {logging_mixin.py:109} INFO - [2021-09-29 14:16:37,412] {dagbag.py:496} INFO - Filling up the DagBag from /home/airflow/.local/lib/python3.6/site-packages/airflow/example_dags/tutorial_taskflow_api_etl.py
[2021-09-29 14:16:37,429] {processor.py:623} INFO - DAG(s) dict_keys(['tutorial_taskflow_api_etl']) retrieved from /home/airflow/.local/lib/python3.6/site-packages/airflow/example_dags/tutorial_taskflow_api_etl.py
[2021-09-29 14:16:37,608] {logging_mixin.py:109} INFO - [2021-09-29 14:16:37,607] {dag.py:1834} INFO - Sync 1 DAGs
[2021-09-29 14:16:37,619] {logging_mixin.py:109} INFO - [2021-09-29 14:16:37,619] {dag.py:2287} INFO - Setting next_dagrun for tutorial_taskflow_api_etl to None
[2021-09-29 14:16:37,631] {processor.py:170} INFO - Processing /home/airflow/.local/lib/python3.6/site-packages/airflow/example_dags/tutorial_taskflow_api_etl.py took 0.226 seconds
[2021-09-29 14:17:07,882] {processor.py:162} INFO - Started process (PID=6347) to work on /home/airflow/.local/lib/python3.6/site-packages/airflow/example_dags/tutorial_taskflow_api_etl.py
[2021-09-29 14:17:07,884] {processor.py:613} INFO - Processing file /home/airflow/.local/lib/python3.6/site-packages/airflow/example_dags/tutorial_taskflow_api_etl.py for tasks to queue
[2021-09-29 14:17:07,886] {logging_mixin.py:109} INFO - [2021-09-29 14:17:07,886] {dagbag.py:496} INFO - Filling up the DagBag from /home/airflow/.local/lib/python3.6/site-packages/airflow/example_dags/tutorial_taskflow_api_etl.py
[2021-09-29 14:17:07,903] {processor.py:623} INFO - DAG(s) dict_keys(['tutorial_taskflow_api_etl']) retrieved from /home/airflow/.local/lib/python3.6/site-packages/airflow/example_dags/tutorial_taskflow_api_etl.py
[2021-09-29 14:17:08,086] {logging_mixin.py:109} INFO - [2021-09-29 14:17:08,086] {dag.py:1834} INFO - Sync 1 DAGs
[2021-09-29 14:17:08,097] {logging_mixin.py:109} INFO - [2021-09-29 14:17:08,097] {dag.py:2287} INFO - Setting next_dagrun for tutorial_taskflow_api_etl to None
[2021-09-29 14:17:08,108] {processor.py:170} INFO - Processing /home/airflow/.local/lib/python3.6/site-packages/airflow/example_dags/tutorial_taskflow_api_etl.py took 0.230 seconds
[2021-09-29 14:17:38,365] {processor.py:162} INFO - Started process (PID=6549) to work on /home/airflow/.local/lib/python3.6/site-packages/airflow/example_dags/tutorial_taskflow_api_etl.py
[2021-09-29 14:17:38,367] {processor.py:613} INFO - Processing file /home/airflow/.local/lib/python3.6/site-packages/airflow/example_dags/tutorial_taskflow_api_etl.py for tasks to queue
[2021-09-29 14:17:38,369] {logging_mixin.py:109} INFO - [2021-09-29 14:17:38,369] {dagbag.py:496} INFO - Filling up the DagBag from /home/airflow/.local/lib/python3.6/site-packages/airflow/example_dags/tutorial_taskflow_api_etl.py
[2021-09-29 14:17:38,389] {processor.py:623} INFO - DAG(s) dict_keys(['tutorial_taskflow_api_etl']) retrieved from /home/airflow/.local/lib/python3.6/site-packages/airflow/example_dags/tutorial_taskflow_api_etl.py
[2021-09-29 14:17:38,601] {logging_mixin.py:109} INFO - [2021-09-29 14:17:38,601] {dag.py:1834} INFO - Sync 1 DAGs
[2021-09-29 14:17:38,613] {logging_mixin.py:109} INFO - [2021-09-29 14:17:38,613] {dag.py:2287} INFO - Setting next_dagrun for tutorial_taskflow_api_etl to None
[2021-09-29 14:17:38,623] {processor.py:170} INFO - Processing /home/airflow/.local/lib/python3.6/site-packages/airflow/example_dags/tutorial_taskflow_api_etl.py took 0.262 seconds
[2021-09-29 14:18:09,522] {processor.py:162} INFO - Started process (PID=6758) to work on /home/airflow/.local/lib/python3.6/site-packages/airflow/example_dags/tutorial_taskflow_api_etl.py
[2021-09-29 14:18:09,524] {processor.py:613} INFO - Processing file /home/airflow/.local/lib/python3.6/site-packages/airflow/example_dags/tutorial_taskflow_api_etl.py for tasks to queue
[2021-09-29 14:18:09,526] {logging_mixin.py:109} INFO - [2021-09-29 14:18:09,526] {dagbag.py:496} INFO - Filling up the DagBag from /home/airflow/.local/lib/python3.6/site-packages/airflow/example_dags/tutorial_taskflow_api_etl.py
[2021-09-29 14:18:09,549] {processor.py:623} INFO - DAG(s) dict_keys(['tutorial_taskflow_api_etl']) retrieved from /home/airflow/.local/lib/python3.6/site-packages/airflow/example_dags/tutorial_taskflow_api_etl.py
[2021-09-29 14:18:09,764] {logging_mixin.py:109} INFO - [2021-09-29 14:18:09,763] {dag.py:1834} INFO - Sync 1 DAGs
[2021-09-29 14:18:09,784] {logging_mixin.py:109} INFO - [2021-09-29 14:18:09,784] {dag.py:2287} INFO - Setting next_dagrun for tutorial_taskflow_api_etl to None
[2021-09-29 14:18:09,797] {processor.py:170} INFO - Processing /home/airflow/.local/lib/python3.6/site-packages/airflow/example_dags/tutorial_taskflow_api_etl.py took 0.280 seconds
[2021-09-29 14:18:40,612] {processor.py:162} INFO - Started process (PID=6972) to work on /home/airflow/.local/lib/python3.6/site-packages/airflow/example_dags/tutorial_taskflow_api_etl.py
[2021-09-29 14:18:40,614] {processor.py:613} INFO - Processing file /home/airflow/.local/lib/python3.6/site-packages/airflow/example_dags/tutorial_taskflow_api_etl.py for tasks to queue
[2021-09-29 14:18:40,616] {logging_mixin.py:109} INFO - [2021-09-29 14:18:40,615] {dagbag.py:496} INFO - Filling up the DagBag from /home/airflow/.local/lib/python3.6/site-packages/airflow/example_dags/tutorial_taskflow_api_etl.py
[2021-09-29 14:18:40,634] {processor.py:623} INFO - DAG(s) dict_keys(['tutorial_taskflow_api_etl']) retrieved from /home/airflow/.local/lib/python3.6/site-packages/airflow/example_dags/tutorial_taskflow_api_etl.py
[2021-09-29 14:18:40,660] {logging_mixin.py:109} INFO - [2021-09-29 14:18:40,660] {dag.py:1834} INFO - Sync 1 DAGs
[2021-09-29 14:18:40,675] {logging_mixin.py:109} INFO - [2021-09-29 14:18:40,675] {dag.py:2287} INFO - Setting next_dagrun for tutorial_taskflow_api_etl to None
[2021-09-29 14:18:40,689] {processor.py:170} INFO - Processing /home/airflow/.local/lib/python3.6/site-packages/airflow/example_dags/tutorial_taskflow_api_etl.py took 0.081 seconds
[2021-09-29 14:19:10,961] {processor.py:162} INFO - Started process (PID=7176) to work on /home/airflow/.local/lib/python3.6/site-packages/airflow/example_dags/tutorial_taskflow_api_etl.py
[2021-09-29 14:19:10,963] {processor.py:613} INFO - Processing file /home/airflow/.local/lib/python3.6/site-packages/airflow/example_dags/tutorial_taskflow_api_etl.py for tasks to queue
[2021-09-29 14:19:10,964] {logging_mixin.py:109} INFO - [2021-09-29 14:19:10,964] {dagbag.py:496} INFO - Filling up the DagBag from /home/airflow/.local/lib/python3.6/site-packages/airflow/example_dags/tutorial_taskflow_api_etl.py
[2021-09-29 14:19:10,980] {processor.py:623} INFO - DAG(s) dict_keys(['tutorial_taskflow_api_etl']) retrieved from /home/airflow/.local/lib/python3.6/site-packages/airflow/example_dags/tutorial_taskflow_api_etl.py
[2021-09-29 14:19:11,162] {logging_mixin.py:109} INFO - [2021-09-29 14:19:11,162] {dag.py:1834} INFO - Sync 1 DAGs
[2021-09-29 14:19:11,173] {logging_mixin.py:109} INFO - [2021-09-29 14:19:11,173] {dag.py:2287} INFO - Setting next_dagrun for tutorial_taskflow_api_etl to None
[2021-09-29 14:19:11,184] {processor.py:170} INFO - Processing /home/airflow/.local/lib/python3.6/site-packages/airflow/example_dags/tutorial_taskflow_api_etl.py took 0.226 seconds
