[2021-09-27 14:08:32,190] {taskinstance.py:903} INFO - Dependencies all met for <TaskInstance: example_complex.delete_tag_template 2021-09-27T14:07:06.295229+00:00 [queued]>
[2021-09-27 14:08:32,200] {taskinstance.py:903} INFO - Dependencies all met for <TaskInstance: example_complex.delete_tag_template 2021-09-27T14:07:06.295229+00:00 [queued]>
[2021-09-27 14:08:32,201] {taskinstance.py:1095} INFO - 
--------------------------------------------------------------------------------
[2021-09-27 14:08:32,201] {taskinstance.py:1096} INFO - Starting attempt 1 of 1
[2021-09-27 14:08:32,202] {taskinstance.py:1097} INFO - 
--------------------------------------------------------------------------------
[2021-09-27 14:08:32,213] {taskinstance.py:1115} INFO - Executing <Task(BashOperator): delete_tag_template> on 2021-09-27T14:07:06.295229+00:00
[2021-09-27 14:08:32,216] {standard_task_runner.py:52} INFO - Started process 2481 to run task
[2021-09-27 14:08:32,219] {standard_task_runner.py:76} INFO - Running: ['***', 'tasks', 'run', 'example_complex', 'delete_tag_template', '2021-09-27T14:07:06.295229+00:00', '--job-id', '36', '--pool', 'default_pool', '--raw', '--subdir', '/home/***/.local/lib/python3.6/site-packages/***/example_dags/example_complex.py', '--cfg-path', '/tmp/tmp1abwsruu', '--error-file', '/tmp/tmpjhczccp3']
[2021-09-27 14:08:32,221] {standard_task_runner.py:77} INFO - Job 36: Subtask delete_tag_template
[2021-09-27 14:08:32,273] {logging_mixin.py:109} INFO - Running <TaskInstance: example_complex.delete_tag_template 2021-09-27T14:07:06.295229+00:00 [running]> on host 6c9f6f41e1ed
[2021-09-27 14:08:32,329] {taskinstance.py:1254} INFO - Exporting the following env vars:
AIRFLOW_CTX_DAG_OWNER=***
AIRFLOW_CTX_DAG_ID=example_complex
AIRFLOW_CTX_TASK_ID=delete_tag_template
AIRFLOW_CTX_EXECUTION_DATE=2021-09-27T14:07:06.295229+00:00
AIRFLOW_CTX_DAG_RUN_ID=manual__2021-09-27T14:07:06.295229+00:00
[2021-09-27 14:08:32,331] {subprocess.py:52} INFO - Tmp dir root location: 
 /tmp
[2021-09-27 14:08:32,332] {subprocess.py:63} INFO - Running command: ['bash', '-c', 'echo delete_tag_template']
[2021-09-27 14:08:32,340] {subprocess.py:74} INFO - Output:
[2021-09-27 14:08:32,342] {subprocess.py:78} INFO - delete_tag_template
[2021-09-27 14:08:32,343] {subprocess.py:82} INFO - Command exited with return code 0
[2021-09-27 14:08:32,373] {taskinstance.py:1219} INFO - Marking task as SUCCESS. dag_id=example_complex, task_id=delete_tag_template, execution_date=20210927T140706, start_date=20210927T140832, end_date=20210927T140832
[2021-09-27 14:08:32,395] {local_task_job.py:151} INFO - Task exited with return code 0
[2021-09-27 14:08:32,423] {local_task_job.py:261} INFO - 1 downstream tasks scheduled from follow-on schedule check
