[2021-09-29 14:01:52,422] {taskinstance.py:903} INFO - Dependencies all met for <TaskInstance: example_bash_operator.run_after_loop 2021-09-28T00:00:00+00:00 [queued]>
[2021-09-29 14:01:52,466] {taskinstance.py:903} INFO - Dependencies all met for <TaskInstance: example_bash_operator.run_after_loop 2021-09-28T00:00:00+00:00 [queued]>
[2021-09-29 14:01:52,467] {taskinstance.py:1095} INFO - 
--------------------------------------------------------------------------------
[2021-09-29 14:01:52,468] {taskinstance.py:1096} INFO - Starting attempt 1 of 1
[2021-09-29 14:01:52,470] {taskinstance.py:1097} INFO - 
--------------------------------------------------------------------------------
[2021-09-29 14:01:52,486] {taskinstance.py:1115} INFO - Executing <Task(BashOperator): run_after_loop> on 2021-09-28T00:00:00+00:00
[2021-09-29 14:01:52,494] {standard_task_runner.py:52} INFO - Started process 267 to run task
[2021-09-29 14:01:52,527] {standard_task_runner.py:76} INFO - Running: ['***', 'tasks', 'run', 'example_bash_operator', 'run_after_loop', '2021-09-28T00:00:00+00:00', '--job-id', '72', '--pool', 'default_pool', '--raw', '--subdir', '/home/***/.local/lib/python3.6/site-packages/***/example_dags/example_bash_operator.py', '--cfg-path', '/tmp/tmpn2k33754', '--error-file', '/tmp/tmpj24cbaaw']
[2021-09-29 14:01:52,534] {standard_task_runner.py:77} INFO - Job 72: Subtask run_after_loop
[2021-09-29 14:01:52,652] {logging_mixin.py:109} INFO - Running <TaskInstance: example_bash_operator.run_after_loop 2021-09-28T00:00:00+00:00 [running]> on host 44a42753a06b
[2021-09-29 14:01:52,768] {taskinstance.py:1254} INFO - Exporting the following env vars:
AIRFLOW_CTX_DAG_OWNER=***
AIRFLOW_CTX_DAG_ID=example_bash_operator
AIRFLOW_CTX_TASK_ID=run_after_loop
AIRFLOW_CTX_EXECUTION_DATE=2021-09-28T00:00:00+00:00
AIRFLOW_CTX_DAG_RUN_ID=scheduled__2021-09-28T00:00:00+00:00
[2021-09-29 14:01:52,771] {subprocess.py:52} INFO - Tmp dir root location: 
 /tmp
[2021-09-29 14:01:52,774] {subprocess.py:63} INFO - Running command: ['bash', '-c', 'echo 1']
[2021-09-29 14:01:52,788] {subprocess.py:74} INFO - Output:
[2021-09-29 14:01:52,789] {subprocess.py:78} INFO - 1
[2021-09-29 14:01:52,791] {subprocess.py:82} INFO - Command exited with return code 0
[2021-09-29 14:01:52,845] {taskinstance.py:1219} INFO - Marking task as SUCCESS. dag_id=example_bash_operator, task_id=run_after_loop, execution_date=20210928T000000, start_date=20210929T140152, end_date=20210929T140152
[2021-09-29 14:01:52,881] {local_task_job.py:151} INFO - Task exited with return code 0
[2021-09-29 14:01:52,932] {local_task_job.py:261} INFO - 0 downstream tasks scheduled from follow-on schedule check
