[2021-09-29 14:01:52,389] {taskinstance.py:903} INFO - Dependencies all met for <TaskInstance: example_bash_operator.run_after_loop 2021-09-27T00:00:00+00:00 [queued]>
[2021-09-29 14:01:52,431] {taskinstance.py:903} INFO - Dependencies all met for <TaskInstance: example_bash_operator.run_after_loop 2021-09-27T00:00:00+00:00 [queued]>
[2021-09-29 14:01:52,432] {taskinstance.py:1095} INFO - 
--------------------------------------------------------------------------------
[2021-09-29 14:01:52,438] {taskinstance.py:1096} INFO - Starting attempt 1 of 1
[2021-09-29 14:01:52,439] {taskinstance.py:1097} INFO - 
--------------------------------------------------------------------------------
[2021-09-29 14:01:52,457] {taskinstance.py:1115} INFO - Executing <Task(BashOperator): run_after_loop> on 2021-09-27T00:00:00+00:00
[2021-09-29 14:01:52,468] {standard_task_runner.py:52} INFO - Started process 264 to run task
[2021-09-29 14:01:52,483] {standard_task_runner.py:76} INFO - Running: ['***', 'tasks', 'run', 'example_bash_operator', 'run_after_loop', '2021-09-27T00:00:00+00:00', '--job-id', '71', '--pool', 'default_pool', '--raw', '--subdir', '/home/***/.local/lib/python3.6/site-packages/***/example_dags/example_bash_operator.py', '--cfg-path', '/tmp/tmpl6ir5yy_', '--error-file', '/tmp/tmppvyf8adm']
[2021-09-29 14:01:52,492] {standard_task_runner.py:77} INFO - Job 71: Subtask run_after_loop
[2021-09-29 14:01:52,602] {logging_mixin.py:109} INFO - Running <TaskInstance: example_bash_operator.run_after_loop 2021-09-27T00:00:00+00:00 [running]> on host 44a42753a06b
[2021-09-29 14:01:52,706] {taskinstance.py:1254} INFO - Exporting the following env vars:
AIRFLOW_CTX_DAG_OWNER=***
AIRFLOW_CTX_DAG_ID=example_bash_operator
AIRFLOW_CTX_TASK_ID=run_after_loop
AIRFLOW_CTX_EXECUTION_DATE=2021-09-27T00:00:00+00:00
AIRFLOW_CTX_DAG_RUN_ID=scheduled__2021-09-27T00:00:00+00:00
[2021-09-29 14:01:52,712] {subprocess.py:52} INFO - Tmp dir root location: 
 /tmp
[2021-09-29 14:01:52,716] {subprocess.py:63} INFO - Running command: ['bash', '-c', 'echo 1']
[2021-09-29 14:01:52,747] {subprocess.py:74} INFO - Output:
[2021-09-29 14:01:52,754] {subprocess.py:78} INFO - 1
[2021-09-29 14:01:52,757] {subprocess.py:82} INFO - Command exited with return code 0
[2021-09-29 14:01:52,818] {taskinstance.py:1219} INFO - Marking task as SUCCESS. dag_id=example_bash_operator, task_id=run_after_loop, execution_date=20210927T000000, start_date=20210929T140152, end_date=20210929T140152
[2021-09-29 14:01:52,857] {local_task_job.py:151} INFO - Task exited with return code 0
[2021-09-29 14:01:52,914] {local_task_job.py:261} INFO - 0 downstream tasks scheduled from follow-on schedule check
