[2021-09-27 14:07:41,820] {taskinstance.py:903} INFO - Dependencies all met for <TaskInstance: example_complex.get_tag_template 2021-09-27T14:07:06.295229+00:00 [queued]>
[2021-09-27 14:07:41,832] {taskinstance.py:903} INFO - Dependencies all met for <TaskInstance: example_complex.get_tag_template 2021-09-27T14:07:06.295229+00:00 [queued]>
[2021-09-27 14:07:41,833] {taskinstance.py:1095} INFO - 
--------------------------------------------------------------------------------
[2021-09-27 14:07:41,834] {taskinstance.py:1096} INFO - Starting attempt 1 of 1
[2021-09-27 14:07:41,835] {taskinstance.py:1097} INFO - 
--------------------------------------------------------------------------------
[2021-09-27 14:07:41,849] {taskinstance.py:1115} INFO - Executing <Task(BashOperator): get_tag_template> on 2021-09-27T14:07:06.295229+00:00
[2021-09-27 14:07:41,853] {standard_task_runner.py:52} INFO - Started process 2254 to run task
[2021-09-27 14:07:41,857] {standard_task_runner.py:76} INFO - Running: ['***', 'tasks', 'run', 'example_complex', 'get_tag_template', '2021-09-27T14:07:06.295229+00:00', '--job-id', '15', '--pool', 'default_pool', '--raw', '--subdir', '/home/***/.local/lib/python3.6/site-packages/***/example_dags/example_complex.py', '--cfg-path', '/tmp/tmp9r8jrkxw', '--error-file', '/tmp/tmpm98e9kcp']
[2021-09-27 14:07:41,860] {standard_task_runner.py:77} INFO - Job 15: Subtask get_tag_template
[2021-09-27 14:07:41,910] {logging_mixin.py:109} INFO - Running <TaskInstance: example_complex.get_tag_template 2021-09-27T14:07:06.295229+00:00 [running]> on host 6c9f6f41e1ed
[2021-09-27 14:07:41,968] {taskinstance.py:1254} INFO - Exporting the following env vars:
AIRFLOW_CTX_DAG_OWNER=***
AIRFLOW_CTX_DAG_ID=example_complex
AIRFLOW_CTX_TASK_ID=get_tag_template
AIRFLOW_CTX_EXECUTION_DATE=2021-09-27T14:07:06.295229+00:00
AIRFLOW_CTX_DAG_RUN_ID=manual__2021-09-27T14:07:06.295229+00:00
[2021-09-27 14:07:41,972] {subprocess.py:52} INFO - Tmp dir root location: 
 /tmp
[2021-09-27 14:07:41,974] {subprocess.py:63} INFO - Running command: ['bash', '-c', 'echo get_tag_template']
[2021-09-27 14:07:41,982] {subprocess.py:74} INFO - Output:
[2021-09-27 14:07:41,984] {subprocess.py:78} INFO - get_tag_template
[2021-09-27 14:07:41,985] {subprocess.py:82} INFO - Command exited with return code 0
[2021-09-27 14:07:42,023] {taskinstance.py:1219} INFO - Marking task as SUCCESS. dag_id=example_complex, task_id=get_tag_template, execution_date=20210927T140706, start_date=20210927T140741, end_date=20210927T140742
[2021-09-27 14:07:42,074] {local_task_job.py:151} INFO - Task exited with return code 0
[2021-09-27 14:07:42,108] {local_task_job.py:261} INFO - 1 downstream tasks scheduled from follow-on schedule check
