[2021-09-27 14:08:13,974] {taskinstance.py:903} INFO - Dependencies all met for <TaskInstance: example_complex.update_tag 2021-09-27T14:07:06.295229+00:00 [queued]>
[2021-09-27 14:08:13,984] {taskinstance.py:903} INFO - Dependencies all met for <TaskInstance: example_complex.update_tag 2021-09-27T14:07:06.295229+00:00 [queued]>
[2021-09-27 14:08:13,985] {taskinstance.py:1095} INFO - 
--------------------------------------------------------------------------------
[2021-09-27 14:08:13,986] {taskinstance.py:1096} INFO - Starting attempt 1 of 1
[2021-09-27 14:08:13,986] {taskinstance.py:1097} INFO - 
--------------------------------------------------------------------------------
[2021-09-27 14:08:13,997] {taskinstance.py:1115} INFO - Executing <Task(BashOperator): update_tag> on 2021-09-27T14:07:06.295229+00:00
[2021-09-27 14:08:14,000] {standard_task_runner.py:52} INFO - Started process 2395 to run task
[2021-09-27 14:08:14,003] {standard_task_runner.py:76} INFO - Running: ['***', 'tasks', 'run', 'example_complex', 'update_tag', '2021-09-27T14:07:06.295229+00:00', '--job-id', '28', '--pool', 'default_pool', '--raw', '--subdir', '/home/***/.local/lib/python3.6/site-packages/***/example_dags/example_complex.py', '--cfg-path', '/tmp/tmp7vmk8toh', '--error-file', '/tmp/tmp53253qp0']
[2021-09-27 14:08:14,006] {standard_task_runner.py:77} INFO - Job 28: Subtask update_tag
[2021-09-27 14:08:14,051] {logging_mixin.py:109} INFO - Running <TaskInstance: example_complex.update_tag 2021-09-27T14:07:06.295229+00:00 [running]> on host 6c9f6f41e1ed
[2021-09-27 14:08:14,103] {taskinstance.py:1254} INFO - Exporting the following env vars:
AIRFLOW_CTX_DAG_OWNER=***
AIRFLOW_CTX_DAG_ID=example_complex
AIRFLOW_CTX_TASK_ID=update_tag
AIRFLOW_CTX_EXECUTION_DATE=2021-09-27T14:07:06.295229+00:00
AIRFLOW_CTX_DAG_RUN_ID=manual__2021-09-27T14:07:06.295229+00:00
[2021-09-27 14:08:14,105] {subprocess.py:52} INFO - Tmp dir root location: 
 /tmp
[2021-09-27 14:08:14,107] {subprocess.py:63} INFO - Running command: ['bash', '-c', 'echo update_tag']
[2021-09-27 14:08:14,114] {subprocess.py:74} INFO - Output:
[2021-09-27 14:08:14,115] {subprocess.py:78} INFO - update_tag
[2021-09-27 14:08:14,116] {subprocess.py:82} INFO - Command exited with return code 0
[2021-09-27 14:08:14,145] {taskinstance.py:1219} INFO - Marking task as SUCCESS. dag_id=example_complex, task_id=update_tag, execution_date=20210927T140706, start_date=20210927T140813, end_date=20210927T140814
[2021-09-27 14:08:14,179] {local_task_job.py:151} INFO - Task exited with return code 0
[2021-09-27 14:08:14,208] {local_task_job.py:261} INFO - 1 downstream tasks scheduled from follow-on schedule check
