[2021-09-27 14:07:31,516] {taskinstance.py:903} INFO - Dependencies all met for <TaskInstance: example_complex.create_entry_gcs_result 2021-09-27T14:07:06.295229+00:00 [queued]>
[2021-09-27 14:07:31,529] {taskinstance.py:903} INFO - Dependencies all met for <TaskInstance: example_complex.create_entry_gcs_result 2021-09-27T14:07:06.295229+00:00 [queued]>
[2021-09-27 14:07:31,530] {taskinstance.py:1095} INFO - 
--------------------------------------------------------------------------------
[2021-09-27 14:07:31,531] {taskinstance.py:1096} INFO - Starting attempt 1 of 1
[2021-09-27 14:07:31,532] {taskinstance.py:1097} INFO - 
--------------------------------------------------------------------------------
[2021-09-27 14:07:31,547] {taskinstance.py:1115} INFO - Executing <Task(BashOperator): create_entry_gcs_result> on 2021-09-27T14:07:06.295229+00:00
[2021-09-27 14:07:31,551] {standard_task_runner.py:52} INFO - Started process 2217 to run task
[2021-09-27 14:07:31,557] {standard_task_runner.py:76} INFO - Running: ['***', 'tasks', 'run', 'example_complex', 'create_entry_gcs_result', '2021-09-27T14:07:06.295229+00:00', '--job-id', '11', '--pool', 'default_pool', '--raw', '--subdir', '/home/***/.local/lib/python3.6/site-packages/***/example_dags/example_complex.py', '--cfg-path', '/tmp/tmpsstv0cqx', '--error-file', '/tmp/tmpa0p46e83']
[2021-09-27 14:07:31,563] {standard_task_runner.py:77} INFO - Job 11: Subtask create_entry_gcs_result
[2021-09-27 14:07:31,627] {logging_mixin.py:109} INFO - Running <TaskInstance: example_complex.create_entry_gcs_result 2021-09-27T14:07:06.295229+00:00 [running]> on host 6c9f6f41e1ed
[2021-09-27 14:07:31,697] {taskinstance.py:1254} INFO - Exporting the following env vars:
AIRFLOW_CTX_DAG_OWNER=***
AIRFLOW_CTX_DAG_ID=example_complex
AIRFLOW_CTX_TASK_ID=create_entry_gcs_result
AIRFLOW_CTX_EXECUTION_DATE=2021-09-27T14:07:06.295229+00:00
AIRFLOW_CTX_DAG_RUN_ID=manual__2021-09-27T14:07:06.295229+00:00
[2021-09-27 14:07:31,698] {subprocess.py:52} INFO - Tmp dir root location: 
 /tmp
[2021-09-27 14:07:31,700] {subprocess.py:63} INFO - Running command: ['bash', '-c', 'echo create_entry_gcs_result']
[2021-09-27 14:07:31,709] {subprocess.py:74} INFO - Output:
[2021-09-27 14:07:31,712] {subprocess.py:78} INFO - create_entry_gcs_result
[2021-09-27 14:07:31,713] {subprocess.py:82} INFO - Command exited with return code 0
[2021-09-27 14:07:31,747] {taskinstance.py:1219} INFO - Marking task as SUCCESS. dag_id=example_complex, task_id=create_entry_gcs_result, execution_date=20210927T140706, start_date=20210927T140731, end_date=20210927T140731
[2021-09-27 14:07:31,816] {local_task_job.py:151} INFO - Task exited with return code 0
[2021-09-27 14:07:31,846] {local_task_job.py:261} INFO - 0 downstream tasks scheduled from follow-on schedule check
