[2021-09-27 14:08:16,260] {taskinstance.py:903} INFO - Dependencies all met for <TaskInstance: example_complex.rename_tag_template_field 2021-09-27T14:07:06.295229+00:00 [queued]>
[2021-09-27 14:08:16,279] {taskinstance.py:903} INFO - Dependencies all met for <TaskInstance: example_complex.rename_tag_template_field 2021-09-27T14:07:06.295229+00:00 [queued]>
[2021-09-27 14:08:16,280] {taskinstance.py:1095} INFO - 
--------------------------------------------------------------------------------
[2021-09-27 14:08:16,281] {taskinstance.py:1096} INFO - Starting attempt 1 of 1
[2021-09-27 14:08:16,281] {taskinstance.py:1097} INFO - 
--------------------------------------------------------------------------------
[2021-09-27 14:08:16,290] {taskinstance.py:1115} INFO - Executing <Task(BashOperator): rename_tag_template_field> on 2021-09-27T14:07:06.295229+00:00
[2021-09-27 14:08:16,293] {standard_task_runner.py:52} INFO - Started process 2401 to run task
[2021-09-27 14:08:16,298] {standard_task_runner.py:76} INFO - Running: ['***', 'tasks', 'run', 'example_complex', 'rename_tag_template_field', '2021-09-27T14:07:06.295229+00:00', '--job-id', '29', '--pool', 'default_pool', '--raw', '--subdir', '/home/***/.local/lib/python3.6/site-packages/***/example_dags/example_complex.py', '--cfg-path', '/tmp/tmp9cvza9vy', '--error-file', '/tmp/tmpockov6co']
[2021-09-27 14:08:16,300] {standard_task_runner.py:77} INFO - Job 29: Subtask rename_tag_template_field
[2021-09-27 14:08:16,348] {logging_mixin.py:109} INFO - Running <TaskInstance: example_complex.rename_tag_template_field 2021-09-27T14:07:06.295229+00:00 [running]> on host 6c9f6f41e1ed
[2021-09-27 14:08:16,397] {taskinstance.py:1254} INFO - Exporting the following env vars:
AIRFLOW_CTX_DAG_OWNER=***
AIRFLOW_CTX_DAG_ID=example_complex
AIRFLOW_CTX_TASK_ID=rename_tag_template_field
AIRFLOW_CTX_EXECUTION_DATE=2021-09-27T14:07:06.295229+00:00
AIRFLOW_CTX_DAG_RUN_ID=manual__2021-09-27T14:07:06.295229+00:00
[2021-09-27 14:08:16,399] {subprocess.py:52} INFO - Tmp dir root location: 
 /tmp
[2021-09-27 14:08:16,400] {subprocess.py:63} INFO - Running command: ['bash', '-c', 'echo rename_tag_template_field']
[2021-09-27 14:08:16,407] {subprocess.py:74} INFO - Output:
[2021-09-27 14:08:16,409] {subprocess.py:78} INFO - rename_tag_template_field
[2021-09-27 14:08:16,410] {subprocess.py:82} INFO - Command exited with return code 0
[2021-09-27 14:08:16,439] {taskinstance.py:1219} INFO - Marking task as SUCCESS. dag_id=example_complex, task_id=rename_tag_template_field, execution_date=20210927T140706, start_date=20210927T140816, end_date=20210927T140816
[2021-09-27 14:08:16,473] {local_task_job.py:151} INFO - Task exited with return code 0
[2021-09-27 14:08:16,501] {local_task_job.py:261} INFO - 0 downstream tasks scheduled from follow-on schedule check
