[2021-09-27 14:07:28,968] {taskinstance.py:903} INFO - Dependencies all met for <TaskInstance: example_complex.update_entry 2021-09-27T14:07:06.295229+00:00 [queued]>
[2021-09-27 14:07:28,983] {taskinstance.py:903} INFO - Dependencies all met for <TaskInstance: example_complex.update_entry 2021-09-27T14:07:06.295229+00:00 [queued]>
[2021-09-27 14:07:28,984] {taskinstance.py:1095} INFO - 
--------------------------------------------------------------------------------
[2021-09-27 14:07:28,985] {taskinstance.py:1096} INFO - Starting attempt 1 of 1
[2021-09-27 14:07:28,986] {taskinstance.py:1097} INFO - 
--------------------------------------------------------------------------------
[2021-09-27 14:07:29,005] {taskinstance.py:1115} INFO - Executing <Task(BashOperator): update_entry> on 2021-09-27T14:07:06.295229+00:00
[2021-09-27 14:07:29,010] {standard_task_runner.py:52} INFO - Started process 2200 to run task
[2021-09-27 14:07:29,015] {standard_task_runner.py:76} INFO - Running: ['***', 'tasks', 'run', 'example_complex', 'update_entry', '2021-09-27T14:07:06.295229+00:00', '--job-id', '10', '--pool', 'default_pool', '--raw', '--subdir', '/home/***/.local/lib/python3.6/site-packages/***/example_dags/example_complex.py', '--cfg-path', '/tmp/tmp0li6xyxi', '--error-file', '/tmp/tmp26g98c24']
[2021-09-27 14:07:29,018] {standard_task_runner.py:77} INFO - Job 10: Subtask update_entry
[2021-09-27 14:07:29,076] {logging_mixin.py:109} INFO - Running <TaskInstance: example_complex.update_entry 2021-09-27T14:07:06.295229+00:00 [running]> on host 6c9f6f41e1ed
[2021-09-27 14:07:29,137] {taskinstance.py:1254} INFO - Exporting the following env vars:
AIRFLOW_CTX_DAG_OWNER=***
AIRFLOW_CTX_DAG_ID=example_complex
AIRFLOW_CTX_TASK_ID=update_entry
AIRFLOW_CTX_EXECUTION_DATE=2021-09-27T14:07:06.295229+00:00
AIRFLOW_CTX_DAG_RUN_ID=manual__2021-09-27T14:07:06.295229+00:00
[2021-09-27 14:07:29,139] {subprocess.py:52} INFO - Tmp dir root location: 
 /tmp
[2021-09-27 14:07:29,140] {subprocess.py:63} INFO - Running command: ['bash', '-c', 'echo update_entry']
[2021-09-27 14:07:29,148] {subprocess.py:74} INFO - Output:
[2021-09-27 14:07:29,150] {subprocess.py:78} INFO - update_entry
[2021-09-27 14:07:29,150] {subprocess.py:82} INFO - Command exited with return code 0
[2021-09-27 14:07:29,181] {taskinstance.py:1219} INFO - Marking task as SUCCESS. dag_id=example_complex, task_id=update_entry, execution_date=20210927T140706, start_date=20210927T140728, end_date=20210927T140729
[2021-09-27 14:07:29,232] {local_task_job.py:151} INFO - Task exited with return code 0
[2021-09-27 14:07:29,262] {local_task_job.py:261} INFO - 0 downstream tasks scheduled from follow-on schedule check
