[2021-09-27 14:07:59,599] {taskinstance.py:903} INFO - Dependencies all met for <TaskInstance: example_complex.update_tag_template_field 2021-09-27T14:07:06.295229+00:00 [queued]>
[2021-09-27 14:07:59,612] {taskinstance.py:903} INFO - Dependencies all met for <TaskInstance: example_complex.update_tag_template_field 2021-09-27T14:07:06.295229+00:00 [queued]>
[2021-09-27 14:07:59,613] {taskinstance.py:1095} INFO - 
--------------------------------------------------------------------------------
[2021-09-27 14:07:59,614] {taskinstance.py:1096} INFO - Starting attempt 1 of 1
[2021-09-27 14:07:59,615] {taskinstance.py:1097} INFO - 
--------------------------------------------------------------------------------
[2021-09-27 14:07:59,631] {taskinstance.py:1115} INFO - Executing <Task(BashOperator): update_tag_template_field> on 2021-09-27T14:07:06.295229+00:00
[2021-09-27 14:07:59,635] {standard_task_runner.py:52} INFO - Started process 2336 to run task
[2021-09-27 14:07:59,639] {standard_task_runner.py:76} INFO - Running: ['***', 'tasks', 'run', 'example_complex', 'update_tag_template_field', '2021-09-27T14:07:06.295229+00:00', '--job-id', '22', '--pool', 'default_pool', '--raw', '--subdir', '/home/***/.local/lib/python3.6/site-packages/***/example_dags/example_complex.py', '--cfg-path', '/tmp/tmp7dcp9nx5', '--error-file', '/tmp/tmp4j81peol']
[2021-09-27 14:07:59,642] {standard_task_runner.py:77} INFO - Job 22: Subtask update_tag_template_field
[2021-09-27 14:07:59,695] {logging_mixin.py:109} INFO - Running <TaskInstance: example_complex.update_tag_template_field 2021-09-27T14:07:06.295229+00:00 [running]> on host 6c9f6f41e1ed
[2021-09-27 14:07:59,796] {taskinstance.py:1254} INFO - Exporting the following env vars:
AIRFLOW_CTX_DAG_OWNER=***
AIRFLOW_CTX_DAG_ID=example_complex
AIRFLOW_CTX_TASK_ID=update_tag_template_field
AIRFLOW_CTX_EXECUTION_DATE=2021-09-27T14:07:06.295229+00:00
AIRFLOW_CTX_DAG_RUN_ID=manual__2021-09-27T14:07:06.295229+00:00
[2021-09-27 14:07:59,798] {subprocess.py:52} INFO - Tmp dir root location: 
 /tmp
[2021-09-27 14:07:59,799] {subprocess.py:63} INFO - Running command: ['bash', '-c', 'echo update_tag_template_field']
[2021-09-27 14:07:59,809] {subprocess.py:74} INFO - Output:
[2021-09-27 14:07:59,810] {subprocess.py:78} INFO - update_tag_template_field
[2021-09-27 14:07:59,811] {subprocess.py:82} INFO - Command exited with return code 0
[2021-09-27 14:07:59,844] {taskinstance.py:1219} INFO - Marking task as SUCCESS. dag_id=example_complex, task_id=update_tag_template_field, execution_date=20210927T140706, start_date=20210927T140759, end_date=20210927T140759
[2021-09-27 14:07:59,899] {local_task_job.py:151} INFO - Task exited with return code 0
[2021-09-27 14:07:59,931] {local_task_job.py:261} INFO - 1 downstream tasks scheduled from follow-on schedule check
