[2021-09-29 14:30:02,315] {taskinstance.py:903} INFO - Dependencies all met for <TaskInstance: my_dag.echo_hello 2021-09-29T14:20:00+00:00 [queued]>
[2021-09-29 14:30:02,336] {taskinstance.py:903} INFO - Dependencies all met for <TaskInstance: my_dag.echo_hello 2021-09-29T14:20:00+00:00 [queued]>
[2021-09-29 14:30:02,337] {taskinstance.py:1095} INFO - 
--------------------------------------------------------------------------------
[2021-09-29 14:30:02,338] {taskinstance.py:1096} INFO - Starting attempt 1 of 1
[2021-09-29 14:30:02,339] {taskinstance.py:1097} INFO - 
--------------------------------------------------------------------------------
[2021-09-29 14:30:02,349] {taskinstance.py:1115} INFO - Executing <Task(BashOperator): echo_hello> on 2021-09-29T14:20:00+00:00
[2021-09-29 14:30:02,353] {standard_task_runner.py:52} INFO - Started process 11501 to run task
[2021-09-29 14:30:02,359] {standard_task_runner.py:76} INFO - Running: ['***', 'tasks', 'run', 'my_dag', 'echo_hello', '2021-09-29T14:20:00+00:00', '--job-id', '78', '--pool', 'default_pool', '--raw', '--subdir', 'DAGS_FOLDER/my_dag.py', '--cfg-path', '/tmp/tmpm10y02r5', '--error-file', '/tmp/tmpg5iklwpf']
[2021-09-29 14:30:02,364] {standard_task_runner.py:77} INFO - Job 78: Subtask echo_hello
[2021-09-29 14:30:02,425] {logging_mixin.py:109} INFO - Running <TaskInstance: my_dag.echo_hello 2021-09-29T14:20:00+00:00 [running]> on host 44a42753a06b
[2021-09-29 14:30:02,491] {taskinstance.py:1254} INFO - Exporting the following env vars:
AIRFLOW_CTX_DAG_OWNER=Napak Paweechainapa
AIRFLOW_CTX_DAG_ID=my_dag
AIRFLOW_CTX_TASK_ID=echo_hello
AIRFLOW_CTX_EXECUTION_DATE=2021-09-29T14:20:00+00:00
AIRFLOW_CTX_DAG_RUN_ID=scheduled__2021-09-29T14:20:00+00:00
[2021-09-29 14:30:02,493] {subprocess.py:52} INFO - Tmp dir root location: 
 /tmp
[2021-09-29 14:30:02,495] {subprocess.py:63} INFO - Running command: ['bash', '-c', "echo 'hello'"]
[2021-09-29 14:30:02,504] {subprocess.py:74} INFO - Output:
[2021-09-29 14:30:02,505] {subprocess.py:78} INFO - hello
[2021-09-29 14:30:02,507] {subprocess.py:82} INFO - Command exited with return code 0
[2021-09-29 14:30:02,543] {taskinstance.py:1219} INFO - Marking task as SUCCESS. dag_id=my_dag, task_id=echo_hello, execution_date=20210929T142000, start_date=20210929T143002, end_date=20210929T143002
[2021-09-29 14:30:02,572] {local_task_job.py:151} INFO - Task exited with return code 0
[2021-09-29 14:30:02,607] {local_task_job.py:261} INFO - 1 downstream tasks scheduled from follow-on schedule check
