[2021-09-29 14:01:49,081] {taskinstance.py:903} INFO - Dependencies all met for <TaskInstance: example_bash_operator.also_run_this 2021-09-28T00:00:00+00:00 [queued]>
[2021-09-29 14:01:49,241] {taskinstance.py:903} INFO - Dependencies all met for <TaskInstance: example_bash_operator.also_run_this 2021-09-28T00:00:00+00:00 [queued]>
[2021-09-29 14:01:49,242] {taskinstance.py:1095} INFO - 
--------------------------------------------------------------------------------
[2021-09-29 14:01:49,244] {taskinstance.py:1096} INFO - Starting attempt 1 of 1
[2021-09-29 14:01:49,246] {taskinstance.py:1097} INFO - 
--------------------------------------------------------------------------------
[2021-09-29 14:01:49,277] {taskinstance.py:1115} INFO - Executing <Task(BashOperator): also_run_this> on 2021-09-28T00:00:00+00:00
[2021-09-29 14:01:49,292] {standard_task_runner.py:52} INFO - Started process 229 to run task
[2021-09-29 14:01:49,312] {standard_task_runner.py:76} INFO - Running: ['***', 'tasks', 'run', 'example_bash_operator', 'also_run_this', '2021-09-28T00:00:00+00:00', '--job-id', '69', '--pool', 'default_pool', '--raw', '--subdir', '/home/***/.local/lib/python3.6/site-packages/***/example_dags/example_bash_operator.py', '--cfg-path', '/tmp/tmpoaussj7y', '--error-file', '/tmp/tmp25ucjtak']
[2021-09-29 14:01:49,324] {standard_task_runner.py:77} INFO - Job 69: Subtask also_run_this
[2021-09-29 14:01:49,612] {logging_mixin.py:109} INFO - Running <TaskInstance: example_bash_operator.also_run_this 2021-09-28T00:00:00+00:00 [running]> on host 44a42753a06b
[2021-09-29 14:01:49,780] {taskinstance.py:1254} INFO - Exporting the following env vars:
AIRFLOW_CTX_DAG_OWNER=***
AIRFLOW_CTX_DAG_ID=example_bash_operator
AIRFLOW_CTX_TASK_ID=also_run_this
AIRFLOW_CTX_EXECUTION_DATE=2021-09-28T00:00:00+00:00
AIRFLOW_CTX_DAG_RUN_ID=scheduled__2021-09-28T00:00:00+00:00
[2021-09-29 14:01:49,782] {subprocess.py:52} INFO - Tmp dir root location: 
 /tmp
[2021-09-29 14:01:49,784] {subprocess.py:63} INFO - Running command: ['bash', '-c', 'echo "run_id=scheduled__2021-09-28T00:00:00+00:00 | dag_run=<DagRun example_bash_operator @ 2021-09-28 00:00:00+00:00: scheduled__2021-09-28T00:00:00+00:00, externally triggered: False>"']
[2021-09-29 14:01:49,798] {subprocess.py:74} INFO - Output:
[2021-09-29 14:01:49,801] {subprocess.py:78} INFO - run_id=scheduled__2021-09-28T00:00:00+00:00 | dag_run=<DagRun example_bash_operator @ 2021-09-28 00:00:00+00:00: scheduled__2021-09-28T00:00:00+00:00, externally triggered: False>
[2021-09-29 14:01:49,802] {subprocess.py:82} INFO - Command exited with return code 0
[2021-09-29 14:01:49,837] {taskinstance.py:1219} INFO - Marking task as SUCCESS. dag_id=example_bash_operator, task_id=also_run_this, execution_date=20210928T000000, start_date=20210929T140149, end_date=20210929T140149
[2021-09-29 14:01:49,898] {local_task_job.py:151} INFO - Task exited with return code 0
[2021-09-29 14:01:49,984] {local_task_job.py:261} INFO - 0 downstream tasks scheduled from follow-on schedule check
