[2021-09-27 14:08:27,671] {taskinstance.py:903} INFO - Dependencies all met for <TaskInstance: example_complex.list_tags_result 2021-09-27T14:07:06.295229+00:00 [queued]>
[2021-09-27 14:08:27,691] {taskinstance.py:903} INFO - Dependencies all met for <TaskInstance: example_complex.list_tags_result 2021-09-27T14:07:06.295229+00:00 [queued]>
[2021-09-27 14:08:27,692] {taskinstance.py:1095} INFO - 
--------------------------------------------------------------------------------
[2021-09-27 14:08:27,693] {taskinstance.py:1096} INFO - Starting attempt 1 of 1
[2021-09-27 14:08:27,694] {taskinstance.py:1097} INFO - 
--------------------------------------------------------------------------------
[2021-09-27 14:08:27,702] {taskinstance.py:1115} INFO - Executing <Task(BashOperator): list_tags_result> on 2021-09-27T14:07:06.295229+00:00
[2021-09-27 14:08:27,705] {standard_task_runner.py:52} INFO - Started process 2456 to run task
[2021-09-27 14:08:27,710] {standard_task_runner.py:76} INFO - Running: ['***', 'tasks', 'run', 'example_complex', 'list_tags_result', '2021-09-27T14:07:06.295229+00:00', '--job-id', '34', '--pool', 'default_pool', '--raw', '--subdir', '/home/***/.local/lib/python3.6/site-packages/***/example_dags/example_complex.py', '--cfg-path', '/tmp/tmpdg__1y5w', '--error-file', '/tmp/tmpnmp208nz']
[2021-09-27 14:08:27,712] {standard_task_runner.py:77} INFO - Job 34: Subtask list_tags_result
[2021-09-27 14:08:27,764] {logging_mixin.py:109} INFO - Running <TaskInstance: example_complex.list_tags_result 2021-09-27T14:07:06.295229+00:00 [running]> on host 6c9f6f41e1ed
[2021-09-27 14:08:27,822] {taskinstance.py:1254} INFO - Exporting the following env vars:
AIRFLOW_CTX_DAG_OWNER=***
AIRFLOW_CTX_DAG_ID=example_complex
AIRFLOW_CTX_TASK_ID=list_tags_result
AIRFLOW_CTX_EXECUTION_DATE=2021-09-27T14:07:06.295229+00:00
AIRFLOW_CTX_DAG_RUN_ID=manual__2021-09-27T14:07:06.295229+00:00
[2021-09-27 14:08:27,825] {subprocess.py:52} INFO - Tmp dir root location: 
 /tmp
[2021-09-27 14:08:27,826] {subprocess.py:63} INFO - Running command: ['bash', '-c', 'echo list_tags_result']
[2021-09-27 14:08:27,835] {subprocess.py:74} INFO - Output:
[2021-09-27 14:08:27,836] {subprocess.py:78} INFO - list_tags_result
[2021-09-27 14:08:27,837] {subprocess.py:82} INFO - Command exited with return code 0
[2021-09-27 14:08:27,869] {taskinstance.py:1219} INFO - Marking task as SUCCESS. dag_id=example_complex, task_id=list_tags_result, execution_date=20210927T140706, start_date=20210927T140827, end_date=20210927T140827
[2021-09-27 14:08:27,927] {local_task_job.py:151} INFO - Task exited with return code 0
[2021-09-27 14:08:27,953] {local_task_job.py:261} INFO - 0 downstream tasks scheduled from follow-on schedule check
