[2021-09-27 14:08:04,678] {taskinstance.py:903} INFO - Dependencies all met for <TaskInstance: example_complex.create_tag_template_field_result2 2021-09-27T14:07:06.295229+00:00 [queued]>
[2021-09-27 14:08:04,692] {taskinstance.py:903} INFO - Dependencies all met for <TaskInstance: example_complex.create_tag_template_field_result2 2021-09-27T14:07:06.295229+00:00 [queued]>
[2021-09-27 14:08:04,694] {taskinstance.py:1095} INFO - 
--------------------------------------------------------------------------------
[2021-09-27 14:08:04,695] {taskinstance.py:1096} INFO - Starting attempt 1 of 1
[2021-09-27 14:08:04,696] {taskinstance.py:1097} INFO - 
--------------------------------------------------------------------------------
[2021-09-27 14:08:04,710] {taskinstance.py:1115} INFO - Executing <Task(BashOperator): create_tag_template_field_result2> on 2021-09-27T14:07:06.295229+00:00
[2021-09-27 14:08:04,715] {standard_task_runner.py:52} INFO - Started process 2348 to run task
[2021-09-27 14:08:04,720] {standard_task_runner.py:76} INFO - Running: ['***', 'tasks', 'run', 'example_complex', 'create_tag_template_field_result2', '2021-09-27T14:07:06.295229+00:00', '--job-id', '24', '--pool', 'default_pool', '--raw', '--subdir', '/home/***/.local/lib/python3.6/site-packages/***/example_dags/example_complex.py', '--cfg-path', '/tmp/tmpscuppa4q', '--error-file', '/tmp/tmpml58bw3f']
[2021-09-27 14:08:04,723] {standard_task_runner.py:77} INFO - Job 24: Subtask create_tag_template_field_result2
[2021-09-27 14:08:04,803] {logging_mixin.py:109} INFO - Running <TaskInstance: example_complex.create_tag_template_field_result2 2021-09-27T14:07:06.295229+00:00 [running]> on host 6c9f6f41e1ed
[2021-09-27 14:08:04,871] {taskinstance.py:1254} INFO - Exporting the following env vars:
AIRFLOW_CTX_DAG_OWNER=***
AIRFLOW_CTX_DAG_ID=example_complex
AIRFLOW_CTX_TASK_ID=create_tag_template_field_result2
AIRFLOW_CTX_EXECUTION_DATE=2021-09-27T14:07:06.295229+00:00
AIRFLOW_CTX_DAG_RUN_ID=manual__2021-09-27T14:07:06.295229+00:00
[2021-09-27 14:08:04,874] {subprocess.py:52} INFO - Tmp dir root location: 
 /tmp
[2021-09-27 14:08:04,876] {subprocess.py:63} INFO - Running command: ['bash', '-c', 'echo create_tag_template_field_result']
[2021-09-27 14:08:04,887] {subprocess.py:74} INFO - Output:
[2021-09-27 14:08:04,889] {subprocess.py:78} INFO - create_tag_template_field_result
[2021-09-27 14:08:04,890] {subprocess.py:82} INFO - Command exited with return code 0
[2021-09-27 14:08:04,924] {taskinstance.py:1219} INFO - Marking task as SUCCESS. dag_id=example_complex, task_id=create_tag_template_field_result2, execution_date=20210927T140706, start_date=20210927T140804, end_date=20210927T140804
[2021-09-27 14:08:04,981] {local_task_job.py:151} INFO - Task exited with return code 0
[2021-09-27 14:08:05,010] {local_task_job.py:261} INFO - 0 downstream tasks scheduled from follow-on schedule check
