[2021-09-27 14:10:40,481] {taskinstance.py:903} INFO - Dependencies all met for <TaskInstance: example_bash_operator.this_will_skip 2021-09-25T00:00:00+00:00 [queued]>
[2021-09-27 14:10:40,489] {taskinstance.py:903} INFO - Dependencies all met for <TaskInstance: example_bash_operator.this_will_skip 2021-09-25T00:00:00+00:00 [queued]>
[2021-09-27 14:10:40,490] {taskinstance.py:1095} INFO - 
--------------------------------------------------------------------------------
[2021-09-27 14:10:40,491] {taskinstance.py:1096} INFO - Starting attempt 1 of 1
[2021-09-27 14:10:40,491] {taskinstance.py:1097} INFO - 
--------------------------------------------------------------------------------
[2021-09-27 14:10:40,503] {taskinstance.py:1115} INFO - Executing <Task(BashOperator): this_will_skip> on 2021-09-25T00:00:00+00:00
[2021-09-27 14:10:40,506] {standard_task_runner.py:52} INFO - Started process 2753 to run task
[2021-09-27 14:10:40,510] {standard_task_runner.py:76} INFO - Running: ['***', 'tasks', 'run', 'example_bash_operator', 'this_will_skip', '2021-09-25T00:00:00+00:00', '--job-id', '43', '--pool', 'default_pool', '--raw', '--subdir', '/home/***/.local/lib/python3.6/site-packages/***/example_dags/example_bash_operator.py', '--cfg-path', '/tmp/tmpqrrow7df', '--error-file', '/tmp/tmplyyf4b4d']
[2021-09-27 14:10:40,512] {standard_task_runner.py:77} INFO - Job 43: Subtask this_will_skip
[2021-09-27 14:10:40,557] {logging_mixin.py:109} INFO - Running <TaskInstance: example_bash_operator.this_will_skip 2021-09-25T00:00:00+00:00 [running]> on host 6c9f6f41e1ed
[2021-09-27 14:10:40,606] {taskinstance.py:1254} INFO - Exporting the following env vars:
AIRFLOW_CTX_DAG_OWNER=***
AIRFLOW_CTX_DAG_ID=example_bash_operator
AIRFLOW_CTX_TASK_ID=this_will_skip
AIRFLOW_CTX_EXECUTION_DATE=2021-09-25T00:00:00+00:00
AIRFLOW_CTX_DAG_RUN_ID=scheduled__2021-09-25T00:00:00+00:00
[2021-09-27 14:10:40,608] {subprocess.py:52} INFO - Tmp dir root location: 
 /tmp
[2021-09-27 14:10:40,609] {subprocess.py:63} INFO - Running command: ['bash', '-c', 'echo "hello world"; exit 99;']
[2021-09-27 14:10:40,617] {subprocess.py:74} INFO - Output:
[2021-09-27 14:10:40,618] {subprocess.py:78} INFO - hello world
[2021-09-27 14:10:40,619] {subprocess.py:82} INFO - Command exited with return code 99
[2021-09-27 14:10:40,621] {taskinstance.py:1175} INFO - Bash command returned exit code 99. Skipping.
[2021-09-27 14:10:40,636] {taskinstance.py:1185} INFO - Marking task as SKIPPED. dag_id=example_bash_operator, task_id=this_will_skip, execution_date=20210925T000000, start_date=20210927T141040, end_date=
[2021-09-27 14:10:40,637] {taskinstance.py:1219} INFO - Marking task as SUCCESS. dag_id=example_bash_operator, task_id=this_will_skip, execution_date=20210925T000000, start_date=20210927T141040, end_date=20210927T141040
[2021-09-27 14:10:40,685] {local_task_job.py:151} INFO - Task exited with return code 0
[2021-09-27 14:10:40,718] {local_task_job.py:261} INFO - 0 downstream tasks scheduled from follow-on schedule check
