[2021-09-27 14:10:38,095] {taskinstance.py:903} INFO - Dependencies all met for <TaskInstance: example_bash_operator.also_run_this 2021-09-25T00:00:00+00:00 [queued]>
[2021-09-27 14:10:38,108] {taskinstance.py:903} INFO - Dependencies all met for <TaskInstance: example_bash_operator.also_run_this 2021-09-25T00:00:00+00:00 [queued]>
[2021-09-27 14:10:38,109] {taskinstance.py:1095} INFO - 
--------------------------------------------------------------------------------
[2021-09-27 14:10:38,110] {taskinstance.py:1096} INFO - Starting attempt 1 of 1
[2021-09-27 14:10:38,111] {taskinstance.py:1097} INFO - 
--------------------------------------------------------------------------------
[2021-09-27 14:10:38,127] {taskinstance.py:1115} INFO - Executing <Task(BashOperator): also_run_this> on 2021-09-25T00:00:00+00:00
[2021-09-27 14:10:38,133] {standard_task_runner.py:52} INFO - Started process 2746 to run task
[2021-09-27 14:10:38,138] {standard_task_runner.py:76} INFO - Running: ['***', 'tasks', 'run', 'example_bash_operator', 'also_run_this', '2021-09-25T00:00:00+00:00', '--job-id', '42', '--pool', 'default_pool', '--raw', '--subdir', '/home/***/.local/lib/python3.6/site-packages/***/example_dags/example_bash_operator.py', '--cfg-path', '/tmp/tmpmf9vkd7e', '--error-file', '/tmp/tmp8uonu_78']
[2021-09-27 14:10:38,141] {standard_task_runner.py:77} INFO - Job 42: Subtask also_run_this
[2021-09-27 14:10:38,201] {logging_mixin.py:109} INFO - Running <TaskInstance: example_bash_operator.also_run_this 2021-09-25T00:00:00+00:00 [running]> on host 6c9f6f41e1ed
[2021-09-27 14:10:38,276] {taskinstance.py:1254} INFO - Exporting the following env vars:
AIRFLOW_CTX_DAG_OWNER=***
AIRFLOW_CTX_DAG_ID=example_bash_operator
AIRFLOW_CTX_TASK_ID=also_run_this
AIRFLOW_CTX_EXECUTION_DATE=2021-09-25T00:00:00+00:00
AIRFLOW_CTX_DAG_RUN_ID=scheduled__2021-09-25T00:00:00+00:00
[2021-09-27 14:10:38,278] {subprocess.py:52} INFO - Tmp dir root location: 
 /tmp
[2021-09-27 14:10:38,280] {subprocess.py:63} INFO - Running command: ['bash', '-c', 'echo "run_id=scheduled__2021-09-25T00:00:00+00:00 | dag_run=<DagRun example_bash_operator @ 2021-09-25 00:00:00+00:00: scheduled__2021-09-25T00:00:00+00:00, externally triggered: False>"']
[2021-09-27 14:10:38,289] {subprocess.py:74} INFO - Output:
[2021-09-27 14:10:38,291] {subprocess.py:78} INFO - run_id=scheduled__2021-09-25T00:00:00+00:00 | dag_run=<DagRun example_bash_operator @ 2021-09-25 00:00:00+00:00: scheduled__2021-09-25T00:00:00+00:00, externally triggered: False>
[2021-09-27 14:10:38,292] {subprocess.py:82} INFO - Command exited with return code 0
[2021-09-27 14:10:38,330] {taskinstance.py:1219} INFO - Marking task as SUCCESS. dag_id=example_bash_operator, task_id=also_run_this, execution_date=20210925T000000, start_date=20210927T141038, end_date=20210927T141038
[2021-09-27 14:10:38,397] {local_task_job.py:151} INFO - Task exited with return code 0
[2021-09-27 14:10:38,432] {local_task_job.py:261} INFO - 0 downstream tasks scheduled from follow-on schedule check
