[2021-09-27 14:50:01,892] {taskinstance.py:903} INFO - Dependencies all met for <TaskInstance: my_dag.echo_hello 2021-09-27T14:40:00+00:00 [queued]>
[2021-09-27 14:50:01,912] {taskinstance.py:903} INFO - Dependencies all met for <TaskInstance: my_dag.echo_hello 2021-09-27T14:40:00+00:00 [queued]>
[2021-09-27 14:50:01,913] {taskinstance.py:1095} INFO - 
--------------------------------------------------------------------------------
[2021-09-27 14:50:01,914] {taskinstance.py:1096} INFO - Starting attempt 1 of 1
[2021-09-27 14:50:01,915] {taskinstance.py:1097} INFO - 
--------------------------------------------------------------------------------
[2021-09-27 14:50:01,925] {taskinstance.py:1115} INFO - Executing <Task(BashOperator): echo_hello> on 2021-09-27T14:40:00+00:00
[2021-09-27 14:50:01,929] {standard_task_runner.py:52} INFO - Started process 14118 to run task
[2021-09-27 14:50:01,934] {standard_task_runner.py:76} INFO - Running: ['***', 'tasks', 'run', 'my_dag', 'echo_hello', '2021-09-27T14:40:00+00:00', '--job-id', '54', '--pool', 'default_pool', '--raw', '--subdir', 'DAGS_FOLDER/my_dag.py', '--cfg-path', '/tmp/tmpz6ul5g1k', '--error-file', '/tmp/tmpvebdaf7j']
[2021-09-27 14:50:01,938] {standard_task_runner.py:77} INFO - Job 54: Subtask echo_hello
[2021-09-27 14:50:01,995] {logging_mixin.py:109} INFO - Running <TaskInstance: my_dag.echo_hello 2021-09-27T14:40:00+00:00 [running]> on host 44a42753a06b
[2021-09-27 14:50:02,060] {taskinstance.py:1254} INFO - Exporting the following env vars:
AIRFLOW_CTX_DAG_OWNER=Napak Paweechainapa
AIRFLOW_CTX_DAG_ID=my_dag
AIRFLOW_CTX_TASK_ID=echo_hello
AIRFLOW_CTX_EXECUTION_DATE=2021-09-27T14:40:00+00:00
AIRFLOW_CTX_DAG_RUN_ID=scheduled__2021-09-27T14:40:00+00:00
[2021-09-27 14:50:02,062] {subprocess.py:52} INFO - Tmp dir root location: 
 /tmp
[2021-09-27 14:50:02,063] {subprocess.py:63} INFO - Running command: ['bash', '-c', "echo 'hello'"]
[2021-09-27 14:50:02,078] {subprocess.py:74} INFO - Output:
[2021-09-27 14:50:02,080] {subprocess.py:78} INFO - hello
[2021-09-27 14:50:02,081] {subprocess.py:82} INFO - Command exited with return code 0
[2021-09-27 14:50:02,116] {taskinstance.py:1219} INFO - Marking task as SUCCESS. dag_id=my_dag, task_id=echo_hello, execution_date=20210927T144000, start_date=20210927T145001, end_date=20210927T145002
[2021-09-27 14:50:02,147] {local_task_job.py:151} INFO - Task exited with return code 0
[2021-09-27 14:50:02,198] {local_task_job.py:261} INFO - 1 downstream tasks scheduled from follow-on schedule check
