[2021-09-27 14:08:25,641] {taskinstance.py:903} INFO - Dependencies all met for <TaskInstance: example_complex.search_catalog_result 2021-09-27T14:07:06.295229+00:00 [queued]>
[2021-09-27 14:08:25,654] {taskinstance.py:903} INFO - Dependencies all met for <TaskInstance: example_complex.search_catalog_result 2021-09-27T14:07:06.295229+00:00 [queued]>
[2021-09-27 14:08:25,655] {taskinstance.py:1095} INFO - 
--------------------------------------------------------------------------------
[2021-09-27 14:08:25,656] {taskinstance.py:1096} INFO - Starting attempt 1 of 1
[2021-09-27 14:08:25,657] {taskinstance.py:1097} INFO - 
--------------------------------------------------------------------------------
[2021-09-27 14:08:25,671] {taskinstance.py:1115} INFO - Executing <Task(BashOperator): search_catalog_result> on 2021-09-27T14:07:06.295229+00:00
[2021-09-27 14:08:25,675] {standard_task_runner.py:52} INFO - Started process 2448 to run task
[2021-09-27 14:08:25,679] {standard_task_runner.py:76} INFO - Running: ['***', 'tasks', 'run', 'example_complex', 'search_catalog_result', '2021-09-27T14:07:06.295229+00:00', '--job-id', '33', '--pool', 'default_pool', '--raw', '--subdir', '/home/***/.local/lib/python3.6/site-packages/***/example_dags/example_complex.py', '--cfg-path', '/tmp/tmprith_bo5', '--error-file', '/tmp/tmp2rf2c3h2']
[2021-09-27 14:08:25,682] {standard_task_runner.py:77} INFO - Job 33: Subtask search_catalog_result
[2021-09-27 14:08:25,731] {logging_mixin.py:109} INFO - Running <TaskInstance: example_complex.search_catalog_result 2021-09-27T14:07:06.295229+00:00 [running]> on host 6c9f6f41e1ed
[2021-09-27 14:08:25,785] {taskinstance.py:1254} INFO - Exporting the following env vars:
AIRFLOW_CTX_DAG_OWNER=***
AIRFLOW_CTX_DAG_ID=example_complex
AIRFLOW_CTX_TASK_ID=search_catalog_result
AIRFLOW_CTX_EXECUTION_DATE=2021-09-27T14:07:06.295229+00:00
AIRFLOW_CTX_DAG_RUN_ID=manual__2021-09-27T14:07:06.295229+00:00
[2021-09-27 14:08:25,787] {subprocess.py:52} INFO - Tmp dir root location: 
 /tmp
[2021-09-27 14:08:25,788] {subprocess.py:63} INFO - Running command: ['bash', '-c', 'echo search_catalog_result']
[2021-09-27 14:08:25,796] {subprocess.py:74} INFO - Output:
[2021-09-27 14:08:25,797] {subprocess.py:78} INFO - search_catalog_result
[2021-09-27 14:08:25,798] {subprocess.py:82} INFO - Command exited with return code 0
[2021-09-27 14:08:25,828] {taskinstance.py:1219} INFO - Marking task as SUCCESS. dag_id=example_complex, task_id=search_catalog_result, execution_date=20210927T140706, start_date=20210927T140825, end_date=20210927T140825
[2021-09-27 14:08:25,855] {local_task_job.py:151} INFO - Task exited with return code 0
[2021-09-27 14:08:25,880] {local_task_job.py:261} INFO - 0 downstream tasks scheduled from follow-on schedule check
