[2021-09-29 14:01:45,618] {taskinstance.py:903} INFO - Dependencies all met for <TaskInstance: example_bash_operator.runme_0 2021-09-27T00:00:00+00:00 [queued]>
[2021-09-29 14:01:45,722] {taskinstance.py:903} INFO - Dependencies all met for <TaskInstance: example_bash_operator.runme_0 2021-09-27T00:00:00+00:00 [queued]>
[2021-09-29 14:01:45,724] {taskinstance.py:1095} INFO - 
--------------------------------------------------------------------------------
[2021-09-29 14:01:45,725] {taskinstance.py:1096} INFO - Starting attempt 1 of 1
[2021-09-29 14:01:45,727] {taskinstance.py:1097} INFO - 
--------------------------------------------------------------------------------
[2021-09-29 14:01:45,760] {taskinstance.py:1115} INFO - Executing <Task(BashOperator): runme_0> on 2021-09-27T00:00:00+00:00
[2021-09-29 14:01:45,767] {standard_task_runner.py:52} INFO - Started process 188 to run task
[2021-09-29 14:01:45,789] {standard_task_runner.py:76} INFO - Running: ['***', 'tasks', 'run', 'example_bash_operator', 'runme_0', '2021-09-27T00:00:00+00:00', '--job-id', '57', '--pool', 'default_pool', '--raw', '--subdir', '/home/***/.local/lib/python3.6/site-packages/***/example_dags/example_bash_operator.py', '--cfg-path', '/tmp/tmp3ink9_bn', '--error-file', '/tmp/tmpuvfn2mo3']
[2021-09-29 14:01:45,801] {standard_task_runner.py:77} INFO - Job 57: Subtask runme_0
[2021-09-29 14:01:46,323] {logging_mixin.py:109} INFO - Running <TaskInstance: example_bash_operator.runme_0 2021-09-27T00:00:00+00:00 [running]> on host 44a42753a06b
[2021-09-29 14:01:46,621] {taskinstance.py:1254} INFO - Exporting the following env vars:
AIRFLOW_CTX_DAG_OWNER=***
AIRFLOW_CTX_DAG_ID=example_bash_operator
AIRFLOW_CTX_TASK_ID=runme_0
AIRFLOW_CTX_EXECUTION_DATE=2021-09-27T00:00:00+00:00
AIRFLOW_CTX_DAG_RUN_ID=scheduled__2021-09-27T00:00:00+00:00
[2021-09-29 14:01:46,626] {subprocess.py:52} INFO - Tmp dir root location: 
 /tmp
[2021-09-29 14:01:46,628] {subprocess.py:63} INFO - Running command: ['bash', '-c', 'echo "example_bash_operator__runme_0__20210927" && sleep 1']
[2021-09-29 14:01:46,789] {subprocess.py:74} INFO - Output:
[2021-09-29 14:01:46,847] {subprocess.py:78} INFO - example_bash_operator__runme_0__20210927
[2021-09-29 14:01:47,883] {subprocess.py:82} INFO - Command exited with return code 0
[2021-09-29 14:01:48,117] {taskinstance.py:1219} INFO - Marking task as SUCCESS. dag_id=example_bash_operator, task_id=runme_0, execution_date=20210927T000000, start_date=20210929T140145, end_date=20210929T140148
[2021-09-29 14:01:48,379] {local_task_job.py:151} INFO - Task exited with return code 0
[2021-09-29 14:01:48,645] {local_task_job.py:261} INFO - 0 downstream tasks scheduled from follow-on schedule check
