[2021-09-29 14:30:02,315] {taskinstance.py:903} INFO - Dependencies all met for <TaskInstance: my_dag.say_hello 2021-09-29T14:20:00+00:00 [queued]>
[2021-09-29 14:30:02,335] {taskinstance.py:903} INFO - Dependencies all met for <TaskInstance: my_dag.say_hello 2021-09-29T14:20:00+00:00 [queued]>
[2021-09-29 14:30:02,336] {taskinstance.py:1095} INFO - 
--------------------------------------------------------------------------------
[2021-09-29 14:30:02,337] {taskinstance.py:1096} INFO - Starting attempt 1 of 1
[2021-09-29 14:30:02,337] {taskinstance.py:1097} INFO - 
--------------------------------------------------------------------------------
[2021-09-29 14:30:02,347] {taskinstance.py:1115} INFO - Executing <Task(PythonOperator): say_hello> on 2021-09-29T14:20:00+00:00
[2021-09-29 14:30:02,352] {standard_task_runner.py:52} INFO - Started process 11500 to run task
[2021-09-29 14:30:02,357] {standard_task_runner.py:76} INFO - Running: ['***', 'tasks', 'run', 'my_dag', 'say_hello', '2021-09-29T14:20:00+00:00', '--job-id', '77', '--pool', 'default_pool', '--raw', '--subdir', 'DAGS_FOLDER/my_dag.py', '--cfg-path', '/tmp/tmplz8kikxu', '--error-file', '/tmp/tmphfa_quoj']
[2021-09-29 14:30:02,362] {standard_task_runner.py:77} INFO - Job 77: Subtask say_hello
[2021-09-29 14:30:02,421] {logging_mixin.py:109} INFO - Running <TaskInstance: my_dag.say_hello 2021-09-29T14:20:00+00:00 [running]> on host 44a42753a06b
[2021-09-29 14:30:02,486] {taskinstance.py:1254} INFO - Exporting the following env vars:
AIRFLOW_CTX_DAG_OWNER=Napak Paweechainapa
AIRFLOW_CTX_DAG_ID=my_dag
AIRFLOW_CTX_TASK_ID=say_hello
AIRFLOW_CTX_EXECUTION_DATE=2021-09-29T14:20:00+00:00
AIRFLOW_CTX_DAG_RUN_ID=scheduled__2021-09-29T14:20:00+00:00
[2021-09-29 14:30:02,488] {my_dag.py:11} INFO - Hello, SAKSIAM!
[2021-09-29 14:30:02,489] {python.py:151} INFO - Done. Returned value was: None
[2021-09-29 14:30:02,505] {taskinstance.py:1219} INFO - Marking task as SUCCESS. dag_id=my_dag, task_id=say_hello, execution_date=20210929T142000, start_date=20210929T143002, end_date=20210929T143002
[2021-09-29 14:30:02,530] {local_task_job.py:151} INFO - Task exited with return code 0
[2021-09-29 14:30:02,565] {local_task_job.py:261} INFO - 0 downstream tasks scheduled from follow-on schedule check
