[2021-09-27 14:08:18,290] {taskinstance.py:903} INFO - Dependencies all met for <TaskInstance: example_complex.create_tag_result 2021-09-27T14:07:06.295229+00:00 [queued]>
[2021-09-27 14:08:18,303] {taskinstance.py:903} INFO - Dependencies all met for <TaskInstance: example_complex.create_tag_result 2021-09-27T14:07:06.295229+00:00 [queued]>
[2021-09-27 14:08:18,304] {taskinstance.py:1095} INFO - 
--------------------------------------------------------------------------------
[2021-09-27 14:08:18,305] {taskinstance.py:1096} INFO - Starting attempt 1 of 1
[2021-09-27 14:08:18,306] {taskinstance.py:1097} INFO - 
--------------------------------------------------------------------------------
[2021-09-27 14:08:18,324] {taskinstance.py:1115} INFO - Executing <Task(BashOperator): create_tag_result> on 2021-09-27T14:07:06.295229+00:00
[2021-09-27 14:08:18,328] {standard_task_runner.py:52} INFO - Started process 2416 to run task
[2021-09-27 14:08:18,335] {standard_task_runner.py:76} INFO - Running: ['***', 'tasks', 'run', 'example_complex', 'create_tag_result', '2021-09-27T14:07:06.295229+00:00', '--job-id', '30', '--pool', 'default_pool', '--raw', '--subdir', '/home/***/.local/lib/python3.6/site-packages/***/example_dags/example_complex.py', '--cfg-path', '/tmp/tmpej_h9yj4', '--error-file', '/tmp/tmpy1eosb97']
[2021-09-27 14:08:18,338] {standard_task_runner.py:77} INFO - Job 30: Subtask create_tag_result
[2021-09-27 14:08:18,396] {logging_mixin.py:109} INFO - Running <TaskInstance: example_complex.create_tag_result 2021-09-27T14:07:06.295229+00:00 [running]> on host 6c9f6f41e1ed
[2021-09-27 14:08:18,456] {taskinstance.py:1254} INFO - Exporting the following env vars:
AIRFLOW_CTX_DAG_OWNER=***
AIRFLOW_CTX_DAG_ID=example_complex
AIRFLOW_CTX_TASK_ID=create_tag_result
AIRFLOW_CTX_EXECUTION_DATE=2021-09-27T14:07:06.295229+00:00
AIRFLOW_CTX_DAG_RUN_ID=manual__2021-09-27T14:07:06.295229+00:00
[2021-09-27 14:08:18,458] {subprocess.py:52} INFO - Tmp dir root location: 
 /tmp
[2021-09-27 14:08:18,459] {subprocess.py:63} INFO - Running command: ['bash', '-c', 'echo create_tag_result']
[2021-09-27 14:08:18,467] {subprocess.py:74} INFO - Output:
[2021-09-27 14:08:18,469] {subprocess.py:78} INFO - create_tag_result
[2021-09-27 14:08:18,470] {subprocess.py:82} INFO - Command exited with return code 0
[2021-09-27 14:08:18,506] {taskinstance.py:1219} INFO - Marking task as SUCCESS. dag_id=example_complex, task_id=create_tag_result, execution_date=20210927T140706, start_date=20210927T140818, end_date=20210927T140818
[2021-09-27 14:08:18,551] {local_task_job.py:151} INFO - Task exited with return code 0
[2021-09-27 14:08:18,578] {local_task_job.py:261} INFO - 0 downstream tasks scheduled from follow-on schedule check
