[2021-09-27 14:08:23,393] {taskinstance.py:903} INFO - Dependencies all met for <TaskInstance: example_complex.delete_tag 2021-09-27T14:07:06.295229+00:00 [queued]>
[2021-09-27 14:08:23,417] {taskinstance.py:903} INFO - Dependencies all met for <TaskInstance: example_complex.delete_tag 2021-09-27T14:07:06.295229+00:00 [queued]>
[2021-09-27 14:08:23,418] {taskinstance.py:1095} INFO - 
--------------------------------------------------------------------------------
[2021-09-27 14:08:23,419] {taskinstance.py:1096} INFO - Starting attempt 1 of 1
[2021-09-27 14:08:23,420] {taskinstance.py:1097} INFO - 
--------------------------------------------------------------------------------
[2021-09-27 14:08:23,430] {taskinstance.py:1115} INFO - Executing <Task(BashOperator): delete_tag> on 2021-09-27T14:07:06.295229+00:00
[2021-09-27 14:08:23,437] {standard_task_runner.py:52} INFO - Started process 2442 to run task
[2021-09-27 14:08:23,442] {standard_task_runner.py:76} INFO - Running: ['***', 'tasks', 'run', 'example_complex', 'delete_tag', '2021-09-27T14:07:06.295229+00:00', '--job-id', '32', '--pool', 'default_pool', '--raw', '--subdir', '/home/***/.local/lib/python3.6/site-packages/***/example_dags/example_complex.py', '--cfg-path', '/tmp/tmp3g62znog', '--error-file', '/tmp/tmpplym_qtq']
[2021-09-27 14:08:23,445] {standard_task_runner.py:77} INFO - Job 32: Subtask delete_tag
[2021-09-27 14:08:23,505] {logging_mixin.py:109} INFO - Running <TaskInstance: example_complex.delete_tag 2021-09-27T14:07:06.295229+00:00 [running]> on host 6c9f6f41e1ed
[2021-09-27 14:08:23,572] {taskinstance.py:1254} INFO - Exporting the following env vars:
AIRFLOW_CTX_DAG_OWNER=***
AIRFLOW_CTX_DAG_ID=example_complex
AIRFLOW_CTX_TASK_ID=delete_tag
AIRFLOW_CTX_EXECUTION_DATE=2021-09-27T14:07:06.295229+00:00
AIRFLOW_CTX_DAG_RUN_ID=manual__2021-09-27T14:07:06.295229+00:00
[2021-09-27 14:08:23,574] {subprocess.py:52} INFO - Tmp dir root location: 
 /tmp
[2021-09-27 14:08:23,576] {subprocess.py:63} INFO - Running command: ['bash', '-c', 'echo delete_tag']
[2021-09-27 14:08:23,588] {subprocess.py:74} INFO - Output:
[2021-09-27 14:08:23,589] {subprocess.py:78} INFO - delete_tag
[2021-09-27 14:08:23,590] {subprocess.py:82} INFO - Command exited with return code 0
[2021-09-27 14:08:23,626] {taskinstance.py:1219} INFO - Marking task as SUCCESS. dag_id=example_complex, task_id=delete_tag, execution_date=20210927T140706, start_date=20210927T140823, end_date=20210927T140823
[2021-09-27 14:08:23,659] {local_task_job.py:151} INFO - Task exited with return code 0
[2021-09-27 14:08:23,693] {local_task_job.py:261} INFO - 1 downstream tasks scheduled from follow-on schedule check
