[2021-09-27 14:08:12,054] {taskinstance.py:903} INFO - Dependencies all met for <TaskInstance: example_complex.search_catalog 2021-09-27T14:07:06.295229+00:00 [queued]>
[2021-09-27 14:08:12,066] {taskinstance.py:903} INFO - Dependencies all met for <TaskInstance: example_complex.search_catalog 2021-09-27T14:07:06.295229+00:00 [queued]>
[2021-09-27 14:08:12,067] {taskinstance.py:1095} INFO - 
--------------------------------------------------------------------------------
[2021-09-27 14:08:12,068] {taskinstance.py:1096} INFO - Starting attempt 1 of 1
[2021-09-27 14:08:12,068] {taskinstance.py:1097} INFO - 
--------------------------------------------------------------------------------
[2021-09-27 14:08:12,082] {taskinstance.py:1115} INFO - Executing <Task(PythonOperator): search_catalog> on 2021-09-27T14:07:06.295229+00:00
[2021-09-27 14:08:12,086] {standard_task_runner.py:52} INFO - Started process 2390 to run task
[2021-09-27 14:08:12,091] {standard_task_runner.py:76} INFO - Running: ['***', 'tasks', 'run', 'example_complex', 'search_catalog', '2021-09-27T14:07:06.295229+00:00', '--job-id', '27', '--pool', 'default_pool', '--raw', '--subdir', '/home/***/.local/lib/python3.6/site-packages/***/example_dags/example_complex.py', '--cfg-path', '/tmp/tmpj_fpkrz9', '--error-file', '/tmp/tmpxcjryqnd']
[2021-09-27 14:08:12,094] {standard_task_runner.py:77} INFO - Job 27: Subtask search_catalog
[2021-09-27 14:08:12,142] {logging_mixin.py:109} INFO - Running <TaskInstance: example_complex.search_catalog 2021-09-27T14:07:06.295229+00:00 [running]> on host 6c9f6f41e1ed
[2021-09-27 14:08:12,194] {taskinstance.py:1254} INFO - Exporting the following env vars:
AIRFLOW_CTX_DAG_OWNER=***
AIRFLOW_CTX_DAG_ID=example_complex
AIRFLOW_CTX_TASK_ID=search_catalog
AIRFLOW_CTX_EXECUTION_DATE=2021-09-27T14:07:06.295229+00:00
AIRFLOW_CTX_DAG_RUN_ID=manual__2021-09-27T14:07:06.295229+00:00
[2021-09-27 14:08:12,196] {logging_mixin.py:109} INFO - search_catalog
[2021-09-27 14:08:12,197] {python.py:151} INFO - Done. Returned value was: None
[2021-09-27 14:08:12,207] {taskinstance.py:1219} INFO - Marking task as SUCCESS. dag_id=example_complex, task_id=search_catalog, execution_date=20210927T140706, start_date=20210927T140812, end_date=20210927T140812
[2021-09-27 14:08:12,226] {local_task_job.py:151} INFO - Task exited with return code 0
[2021-09-27 14:08:12,263] {local_task_job.py:261} INFO - 1 downstream tasks scheduled from follow-on schedule check
