[2021-09-27 14:08:29,834] {taskinstance.py:903} INFO - Dependencies all met for <TaskInstance: example_complex.delete_tag_template_field 2021-09-27T14:07:06.295229+00:00 [queued]>
[2021-09-27 14:08:29,848] {taskinstance.py:903} INFO - Dependencies all met for <TaskInstance: example_complex.delete_tag_template_field 2021-09-27T14:07:06.295229+00:00 [queued]>
[2021-09-27 14:08:29,850] {taskinstance.py:1095} INFO - 
--------------------------------------------------------------------------------
[2021-09-27 14:08:29,851] {taskinstance.py:1096} INFO - Starting attempt 1 of 1
[2021-09-27 14:08:29,852] {taskinstance.py:1097} INFO - 
--------------------------------------------------------------------------------
[2021-09-27 14:08:29,870] {taskinstance.py:1115} INFO - Executing <Task(BashOperator): delete_tag_template_field> on 2021-09-27T14:07:06.295229+00:00
[2021-09-27 14:08:29,874] {standard_task_runner.py:52} INFO - Started process 2472 to run task
[2021-09-27 14:08:29,879] {standard_task_runner.py:76} INFO - Running: ['***', 'tasks', 'run', 'example_complex', 'delete_tag_template_field', '2021-09-27T14:07:06.295229+00:00', '--job-id', '35', '--pool', 'default_pool', '--raw', '--subdir', '/home/***/.local/lib/python3.6/site-packages/***/example_dags/example_complex.py', '--cfg-path', '/tmp/tmpwly82rdj', '--error-file', '/tmp/tmppq_erw2h']
[2021-09-27 14:08:29,881] {standard_task_runner.py:77} INFO - Job 35: Subtask delete_tag_template_field
[2021-09-27 14:08:29,942] {logging_mixin.py:109} INFO - Running <TaskInstance: example_complex.delete_tag_template_field 2021-09-27T14:07:06.295229+00:00 [running]> on host 6c9f6f41e1ed
[2021-09-27 14:08:30,009] {taskinstance.py:1254} INFO - Exporting the following env vars:
AIRFLOW_CTX_DAG_OWNER=***
AIRFLOW_CTX_DAG_ID=example_complex
AIRFLOW_CTX_TASK_ID=delete_tag_template_field
AIRFLOW_CTX_EXECUTION_DATE=2021-09-27T14:07:06.295229+00:00
AIRFLOW_CTX_DAG_RUN_ID=manual__2021-09-27T14:07:06.295229+00:00
[2021-09-27 14:08:30,014] {subprocess.py:52} INFO - Tmp dir root location: 
 /tmp
[2021-09-27 14:08:30,019] {subprocess.py:63} INFO - Running command: ['bash', '-c', 'echo delete_tag_template_field']
[2021-09-27 14:08:30,029] {subprocess.py:74} INFO - Output:
[2021-09-27 14:08:30,031] {subprocess.py:78} INFO - delete_tag_template_field
[2021-09-27 14:08:30,032] {subprocess.py:82} INFO - Command exited with return code 0
[2021-09-27 14:08:30,074] {taskinstance.py:1219} INFO - Marking task as SUCCESS. dag_id=example_complex, task_id=delete_tag_template_field, execution_date=20210927T140706, start_date=20210927T140829, end_date=20210927T140830
[2021-09-27 14:08:30,137] {local_task_job.py:151} INFO - Task exited with return code 0
[2021-09-27 14:08:30,171] {local_task_job.py:261} INFO - 1 downstream tasks scheduled from follow-on schedule check
