[2021-09-27 14:08:36,617] {taskinstance.py:903} INFO - Dependencies all met for <TaskInstance: example_complex.delete_entry 2021-09-27T14:07:06.295229+00:00 [queued]>
[2021-09-27 14:08:36,637] {taskinstance.py:903} INFO - Dependencies all met for <TaskInstance: example_complex.delete_entry 2021-09-27T14:07:06.295229+00:00 [queued]>
[2021-09-27 14:08:36,638] {taskinstance.py:1095} INFO - 
--------------------------------------------------------------------------------
[2021-09-27 14:08:36,639] {taskinstance.py:1096} INFO - Starting attempt 1 of 1
[2021-09-27 14:08:36,640] {taskinstance.py:1097} INFO - 
--------------------------------------------------------------------------------
[2021-09-27 14:08:36,648] {taskinstance.py:1115} INFO - Executing <Task(BashOperator): delete_entry> on 2021-09-27T14:07:06.295229+00:00
[2021-09-27 14:08:36,652] {standard_task_runner.py:52} INFO - Started process 2494 to run task
[2021-09-27 14:08:36,657] {standard_task_runner.py:76} INFO - Running: ['***', 'tasks', 'run', 'example_complex', 'delete_entry', '2021-09-27T14:07:06.295229+00:00', '--job-id', '38', '--pool', 'default_pool', '--raw', '--subdir', '/home/***/.local/lib/python3.6/site-packages/***/example_dags/example_complex.py', '--cfg-path', '/tmp/tmp_beoelhg', '--error-file', '/tmp/tmpe79a1mw3']
[2021-09-27 14:08:36,660] {standard_task_runner.py:77} INFO - Job 38: Subtask delete_entry
[2021-09-27 14:08:36,712] {logging_mixin.py:109} INFO - Running <TaskInstance: example_complex.delete_entry 2021-09-27T14:07:06.295229+00:00 [running]> on host 6c9f6f41e1ed
[2021-09-27 14:08:36,765] {taskinstance.py:1254} INFO - Exporting the following env vars:
AIRFLOW_CTX_DAG_OWNER=***
AIRFLOW_CTX_DAG_ID=example_complex
AIRFLOW_CTX_TASK_ID=delete_entry
AIRFLOW_CTX_EXECUTION_DATE=2021-09-27T14:07:06.295229+00:00
AIRFLOW_CTX_DAG_RUN_ID=manual__2021-09-27T14:07:06.295229+00:00
[2021-09-27 14:08:36,767] {subprocess.py:52} INFO - Tmp dir root location: 
 /tmp
[2021-09-27 14:08:36,768] {subprocess.py:63} INFO - Running command: ['bash', '-c', 'echo delete_entry']
[2021-09-27 14:08:36,775] {subprocess.py:74} INFO - Output:
[2021-09-27 14:08:36,777] {subprocess.py:78} INFO - delete_entry
[2021-09-27 14:08:36,777] {subprocess.py:82} INFO - Command exited with return code 0
[2021-09-27 14:08:36,807] {taskinstance.py:1219} INFO - Marking task as SUCCESS. dag_id=example_complex, task_id=delete_entry, execution_date=20210927T140706, start_date=20210927T140836, end_date=20210927T140836
[2021-09-27 14:08:36,834] {local_task_job.py:151} INFO - Task exited with return code 0
[2021-09-27 14:08:36,859] {local_task_job.py:261} INFO - 0 downstream tasks scheduled from follow-on schedule check
