[2021-09-27 14:49:24,637] {taskinstance.py:903} INFO - Dependencies all met for <TaskInstance: my_dag.echo_hello 2021-09-27T14:30:00+00:00 [queued]>
[2021-09-27 14:49:24,663] {taskinstance.py:903} INFO - Dependencies all met for <TaskInstance: my_dag.echo_hello 2021-09-27T14:30:00+00:00 [queued]>
[2021-09-27 14:49:24,665] {taskinstance.py:1095} INFO - 
--------------------------------------------------------------------------------
[2021-09-27 14:49:24,666] {taskinstance.py:1096} INFO - Starting attempt 1 of 1
[2021-09-27 14:49:24,667] {taskinstance.py:1097} INFO - 
--------------------------------------------------------------------------------
[2021-09-27 14:49:24,681] {taskinstance.py:1115} INFO - Executing <Task(BashOperator): echo_hello> on 2021-09-27T14:30:00+00:00
[2021-09-27 14:49:24,686] {standard_task_runner.py:52} INFO - Started process 13920 to run task
[2021-09-27 14:49:24,691] {standard_task_runner.py:76} INFO - Running: ['***', 'tasks', 'run', 'my_dag', 'echo_hello', '2021-09-27T14:30:00+00:00', '--job-id', '52', '--pool', 'default_pool', '--raw', '--subdir', 'DAGS_FOLDER/my_dag.py', '--cfg-path', '/tmp/tmpnlyzuk95', '--error-file', '/tmp/tmpmgz08t17']
[2021-09-27 14:49:24,698] {standard_task_runner.py:77} INFO - Job 52: Subtask echo_hello
[2021-09-27 14:49:24,759] {logging_mixin.py:109} INFO - Running <TaskInstance: my_dag.echo_hello 2021-09-27T14:30:00+00:00 [running]> on host 44a42753a06b
[2021-09-27 14:49:24,819] {taskinstance.py:1254} INFO - Exporting the following env vars:
AIRFLOW_CTX_DAG_OWNER=Napak Paweechainapa
AIRFLOW_CTX_DAG_ID=my_dag
AIRFLOW_CTX_TASK_ID=echo_hello
AIRFLOW_CTX_EXECUTION_DATE=2021-09-27T14:30:00+00:00
AIRFLOW_CTX_DAG_RUN_ID=scheduled__2021-09-27T14:30:00+00:00
[2021-09-27 14:49:24,822] {subprocess.py:52} INFO - Tmp dir root location: 
 /tmp
[2021-09-27 14:49:24,823] {subprocess.py:63} INFO - Running command: ['bash', '-c', "echo 'hello'"]
[2021-09-27 14:49:24,836] {subprocess.py:74} INFO - Output:
[2021-09-27 14:49:24,841] {subprocess.py:78} INFO - hello
[2021-09-27 14:49:24,842] {subprocess.py:82} INFO - Command exited with return code 0
[2021-09-27 14:49:24,875] {taskinstance.py:1219} INFO - Marking task as SUCCESS. dag_id=my_dag, task_id=echo_hello, execution_date=20210927T143000, start_date=20210927T144924, end_date=20210927T144924
[2021-09-27 14:49:24,920] {local_task_job.py:151} INFO - Task exited with return code 0
[2021-09-27 14:49:24,951] {local_task_job.py:261} INFO - 1 downstream tasks scheduled from follow-on schedule check
