[2021-09-29 14:10:02,528] {taskinstance.py:903} INFO - Dependencies all met for <TaskInstance: my_dag.say_hello 2021-09-29T14:00:00+00:00 [queued]>
[2021-09-29 14:10:02,549] {taskinstance.py:903} INFO - Dependencies all met for <TaskInstance: my_dag.say_hello 2021-09-29T14:00:00+00:00 [queued]>
[2021-09-29 14:10:02,550] {taskinstance.py:1095} INFO - 
--------------------------------------------------------------------------------
[2021-09-29 14:10:02,551] {taskinstance.py:1096} INFO - Starting attempt 1 of 1
[2021-09-29 14:10:02,552] {taskinstance.py:1097} INFO - 
--------------------------------------------------------------------------------
[2021-09-29 14:10:02,561] {taskinstance.py:1115} INFO - Executing <Task(PythonOperator): say_hello> on 2021-09-29T14:00:00+00:00
[2021-09-29 14:10:02,564] {standard_task_runner.py:52} INFO - Started process 3552 to run task
[2021-09-29 14:10:02,568] {standard_task_runner.py:76} INFO - Running: ['***', 'tasks', 'run', 'my_dag', 'say_hello', '2021-09-29T14:00:00+00:00', '--job-id', '74', '--pool', 'default_pool', '--raw', '--subdir', 'DAGS_FOLDER/my_dag.py', '--cfg-path', '/tmp/tmpqovy3353', '--error-file', '/tmp/tmpu1bwb15l']
[2021-09-29 14:10:02,573] {standard_task_runner.py:77} INFO - Job 74: Subtask say_hello
[2021-09-29 14:10:02,630] {logging_mixin.py:109} INFO - Running <TaskInstance: my_dag.say_hello 2021-09-29T14:00:00+00:00 [running]> on host 44a42753a06b
[2021-09-29 14:10:02,710] {taskinstance.py:1254} INFO - Exporting the following env vars:
AIRFLOW_CTX_DAG_OWNER=Napak Paweechainapa
AIRFLOW_CTX_DAG_ID=my_dag
AIRFLOW_CTX_TASK_ID=say_hello
AIRFLOW_CTX_EXECUTION_DATE=2021-09-29T14:00:00+00:00
AIRFLOW_CTX_DAG_RUN_ID=scheduled__2021-09-29T14:00:00+00:00
[2021-09-29 14:10:02,715] {my_dag.py:11} INFO - Hello, SAKSIAM!
[2021-09-29 14:10:02,716] {python.py:151} INFO - Done. Returned value was: None
[2021-09-29 14:10:02,729] {taskinstance.py:1219} INFO - Marking task as SUCCESS. dag_id=my_dag, task_id=say_hello, execution_date=20210929T140000, start_date=20210929T141002, end_date=20210929T141002
[2021-09-29 14:10:02,785] {local_task_job.py:151} INFO - Task exited with return code 0
[2021-09-29 14:10:02,817] {local_task_job.py:261} INFO - 0 downstream tasks scheduled from follow-on schedule check
