[2021-09-27 14:10:34,636] {taskinstance.py:903} INFO - Dependencies all met for <TaskInstance: example_bash_operator.runme_2 2021-09-25T00:00:00+00:00 [queued]>
[2021-09-27 14:10:34,653] {taskinstance.py:903} INFO - Dependencies all met for <TaskInstance: example_bash_operator.runme_2 2021-09-25T00:00:00+00:00 [queued]>
[2021-09-27 14:10:34,654] {taskinstance.py:1095} INFO - 
--------------------------------------------------------------------------------
[2021-09-27 14:10:34,655] {taskinstance.py:1096} INFO - Starting attempt 1 of 1
[2021-09-27 14:10:34,655] {taskinstance.py:1097} INFO - 
--------------------------------------------------------------------------------
[2021-09-27 14:10:34,664] {taskinstance.py:1115} INFO - Executing <Task(BashOperator): runme_2> on 2021-09-25T00:00:00+00:00
[2021-09-27 14:10:34,668] {standard_task_runner.py:52} INFO - Started process 2740 to run task
[2021-09-27 14:10:34,672] {standard_task_runner.py:76} INFO - Running: ['***', 'tasks', 'run', 'example_bash_operator', 'runme_2', '2021-09-25T00:00:00+00:00', '--job-id', '41', '--pool', 'default_pool', '--raw', '--subdir', '/home/***/.local/lib/python3.6/site-packages/***/example_dags/example_bash_operator.py', '--cfg-path', '/tmp/tmpvao3pi6e', '--error-file', '/tmp/tmpw51dan_a']
[2021-09-27 14:10:34,674] {standard_task_runner.py:77} INFO - Job 41: Subtask runme_2
[2021-09-27 14:10:34,724] {logging_mixin.py:109} INFO - Running <TaskInstance: example_bash_operator.runme_2 2021-09-25T00:00:00+00:00 [running]> on host 6c9f6f41e1ed
[2021-09-27 14:10:34,779] {taskinstance.py:1254} INFO - Exporting the following env vars:
AIRFLOW_CTX_DAG_OWNER=***
AIRFLOW_CTX_DAG_ID=example_bash_operator
AIRFLOW_CTX_TASK_ID=runme_2
AIRFLOW_CTX_EXECUTION_DATE=2021-09-25T00:00:00+00:00
AIRFLOW_CTX_DAG_RUN_ID=scheduled__2021-09-25T00:00:00+00:00
[2021-09-27 14:10:34,780] {subprocess.py:52} INFO - Tmp dir root location: 
 /tmp
[2021-09-27 14:10:34,782] {subprocess.py:63} INFO - Running command: ['bash', '-c', 'echo "example_bash_operator__runme_2__20210925" && sleep 1']
[2021-09-27 14:10:34,789] {subprocess.py:74} INFO - Output:
[2021-09-27 14:10:34,790] {subprocess.py:78} INFO - example_bash_operator__runme_2__20210925
[2021-09-27 14:10:35,792] {subprocess.py:82} INFO - Command exited with return code 0
[2021-09-27 14:10:35,826] {taskinstance.py:1219} INFO - Marking task as SUCCESS. dag_id=example_bash_operator, task_id=runme_2, execution_date=20210925T000000, start_date=20210927T141034, end_date=20210927T141035
[2021-09-27 14:10:35,872] {local_task_job.py:151} INFO - Task exited with return code 0
[2021-09-27 14:10:35,912] {local_task_job.py:261} INFO - 1 downstream tasks scheduled from follow-on schedule check
