[2021-09-27 14:08:20,836] {taskinstance.py:903} INFO - Dependencies all met for <TaskInstance: example_complex.create_tag_result2 2021-09-27T14:07:06.295229+00:00 [queued]>
[2021-09-27 14:08:20,849] {taskinstance.py:903} INFO - Dependencies all met for <TaskInstance: example_complex.create_tag_result2 2021-09-27T14:07:06.295229+00:00 [queued]>
[2021-09-27 14:08:20,850] {taskinstance.py:1095} INFO - 
--------------------------------------------------------------------------------
[2021-09-27 14:08:20,851] {taskinstance.py:1096} INFO - Starting attempt 1 of 1
[2021-09-27 14:08:20,852] {taskinstance.py:1097} INFO - 
--------------------------------------------------------------------------------
[2021-09-27 14:08:20,867] {taskinstance.py:1115} INFO - Executing <Task(BashOperator): create_tag_result2> on 2021-09-27T14:07:06.295229+00:00
[2021-09-27 14:08:20,871] {standard_task_runner.py:52} INFO - Started process 2430 to run task
[2021-09-27 14:08:20,876] {standard_task_runner.py:76} INFO - Running: ['***', 'tasks', 'run', 'example_complex', 'create_tag_result2', '2021-09-27T14:07:06.295229+00:00', '--job-id', '31', '--pool', 'default_pool', '--raw', '--subdir', '/home/***/.local/lib/python3.6/site-packages/***/example_dags/example_complex.py', '--cfg-path', '/tmp/tmpi1p3ridu', '--error-file', '/tmp/tmpjctxefvo']
[2021-09-27 14:08:20,878] {standard_task_runner.py:77} INFO - Job 31: Subtask create_tag_result2
[2021-09-27 14:08:20,928] {logging_mixin.py:109} INFO - Running <TaskInstance: example_complex.create_tag_result2 2021-09-27T14:07:06.295229+00:00 [running]> on host 6c9f6f41e1ed
[2021-09-27 14:08:20,985] {taskinstance.py:1254} INFO - Exporting the following env vars:
AIRFLOW_CTX_DAG_OWNER=***
AIRFLOW_CTX_DAG_ID=example_complex
AIRFLOW_CTX_TASK_ID=create_tag_result2
AIRFLOW_CTX_EXECUTION_DATE=2021-09-27T14:07:06.295229+00:00
AIRFLOW_CTX_DAG_RUN_ID=manual__2021-09-27T14:07:06.295229+00:00
[2021-09-27 14:08:20,987] {subprocess.py:52} INFO - Tmp dir root location: 
 /tmp
[2021-09-27 14:08:20,988] {subprocess.py:63} INFO - Running command: ['bash', '-c', 'echo create_tag_result2']
[2021-09-27 14:08:20,998] {subprocess.py:74} INFO - Output:
[2021-09-27 14:08:21,000] {subprocess.py:78} INFO - create_tag_result2
[2021-09-27 14:08:21,001] {subprocess.py:82} INFO - Command exited with return code 0
[2021-09-27 14:08:21,034] {taskinstance.py:1219} INFO - Marking task as SUCCESS. dag_id=example_complex, task_id=create_tag_result2, execution_date=20210927T140706, start_date=20210927T140820, end_date=20210927T140821
[2021-09-27 14:08:21,093] {local_task_job.py:151} INFO - Task exited with return code 0
[2021-09-27 14:08:21,125] {local_task_job.py:261} INFO - 0 downstream tasks scheduled from follow-on schedule check
