[2021-09-27 14:49:25,542] {taskinstance.py:903} INFO - Dependencies all met for <TaskInstance: my_dag.say_hello 2021-09-27T14:30:00+00:00 [queued]>
[2021-09-27 14:49:25,559] {taskinstance.py:903} INFO - Dependencies all met for <TaskInstance: my_dag.say_hello 2021-09-27T14:30:00+00:00 [queued]>
[2021-09-27 14:49:25,560] {taskinstance.py:1095} INFO - 
--------------------------------------------------------------------------------
[2021-09-27 14:49:25,561] {taskinstance.py:1096} INFO - Starting attempt 1 of 1
[2021-09-27 14:49:25,562] {taskinstance.py:1097} INFO - 
--------------------------------------------------------------------------------
[2021-09-27 14:49:25,570] {taskinstance.py:1115} INFO - Executing <Task(PythonOperator): say_hello> on 2021-09-27T14:30:00+00:00
[2021-09-27 14:49:25,574] {standard_task_runner.py:52} INFO - Started process 13923 to run task
[2021-09-27 14:49:25,579] {standard_task_runner.py:76} INFO - Running: ['***', 'tasks', 'run', 'my_dag', 'say_hello', '2021-09-27T14:30:00+00:00', '--job-id', '53', '--pool', 'default_pool', '--raw', '--subdir', 'DAGS_FOLDER/my_dag.py', '--cfg-path', '/tmp/tmpz7qy506n', '--error-file', '/tmp/tmp10v9hsjg']
[2021-09-27 14:49:25,583] {standard_task_runner.py:77} INFO - Job 53: Subtask say_hello
[2021-09-27 14:49:25,632] {logging_mixin.py:109} INFO - Running <TaskInstance: my_dag.say_hello 2021-09-27T14:30:00+00:00 [running]> on host 44a42753a06b
[2021-09-27 14:49:25,686] {taskinstance.py:1254} INFO - Exporting the following env vars:
AIRFLOW_CTX_DAG_OWNER=Napak Paweechainapa
AIRFLOW_CTX_DAG_ID=my_dag
AIRFLOW_CTX_TASK_ID=say_hello
AIRFLOW_CTX_EXECUTION_DATE=2021-09-27T14:30:00+00:00
AIRFLOW_CTX_DAG_RUN_ID=scheduled__2021-09-27T14:30:00+00:00
[2021-09-27 14:49:25,688] {my_dag.py:11} INFO - Hello, SAKSIAM!
[2021-09-27 14:49:25,689] {python.py:151} INFO - Done. Returned value was: None
[2021-09-27 14:49:25,703] {taskinstance.py:1219} INFO - Marking task as SUCCESS. dag_id=my_dag, task_id=say_hello, execution_date=20210927T143000, start_date=20210927T144925, end_date=20210927T144925
[2021-09-27 14:49:25,752] {local_task_job.py:151} INFO - Task exited with return code 0
[2021-09-27 14:49:25,783] {local_task_job.py:261} INFO - 1 downstream tasks scheduled from follow-on schedule check
