[2021-09-27 14:10:43,364] {taskinstance.py:903} INFO - Dependencies all met for <TaskInstance: example_bash_operator.runme_0 2021-09-26T00:00:00+00:00 [queued]>
[2021-09-27 14:10:43,385] {taskinstance.py:903} INFO - Dependencies all met for <TaskInstance: example_bash_operator.runme_0 2021-09-26T00:00:00+00:00 [queued]>
[2021-09-27 14:10:43,390] {taskinstance.py:1095} INFO - 
--------------------------------------------------------------------------------
[2021-09-27 14:10:43,391] {taskinstance.py:1096} INFO - Starting attempt 1 of 1
[2021-09-27 14:10:43,392] {taskinstance.py:1097} INFO - 
--------------------------------------------------------------------------------
[2021-09-27 14:10:43,417] {taskinstance.py:1115} INFO - Executing <Task(BashOperator): runme_0> on 2021-09-26T00:00:00+00:00
[2021-09-27 14:10:43,422] {standard_task_runner.py:52} INFO - Started process 2780 to run task
[2021-09-27 14:10:43,431] {standard_task_runner.py:76} INFO - Running: ['***', 'tasks', 'run', 'example_bash_operator', 'runme_0', '2021-09-26T00:00:00+00:00', '--job-id', '44', '--pool', 'default_pool', '--raw', '--subdir', '/home/***/.local/lib/python3.6/site-packages/***/example_dags/example_bash_operator.py', '--cfg-path', '/tmp/tmpwh6jdrxi', '--error-file', '/tmp/tmpjx7eqbx2']
[2021-09-27 14:10:43,434] {standard_task_runner.py:77} INFO - Job 44: Subtask runme_0
[2021-09-27 14:10:43,532] {logging_mixin.py:109} INFO - Running <TaskInstance: example_bash_operator.runme_0 2021-09-26T00:00:00+00:00 [running]> on host 6c9f6f41e1ed
[2021-09-27 14:10:43,614] {taskinstance.py:1254} INFO - Exporting the following env vars:
AIRFLOW_CTX_DAG_OWNER=***
AIRFLOW_CTX_DAG_ID=example_bash_operator
AIRFLOW_CTX_TASK_ID=runme_0
AIRFLOW_CTX_EXECUTION_DATE=2021-09-26T00:00:00+00:00
AIRFLOW_CTX_DAG_RUN_ID=scheduled__2021-09-26T00:00:00+00:00
[2021-09-27 14:10:43,617] {subprocess.py:52} INFO - Tmp dir root location: 
 /tmp
[2021-09-27 14:10:43,619] {subprocess.py:63} INFO - Running command: ['bash', '-c', 'echo "example_bash_operator__runme_0__20210926" && sleep 1']
[2021-09-27 14:10:43,632] {subprocess.py:74} INFO - Output:
[2021-09-27 14:10:43,633] {subprocess.py:78} INFO - example_bash_operator__runme_0__20210926
[2021-09-27 14:10:44,635] {subprocess.py:82} INFO - Command exited with return code 0
[2021-09-27 14:10:44,673] {taskinstance.py:1219} INFO - Marking task as SUCCESS. dag_id=example_bash_operator, task_id=runme_0, execution_date=20210926T000000, start_date=20210927T141043, end_date=20210927T141044
[2021-09-27 14:10:44,716] {local_task_job.py:151} INFO - Task exited with return code 0
[2021-09-27 14:10:44,749] {local_task_job.py:261} INFO - 0 downstream tasks scheduled from follow-on schedule check
