[2021-09-29 14:01:47,172] {taskinstance.py:903} INFO - Dependencies all met for <TaskInstance: example_bash_operator.runme_1 2021-09-28T00:00:00+00:00 [queued]>
[2021-09-29 14:01:47,297] {taskinstance.py:903} INFO - Dependencies all met for <TaskInstance: example_bash_operator.runme_1 2021-09-28T00:00:00+00:00 [queued]>
[2021-09-29 14:01:47,299] {taskinstance.py:1095} INFO - 
--------------------------------------------------------------------------------
[2021-09-29 14:01:47,301] {taskinstance.py:1096} INFO - Starting attempt 1 of 1
[2021-09-29 14:01:47,302] {taskinstance.py:1097} INFO - 
--------------------------------------------------------------------------------
[2021-09-29 14:01:47,339] {taskinstance.py:1115} INFO - Executing <Task(BashOperator): runme_1> on 2021-09-28T00:00:00+00:00
[2021-09-29 14:01:47,381] {standard_task_runner.py:52} INFO - Started process 198 to run task
[2021-09-29 14:01:47,551] {standard_task_runner.py:76} INFO - Running: ['***', 'tasks', 'run', 'example_bash_operator', 'runme_1', '2021-09-28T00:00:00+00:00', '--job-id', '62', '--pool', 'default_pool', '--raw', '--subdir', '/home/***/.local/lib/python3.6/site-packages/***/example_dags/example_bash_operator.py', '--cfg-path', '/tmp/tmpu77ok63d', '--error-file', '/tmp/tmpepvy6_no']
[2021-09-29 14:01:47,637] {standard_task_runner.py:77} INFO - Job 62: Subtask runme_1
[2021-09-29 14:01:48,112] {logging_mixin.py:109} INFO - Running <TaskInstance: example_bash_operator.runme_1 2021-09-28T00:00:00+00:00 [running]> on host 44a42753a06b
[2021-09-29 14:01:48,736] {taskinstance.py:1254} INFO - Exporting the following env vars:
AIRFLOW_CTX_DAG_OWNER=***
AIRFLOW_CTX_DAG_ID=example_bash_operator
AIRFLOW_CTX_TASK_ID=runme_1
AIRFLOW_CTX_EXECUTION_DATE=2021-09-28T00:00:00+00:00
AIRFLOW_CTX_DAG_RUN_ID=scheduled__2021-09-28T00:00:00+00:00
[2021-09-29 14:01:48,741] {subprocess.py:52} INFO - Tmp dir root location: 
 /tmp
[2021-09-29 14:01:48,744] {subprocess.py:63} INFO - Running command: ['bash', '-c', 'echo "example_bash_operator__runme_1__20210928" && sleep 1']
[2021-09-29 14:01:48,875] {subprocess.py:74} INFO - Output:
[2021-09-29 14:01:48,956] {subprocess.py:78} INFO - example_bash_operator__runme_1__20210928
[2021-09-29 14:01:49,935] {subprocess.py:82} INFO - Command exited with return code 0
[2021-09-29 14:01:50,034] {taskinstance.py:1219} INFO - Marking task as SUCCESS. dag_id=example_bash_operator, task_id=runme_1, execution_date=20210928T000000, start_date=20210929T140147, end_date=20210929T140150
[2021-09-29 14:01:50,144] {local_task_job.py:151} INFO - Task exited with return code 0
[2021-09-29 14:01:50,259] {local_task_job.py:261} INFO - 0 downstream tasks scheduled from follow-on schedule check
