[2021-09-27 14:07:26,166] {taskinstance.py:903} INFO - Dependencies all met for <TaskInstance: example_complex.lookup_entry 2021-09-27T14:07:06.295229+00:00 [queued]>
[2021-09-27 14:07:26,177] {taskinstance.py:903} INFO - Dependencies all met for <TaskInstance: example_complex.lookup_entry 2021-09-27T14:07:06.295229+00:00 [queued]>
[2021-09-27 14:07:26,178] {taskinstance.py:1095} INFO - 
--------------------------------------------------------------------------------
[2021-09-27 14:07:26,179] {taskinstance.py:1096} INFO - Starting attempt 1 of 1
[2021-09-27 14:07:26,180] {taskinstance.py:1097} INFO - 
--------------------------------------------------------------------------------
[2021-09-27 14:07:26,194] {taskinstance.py:1115} INFO - Executing <Task(BashOperator): lookup_entry> on 2021-09-27T14:07:06.295229+00:00
[2021-09-27 14:07:26,198] {standard_task_runner.py:52} INFO - Started process 2191 to run task
[2021-09-27 14:07:26,203] {standard_task_runner.py:76} INFO - Running: ['***', 'tasks', 'run', 'example_complex', 'lookup_entry', '2021-09-27T14:07:06.295229+00:00', '--job-id', '9', '--pool', 'default_pool', '--raw', '--subdir', '/home/***/.local/lib/python3.6/site-packages/***/example_dags/example_complex.py', '--cfg-path', '/tmp/tmpkcwefbee', '--error-file', '/tmp/tmpwg80scy7']
[2021-09-27 14:07:26,208] {standard_task_runner.py:77} INFO - Job 9: Subtask lookup_entry
[2021-09-27 14:07:26,268] {logging_mixin.py:109} INFO - Running <TaskInstance: example_complex.lookup_entry 2021-09-27T14:07:06.295229+00:00 [running]> on host 6c9f6f41e1ed
[2021-09-27 14:07:26,348] {taskinstance.py:1254} INFO - Exporting the following env vars:
AIRFLOW_CTX_DAG_OWNER=***
AIRFLOW_CTX_DAG_ID=example_complex
AIRFLOW_CTX_TASK_ID=lookup_entry
AIRFLOW_CTX_EXECUTION_DATE=2021-09-27T14:07:06.295229+00:00
AIRFLOW_CTX_DAG_RUN_ID=manual__2021-09-27T14:07:06.295229+00:00
[2021-09-27 14:07:26,351] {subprocess.py:52} INFO - Tmp dir root location: 
 /tmp
[2021-09-27 14:07:26,354] {subprocess.py:63} INFO - Running command: ['bash', '-c', 'echo lookup_entry']
[2021-09-27 14:07:26,367] {subprocess.py:74} INFO - Output:
[2021-09-27 14:07:26,370] {subprocess.py:78} INFO - lookup_entry
[2021-09-27 14:07:26,372] {subprocess.py:82} INFO - Command exited with return code 0
[2021-09-27 14:07:26,413] {taskinstance.py:1219} INFO - Marking task as SUCCESS. dag_id=example_complex, task_id=lookup_entry, execution_date=20210927T140706, start_date=20210927T140726, end_date=20210927T140726
[2021-09-27 14:07:26,461] {local_task_job.py:151} INFO - Task exited with return code 0
[2021-09-27 14:07:26,510] {local_task_job.py:261} INFO - 1 downstream tasks scheduled from follow-on schedule check
