[2021-09-27 14:10:50,433] {taskinstance.py:903} INFO - Dependencies all met for <TaskInstance: example_bash_operator.runme_2 2021-09-26T00:00:00+00:00 [queued]>
[2021-09-27 14:10:50,443] {taskinstance.py:903} INFO - Dependencies all met for <TaskInstance: example_bash_operator.runme_2 2021-09-26T00:00:00+00:00 [queued]>
[2021-09-27 14:10:50,445] {taskinstance.py:1095} INFO - 
--------------------------------------------------------------------------------
[2021-09-27 14:10:50,445] {taskinstance.py:1096} INFO - Starting attempt 1 of 1
[2021-09-27 14:10:50,446] {taskinstance.py:1097} INFO - 
--------------------------------------------------------------------------------
[2021-09-27 14:10:50,463] {taskinstance.py:1115} INFO - Executing <Task(BashOperator): runme_2> on 2021-09-26T00:00:00+00:00
[2021-09-27 14:10:50,467] {standard_task_runner.py:52} INFO - Started process 2794 to run task
[2021-09-27 14:10:50,471] {standard_task_runner.py:76} INFO - Running: ['***', 'tasks', 'run', 'example_bash_operator', 'runme_2', '2021-09-26T00:00:00+00:00', '--job-id', '46', '--pool', 'default_pool', '--raw', '--subdir', '/home/***/.local/lib/python3.6/site-packages/***/example_dags/example_bash_operator.py', '--cfg-path', '/tmp/tmpt6sqkfk5', '--error-file', '/tmp/tmp71imf13y']
[2021-09-27 14:10:50,474] {standard_task_runner.py:77} INFO - Job 46: Subtask runme_2
[2021-09-27 14:10:50,534] {logging_mixin.py:109} INFO - Running <TaskInstance: example_bash_operator.runme_2 2021-09-26T00:00:00+00:00 [running]> on host 6c9f6f41e1ed
[2021-09-27 14:10:50,595] {taskinstance.py:1254} INFO - Exporting the following env vars:
AIRFLOW_CTX_DAG_OWNER=***
AIRFLOW_CTX_DAG_ID=example_bash_operator
AIRFLOW_CTX_TASK_ID=runme_2
AIRFLOW_CTX_EXECUTION_DATE=2021-09-26T00:00:00+00:00
AIRFLOW_CTX_DAG_RUN_ID=scheduled__2021-09-26T00:00:00+00:00
[2021-09-27 14:10:50,597] {subprocess.py:52} INFO - Tmp dir root location: 
 /tmp
[2021-09-27 14:10:50,599] {subprocess.py:63} INFO - Running command: ['bash', '-c', 'echo "example_bash_operator__runme_2__20210926" && sleep 1']
[2021-09-27 14:10:50,606] {subprocess.py:74} INFO - Output:
[2021-09-27 14:10:50,608] {subprocess.py:78} INFO - example_bash_operator__runme_2__20210926
[2021-09-27 14:10:51,611] {subprocess.py:82} INFO - Command exited with return code 0
[2021-09-27 14:10:51,644] {taskinstance.py:1219} INFO - Marking task as SUCCESS. dag_id=example_bash_operator, task_id=runme_2, execution_date=20210926T000000, start_date=20210927T141050, end_date=20210927T141051
[2021-09-27 14:10:51,681] {local_task_job.py:151} INFO - Task exited with return code 0
[2021-09-27 14:10:51,714] {local_task_job.py:261} INFO - 1 downstream tasks scheduled from follow-on schedule check
