[2021-09-27 14:07:44,314] {taskinstance.py:903} INFO - Dependencies all met for <TaskInstance: example_complex.update_tag_template 2021-09-27T14:07:06.295229+00:00 [queued]>
[2021-09-27 14:07:44,325] {taskinstance.py:903} INFO - Dependencies all met for <TaskInstance: example_complex.update_tag_template 2021-09-27T14:07:06.295229+00:00 [queued]>
[2021-09-27 14:07:44,326] {taskinstance.py:1095} INFO - 
--------------------------------------------------------------------------------
[2021-09-27 14:07:44,327] {taskinstance.py:1096} INFO - Starting attempt 1 of 1
[2021-09-27 14:07:44,328] {taskinstance.py:1097} INFO - 
--------------------------------------------------------------------------------
[2021-09-27 14:07:44,339] {taskinstance.py:1115} INFO - Executing <Task(BashOperator): update_tag_template> on 2021-09-27T14:07:06.295229+00:00
[2021-09-27 14:07:44,342] {standard_task_runner.py:52} INFO - Started process 2271 to run task
[2021-09-27 14:07:44,345] {standard_task_runner.py:76} INFO - Running: ['***', 'tasks', 'run', 'example_complex', 'update_tag_template', '2021-09-27T14:07:06.295229+00:00', '--job-id', '16', '--pool', 'default_pool', '--raw', '--subdir', '/home/***/.local/lib/python3.6/site-packages/***/example_dags/example_complex.py', '--cfg-path', '/tmp/tmpc1s_26pv', '--error-file', '/tmp/tmp4tv4lvy4']
[2021-09-27 14:07:44,348] {standard_task_runner.py:77} INFO - Job 16: Subtask update_tag_template
[2021-09-27 14:07:44,402] {logging_mixin.py:109} INFO - Running <TaskInstance: example_complex.update_tag_template 2021-09-27T14:07:06.295229+00:00 [running]> on host 6c9f6f41e1ed
[2021-09-27 14:07:44,467] {taskinstance.py:1254} INFO - Exporting the following env vars:
AIRFLOW_CTX_DAG_OWNER=***
AIRFLOW_CTX_DAG_ID=example_complex
AIRFLOW_CTX_TASK_ID=update_tag_template
AIRFLOW_CTX_EXECUTION_DATE=2021-09-27T14:07:06.295229+00:00
AIRFLOW_CTX_DAG_RUN_ID=manual__2021-09-27T14:07:06.295229+00:00
[2021-09-27 14:07:44,469] {subprocess.py:52} INFO - Tmp dir root location: 
 /tmp
[2021-09-27 14:07:44,470] {subprocess.py:63} INFO - Running command: ['bash', '-c', 'echo update_tag_template']
[2021-09-27 14:07:44,478] {subprocess.py:74} INFO - Output:
[2021-09-27 14:07:44,479] {subprocess.py:78} INFO - update_tag_template
[2021-09-27 14:07:44,480] {subprocess.py:82} INFO - Command exited with return code 0
[2021-09-27 14:07:44,513] {taskinstance.py:1219} INFO - Marking task as SUCCESS. dag_id=example_complex, task_id=update_tag_template, execution_date=20210927T140706, start_date=20210927T140744, end_date=20210927T140744
[2021-09-27 14:07:44,563] {local_task_job.py:151} INFO - Task exited with return code 0
[2021-09-27 14:07:44,595] {local_task_job.py:261} INFO - 0 downstream tasks scheduled from follow-on schedule check
