[2021-09-27 14:07:13,784] {taskinstance.py:903} INFO - Dependencies all met for <TaskInstance: example_complex.get_entry_group 2021-09-27T14:07:06.295229+00:00 [queued]>
[2021-09-27 14:07:13,801] {taskinstance.py:903} INFO - Dependencies all met for <TaskInstance: example_complex.get_entry_group 2021-09-27T14:07:06.295229+00:00 [queued]>
[2021-09-27 14:07:13,802] {taskinstance.py:1095} INFO - 
--------------------------------------------------------------------------------
[2021-09-27 14:07:13,804] {taskinstance.py:1096} INFO - Starting attempt 1 of 1
[2021-09-27 14:07:13,807] {taskinstance.py:1097} INFO - 
--------------------------------------------------------------------------------
[2021-09-27 14:07:13,822] {taskinstance.py:1115} INFO - Executing <Task(BashOperator): get_entry_group> on 2021-09-27T14:07:06.295229+00:00
[2021-09-27 14:07:13,825] {standard_task_runner.py:52} INFO - Started process 2135 to run task
[2021-09-27 14:07:13,830] {standard_task_runner.py:76} INFO - Running: ['***', 'tasks', 'run', 'example_complex', 'get_entry_group', '2021-09-27T14:07:06.295229+00:00', '--job-id', '4', '--pool', 'default_pool', '--raw', '--subdir', '/home/***/.local/lib/python3.6/site-packages/***/example_dags/example_complex.py', '--cfg-path', '/tmp/tmpms50uc9q', '--error-file', '/tmp/tmpe1vaqqdt']
[2021-09-27 14:07:13,832] {standard_task_runner.py:77} INFO - Job 4: Subtask get_entry_group
[2021-09-27 14:07:13,884] {logging_mixin.py:109} INFO - Running <TaskInstance: example_complex.get_entry_group 2021-09-27T14:07:06.295229+00:00 [running]> on host 6c9f6f41e1ed
[2021-09-27 14:07:13,940] {taskinstance.py:1254} INFO - Exporting the following env vars:
AIRFLOW_CTX_DAG_OWNER=***
AIRFLOW_CTX_DAG_ID=example_complex
AIRFLOW_CTX_TASK_ID=get_entry_group
AIRFLOW_CTX_EXECUTION_DATE=2021-09-27T14:07:06.295229+00:00
AIRFLOW_CTX_DAG_RUN_ID=manual__2021-09-27T14:07:06.295229+00:00
[2021-09-27 14:07:13,941] {subprocess.py:52} INFO - Tmp dir root location: 
 /tmp
[2021-09-27 14:07:13,943] {subprocess.py:63} INFO - Running command: ['bash', '-c', 'echo get_entry_group']
[2021-09-27 14:07:13,951] {subprocess.py:74} INFO - Output:
[2021-09-27 14:07:13,952] {subprocess.py:78} INFO - get_entry_group
[2021-09-27 14:07:13,953] {subprocess.py:82} INFO - Command exited with return code 0
[2021-09-27 14:07:13,982] {taskinstance.py:1219} INFO - Marking task as SUCCESS. dag_id=example_complex, task_id=get_entry_group, execution_date=20210927T140706, start_date=20210927T140713, end_date=20210927T140713
[2021-09-27 14:07:14,006] {local_task_job.py:151} INFO - Task exited with return code 0
[2021-09-27 14:07:14,039] {local_task_job.py:261} INFO - 1 downstream tasks scheduled from follow-on schedule check
