[2021-09-27 14:10:31,204] {taskinstance.py:903} INFO - Dependencies all met for <TaskInstance: example_bash_operator.runme_1 2021-09-25T00:00:00+00:00 [queued]>
[2021-09-27 14:10:31,226] {taskinstance.py:903} INFO - Dependencies all met for <TaskInstance: example_bash_operator.runme_1 2021-09-25T00:00:00+00:00 [queued]>
[2021-09-27 14:10:31,227] {taskinstance.py:1095} INFO - 
--------------------------------------------------------------------------------
[2021-09-27 14:10:31,228] {taskinstance.py:1096} INFO - Starting attempt 1 of 1
[2021-09-27 14:10:31,229] {taskinstance.py:1097} INFO - 
--------------------------------------------------------------------------------
[2021-09-27 14:10:31,240] {taskinstance.py:1115} INFO - Executing <Task(BashOperator): runme_1> on 2021-09-25T00:00:00+00:00
[2021-09-27 14:10:31,244] {standard_task_runner.py:52} INFO - Started process 2734 to run task
[2021-09-27 14:10:31,249] {standard_task_runner.py:76} INFO - Running: ['***', 'tasks', 'run', 'example_bash_operator', 'runme_1', '2021-09-25T00:00:00+00:00', '--job-id', '40', '--pool', 'default_pool', '--raw', '--subdir', '/home/***/.local/lib/python3.6/site-packages/***/example_dags/example_bash_operator.py', '--cfg-path', '/tmp/tmpjfq12x0g', '--error-file', '/tmp/tmp24nvqsrc']
[2021-09-27 14:10:31,252] {standard_task_runner.py:77} INFO - Job 40: Subtask runme_1
[2021-09-27 14:10:31,314] {logging_mixin.py:109} INFO - Running <TaskInstance: example_bash_operator.runme_1 2021-09-25T00:00:00+00:00 [running]> on host 6c9f6f41e1ed
[2021-09-27 14:10:31,388] {taskinstance.py:1254} INFO - Exporting the following env vars:
AIRFLOW_CTX_DAG_OWNER=***
AIRFLOW_CTX_DAG_ID=example_bash_operator
AIRFLOW_CTX_TASK_ID=runme_1
AIRFLOW_CTX_EXECUTION_DATE=2021-09-25T00:00:00+00:00
AIRFLOW_CTX_DAG_RUN_ID=scheduled__2021-09-25T00:00:00+00:00
[2021-09-27 14:10:31,391] {subprocess.py:52} INFO - Tmp dir root location: 
 /tmp
[2021-09-27 14:10:31,394] {subprocess.py:63} INFO - Running command: ['bash', '-c', 'echo "example_bash_operator__runme_1__20210925" && sleep 1']
[2021-09-27 14:10:31,406] {subprocess.py:74} INFO - Output:
[2021-09-27 14:10:31,408] {subprocess.py:78} INFO - example_bash_operator__runme_1__20210925
[2021-09-27 14:10:32,411] {subprocess.py:82} INFO - Command exited with return code 0
[2021-09-27 14:10:32,445] {taskinstance.py:1219} INFO - Marking task as SUCCESS. dag_id=example_bash_operator, task_id=runme_1, execution_date=20210925T000000, start_date=20210927T141031, end_date=20210927T141032
[2021-09-27 14:10:32,494] {local_task_job.py:151} INFO - Task exited with return code 0
[2021-09-27 14:10:32,526] {local_task_job.py:261} INFO - 0 downstream tasks scheduled from follow-on schedule check
