[2021-09-29 14:20:01,839] {taskinstance.py:903} INFO - Dependencies all met for <TaskInstance: my_dag.say_hello 2021-09-29T14:10:00+00:00 [queued]>
[2021-09-29 14:20:01,856] {taskinstance.py:903} INFO - Dependencies all met for <TaskInstance: my_dag.say_hello 2021-09-29T14:10:00+00:00 [queued]>
[2021-09-29 14:20:01,857] {taskinstance.py:1095} INFO - 
--------------------------------------------------------------------------------
[2021-09-29 14:20:01,858] {taskinstance.py:1096} INFO - Starting attempt 1 of 1
[2021-09-29 14:20:01,859] {taskinstance.py:1097} INFO - 
--------------------------------------------------------------------------------
[2021-09-29 14:20:01,867] {taskinstance.py:1115} INFO - Executing <Task(PythonOperator): say_hello> on 2021-09-29T14:10:00+00:00
[2021-09-29 14:20:01,870] {standard_task_runner.py:52} INFO - Started process 7529 to run task
[2021-09-29 14:20:01,874] {standard_task_runner.py:76} INFO - Running: ['***', 'tasks', 'run', 'my_dag', 'say_hello', '2021-09-29T14:10:00+00:00', '--job-id', '76', '--pool', 'default_pool', '--raw', '--subdir', 'DAGS_FOLDER/my_dag.py', '--cfg-path', '/tmp/tmpy59kf9h9', '--error-file', '/tmp/tmp02nfa69y']
[2021-09-29 14:20:01,878] {standard_task_runner.py:77} INFO - Job 76: Subtask say_hello
[2021-09-29 14:20:01,930] {logging_mixin.py:109} INFO - Running <TaskInstance: my_dag.say_hello 2021-09-29T14:10:00+00:00 [running]> on host 44a42753a06b
[2021-09-29 14:20:01,987] {taskinstance.py:1254} INFO - Exporting the following env vars:
AIRFLOW_CTX_DAG_OWNER=Napak Paweechainapa
AIRFLOW_CTX_DAG_ID=my_dag
AIRFLOW_CTX_TASK_ID=say_hello
AIRFLOW_CTX_EXECUTION_DATE=2021-09-29T14:10:00+00:00
AIRFLOW_CTX_DAG_RUN_ID=scheduled__2021-09-29T14:10:00+00:00
[2021-09-29 14:20:01,989] {my_dag.py:11} INFO - Hello, SAKSIAM!
[2021-09-29 14:20:01,990] {python.py:151} INFO - Done. Returned value was: None
[2021-09-29 14:20:02,005] {taskinstance.py:1219} INFO - Marking task as SUCCESS. dag_id=my_dag, task_id=say_hello, execution_date=20210929T141000, start_date=20210929T142001, end_date=20210929T142002
[2021-09-29 14:20:02,047] {local_task_job.py:151} INFO - Task exited with return code 0
[2021-09-29 14:20:02,077] {local_task_job.py:261} INFO - 1 downstream tasks scheduled from follow-on schedule check
