[2021-09-29 14:01:43,506] {processor.py:162} INFO - Started process (PID=162) to work on /opt/airflow/dags/homework_1_dag.py
[2021-09-29 14:01:43,511] {processor.py:613} INFO - Processing file /opt/airflow/dags/homework_1_dag.py for tasks to queue
[2021-09-29 14:01:43,516] {logging_mixin.py:109} INFO - [2021-09-29 14:01:43,514] {dagbag.py:496} INFO - Filling up the DagBag from /opt/airflow/dags/homework_1_dag.py
[2021-09-29 14:01:43,623] {processor.py:623} INFO - DAG(s) dict_keys(['homework_1_dag']) retrieved from /opt/airflow/dags/homework_1_dag.py
[2021-09-29 14:01:53,600] {logging_mixin.py:109} INFO - [2021-09-29 14:01:53,599] {dag.py:1834} INFO - Sync 1 DAGs
[2021-09-29 14:01:53,619] {logging_mixin.py:109} INFO - [2021-09-29 14:01:53,618] {dag.py:1853} INFO - Creating ORM DAG for homework_1_dag
[2021-09-29 14:01:53,637] {logging_mixin.py:109} INFO - [2021-09-29 14:01:53,637] {dag.py:2287} INFO - Setting next_dagrun for homework_1_dag to 2021-09-29T13:50:00+00:00
[2021-09-29 14:01:53,665] {processor.py:170} INFO - Processing /opt/airflow/dags/homework_1_dag.py took 10.211 seconds
[2021-09-29 14:02:24,130] {processor.py:162} INFO - Started process (PID=453) to work on /opt/airflow/dags/homework_1_dag.py
[2021-09-29 14:02:24,132] {processor.py:613} INFO - Processing file /opt/airflow/dags/homework_1_dag.py for tasks to queue
[2021-09-29 14:02:24,134] {logging_mixin.py:109} INFO - [2021-09-29 14:02:24,134] {dagbag.py:496} INFO - Filling up the DagBag from /opt/airflow/dags/homework_1_dag.py
[2021-09-29 14:02:24,162] {processor.py:623} INFO - DAG(s) dict_keys(['homework_1_dag']) retrieved from /opt/airflow/dags/homework_1_dag.py
[2021-09-29 14:02:24,194] {logging_mixin.py:109} INFO - [2021-09-29 14:02:24,194] {dag.py:1834} INFO - Sync 1 DAGs
[2021-09-29 14:02:24,222] {logging_mixin.py:109} INFO - [2021-09-29 14:02:24,222] {dag.py:2287} INFO - Setting next_dagrun for homework_1_dag to 2021-09-29T13:50:00+00:00
[2021-09-29 14:02:24,239] {processor.py:170} INFO - Processing /opt/airflow/dags/homework_1_dag.py took 0.114 seconds
[2021-09-29 14:02:55,261] {processor.py:162} INFO - Started process (PID=650) to work on /opt/airflow/dags/homework_1_dag.py
[2021-09-29 14:02:55,263] {processor.py:613} INFO - Processing file /opt/airflow/dags/homework_1_dag.py for tasks to queue
[2021-09-29 14:02:55,264] {logging_mixin.py:109} INFO - [2021-09-29 14:02:55,264] {dagbag.py:496} INFO - Filling up the DagBag from /opt/airflow/dags/homework_1_dag.py
[2021-09-29 14:02:55,284] {processor.py:623} INFO - DAG(s) dict_keys(['homework_1_dag']) retrieved from /opt/airflow/dags/homework_1_dag.py
[2021-09-29 14:02:55,309] {logging_mixin.py:109} INFO - [2021-09-29 14:02:55,309] {dag.py:1834} INFO - Sync 1 DAGs
[2021-09-29 14:02:55,326] {logging_mixin.py:109} INFO - [2021-09-29 14:02:55,326] {dag.py:2287} INFO - Setting next_dagrun for homework_1_dag to 2021-09-29T13:50:00+00:00
[2021-09-29 14:02:55,337] {processor.py:170} INFO - Processing /opt/airflow/dags/homework_1_dag.py took 0.081 seconds
[2021-09-29 14:02:58,468] {processor.py:162} INFO - Started process (PID=743) to work on /opt/airflow/dags/homework_1_dag.py
[2021-09-29 14:02:58,470] {processor.py:613} INFO - Processing file /opt/airflow/dags/homework_1_dag.py for tasks to queue
[2021-09-29 14:02:58,472] {logging_mixin.py:109} INFO - [2021-09-29 14:02:58,472] {dagbag.py:496} INFO - Filling up the DagBag from /opt/airflow/dags/homework_1_dag.py
[2021-09-29 14:02:58,502] {processor.py:623} INFO - DAG(s) dict_keys(['homework_1_dag']) retrieved from /opt/airflow/dags/homework_1_dag.py
[2021-09-29 14:02:58,528] {logging_mixin.py:109} INFO - [2021-09-29 14:02:58,528] {dag.py:1834} INFO - Sync 1 DAGs
[2021-09-29 14:02:58,547] {logging_mixin.py:109} INFO - [2021-09-29 14:02:58,546] {dag.py:2287} INFO - Setting next_dagrun for homework_1_dag to 2021-09-29T13:50:00+00:00
[2021-09-29 14:02:58,559] {processor.py:170} INFO - Processing /opt/airflow/dags/homework_1_dag.py took 0.095 seconds
[2021-09-29 14:03:18,016] {processor.py:162} INFO - Started process (PID=807) to work on /opt/airflow/dags/homework_1_dag.py
[2021-09-29 14:03:18,019] {processor.py:613} INFO - Processing file /opt/airflow/dags/homework_1_dag.py for tasks to queue
[2021-09-29 14:03:18,021] {logging_mixin.py:109} INFO - [2021-09-29 14:03:18,020] {dagbag.py:496} INFO - Filling up the DagBag from /opt/airflow/dags/homework_1_dag.py
[2021-09-29 14:03:18,053] {processor.py:623} INFO - DAG(s) dict_keys(['homework_1_dag']) retrieved from /opt/airflow/dags/homework_1_dag.py
[2021-09-29 14:03:18,078] {logging_mixin.py:109} INFO - [2021-09-29 14:03:18,078] {dag.py:1834} INFO - Sync 1 DAGs
[2021-09-29 14:03:18,099] {logging_mixin.py:109} INFO - [2021-09-29 14:03:18,099] {dag.py:2287} INFO - Setting next_dagrun for homework_1_dag to 2021-09-29T13:50:00+00:00
[2021-09-29 14:03:18,119] {processor.py:170} INFO - Processing /opt/airflow/dags/homework_1_dag.py took 0.107 seconds
[2021-09-29 14:03:20,121] {processor.py:162} INFO - Started process (PID=817) to work on /opt/airflow/dags/homework_1_dag.py
[2021-09-29 14:03:20,123] {processor.py:613} INFO - Processing file /opt/airflow/dags/homework_1_dag.py for tasks to queue
[2021-09-29 14:03:20,124] {logging_mixin.py:109} INFO - [2021-09-29 14:03:20,124] {dagbag.py:496} INFO - Filling up the DagBag from /opt/airflow/dags/homework_1_dag.py
[2021-09-29 14:03:20,139] {logging_mixin.py:109} INFO - [2021-09-29 14:03:20,132] {dagbag.py:329} ERROR - Failed to import: /opt/airflow/dags/homework_1_dag.py
Traceback (most recent call last):
  File "/home/airflow/.local/lib/python3.6/site-packages/airflow/models/dagbag.py", line 326, in _load_modules_from_file
    loader.exec_module(new_module)
  File "<frozen importlib._bootstrap_external>", line 674, in exec_module
  File "<frozen importlib._bootstrap_external>", line 781, in get_code
  File "<frozen importlib._bootstrap_external>", line 741, in source_to_code
  File "<frozen importlib._bootstrap>", line 219, in _call_with_frames_removed
  File "/opt/airflow/dags/homework_1_dag.py", line 36
    two >>
          ^
SyntaxError: invalid syntax
[2021-09-29 14:03:20,141] {processor.py:625} WARNING - No viable dags retrieved from /opt/airflow/dags/homework_1_dag.py
[2021-09-29 14:03:20,163] {processor.py:170} INFO - Processing /opt/airflow/dags/homework_1_dag.py took 0.046 seconds
[2021-09-29 14:03:21,177] {processor.py:162} INFO - Started process (PID=822) to work on /opt/airflow/dags/homework_1_dag.py
[2021-09-29 14:03:21,179] {processor.py:613} INFO - Processing file /opt/airflow/dags/homework_1_dag.py for tasks to queue
[2021-09-29 14:03:21,181] {logging_mixin.py:109} INFO - [2021-09-29 14:03:21,180] {dagbag.py:496} INFO - Filling up the DagBag from /opt/airflow/dags/homework_1_dag.py
[2021-09-29 14:03:21,209] {processor.py:623} INFO - DAG(s) dict_keys(['homework_1_dag']) retrieved from /opt/airflow/dags/homework_1_dag.py
[2021-09-29 14:03:21,234] {logging_mixin.py:109} INFO - [2021-09-29 14:03:21,234] {dag.py:1834} INFO - Sync 1 DAGs
[2021-09-29 14:03:21,256] {logging_mixin.py:109} INFO - [2021-09-29 14:03:21,256] {dag.py:2287} INFO - Setting next_dagrun for homework_1_dag to 2021-09-29T13:50:00+00:00
[2021-09-29 14:03:21,270] {processor.py:170} INFO - Processing /opt/airflow/dags/homework_1_dag.py took 0.099 seconds
[2021-09-29 14:03:24,548] {processor.py:162} INFO - Started process (PID=847) to work on /opt/airflow/dags/homework_1_dag.py
[2021-09-29 14:03:24,550] {processor.py:613} INFO - Processing file /opt/airflow/dags/homework_1_dag.py for tasks to queue
[2021-09-29 14:03:24,552] {logging_mixin.py:109} INFO - [2021-09-29 14:03:24,551] {dagbag.py:496} INFO - Filling up the DagBag from /opt/airflow/dags/homework_1_dag.py
[2021-09-29 14:03:24,574] {logging_mixin.py:109} INFO - [2021-09-29 14:03:24,572] {dagbag.py:329} ERROR - Failed to import: /opt/airflow/dags/homework_1_dag.py
Traceback (most recent call last):
  File "/home/airflow/.local/lib/python3.6/site-packages/airflow/models/dagbag.py", line 326, in _load_modules_from_file
    loader.exec_module(new_module)
  File "<frozen importlib._bootstrap_external>", line 678, in exec_module
  File "<frozen importlib._bootstrap>", line 219, in _call_with_frames_removed
  File "/opt/airflow/dags/homework_1_dag.py", line 36, in <module>
    two >> [three, fo]
NameError: name 'fo' is not defined
[2021-09-29 14:03:24,577] {processor.py:625} WARNING - No viable dags retrieved from /opt/airflow/dags/homework_1_dag.py
[2021-09-29 14:03:24,598] {processor.py:170} INFO - Processing /opt/airflow/dags/homework_1_dag.py took 0.055 seconds
[2021-09-29 14:03:25,829] {processor.py:162} INFO - Started process (PID=862) to work on /opt/airflow/dags/homework_1_dag.py
[2021-09-29 14:03:25,832] {processor.py:613} INFO - Processing file /opt/airflow/dags/homework_1_dag.py for tasks to queue
[2021-09-29 14:03:25,833] {logging_mixin.py:109} INFO - [2021-09-29 14:03:25,833] {dagbag.py:496} INFO - Filling up the DagBag from /opt/airflow/dags/homework_1_dag.py
[2021-09-29 14:03:25,844] {logging_mixin.py:109} INFO - [2021-09-29 14:03:25,843] {dagbag.py:329} ERROR - Failed to import: /opt/airflow/dags/homework_1_dag.py
Traceback (most recent call last):
  File "/home/airflow/.local/lib/python3.6/site-packages/airflow/models/dagbag.py", line 326, in _load_modules_from_file
    loader.exec_module(new_module)
  File "<frozen importlib._bootstrap_external>", line 674, in exec_module
  File "<frozen importlib._bootstrap_external>", line 781, in get_code
  File "<frozen importlib._bootstrap_external>", line 741, in source_to_code
  File "<frozen importlib._bootstrap>", line 219, in _call_with_frames_removed
  File "/opt/airflow/dags/homework_1_dag.py", line 36
    two >> [three, for]
                     ^
SyntaxError: invalid syntax
[2021-09-29 14:03:25,846] {processor.py:625} WARNING - No viable dags retrieved from /opt/airflow/dags/homework_1_dag.py
[2021-09-29 14:03:25,870] {processor.py:170} INFO - Processing /opt/airflow/dags/homework_1_dag.py took 0.044 seconds
[2021-09-29 14:03:28,514] {processor.py:162} INFO - Started process (PID=939) to work on /opt/airflow/dags/homework_1_dag.py
[2021-09-29 14:03:28,517] {processor.py:613} INFO - Processing file /opt/airflow/dags/homework_1_dag.py for tasks to queue
[2021-09-29 14:03:28,519] {logging_mixin.py:109} INFO - [2021-09-29 14:03:28,519] {dagbag.py:496} INFO - Filling up the DagBag from /opt/airflow/dags/homework_1_dag.py
[2021-09-29 14:03:28,558] {processor.py:623} INFO - DAG(s) dict_keys(['homework_1_dag']) retrieved from /opt/airflow/dags/homework_1_dag.py
[2021-09-29 14:03:28,741] {logging_mixin.py:109} INFO - [2021-09-29 14:03:28,741] {dag.py:1834} INFO - Sync 1 DAGs
[2021-09-29 14:03:28,760] {logging_mixin.py:109} INFO - [2021-09-29 14:03:28,759] {dag.py:2287} INFO - Setting next_dagrun for homework_1_dag to 2021-09-29T13:50:00+00:00
[2021-09-29 14:03:28,777] {processor.py:170} INFO - Processing /opt/airflow/dags/homework_1_dag.py took 0.267 seconds
[2021-09-29 14:03:30,567] {processor.py:162} INFO - Started process (PID=1004) to work on /opt/airflow/dags/homework_1_dag.py
[2021-09-29 14:03:30,569] {processor.py:613} INFO - Processing file /opt/airflow/dags/homework_1_dag.py for tasks to queue
[2021-09-29 14:03:30,570] {logging_mixin.py:109} INFO - [2021-09-29 14:03:30,570] {dagbag.py:496} INFO - Filling up the DagBag from /opt/airflow/dags/homework_1_dag.py
[2021-09-29 14:03:30,595] {processor.py:623} INFO - DAG(s) dict_keys(['homework_1_dag']) retrieved from /opt/airflow/dags/homework_1_dag.py
[2021-09-29 14:03:30,612] {logging_mixin.py:109} INFO - [2021-09-29 14:03:30,611] {dag.py:1834} INFO - Sync 1 DAGs
[2021-09-29 14:03:30,632] {logging_mixin.py:109} INFO - [2021-09-29 14:03:30,632] {dag.py:2287} INFO - Setting next_dagrun for homework_1_dag to 2021-09-29T13:50:00+00:00
[2021-09-29 14:03:30,644] {processor.py:170} INFO - Processing /opt/airflow/dags/homework_1_dag.py took 0.080 seconds
[2021-09-29 14:03:32,676] {processor.py:162} INFO - Started process (PID=1009) to work on /opt/airflow/dags/homework_1_dag.py
[2021-09-29 14:03:32,678] {processor.py:613} INFO - Processing file /opt/airflow/dags/homework_1_dag.py for tasks to queue
[2021-09-29 14:03:32,680] {logging_mixin.py:109} INFO - [2021-09-29 14:03:32,679] {dagbag.py:496} INFO - Filling up the DagBag from /opt/airflow/dags/homework_1_dag.py
[2021-09-29 14:03:32,710] {processor.py:623} INFO - DAG(s) dict_keys(['homework_1_dag']) retrieved from /opt/airflow/dags/homework_1_dag.py
[2021-09-29 14:03:32,731] {logging_mixin.py:109} INFO - [2021-09-29 14:03:32,730] {dag.py:1834} INFO - Sync 1 DAGs
[2021-09-29 14:03:32,753] {logging_mixin.py:109} INFO - [2021-09-29 14:03:32,753] {dag.py:2287} INFO - Setting next_dagrun for homework_1_dag to 2021-09-29T13:50:00+00:00
[2021-09-29 14:03:32,769] {processor.py:170} INFO - Processing /opt/airflow/dags/homework_1_dag.py took 0.097 seconds
[2021-09-29 14:03:34,688] {processor.py:162} INFO - Started process (PID=1014) to work on /opt/airflow/dags/homework_1_dag.py
[2021-09-29 14:03:34,690] {processor.py:613} INFO - Processing file /opt/airflow/dags/homework_1_dag.py for tasks to queue
[2021-09-29 14:03:34,691] {logging_mixin.py:109} INFO - [2021-09-29 14:03:34,691] {dagbag.py:496} INFO - Filling up the DagBag from /opt/airflow/dags/homework_1_dag.py
[2021-09-29 14:03:34,716] {processor.py:623} INFO - DAG(s) dict_keys(['homework_1_dag']) retrieved from /opt/airflow/dags/homework_1_dag.py
[2021-09-29 14:03:34,731] {logging_mixin.py:109} INFO - [2021-09-29 14:03:34,731] {dag.py:1834} INFO - Sync 1 DAGs
[2021-09-29 14:03:34,749] {logging_mixin.py:109} INFO - [2021-09-29 14:03:34,749] {dag.py:2287} INFO - Setting next_dagrun for homework_1_dag to 2021-09-29T13:50:00+00:00
[2021-09-29 14:03:34,761] {processor.py:170} INFO - Processing /opt/airflow/dags/homework_1_dag.py took 0.078 seconds
[2021-09-29 14:03:41,731] {processor.py:162} INFO - Started process (PID=1030) to work on /opt/airflow/dags/homework_1_dag.py
[2021-09-29 14:03:41,733] {processor.py:613} INFO - Processing file /opt/airflow/dags/homework_1_dag.py for tasks to queue
[2021-09-29 14:03:41,735] {logging_mixin.py:109} INFO - [2021-09-29 14:03:41,734] {dagbag.py:496} INFO - Filling up the DagBag from /opt/airflow/dags/homework_1_dag.py
[2021-09-29 14:03:41,768] {processor.py:623} INFO - DAG(s) dict_keys(['homework_1_dag']) retrieved from /opt/airflow/dags/homework_1_dag.py
[2021-09-29 14:03:41,787] {logging_mixin.py:109} INFO - [2021-09-29 14:03:41,786] {dag.py:1834} INFO - Sync 1 DAGs
[2021-09-29 14:03:41,811] {logging_mixin.py:109} INFO - [2021-09-29 14:03:41,811] {dag.py:2287} INFO - Setting next_dagrun for homework_1_dag to 2021-09-29T13:50:00+00:00
[2021-09-29 14:03:41,825] {processor.py:170} INFO - Processing /opt/airflow/dags/homework_1_dag.py took 0.098 seconds
[2021-09-29 14:03:43,836] {processor.py:162} INFO - Started process (PID=1035) to work on /opt/airflow/dags/homework_1_dag.py
[2021-09-29 14:03:43,838] {processor.py:613} INFO - Processing file /opt/airflow/dags/homework_1_dag.py for tasks to queue
[2021-09-29 14:03:43,840] {logging_mixin.py:109} INFO - [2021-09-29 14:03:43,840] {dagbag.py:496} INFO - Filling up the DagBag from /opt/airflow/dags/homework_1_dag.py
[2021-09-29 14:03:43,871] {processor.py:623} INFO - DAG(s) dict_keys(['homework_1_dag']) retrieved from /opt/airflow/dags/homework_1_dag.py
[2021-09-29 14:03:43,895] {logging_mixin.py:109} INFO - [2021-09-29 14:03:43,894] {dag.py:1834} INFO - Sync 1 DAGs
[2021-09-29 14:03:43,929] {logging_mixin.py:109} INFO - [2021-09-29 14:03:43,929] {dag.py:2287} INFO - Setting next_dagrun for homework_1_dag to 2021-09-29T13:50:00+00:00
[2021-09-29 14:03:43,948] {processor.py:170} INFO - Processing /opt/airflow/dags/homework_1_dag.py took 0.115 seconds
[2021-09-29 14:03:46,889] {processor.py:162} INFO - Started process (PID=1045) to work on /opt/airflow/dags/homework_1_dag.py
[2021-09-29 14:03:46,891] {processor.py:613} INFO - Processing file /opt/airflow/dags/homework_1_dag.py for tasks to queue
[2021-09-29 14:03:46,893] {logging_mixin.py:109} INFO - [2021-09-29 14:03:46,893] {dagbag.py:496} INFO - Filling up the DagBag from /opt/airflow/dags/homework_1_dag.py
[2021-09-29 14:03:46,902] {logging_mixin.py:109} INFO - [2021-09-29 14:03:46,901] {dagbag.py:329} ERROR - Failed to import: /opt/airflow/dags/homework_1_dag.py
Traceback (most recent call last):
  File "/home/airflow/.local/lib/python3.6/site-packages/airflow/models/dagbag.py", line 326, in _load_modules_from_file
    loader.exec_module(new_module)
  File "<frozen importlib._bootstrap_external>", line 674, in exec_module
  File "<frozen importlib._bootstrap_external>", line 781, in get_code
  File "<frozen importlib._bootstrap_external>", line 741, in source_to_code
  File "<frozen importlib._bootstrap>", line 219, in _call_with_frames_removed
  File "/opt/airflow/dags/homework_1_dag.py", line 37
    three >>
            ^
SyntaxError: invalid syntax
[2021-09-29 14:03:46,903] {processor.py:625} WARNING - No viable dags retrieved from /opt/airflow/dags/homework_1_dag.py
[2021-09-29 14:03:46,920] {processor.py:170} INFO - Processing /opt/airflow/dags/homework_1_dag.py took 0.035 seconds
[2021-09-29 14:03:54,172] {processor.py:162} INFO - Started process (PID=1085) to work on /opt/airflow/dags/homework_1_dag.py
[2021-09-29 14:03:54,174] {processor.py:613} INFO - Processing file /opt/airflow/dags/homework_1_dag.py for tasks to queue
[2021-09-29 14:03:54,176] {logging_mixin.py:109} INFO - [2021-09-29 14:03:54,175] {dagbag.py:496} INFO - Filling up the DagBag from /opt/airflow/dags/homework_1_dag.py
[2021-09-29 14:03:54,186] {logging_mixin.py:109} INFO - [2021-09-29 14:03:54,185] {dagbag.py:329} ERROR - Failed to import: /opt/airflow/dags/homework_1_dag.py
Traceback (most recent call last):
  File "/home/airflow/.local/lib/python3.6/site-packages/airflow/models/dagbag.py", line 326, in _load_modules_from_file
    loader.exec_module(new_module)
  File "<frozen importlib._bootstrap_external>", line 674, in exec_module
  File "<frozen importlib._bootstrap_external>", line 781, in get_code
  File "<frozen importlib._bootstrap_external>", line 741, in source_to_code
  File "<frozen importlib._bootstrap>", line 219, in _call_with_frames_removed
  File "/opt/airflow/dags/homework_1_dag.py", line 37
    three >>
            ^
SyntaxError: invalid syntax
[2021-09-29 14:03:54,188] {processor.py:625} WARNING - No viable dags retrieved from /opt/airflow/dags/homework_1_dag.py
[2021-09-29 14:03:54,210] {processor.py:170} INFO - Processing /opt/airflow/dags/homework_1_dag.py took 0.042 seconds
[2021-09-29 14:03:56,265] {processor.py:162} INFO - Started process (PID=1100) to work on /opt/airflow/dags/homework_1_dag.py
[2021-09-29 14:03:56,267] {processor.py:613} INFO - Processing file /opt/airflow/dags/homework_1_dag.py for tasks to queue
[2021-09-29 14:03:56,269] {logging_mixin.py:109} INFO - [2021-09-29 14:03:56,269] {dagbag.py:496} INFO - Filling up the DagBag from /opt/airflow/dags/homework_1_dag.py
[2021-09-29 14:03:56,300] {processor.py:623} INFO - DAG(s) dict_keys(['homework_1_dag']) retrieved from /opt/airflow/dags/homework_1_dag.py
[2021-09-29 14:03:56,322] {logging_mixin.py:109} INFO - [2021-09-29 14:03:56,322] {dag.py:1834} INFO - Sync 1 DAGs
[2021-09-29 14:03:56,347] {logging_mixin.py:109} INFO - [2021-09-29 14:03:56,347] {dag.py:2287} INFO - Setting next_dagrun for homework_1_dag to 2021-09-29T13:50:00+00:00
[2021-09-29 14:03:56,362] {processor.py:170} INFO - Processing /opt/airflow/dags/homework_1_dag.py took 0.103 seconds
[2021-09-29 14:03:58,052] {processor.py:162} INFO - Started process (PID=1165) to work on /opt/airflow/dags/homework_1_dag.py
[2021-09-29 14:03:58,054] {processor.py:613} INFO - Processing file /opt/airflow/dags/homework_1_dag.py for tasks to queue
[2021-09-29 14:03:58,056] {logging_mixin.py:109} INFO - [2021-09-29 14:03:58,055] {dagbag.py:496} INFO - Filling up the DagBag from /opt/airflow/dags/homework_1_dag.py
[2021-09-29 14:03:58,078] {processor.py:623} INFO - DAG(s) dict_keys(['homework_1_dag']) retrieved from /opt/airflow/dags/homework_1_dag.py
[2021-09-29 14:03:58,093] {logging_mixin.py:109} INFO - [2021-09-29 14:03:58,093] {dag.py:1834} INFO - Sync 1 DAGs
[2021-09-29 14:03:58,111] {logging_mixin.py:109} INFO - [2021-09-29 14:03:58,111] {dag.py:2287} INFO - Setting next_dagrun for homework_1_dag to 2021-09-29T13:50:00+00:00
[2021-09-29 14:03:58,155] {processor.py:170} INFO - Processing /opt/airflow/dags/homework_1_dag.py took 0.106 seconds
[2021-09-29 14:04:02,981] {processor.py:162} INFO - Started process (PID=1241) to work on /opt/airflow/dags/homework_1_dag.py
[2021-09-29 14:04:02,983] {processor.py:613} INFO - Processing file /opt/airflow/dags/homework_1_dag.py for tasks to queue
[2021-09-29 14:04:02,985] {logging_mixin.py:109} INFO - [2021-09-29 14:04:02,985] {dagbag.py:496} INFO - Filling up the DagBag from /opt/airflow/dags/homework_1_dag.py
[2021-09-29 14:04:03,019] {processor.py:623} INFO - DAG(s) dict_keys(['homework_1_dag']) retrieved from /opt/airflow/dags/homework_1_dag.py
[2021-09-29 14:04:03,223] {logging_mixin.py:109} INFO - [2021-09-29 14:04:03,223] {dag.py:1834} INFO - Sync 1 DAGs
[2021-09-29 14:04:03,245] {logging_mixin.py:109} INFO - [2021-09-29 14:04:03,245] {dag.py:2287} INFO - Setting next_dagrun for homework_1_dag to 2021-09-29T13:50:00+00:00
[2021-09-29 14:04:03,262] {processor.py:170} INFO - Processing /opt/airflow/dags/homework_1_dag.py took 0.286 seconds
[2021-09-29 14:04:14,357] {processor.py:162} INFO - Started process (PID=1257) to work on /opt/airflow/dags/homework_1_dag.py
[2021-09-29 14:04:14,360] {processor.py:613} INFO - Processing file /opt/airflow/dags/homework_1_dag.py for tasks to queue
[2021-09-29 14:04:14,361] {logging_mixin.py:109} INFO - [2021-09-29 14:04:14,361] {dagbag.py:496} INFO - Filling up the DagBag from /opt/airflow/dags/homework_1_dag.py
[2021-09-29 14:04:14,375] {logging_mixin.py:109} INFO - [2021-09-29 14:04:14,374] {dagbag.py:329} ERROR - Failed to import: /opt/airflow/dags/homework_1_dag.py
Traceback (most recent call last):
  File "/home/airflow/.local/lib/python3.6/site-packages/airflow/models/dagbag.py", line 326, in _load_modules_from_file
    loader.exec_module(new_module)
  File "<frozen importlib._bootstrap_external>", line 674, in exec_module
  File "<frozen importlib._bootstrap_external>", line 781, in get_code
  File "<frozen importlib._bootstrap_external>", line 741, in source_to_code
  File "<frozen importlib._bootstrap>", line 219, in _call_with_frames_removed
  File "/opt/airflow/dags/homework_1_dag.py", line 37
    three >>
            ^
SyntaxError: invalid syntax
[2021-09-29 14:04:14,377] {processor.py:625} WARNING - No viable dags retrieved from /opt/airflow/dags/homework_1_dag.py
[2021-09-29 14:04:14,400] {processor.py:170} INFO - Processing /opt/airflow/dags/homework_1_dag.py took 0.047 seconds
[2021-09-29 14:04:18,456] {processor.py:162} INFO - Started process (PID=1267) to work on /opt/airflow/dags/homework_1_dag.py
[2021-09-29 14:04:18,458] {processor.py:613} INFO - Processing file /opt/airflow/dags/homework_1_dag.py for tasks to queue
[2021-09-29 14:04:18,460] {logging_mixin.py:109} INFO - [2021-09-29 14:04:18,460] {dagbag.py:496} INFO - Filling up the DagBag from /opt/airflow/dags/homework_1_dag.py
[2021-09-29 14:04:18,483] {logging_mixin.py:109} INFO - [2021-09-29 14:04:18,481] {dagbag.py:329} ERROR - Failed to import: /opt/airflow/dags/homework_1_dag.py
Traceback (most recent call last):
  File "/home/airflow/.local/lib/python3.6/site-packages/airflow/models/dagbag.py", line 326, in _load_modules_from_file
    loader.exec_module(new_module)
  File "<frozen importlib._bootstrap_external>", line 678, in exec_module
  File "<frozen importlib._bootstrap>", line 219, in _call_with_frames_removed
  File "/opt/airflow/dags/homework_1_dag.py", line 37, in <module>
    three >> four >> n
NameError: name 'n' is not defined
[2021-09-29 14:04:18,485] {processor.py:625} WARNING - No viable dags retrieved from /opt/airflow/dags/homework_1_dag.py
[2021-09-29 14:04:18,506] {processor.py:170} INFO - Processing /opt/airflow/dags/homework_1_dag.py took 0.055 seconds
[2021-09-29 14:04:19,505] {processor.py:162} INFO - Started process (PID=1272) to work on /opt/airflow/dags/homework_1_dag.py
[2021-09-29 14:04:19,508] {processor.py:613} INFO - Processing file /opt/airflow/dags/homework_1_dag.py for tasks to queue
[2021-09-29 14:04:19,510] {logging_mixin.py:109} INFO - [2021-09-29 14:04:19,510] {dagbag.py:496} INFO - Filling up the DagBag from /opt/airflow/dags/homework_1_dag.py
[2021-09-29 14:04:19,540] {processor.py:623} INFO - DAG(s) dict_keys(['homework_1_dag']) retrieved from /opt/airflow/dags/homework_1_dag.py
[2021-09-29 14:04:19,557] {logging_mixin.py:109} INFO - [2021-09-29 14:04:19,557] {dag.py:1834} INFO - Sync 1 DAGs
[2021-09-29 14:04:19,579] {logging_mixin.py:109} INFO - [2021-09-29 14:04:19,579] {dag.py:2287} INFO - Setting next_dagrun for homework_1_dag to 2021-09-29T13:50:00+00:00
[2021-09-29 14:04:19,594] {processor.py:170} INFO - Processing /opt/airflow/dags/homework_1_dag.py took 0.093 seconds
[2021-09-29 14:04:22,726] {processor.py:162} INFO - Started process (PID=1290) to work on /opt/airflow/dags/homework_1_dag.py
[2021-09-29 14:04:22,728] {processor.py:613} INFO - Processing file /opt/airflow/dags/homework_1_dag.py for tasks to queue
[2021-09-29 14:04:22,730] {logging_mixin.py:109} INFO - [2021-09-29 14:04:22,730] {dagbag.py:496} INFO - Filling up the DagBag from /opt/airflow/dags/homework_1_dag.py
[2021-09-29 14:04:22,762] {processor.py:623} INFO - DAG(s) dict_keys(['homework_1_dag']) retrieved from /opt/airflow/dags/homework_1_dag.py
[2021-09-29 14:04:22,780] {logging_mixin.py:109} INFO - [2021-09-29 14:04:22,779] {dag.py:1834} INFO - Sync 1 DAGs
[2021-09-29 14:04:22,801] {logging_mixin.py:109} INFO - [2021-09-29 14:04:22,801] {dag.py:2287} INFO - Setting next_dagrun for homework_1_dag to 2021-09-29T13:50:00+00:00
[2021-09-29 14:04:22,815] {processor.py:170} INFO - Processing /opt/airflow/dags/homework_1_dag.py took 0.093 seconds
[2021-09-29 14:04:23,853] {processor.py:162} INFO - Started process (PID=1297) to work on /opt/airflow/dags/homework_1_dag.py
[2021-09-29 14:04:23,856] {processor.py:613} INFO - Processing file /opt/airflow/dags/homework_1_dag.py for tasks to queue
[2021-09-29 14:04:23,857] {logging_mixin.py:109} INFO - [2021-09-29 14:04:23,857] {dagbag.py:496} INFO - Filling up the DagBag from /opt/airflow/dags/homework_1_dag.py
[2021-09-29 14:04:23,890] {processor.py:623} INFO - DAG(s) dict_keys(['homework_1_dag']) retrieved from /opt/airflow/dags/homework_1_dag.py
[2021-09-29 14:04:23,908] {logging_mixin.py:109} INFO - [2021-09-29 14:04:23,908] {dag.py:1834} INFO - Sync 1 DAGs
[2021-09-29 14:04:23,930] {logging_mixin.py:109} INFO - [2021-09-29 14:04:23,930] {dag.py:2287} INFO - Setting next_dagrun for homework_1_dag to 2021-09-29T13:50:00+00:00
[2021-09-29 14:04:23,944] {processor.py:170} INFO - Processing /opt/airflow/dags/homework_1_dag.py took 0.095 seconds
[2021-09-29 14:04:54,070] {processor.py:162} INFO - Started process (PID=1495) to work on /opt/airflow/dags/homework_1_dag.py
[2021-09-29 14:04:54,072] {processor.py:613} INFO - Processing file /opt/airflow/dags/homework_1_dag.py for tasks to queue
[2021-09-29 14:04:54,074] {logging_mixin.py:109} INFO - [2021-09-29 14:04:54,074] {dagbag.py:496} INFO - Filling up the DagBag from /opt/airflow/dags/homework_1_dag.py
[2021-09-29 14:04:54,097] {processor.py:623} INFO - DAG(s) dict_keys(['homework_1_dag']) retrieved from /opt/airflow/dags/homework_1_dag.py
[2021-09-29 14:04:54,295] {logging_mixin.py:109} INFO - [2021-09-29 14:04:54,295] {dag.py:1834} INFO - Sync 1 DAGs
[2021-09-29 14:04:54,312] {logging_mixin.py:109} INFO - [2021-09-29 14:04:54,312] {dag.py:2287} INFO - Setting next_dagrun for homework_1_dag to 2021-09-29T13:50:00+00:00
[2021-09-29 14:04:54,322] {processor.py:170} INFO - Processing /opt/airflow/dags/homework_1_dag.py took 0.257 seconds
[2021-09-29 14:04:58,808] {processor.py:162} INFO - Started process (PID=1545) to work on /opt/airflow/dags/homework_1_dag.py
[2021-09-29 14:04:58,810] {processor.py:613} INFO - Processing file /opt/airflow/dags/homework_1_dag.py for tasks to queue
[2021-09-29 14:04:58,813] {logging_mixin.py:109} INFO - [2021-09-29 14:04:58,812] {dagbag.py:496} INFO - Filling up the DagBag from /opt/airflow/dags/homework_1_dag.py
[2021-09-29 14:04:58,843] {logging_mixin.py:109} INFO - [2021-09-29 14:04:58,840] {dagbag.py:329} ERROR - Failed to import: /opt/airflow/dags/homework_1_dag.py
Traceback (most recent call last):
  File "/home/airflow/.local/lib/python3.6/site-packages/airflow/models/dagbag.py", line 326, in _load_modules_from_file
    loader.exec_module(new_module)
  File "<frozen importlib._bootstrap_external>", line 678, in exec_module
  File "<frozen importlib._bootstrap>", line 219, in _call_with_frames_removed
  File "/opt/airflow/dags/homework_1_dag.py", line 37, in <module>
    three >> four >> nine
NameError: name 'nine' is not defined
[2021-09-29 14:04:58,845] {processor.py:625} WARNING - No viable dags retrieved from /opt/airflow/dags/homework_1_dag.py
[2021-09-29 14:04:58,871] {processor.py:170} INFO - Processing /opt/airflow/dags/homework_1_dag.py took 0.067 seconds
[2021-09-29 14:05:00,347] {processor.py:162} INFO - Started process (PID=1597) to work on /opt/airflow/dags/homework_1_dag.py
[2021-09-29 14:05:00,350] {processor.py:613} INFO - Processing file /opt/airflow/dags/homework_1_dag.py for tasks to queue
[2021-09-29 14:05:00,354] {logging_mixin.py:109} INFO - [2021-09-29 14:05:00,353] {dagbag.py:496} INFO - Filling up the DagBag from /opt/airflow/dags/homework_1_dag.py
[2021-09-29 14:05:00,405] {processor.py:623} INFO - DAG(s) dict_keys(['homework_1_dag']) retrieved from /opt/airflow/dags/homework_1_dag.py
[2021-09-29 14:05:00,457] {logging_mixin.py:109} INFO - [2021-09-29 14:05:00,457] {dag.py:1834} INFO - Sync 1 DAGs
[2021-09-29 14:05:00,500] {logging_mixin.py:109} INFO - [2021-09-29 14:05:00,500] {dag.py:2287} INFO - Setting next_dagrun for homework_1_dag to 2021-09-29T13:50:00+00:00
[2021-09-29 14:05:00,543] {processor.py:170} INFO - Processing /opt/airflow/dags/homework_1_dag.py took 0.201 seconds
[2021-09-29 14:05:14,540] {processor.py:162} INFO - Started process (PID=1673) to work on /opt/airflow/dags/homework_1_dag.py
[2021-09-29 14:05:14,542] {processor.py:613} INFO - Processing file /opt/airflow/dags/homework_1_dag.py for tasks to queue
[2021-09-29 14:05:14,544] {logging_mixin.py:109} INFO - [2021-09-29 14:05:14,544] {dagbag.py:496} INFO - Filling up the DagBag from /opt/airflow/dags/homework_1_dag.py
[2021-09-29 14:05:14,576] {processor.py:623} INFO - DAG(s) dict_keys(['homework_1_dag']) retrieved from /opt/airflow/dags/homework_1_dag.py
[2021-09-29 14:05:14,595] {logging_mixin.py:109} INFO - [2021-09-29 14:05:14,595] {dag.py:1834} INFO - Sync 1 DAGs
[2021-09-29 14:05:14,621] {logging_mixin.py:109} INFO - [2021-09-29 14:05:14,621] {dag.py:2287} INFO - Setting next_dagrun for homework_1_dag to 2021-09-29T13:50:00+00:00
[2021-09-29 14:05:14,633] {processor.py:170} INFO - Processing /opt/airflow/dags/homework_1_dag.py took 0.096 seconds
[2021-09-29 14:05:21,655] {processor.py:162} INFO - Started process (PID=1686) to work on /opt/airflow/dags/homework_1_dag.py
[2021-09-29 14:05:21,657] {processor.py:613} INFO - Processing file /opt/airflow/dags/homework_1_dag.py for tasks to queue
[2021-09-29 14:05:21,659] {logging_mixin.py:109} INFO - [2021-09-29 14:05:21,659] {dagbag.py:496} INFO - Filling up the DagBag from /opt/airflow/dags/homework_1_dag.py
[2021-09-29 14:05:21,670] {logging_mixin.py:109} INFO - [2021-09-29 14:05:21,669] {dagbag.py:329} ERROR - Failed to import: /opt/airflow/dags/homework_1_dag.py
Traceback (most recent call last):
  File "/home/airflow/.local/lib/python3.6/site-packages/airflow/models/dagbag.py", line 326, in _load_modules_from_file
    loader.exec_module(new_module)
  File "<frozen importlib._bootstrap_external>", line 674, in exec_module
  File "<frozen importlib._bootstrap_external>", line 781, in get_code
  File "<frozen importlib._bootstrap_external>", line 741, in source_to_code
  File "<frozen importlib._bootstrap>", line 219, in _call_with_frames_removed
  File "/opt/airflow/dags/homework_1_dag.py", line 38
    six >>
          ^
SyntaxError: invalid syntax
[2021-09-29 14:05:21,672] {processor.py:625} WARNING - No viable dags retrieved from /opt/airflow/dags/homework_1_dag.py
[2021-09-29 14:05:21,695] {processor.py:170} INFO - Processing /opt/airflow/dags/homework_1_dag.py took 0.044 seconds
[2021-09-29 14:05:27,963] {processor.py:162} INFO - Started process (PID=1733) to work on /opt/airflow/dags/homework_1_dag.py
[2021-09-29 14:05:27,966] {processor.py:613} INFO - Processing file /opt/airflow/dags/homework_1_dag.py for tasks to queue
[2021-09-29 14:05:27,968] {logging_mixin.py:109} INFO - [2021-09-29 14:05:27,967] {dagbag.py:496} INFO - Filling up the DagBag from /opt/airflow/dags/homework_1_dag.py
[2021-09-29 14:05:28,002] {processor.py:623} INFO - DAG(s) dict_keys(['homework_1_dag']) retrieved from /opt/airflow/dags/homework_1_dag.py
[2021-09-29 14:05:28,035] {logging_mixin.py:109} INFO - [2021-09-29 14:05:28,035] {dag.py:1834} INFO - Sync 1 DAGs
[2021-09-29 14:05:28,059] {logging_mixin.py:109} INFO - [2021-09-29 14:05:28,059] {dag.py:2287} INFO - Setting next_dagrun for homework_1_dag to 2021-09-29T13:50:00+00:00
[2021-09-29 14:05:28,076] {processor.py:170} INFO - Processing /opt/airflow/dags/homework_1_dag.py took 0.119 seconds
[2021-09-29 14:05:29,337] {processor.py:162} INFO - Started process (PID=1763) to work on /opt/airflow/dags/homework_1_dag.py
[2021-09-29 14:05:29,339] {processor.py:613} INFO - Processing file /opt/airflow/dags/homework_1_dag.py for tasks to queue
[2021-09-29 14:05:29,341] {logging_mixin.py:109} INFO - [2021-09-29 14:05:29,340] {dagbag.py:496} INFO - Filling up the DagBag from /opt/airflow/dags/homework_1_dag.py
[2021-09-29 14:05:29,372] {processor.py:623} INFO - DAG(s) dict_keys(['homework_1_dag']) retrieved from /opt/airflow/dags/homework_1_dag.py
[2021-09-29 14:05:29,398] {logging_mixin.py:109} INFO - [2021-09-29 14:05:29,398] {dag.py:1834} INFO - Sync 1 DAGs
[2021-09-29 14:05:29,422] {logging_mixin.py:109} INFO - [2021-09-29 14:05:29,421] {dag.py:2287} INFO - Setting next_dagrun for homework_1_dag to 2021-09-29T13:50:00+00:00
[2021-09-29 14:05:29,439] {processor.py:170} INFO - Processing /opt/airflow/dags/homework_1_dag.py took 0.106 seconds
[2021-09-29 14:05:31,736] {processor.py:162} INFO - Started process (PID=1861) to work on /opt/airflow/dags/homework_1_dag.py
[2021-09-29 14:05:31,739] {processor.py:613} INFO - Processing file /opt/airflow/dags/homework_1_dag.py for tasks to queue
[2021-09-29 14:05:31,740] {logging_mixin.py:109} INFO - [2021-09-29 14:05:31,740] {dagbag.py:496} INFO - Filling up the DagBag from /opt/airflow/dags/homework_1_dag.py
[2021-09-29 14:05:31,770] {logging_mixin.py:109} INFO - [2021-09-29 14:05:31,768] {dagbag.py:329} ERROR - Failed to import: /opt/airflow/dags/homework_1_dag.py
Traceback (most recent call last):
  File "/home/airflow/.local/lib/python3.6/site-packages/airflow/models/dagbag.py", line 326, in _load_modules_from_file
    loader.exec_module(new_module)
  File "<frozen importlib._bootstrap_external>", line 678, in exec_module
  File "<frozen importlib._bootstrap>", line 219, in _call_with_frames_removed
  File "/opt/airflow/dags/homework_1_dag.py", line 38, in <module>
    five >> p
NameError: name 'p' is not defined
[2021-09-29 14:05:31,773] {processor.py:625} WARNING - No viable dags retrieved from /opt/airflow/dags/homework_1_dag.py
[2021-09-29 14:05:31,795] {processor.py:170} INFO - Processing /opt/airflow/dags/homework_1_dag.py took 0.064 seconds
[2021-09-29 14:05:34,777] {processor.py:162} INFO - Started process (PID=1879) to work on /opt/airflow/dags/homework_1_dag.py
[2021-09-29 14:05:34,779] {processor.py:613} INFO - Processing file /opt/airflow/dags/homework_1_dag.py for tasks to queue
[2021-09-29 14:05:34,781] {logging_mixin.py:109} INFO - [2021-09-29 14:05:34,780] {dagbag.py:496} INFO - Filling up the DagBag from /opt/airflow/dags/homework_1_dag.py
[2021-09-29 14:05:34,811] {processor.py:623} INFO - DAG(s) dict_keys(['homework_1_dag']) retrieved from /opt/airflow/dags/homework_1_dag.py
[2021-09-29 14:05:35,021] {logging_mixin.py:109} INFO - [2021-09-29 14:05:35,021] {dag.py:1834} INFO - Sync 1 DAGs
[2021-09-29 14:05:35,041] {logging_mixin.py:109} INFO - [2021-09-29 14:05:35,041] {dag.py:2287} INFO - Setting next_dagrun for homework_1_dag to 2021-09-29T13:50:00+00:00
[2021-09-29 14:05:35,057] {processor.py:170} INFO - Processing /opt/airflow/dags/homework_1_dag.py took 0.284 seconds
[2021-09-29 14:05:35,849] {processor.py:162} INFO - Started process (PID=1884) to work on /opt/airflow/dags/homework_1_dag.py
[2021-09-29 14:05:35,851] {processor.py:613} INFO - Processing file /opt/airflow/dags/homework_1_dag.py for tasks to queue
[2021-09-29 14:05:35,853] {logging_mixin.py:109} INFO - [2021-09-29 14:05:35,853] {dagbag.py:496} INFO - Filling up the DagBag from /opt/airflow/dags/homework_1_dag.py
[2021-09-29 14:05:35,883] {processor.py:623} INFO - DAG(s) dict_keys(['homework_1_dag']) retrieved from /opt/airflow/dags/homework_1_dag.py
[2021-09-29 14:05:35,901] {logging_mixin.py:109} INFO - [2021-09-29 14:05:35,901] {dag.py:1834} INFO - Sync 1 DAGs
[2021-09-29 14:05:35,925] {logging_mixin.py:109} INFO - [2021-09-29 14:05:35,925] {dag.py:2287} INFO - Setting next_dagrun for homework_1_dag to 2021-09-29T13:50:00+00:00
[2021-09-29 14:05:35,941] {processor.py:170} INFO - Processing /opt/airflow/dags/homework_1_dag.py took 0.096 seconds
[2021-09-29 14:05:38,880] {processor.py:162} INFO - Started process (PID=1889) to work on /opt/airflow/dags/homework_1_dag.py
[2021-09-29 14:05:38,882] {processor.py:613} INFO - Processing file /opt/airflow/dags/homework_1_dag.py for tasks to queue
[2021-09-29 14:05:38,884] {logging_mixin.py:109} INFO - [2021-09-29 14:05:38,883] {dagbag.py:496} INFO - Filling up the DagBag from /opt/airflow/dags/homework_1_dag.py
[2021-09-29 14:05:38,924] {processor.py:623} INFO - DAG(s) dict_keys(['homework_1_dag']) retrieved from /opt/airflow/dags/homework_1_dag.py
[2021-09-29 14:05:38,940] {logging_mixin.py:109} INFO - [2021-09-29 14:05:38,939] {dag.py:1834} INFO - Sync 1 DAGs
[2021-09-29 14:05:38,959] {logging_mixin.py:109} INFO - [2021-09-29 14:05:38,959] {dag.py:2287} INFO - Setting next_dagrun for homework_1_dag to 2021-09-29T13:50:00+00:00
[2021-09-29 14:05:38,971] {processor.py:170} INFO - Processing /opt/airflow/dags/homework_1_dag.py took 0.096 seconds
[2021-09-29 14:05:46,023] {processor.py:162} INFO - Started process (PID=1905) to work on /opt/airflow/dags/homework_1_dag.py
[2021-09-29 14:05:46,024] {processor.py:613} INFO - Processing file /opt/airflow/dags/homework_1_dag.py for tasks to queue
[2021-09-29 14:05:46,026] {logging_mixin.py:109} INFO - [2021-09-29 14:05:46,026] {dagbag.py:496} INFO - Filling up the DagBag from /opt/airflow/dags/homework_1_dag.py
[2021-09-29 14:05:46,048] {processor.py:623} INFO - DAG(s) dict_keys(['homework_1_dag']) retrieved from /opt/airflow/dags/homework_1_dag.py
[2021-09-29 14:05:46,065] {logging_mixin.py:109} INFO - [2021-09-29 14:05:46,065] {dag.py:1834} INFO - Sync 1 DAGs
[2021-09-29 14:05:46,094] {logging_mixin.py:109} INFO - [2021-09-29 14:05:46,094] {dag.py:2287} INFO - Setting next_dagrun for homework_1_dag to 2021-09-29T13:50:00+00:00
[2021-09-29 14:05:46,109] {processor.py:170} INFO - Processing /opt/airflow/dags/homework_1_dag.py took 0.089 seconds
[2021-09-29 14:05:50,131] {processor.py:162} INFO - Started process (PID=1916) to work on /opt/airflow/dags/homework_1_dag.py
[2021-09-29 14:05:50,133] {processor.py:613} INFO - Processing file /opt/airflow/dags/homework_1_dag.py for tasks to queue
[2021-09-29 14:05:50,135] {logging_mixin.py:109} INFO - [2021-09-29 14:05:50,135] {dagbag.py:496} INFO - Filling up the DagBag from /opt/airflow/dags/homework_1_dag.py
[2021-09-29 14:05:50,170] {processor.py:623} INFO - DAG(s) dict_keys(['homework_1_dag']) retrieved from /opt/airflow/dags/homework_1_dag.py
[2021-09-29 14:05:50,189] {logging_mixin.py:109} INFO - [2021-09-29 14:05:50,189] {dag.py:1834} INFO - Sync 1 DAGs
[2021-09-29 14:05:50,213] {logging_mixin.py:109} INFO - [2021-09-29 14:05:50,213] {dag.py:2287} INFO - Setting next_dagrun for homework_1_dag to 2021-09-29T13:50:00+00:00
[2021-09-29 14:05:50,229] {processor.py:170} INFO - Processing /opt/airflow/dags/homework_1_dag.py took 0.102 seconds
[2021-09-29 14:05:57,411] {processor.py:162} INFO - Started process (PID=1955) to work on /opt/airflow/dags/homework_1_dag.py
[2021-09-29 14:05:57,414] {processor.py:613} INFO - Processing file /opt/airflow/dags/homework_1_dag.py for tasks to queue
[2021-09-29 14:05:57,417] {logging_mixin.py:109} INFO - [2021-09-29 14:05:57,416] {dagbag.py:496} INFO - Filling up the DagBag from /opt/airflow/dags/homework_1_dag.py
[2021-09-29 14:05:57,455] {processor.py:623} INFO - DAG(s) dict_keys(['homework_1_dag']) retrieved from /opt/airflow/dags/homework_1_dag.py
[2021-09-29 14:05:57,478] {logging_mixin.py:109} INFO - [2021-09-29 14:05:57,477] {dag.py:1834} INFO - Sync 1 DAGs
[2021-09-29 14:05:57,506] {logging_mixin.py:109} INFO - [2021-09-29 14:05:57,506] {dag.py:2287} INFO - Setting next_dagrun for homework_1_dag to 2021-09-29T13:50:00+00:00
[2021-09-29 14:05:57,525] {processor.py:170} INFO - Processing /opt/airflow/dags/homework_1_dag.py took 0.119 seconds
[2021-09-29 14:05:57,844] {processor.py:162} INFO - Started process (PID=1968) to work on /opt/airflow/dags/homework_1_dag.py
[2021-09-29 14:05:57,847] {processor.py:613} INFO - Processing file /opt/airflow/dags/homework_1_dag.py for tasks to queue
[2021-09-29 14:05:57,849] {logging_mixin.py:109} INFO - [2021-09-29 14:05:57,849] {dagbag.py:496} INFO - Filling up the DagBag from /opt/airflow/dags/homework_1_dag.py
[2021-09-29 14:05:57,905] {processor.py:623} INFO - DAG(s) dict_keys(['homework_1_dag']) retrieved from /opt/airflow/dags/homework_1_dag.py
[2021-09-29 14:05:57,937] {logging_mixin.py:109} INFO - [2021-09-29 14:05:57,937] {dag.py:1834} INFO - Sync 1 DAGs
[2021-09-29 14:05:57,975] {logging_mixin.py:109} INFO - [2021-09-29 14:05:57,975] {dag.py:2287} INFO - Setting next_dagrun for homework_1_dag to 2021-09-29T13:50:00+00:00
[2021-09-29 14:05:57,992] {processor.py:170} INFO - Processing /opt/airflow/dags/homework_1_dag.py took 0.154 seconds
[2021-09-29 14:06:28,187] {processor.py:162} INFO - Started process (PID=2152) to work on /opt/airflow/dags/homework_1_dag.py
[2021-09-29 14:06:28,190] {processor.py:613} INFO - Processing file /opt/airflow/dags/homework_1_dag.py for tasks to queue
[2021-09-29 14:06:28,192] {logging_mixin.py:109} INFO - [2021-09-29 14:06:28,191] {dagbag.py:496} INFO - Filling up the DagBag from /opt/airflow/dags/homework_1_dag.py
[2021-09-29 14:06:28,216] {processor.py:623} INFO - DAG(s) dict_keys(['homework_1_dag']) retrieved from /opt/airflow/dags/homework_1_dag.py
[2021-09-29 14:06:28,455] {logging_mixin.py:109} INFO - [2021-09-29 14:06:28,455] {dag.py:1834} INFO - Sync 1 DAGs
[2021-09-29 14:06:28,478] {logging_mixin.py:109} INFO - [2021-09-29 14:06:28,478] {dag.py:2287} INFO - Setting next_dagrun for homework_1_dag to 2021-09-29T13:50:00+00:00
[2021-09-29 14:06:28,495] {processor.py:170} INFO - Processing /opt/airflow/dags/homework_1_dag.py took 0.312 seconds
[2021-09-29 14:06:58,747] {processor.py:162} INFO - Started process (PID=2351) to work on /opt/airflow/dags/homework_1_dag.py
[2021-09-29 14:06:58,750] {processor.py:613} INFO - Processing file /opt/airflow/dags/homework_1_dag.py for tasks to queue
[2021-09-29 14:06:58,751] {logging_mixin.py:109} INFO - [2021-09-29 14:06:58,751] {dagbag.py:496} INFO - Filling up the DagBag from /opt/airflow/dags/homework_1_dag.py
[2021-09-29 14:06:58,778] {processor.py:623} INFO - DAG(s) dict_keys(['homework_1_dag']) retrieved from /opt/airflow/dags/homework_1_dag.py
[2021-09-29 14:06:58,808] {logging_mixin.py:109} INFO - [2021-09-29 14:06:58,808] {dag.py:1834} INFO - Sync 1 DAGs
[2021-09-29 14:06:58,833] {logging_mixin.py:109} INFO - [2021-09-29 14:06:58,833] {dag.py:2287} INFO - Setting next_dagrun for homework_1_dag to 2021-09-29T13:50:00+00:00
[2021-09-29 14:06:58,846] {processor.py:170} INFO - Processing /opt/airflow/dags/homework_1_dag.py took 0.104 seconds
[2021-09-29 14:07:02,521] {processor.py:162} INFO - Started process (PID=2421) to work on /opt/airflow/dags/homework_1_dag.py
[2021-09-29 14:07:02,524] {processor.py:613} INFO - Processing file /opt/airflow/dags/homework_1_dag.py for tasks to queue
[2021-09-29 14:07:02,526] {logging_mixin.py:109} INFO - [2021-09-29 14:07:02,526] {dagbag.py:496} INFO - Filling up the DagBag from /opt/airflow/dags/homework_1_dag.py
[2021-09-29 14:07:02,561] {processor.py:623} INFO - DAG(s) dict_keys(['homework_1_dag']) retrieved from /opt/airflow/dags/homework_1_dag.py
[2021-09-29 14:07:02,786] {logging_mixin.py:109} INFO - [2021-09-29 14:07:02,785] {dag.py:1834} INFO - Sync 1 DAGs
[2021-09-29 14:07:02,815] {logging_mixin.py:109} INFO - [2021-09-29 14:07:02,815] {dag.py:2287} INFO - Setting next_dagrun for homework_1_dag to 2021-09-29T13:50:00+00:00
[2021-09-29 14:07:02,836] {processor.py:170} INFO - Processing /opt/airflow/dags/homework_1_dag.py took 0.320 seconds
[2021-09-29 14:07:06,549] {processor.py:162} INFO - Started process (PID=2486) to work on /opt/airflow/dags/homework_1_dag.py
[2021-09-29 14:07:06,551] {processor.py:613} INFO - Processing file /opt/airflow/dags/homework_1_dag.py for tasks to queue
[2021-09-29 14:07:06,553] {logging_mixin.py:109} INFO - [2021-09-29 14:07:06,553] {dagbag.py:496} INFO - Filling up the DagBag from /opt/airflow/dags/homework_1_dag.py
[2021-09-29 14:07:06,579] {processor.py:623} INFO - DAG(s) dict_keys(['homework_1_dag']) retrieved from /opt/airflow/dags/homework_1_dag.py
[2021-09-29 14:07:06,597] {logging_mixin.py:109} INFO - [2021-09-29 14:07:06,597] {dag.py:1834} INFO - Sync 1 DAGs
[2021-09-29 14:07:06,622] {logging_mixin.py:109} INFO - [2021-09-29 14:07:06,622] {dag.py:2287} INFO - Setting next_dagrun for homework_1_dag to 2021-09-29T13:50:00+00:00
[2021-09-29 14:07:06,634] {processor.py:170} INFO - Processing /opt/airflow/dags/homework_1_dag.py took 0.088 seconds
[2021-09-29 14:07:36,878] {processor.py:162} INFO - Started process (PID=2685) to work on /opt/airflow/dags/homework_1_dag.py
[2021-09-29 14:07:36,880] {processor.py:613} INFO - Processing file /opt/airflow/dags/homework_1_dag.py for tasks to queue
[2021-09-29 14:07:36,882] {logging_mixin.py:109} INFO - [2021-09-29 14:07:36,882] {dagbag.py:496} INFO - Filling up the DagBag from /opt/airflow/dags/homework_1_dag.py
[2021-09-29 14:07:36,909] {processor.py:623} INFO - DAG(s) dict_keys(['homework_1_dag']) retrieved from /opt/airflow/dags/homework_1_dag.py
[2021-09-29 14:07:37,092] {logging_mixin.py:109} INFO - [2021-09-29 14:07:37,092] {dag.py:1834} INFO - Sync 1 DAGs
[2021-09-29 14:07:37,108] {logging_mixin.py:109} INFO - [2021-09-29 14:07:37,108] {dag.py:2287} INFO - Setting next_dagrun for homework_1_dag to 2021-09-29T13:50:00+00:00
[2021-09-29 14:07:37,118] {processor.py:170} INFO - Processing /opt/airflow/dags/homework_1_dag.py took 0.245 seconds
[2021-09-29 14:08:03,395] {processor.py:162} INFO - Started process (PID=2813) to work on /opt/airflow/dags/homework_1_dag.py
[2021-09-29 14:08:03,397] {processor.py:613} INFO - Processing file /opt/airflow/dags/homework_1_dag.py for tasks to queue
[2021-09-29 14:08:03,399] {logging_mixin.py:109} INFO - [2021-09-29 14:08:03,399] {dagbag.py:496} INFO - Filling up the DagBag from /opt/airflow/dags/homework_1_dag.py
[2021-09-29 14:08:03,450] {processor.py:623} INFO - DAG(s) dict_keys(['homework_1_dag']) retrieved from /opt/airflow/dags/homework_1_dag.py
[2021-09-29 14:08:03,475] {logging_mixin.py:109} INFO - [2021-09-29 14:08:03,475] {dag.py:1834} INFO - Sync 1 DAGs
[2021-09-29 14:08:03,501] {logging_mixin.py:109} INFO - [2021-09-29 14:08:03,501] {dag.py:2287} INFO - Setting next_dagrun for homework_1_dag to 2021-09-29T13:50:00+00:00
[2021-09-29 14:08:03,518] {processor.py:170} INFO - Processing /opt/airflow/dags/homework_1_dag.py took 0.128 seconds
[2021-09-29 14:08:08,339] {processor.py:162} INFO - Started process (PID=2889) to work on /opt/airflow/dags/homework_1_dag.py
[2021-09-29 14:08:08,341] {processor.py:613} INFO - Processing file /opt/airflow/dags/homework_1_dag.py for tasks to queue
[2021-09-29 14:08:08,342] {logging_mixin.py:109} INFO - [2021-09-29 14:08:08,342] {dagbag.py:496} INFO - Filling up the DagBag from /opt/airflow/dags/homework_1_dag.py
[2021-09-29 14:08:08,366] {processor.py:623} INFO - DAG(s) dict_keys(['homework_1_dag']) retrieved from /opt/airflow/dags/homework_1_dag.py
[2021-09-29 14:08:08,537] {logging_mixin.py:109} INFO - [2021-09-29 14:08:08,537] {dag.py:1834} INFO - Sync 1 DAGs
[2021-09-29 14:08:08,552] {logging_mixin.py:109} INFO - [2021-09-29 14:08:08,552] {dag.py:2287} INFO - Setting next_dagrun for homework_1_dag to 2021-09-29T13:50:00+00:00
[2021-09-29 14:08:08,566] {processor.py:170} INFO - Processing /opt/airflow/dags/homework_1_dag.py took 0.230 seconds
[2021-09-29 14:08:17,399] {processor.py:162} INFO - Started process (PID=2906) to work on /opt/airflow/dags/homework_1_dag.py
[2021-09-29 14:08:17,401] {processor.py:613} INFO - Processing file /opt/airflow/dags/homework_1_dag.py for tasks to queue
[2021-09-29 14:08:17,403] {logging_mixin.py:109} INFO - [2021-09-29 14:08:17,402] {dagbag.py:496} INFO - Filling up the DagBag from /opt/airflow/dags/homework_1_dag.py
[2021-09-29 14:08:17,427] {processor.py:623} INFO - DAG(s) dict_keys(['homework_1_dag']) retrieved from /opt/airflow/dags/homework_1_dag.py
[2021-09-29 14:08:17,443] {logging_mixin.py:109} INFO - [2021-09-29 14:08:17,443] {dag.py:1834} INFO - Sync 1 DAGs
[2021-09-29 14:08:17,463] {logging_mixin.py:109} INFO - [2021-09-29 14:08:17,462] {dag.py:2287} INFO - Setting next_dagrun for homework_1_dag to 2021-09-29T13:50:00+00:00
[2021-09-29 14:08:17,478] {processor.py:170} INFO - Processing /opt/airflow/dags/homework_1_dag.py took 0.082 seconds
[2021-09-29 14:08:47,734] {processor.py:162} INFO - Started process (PID=3093) to work on /opt/airflow/dags/homework_1_dag.py
[2021-09-29 14:08:47,736] {processor.py:613} INFO - Processing file /opt/airflow/dags/homework_1_dag.py for tasks to queue
[2021-09-29 14:08:47,738] {logging_mixin.py:109} INFO - [2021-09-29 14:08:47,738] {dagbag.py:496} INFO - Filling up the DagBag from /opt/airflow/dags/homework_1_dag.py
[2021-09-29 14:08:47,760] {processor.py:623} INFO - DAG(s) dict_keys(['homework_1_dag']) retrieved from /opt/airflow/dags/homework_1_dag.py
[2021-09-29 14:08:47,932] {logging_mixin.py:109} INFO - [2021-09-29 14:08:47,932] {dag.py:1834} INFO - Sync 1 DAGs
[2021-09-29 14:08:47,955] {logging_mixin.py:109} INFO - [2021-09-29 14:08:47,955] {dag.py:2287} INFO - Setting next_dagrun for homework_1_dag to 2021-09-29T13:50:00+00:00
[2021-09-29 14:08:47,965] {processor.py:170} INFO - Processing /opt/airflow/dags/homework_1_dag.py took 0.235 seconds
[2021-09-29 14:09:18,052] {processor.py:162} INFO - Started process (PID=3290) to work on /opt/airflow/dags/homework_1_dag.py
[2021-09-29 14:09:18,054] {processor.py:613} INFO - Processing file /opt/airflow/dags/homework_1_dag.py for tasks to queue
[2021-09-29 14:09:18,055] {logging_mixin.py:109} INFO - [2021-09-29 14:09:18,055] {dagbag.py:496} INFO - Filling up the DagBag from /opt/airflow/dags/homework_1_dag.py
[2021-09-29 14:09:18,079] {processor.py:623} INFO - DAG(s) dict_keys(['homework_1_dag']) retrieved from /opt/airflow/dags/homework_1_dag.py
[2021-09-29 14:09:18,100] {logging_mixin.py:109} INFO - [2021-09-29 14:09:18,100] {dag.py:1834} INFO - Sync 1 DAGs
[2021-09-29 14:09:18,118] {logging_mixin.py:109} INFO - [2021-09-29 14:09:18,118] {dag.py:2287} INFO - Setting next_dagrun for homework_1_dag to 2021-09-29T13:50:00+00:00
[2021-09-29 14:09:18,129] {processor.py:170} INFO - Processing /opt/airflow/dags/homework_1_dag.py took 0.081 seconds
[2021-09-29 14:09:30,593] {processor.py:162} INFO - Started process (PID=3336) to work on /opt/airflow/dags/homework_1_dag.py
[2021-09-29 14:09:30,596] {processor.py:613} INFO - Processing file /opt/airflow/dags/homework_1_dag.py for tasks to queue
[2021-09-29 14:09:30,597] {logging_mixin.py:109} INFO - [2021-09-29 14:09:30,597] {dagbag.py:496} INFO - Filling up the DagBag from /opt/airflow/dags/homework_1_dag.py
[2021-09-29 14:09:30,621] {processor.py:623} INFO - DAG(s) dict_keys(['homework_1_dag']) retrieved from /opt/airflow/dags/homework_1_dag.py
[2021-09-29 14:09:30,645] {logging_mixin.py:109} INFO - [2021-09-29 14:09:30,645] {dag.py:1834} INFO - Sync 1 DAGs
[2021-09-29 14:09:30,665] {logging_mixin.py:109} INFO - [2021-09-29 14:09:30,665] {dag.py:2287} INFO - Setting next_dagrun for homework_1_dag to 2021-09-29T13:50:00+00:00
[2021-09-29 14:09:30,680] {processor.py:170} INFO - Processing /opt/airflow/dags/homework_1_dag.py took 0.090 seconds
[2021-09-29 14:09:32,721] {processor.py:162} INFO - Started process (PID=3351) to work on /opt/airflow/dags/homework_1_dag.py
[2021-09-29 14:09:32,723] {processor.py:613} INFO - Processing file /opt/airflow/dags/homework_1_dag.py for tasks to queue
[2021-09-29 14:09:32,724] {logging_mixin.py:109} INFO - [2021-09-29 14:09:32,724] {dagbag.py:496} INFO - Filling up the DagBag from /opt/airflow/dags/homework_1_dag.py
[2021-09-29 14:09:32,759] {processor.py:623} INFO - DAG(s) dict_keys(['homework_1_dag']) retrieved from /opt/airflow/dags/homework_1_dag.py
[2021-09-29 14:09:32,790] {logging_mixin.py:109} INFO - [2021-09-29 14:09:32,790] {dag.py:1834} INFO - Sync 1 DAGs
[2021-09-29 14:09:32,817] {logging_mixin.py:109} INFO - [2021-09-29 14:09:32,816] {dag.py:2287} INFO - Setting next_dagrun for homework_1_dag to 2021-09-29T13:50:00+00:00
[2021-09-29 14:09:32,832] {processor.py:170} INFO - Processing /opt/airflow/dags/homework_1_dag.py took 0.115 seconds
[2021-09-29 14:10:03,090] {processor.py:162} INFO - Started process (PID=3554) to work on /opt/airflow/dags/homework_1_dag.py
[2021-09-29 14:10:03,092] {processor.py:613} INFO - Processing file /opt/airflow/dags/homework_1_dag.py for tasks to queue
[2021-09-29 14:10:03,094] {logging_mixin.py:109} INFO - [2021-09-29 14:10:03,094] {dagbag.py:496} INFO - Filling up the DagBag from /opt/airflow/dags/homework_1_dag.py
[2021-09-29 14:10:03,121] {processor.py:623} INFO - DAG(s) dict_keys(['homework_1_dag']) retrieved from /opt/airflow/dags/homework_1_dag.py
[2021-09-29 14:10:03,160] {logging_mixin.py:109} INFO - [2021-09-29 14:10:03,160] {dag.py:1834} INFO - Sync 1 DAGs
[2021-09-29 14:10:03,187] {logging_mixin.py:109} INFO - [2021-09-29 14:10:03,186] {dag.py:2287} INFO - Setting next_dagrun for homework_1_dag to 2021-09-29T14:00:00+00:00
[2021-09-29 14:10:03,201] {processor.py:170} INFO - Processing /opt/airflow/dags/homework_1_dag.py took 0.118 seconds
[2021-09-29 14:10:33,339] {processor.py:162} INFO - Started process (PID=3739) to work on /opt/airflow/dags/homework_1_dag.py
[2021-09-29 14:10:33,341] {processor.py:613} INFO - Processing file /opt/airflow/dags/homework_1_dag.py for tasks to queue
[2021-09-29 14:10:33,342] {logging_mixin.py:109} INFO - [2021-09-29 14:10:33,342] {dagbag.py:496} INFO - Filling up the DagBag from /opt/airflow/dags/homework_1_dag.py
[2021-09-29 14:10:33,364] {processor.py:623} INFO - DAG(s) dict_keys(['homework_1_dag']) retrieved from /opt/airflow/dags/homework_1_dag.py
[2021-09-29 14:10:33,390] {logging_mixin.py:109} INFO - [2021-09-29 14:10:33,390] {dag.py:1834} INFO - Sync 1 DAGs
[2021-09-29 14:10:33,412] {logging_mixin.py:109} INFO - [2021-09-29 14:10:33,412] {dag.py:2287} INFO - Setting next_dagrun for homework_1_dag to 2021-09-29T14:00:00+00:00
[2021-09-29 14:10:33,424] {processor.py:170} INFO - Processing /opt/airflow/dags/homework_1_dag.py took 0.089 seconds
[2021-09-29 14:11:03,711] {processor.py:162} INFO - Started process (PID=3935) to work on /opt/airflow/dags/homework_1_dag.py
[2021-09-29 14:11:03,714] {processor.py:613} INFO - Processing file /opt/airflow/dags/homework_1_dag.py for tasks to queue
[2021-09-29 14:11:03,716] {logging_mixin.py:109} INFO - [2021-09-29 14:11:03,716] {dagbag.py:496} INFO - Filling up the DagBag from /opt/airflow/dags/homework_1_dag.py
[2021-09-29 14:11:03,741] {processor.py:623} INFO - DAG(s) dict_keys(['homework_1_dag']) retrieved from /opt/airflow/dags/homework_1_dag.py
[2021-09-29 14:11:03,773] {logging_mixin.py:109} INFO - [2021-09-29 14:11:03,773] {dag.py:1834} INFO - Sync 1 DAGs
[2021-09-29 14:11:03,801] {logging_mixin.py:109} INFO - [2021-09-29 14:11:03,801] {dag.py:2287} INFO - Setting next_dagrun for homework_1_dag to 2021-09-29T14:00:00+00:00
[2021-09-29 14:11:03,815] {processor.py:170} INFO - Processing /opt/airflow/dags/homework_1_dag.py took 0.108 seconds
[2021-09-29 14:11:34,350] {processor.py:162} INFO - Started process (PID=4120) to work on /opt/airflow/dags/homework_1_dag.py
[2021-09-29 14:11:34,352] {processor.py:613} INFO - Processing file /opt/airflow/dags/homework_1_dag.py for tasks to queue
[2021-09-29 14:11:34,353] {logging_mixin.py:109} INFO - [2021-09-29 14:11:34,353] {dagbag.py:496} INFO - Filling up the DagBag from /opt/airflow/dags/homework_1_dag.py
[2021-09-29 14:11:34,375] {processor.py:623} INFO - DAG(s) dict_keys(['homework_1_dag']) retrieved from /opt/airflow/dags/homework_1_dag.py
[2021-09-29 14:11:34,406] {logging_mixin.py:109} INFO - [2021-09-29 14:11:34,406] {dag.py:1834} INFO - Sync 1 DAGs
[2021-09-29 14:11:34,433] {logging_mixin.py:109} INFO - [2021-09-29 14:11:34,432] {dag.py:2287} INFO - Setting next_dagrun for homework_1_dag to 2021-09-29T14:00:00+00:00
[2021-09-29 14:11:34,446] {processor.py:170} INFO - Processing /opt/airflow/dags/homework_1_dag.py took 0.101 seconds
[2021-09-29 14:12:04,734] {processor.py:162} INFO - Started process (PID=4328) to work on /opt/airflow/dags/homework_1_dag.py
[2021-09-29 14:12:04,735] {processor.py:613} INFO - Processing file /opt/airflow/dags/homework_1_dag.py for tasks to queue
[2021-09-29 14:12:04,737] {logging_mixin.py:109} INFO - [2021-09-29 14:12:04,737] {dagbag.py:496} INFO - Filling up the DagBag from /opt/airflow/dags/homework_1_dag.py
[2021-09-29 14:12:04,755] {processor.py:623} INFO - DAG(s) dict_keys(['homework_1_dag']) retrieved from /opt/airflow/dags/homework_1_dag.py
[2021-09-29 14:12:04,777] {logging_mixin.py:109} INFO - [2021-09-29 14:12:04,777] {dag.py:1834} INFO - Sync 1 DAGs
[2021-09-29 14:12:04,808] {logging_mixin.py:109} INFO - [2021-09-29 14:12:04,807] {dag.py:2287} INFO - Setting next_dagrun for homework_1_dag to 2021-09-29T14:00:00+00:00
[2021-09-29 14:12:04,818] {processor.py:170} INFO - Processing /opt/airflow/dags/homework_1_dag.py took 0.088 seconds
[2021-09-29 14:12:35,398] {processor.py:162} INFO - Started process (PID=4535) to work on /opt/airflow/dags/homework_1_dag.py
[2021-09-29 14:12:35,400] {processor.py:613} INFO - Processing file /opt/airflow/dags/homework_1_dag.py for tasks to queue
[2021-09-29 14:12:35,401] {logging_mixin.py:109} INFO - [2021-09-29 14:12:35,401] {dagbag.py:496} INFO - Filling up the DagBag from /opt/airflow/dags/homework_1_dag.py
[2021-09-29 14:12:35,429] {processor.py:623} INFO - DAG(s) dict_keys(['homework_1_dag']) retrieved from /opt/airflow/dags/homework_1_dag.py
[2021-09-29 14:12:35,454] {logging_mixin.py:109} INFO - [2021-09-29 14:12:35,454] {dag.py:1834} INFO - Sync 1 DAGs
[2021-09-29 14:12:35,475] {logging_mixin.py:109} INFO - [2021-09-29 14:12:35,475] {dag.py:2287} INFO - Setting next_dagrun for homework_1_dag to 2021-09-29T14:00:00+00:00
[2021-09-29 14:12:35,487] {processor.py:170} INFO - Processing /opt/airflow/dags/homework_1_dag.py took 0.094 seconds
[2021-09-29 14:13:05,716] {processor.py:162} INFO - Started process (PID=4727) to work on /opt/airflow/dags/homework_1_dag.py
[2021-09-29 14:13:05,718] {processor.py:613} INFO - Processing file /opt/airflow/dags/homework_1_dag.py for tasks to queue
[2021-09-29 14:13:05,720] {logging_mixin.py:109} INFO - [2021-09-29 14:13:05,719] {dagbag.py:496} INFO - Filling up the DagBag from /opt/airflow/dags/homework_1_dag.py
[2021-09-29 14:13:05,742] {processor.py:623} INFO - DAG(s) dict_keys(['homework_1_dag']) retrieved from /opt/airflow/dags/homework_1_dag.py
[2021-09-29 14:13:05,771] {logging_mixin.py:109} INFO - [2021-09-29 14:13:05,771] {dag.py:1834} INFO - Sync 1 DAGs
[2021-09-29 14:13:05,796] {logging_mixin.py:109} INFO - [2021-09-29 14:13:05,796] {dag.py:2287} INFO - Setting next_dagrun for homework_1_dag to 2021-09-29T14:00:00+00:00
[2021-09-29 14:13:05,809] {processor.py:170} INFO - Processing /opt/airflow/dags/homework_1_dag.py took 0.099 seconds
[2021-09-29 14:13:36,142] {processor.py:162} INFO - Started process (PID=4928) to work on /opt/airflow/dags/homework_1_dag.py
[2021-09-29 14:13:36,144] {processor.py:613} INFO - Processing file /opt/airflow/dags/homework_1_dag.py for tasks to queue
[2021-09-29 14:13:36,146] {logging_mixin.py:109} INFO - [2021-09-29 14:13:36,145] {dagbag.py:496} INFO - Filling up the DagBag from /opt/airflow/dags/homework_1_dag.py
[2021-09-29 14:13:36,167] {processor.py:623} INFO - DAG(s) dict_keys(['homework_1_dag']) retrieved from /opt/airflow/dags/homework_1_dag.py
[2021-09-29 14:13:36,191] {logging_mixin.py:109} INFO - [2021-09-29 14:13:36,191] {dag.py:1834} INFO - Sync 1 DAGs
[2021-09-29 14:13:36,211] {logging_mixin.py:109} INFO - [2021-09-29 14:13:36,211] {dag.py:2287} INFO - Setting next_dagrun for homework_1_dag to 2021-09-29T14:00:00+00:00
[2021-09-29 14:13:36,225] {processor.py:170} INFO - Processing /opt/airflow/dags/homework_1_dag.py took 0.087 seconds
[2021-09-29 14:14:06,735] {processor.py:162} INFO - Started process (PID=5155) to work on /opt/airflow/dags/homework_1_dag.py
[2021-09-29 14:14:06,737] {processor.py:613} INFO - Processing file /opt/airflow/dags/homework_1_dag.py for tasks to queue
[2021-09-29 14:14:06,739] {logging_mixin.py:109} INFO - [2021-09-29 14:14:06,738] {dagbag.py:496} INFO - Filling up the DagBag from /opt/airflow/dags/homework_1_dag.py
[2021-09-29 14:14:06,755] {processor.py:623} INFO - DAG(s) dict_keys(['homework_1_dag']) retrieved from /opt/airflow/dags/homework_1_dag.py
[2021-09-29 14:14:06,782] {logging_mixin.py:109} INFO - [2021-09-29 14:14:06,782] {dag.py:1834} INFO - Sync 1 DAGs
[2021-09-29 14:14:06,814] {logging_mixin.py:109} INFO - [2021-09-29 14:14:06,814] {dag.py:2287} INFO - Setting next_dagrun for homework_1_dag to 2021-09-29T14:00:00+00:00
[2021-09-29 14:14:06,826] {processor.py:170} INFO - Processing /opt/airflow/dags/homework_1_dag.py took 0.095 seconds
[2021-09-29 14:14:36,933] {processor.py:162} INFO - Started process (PID=5348) to work on /opt/airflow/dags/homework_1_dag.py
[2021-09-29 14:14:36,935] {processor.py:613} INFO - Processing file /opt/airflow/dags/homework_1_dag.py for tasks to queue
[2021-09-29 14:14:36,937] {logging_mixin.py:109} INFO - [2021-09-29 14:14:36,937] {dagbag.py:496} INFO - Filling up the DagBag from /opt/airflow/dags/homework_1_dag.py
[2021-09-29 14:14:36,958] {processor.py:623} INFO - DAG(s) dict_keys(['homework_1_dag']) retrieved from /opt/airflow/dags/homework_1_dag.py
[2021-09-29 14:14:36,985] {logging_mixin.py:109} INFO - [2021-09-29 14:14:36,985] {dag.py:1834} INFO - Sync 1 DAGs
[2021-09-29 14:14:37,008] {logging_mixin.py:109} INFO - [2021-09-29 14:14:37,008] {dag.py:2287} INFO - Setting next_dagrun for homework_1_dag to 2021-09-29T14:00:00+00:00
[2021-09-29 14:14:37,020] {processor.py:170} INFO - Processing /opt/airflow/dags/homework_1_dag.py took 0.091 seconds
[2021-09-29 14:15:07,467] {processor.py:162} INFO - Started process (PID=5552) to work on /opt/airflow/dags/homework_1_dag.py
[2021-09-29 14:15:07,471] {processor.py:613} INFO - Processing file /opt/airflow/dags/homework_1_dag.py for tasks to queue
[2021-09-29 14:15:07,473] {logging_mixin.py:109} INFO - [2021-09-29 14:15:07,473] {dagbag.py:496} INFO - Filling up the DagBag from /opt/airflow/dags/homework_1_dag.py
[2021-09-29 14:15:07,500] {processor.py:623} INFO - DAG(s) dict_keys(['homework_1_dag']) retrieved from /opt/airflow/dags/homework_1_dag.py
[2021-09-29 14:15:07,531] {logging_mixin.py:109} INFO - [2021-09-29 14:15:07,531] {dag.py:1834} INFO - Sync 1 DAGs
[2021-09-29 14:15:07,557] {logging_mixin.py:109} INFO - [2021-09-29 14:15:07,557] {dag.py:2287} INFO - Setting next_dagrun for homework_1_dag to 2021-09-29T14:00:00+00:00
[2021-09-29 14:15:07,569] {processor.py:170} INFO - Processing /opt/airflow/dags/homework_1_dag.py took 0.106 seconds
[2021-09-29 14:15:37,855] {processor.py:162} INFO - Started process (PID=5757) to work on /opt/airflow/dags/homework_1_dag.py
[2021-09-29 14:15:37,858] {processor.py:613} INFO - Processing file /opt/airflow/dags/homework_1_dag.py for tasks to queue
[2021-09-29 14:15:37,860] {logging_mixin.py:109} INFO - [2021-09-29 14:15:37,860] {dagbag.py:496} INFO - Filling up the DagBag from /opt/airflow/dags/homework_1_dag.py
[2021-09-29 14:15:37,881] {processor.py:623} INFO - DAG(s) dict_keys(['homework_1_dag']) retrieved from /opt/airflow/dags/homework_1_dag.py
[2021-09-29 14:15:37,911] {logging_mixin.py:109} INFO - [2021-09-29 14:15:37,911] {dag.py:1834} INFO - Sync 1 DAGs
[2021-09-29 14:15:37,935] {logging_mixin.py:109} INFO - [2021-09-29 14:15:37,934] {dag.py:2287} INFO - Setting next_dagrun for homework_1_dag to 2021-09-29T14:00:00+00:00
[2021-09-29 14:15:37,947] {processor.py:170} INFO - Processing /opt/airflow/dags/homework_1_dag.py took 0.096 seconds
[2021-09-29 14:16:08,269] {processor.py:162} INFO - Started process (PID=5961) to work on /opt/airflow/dags/homework_1_dag.py
[2021-09-29 14:16:08,271] {processor.py:613} INFO - Processing file /opt/airflow/dags/homework_1_dag.py for tasks to queue
[2021-09-29 14:16:08,273] {logging_mixin.py:109} INFO - [2021-09-29 14:16:08,273] {dagbag.py:496} INFO - Filling up the DagBag from /opt/airflow/dags/homework_1_dag.py
[2021-09-29 14:16:08,295] {processor.py:623} INFO - DAG(s) dict_keys(['homework_1_dag']) retrieved from /opt/airflow/dags/homework_1_dag.py
[2021-09-29 14:16:08,322] {logging_mixin.py:109} INFO - [2021-09-29 14:16:08,321] {dag.py:1834} INFO - Sync 1 DAGs
[2021-09-29 14:16:08,344] {logging_mixin.py:109} INFO - [2021-09-29 14:16:08,344] {dag.py:2287} INFO - Setting next_dagrun for homework_1_dag to 2021-09-29T14:00:00+00:00
[2021-09-29 14:16:08,356] {processor.py:170} INFO - Processing /opt/airflow/dags/homework_1_dag.py took 0.090 seconds
[2021-09-29 14:16:38,669] {processor.py:162} INFO - Started process (PID=6164) to work on /opt/airflow/dags/homework_1_dag.py
[2021-09-29 14:16:38,673] {processor.py:613} INFO - Processing file /opt/airflow/dags/homework_1_dag.py for tasks to queue
[2021-09-29 14:16:38,675] {logging_mixin.py:109} INFO - [2021-09-29 14:16:38,675] {dagbag.py:496} INFO - Filling up the DagBag from /opt/airflow/dags/homework_1_dag.py
[2021-09-29 14:16:38,699] {processor.py:623} INFO - DAG(s) dict_keys(['homework_1_dag']) retrieved from /opt/airflow/dags/homework_1_dag.py
[2021-09-29 14:16:38,725] {logging_mixin.py:109} INFO - [2021-09-29 14:16:38,725] {dag.py:1834} INFO - Sync 1 DAGs
[2021-09-29 14:16:38,749] {logging_mixin.py:109} INFO - [2021-09-29 14:16:38,749] {dag.py:2287} INFO - Setting next_dagrun for homework_1_dag to 2021-09-29T14:00:00+00:00
[2021-09-29 14:16:38,761] {processor.py:170} INFO - Processing /opt/airflow/dags/homework_1_dag.py took 0.096 seconds
[2021-09-29 14:17:09,149] {processor.py:162} INFO - Started process (PID=6357) to work on /opt/airflow/dags/homework_1_dag.py
[2021-09-29 14:17:09,152] {processor.py:613} INFO - Processing file /opt/airflow/dags/homework_1_dag.py for tasks to queue
[2021-09-29 14:17:09,154] {logging_mixin.py:109} INFO - [2021-09-29 14:17:09,154] {dagbag.py:496} INFO - Filling up the DagBag from /opt/airflow/dags/homework_1_dag.py
[2021-09-29 14:17:09,178] {processor.py:623} INFO - DAG(s) dict_keys(['homework_1_dag']) retrieved from /opt/airflow/dags/homework_1_dag.py
[2021-09-29 14:17:09,209] {logging_mixin.py:109} INFO - [2021-09-29 14:17:09,208] {dag.py:1834} INFO - Sync 1 DAGs
[2021-09-29 14:17:09,238] {logging_mixin.py:109} INFO - [2021-09-29 14:17:09,238] {dag.py:2287} INFO - Setting next_dagrun for homework_1_dag to 2021-09-29T14:00:00+00:00
[2021-09-29 14:17:09,252] {processor.py:170} INFO - Processing /opt/airflow/dags/homework_1_dag.py took 0.108 seconds
[2021-09-29 14:17:39,671] {processor.py:162} INFO - Started process (PID=6561) to work on /opt/airflow/dags/homework_1_dag.py
[2021-09-29 14:17:39,674] {processor.py:613} INFO - Processing file /opt/airflow/dags/homework_1_dag.py for tasks to queue
[2021-09-29 14:17:39,676] {logging_mixin.py:109} INFO - [2021-09-29 14:17:39,675] {dagbag.py:496} INFO - Filling up the DagBag from /opt/airflow/dags/homework_1_dag.py
[2021-09-29 14:17:39,703] {processor.py:623} INFO - DAG(s) dict_keys(['homework_1_dag']) retrieved from /opt/airflow/dags/homework_1_dag.py
[2021-09-29 14:17:39,743] {logging_mixin.py:109} INFO - [2021-09-29 14:17:39,743] {dag.py:1834} INFO - Sync 1 DAGs
[2021-09-29 14:17:39,769] {logging_mixin.py:109} INFO - [2021-09-29 14:17:39,769] {dag.py:2287} INFO - Setting next_dagrun for homework_1_dag to 2021-09-29T14:00:00+00:00
[2021-09-29 14:17:39,784] {processor.py:170} INFO - Processing /opt/airflow/dags/homework_1_dag.py took 0.117 seconds
[2021-09-29 14:18:09,829] {processor.py:162} INFO - Started process (PID=6765) to work on /opt/airflow/dags/homework_1_dag.py
[2021-09-29 14:18:09,832] {processor.py:613} INFO - Processing file /opt/airflow/dags/homework_1_dag.py for tasks to queue
[2021-09-29 14:18:09,834] {logging_mixin.py:109} INFO - [2021-09-29 14:18:09,834] {dagbag.py:496} INFO - Filling up the DagBag from /opt/airflow/dags/homework_1_dag.py
[2021-09-29 14:18:09,857] {processor.py:623} INFO - DAG(s) dict_keys(['homework_1_dag']) retrieved from /opt/airflow/dags/homework_1_dag.py
[2021-09-29 14:18:09,883] {logging_mixin.py:109} INFO - [2021-09-29 14:18:09,883] {dag.py:1834} INFO - Sync 1 DAGs
[2021-09-29 14:18:09,908] {logging_mixin.py:109} INFO - [2021-09-29 14:18:09,908] {dag.py:2287} INFO - Setting next_dagrun for homework_1_dag to 2021-09-29T14:00:00+00:00
[2021-09-29 14:18:09,921] {processor.py:170} INFO - Processing /opt/airflow/dags/homework_1_dag.py took 0.095 seconds
[2021-09-29 14:18:40,380] {processor.py:162} INFO - Started process (PID=6959) to work on /opt/airflow/dags/homework_1_dag.py
[2021-09-29 14:18:40,383] {processor.py:613} INFO - Processing file /opt/airflow/dags/homework_1_dag.py for tasks to queue
[2021-09-29 14:18:40,385] {logging_mixin.py:109} INFO - [2021-09-29 14:18:40,385] {dagbag.py:496} INFO - Filling up the DagBag from /opt/airflow/dags/homework_1_dag.py
[2021-09-29 14:18:40,409] {processor.py:623} INFO - DAG(s) dict_keys(['homework_1_dag']) retrieved from /opt/airflow/dags/homework_1_dag.py
[2021-09-29 14:18:40,436] {logging_mixin.py:109} INFO - [2021-09-29 14:18:40,436] {dag.py:1834} INFO - Sync 1 DAGs
[2021-09-29 14:18:40,459] {logging_mixin.py:109} INFO - [2021-09-29 14:18:40,459] {dag.py:2287} INFO - Setting next_dagrun for homework_1_dag to 2021-09-29T14:00:00+00:00
[2021-09-29 14:18:40,471] {processor.py:170} INFO - Processing /opt/airflow/dags/homework_1_dag.py took 0.095 seconds
[2021-09-29 14:19:10,601] {processor.py:162} INFO - Started process (PID=7163) to work on /opt/airflow/dags/homework_1_dag.py
[2021-09-29 14:19:10,603] {processor.py:613} INFO - Processing file /opt/airflow/dags/homework_1_dag.py for tasks to queue
[2021-09-29 14:19:10,604] {logging_mixin.py:109} INFO - [2021-09-29 14:19:10,604] {dagbag.py:496} INFO - Filling up the DagBag from /opt/airflow/dags/homework_1_dag.py
[2021-09-29 14:19:10,626] {processor.py:623} INFO - DAG(s) dict_keys(['homework_1_dag']) retrieved from /opt/airflow/dags/homework_1_dag.py
[2021-09-29 14:19:10,646] {logging_mixin.py:109} INFO - [2021-09-29 14:19:10,646] {dag.py:1834} INFO - Sync 1 DAGs
[2021-09-29 14:19:10,668] {logging_mixin.py:109} INFO - [2021-09-29 14:19:10,668] {dag.py:2287} INFO - Setting next_dagrun for homework_1_dag to 2021-09-29T14:00:00+00:00
[2021-09-29 14:19:10,678] {processor.py:170} INFO - Processing /opt/airflow/dags/homework_1_dag.py took 0.080 seconds
