[2021-09-29 14:01:43,548] {processor.py:162} INFO - Started process (PID=165) to work on /opt/airflow/dags/my_dag.py
[2021-09-29 14:01:43,551] {processor.py:613} INFO - Processing file /opt/airflow/dags/my_dag.py for tasks to queue
[2021-09-29 14:01:43,554] {logging_mixin.py:109} INFO - [2021-09-29 14:01:43,554] {dagbag.py:496} INFO - Filling up the DagBag from /opt/airflow/dags/my_dag.py
[2021-09-29 14:01:43,709] {processor.py:623} INFO - DAG(s) dict_keys(['my_dag']) retrieved from /opt/airflow/dags/my_dag.py
[2021-09-29 14:01:43,780] {logging_mixin.py:109} INFO - [2021-09-29 14:01:43,780] {dag.py:1834} INFO - Sync 1 DAGs
[2021-09-29 14:01:43,865] {logging_mixin.py:109} INFO - [2021-09-29 14:01:43,865] {dag.py:2287} INFO - Setting next_dagrun for my_dag to 2021-09-29T14:00:00+00:00
[2021-09-29 14:01:43,899] {processor.py:170} INFO - Processing /opt/airflow/dags/my_dag.py took 0.397 seconds
[2021-09-29 14:02:14,034] {processor.py:162} INFO - Started process (PID=403) to work on /opt/airflow/dags/my_dag.py
[2021-09-29 14:02:14,036] {processor.py:613} INFO - Processing file /opt/airflow/dags/my_dag.py for tasks to queue
[2021-09-29 14:02:14,039] {logging_mixin.py:109} INFO - [2021-09-29 14:02:14,039] {dagbag.py:496} INFO - Filling up the DagBag from /opt/airflow/dags/my_dag.py
[2021-09-29 14:02:14,115] {processor.py:623} INFO - DAG(s) dict_keys(['my_dag']) retrieved from /opt/airflow/dags/my_dag.py
[2021-09-29 14:02:14,166] {logging_mixin.py:109} INFO - [2021-09-29 14:02:14,166] {dag.py:1834} INFO - Sync 1 DAGs
[2021-09-29 14:02:14,203] {logging_mixin.py:109} INFO - [2021-09-29 14:02:14,203] {dag.py:2287} INFO - Setting next_dagrun for my_dag to 2021-09-29T14:00:00+00:00
[2021-09-29 14:02:14,221] {processor.py:170} INFO - Processing /opt/airflow/dags/my_dag.py took 0.192 seconds
[2021-09-29 14:02:44,826] {processor.py:162} INFO - Started process (PID=599) to work on /opt/airflow/dags/my_dag.py
[2021-09-29 14:02:44,830] {processor.py:613} INFO - Processing file /opt/airflow/dags/my_dag.py for tasks to queue
[2021-09-29 14:02:44,832] {logging_mixin.py:109} INFO - [2021-09-29 14:02:44,832] {dagbag.py:496} INFO - Filling up the DagBag from /opt/airflow/dags/my_dag.py
[2021-09-29 14:02:44,858] {processor.py:623} INFO - DAG(s) dict_keys(['my_dag']) retrieved from /opt/airflow/dags/my_dag.py
[2021-09-29 14:02:44,883] {logging_mixin.py:109} INFO - [2021-09-29 14:02:44,883] {dag.py:1834} INFO - Sync 1 DAGs
[2021-09-29 14:02:44,901] {logging_mixin.py:109} INFO - [2021-09-29 14:02:44,901] {dag.py:2287} INFO - Setting next_dagrun for my_dag to 2021-09-29T14:00:00+00:00
[2021-09-29 14:02:44,924] {processor.py:170} INFO - Processing /opt/airflow/dags/my_dag.py took 0.104 seconds
[2021-09-29 14:03:14,965] {processor.py:162} INFO - Started process (PID=791) to work on /opt/airflow/dags/my_dag.py
[2021-09-29 14:03:14,967] {processor.py:613} INFO - Processing file /opt/airflow/dags/my_dag.py for tasks to queue
[2021-09-29 14:03:14,969] {logging_mixin.py:109} INFO - [2021-09-29 14:03:14,968] {dagbag.py:496} INFO - Filling up the DagBag from /opt/airflow/dags/my_dag.py
[2021-09-29 14:03:14,999] {processor.py:623} INFO - DAG(s) dict_keys(['my_dag']) retrieved from /opt/airflow/dags/my_dag.py
[2021-09-29 14:03:15,026] {logging_mixin.py:109} INFO - [2021-09-29 14:03:15,026] {dag.py:1834} INFO - Sync 1 DAGs
[2021-09-29 14:03:15,053] {logging_mixin.py:109} INFO - [2021-09-29 14:03:15,053] {dag.py:2287} INFO - Setting next_dagrun for my_dag to 2021-09-29T14:00:00+00:00
[2021-09-29 14:03:15,064] {processor.py:170} INFO - Processing /opt/airflow/dags/my_dag.py took 0.106 seconds
[2021-09-29 14:03:45,868] {processor.py:162} INFO - Started process (PID=1040) to work on /opt/airflow/dags/my_dag.py
[2021-09-29 14:03:45,869] {processor.py:613} INFO - Processing file /opt/airflow/dags/my_dag.py for tasks to queue
[2021-09-29 14:03:45,871] {logging_mixin.py:109} INFO - [2021-09-29 14:03:45,871] {dagbag.py:496} INFO - Filling up the DagBag from /opt/airflow/dags/my_dag.py
[2021-09-29 14:03:45,890] {processor.py:623} INFO - DAG(s) dict_keys(['my_dag']) retrieved from /opt/airflow/dags/my_dag.py
[2021-09-29 14:03:45,910] {logging_mixin.py:109} INFO - [2021-09-29 14:03:45,910] {dag.py:1834} INFO - Sync 1 DAGs
[2021-09-29 14:03:45,926] {logging_mixin.py:109} INFO - [2021-09-29 14:03:45,926] {dag.py:2287} INFO - Setting next_dagrun for my_dag to 2021-09-29T14:00:00+00:00
[2021-09-29 14:03:45,935] {processor.py:170} INFO - Processing /opt/airflow/dags/my_dag.py took 0.071 seconds
[2021-09-29 14:04:16,378] {processor.py:162} INFO - Started process (PID=1262) to work on /opt/airflow/dags/my_dag.py
[2021-09-29 14:04:16,379] {processor.py:613} INFO - Processing file /opt/airflow/dags/my_dag.py for tasks to queue
[2021-09-29 14:04:16,381] {logging_mixin.py:109} INFO - [2021-09-29 14:04:16,381] {dagbag.py:496} INFO - Filling up the DagBag from /opt/airflow/dags/my_dag.py
[2021-09-29 14:04:16,406] {processor.py:623} INFO - DAG(s) dict_keys(['my_dag']) retrieved from /opt/airflow/dags/my_dag.py
[2021-09-29 14:04:16,432] {logging_mixin.py:109} INFO - [2021-09-29 14:04:16,431] {dag.py:1834} INFO - Sync 1 DAGs
[2021-09-29 14:04:16,450] {logging_mixin.py:109} INFO - [2021-09-29 14:04:16,450] {dag.py:2287} INFO - Setting next_dagrun for my_dag to 2021-09-29T14:00:00+00:00
[2021-09-29 14:04:16,459] {processor.py:170} INFO - Processing /opt/airflow/dags/my_dag.py took 0.086 seconds
[2021-09-29 14:04:46,933] {processor.py:162} INFO - Started process (PID=1464) to work on /opt/airflow/dags/my_dag.py
[2021-09-29 14:04:46,935] {processor.py:613} INFO - Processing file /opt/airflow/dags/my_dag.py for tasks to queue
[2021-09-29 14:04:46,938] {logging_mixin.py:109} INFO - [2021-09-29 14:04:46,937] {dagbag.py:496} INFO - Filling up the DagBag from /opt/airflow/dags/my_dag.py
[2021-09-29 14:04:46,969] {processor.py:623} INFO - DAG(s) dict_keys(['my_dag']) retrieved from /opt/airflow/dags/my_dag.py
[2021-09-29 14:04:46,998] {logging_mixin.py:109} INFO - [2021-09-29 14:04:46,998] {dag.py:1834} INFO - Sync 1 DAGs
[2021-09-29 14:04:47,022] {logging_mixin.py:109} INFO - [2021-09-29 14:04:47,022] {dag.py:2287} INFO - Setting next_dagrun for my_dag to 2021-09-29T14:00:00+00:00
[2021-09-29 14:04:47,035] {processor.py:170} INFO - Processing /opt/airflow/dags/my_dag.py took 0.106 seconds
[2021-09-29 14:05:17,566] {processor.py:162} INFO - Started process (PID=1678) to work on /opt/airflow/dags/my_dag.py
[2021-09-29 14:05:17,568] {processor.py:613} INFO - Processing file /opt/airflow/dags/my_dag.py for tasks to queue
[2021-09-29 14:05:17,569] {logging_mixin.py:109} INFO - [2021-09-29 14:05:17,569] {dagbag.py:496} INFO - Filling up the DagBag from /opt/airflow/dags/my_dag.py
[2021-09-29 14:05:17,588] {processor.py:623} INFO - DAG(s) dict_keys(['my_dag']) retrieved from /opt/airflow/dags/my_dag.py
[2021-09-29 14:05:17,609] {logging_mixin.py:109} INFO - [2021-09-29 14:05:17,609] {dag.py:1834} INFO - Sync 1 DAGs
[2021-09-29 14:05:17,626] {logging_mixin.py:109} INFO - [2021-09-29 14:05:17,626] {dag.py:2287} INFO - Setting next_dagrun for my_dag to 2021-09-29T14:00:00+00:00
[2021-09-29 14:05:17,635] {processor.py:170} INFO - Processing /opt/airflow/dags/my_dag.py took 0.073 seconds
[2021-09-29 14:05:48,044] {processor.py:162} INFO - Started process (PID=1911) to work on /opt/airflow/dags/my_dag.py
[2021-09-29 14:05:48,047] {processor.py:613} INFO - Processing file /opt/airflow/dags/my_dag.py for tasks to queue
[2021-09-29 14:05:48,048] {logging_mixin.py:109} INFO - [2021-09-29 14:05:48,048] {dagbag.py:496} INFO - Filling up the DagBag from /opt/airflow/dags/my_dag.py
[2021-09-29 14:05:48,079] {processor.py:623} INFO - DAG(s) dict_keys(['my_dag']) retrieved from /opt/airflow/dags/my_dag.py
[2021-09-29 14:05:48,105] {logging_mixin.py:109} INFO - [2021-09-29 14:05:48,105] {dag.py:1834} INFO - Sync 1 DAGs
[2021-09-29 14:05:48,128] {logging_mixin.py:109} INFO - [2021-09-29 14:05:48,128] {dag.py:2287} INFO - Setting next_dagrun for my_dag to 2021-09-29T14:00:00+00:00
[2021-09-29 14:05:48,140] {processor.py:170} INFO - Processing /opt/airflow/dags/my_dag.py took 0.100 seconds
[2021-09-29 14:06:18,571] {processor.py:162} INFO - Started process (PID=2107) to work on /opt/airflow/dags/my_dag.py
[2021-09-29 14:06:18,572] {processor.py:613} INFO - Processing file /opt/airflow/dags/my_dag.py for tasks to queue
[2021-09-29 14:06:18,573] {logging_mixin.py:109} INFO - [2021-09-29 14:06:18,573] {dagbag.py:496} INFO - Filling up the DagBag from /opt/airflow/dags/my_dag.py
[2021-09-29 14:06:18,592] {processor.py:623} INFO - DAG(s) dict_keys(['my_dag']) retrieved from /opt/airflow/dags/my_dag.py
[2021-09-29 14:06:18,611] {logging_mixin.py:109} INFO - [2021-09-29 14:06:18,611] {dag.py:1834} INFO - Sync 1 DAGs
[2021-09-29 14:06:18,627] {logging_mixin.py:109} INFO - [2021-09-29 14:06:18,627] {dag.py:2287} INFO - Setting next_dagrun for my_dag to 2021-09-29T14:00:00+00:00
[2021-09-29 14:06:18,637] {processor.py:170} INFO - Processing /opt/airflow/dags/my_dag.py took 0.069 seconds
[2021-09-29 14:06:49,113] {processor.py:162} INFO - Started process (PID=2304) to work on /opt/airflow/dags/my_dag.py
[2021-09-29 14:06:49,114] {processor.py:613} INFO - Processing file /opt/airflow/dags/my_dag.py for tasks to queue
[2021-09-29 14:06:49,116] {logging_mixin.py:109} INFO - [2021-09-29 14:06:49,116] {dagbag.py:496} INFO - Filling up the DagBag from /opt/airflow/dags/my_dag.py
[2021-09-29 14:06:49,140] {processor.py:623} INFO - DAG(s) dict_keys(['my_dag']) retrieved from /opt/airflow/dags/my_dag.py
[2021-09-29 14:06:49,166] {logging_mixin.py:109} INFO - [2021-09-29 14:06:49,165] {dag.py:1834} INFO - Sync 1 DAGs
[2021-09-29 14:06:49,183] {logging_mixin.py:109} INFO - [2021-09-29 14:06:49,183] {dag.py:2287} INFO - Setting next_dagrun for my_dag to 2021-09-29T14:00:00+00:00
[2021-09-29 14:06:49,193] {processor.py:170} INFO - Processing /opt/airflow/dags/my_dag.py took 0.084 seconds
[2021-09-29 14:07:19,624] {processor.py:162} INFO - Started process (PID=2513) to work on /opt/airflow/dags/my_dag.py
[2021-09-29 14:07:19,626] {processor.py:613} INFO - Processing file /opt/airflow/dags/my_dag.py for tasks to queue
[2021-09-29 14:07:19,627] {logging_mixin.py:109} INFO - [2021-09-29 14:07:19,626] {dagbag.py:496} INFO - Filling up the DagBag from /opt/airflow/dags/my_dag.py
[2021-09-29 14:07:19,648] {processor.py:623} INFO - DAG(s) dict_keys(['my_dag']) retrieved from /opt/airflow/dags/my_dag.py
[2021-09-29 14:07:19,674] {logging_mixin.py:109} INFO - [2021-09-29 14:07:19,674] {dag.py:1834} INFO - Sync 1 DAGs
[2021-09-29 14:07:19,694] {logging_mixin.py:109} INFO - [2021-09-29 14:07:19,694] {dag.py:2287} INFO - Setting next_dagrun for my_dag to 2021-09-29T14:00:00+00:00
[2021-09-29 14:07:19,707] {processor.py:170} INFO - Processing /opt/airflow/dags/my_dag.py took 0.086 seconds
[2021-09-29 14:07:50,169] {processor.py:162} INFO - Started process (PID=2702) to work on /opt/airflow/dags/my_dag.py
[2021-09-29 14:07:50,171] {processor.py:613} INFO - Processing file /opt/airflow/dags/my_dag.py for tasks to queue
[2021-09-29 14:07:50,172] {logging_mixin.py:109} INFO - [2021-09-29 14:07:50,172] {dagbag.py:496} INFO - Filling up the DagBag from /opt/airflow/dags/my_dag.py
[2021-09-29 14:07:50,200] {processor.py:623} INFO - DAG(s) dict_keys(['my_dag']) retrieved from /opt/airflow/dags/my_dag.py
[2021-09-29 14:07:50,229] {logging_mixin.py:109} INFO - [2021-09-29 14:07:50,229] {dag.py:1834} INFO - Sync 1 DAGs
[2021-09-29 14:07:50,252] {logging_mixin.py:109} INFO - [2021-09-29 14:07:50,252] {dag.py:2287} INFO - Setting next_dagrun for my_dag to 2021-09-29T14:00:00+00:00
[2021-09-29 14:07:50,266] {processor.py:170} INFO - Processing /opt/airflow/dags/my_dag.py took 0.101 seconds
[2021-09-29 14:08:20,389] {processor.py:162} INFO - Started process (PID=2911) to work on /opt/airflow/dags/my_dag.py
[2021-09-29 14:08:20,391] {processor.py:613} INFO - Processing file /opt/airflow/dags/my_dag.py for tasks to queue
[2021-09-29 14:08:20,393] {logging_mixin.py:109} INFO - [2021-09-29 14:08:20,393] {dagbag.py:496} INFO - Filling up the DagBag from /opt/airflow/dags/my_dag.py
[2021-09-29 14:08:20,419] {processor.py:623} INFO - DAG(s) dict_keys(['my_dag']) retrieved from /opt/airflow/dags/my_dag.py
[2021-09-29 14:08:20,444] {logging_mixin.py:109} INFO - [2021-09-29 14:08:20,444] {dag.py:1834} INFO - Sync 1 DAGs
[2021-09-29 14:08:20,464] {logging_mixin.py:109} INFO - [2021-09-29 14:08:20,464] {dag.py:2287} INFO - Setting next_dagrun for my_dag to 2021-09-29T14:00:00+00:00
[2021-09-29 14:08:20,476] {processor.py:170} INFO - Processing /opt/airflow/dags/my_dag.py took 0.091 seconds
[2021-09-29 14:08:50,728] {processor.py:162} INFO - Started process (PID=3098) to work on /opt/airflow/dags/my_dag.py
[2021-09-29 14:08:50,730] {processor.py:613} INFO - Processing file /opt/airflow/dags/my_dag.py for tasks to queue
[2021-09-29 14:08:50,732] {logging_mixin.py:109} INFO - [2021-09-29 14:08:50,732] {dagbag.py:496} INFO - Filling up the DagBag from /opt/airflow/dags/my_dag.py
[2021-09-29 14:08:50,759] {processor.py:623} INFO - DAG(s) dict_keys(['my_dag']) retrieved from /opt/airflow/dags/my_dag.py
[2021-09-29 14:08:50,788] {logging_mixin.py:109} INFO - [2021-09-29 14:08:50,788] {dag.py:1834} INFO - Sync 1 DAGs
[2021-09-29 14:08:50,817] {logging_mixin.py:109} INFO - [2021-09-29 14:08:50,817] {dag.py:2287} INFO - Setting next_dagrun for my_dag to 2021-09-29T14:00:00+00:00
[2021-09-29 14:08:50,833] {processor.py:170} INFO - Processing /opt/airflow/dags/my_dag.py took 0.110 seconds
[2021-09-29 14:09:21,038] {processor.py:162} INFO - Started process (PID=3295) to work on /opt/airflow/dags/my_dag.py
[2021-09-29 14:09:21,040] {processor.py:613} INFO - Processing file /opt/airflow/dags/my_dag.py for tasks to queue
[2021-09-29 14:09:21,042] {logging_mixin.py:109} INFO - [2021-09-29 14:09:21,042] {dagbag.py:496} INFO - Filling up the DagBag from /opt/airflow/dags/my_dag.py
[2021-09-29 14:09:21,068] {processor.py:623} INFO - DAG(s) dict_keys(['my_dag']) retrieved from /opt/airflow/dags/my_dag.py
[2021-09-29 14:09:21,095] {logging_mixin.py:109} INFO - [2021-09-29 14:09:21,095] {dag.py:1834} INFO - Sync 1 DAGs
[2021-09-29 14:09:21,117] {logging_mixin.py:109} INFO - [2021-09-29 14:09:21,116] {dag.py:2287} INFO - Setting next_dagrun for my_dag to 2021-09-29T14:00:00+00:00
[2021-09-29 14:09:21,130] {processor.py:170} INFO - Processing /opt/airflow/dags/my_dag.py took 0.095 seconds
[2021-09-29 14:09:51,471] {processor.py:162} INFO - Started process (PID=3498) to work on /opt/airflow/dags/my_dag.py
[2021-09-29 14:09:51,472] {processor.py:613} INFO - Processing file /opt/airflow/dags/my_dag.py for tasks to queue
[2021-09-29 14:09:51,473] {logging_mixin.py:109} INFO - [2021-09-29 14:09:51,473] {dagbag.py:496} INFO - Filling up the DagBag from /opt/airflow/dags/my_dag.py
[2021-09-29 14:09:51,505] {processor.py:623} INFO - DAG(s) dict_keys(['my_dag']) retrieved from /opt/airflow/dags/my_dag.py
[2021-09-29 14:09:51,530] {logging_mixin.py:109} INFO - [2021-09-29 14:09:51,529] {dag.py:1834} INFO - Sync 1 DAGs
[2021-09-29 14:09:51,545] {logging_mixin.py:109} INFO - [2021-09-29 14:09:51,545] {dag.py:2287} INFO - Setting next_dagrun for my_dag to 2021-09-29T14:00:00+00:00
[2021-09-29 14:09:51,554] {processor.py:170} INFO - Processing /opt/airflow/dags/my_dag.py took 0.089 seconds
[2021-09-29 14:10:21,624] {processor.py:162} INFO - Started process (PID=3689) to work on /opt/airflow/dags/my_dag.py
[2021-09-29 14:10:21,625] {processor.py:613} INFO - Processing file /opt/airflow/dags/my_dag.py for tasks to queue
[2021-09-29 14:10:21,627] {logging_mixin.py:109} INFO - [2021-09-29 14:10:21,627] {dagbag.py:496} INFO - Filling up the DagBag from /opt/airflow/dags/my_dag.py
[2021-09-29 14:10:21,655] {processor.py:623} INFO - DAG(s) dict_keys(['my_dag']) retrieved from /opt/airflow/dags/my_dag.py
[2021-09-29 14:10:21,680] {logging_mixin.py:109} INFO - [2021-09-29 14:10:21,680] {dag.py:1834} INFO - Sync 1 DAGs
[2021-09-29 14:10:21,699] {logging_mixin.py:109} INFO - [2021-09-29 14:10:21,699] {dag.py:2287} INFO - Setting next_dagrun for my_dag to 2021-09-29T14:10:00+00:00
[2021-09-29 14:10:21,707] {processor.py:170} INFO - Processing /opt/airflow/dags/my_dag.py took 0.088 seconds
[2021-09-29 14:10:51,892] {processor.py:162} INFO - Started process (PID=3885) to work on /opt/airflow/dags/my_dag.py
[2021-09-29 14:10:51,893] {processor.py:613} INFO - Processing file /opt/airflow/dags/my_dag.py for tasks to queue
[2021-09-29 14:10:51,895] {logging_mixin.py:109} INFO - [2021-09-29 14:10:51,895] {dagbag.py:496} INFO - Filling up the DagBag from /opt/airflow/dags/my_dag.py
[2021-09-29 14:10:51,920] {processor.py:623} INFO - DAG(s) dict_keys(['my_dag']) retrieved from /opt/airflow/dags/my_dag.py
[2021-09-29 14:10:51,948] {logging_mixin.py:109} INFO - [2021-09-29 14:10:51,947] {dag.py:1834} INFO - Sync 1 DAGs
[2021-09-29 14:10:51,967] {logging_mixin.py:109} INFO - [2021-09-29 14:10:51,967] {dag.py:2287} INFO - Setting next_dagrun for my_dag to 2021-09-29T14:10:00+00:00
[2021-09-29 14:10:51,978] {processor.py:170} INFO - Processing /opt/airflow/dags/my_dag.py took 0.090 seconds
[2021-09-29 14:11:22,335] {processor.py:162} INFO - Started process (PID=4070) to work on /opt/airflow/dags/my_dag.py
[2021-09-29 14:11:22,337] {processor.py:613} INFO - Processing file /opt/airflow/dags/my_dag.py for tasks to queue
[2021-09-29 14:11:22,339] {logging_mixin.py:109} INFO - [2021-09-29 14:11:22,339] {dagbag.py:496} INFO - Filling up the DagBag from /opt/airflow/dags/my_dag.py
[2021-09-29 14:11:22,364] {processor.py:623} INFO - DAG(s) dict_keys(['my_dag']) retrieved from /opt/airflow/dags/my_dag.py
[2021-09-29 14:11:22,389] {logging_mixin.py:109} INFO - [2021-09-29 14:11:22,389] {dag.py:1834} INFO - Sync 1 DAGs
[2021-09-29 14:11:22,409] {logging_mixin.py:109} INFO - [2021-09-29 14:11:22,408] {dag.py:2287} INFO - Setting next_dagrun for my_dag to 2021-09-29T14:10:00+00:00
[2021-09-29 14:11:22,420] {processor.py:170} INFO - Processing /opt/airflow/dags/my_dag.py took 0.089 seconds
[2021-09-29 14:11:53,143] {processor.py:162} INFO - Started process (PID=4277) to work on /opt/airflow/dags/my_dag.py
[2021-09-29 14:11:53,145] {processor.py:613} INFO - Processing file /opt/airflow/dags/my_dag.py for tasks to queue
[2021-09-29 14:11:53,146] {logging_mixin.py:109} INFO - [2021-09-29 14:11:53,146] {dagbag.py:496} INFO - Filling up the DagBag from /opt/airflow/dags/my_dag.py
[2021-09-29 14:11:53,170] {processor.py:623} INFO - DAG(s) dict_keys(['my_dag']) retrieved from /opt/airflow/dags/my_dag.py
[2021-09-29 14:11:53,196] {logging_mixin.py:109} INFO - [2021-09-29 14:11:53,196] {dag.py:1834} INFO - Sync 1 DAGs
[2021-09-29 14:11:53,219] {logging_mixin.py:109} INFO - [2021-09-29 14:11:53,219] {dag.py:2287} INFO - Setting next_dagrun for my_dag to 2021-09-29T14:10:00+00:00
[2021-09-29 14:11:53,231] {processor.py:170} INFO - Processing /opt/airflow/dags/my_dag.py took 0.092 seconds
[2021-09-29 14:12:23,562] {processor.py:162} INFO - Started process (PID=4479) to work on /opt/airflow/dags/my_dag.py
[2021-09-29 14:12:23,564] {processor.py:613} INFO - Processing file /opt/airflow/dags/my_dag.py for tasks to queue
[2021-09-29 14:12:23,566] {logging_mixin.py:109} INFO - [2021-09-29 14:12:23,565] {dagbag.py:496} INFO - Filling up the DagBag from /opt/airflow/dags/my_dag.py
[2021-09-29 14:12:23,590] {processor.py:623} INFO - DAG(s) dict_keys(['my_dag']) retrieved from /opt/airflow/dags/my_dag.py
[2021-09-29 14:12:23,614] {logging_mixin.py:109} INFO - [2021-09-29 14:12:23,613] {dag.py:1834} INFO - Sync 1 DAGs
[2021-09-29 14:12:23,632] {logging_mixin.py:109} INFO - [2021-09-29 14:12:23,632] {dag.py:2287} INFO - Setting next_dagrun for my_dag to 2021-09-29T14:10:00+00:00
[2021-09-29 14:12:23,642] {processor.py:170} INFO - Processing /opt/airflow/dags/my_dag.py took 0.084 seconds
[2021-09-29 14:12:54,275] {processor.py:162} INFO - Started process (PID=4676) to work on /opt/airflow/dags/my_dag.py
[2021-09-29 14:12:54,277] {processor.py:613} INFO - Processing file /opt/airflow/dags/my_dag.py for tasks to queue
[2021-09-29 14:12:54,278] {logging_mixin.py:109} INFO - [2021-09-29 14:12:54,278] {dagbag.py:496} INFO - Filling up the DagBag from /opt/airflow/dags/my_dag.py
[2021-09-29 14:12:54,304] {processor.py:623} INFO - DAG(s) dict_keys(['my_dag']) retrieved from /opt/airflow/dags/my_dag.py
[2021-09-29 14:12:54,330] {logging_mixin.py:109} INFO - [2021-09-29 14:12:54,330] {dag.py:1834} INFO - Sync 1 DAGs
[2021-09-29 14:12:54,349] {logging_mixin.py:109} INFO - [2021-09-29 14:12:54,349] {dag.py:2287} INFO - Setting next_dagrun for my_dag to 2021-09-29T14:10:00+00:00
[2021-09-29 14:12:54,358] {processor.py:170} INFO - Processing /opt/airflow/dags/my_dag.py took 0.087 seconds
[2021-09-29 14:13:24,511] {processor.py:162} INFO - Started process (PID=4878) to work on /opt/airflow/dags/my_dag.py
[2021-09-29 14:13:24,513] {processor.py:613} INFO - Processing file /opt/airflow/dags/my_dag.py for tasks to queue
[2021-09-29 14:13:24,515] {logging_mixin.py:109} INFO - [2021-09-29 14:13:24,515] {dagbag.py:496} INFO - Filling up the DagBag from /opt/airflow/dags/my_dag.py
[2021-09-29 14:13:24,541] {processor.py:623} INFO - DAG(s) dict_keys(['my_dag']) retrieved from /opt/airflow/dags/my_dag.py
[2021-09-29 14:13:24,566] {logging_mixin.py:109} INFO - [2021-09-29 14:13:24,566] {dag.py:1834} INFO - Sync 1 DAGs
[2021-09-29 14:13:24,588] {logging_mixin.py:109} INFO - [2021-09-29 14:13:24,588] {dag.py:2287} INFO - Setting next_dagrun for my_dag to 2021-09-29T14:10:00+00:00
[2021-09-29 14:13:24,602] {processor.py:170} INFO - Processing /opt/airflow/dags/my_dag.py took 0.095 seconds
[2021-09-29 14:13:55,014] {processor.py:162} INFO - Started process (PID=5089) to work on /opt/airflow/dags/my_dag.py
[2021-09-29 14:13:55,016] {processor.py:613} INFO - Processing file /opt/airflow/dags/my_dag.py for tasks to queue
[2021-09-29 14:13:55,018] {logging_mixin.py:109} INFO - [2021-09-29 14:13:55,017] {dagbag.py:496} INFO - Filling up the DagBag from /opt/airflow/dags/my_dag.py
[2021-09-29 14:13:55,037] {processor.py:623} INFO - DAG(s) dict_keys(['my_dag']) retrieved from /opt/airflow/dags/my_dag.py
[2021-09-29 14:13:55,072] {logging_mixin.py:109} INFO - [2021-09-29 14:13:55,072] {dag.py:1834} INFO - Sync 1 DAGs
[2021-09-29 14:13:55,094] {logging_mixin.py:109} INFO - [2021-09-29 14:13:55,094] {dag.py:2287} INFO - Setting next_dagrun for my_dag to 2021-09-29T14:10:00+00:00
[2021-09-29 14:13:55,107] {processor.py:170} INFO - Processing /opt/airflow/dags/my_dag.py took 0.097 seconds
[2021-09-29 14:14:25,479] {processor.py:162} INFO - Started process (PID=5292) to work on /opt/airflow/dags/my_dag.py
[2021-09-29 14:14:25,482] {processor.py:613} INFO - Processing file /opt/airflow/dags/my_dag.py for tasks to queue
[2021-09-29 14:14:25,483] {logging_mixin.py:109} INFO - [2021-09-29 14:14:25,483] {dagbag.py:496} INFO - Filling up the DagBag from /opt/airflow/dags/my_dag.py
[2021-09-29 14:14:25,507] {processor.py:623} INFO - DAG(s) dict_keys(['my_dag']) retrieved from /opt/airflow/dags/my_dag.py
[2021-09-29 14:14:25,533] {logging_mixin.py:109} INFO - [2021-09-29 14:14:25,533] {dag.py:1834} INFO - Sync 1 DAGs
[2021-09-29 14:14:25,555] {logging_mixin.py:109} INFO - [2021-09-29 14:14:25,555] {dag.py:2287} INFO - Setting next_dagrun for my_dag to 2021-09-29T14:10:00+00:00
[2021-09-29 14:14:25,568] {processor.py:170} INFO - Processing /opt/airflow/dags/my_dag.py took 0.092 seconds
[2021-09-29 14:14:55,793] {processor.py:162} INFO - Started process (PID=5496) to work on /opt/airflow/dags/my_dag.py
[2021-09-29 14:14:55,795] {processor.py:613} INFO - Processing file /opt/airflow/dags/my_dag.py for tasks to queue
[2021-09-29 14:14:55,797] {logging_mixin.py:109} INFO - [2021-09-29 14:14:55,797] {dagbag.py:496} INFO - Filling up the DagBag from /opt/airflow/dags/my_dag.py
[2021-09-29 14:14:55,822] {processor.py:623} INFO - DAG(s) dict_keys(['my_dag']) retrieved from /opt/airflow/dags/my_dag.py
[2021-09-29 14:14:55,849] {logging_mixin.py:109} INFO - [2021-09-29 14:14:55,849] {dag.py:1834} INFO - Sync 1 DAGs
[2021-09-29 14:14:55,868] {logging_mixin.py:109} INFO - [2021-09-29 14:14:55,868] {dag.py:2287} INFO - Setting next_dagrun for my_dag to 2021-09-29T14:10:00+00:00
[2021-09-29 14:14:55,878] {processor.py:170} INFO - Processing /opt/airflow/dags/my_dag.py took 0.089 seconds
[2021-09-29 14:15:26,168] {processor.py:162} INFO - Started process (PID=5694) to work on /opt/airflow/dags/my_dag.py
[2021-09-29 14:15:26,171] {processor.py:613} INFO - Processing file /opt/airflow/dags/my_dag.py for tasks to queue
[2021-09-29 14:15:26,172] {logging_mixin.py:109} INFO - [2021-09-29 14:15:26,172] {dagbag.py:496} INFO - Filling up the DagBag from /opt/airflow/dags/my_dag.py
[2021-09-29 14:15:26,196] {processor.py:623} INFO - DAG(s) dict_keys(['my_dag']) retrieved from /opt/airflow/dags/my_dag.py
[2021-09-29 14:15:26,220] {logging_mixin.py:109} INFO - [2021-09-29 14:15:26,220] {dag.py:1834} INFO - Sync 1 DAGs
[2021-09-29 14:15:26,240] {logging_mixin.py:109} INFO - [2021-09-29 14:15:26,240] {dag.py:2287} INFO - Setting next_dagrun for my_dag to 2021-09-29T14:10:00+00:00
[2021-09-29 14:15:26,252] {processor.py:170} INFO - Processing /opt/airflow/dags/my_dag.py took 0.088 seconds
[2021-09-29 14:15:56,751] {processor.py:162} INFO - Started process (PID=5904) to work on /opt/airflow/dags/my_dag.py
[2021-09-29 14:15:56,753] {processor.py:613} INFO - Processing file /opt/airflow/dags/my_dag.py for tasks to queue
[2021-09-29 14:15:56,754] {logging_mixin.py:109} INFO - [2021-09-29 14:15:56,754] {dagbag.py:496} INFO - Filling up the DagBag from /opt/airflow/dags/my_dag.py
[2021-09-29 14:15:56,779] {processor.py:623} INFO - DAG(s) dict_keys(['my_dag']) retrieved from /opt/airflow/dags/my_dag.py
[2021-09-29 14:15:56,804] {logging_mixin.py:109} INFO - [2021-09-29 14:15:56,803] {dag.py:1834} INFO - Sync 1 DAGs
[2021-09-29 14:15:56,822] {logging_mixin.py:109} INFO - [2021-09-29 14:15:56,822] {dag.py:2287} INFO - Setting next_dagrun for my_dag to 2021-09-29T14:10:00+00:00
[2021-09-29 14:15:56,833] {processor.py:170} INFO - Processing /opt/airflow/dags/my_dag.py took 0.085 seconds
[2021-09-29 14:16:27,757] {processor.py:162} INFO - Started process (PID=6108) to work on /opt/airflow/dags/my_dag.py
[2021-09-29 14:16:27,759] {processor.py:613} INFO - Processing file /opt/airflow/dags/my_dag.py for tasks to queue
[2021-09-29 14:16:27,760] {logging_mixin.py:109} INFO - [2021-09-29 14:16:27,760] {dagbag.py:496} INFO - Filling up the DagBag from /opt/airflow/dags/my_dag.py
[2021-09-29 14:16:27,785] {processor.py:623} INFO - DAG(s) dict_keys(['my_dag']) retrieved from /opt/airflow/dags/my_dag.py
[2021-09-29 14:16:27,809] {logging_mixin.py:109} INFO - [2021-09-29 14:16:27,809] {dag.py:1834} INFO - Sync 1 DAGs
[2021-09-29 14:16:27,828] {logging_mixin.py:109} INFO - [2021-09-29 14:16:27,828] {dag.py:2287} INFO - Setting next_dagrun for my_dag to 2021-09-29T14:10:00+00:00
[2021-09-29 14:16:27,837] {processor.py:170} INFO - Processing /opt/airflow/dags/my_dag.py took 0.084 seconds
[2021-09-29 14:16:58,242] {processor.py:162} INFO - Started process (PID=6301) to work on /opt/airflow/dags/my_dag.py
[2021-09-29 14:16:58,245] {processor.py:613} INFO - Processing file /opt/airflow/dags/my_dag.py for tasks to queue
[2021-09-29 14:16:58,246] {logging_mixin.py:109} INFO - [2021-09-29 14:16:58,246] {dagbag.py:496} INFO - Filling up the DagBag from /opt/airflow/dags/my_dag.py
[2021-09-29 14:16:58,274] {processor.py:623} INFO - DAG(s) dict_keys(['my_dag']) retrieved from /opt/airflow/dags/my_dag.py
[2021-09-29 14:16:58,301] {logging_mixin.py:109} INFO - [2021-09-29 14:16:58,301] {dag.py:1834} INFO - Sync 1 DAGs
[2021-09-29 14:16:58,322] {logging_mixin.py:109} INFO - [2021-09-29 14:16:58,322] {dag.py:2287} INFO - Setting next_dagrun for my_dag to 2021-09-29T14:10:00+00:00
[2021-09-29 14:16:58,335] {processor.py:170} INFO - Processing /opt/airflow/dags/my_dag.py took 0.097 seconds
[2021-09-29 14:17:28,639] {processor.py:162} INFO - Started process (PID=6503) to work on /opt/airflow/dags/my_dag.py
[2021-09-29 14:17:28,641] {processor.py:613} INFO - Processing file /opt/airflow/dags/my_dag.py for tasks to queue
[2021-09-29 14:17:28,643] {logging_mixin.py:109} INFO - [2021-09-29 14:17:28,643] {dagbag.py:496} INFO - Filling up the DagBag from /opt/airflow/dags/my_dag.py
[2021-09-29 14:17:28,668] {processor.py:623} INFO - DAG(s) dict_keys(['my_dag']) retrieved from /opt/airflow/dags/my_dag.py
[2021-09-29 14:17:28,693] {logging_mixin.py:109} INFO - [2021-09-29 14:17:28,692] {dag.py:1834} INFO - Sync 1 DAGs
[2021-09-29 14:17:28,712] {logging_mixin.py:109} INFO - [2021-09-29 14:17:28,712] {dag.py:2287} INFO - Setting next_dagrun for my_dag to 2021-09-29T14:10:00+00:00
[2021-09-29 14:17:28,724] {processor.py:170} INFO - Processing /opt/airflow/dags/my_dag.py took 0.089 seconds
[2021-09-29 14:17:59,596] {processor.py:162} INFO - Started process (PID=6724) to work on /opt/airflow/dags/my_dag.py
[2021-09-29 14:17:59,604] {processor.py:613} INFO - Processing file /opt/airflow/dags/my_dag.py for tasks to queue
[2021-09-29 14:17:59,608] {logging_mixin.py:109} INFO - [2021-09-29 14:17:59,607] {dagbag.py:496} INFO - Filling up the DagBag from /opt/airflow/dags/my_dag.py
[2021-09-29 14:17:59,655] {processor.py:623} INFO - DAG(s) dict_keys(['my_dag']) retrieved from /opt/airflow/dags/my_dag.py
[2021-09-29 14:17:59,719] {logging_mixin.py:109} INFO - [2021-09-29 14:17:59,718] {dag.py:1834} INFO - Sync 1 DAGs
[2021-09-29 14:17:59,755] {logging_mixin.py:109} INFO - [2021-09-29 14:17:59,755] {dag.py:2287} INFO - Setting next_dagrun for my_dag to 2021-09-29T14:10:00+00:00
[2021-09-29 14:17:59,777] {processor.py:170} INFO - Processing /opt/airflow/dags/my_dag.py took 0.205 seconds
[2021-09-29 14:18:30,099] {processor.py:162} INFO - Started process (PID=6923) to work on /opt/airflow/dags/my_dag.py
[2021-09-29 14:18:30,102] {processor.py:613} INFO - Processing file /opt/airflow/dags/my_dag.py for tasks to queue
[2021-09-29 14:18:30,103] {logging_mixin.py:109} INFO - [2021-09-29 14:18:30,103] {dagbag.py:496} INFO - Filling up the DagBag from /opt/airflow/dags/my_dag.py
[2021-09-29 14:18:30,129] {processor.py:623} INFO - DAG(s) dict_keys(['my_dag']) retrieved from /opt/airflow/dags/my_dag.py
[2021-09-29 14:18:30,155] {logging_mixin.py:109} INFO - [2021-09-29 14:18:30,155] {dag.py:1834} INFO - Sync 1 DAGs
[2021-09-29 14:18:30,175] {logging_mixin.py:109} INFO - [2021-09-29 14:18:30,175] {dag.py:2287} INFO - Setting next_dagrun for my_dag to 2021-09-29T14:10:00+00:00
[2021-09-29 14:18:30,188] {processor.py:170} INFO - Processing /opt/airflow/dags/my_dag.py took 0.093 seconds
[2021-09-29 14:19:00,298] {processor.py:162} INFO - Started process (PID=7127) to work on /opt/airflow/dags/my_dag.py
[2021-09-29 14:19:00,301] {processor.py:613} INFO - Processing file /opt/airflow/dags/my_dag.py for tasks to queue
[2021-09-29 14:19:00,302] {logging_mixin.py:109} INFO - [2021-09-29 14:19:00,302] {dagbag.py:496} INFO - Filling up the DagBag from /opt/airflow/dags/my_dag.py
[2021-09-29 14:19:00,327] {processor.py:623} INFO - DAG(s) dict_keys(['my_dag']) retrieved from /opt/airflow/dags/my_dag.py
[2021-09-29 14:19:00,353] {logging_mixin.py:109} INFO - [2021-09-29 14:19:00,353] {dag.py:1834} INFO - Sync 1 DAGs
[2021-09-29 14:19:00,371] {logging_mixin.py:109} INFO - [2021-09-29 14:19:00,371] {dag.py:2287} INFO - Setting next_dagrun for my_dag to 2021-09-29T14:10:00+00:00
[2021-09-29 14:19:00,381] {processor.py:170} INFO - Processing /opt/airflow/dags/my_dag.py took 0.087 seconds
