[2021-09-27 14:08:09,529] {taskinstance.py:903} INFO - Dependencies all met for <TaskInstance: example_complex.list_tags 2021-09-27T14:07:06.295229+00:00 [queued]>
[2021-09-27 14:08:09,564] {taskinstance.py:903} INFO - Dependencies all met for <TaskInstance: example_complex.list_tags 2021-09-27T14:07:06.295229+00:00 [queued]>
[2021-09-27 14:08:09,565] {taskinstance.py:1095} INFO - 
--------------------------------------------------------------------------------
[2021-09-27 14:08:09,566] {taskinstance.py:1096} INFO - Starting attempt 1 of 1
[2021-09-27 14:08:09,567] {taskinstance.py:1097} INFO - 
--------------------------------------------------------------------------------
[2021-09-27 14:08:09,581] {taskinstance.py:1115} INFO - Executing <Task(BashOperator): list_tags> on 2021-09-27T14:07:06.295229+00:00
[2021-09-27 14:08:09,587] {standard_task_runner.py:52} INFO - Started process 2377 to run task
[2021-09-27 14:08:09,594] {standard_task_runner.py:76} INFO - Running: ['***', 'tasks', 'run', 'example_complex', 'list_tags', '2021-09-27T14:07:06.295229+00:00', '--job-id', '26', '--pool', 'default_pool', '--raw', '--subdir', '/home/***/.local/lib/python3.6/site-packages/***/example_dags/example_complex.py', '--cfg-path', '/tmp/tmppu15kz0z', '--error-file', '/tmp/tmp3ch6h2ys']
[2021-09-27 14:08:09,597] {standard_task_runner.py:77} INFO - Job 26: Subtask list_tags
[2021-09-27 14:08:09,681] {logging_mixin.py:109} INFO - Running <TaskInstance: example_complex.list_tags 2021-09-27T14:07:06.295229+00:00 [running]> on host 6c9f6f41e1ed
[2021-09-27 14:08:09,782] {taskinstance.py:1254} INFO - Exporting the following env vars:
AIRFLOW_CTX_DAG_OWNER=***
AIRFLOW_CTX_DAG_ID=example_complex
AIRFLOW_CTX_TASK_ID=list_tags
AIRFLOW_CTX_EXECUTION_DATE=2021-09-27T14:07:06.295229+00:00
AIRFLOW_CTX_DAG_RUN_ID=manual__2021-09-27T14:07:06.295229+00:00
[2021-09-27 14:08:09,792] {subprocess.py:52} INFO - Tmp dir root location: 
 /tmp
[2021-09-27 14:08:09,797] {subprocess.py:63} INFO - Running command: ['bash', '-c', 'echo list_tags']
[2021-09-27 14:08:09,821] {subprocess.py:74} INFO - Output:
[2021-09-27 14:08:09,823] {subprocess.py:78} INFO - list_tags
[2021-09-27 14:08:09,824] {subprocess.py:82} INFO - Command exited with return code 0
[2021-09-27 14:08:09,874] {taskinstance.py:1219} INFO - Marking task as SUCCESS. dag_id=example_complex, task_id=list_tags, execution_date=20210927T140706, start_date=20210927T140809, end_date=20210927T140809
[2021-09-27 14:08:09,933] {local_task_job.py:151} INFO - Task exited with return code 0
[2021-09-27 14:08:09,979] {local_task_job.py:261} INFO - 1 downstream tasks scheduled from follow-on schedule check
