[2021-09-27 14:50:02,710] {taskinstance.py:903} INFO - Dependencies all met for <TaskInstance: my_dag.say_hello 2021-09-27T14:40:00+00:00 [queued]>
[2021-09-27 14:50:02,729] {taskinstance.py:903} INFO - Dependencies all met for <TaskInstance: my_dag.say_hello 2021-09-27T14:40:00+00:00 [queued]>
[2021-09-27 14:50:02,730] {taskinstance.py:1095} INFO - 
--------------------------------------------------------------------------------
[2021-09-27 14:50:02,731] {taskinstance.py:1096} INFO - Starting attempt 1 of 1
[2021-09-27 14:50:02,732] {taskinstance.py:1097} INFO - 
--------------------------------------------------------------------------------
[2021-09-27 14:50:02,742] {taskinstance.py:1115} INFO - Executing <Task(PythonOperator): say_hello> on 2021-09-27T14:40:00+00:00
[2021-09-27 14:50:02,747] {standard_task_runner.py:52} INFO - Started process 14121 to run task
[2021-09-27 14:50:02,752] {standard_task_runner.py:76} INFO - Running: ['***', 'tasks', 'run', 'my_dag', 'say_hello', '2021-09-27T14:40:00+00:00', '--job-id', '55', '--pool', 'default_pool', '--raw', '--subdir', 'DAGS_FOLDER/my_dag.py', '--cfg-path', '/tmp/tmpikbn5259', '--error-file', '/tmp/tmp7b2j1woe']
[2021-09-27 14:50:02,756] {standard_task_runner.py:77} INFO - Job 55: Subtask say_hello
[2021-09-27 14:50:02,822] {logging_mixin.py:109} INFO - Running <TaskInstance: my_dag.say_hello 2021-09-27T14:40:00+00:00 [running]> on host 44a42753a06b
[2021-09-27 14:50:02,889] {taskinstance.py:1254} INFO - Exporting the following env vars:
AIRFLOW_CTX_DAG_OWNER=Napak Paweechainapa
AIRFLOW_CTX_DAG_ID=my_dag
AIRFLOW_CTX_TASK_ID=say_hello
AIRFLOW_CTX_EXECUTION_DATE=2021-09-27T14:40:00+00:00
AIRFLOW_CTX_DAG_RUN_ID=scheduled__2021-09-27T14:40:00+00:00
[2021-09-27 14:50:02,891] {my_dag.py:11} INFO - Hello, SAKSIAM!
[2021-09-27 14:50:02,893] {python.py:151} INFO - Done. Returned value was: None
[2021-09-27 14:50:02,915] {taskinstance.py:1219} INFO - Marking task as SUCCESS. dag_id=my_dag, task_id=say_hello, execution_date=20210927T144000, start_date=20210927T145002, end_date=20210927T145002
[2021-09-27 14:50:02,968] {local_task_job.py:151} INFO - Task exited with return code 0
[2021-09-27 14:50:03,004] {local_task_job.py:261} INFO - 1 downstream tasks scheduled from follow-on schedule check
