[2021-09-27 14:07:11,710] {taskinstance.py:903} INFO - Dependencies all met for <TaskInstance: example_complex.create_entry_gcs 2021-09-27T14:07:06.295229+00:00 [queued]>
[2021-09-27 14:07:11,720] {taskinstance.py:903} INFO - Dependencies all met for <TaskInstance: example_complex.create_entry_gcs 2021-09-27T14:07:06.295229+00:00 [queued]>
[2021-09-27 14:07:11,721] {taskinstance.py:1095} INFO - 
--------------------------------------------------------------------------------
[2021-09-27 14:07:11,722] {taskinstance.py:1096} INFO - Starting attempt 1 of 1
[2021-09-27 14:07:11,723] {taskinstance.py:1097} INFO - 
--------------------------------------------------------------------------------
[2021-09-27 14:07:11,736] {taskinstance.py:1115} INFO - Executing <Task(BashOperator): create_entry_gcs> on 2021-09-27T14:07:06.295229+00:00
[2021-09-27 14:07:11,739] {standard_task_runner.py:52} INFO - Started process 2129 to run task
[2021-09-27 14:07:11,744] {standard_task_runner.py:76} INFO - Running: ['***', 'tasks', 'run', 'example_complex', 'create_entry_gcs', '2021-09-27T14:07:06.295229+00:00', '--job-id', '3', '--pool', 'default_pool', '--raw', '--subdir', '/home/***/.local/lib/python3.6/site-packages/***/example_dags/example_complex.py', '--cfg-path', '/tmp/tmp0d8dnwqo', '--error-file', '/tmp/tmp9mc86l0v']
[2021-09-27 14:07:11,746] {standard_task_runner.py:77} INFO - Job 3: Subtask create_entry_gcs
[2021-09-27 14:07:11,800] {logging_mixin.py:109} INFO - Running <TaskInstance: example_complex.create_entry_gcs 2021-09-27T14:07:06.295229+00:00 [running]> on host 6c9f6f41e1ed
[2021-09-27 14:07:11,855] {taskinstance.py:1254} INFO - Exporting the following env vars:
AIRFLOW_CTX_DAG_OWNER=***
AIRFLOW_CTX_DAG_ID=example_complex
AIRFLOW_CTX_TASK_ID=create_entry_gcs
AIRFLOW_CTX_EXECUTION_DATE=2021-09-27T14:07:06.295229+00:00
AIRFLOW_CTX_DAG_RUN_ID=manual__2021-09-27T14:07:06.295229+00:00
[2021-09-27 14:07:11,857] {subprocess.py:52} INFO - Tmp dir root location: 
 /tmp
[2021-09-27 14:07:11,858] {subprocess.py:63} INFO - Running command: ['bash', '-c', 'echo create_entry_gcs']
[2021-09-27 14:07:11,865] {subprocess.py:74} INFO - Output:
[2021-09-27 14:07:11,866] {subprocess.py:78} INFO - create_entry_gcs
[2021-09-27 14:07:11,867] {subprocess.py:82} INFO - Command exited with return code 0
[2021-09-27 14:07:11,896] {taskinstance.py:1219} INFO - Marking task as SUCCESS. dag_id=example_complex, task_id=create_entry_gcs, execution_date=20210927T140706, start_date=20210927T140711, end_date=20210927T140711
[2021-09-27 14:07:11,920] {local_task_job.py:151} INFO - Task exited with return code 0
[2021-09-27 14:07:11,959] {local_task_job.py:261} INFO - 6 downstream tasks scheduled from follow-on schedule check
