[2021-09-27 14:07:09,342] {taskinstance.py:903} INFO - Dependencies all met for <TaskInstance: example_complex.create_entry_group 2021-09-27T14:07:06.295229+00:00 [queued]>
[2021-09-27 14:07:09,355] {taskinstance.py:903} INFO - Dependencies all met for <TaskInstance: example_complex.create_entry_group 2021-09-27T14:07:06.295229+00:00 [queued]>
[2021-09-27 14:07:09,356] {taskinstance.py:1095} INFO - 
--------------------------------------------------------------------------------
[2021-09-27 14:07:09,357] {taskinstance.py:1096} INFO - Starting attempt 1 of 1
[2021-09-27 14:07:09,358] {taskinstance.py:1097} INFO - 
--------------------------------------------------------------------------------
[2021-09-27 14:07:09,379] {taskinstance.py:1115} INFO - Executing <Task(BashOperator): create_entry_group> on 2021-09-27T14:07:06.295229+00:00
[2021-09-27 14:07:09,385] {standard_task_runner.py:52} INFO - Started process 2119 to run task
[2021-09-27 14:07:09,393] {standard_task_runner.py:76} INFO - Running: ['***', 'tasks', 'run', 'example_complex', 'create_entry_group', '2021-09-27T14:07:06.295229+00:00', '--job-id', '2', '--pool', 'default_pool', '--raw', '--subdir', '/home/***/.local/lib/python3.6/site-packages/***/example_dags/example_complex.py', '--cfg-path', '/tmp/tmpq9039wd3', '--error-file', '/tmp/tmp0wg5qnzd']
[2021-09-27 14:07:09,396] {standard_task_runner.py:77} INFO - Job 2: Subtask create_entry_group
[2021-09-27 14:07:09,468] {logging_mixin.py:109} INFO - Running <TaskInstance: example_complex.create_entry_group 2021-09-27T14:07:06.295229+00:00 [running]> on host 6c9f6f41e1ed
[2021-09-27 14:07:09,531] {taskinstance.py:1254} INFO - Exporting the following env vars:
AIRFLOW_CTX_DAG_OWNER=***
AIRFLOW_CTX_DAG_ID=example_complex
AIRFLOW_CTX_TASK_ID=create_entry_group
AIRFLOW_CTX_EXECUTION_DATE=2021-09-27T14:07:06.295229+00:00
AIRFLOW_CTX_DAG_RUN_ID=manual__2021-09-27T14:07:06.295229+00:00
[2021-09-27 14:07:09,533] {subprocess.py:52} INFO - Tmp dir root location: 
 /tmp
[2021-09-27 14:07:09,535] {subprocess.py:63} INFO - Running command: ['bash', '-c', 'echo create_entry_group']
[2021-09-27 14:07:09,545] {subprocess.py:74} INFO - Output:
[2021-09-27 14:07:09,550] {subprocess.py:78} INFO - create_entry_group
[2021-09-27 14:07:09,551] {subprocess.py:82} INFO - Command exited with return code 0
[2021-09-27 14:07:09,584] {taskinstance.py:1219} INFO - Marking task as SUCCESS. dag_id=example_complex, task_id=create_entry_group, execution_date=20210927T140706, start_date=20210927T140709, end_date=20210927T140709
[2021-09-27 14:07:09,611] {local_task_job.py:151} INFO - Task exited with return code 0
[2021-09-27 14:07:09,653] {local_task_job.py:261} INFO - 4 downstream tasks scheduled from follow-on schedule check
