[2021-09-29 14:01:47,510] {taskinstance.py:903} INFO - Dependencies all met for <TaskInstance: my_dag.echo_hello 2021-09-27T14:50:00+00:00 [queued]>
[2021-09-29 14:01:47,720] {taskinstance.py:903} INFO - Dependencies all met for <TaskInstance: my_dag.echo_hello 2021-09-27T14:50:00+00:00 [queued]>
[2021-09-29 14:01:47,722] {taskinstance.py:1095} INFO - 
--------------------------------------------------------------------------------
[2021-09-29 14:01:47,724] {taskinstance.py:1096} INFO - Starting attempt 1 of 1
[2021-09-29 14:01:47,728] {taskinstance.py:1097} INFO - 
--------------------------------------------------------------------------------
[2021-09-29 14:01:47,807] {taskinstance.py:1115} INFO - Executing <Task(BashOperator): echo_hello> on 2021-09-27T14:50:00+00:00
[2021-09-29 14:01:47,873] {standard_task_runner.py:52} INFO - Started process 210 to run task
[2021-09-29 14:01:48,008] {standard_task_runner.py:76} INFO - Running: ['***', 'tasks', 'run', 'my_dag', 'echo_hello', '2021-09-27T14:50:00+00:00', '--job-id', '65', '--pool', 'default_pool', '--raw', '--subdir', 'DAGS_FOLDER/my_dag.py', '--cfg-path', '/tmp/tmpsupxbje7', '--error-file', '/tmp/tmpa59h_8rf']
[2021-09-29 14:01:48,084] {standard_task_runner.py:77} INFO - Job 65: Subtask echo_hello
[2021-09-29 14:01:48,615] {logging_mixin.py:109} INFO - Running <TaskInstance: my_dag.echo_hello 2021-09-27T14:50:00+00:00 [running]> on host 44a42753a06b
[2021-09-29 14:01:49,014] {taskinstance.py:1254} INFO - Exporting the following env vars:
AIRFLOW_CTX_DAG_OWNER=Napak Paweechainapa
AIRFLOW_CTX_DAG_ID=my_dag
AIRFLOW_CTX_TASK_ID=echo_hello
AIRFLOW_CTX_EXECUTION_DATE=2021-09-27T14:50:00+00:00
AIRFLOW_CTX_DAG_RUN_ID=scheduled__2021-09-27T14:50:00+00:00
[2021-09-29 14:01:49,050] {subprocess.py:52} INFO - Tmp dir root location: 
 /tmp
[2021-09-29 14:01:49,061] {subprocess.py:63} INFO - Running command: ['bash', '-c', "echo 'hello'"]
[2021-09-29 14:01:49,156] {subprocess.py:74} INFO - Output:
[2021-09-29 14:01:49,160] {subprocess.py:78} INFO - hello
[2021-09-29 14:01:49,162] {subprocess.py:82} INFO - Command exited with return code 0
[2021-09-29 14:01:49,341] {taskinstance.py:1219} INFO - Marking task as SUCCESS. dag_id=my_dag, task_id=echo_hello, execution_date=20210927T145000, start_date=20210929T140147, end_date=20210929T140149
[2021-09-29 14:01:49,443] {local_task_job.py:151} INFO - Task exited with return code 0
[2021-09-29 14:01:49,578] {local_task_job.py:261} INFO - 0 downstream tasks scheduled from follow-on schedule check
